ARM GAS  /tmp/ccdYjSt8.s 			page 1


   1              		.cpu cortex-m4
   2              		.eabi_attribute 27, 1
   3              		.eabi_attribute 28, 1
   4              		.eabi_attribute 20, 1
   5              		.eabi_attribute 21, 1
   6              		.eabi_attribute 23, 3
   7              		.eabi_attribute 24, 1
   8              		.eabi_attribute 25, 1
   9              		.eabi_attribute 26, 1
  10              		.eabi_attribute 30, 1
  11              		.eabi_attribute 34, 1
  12              		.eabi_attribute 18, 4
  13              		.file	"lv_example_chart_5.c"
  14              		.text
  15              	.Ltext0:
  16              		.cfi_sections	.debug_frame
  17              		.section	.text.slider_y_event_cb,"ax",%progbits
  18              		.align	1
  19              		.arch armv7e-m
  20              		.syntax unified
  21              		.thumb
  22              		.thumb_func
  23              		.fpu fpv4-sp-d16
  25              	slider_y_event_cb:
  26              	.LVL0:
  27              	.LFB185:
  28              		.file 1 "Middlewares/lvgl/examples/widgets/chart/lv_example_chart_5.c"
   1:Middlewares/lvgl/examples/widgets/chart/lv_example_chart_5.c **** #include "../../lv_examples.h"
   2:Middlewares/lvgl/examples/widgets/chart/lv_example_chart_5.c **** #if LV_USE_CHART && LV_USE_SLIDER && LV_BUILD_EXAMPLES
   3:Middlewares/lvgl/examples/widgets/chart/lv_example_chart_5.c **** 
   4:Middlewares/lvgl/examples/widgets/chart/lv_example_chart_5.c **** 
   5:Middlewares/lvgl/examples/widgets/chart/lv_example_chart_5.c **** /* Source: https://github.com/ankur219/ECG-Arrhythmia-classification/blob/642230149583adfae1e4bd26c
   6:Middlewares/lvgl/examples/widgets/chart/lv_example_chart_5.c **** static const lv_coord_t ecg_sample[] = {
   7:Middlewares/lvgl/examples/widgets/chart/lv_example_chart_5.c ****     -2, 2, 0, -15, -39, -63, -71, -68, -67, -69, -84, -95, -104, -107, -108, -107, -107, -107, -107
   8:Middlewares/lvgl/examples/widgets/chart/lv_example_chart_5.c ****     -112, -100, -89, -83, -71, -64, -58, -58, -62, -62, -58, -51, -46, -39, -27, -10, 4, 7, 1, -3, 
   9:Middlewares/lvgl/examples/widgets/chart/lv_example_chart_5.c ****     13, 7, 12, 15, 18, 21, 13, 6, 9, 8, 17, 19, 13, 11, 11, 11, 23, 30, 37, 34, 25, 14, 15, 19, 28,
  10:Middlewares/lvgl/examples/widgets/chart/lv_example_chart_5.c ****     39, 37, 37, 34, 30, 32, 22, 29, 31, 33, 37, 23, 13, 7, 2, 4, -2, 2, 11, 22, 33, 19, -1, -27, -5
  11:Middlewares/lvgl/examples/widgets/chart/lv_example_chart_5.c ****     -49, -18, 35, 113, 230, 369, 525, 651, 722, 730, 667, 563, 454, 357, 305, 288, 274, 255, 212, 1
  12:Middlewares/lvgl/examples/widgets/chart/lv_example_chart_5.c ****     -13, -53, -78, -91, -101, -113, -124, -131, -131, -131, -129, -128, -129, -125, -123, -123, -12
  13:Middlewares/lvgl/examples/widgets/chart/lv_example_chart_5.c ****     -159, -166, -183, -205, -227, -243, -248, -246, -254, -280, -327, -381, -429, -473, -517, -556,
  14:Middlewares/lvgl/examples/widgets/chart/lv_example_chart_5.c ****     -620, -614, -604, -591, -574, -540, -497, -441, -389, -358, -336, -313, -284, -222, -167, -114,
  15:Middlewares/lvgl/examples/widgets/chart/lv_example_chart_5.c ****     38, 52, 58, 56, 56, 57, 68, 77, 86, 86, 80, 69, 67, 70, 82, 85, 89, 90, 89, 89, 88, 91, 96, 97,
  16:Middlewares/lvgl/examples/widgets/chart/lv_example_chart_5.c ****     96, 105, 106, 110, 102, 100, 96, 98, 97, 101, 98, 99, 100, 107, 113, 119, 115, 110, 96, 85, 73,
  17:Middlewares/lvgl/examples/widgets/chart/lv_example_chart_5.c ****     78, 75, 85, 100, 114, 113, 105, 96, 84, 74, 66, 60, 75, 85, 89, 83, 67, 61, 67, 73, 79, 74, 63,
  18:Middlewares/lvgl/examples/widgets/chart/lv_example_chart_5.c ****     48, 45, 46, 55, 62, 55, 49, 43, 50, 59, 63, 57, 40, 31, 23, 25, 27, 31, 35, 34, 30, 36, 34, 42,
  19:Middlewares/lvgl/examples/widgets/chart/lv_example_chart_5.c ****     47, 32, 30, 32, 52, 67, 73, 71, 63, 54, 53, 45, 41, 28, 13, 3, 1, 4, 4, -8, -23, -32, -31, -19,
  20:Middlewares/lvgl/examples/widgets/chart/lv_example_chart_5.c ****     24, 27, 29, 25, 22, 26, 32, 42, 51, 56, 60, 57, 55, 53, 53, 54, 59, 54, 49, 26, -3, -11, -20, -
  21:Middlewares/lvgl/examples/widgets/chart/lv_example_chart_5.c ****     -212, -123, 8, 103, 142, 147, 120, 105, 98, 93, 81, 61, 40, 26, 28, 30, 30, 27, 19, 17, 21, 20,
  22:Middlewares/lvgl/examples/widgets/chart/lv_example_chart_5.c ****     35, 20, 7, 1, 10, 18, 27, 22, 6, -4, -2, 3, 6, -2, -13, -14, -10, -2, 3, 2, -1, -5, -10, -19, -
  23:Middlewares/lvgl/examples/widgets/chart/lv_example_chart_5.c ****     -68, -77, -86, -101, -110, -117, -115, -104, -92, -84, -85, -84, -73, -65, -52, -50, -45, -35, 
  24:Middlewares/lvgl/examples/widgets/chart/lv_example_chart_5.c ****     26, 28, 28, 30, 28, 25, 28, 33, 42, 42, 36, 23, 9, 0, 1, -4, 1, -4, -4, 1, 5, 9, 9, -3, -1, -18
  25:Middlewares/lvgl/examples/widgets/chart/lv_example_chart_5.c ****     -272, -340, -408, -446, -537, -643, -777, -894, -920, -853, -697, -461, -251, -60, 58, 103, 129
  26:Middlewares/lvgl/examples/widgets/chart/lv_example_chart_5.c ****     178, 185, 190, 193, 200, 208, 215, 225, 224, 232, 234, 240, 240, 236, 229, 226, 224, 232, 233, 
  27:Middlewares/lvgl/examples/widgets/chart/lv_example_chart_5.c ****     223, 231, 226, 223, 219, 218, 223, 223, 223, 233, 245, 268, 286, 296, 295, 283, 271, 263, 252, 
  28:Middlewares/lvgl/examples/widgets/chart/lv_example_chart_5.c ****     186, 171, 152, 133, 117, 114, 110, 107, 96, 80, 63, 48, 40, 38, 34, 28, 15, 2, -7, -11, -14, -1
  29:Middlewares/lvgl/examples/widgets/chart/lv_example_chart_5.c ****     -58, -63, -61, -52, -50, -48, -61, -59, -58, -54, -47, -52, -62, -61, -64, -54, -52, -59, -69, 
  30:Middlewares/lvgl/examples/widgets/chart/lv_example_chart_5.c ****     -74, -78, -81, -80, -73, -65, -57, -53, -51, -47, -35, -27, -22, -22, -24, -21, -17, -13, -10, 
ARM GAS  /tmp/ccdYjSt8.s 			page 2


  31:Middlewares/lvgl/examples/widgets/chart/lv_example_chart_5.c ****     -12, -2, 7, -1, -12, -16, -13, -2, 2, -4, -5, -2, 9, 19, 19, 14, 11, 13, 19, 21, 20, 18, 19, 19
  32:Middlewares/lvgl/examples/widgets/chart/lv_example_chart_5.c ****     9, 3, -5, -9, -5, -3, -2, -3, -3, 2, 8, 9, 9, 5, 6, 8, 8, 7, 4, 3, 4, 5, 3, 5, 5, 13, 13, 12, 1
  33:Middlewares/lvgl/examples/widgets/chart/lv_example_chart_5.c ****     14, 7, 10, 15, 16, 11, 12, 10, 13, 9, -2, -4, -2, 7, 16, 16, 17, 16, 7, -1, -16, -18, -16, -9, 
  34:Middlewares/lvgl/examples/widgets/chart/lv_example_chart_5.c ****     -3, -4, -10, -19, -20, -16, -9, -9, -23, -40, -48, -43, -33, -19, -21, -26, -31, -33, -19, 0, 1
  35:Middlewares/lvgl/examples/widgets/chart/lv_example_chart_5.c ****     -63, -67, -59, -52, -51, -50, -49, -42, -26, -21, -15, -20, -23, -22, -19, -12, -8, 5, 18, 27, 
  36:Middlewares/lvgl/examples/widgets/chart/lv_example_chart_5.c ****     23, 17, 14, 17, 21, 25, 2, -45, -121, -196, -226, -200, -118, -9, 73, 126, 131, 114, 87, 60, 42
  37:Middlewares/lvgl/examples/widgets/chart/lv_example_chart_5.c ****     25, 12, 9, 7, 3, 2, -8, -11, 2, 23, 38, 41, 23, 9, 10, 13, 16, 8, -8, -17, -23, -26, -25, -21, 
  38:Middlewares/lvgl/examples/widgets/chart/lv_example_chart_5.c ****     -19, -22, -29, -40, -48, -48, -54, -55, -66, -82, -85, -90, -92, -98, -114, -119, -124, -129, -
  39:Middlewares/lvgl/examples/widgets/chart/lv_example_chart_5.c ****     -124, -99, -85, -72, -65, -65, -65, -66, -63, -64, -64, -58, -46, -26, -9, 2, 2, 4, 0, 1, 4, 3,
  40:Middlewares/lvgl/examples/widgets/chart/lv_example_chart_5.c ****     0, 10, 18, 20, 6, 2, -9, -7, -3, -3, -2, -7, -12, -5, 5, 24, 36, 31, 25, 6, 3, 7, 12, 17, 11, 0
  41:Middlewares/lvgl/examples/widgets/chart/lv_example_chart_5.c ****     -6, -2, -2, -6, -2, 2, 14, 24, 22, 15, 8, 4, 6, 7, 12, 16, 25, 20, 7, -16, -41, -60, -67, -65, 
  42:Middlewares/lvgl/examples/widgets/chart/lv_example_chart_5.c ****     84, 175, 302, 455, 603, 707, 743, 714, 625, 519, 414, 337, 300, 281, 263, 239, 197, 163, 136, 1
  43:Middlewares/lvgl/examples/widgets/chart/lv_example_chart_5.c ****     -66, -74, -79, -92, -107, -117, -127, -129, -135, -139, -141, -155, -159, -167, -171, -169, -17
  44:Middlewares/lvgl/examples/widgets/chart/lv_example_chart_5.c ****     -202, -223, -235, -243, -237, -240, -256, -298, -345, -393, -432, -475, -518, -565, -596, -619,
  45:Middlewares/lvgl/examples/widgets/chart/lv_example_chart_5.c ****     -599, -583, -559, -524, -477, -425, -383, -357, -331, -301, -252, -198, -143, -96, -57, -29, -8
  46:Middlewares/lvgl/examples/widgets/chart/lv_example_chart_5.c ****     70, 74, 76, 79, 82, 79, 75, 62,
  47:Middlewares/lvgl/examples/widgets/chart/lv_example_chart_5.c **** };
  48:Middlewares/lvgl/examples/widgets/chart/lv_example_chart_5.c **** 
  49:Middlewares/lvgl/examples/widgets/chart/lv_example_chart_5.c **** static void slider_x_event_cb(lv_event_t * e)
  50:Middlewares/lvgl/examples/widgets/chart/lv_example_chart_5.c **** {
  51:Middlewares/lvgl/examples/widgets/chart/lv_example_chart_5.c ****     extern lv_obj_t * chart;
  52:Middlewares/lvgl/examples/widgets/chart/lv_example_chart_5.c ****     lv_obj_t * obj = lv_event_get_target(e);
  53:Middlewares/lvgl/examples/widgets/chart/lv_example_chart_5.c ****     int32_t v = lv_slider_get_value(obj);
  54:Middlewares/lvgl/examples/widgets/chart/lv_example_chart_5.c ****     lv_chart_set_zoom_x(chart, v);
  55:Middlewares/lvgl/examples/widgets/chart/lv_example_chart_5.c **** }
  56:Middlewares/lvgl/examples/widgets/chart/lv_example_chart_5.c **** 
  57:Middlewares/lvgl/examples/widgets/chart/lv_example_chart_5.c **** static void slider_y_event_cb(lv_event_t * e)
  58:Middlewares/lvgl/examples/widgets/chart/lv_example_chart_5.c **** {
  29              		.loc 1 58 1 view -0
  30              		.cfi_startproc
  31              		@ args = 0, pretend = 0, frame = 0
  32              		@ frame_needed = 0, uses_anonymous_args = 0
  33              		.loc 1 58 1 is_stmt 0 view .LVU1
  34 0000 08B5     		push	{r3, lr}
  35              	.LCFI0:
  36              		.cfi_def_cfa_offset 8
  37              		.cfi_offset 3, -8
  38              		.cfi_offset 14, -4
  59:Middlewares/lvgl/examples/widgets/chart/lv_example_chart_5.c ****     extern lv_obj_t * chart;
  39              		.loc 1 59 5 is_stmt 1 view .LVU2
  60:Middlewares/lvgl/examples/widgets/chart/lv_example_chart_5.c ****     lv_obj_t * obj = lv_event_get_target(e);
  40              		.loc 1 60 5 view .LVU3
  41              		.loc 1 60 22 is_stmt 0 view .LVU4
  42 0002 FFF7FEFF 		bl	lv_event_get_target
  43              	.LVL1:
  61:Middlewares/lvgl/examples/widgets/chart/lv_example_chart_5.c ****     int32_t v = lv_slider_get_value(obj);
  44              		.loc 1 61 5 is_stmt 1 view .LVU5
  45              	.LBB10:
  46              	.LBI10:
  47              		.file 2 "Middlewares/lvgl/examples/widgets/chart/../../../src/widgets/lv_slider.h"
   1:Middlewares/lvgl/examples/widgets/chart/../../../src/widgets/lv_slider.h **** /**
   2:Middlewares/lvgl/examples/widgets/chart/../../../src/widgets/lv_slider.h ****  * @file lv_slider.h
   3:Middlewares/lvgl/examples/widgets/chart/../../../src/widgets/lv_slider.h ****  *
   4:Middlewares/lvgl/examples/widgets/chart/../../../src/widgets/lv_slider.h ****  */
   5:Middlewares/lvgl/examples/widgets/chart/../../../src/widgets/lv_slider.h **** 
   6:Middlewares/lvgl/examples/widgets/chart/../../../src/widgets/lv_slider.h **** #ifndef LV_SLIDER_H
   7:Middlewares/lvgl/examples/widgets/chart/../../../src/widgets/lv_slider.h **** #define LV_SLIDER_H
ARM GAS  /tmp/ccdYjSt8.s 			page 3


   8:Middlewares/lvgl/examples/widgets/chart/../../../src/widgets/lv_slider.h **** 
   9:Middlewares/lvgl/examples/widgets/chart/../../../src/widgets/lv_slider.h **** #ifdef __cplusplus
  10:Middlewares/lvgl/examples/widgets/chart/../../../src/widgets/lv_slider.h **** extern "C" {
  11:Middlewares/lvgl/examples/widgets/chart/../../../src/widgets/lv_slider.h **** #endif
  12:Middlewares/lvgl/examples/widgets/chart/../../../src/widgets/lv_slider.h **** 
  13:Middlewares/lvgl/examples/widgets/chart/../../../src/widgets/lv_slider.h **** /*********************
  14:Middlewares/lvgl/examples/widgets/chart/../../../src/widgets/lv_slider.h ****  *      INCLUDES
  15:Middlewares/lvgl/examples/widgets/chart/../../../src/widgets/lv_slider.h ****  *********************/
  16:Middlewares/lvgl/examples/widgets/chart/../../../src/widgets/lv_slider.h **** #include "../lv_conf_internal.h"
  17:Middlewares/lvgl/examples/widgets/chart/../../../src/widgets/lv_slider.h **** 
  18:Middlewares/lvgl/examples/widgets/chart/../../../src/widgets/lv_slider.h **** #if LV_USE_SLIDER != 0
  19:Middlewares/lvgl/examples/widgets/chart/../../../src/widgets/lv_slider.h **** 
  20:Middlewares/lvgl/examples/widgets/chart/../../../src/widgets/lv_slider.h **** /*Testing of dependencies*/
  21:Middlewares/lvgl/examples/widgets/chart/../../../src/widgets/lv_slider.h **** #if LV_USE_BAR == 0
  22:Middlewares/lvgl/examples/widgets/chart/../../../src/widgets/lv_slider.h **** #error "lv_slider: lv_bar is required. Enable it in lv_conf.h (LV_USE_BAR 1)"
  23:Middlewares/lvgl/examples/widgets/chart/../../../src/widgets/lv_slider.h **** #endif
  24:Middlewares/lvgl/examples/widgets/chart/../../../src/widgets/lv_slider.h **** 
  25:Middlewares/lvgl/examples/widgets/chart/../../../src/widgets/lv_slider.h **** #include "../core/lv_obj.h"
  26:Middlewares/lvgl/examples/widgets/chart/../../../src/widgets/lv_slider.h **** #include "lv_bar.h"
  27:Middlewares/lvgl/examples/widgets/chart/../../../src/widgets/lv_slider.h **** 
  28:Middlewares/lvgl/examples/widgets/chart/../../../src/widgets/lv_slider.h **** /*********************
  29:Middlewares/lvgl/examples/widgets/chart/../../../src/widgets/lv_slider.h ****  *      DEFINES
  30:Middlewares/lvgl/examples/widgets/chart/../../../src/widgets/lv_slider.h ****  *********************/
  31:Middlewares/lvgl/examples/widgets/chart/../../../src/widgets/lv_slider.h **** 
  32:Middlewares/lvgl/examples/widgets/chart/../../../src/widgets/lv_slider.h **** /**********************
  33:Middlewares/lvgl/examples/widgets/chart/../../../src/widgets/lv_slider.h ****  *      TYPEDEFS
  34:Middlewares/lvgl/examples/widgets/chart/../../../src/widgets/lv_slider.h ****  **********************/
  35:Middlewares/lvgl/examples/widgets/chart/../../../src/widgets/lv_slider.h **** 
  36:Middlewares/lvgl/examples/widgets/chart/../../../src/widgets/lv_slider.h **** enum {
  37:Middlewares/lvgl/examples/widgets/chart/../../../src/widgets/lv_slider.h ****     LV_SLIDER_MODE_NORMAL = LV_BAR_MODE_NORMAL,
  38:Middlewares/lvgl/examples/widgets/chart/../../../src/widgets/lv_slider.h ****     LV_SLIDER_MODE_SYMMETRICAL = LV_BAR_MODE_SYMMETRICAL,
  39:Middlewares/lvgl/examples/widgets/chart/../../../src/widgets/lv_slider.h ****     LV_SLIDER_MODE_RANGE = LV_BAR_MODE_RANGE
  40:Middlewares/lvgl/examples/widgets/chart/../../../src/widgets/lv_slider.h **** };
  41:Middlewares/lvgl/examples/widgets/chart/../../../src/widgets/lv_slider.h **** typedef uint8_t lv_slider_mode_t;
  42:Middlewares/lvgl/examples/widgets/chart/../../../src/widgets/lv_slider.h **** 
  43:Middlewares/lvgl/examples/widgets/chart/../../../src/widgets/lv_slider.h **** typedef struct {
  44:Middlewares/lvgl/examples/widgets/chart/../../../src/widgets/lv_slider.h ****     lv_bar_t bar;       /*Add the ancestor's type first*/
  45:Middlewares/lvgl/examples/widgets/chart/../../../src/widgets/lv_slider.h ****     lv_area_t left_knob_area;
  46:Middlewares/lvgl/examples/widgets/chart/../../../src/widgets/lv_slider.h ****     lv_area_t right_knob_area;
  47:Middlewares/lvgl/examples/widgets/chart/../../../src/widgets/lv_slider.h ****     int32_t * value_to_set; /*Which bar value to set*/
  48:Middlewares/lvgl/examples/widgets/chart/../../../src/widgets/lv_slider.h ****     uint8_t dragging : 1;       /*1: the slider is being dragged*/
  49:Middlewares/lvgl/examples/widgets/chart/../../../src/widgets/lv_slider.h ****     uint8_t left_knob_focus : 1; /*1: with encoder now the right knob can be adjusted*/
  50:Middlewares/lvgl/examples/widgets/chart/../../../src/widgets/lv_slider.h **** }lv_slider_t;
  51:Middlewares/lvgl/examples/widgets/chart/../../../src/widgets/lv_slider.h **** 
  52:Middlewares/lvgl/examples/widgets/chart/../../../src/widgets/lv_slider.h **** extern const lv_obj_class_t lv_slider_class;
  53:Middlewares/lvgl/examples/widgets/chart/../../../src/widgets/lv_slider.h **** 
  54:Middlewares/lvgl/examples/widgets/chart/../../../src/widgets/lv_slider.h **** /**********************
  55:Middlewares/lvgl/examples/widgets/chart/../../../src/widgets/lv_slider.h ****  * GLOBAL PROTOTYPES
  56:Middlewares/lvgl/examples/widgets/chart/../../../src/widgets/lv_slider.h ****  **********************/
  57:Middlewares/lvgl/examples/widgets/chart/../../../src/widgets/lv_slider.h **** 
  58:Middlewares/lvgl/examples/widgets/chart/../../../src/widgets/lv_slider.h **** /**
  59:Middlewares/lvgl/examples/widgets/chart/../../../src/widgets/lv_slider.h ****  * Create a slider objects
  60:Middlewares/lvgl/examples/widgets/chart/../../../src/widgets/lv_slider.h ****  * @param parent    pointer to an object, it will be the parent of the new slider.
  61:Middlewares/lvgl/examples/widgets/chart/../../../src/widgets/lv_slider.h ****  * @return          pointer to the created slider
  62:Middlewares/lvgl/examples/widgets/chart/../../../src/widgets/lv_slider.h ****  */
  63:Middlewares/lvgl/examples/widgets/chart/../../../src/widgets/lv_slider.h **** lv_obj_t * lv_slider_create(lv_obj_t * parent);
  64:Middlewares/lvgl/examples/widgets/chart/../../../src/widgets/lv_slider.h **** 
ARM GAS  /tmp/ccdYjSt8.s 			page 4


  65:Middlewares/lvgl/examples/widgets/chart/../../../src/widgets/lv_slider.h **** /*=====================
  66:Middlewares/lvgl/examples/widgets/chart/../../../src/widgets/lv_slider.h ****  * Setter functions
  67:Middlewares/lvgl/examples/widgets/chart/../../../src/widgets/lv_slider.h ****  *====================*/
  68:Middlewares/lvgl/examples/widgets/chart/../../../src/widgets/lv_slider.h **** 
  69:Middlewares/lvgl/examples/widgets/chart/../../../src/widgets/lv_slider.h **** /**
  70:Middlewares/lvgl/examples/widgets/chart/../../../src/widgets/lv_slider.h ****  * Set a new value on the slider
  71:Middlewares/lvgl/examples/widgets/chart/../../../src/widgets/lv_slider.h ****  * @param obj       pointer to a slider object
  72:Middlewares/lvgl/examples/widgets/chart/../../../src/widgets/lv_slider.h ****  * @param value     the new value
  73:Middlewares/lvgl/examples/widgets/chart/../../../src/widgets/lv_slider.h ****  * @param anim      LV_ANIM_ON: set the value with an animation; LV_ANIM_OFF: change the value imme
  74:Middlewares/lvgl/examples/widgets/chart/../../../src/widgets/lv_slider.h ****  */
  75:Middlewares/lvgl/examples/widgets/chart/../../../src/widgets/lv_slider.h **** static inline void lv_slider_set_value(lv_obj_t * obj, int32_t value, lv_anim_enable_t anim)
  76:Middlewares/lvgl/examples/widgets/chart/../../../src/widgets/lv_slider.h **** {
  77:Middlewares/lvgl/examples/widgets/chart/../../../src/widgets/lv_slider.h ****     lv_bar_set_value(obj, value, anim);
  78:Middlewares/lvgl/examples/widgets/chart/../../../src/widgets/lv_slider.h **** }
  79:Middlewares/lvgl/examples/widgets/chart/../../../src/widgets/lv_slider.h **** 
  80:Middlewares/lvgl/examples/widgets/chart/../../../src/widgets/lv_slider.h **** /**
  81:Middlewares/lvgl/examples/widgets/chart/../../../src/widgets/lv_slider.h ****  * Set a new value for the left knob of a slider
  82:Middlewares/lvgl/examples/widgets/chart/../../../src/widgets/lv_slider.h ****  * @param obj       pointer to a slider object
  83:Middlewares/lvgl/examples/widgets/chart/../../../src/widgets/lv_slider.h ****  * @param value     new value
  84:Middlewares/lvgl/examples/widgets/chart/../../../src/widgets/lv_slider.h ****  * @param anim      LV_ANIM_ON: set the value with an animation; LV_ANIM_OFF: change the value imme
  85:Middlewares/lvgl/examples/widgets/chart/../../../src/widgets/lv_slider.h ****  */
  86:Middlewares/lvgl/examples/widgets/chart/../../../src/widgets/lv_slider.h **** static inline void lv_slider_set_left_value(lv_obj_t * obj, int32_t value, lv_anim_enable_t anim)
  87:Middlewares/lvgl/examples/widgets/chart/../../../src/widgets/lv_slider.h **** {
  88:Middlewares/lvgl/examples/widgets/chart/../../../src/widgets/lv_slider.h ****     lv_bar_set_start_value(obj, value, anim);
  89:Middlewares/lvgl/examples/widgets/chart/../../../src/widgets/lv_slider.h **** }
  90:Middlewares/lvgl/examples/widgets/chart/../../../src/widgets/lv_slider.h **** 
  91:Middlewares/lvgl/examples/widgets/chart/../../../src/widgets/lv_slider.h **** /**
  92:Middlewares/lvgl/examples/widgets/chart/../../../src/widgets/lv_slider.h ****  * Set minimum and the maximum values of a bar
  93:Middlewares/lvgl/examples/widgets/chart/../../../src/widgets/lv_slider.h ****  * @param obj       pointer to the slider object
  94:Middlewares/lvgl/examples/widgets/chart/../../../src/widgets/lv_slider.h ****  * @param min       minimum value
  95:Middlewares/lvgl/examples/widgets/chart/../../../src/widgets/lv_slider.h ****  * @param max       maximum value
  96:Middlewares/lvgl/examples/widgets/chart/../../../src/widgets/lv_slider.h ****  */
  97:Middlewares/lvgl/examples/widgets/chart/../../../src/widgets/lv_slider.h **** static inline void lv_slider_set_range(lv_obj_t * obj, int32_t min, int32_t max)
  98:Middlewares/lvgl/examples/widgets/chart/../../../src/widgets/lv_slider.h **** {
  99:Middlewares/lvgl/examples/widgets/chart/../../../src/widgets/lv_slider.h ****     lv_bar_set_range(obj, min, max);
 100:Middlewares/lvgl/examples/widgets/chart/../../../src/widgets/lv_slider.h **** }
 101:Middlewares/lvgl/examples/widgets/chart/../../../src/widgets/lv_slider.h **** 
 102:Middlewares/lvgl/examples/widgets/chart/../../../src/widgets/lv_slider.h **** /**
 103:Middlewares/lvgl/examples/widgets/chart/../../../src/widgets/lv_slider.h ****  * Set the mode of slider.
 104:Middlewares/lvgl/examples/widgets/chart/../../../src/widgets/lv_slider.h ****  * @param obj       pointer to a slider object
 105:Middlewares/lvgl/examples/widgets/chart/../../../src/widgets/lv_slider.h ****  * @param mode      the mode of the slider. See ::lv_slider_mode_t
 106:Middlewares/lvgl/examples/widgets/chart/../../../src/widgets/lv_slider.h ****  */
 107:Middlewares/lvgl/examples/widgets/chart/../../../src/widgets/lv_slider.h **** static inline void lv_slider_set_mode(lv_obj_t * obj, lv_slider_mode_t mode)
 108:Middlewares/lvgl/examples/widgets/chart/../../../src/widgets/lv_slider.h **** {
 109:Middlewares/lvgl/examples/widgets/chart/../../../src/widgets/lv_slider.h ****     lv_bar_set_mode(obj, (lv_bar_mode_t)mode);
 110:Middlewares/lvgl/examples/widgets/chart/../../../src/widgets/lv_slider.h **** }
 111:Middlewares/lvgl/examples/widgets/chart/../../../src/widgets/lv_slider.h **** 
 112:Middlewares/lvgl/examples/widgets/chart/../../../src/widgets/lv_slider.h **** /*=====================
 113:Middlewares/lvgl/examples/widgets/chart/../../../src/widgets/lv_slider.h ****  * Getter functions
 114:Middlewares/lvgl/examples/widgets/chart/../../../src/widgets/lv_slider.h ****  *====================*/
 115:Middlewares/lvgl/examples/widgets/chart/../../../src/widgets/lv_slider.h **** 
 116:Middlewares/lvgl/examples/widgets/chart/../../../src/widgets/lv_slider.h **** /**
 117:Middlewares/lvgl/examples/widgets/chart/../../../src/widgets/lv_slider.h ****  * Get the value of the main knob of a slider
 118:Middlewares/lvgl/examples/widgets/chart/../../../src/widgets/lv_slider.h ****  * @param obj       pointer to a slider object
 119:Middlewares/lvgl/examples/widgets/chart/../../../src/widgets/lv_slider.h ****  * @return          the value of the main knob of the slider
 120:Middlewares/lvgl/examples/widgets/chart/../../../src/widgets/lv_slider.h ****  */
 121:Middlewares/lvgl/examples/widgets/chart/../../../src/widgets/lv_slider.h **** static inline int32_t lv_slider_get_value(const lv_obj_t * obj)
ARM GAS  /tmp/ccdYjSt8.s 			page 5


  48              		.loc 2 121 23 view .LVU6
  49              	.LBB11:
 122:Middlewares/lvgl/examples/widgets/chart/../../../src/widgets/lv_slider.h **** {
 123:Middlewares/lvgl/examples/widgets/chart/../../../src/widgets/lv_slider.h ****     return lv_bar_get_value(obj);
  50              		.loc 2 123 5 view .LVU7
  51              		.loc 2 123 12 is_stmt 0 view .LVU8
  52 0006 FFF7FEFF 		bl	lv_bar_get_value
  53              	.LVL2:
  54              		.loc 2 123 12 view .LVU9
  55              	.LBE11:
  56              	.LBE10:
  62:Middlewares/lvgl/examples/widgets/chart/lv_example_chart_5.c ****     lv_chart_set_zoom_y(chart, v);
  57              		.loc 1 62 5 is_stmt 1 view .LVU10
  58 000a 81B2     		uxth	r1, r0
  59 000c 024B     		ldr	r3, .L3
  60 000e 1868     		ldr	r0, [r3]
  61              	.LVL3:
  62              		.loc 1 62 5 is_stmt 0 view .LVU11
  63 0010 FFF7FEFF 		bl	lv_chart_set_zoom_y
  64              	.LVL4:
  63:Middlewares/lvgl/examples/widgets/chart/lv_example_chart_5.c **** }
  65              		.loc 1 63 1 view .LVU12
  66 0014 08BD     		pop	{r3, pc}
  67              	.L4:
  68 0016 00BF     		.align	2
  69              	.L3:
  70 0018 00000000 		.word	.LANCHOR0
  71              		.cfi_endproc
  72              	.LFE185:
  74              		.section	.text.slider_x_event_cb,"ax",%progbits
  75              		.align	1
  76              		.syntax unified
  77              		.thumb
  78              		.thumb_func
  79              		.fpu fpv4-sp-d16
  81              	slider_x_event_cb:
  82              	.LVL5:
  83              	.LFB184:
  50:Middlewares/lvgl/examples/widgets/chart/lv_example_chart_5.c ****     extern lv_obj_t * chart;
  84              		.loc 1 50 1 is_stmt 1 view -0
  85              		.cfi_startproc
  86              		@ args = 0, pretend = 0, frame = 0
  87              		@ frame_needed = 0, uses_anonymous_args = 0
  50:Middlewares/lvgl/examples/widgets/chart/lv_example_chart_5.c ****     extern lv_obj_t * chart;
  88              		.loc 1 50 1 is_stmt 0 view .LVU14
  89 0000 08B5     		push	{r3, lr}
  90              	.LCFI1:
  91              		.cfi_def_cfa_offset 8
  92              		.cfi_offset 3, -8
  93              		.cfi_offset 14, -4
  51:Middlewares/lvgl/examples/widgets/chart/lv_example_chart_5.c ****     lv_obj_t * obj = lv_event_get_target(e);
  94              		.loc 1 51 5 is_stmt 1 view .LVU15
  52:Middlewares/lvgl/examples/widgets/chart/lv_example_chart_5.c ****     int32_t v = lv_slider_get_value(obj);
  95              		.loc 1 52 5 view .LVU16
  52:Middlewares/lvgl/examples/widgets/chart/lv_example_chart_5.c ****     int32_t v = lv_slider_get_value(obj);
  96              		.loc 1 52 22 is_stmt 0 view .LVU17
  97 0002 FFF7FEFF 		bl	lv_event_get_target
ARM GAS  /tmp/ccdYjSt8.s 			page 6


  98              	.LVL6:
  53:Middlewares/lvgl/examples/widgets/chart/lv_example_chart_5.c ****     lv_chart_set_zoom_x(chart, v);
  99              		.loc 1 53 5 is_stmt 1 view .LVU18
 100              	.LBB12:
 101              	.LBI12:
 121:Middlewares/lvgl/examples/widgets/chart/../../../src/widgets/lv_slider.h **** {
 102              		.loc 2 121 23 view .LVU19
 103              	.LBB13:
 104              		.loc 2 123 5 view .LVU20
 105              		.loc 2 123 12 is_stmt 0 view .LVU21
 106 0006 FFF7FEFF 		bl	lv_bar_get_value
 107              	.LVL7:
 108              		.loc 2 123 12 view .LVU22
 109              	.LBE13:
 110              	.LBE12:
  54:Middlewares/lvgl/examples/widgets/chart/lv_example_chart_5.c **** }
 111              		.loc 1 54 5 is_stmt 1 view .LVU23
 112 000a 81B2     		uxth	r1, r0
 113 000c 024B     		ldr	r3, .L7
 114 000e 1868     		ldr	r0, [r3]
 115              	.LVL8:
  54:Middlewares/lvgl/examples/widgets/chart/lv_example_chart_5.c **** }
 116              		.loc 1 54 5 is_stmt 0 view .LVU24
 117 0010 FFF7FEFF 		bl	lv_chart_set_zoom_x
 118              	.LVL9:
  55:Middlewares/lvgl/examples/widgets/chart/lv_example_chart_5.c **** 
 119              		.loc 1 55 1 view .LVU25
 120 0014 08BD     		pop	{r3, pc}
 121              	.L8:
 122 0016 00BF     		.align	2
 123              	.L7:
 124 0018 00000000 		.word	.LANCHOR0
 125              		.cfi_endproc
 126              	.LFE184:
 128              		.section	.text.lv_example_chart_5,"ax",%progbits
 129              		.align	1
 130              		.global	lv_example_chart_5
 131              		.syntax unified
 132              		.thumb
 133              		.thumb_func
 134              		.fpu fpv4-sp-d16
 136              	lv_example_chart_5:
 137              	.LFB186:
  64:Middlewares/lvgl/examples/widgets/chart/lv_example_chart_5.c **** 
  65:Middlewares/lvgl/examples/widgets/chart/lv_example_chart_5.c **** /**
  66:Middlewares/lvgl/examples/widgets/chart/lv_example_chart_5.c ****  * Display 1000 data points with zooming and scrolling.
  67:Middlewares/lvgl/examples/widgets/chart/lv_example_chart_5.c ****  * See how the chart changes drawing mode (draw only vertical lines) when
  68:Middlewares/lvgl/examples/widgets/chart/lv_example_chart_5.c ****  * the points get too crowded.
  69:Middlewares/lvgl/examples/widgets/chart/lv_example_chart_5.c ****  */
  70:Middlewares/lvgl/examples/widgets/chart/lv_example_chart_5.c **** lv_obj_t * chart;
  71:Middlewares/lvgl/examples/widgets/chart/lv_example_chart_5.c **** lv_chart_series_t * ser ;
  72:Middlewares/lvgl/examples/widgets/chart/lv_example_chart_5.c **** void lv_example_chart_5(void)
  73:Middlewares/lvgl/examples/widgets/chart/lv_example_chart_5.c **** {
 138              		.loc 1 73 1 is_stmt 1 view -0
 139              		.cfi_startproc
 140              		@ args = 0, pretend = 0, frame = 0
 141              		@ frame_needed = 0, uses_anonymous_args = 0
ARM GAS  /tmp/ccdYjSt8.s 			page 7


 142 0000 70B5     		push	{r4, r5, r6, lr}
 143              	.LCFI2:
 144              		.cfi_def_cfa_offset 16
 145              		.cfi_offset 4, -16
 146              		.cfi_offset 5, -12
 147              		.cfi_offset 6, -8
 148              		.cfi_offset 14, -4
 149 0002 82B0     		sub	sp, sp, #8
 150              	.LCFI3:
 151              		.cfi_def_cfa_offset 24
  74:Middlewares/lvgl/examples/widgets/chart/lv_example_chart_5.c ****     /*Create a chart*/
  75:Middlewares/lvgl/examples/widgets/chart/lv_example_chart_5.c ****     chart = lv_chart_create(lv_scr_act());
 152              		.loc 1 75 5 view .LVU27
 153              	.LBB26:
 154              	.LBI26:
 155              		.file 3 "Middlewares/lvgl/examples/widgets/chart/../../../src/core/lv_disp.h"
   1:Middlewares/lvgl/examples/widgets/chart/../../../src/core/lv_disp.h **** /**
   2:Middlewares/lvgl/examples/widgets/chart/../../../src/core/lv_disp.h ****  * @file lv_disp.h
   3:Middlewares/lvgl/examples/widgets/chart/../../../src/core/lv_disp.h ****  *
   4:Middlewares/lvgl/examples/widgets/chart/../../../src/core/lv_disp.h ****  */
   5:Middlewares/lvgl/examples/widgets/chart/../../../src/core/lv_disp.h **** 
   6:Middlewares/lvgl/examples/widgets/chart/../../../src/core/lv_disp.h **** #ifndef LV_DISP_H
   7:Middlewares/lvgl/examples/widgets/chart/../../../src/core/lv_disp.h **** #define LV_DISP_H
   8:Middlewares/lvgl/examples/widgets/chart/../../../src/core/lv_disp.h **** 
   9:Middlewares/lvgl/examples/widgets/chart/../../../src/core/lv_disp.h **** #ifdef __cplusplus
  10:Middlewares/lvgl/examples/widgets/chart/../../../src/core/lv_disp.h **** extern "C" {
  11:Middlewares/lvgl/examples/widgets/chart/../../../src/core/lv_disp.h **** #endif
  12:Middlewares/lvgl/examples/widgets/chart/../../../src/core/lv_disp.h **** 
  13:Middlewares/lvgl/examples/widgets/chart/../../../src/core/lv_disp.h **** /*********************
  14:Middlewares/lvgl/examples/widgets/chart/../../../src/core/lv_disp.h ****  *      INCLUDES
  15:Middlewares/lvgl/examples/widgets/chart/../../../src/core/lv_disp.h ****  *********************/
  16:Middlewares/lvgl/examples/widgets/chart/../../../src/core/lv_disp.h **** #include "../hal/lv_hal.h"
  17:Middlewares/lvgl/examples/widgets/chart/../../../src/core/lv_disp.h **** #include "lv_obj.h"
  18:Middlewares/lvgl/examples/widgets/chart/../../../src/core/lv_disp.h **** #include "lv_theme.h"
  19:Middlewares/lvgl/examples/widgets/chart/../../../src/core/lv_disp.h **** 
  20:Middlewares/lvgl/examples/widgets/chart/../../../src/core/lv_disp.h **** /*********************
  21:Middlewares/lvgl/examples/widgets/chart/../../../src/core/lv_disp.h ****  *      DEFINES
  22:Middlewares/lvgl/examples/widgets/chart/../../../src/core/lv_disp.h ****  *********************/
  23:Middlewares/lvgl/examples/widgets/chart/../../../src/core/lv_disp.h **** 
  24:Middlewares/lvgl/examples/widgets/chart/../../../src/core/lv_disp.h **** /**********************
  25:Middlewares/lvgl/examples/widgets/chart/../../../src/core/lv_disp.h ****  *      TYPEDEFS
  26:Middlewares/lvgl/examples/widgets/chart/../../../src/core/lv_disp.h ****  **********************/
  27:Middlewares/lvgl/examples/widgets/chart/../../../src/core/lv_disp.h **** 
  28:Middlewares/lvgl/examples/widgets/chart/../../../src/core/lv_disp.h **** typedef enum {
  29:Middlewares/lvgl/examples/widgets/chart/../../../src/core/lv_disp.h ****     LV_SCR_LOAD_ANIM_NONE,
  30:Middlewares/lvgl/examples/widgets/chart/../../../src/core/lv_disp.h ****     LV_SCR_LOAD_ANIM_OVER_LEFT,
  31:Middlewares/lvgl/examples/widgets/chart/../../../src/core/lv_disp.h ****     LV_SCR_LOAD_ANIM_OVER_RIGHT,
  32:Middlewares/lvgl/examples/widgets/chart/../../../src/core/lv_disp.h ****     LV_SCR_LOAD_ANIM_OVER_TOP,
  33:Middlewares/lvgl/examples/widgets/chart/../../../src/core/lv_disp.h ****     LV_SCR_LOAD_ANIM_OVER_BOTTOM,
  34:Middlewares/lvgl/examples/widgets/chart/../../../src/core/lv_disp.h ****     LV_SCR_LOAD_ANIM_MOVE_LEFT,
  35:Middlewares/lvgl/examples/widgets/chart/../../../src/core/lv_disp.h ****     LV_SCR_LOAD_ANIM_MOVE_RIGHT,
  36:Middlewares/lvgl/examples/widgets/chart/../../../src/core/lv_disp.h ****     LV_SCR_LOAD_ANIM_MOVE_TOP,
  37:Middlewares/lvgl/examples/widgets/chart/../../../src/core/lv_disp.h ****     LV_SCR_LOAD_ANIM_MOVE_BOTTOM,
  38:Middlewares/lvgl/examples/widgets/chart/../../../src/core/lv_disp.h ****     LV_SCR_LOAD_ANIM_FADE_ON,
  39:Middlewares/lvgl/examples/widgets/chart/../../../src/core/lv_disp.h **** } lv_scr_load_anim_t;
  40:Middlewares/lvgl/examples/widgets/chart/../../../src/core/lv_disp.h **** 
  41:Middlewares/lvgl/examples/widgets/chart/../../../src/core/lv_disp.h **** /**********************
ARM GAS  /tmp/ccdYjSt8.s 			page 8


  42:Middlewares/lvgl/examples/widgets/chart/../../../src/core/lv_disp.h ****  * GLOBAL PROTOTYPES
  43:Middlewares/lvgl/examples/widgets/chart/../../../src/core/lv_disp.h ****  **********************/
  44:Middlewares/lvgl/examples/widgets/chart/../../../src/core/lv_disp.h **** 
  45:Middlewares/lvgl/examples/widgets/chart/../../../src/core/lv_disp.h **** /**
  46:Middlewares/lvgl/examples/widgets/chart/../../../src/core/lv_disp.h ****  * Return with a pointer to the active screen
  47:Middlewares/lvgl/examples/widgets/chart/../../../src/core/lv_disp.h ****  * @param disp pointer to display which active screen should be get. (NULL to use the default
  48:Middlewares/lvgl/examples/widgets/chart/../../../src/core/lv_disp.h ****  * screen)
  49:Middlewares/lvgl/examples/widgets/chart/../../../src/core/lv_disp.h ****  * @return pointer to the active screen object (loaded by 'lv_scr_load()')
  50:Middlewares/lvgl/examples/widgets/chart/../../../src/core/lv_disp.h ****  */
  51:Middlewares/lvgl/examples/widgets/chart/../../../src/core/lv_disp.h **** lv_obj_t * lv_disp_get_scr_act(lv_disp_t * disp);
  52:Middlewares/lvgl/examples/widgets/chart/../../../src/core/lv_disp.h **** 
  53:Middlewares/lvgl/examples/widgets/chart/../../../src/core/lv_disp.h **** /**
  54:Middlewares/lvgl/examples/widgets/chart/../../../src/core/lv_disp.h ****  * Return with a pointer to the previous screen. Only used during screen transitions.
  55:Middlewares/lvgl/examples/widgets/chart/../../../src/core/lv_disp.h ****  * @param disp pointer to display which previous screen should be get. (NULL to use the default
  56:Middlewares/lvgl/examples/widgets/chart/../../../src/core/lv_disp.h ****  * screen)
  57:Middlewares/lvgl/examples/widgets/chart/../../../src/core/lv_disp.h ****  * @return pointer to the previous screen object or NULL if not used now
  58:Middlewares/lvgl/examples/widgets/chart/../../../src/core/lv_disp.h ****  */
  59:Middlewares/lvgl/examples/widgets/chart/../../../src/core/lv_disp.h **** lv_obj_t * lv_disp_get_scr_prev(lv_disp_t * disp);
  60:Middlewares/lvgl/examples/widgets/chart/../../../src/core/lv_disp.h **** 
  61:Middlewares/lvgl/examples/widgets/chart/../../../src/core/lv_disp.h **** /**
  62:Middlewares/lvgl/examples/widgets/chart/../../../src/core/lv_disp.h ****  * Make a screen active
  63:Middlewares/lvgl/examples/widgets/chart/../../../src/core/lv_disp.h ****  * @param scr pointer to a screen
  64:Middlewares/lvgl/examples/widgets/chart/../../../src/core/lv_disp.h ****  */
  65:Middlewares/lvgl/examples/widgets/chart/../../../src/core/lv_disp.h **** void lv_disp_load_scr(lv_obj_t * scr);
  66:Middlewares/lvgl/examples/widgets/chart/../../../src/core/lv_disp.h **** 
  67:Middlewares/lvgl/examples/widgets/chart/../../../src/core/lv_disp.h **** /**
  68:Middlewares/lvgl/examples/widgets/chart/../../../src/core/lv_disp.h ****  * Return with the top layer. (Same on every screen and it is above the normal screen layer)
  69:Middlewares/lvgl/examples/widgets/chart/../../../src/core/lv_disp.h ****  * @param disp pointer to display which top layer should be get. (NULL to use the default screen)
  70:Middlewares/lvgl/examples/widgets/chart/../../../src/core/lv_disp.h ****  * @return pointer to the top layer object  (transparent screen sized lv_obj)
  71:Middlewares/lvgl/examples/widgets/chart/../../../src/core/lv_disp.h ****  */
  72:Middlewares/lvgl/examples/widgets/chart/../../../src/core/lv_disp.h **** lv_obj_t * lv_disp_get_layer_top(lv_disp_t * disp);
  73:Middlewares/lvgl/examples/widgets/chart/../../../src/core/lv_disp.h **** 
  74:Middlewares/lvgl/examples/widgets/chart/../../../src/core/lv_disp.h **** /**
  75:Middlewares/lvgl/examples/widgets/chart/../../../src/core/lv_disp.h ****  * Return with the sys. layer. (Same on every screen and it is above the normal screen and the top
  76:Middlewares/lvgl/examples/widgets/chart/../../../src/core/lv_disp.h ****  * layer)
  77:Middlewares/lvgl/examples/widgets/chart/../../../src/core/lv_disp.h ****  * @param disp pointer to display which sys. layer  should be get. (NULL to use the default screen)
  78:Middlewares/lvgl/examples/widgets/chart/../../../src/core/lv_disp.h ****  * @return pointer to the sys layer object  (transparent screen sized lv_obj)
  79:Middlewares/lvgl/examples/widgets/chart/../../../src/core/lv_disp.h ****  */
  80:Middlewares/lvgl/examples/widgets/chart/../../../src/core/lv_disp.h **** lv_obj_t * lv_disp_get_layer_sys(lv_disp_t * disp);
  81:Middlewares/lvgl/examples/widgets/chart/../../../src/core/lv_disp.h **** 
  82:Middlewares/lvgl/examples/widgets/chart/../../../src/core/lv_disp.h **** /**
  83:Middlewares/lvgl/examples/widgets/chart/../../../src/core/lv_disp.h ****  * Get the theme of a display
  84:Middlewares/lvgl/examples/widgets/chart/../../../src/core/lv_disp.h ****  * @param disp pointer to a display
  85:Middlewares/lvgl/examples/widgets/chart/../../../src/core/lv_disp.h ****  * @return the display's theme (can be NULL)
  86:Middlewares/lvgl/examples/widgets/chart/../../../src/core/lv_disp.h ****  */
  87:Middlewares/lvgl/examples/widgets/chart/../../../src/core/lv_disp.h **** void lv_disp_set_theme(lv_disp_t * disp, lv_theme_t * th);
  88:Middlewares/lvgl/examples/widgets/chart/../../../src/core/lv_disp.h **** 
  89:Middlewares/lvgl/examples/widgets/chart/../../../src/core/lv_disp.h **** /**
  90:Middlewares/lvgl/examples/widgets/chart/../../../src/core/lv_disp.h ****  * Get the theme of a display
  91:Middlewares/lvgl/examples/widgets/chart/../../../src/core/lv_disp.h ****  * @param disp pointer to a display
  92:Middlewares/lvgl/examples/widgets/chart/../../../src/core/lv_disp.h ****  * @return the display's theme (can be NULL)
  93:Middlewares/lvgl/examples/widgets/chart/../../../src/core/lv_disp.h ****  */
  94:Middlewares/lvgl/examples/widgets/chart/../../../src/core/lv_disp.h **** lv_theme_t * lv_disp_get_theme(lv_disp_t * disp);
  95:Middlewares/lvgl/examples/widgets/chart/../../../src/core/lv_disp.h **** 
  96:Middlewares/lvgl/examples/widgets/chart/../../../src/core/lv_disp.h **** /**
  97:Middlewares/lvgl/examples/widgets/chart/../../../src/core/lv_disp.h ****  * Set the background color of a display
  98:Middlewares/lvgl/examples/widgets/chart/../../../src/core/lv_disp.h ****  * @param disp pointer to a display
ARM GAS  /tmp/ccdYjSt8.s 			page 9


  99:Middlewares/lvgl/examples/widgets/chart/../../../src/core/lv_disp.h ****  * @param color color of the background
 100:Middlewares/lvgl/examples/widgets/chart/../../../src/core/lv_disp.h ****  */
 101:Middlewares/lvgl/examples/widgets/chart/../../../src/core/lv_disp.h **** void lv_disp_set_bg_color(lv_disp_t * disp, lv_color_t color);
 102:Middlewares/lvgl/examples/widgets/chart/../../../src/core/lv_disp.h **** 
 103:Middlewares/lvgl/examples/widgets/chart/../../../src/core/lv_disp.h **** /**
 104:Middlewares/lvgl/examples/widgets/chart/../../../src/core/lv_disp.h ****  * Set the background image of a display
 105:Middlewares/lvgl/examples/widgets/chart/../../../src/core/lv_disp.h ****  * @param disp pointer to a display
 106:Middlewares/lvgl/examples/widgets/chart/../../../src/core/lv_disp.h ****  * @param img_src path to file or pointer to an `lv_img_dsc_t` variable
 107:Middlewares/lvgl/examples/widgets/chart/../../../src/core/lv_disp.h ****  */
 108:Middlewares/lvgl/examples/widgets/chart/../../../src/core/lv_disp.h **** void lv_disp_set_bg_image(lv_disp_t * disp, const void  * img_src);
 109:Middlewares/lvgl/examples/widgets/chart/../../../src/core/lv_disp.h **** 
 110:Middlewares/lvgl/examples/widgets/chart/../../../src/core/lv_disp.h **** /**
 111:Middlewares/lvgl/examples/widgets/chart/../../../src/core/lv_disp.h ****  * Opacity of the background
 112:Middlewares/lvgl/examples/widgets/chart/../../../src/core/lv_disp.h ****  * @param disp pointer to a display
 113:Middlewares/lvgl/examples/widgets/chart/../../../src/core/lv_disp.h ****  * @param opa opacity (0..255)
 114:Middlewares/lvgl/examples/widgets/chart/../../../src/core/lv_disp.h ****  */
 115:Middlewares/lvgl/examples/widgets/chart/../../../src/core/lv_disp.h **** void lv_disp_set_bg_opa(lv_disp_t * disp, lv_opa_t opa);
 116:Middlewares/lvgl/examples/widgets/chart/../../../src/core/lv_disp.h **** 
 117:Middlewares/lvgl/examples/widgets/chart/../../../src/core/lv_disp.h **** /**
 118:Middlewares/lvgl/examples/widgets/chart/../../../src/core/lv_disp.h ****  * Switch screen with animation
 119:Middlewares/lvgl/examples/widgets/chart/../../../src/core/lv_disp.h ****  * @param scr pointer to the new screen to load
 120:Middlewares/lvgl/examples/widgets/chart/../../../src/core/lv_disp.h ****  * @param anim_type type of the animation from `lv_scr_load_anim_t`. E.g.  `LV_SCR_LOAD_ANIM_MOVE_L
 121:Middlewares/lvgl/examples/widgets/chart/../../../src/core/lv_disp.h ****  * @param time time of the animation
 122:Middlewares/lvgl/examples/widgets/chart/../../../src/core/lv_disp.h ****  * @param delay delay before the transition
 123:Middlewares/lvgl/examples/widgets/chart/../../../src/core/lv_disp.h ****  * @param auto_del true: automatically delete the old screen
 124:Middlewares/lvgl/examples/widgets/chart/../../../src/core/lv_disp.h ****  */
 125:Middlewares/lvgl/examples/widgets/chart/../../../src/core/lv_disp.h **** void lv_scr_load_anim(lv_obj_t * scr, lv_scr_load_anim_t anim_type, uint32_t time, uint32_t delay, 
 126:Middlewares/lvgl/examples/widgets/chart/../../../src/core/lv_disp.h **** 
 127:Middlewares/lvgl/examples/widgets/chart/../../../src/core/lv_disp.h **** /**
 128:Middlewares/lvgl/examples/widgets/chart/../../../src/core/lv_disp.h ****  * Get elapsed time since last user activity on a display (e.g. click)
 129:Middlewares/lvgl/examples/widgets/chart/../../../src/core/lv_disp.h ****  * @param disp pointer to an display (NULL to get the overall smallest inactivity)
 130:Middlewares/lvgl/examples/widgets/chart/../../../src/core/lv_disp.h ****  * @return elapsed ticks (milliseconds) since the last activity
 131:Middlewares/lvgl/examples/widgets/chart/../../../src/core/lv_disp.h ****  */
 132:Middlewares/lvgl/examples/widgets/chart/../../../src/core/lv_disp.h **** uint32_t lv_disp_get_inactive_time(const lv_disp_t * disp);
 133:Middlewares/lvgl/examples/widgets/chart/../../../src/core/lv_disp.h **** 
 134:Middlewares/lvgl/examples/widgets/chart/../../../src/core/lv_disp.h **** /**
 135:Middlewares/lvgl/examples/widgets/chart/../../../src/core/lv_disp.h ****  * Manually trigger an activity on a display
 136:Middlewares/lvgl/examples/widgets/chart/../../../src/core/lv_disp.h ****  * @param disp pointer to an display (NULL to use the default display)
 137:Middlewares/lvgl/examples/widgets/chart/../../../src/core/lv_disp.h ****  */
 138:Middlewares/lvgl/examples/widgets/chart/../../../src/core/lv_disp.h **** void lv_disp_trig_activity(lv_disp_t * disp);
 139:Middlewares/lvgl/examples/widgets/chart/../../../src/core/lv_disp.h **** 
 140:Middlewares/lvgl/examples/widgets/chart/../../../src/core/lv_disp.h **** /**
 141:Middlewares/lvgl/examples/widgets/chart/../../../src/core/lv_disp.h ****  * Clean any CPU cache that is related to the display.
 142:Middlewares/lvgl/examples/widgets/chart/../../../src/core/lv_disp.h ****  * @param disp pointer to an display (NULL to use the default display)
 143:Middlewares/lvgl/examples/widgets/chart/../../../src/core/lv_disp.h ****  */
 144:Middlewares/lvgl/examples/widgets/chart/../../../src/core/lv_disp.h **** void lv_disp_clean_dcache(lv_disp_t * disp);
 145:Middlewares/lvgl/examples/widgets/chart/../../../src/core/lv_disp.h **** 
 146:Middlewares/lvgl/examples/widgets/chart/../../../src/core/lv_disp.h **** /**
 147:Middlewares/lvgl/examples/widgets/chart/../../../src/core/lv_disp.h ****  * Get a pointer to the screen refresher timer to
 148:Middlewares/lvgl/examples/widgets/chart/../../../src/core/lv_disp.h ****  * modify its parameters with `lv_timer_...` functions.
 149:Middlewares/lvgl/examples/widgets/chart/../../../src/core/lv_disp.h ****  * @param disp pointer to a display
 150:Middlewares/lvgl/examples/widgets/chart/../../../src/core/lv_disp.h ****  * @return pointer to the display refresher timer. (NULL on error)
 151:Middlewares/lvgl/examples/widgets/chart/../../../src/core/lv_disp.h ****  */
 152:Middlewares/lvgl/examples/widgets/chart/../../../src/core/lv_disp.h **** lv_timer_t * _lv_disp_get_refr_timer(lv_disp_t * disp);
 153:Middlewares/lvgl/examples/widgets/chart/../../../src/core/lv_disp.h **** 
 154:Middlewares/lvgl/examples/widgets/chart/../../../src/core/lv_disp.h **** /*------------------------------------------------
 155:Middlewares/lvgl/examples/widgets/chart/../../../src/core/lv_disp.h ****  * To improve backward compatibility
ARM GAS  /tmp/ccdYjSt8.s 			page 10


 156:Middlewares/lvgl/examples/widgets/chart/../../../src/core/lv_disp.h ****  * Recommended only if you have one display
 157:Middlewares/lvgl/examples/widgets/chart/../../../src/core/lv_disp.h ****  *------------------------------------------------*/
 158:Middlewares/lvgl/examples/widgets/chart/../../../src/core/lv_disp.h **** 
 159:Middlewares/lvgl/examples/widgets/chart/../../../src/core/lv_disp.h **** /**
 160:Middlewares/lvgl/examples/widgets/chart/../../../src/core/lv_disp.h ****  * Get the active screen of the default display
 161:Middlewares/lvgl/examples/widgets/chart/../../../src/core/lv_disp.h ****  * @return pointer to the active screen
 162:Middlewares/lvgl/examples/widgets/chart/../../../src/core/lv_disp.h ****  */
 163:Middlewares/lvgl/examples/widgets/chart/../../../src/core/lv_disp.h **** static inline lv_obj_t * lv_scr_act(void)
 156              		.loc 3 163 26 view .LVU28
 157              	.LBB27:
 164:Middlewares/lvgl/examples/widgets/chart/../../../src/core/lv_disp.h **** {
 165:Middlewares/lvgl/examples/widgets/chart/../../../src/core/lv_disp.h ****     return lv_disp_get_scr_act(lv_disp_get_default());
 158              		.loc 3 165 5 view .LVU29
 159              		.loc 3 165 12 is_stmt 0 view .LVU30
 160 0004 FFF7FEFF 		bl	lv_disp_get_default
 161              	.LVL10:
 162 0008 FFF7FEFF 		bl	lv_disp_get_scr_act
 163              	.LVL11:
 164              	.LBE27:
 165              	.LBE26:
 166              		.loc 1 75 13 view .LVU31
 167 000c FFF7FEFF 		bl	lv_chart_create
 168              	.LVL12:
 169              		.loc 1 75 11 view .LVU32
 170 0010 384C     		ldr	r4, .L11
 171 0012 2060     		str	r0, [r4]
  76:Middlewares/lvgl/examples/widgets/chart/lv_example_chart_5.c ****     lv_obj_set_size(chart, 640, 330);
 172              		.loc 1 76 5 is_stmt 1 view .LVU33
 173 0014 4FF4A572 		mov	r2, #330
 174 0018 4FF42071 		mov	r1, #640
 175 001c FFF7FEFF 		bl	lv_obj_set_size
 176              	.LVL13:
  77:Middlewares/lvgl/examples/widgets/chart/lv_example_chart_5.c ****     lv_obj_align(chart, LV_ALIGN_TOP_LEFT, 0, 0);
 177              		.loc 1 77 5 view .LVU34
 178 0020 0023     		movs	r3, #0
 179 0022 1A46     		mov	r2, r3
 180 0024 0121     		movs	r1, #1
 181 0026 2068     		ldr	r0, [r4]
 182 0028 FFF7FEFF 		bl	lv_obj_align
 183              	.LVL14:
  78:Middlewares/lvgl/examples/widgets/chart/lv_example_chart_5.c ****     lv_chart_set_range(chart, LV_CHART_AXIS_PRIMARY_Y, 0, 3300);
 184              		.loc 1 78 5 view .LVU35
 185 002c 40F6E443 		movw	r3, #3300
 186 0030 0022     		movs	r2, #0
 187 0032 1146     		mov	r1, r2
 188 0034 2068     		ldr	r0, [r4]
 189 0036 FFF7FEFF 		bl	lv_chart_set_range
 190              	.LVL15:
  79:Middlewares/lvgl/examples/widgets/chart/lv_example_chart_5.c **** 
  80:Middlewares/lvgl/examples/widgets/chart/lv_example_chart_5.c ****     /*Do not display points on the data*/
  81:Middlewares/lvgl/examples/widgets/chart/lv_example_chart_5.c ****     lv_obj_set_style_size(chart, 0, LV_PART_INDICATOR);
 191              		.loc 1 81 5 view .LVU36
 192 003a 2568     		ldr	r5, [r4]
 193              	.LVL16:
 194              	.LBB28:
 195              	.LBI28:
 196              		.file 4 "Middlewares/lvgl/examples/widgets/chart/../../../src/core/lv_obj_style.h"
ARM GAS  /tmp/ccdYjSt8.s 			page 11


   1:Middlewares/lvgl/examples/widgets/chart/../../../src/core/lv_obj_style.h **** /**
   2:Middlewares/lvgl/examples/widgets/chart/../../../src/core/lv_obj_style.h ****  * @file lv_obj_style.h
   3:Middlewares/lvgl/examples/widgets/chart/../../../src/core/lv_obj_style.h ****  *
   4:Middlewares/lvgl/examples/widgets/chart/../../../src/core/lv_obj_style.h ****  */
   5:Middlewares/lvgl/examples/widgets/chart/../../../src/core/lv_obj_style.h **** 
   6:Middlewares/lvgl/examples/widgets/chart/../../../src/core/lv_obj_style.h **** #ifndef LV_OBJ_STYLE_H
   7:Middlewares/lvgl/examples/widgets/chart/../../../src/core/lv_obj_style.h **** #define LV_OBJ_STYLE_H
   8:Middlewares/lvgl/examples/widgets/chart/../../../src/core/lv_obj_style.h **** 
   9:Middlewares/lvgl/examples/widgets/chart/../../../src/core/lv_obj_style.h **** #ifdef __cplusplus
  10:Middlewares/lvgl/examples/widgets/chart/../../../src/core/lv_obj_style.h **** extern "C" {
  11:Middlewares/lvgl/examples/widgets/chart/../../../src/core/lv_obj_style.h **** #endif
  12:Middlewares/lvgl/examples/widgets/chart/../../../src/core/lv_obj_style.h **** 
  13:Middlewares/lvgl/examples/widgets/chart/../../../src/core/lv_obj_style.h **** /*********************
  14:Middlewares/lvgl/examples/widgets/chart/../../../src/core/lv_obj_style.h ****  *      INCLUDES
  15:Middlewares/lvgl/examples/widgets/chart/../../../src/core/lv_obj_style.h ****  *********************/
  16:Middlewares/lvgl/examples/widgets/chart/../../../src/core/lv_obj_style.h **** #include <stdint.h>
  17:Middlewares/lvgl/examples/widgets/chart/../../../src/core/lv_obj_style.h **** #include <stdbool.h>
  18:Middlewares/lvgl/examples/widgets/chart/../../../src/core/lv_obj_style.h **** #include "../misc/lv_bidi.h"
  19:Middlewares/lvgl/examples/widgets/chart/../../../src/core/lv_obj_style.h **** 
  20:Middlewares/lvgl/examples/widgets/chart/../../../src/core/lv_obj_style.h **** /*********************
  21:Middlewares/lvgl/examples/widgets/chart/../../../src/core/lv_obj_style.h ****  *      DEFINES
  22:Middlewares/lvgl/examples/widgets/chart/../../../src/core/lv_obj_style.h ****  *********************/
  23:Middlewares/lvgl/examples/widgets/chart/../../../src/core/lv_obj_style.h **** 
  24:Middlewares/lvgl/examples/widgets/chart/../../../src/core/lv_obj_style.h **** /**********************
  25:Middlewares/lvgl/examples/widgets/chart/../../../src/core/lv_obj_style.h ****  *      TYPEDEFS
  26:Middlewares/lvgl/examples/widgets/chart/../../../src/core/lv_obj_style.h ****  **********************/
  27:Middlewares/lvgl/examples/widgets/chart/../../../src/core/lv_obj_style.h **** /*Can't include lv_obj.h because it includes this header file*/
  28:Middlewares/lvgl/examples/widgets/chart/../../../src/core/lv_obj_style.h **** struct _lv_obj_t;
  29:Middlewares/lvgl/examples/widgets/chart/../../../src/core/lv_obj_style.h **** 
  30:Middlewares/lvgl/examples/widgets/chart/../../../src/core/lv_obj_style.h **** typedef enum {
  31:Middlewares/lvgl/examples/widgets/chart/../../../src/core/lv_obj_style.h ****     _LV_STYLE_STATE_CMP_SAME,           /*The style properties in the 2 states are identical*/
  32:Middlewares/lvgl/examples/widgets/chart/../../../src/core/lv_obj_style.h ****     _LV_STYLE_STATE_CMP_DIFF_REDRAW,    /*The differences can be shown with a simple redraw*/
  33:Middlewares/lvgl/examples/widgets/chart/../../../src/core/lv_obj_style.h ****     _LV_STYLE_STATE_CMP_DIFF_DRAW_PAD,  /*The differences can be shown with a simple redraw*/
  34:Middlewares/lvgl/examples/widgets/chart/../../../src/core/lv_obj_style.h ****     _LV_STYLE_STATE_CMP_DIFF_LAYOUT,    /*The differences can be shown with a simple redraw*/
  35:Middlewares/lvgl/examples/widgets/chart/../../../src/core/lv_obj_style.h **** } _lv_style_state_cmp_t;
  36:Middlewares/lvgl/examples/widgets/chart/../../../src/core/lv_obj_style.h **** 
  37:Middlewares/lvgl/examples/widgets/chart/../../../src/core/lv_obj_style.h **** typedef uint32_t lv_style_selector_t;
  38:Middlewares/lvgl/examples/widgets/chart/../../../src/core/lv_obj_style.h **** 
  39:Middlewares/lvgl/examples/widgets/chart/../../../src/core/lv_obj_style.h **** typedef struct {
  40:Middlewares/lvgl/examples/widgets/chart/../../../src/core/lv_obj_style.h ****     lv_style_t * style;
  41:Middlewares/lvgl/examples/widgets/chart/../../../src/core/lv_obj_style.h ****     uint32_t selector :24;
  42:Middlewares/lvgl/examples/widgets/chart/../../../src/core/lv_obj_style.h ****     uint32_t is_local :1;
  43:Middlewares/lvgl/examples/widgets/chart/../../../src/core/lv_obj_style.h ****     uint32_t is_trans :1;
  44:Middlewares/lvgl/examples/widgets/chart/../../../src/core/lv_obj_style.h **** }_lv_obj_style_t;
  45:Middlewares/lvgl/examples/widgets/chart/../../../src/core/lv_obj_style.h **** 
  46:Middlewares/lvgl/examples/widgets/chart/../../../src/core/lv_obj_style.h **** typedef struct {
  47:Middlewares/lvgl/examples/widgets/chart/../../../src/core/lv_obj_style.h ****     uint16_t time;
  48:Middlewares/lvgl/examples/widgets/chart/../../../src/core/lv_obj_style.h ****     uint16_t delay;
  49:Middlewares/lvgl/examples/widgets/chart/../../../src/core/lv_obj_style.h ****     lv_style_selector_t selector;
  50:Middlewares/lvgl/examples/widgets/chart/../../../src/core/lv_obj_style.h ****     lv_style_prop_t prop;
  51:Middlewares/lvgl/examples/widgets/chart/../../../src/core/lv_obj_style.h ****     lv_anim_path_cb_t path_cb;
  52:Middlewares/lvgl/examples/widgets/chart/../../../src/core/lv_obj_style.h **** #if LV_USE_USER_DATA
  53:Middlewares/lvgl/examples/widgets/chart/../../../src/core/lv_obj_style.h ****     void * user_data;
  54:Middlewares/lvgl/examples/widgets/chart/../../../src/core/lv_obj_style.h **** #endif
  55:Middlewares/lvgl/examples/widgets/chart/../../../src/core/lv_obj_style.h **** }_lv_obj_style_transition_dsc_t;
  56:Middlewares/lvgl/examples/widgets/chart/../../../src/core/lv_obj_style.h **** 
  57:Middlewares/lvgl/examples/widgets/chart/../../../src/core/lv_obj_style.h **** /**********************
ARM GAS  /tmp/ccdYjSt8.s 			page 12


  58:Middlewares/lvgl/examples/widgets/chart/../../../src/core/lv_obj_style.h ****  * GLOBAL PROTOTYPES
  59:Middlewares/lvgl/examples/widgets/chart/../../../src/core/lv_obj_style.h ****  **********************/
  60:Middlewares/lvgl/examples/widgets/chart/../../../src/core/lv_obj_style.h **** 
  61:Middlewares/lvgl/examples/widgets/chart/../../../src/core/lv_obj_style.h **** /**
  62:Middlewares/lvgl/examples/widgets/chart/../../../src/core/lv_obj_style.h ****  * Initialize the object related style manager module.
  63:Middlewares/lvgl/examples/widgets/chart/../../../src/core/lv_obj_style.h ****  * Called by LVGL in `lv_init()`
  64:Middlewares/lvgl/examples/widgets/chart/../../../src/core/lv_obj_style.h ****  */
  65:Middlewares/lvgl/examples/widgets/chart/../../../src/core/lv_obj_style.h **** void _lv_obj_style_init(void);
  66:Middlewares/lvgl/examples/widgets/chart/../../../src/core/lv_obj_style.h **** 
  67:Middlewares/lvgl/examples/widgets/chart/../../../src/core/lv_obj_style.h **** /**
  68:Middlewares/lvgl/examples/widgets/chart/../../../src/core/lv_obj_style.h ****  * Add a style to an object.
  69:Middlewares/lvgl/examples/widgets/chart/../../../src/core/lv_obj_style.h ****  * @param obj       pointer to an object
  70:Middlewares/lvgl/examples/widgets/chart/../../../src/core/lv_obj_style.h ****  * @param style     pointer to a style to add
  71:Middlewares/lvgl/examples/widgets/chart/../../../src/core/lv_obj_style.h ****  * @param selector  OR-ed value of parts and state to which the style should be added
  72:Middlewares/lvgl/examples/widgets/chart/../../../src/core/lv_obj_style.h ****  * @example         lv_obj_add_style(btn, &style_btn, 0); //Default button style
  73:Middlewares/lvgl/examples/widgets/chart/../../../src/core/lv_obj_style.h ****  * @example         lv_obj_add_style(btn, &btn_red, LV_STATE_PRESSED); //Overwrite only some colors
  74:Middlewares/lvgl/examples/widgets/chart/../../../src/core/lv_obj_style.h ****  */
  75:Middlewares/lvgl/examples/widgets/chart/../../../src/core/lv_obj_style.h **** void lv_obj_add_style(struct _lv_obj_t * obj, lv_style_t * style, lv_style_selector_t selector);
  76:Middlewares/lvgl/examples/widgets/chart/../../../src/core/lv_obj_style.h **** 
  77:Middlewares/lvgl/examples/widgets/chart/../../../src/core/lv_obj_style.h **** /**
  78:Middlewares/lvgl/examples/widgets/chart/../../../src/core/lv_obj_style.h ****  * Add a style to an object.
  79:Middlewares/lvgl/examples/widgets/chart/../../../src/core/lv_obj_style.h ****  * @param obj       pointer to an object
  80:Middlewares/lvgl/examples/widgets/chart/../../../src/core/lv_obj_style.h ****  * @param style     pointer to a style to remove. Can be NULL to check only the selector
  81:Middlewares/lvgl/examples/widgets/chart/../../../src/core/lv_obj_style.h ****  * @param selector  OR-ed values of states and a part to remove only styles with matching selectors
  82:Middlewares/lvgl/examples/widgets/chart/../../../src/core/lv_obj_style.h ****  * @example lv_obj_remove_style(obj, &style, LV_PART_ANY | LV_STATE_ANY); //Remove a specific style
  83:Middlewares/lvgl/examples/widgets/chart/../../../src/core/lv_obj_style.h ****  * @example lv_obj_remove_style(obj, NULL, LV_PART_MAIN | LV_STATE_ANY); //Remove all styles from t
  84:Middlewares/lvgl/examples/widgets/chart/../../../src/core/lv_obj_style.h ****  * @example lv_obj_remove_style(obj, NULL, LV_PART_ANY | LV_STATE_ANY); //Remove all styles
  85:Middlewares/lvgl/examples/widgets/chart/../../../src/core/lv_obj_style.h ****  */
  86:Middlewares/lvgl/examples/widgets/chart/../../../src/core/lv_obj_style.h **** void lv_obj_remove_style(struct _lv_obj_t * obj, lv_style_t * style, lv_style_selector_t selector);
  87:Middlewares/lvgl/examples/widgets/chart/../../../src/core/lv_obj_style.h **** 
  88:Middlewares/lvgl/examples/widgets/chart/../../../src/core/lv_obj_style.h **** /**
  89:Middlewares/lvgl/examples/widgets/chart/../../../src/core/lv_obj_style.h ****  * Remove all styles from an object
  90:Middlewares/lvgl/examples/widgets/chart/../../../src/core/lv_obj_style.h ****  * @param obj       pointer to an object
  91:Middlewares/lvgl/examples/widgets/chart/../../../src/core/lv_obj_style.h ****  */
  92:Middlewares/lvgl/examples/widgets/chart/../../../src/core/lv_obj_style.h **** static inline void lv_obj_remove_style_all(struct _lv_obj_t * obj)
  93:Middlewares/lvgl/examples/widgets/chart/../../../src/core/lv_obj_style.h **** {
  94:Middlewares/lvgl/examples/widgets/chart/../../../src/core/lv_obj_style.h ****     lv_obj_remove_style(obj, NULL, LV_PART_ANY | LV_STATE_ANY);
  95:Middlewares/lvgl/examples/widgets/chart/../../../src/core/lv_obj_style.h **** }
  96:Middlewares/lvgl/examples/widgets/chart/../../../src/core/lv_obj_style.h **** 
  97:Middlewares/lvgl/examples/widgets/chart/../../../src/core/lv_obj_style.h **** /**
  98:Middlewares/lvgl/examples/widgets/chart/../../../src/core/lv_obj_style.h ****  * Notify all object if a style is modified
  99:Middlewares/lvgl/examples/widgets/chart/../../../src/core/lv_obj_style.h ****  * @param style     pointer to a style. Only the objects with this style will be notified
 100:Middlewares/lvgl/examples/widgets/chart/../../../src/core/lv_obj_style.h ****  *                  (NULL to notify all objects)
 101:Middlewares/lvgl/examples/widgets/chart/../../../src/core/lv_obj_style.h ****  */
 102:Middlewares/lvgl/examples/widgets/chart/../../../src/core/lv_obj_style.h **** void lv_obj_report_style_change(lv_style_t * style);
 103:Middlewares/lvgl/examples/widgets/chart/../../../src/core/lv_obj_style.h **** 
 104:Middlewares/lvgl/examples/widgets/chart/../../../src/core/lv_obj_style.h **** /**
 105:Middlewares/lvgl/examples/widgets/chart/../../../src/core/lv_obj_style.h ****  * Notify an object and its children about its style is modified.
 106:Middlewares/lvgl/examples/widgets/chart/../../../src/core/lv_obj_style.h ****  * @param obj       pointer to an object
 107:Middlewares/lvgl/examples/widgets/chart/../../../src/core/lv_obj_style.h ****  * @param part      the part whose style was changed. E.g. `LV_PART_ANY`, `LV_PART_MAIN`
 108:Middlewares/lvgl/examples/widgets/chart/../../../src/core/lv_obj_style.h ****  * @param prop      `LV_STYLE_PROP_ANY` or an `LV_STYLE_...` property.
 109:Middlewares/lvgl/examples/widgets/chart/../../../src/core/lv_obj_style.h ****  *                  It is used to optimize what needs to be refreshed.
 110:Middlewares/lvgl/examples/widgets/chart/../../../src/core/lv_obj_style.h ****  *                  `LV_STYLE_PROP_INV` to perform only a style cache update
 111:Middlewares/lvgl/examples/widgets/chart/../../../src/core/lv_obj_style.h ****  */
 112:Middlewares/lvgl/examples/widgets/chart/../../../src/core/lv_obj_style.h **** void lv_obj_refresh_style(struct _lv_obj_t * obj, lv_part_t part, lv_style_prop_t prop);
 113:Middlewares/lvgl/examples/widgets/chart/../../../src/core/lv_obj_style.h **** 
 114:Middlewares/lvgl/examples/widgets/chart/../../../src/core/lv_obj_style.h **** /**
ARM GAS  /tmp/ccdYjSt8.s 			page 13


 115:Middlewares/lvgl/examples/widgets/chart/../../../src/core/lv_obj_style.h ****  * Enable or disable automatic style refreshing when a new style is added/removed to/from an object
 116:Middlewares/lvgl/examples/widgets/chart/../../../src/core/lv_obj_style.h ****  * or any other style change happens.
 117:Middlewares/lvgl/examples/widgets/chart/../../../src/core/lv_obj_style.h ****  * @param en        true: enable refreshing; false: disable refreshing
 118:Middlewares/lvgl/examples/widgets/chart/../../../src/core/lv_obj_style.h ****  */
 119:Middlewares/lvgl/examples/widgets/chart/../../../src/core/lv_obj_style.h **** void lv_obj_enable_style_refresh(bool en);
 120:Middlewares/lvgl/examples/widgets/chart/../../../src/core/lv_obj_style.h **** 
 121:Middlewares/lvgl/examples/widgets/chart/../../../src/core/lv_obj_style.h **** /**
 122:Middlewares/lvgl/examples/widgets/chart/../../../src/core/lv_obj_style.h ****  * Get the value of a style property. The current state of the object will be considered.
 123:Middlewares/lvgl/examples/widgets/chart/../../../src/core/lv_obj_style.h ****  * Inherited properties will be inherited.
 124:Middlewares/lvgl/examples/widgets/chart/../../../src/core/lv_obj_style.h ****  * If a property is not set a default value will be returned.
 125:Middlewares/lvgl/examples/widgets/chart/../../../src/core/lv_obj_style.h ****  * @param obj       pointer to an object
 126:Middlewares/lvgl/examples/widgets/chart/../../../src/core/lv_obj_style.h ****  * @param part      a part from which the property should be get
 127:Middlewares/lvgl/examples/widgets/chart/../../../src/core/lv_obj_style.h ****  * @param prop      the property to get
 128:Middlewares/lvgl/examples/widgets/chart/../../../src/core/lv_obj_style.h ****  * @return          the value of the property.
 129:Middlewares/lvgl/examples/widgets/chart/../../../src/core/lv_obj_style.h ****  *                  Should be read from the correct field of the `lv_style_value_t` according to th
 130:Middlewares/lvgl/examples/widgets/chart/../../../src/core/lv_obj_style.h ****  */
 131:Middlewares/lvgl/examples/widgets/chart/../../../src/core/lv_obj_style.h **** lv_style_value_t lv_obj_get_style_prop(const struct _lv_obj_t * obj, lv_part_t part, lv_style_prop_
 132:Middlewares/lvgl/examples/widgets/chart/../../../src/core/lv_obj_style.h **** 
 133:Middlewares/lvgl/examples/widgets/chart/../../../src/core/lv_obj_style.h **** /**
 134:Middlewares/lvgl/examples/widgets/chart/../../../src/core/lv_obj_style.h ****  * Set local style property on an object's part and state.
 135:Middlewares/lvgl/examples/widgets/chart/../../../src/core/lv_obj_style.h ****  * @param obj       pointer to an object
 136:Middlewares/lvgl/examples/widgets/chart/../../../src/core/lv_obj_style.h ****  * @param part      a part to which the property should be added
 137:Middlewares/lvgl/examples/widgets/chart/../../../src/core/lv_obj_style.h ****  * @param state     a state to which the property should be added
 138:Middlewares/lvgl/examples/widgets/chart/../../../src/core/lv_obj_style.h ****  * @param prop      the property
 139:Middlewares/lvgl/examples/widgets/chart/../../../src/core/lv_obj_style.h ****  * @param value     value of the property. The correct element should be set according to the type 
 140:Middlewares/lvgl/examples/widgets/chart/../../../src/core/lv_obj_style.h ****  */
 141:Middlewares/lvgl/examples/widgets/chart/../../../src/core/lv_obj_style.h **** void lv_obj_set_local_style_prop(struct _lv_obj_t * obj, lv_style_prop_t prop, lv_style_value_t val
 142:Middlewares/lvgl/examples/widgets/chart/../../../src/core/lv_obj_style.h **** 
 143:Middlewares/lvgl/examples/widgets/chart/../../../src/core/lv_obj_style.h **** lv_res_t lv_obj_get_local_style_prop(struct _lv_obj_t * obj, lv_style_prop_t prop, lv_style_value_t
 144:Middlewares/lvgl/examples/widgets/chart/../../../src/core/lv_obj_style.h **** 
 145:Middlewares/lvgl/examples/widgets/chart/../../../src/core/lv_obj_style.h **** /**
 146:Middlewares/lvgl/examples/widgets/chart/../../../src/core/lv_obj_style.h ****  * Remove a local style property from a part of an object with a given state.
 147:Middlewares/lvgl/examples/widgets/chart/../../../src/core/lv_obj_style.h ****  * @param obj       pointer to an object
 148:Middlewares/lvgl/examples/widgets/chart/../../../src/core/lv_obj_style.h ****  * @param part      the part of the object which style property should be removed.
 149:Middlewares/lvgl/examples/widgets/chart/../../../src/core/lv_obj_style.h ****  * @param state     the state from which the property should be removed.
 150:Middlewares/lvgl/examples/widgets/chart/../../../src/core/lv_obj_style.h ****  * @param prop      a style property to remove.
 151:Middlewares/lvgl/examples/widgets/chart/../../../src/core/lv_obj_style.h ****  * @return true     the property was found and removed; false: the property was not found
 152:Middlewares/lvgl/examples/widgets/chart/../../../src/core/lv_obj_style.h ****  */
 153:Middlewares/lvgl/examples/widgets/chart/../../../src/core/lv_obj_style.h **** bool lv_obj_remove_local_style_prop(struct _lv_obj_t * obj, lv_style_prop_t prop, lv_style_selector
 154:Middlewares/lvgl/examples/widgets/chart/../../../src/core/lv_obj_style.h **** 
 155:Middlewares/lvgl/examples/widgets/chart/../../../src/core/lv_obj_style.h **** /**
 156:Middlewares/lvgl/examples/widgets/chart/../../../src/core/lv_obj_style.h ****  * Used internally to create a style tarnsition
 157:Middlewares/lvgl/examples/widgets/chart/../../../src/core/lv_obj_style.h ****  * @param obj
 158:Middlewares/lvgl/examples/widgets/chart/../../../src/core/lv_obj_style.h ****  * @param part
 159:Middlewares/lvgl/examples/widgets/chart/../../../src/core/lv_obj_style.h ****  * @param prev_state
 160:Middlewares/lvgl/examples/widgets/chart/../../../src/core/lv_obj_style.h ****  * @param new_state
 161:Middlewares/lvgl/examples/widgets/chart/../../../src/core/lv_obj_style.h ****  * @param tr
 162:Middlewares/lvgl/examples/widgets/chart/../../../src/core/lv_obj_style.h ****  */
 163:Middlewares/lvgl/examples/widgets/chart/../../../src/core/lv_obj_style.h **** void _lv_obj_style_create_transition(struct _lv_obj_t * obj, lv_part_t part, lv_state_t prev_state,
 164:Middlewares/lvgl/examples/widgets/chart/../../../src/core/lv_obj_style.h **** 
 165:Middlewares/lvgl/examples/widgets/chart/../../../src/core/lv_obj_style.h **** /**
 166:Middlewares/lvgl/examples/widgets/chart/../../../src/core/lv_obj_style.h ****  * Used internally to compare the appearance of an object in 2 states
 167:Middlewares/lvgl/examples/widgets/chart/../../../src/core/lv_obj_style.h ****  * @param obj
 168:Middlewares/lvgl/examples/widgets/chart/../../../src/core/lv_obj_style.h ****  * @param state1
 169:Middlewares/lvgl/examples/widgets/chart/../../../src/core/lv_obj_style.h ****  * @param state2
 170:Middlewares/lvgl/examples/widgets/chart/../../../src/core/lv_obj_style.h ****  * @return
 171:Middlewares/lvgl/examples/widgets/chart/../../../src/core/lv_obj_style.h ****  */
ARM GAS  /tmp/ccdYjSt8.s 			page 14


 172:Middlewares/lvgl/examples/widgets/chart/../../../src/core/lv_obj_style.h **** _lv_style_state_cmp_t _lv_obj_style_state_compare(struct _lv_obj_t * obj, lv_state_t state1, lv_sta
 173:Middlewares/lvgl/examples/widgets/chart/../../../src/core/lv_obj_style.h **** 
 174:Middlewares/lvgl/examples/widgets/chart/../../../src/core/lv_obj_style.h **** /**
 175:Middlewares/lvgl/examples/widgets/chart/../../../src/core/lv_obj_style.h ****  * Fade in an an object and all its children.
 176:Middlewares/lvgl/examples/widgets/chart/../../../src/core/lv_obj_style.h ****  * @param obj       the object to fade in
 177:Middlewares/lvgl/examples/widgets/chart/../../../src/core/lv_obj_style.h ****  * @param time      time of fade
 178:Middlewares/lvgl/examples/widgets/chart/../../../src/core/lv_obj_style.h ****  * @param delay     delay to start the animation
 179:Middlewares/lvgl/examples/widgets/chart/../../../src/core/lv_obj_style.h ****  */
 180:Middlewares/lvgl/examples/widgets/chart/../../../src/core/lv_obj_style.h **** void lv_obj_fade_in(struct _lv_obj_t * obj, uint32_t time, uint32_t delay);
 181:Middlewares/lvgl/examples/widgets/chart/../../../src/core/lv_obj_style.h **** 
 182:Middlewares/lvgl/examples/widgets/chart/../../../src/core/lv_obj_style.h **** /**
 183:Middlewares/lvgl/examples/widgets/chart/../../../src/core/lv_obj_style.h ****  * Fade out an an object and all its children.
 184:Middlewares/lvgl/examples/widgets/chart/../../../src/core/lv_obj_style.h ****  * @param obj       the object to fade out
 185:Middlewares/lvgl/examples/widgets/chart/../../../src/core/lv_obj_style.h ****  * @param time      time of fade
 186:Middlewares/lvgl/examples/widgets/chart/../../../src/core/lv_obj_style.h ****  * @param delay     delay to start the animation
 187:Middlewares/lvgl/examples/widgets/chart/../../../src/core/lv_obj_style.h ****  */
 188:Middlewares/lvgl/examples/widgets/chart/../../../src/core/lv_obj_style.h **** void lv_obj_fade_out(struct _lv_obj_t * obj, uint32_t time, uint32_t delay);
 189:Middlewares/lvgl/examples/widgets/chart/../../../src/core/lv_obj_style.h **** 
 190:Middlewares/lvgl/examples/widgets/chart/../../../src/core/lv_obj_style.h **** lv_state_t lv_obj_style_get_selector_state(lv_style_selector_t selector);
 191:Middlewares/lvgl/examples/widgets/chart/../../../src/core/lv_obj_style.h **** 
 192:Middlewares/lvgl/examples/widgets/chart/../../../src/core/lv_obj_style.h **** lv_part_t lv_obj_style_get_selector_part(lv_style_selector_t selector);
 193:Middlewares/lvgl/examples/widgets/chart/../../../src/core/lv_obj_style.h **** 
 194:Middlewares/lvgl/examples/widgets/chart/../../../src/core/lv_obj_style.h **** #include "lv_obj_style_gen.h"
 195:Middlewares/lvgl/examples/widgets/chart/../../../src/core/lv_obj_style.h **** 
 196:Middlewares/lvgl/examples/widgets/chart/../../../src/core/lv_obj_style.h **** static inline void lv_obj_set_style_pad_all(struct _lv_obj_t * obj, lv_coord_t value, lv_style_sele
 197:Middlewares/lvgl/examples/widgets/chart/../../../src/core/lv_obj_style.h ****     lv_obj_set_style_pad_left(obj, value, selector);
 198:Middlewares/lvgl/examples/widgets/chart/../../../src/core/lv_obj_style.h ****     lv_obj_set_style_pad_right(obj, value, selector);
 199:Middlewares/lvgl/examples/widgets/chart/../../../src/core/lv_obj_style.h ****     lv_obj_set_style_pad_top(obj, value, selector);
 200:Middlewares/lvgl/examples/widgets/chart/../../../src/core/lv_obj_style.h ****     lv_obj_set_style_pad_bottom(obj, value, selector);
 201:Middlewares/lvgl/examples/widgets/chart/../../../src/core/lv_obj_style.h **** }
 202:Middlewares/lvgl/examples/widgets/chart/../../../src/core/lv_obj_style.h **** 
 203:Middlewares/lvgl/examples/widgets/chart/../../../src/core/lv_obj_style.h **** static inline void lv_obj_set_style_pad_hor(struct _lv_obj_t * obj, lv_coord_t value, lv_style_sele
 204:Middlewares/lvgl/examples/widgets/chart/../../../src/core/lv_obj_style.h ****     lv_obj_set_style_pad_left(obj, value, selector);
 205:Middlewares/lvgl/examples/widgets/chart/../../../src/core/lv_obj_style.h ****     lv_obj_set_style_pad_right(obj, value, selector);
 206:Middlewares/lvgl/examples/widgets/chart/../../../src/core/lv_obj_style.h **** }
 207:Middlewares/lvgl/examples/widgets/chart/../../../src/core/lv_obj_style.h **** 
 208:Middlewares/lvgl/examples/widgets/chart/../../../src/core/lv_obj_style.h **** static inline void lv_obj_set_style_pad_ver(struct _lv_obj_t * obj, lv_coord_t value, lv_style_sele
 209:Middlewares/lvgl/examples/widgets/chart/../../../src/core/lv_obj_style.h ****     lv_obj_set_style_pad_top(obj, value, selector);
 210:Middlewares/lvgl/examples/widgets/chart/../../../src/core/lv_obj_style.h ****     lv_obj_set_style_pad_bottom(obj, value, selector);
 211:Middlewares/lvgl/examples/widgets/chart/../../../src/core/lv_obj_style.h **** }
 212:Middlewares/lvgl/examples/widgets/chart/../../../src/core/lv_obj_style.h **** 
 213:Middlewares/lvgl/examples/widgets/chart/../../../src/core/lv_obj_style.h **** static inline void lv_obj_set_style_pad_gap(struct _lv_obj_t * obj,  lv_coord_t value, lv_style_sel
 214:Middlewares/lvgl/examples/widgets/chart/../../../src/core/lv_obj_style.h ****     lv_obj_set_style_pad_row(obj, value, selector);
 215:Middlewares/lvgl/examples/widgets/chart/../../../src/core/lv_obj_style.h ****     lv_obj_set_style_pad_column(obj, value, selector);
 216:Middlewares/lvgl/examples/widgets/chart/../../../src/core/lv_obj_style.h **** }
 217:Middlewares/lvgl/examples/widgets/chart/../../../src/core/lv_obj_style.h **** 
 218:Middlewares/lvgl/examples/widgets/chart/../../../src/core/lv_obj_style.h **** static inline void lv_obj_set_style_size(struct _lv_obj_t * obj,  lv_coord_t value, lv_style_select
 197              		.loc 4 218 20 view .LVU37
 198              	.LBB29:
 219:Middlewares/lvgl/examples/widgets/chart/../../../src/core/lv_obj_style.h ****     lv_obj_set_style_width(obj, value, selector);
 199              		.loc 4 219 5 view .LVU38
 200 003c 4FF40032 		mov	r2, #131072
 201 0040 0021     		movs	r1, #0
 202 0042 2846     		mov	r0, r5
 203 0044 FFF7FEFF 		bl	lv_obj_set_style_width
 204              	.LVL17:
 220:Middlewares/lvgl/examples/widgets/chart/../../../src/core/lv_obj_style.h ****     lv_obj_set_style_height(obj, value, selector);
ARM GAS  /tmp/ccdYjSt8.s 			page 15


 205              		.loc 4 220 5 view .LVU39
 206 0048 4FF40032 		mov	r2, #131072
 207 004c 0021     		movs	r1, #0
 208 004e 2846     		mov	r0, r5
 209 0050 FFF7FEFF 		bl	lv_obj_set_style_height
 210              	.LVL18:
 211              		.loc 4 220 5 is_stmt 0 view .LVU40
 212              	.LBE29:
 213              	.LBE28:
  82:Middlewares/lvgl/examples/widgets/chart/lv_example_chart_5.c **** 
  83:Middlewares/lvgl/examples/widgets/chart/lv_example_chart_5.c ****     ser = lv_chart_add_series(chart, lv_palette_main(LV_PALETTE_RED), LV_CHART_AXIS_PRIMARY_Y);
 214              		.loc 1 83 5 is_stmt 1 view .LVU41
 215              		.loc 1 83 11 is_stmt 0 view .LVU42
 216 0054 2568     		ldr	r5, [r4]
 217 0056 0020     		movs	r0, #0
 218 0058 FFF7FEFF 		bl	lv_palette_main
 219              	.LVL19:
 220 005c 0146     		mov	r1, r0	@ movhi
 221 005e 0022     		movs	r2, #0
 222 0060 2846     		mov	r0, r5
 223 0062 FFF7FEFF 		bl	lv_chart_add_series
 224              	.LVL20:
 225              		.loc 1 83 9 view .LVU43
 226 0066 244B     		ldr	r3, .L11+4
 227 0068 1860     		str	r0, [r3]
  84:Middlewares/lvgl/examples/widgets/chart/lv_example_chart_5.c **** 
  85:Middlewares/lvgl/examples/widgets/chart/lv_example_chart_5.c ****     // uint32_t pcnt = sizeof(ecg_sample) / sizeof(ecg_sample[0]);
  86:Middlewares/lvgl/examples/widgets/chart/lv_example_chart_5.c ****     // lv_chart_set_point_count(chart, pcnt);
  87:Middlewares/lvgl/examples/widgets/chart/lv_example_chart_5.c ****     // lv_chart_set_ext_y_array(chart, ser, (lv_coord_t *)ecg_sample);
  88:Middlewares/lvgl/examples/widgets/chart/lv_example_chart_5.c **** 
  89:Middlewares/lvgl/examples/widgets/chart/lv_example_chart_5.c ****     lv_obj_t * slider;
 228              		.loc 1 89 5 is_stmt 1 view .LVU44
  90:Middlewares/lvgl/examples/widgets/chart/lv_example_chart_5.c ****     slider = lv_slider_create(lv_scr_act());
 229              		.loc 1 90 5 view .LVU45
 230              	.LBB30:
 231              	.LBI30:
 163:Middlewares/lvgl/examples/widgets/chart/../../../src/core/lv_disp.h **** {
 232              		.loc 3 163 26 view .LVU46
 233              	.LBB31:
 234              		.loc 3 165 5 view .LVU47
 235              		.loc 3 165 12 is_stmt 0 view .LVU48
 236 006a FFF7FEFF 		bl	lv_disp_get_default
 237              	.LVL21:
 238 006e FFF7FEFF 		bl	lv_disp_get_scr_act
 239              	.LVL22:
 240              	.LBE31:
 241              	.LBE30:
 242              		.loc 1 90 14 view .LVU49
 243 0072 FFF7FEFF 		bl	lv_slider_create
 244              	.LVL23:
 245 0076 0546     		mov	r5, r0
 246              	.LVL24:
  91:Middlewares/lvgl/examples/widgets/chart/lv_example_chart_5.c ****     lv_slider_set_range(slider, LV_IMG_ZOOM_NONE, LV_IMG_ZOOM_NONE * 10);
 247              		.loc 1 91 5 is_stmt 1 view .LVU50
 248              	.LBB32:
 249              	.LBI32:
  97:Middlewares/lvgl/examples/widgets/chart/../../../src/widgets/lv_slider.h **** {
ARM GAS  /tmp/ccdYjSt8.s 			page 16


 250              		.loc 2 97 20 view .LVU51
 251              	.LBB33:
  99:Middlewares/lvgl/examples/widgets/chart/../../../src/widgets/lv_slider.h **** }
 252              		.loc 2 99 5 view .LVU52
 253 0078 4FF42062 		mov	r2, #2560
 254 007c 4FF48071 		mov	r1, #256
 255 0080 FFF7FEFF 		bl	lv_bar_set_range
 256              	.LVL25:
  99:Middlewares/lvgl/examples/widgets/chart/../../../src/widgets/lv_slider.h **** }
 257              		.loc 2 99 5 is_stmt 0 view .LVU53
 258              	.LBE33:
 259              	.LBE32:
  92:Middlewares/lvgl/examples/widgets/chart/lv_example_chart_5.c ****     lv_obj_add_event_cb(slider, slider_x_event_cb, LV_EVENT_VALUE_CHANGED, NULL);
 260              		.loc 1 92 5 is_stmt 1 view .LVU54
 261 0084 0023     		movs	r3, #0
 262 0086 1C22     		movs	r2, #28
 263 0088 1C49     		ldr	r1, .L11+8
 264 008a 2846     		mov	r0, r5
 265 008c FFF7FEFF 		bl	lv_obj_add_event_cb
 266              	.LVL26:
  93:Middlewares/lvgl/examples/widgets/chart/lv_example_chart_5.c ****     lv_obj_set_size(slider, 600, 10);
 267              		.loc 1 93 5 view .LVU55
 268 0090 0A22     		movs	r2, #10
 269 0092 4FF41671 		mov	r1, #600
 270 0096 2846     		mov	r0, r5
 271 0098 FFF7FEFF 		bl	lv_obj_set_size
 272              	.LVL27:
  94:Middlewares/lvgl/examples/widgets/chart/lv_example_chart_5.c ****     lv_obj_align_to(slider, chart, LV_ALIGN_OUT_BOTTOM_MID, 0, 20);
 273              		.loc 1 94 5 view .LVU56
 274 009c 1426     		movs	r6, #20
 275 009e 0096     		str	r6, [sp]
 276 00a0 0023     		movs	r3, #0
 277 00a2 0E22     		movs	r2, #14
 278 00a4 2168     		ldr	r1, [r4]
 279 00a6 2846     		mov	r0, r5
 280 00a8 FFF7FEFF 		bl	lv_obj_align_to
 281              	.LVL28:
  95:Middlewares/lvgl/examples/widgets/chart/lv_example_chart_5.c **** 
  96:Middlewares/lvgl/examples/widgets/chart/lv_example_chart_5.c ****     slider = lv_slider_create(lv_scr_act());
 282              		.loc 1 96 5 view .LVU57
 283              	.LBB34:
 284              	.LBI34:
 163:Middlewares/lvgl/examples/widgets/chart/../../../src/core/lv_disp.h **** {
 285              		.loc 3 163 26 view .LVU58
 286              	.LBB35:
 287              		.loc 3 165 5 view .LVU59
 288              		.loc 3 165 12 is_stmt 0 view .LVU60
 289 00ac FFF7FEFF 		bl	lv_disp_get_default
 290              	.LVL29:
 291 00b0 FFF7FEFF 		bl	lv_disp_get_scr_act
 292              	.LVL30:
 293              	.LBE35:
 294              	.LBE34:
 295              		.loc 1 96 14 view .LVU61
 296 00b4 FFF7FEFF 		bl	lv_slider_create
 297              	.LVL31:
 298 00b8 0546     		mov	r5, r0
ARM GAS  /tmp/ccdYjSt8.s 			page 17


 299              	.LVL32:
  97:Middlewares/lvgl/examples/widgets/chart/lv_example_chart_5.c ****     lv_slider_set_range(slider, LV_IMG_ZOOM_NONE, LV_IMG_ZOOM_NONE * 10);
 300              		.loc 1 97 5 is_stmt 1 view .LVU62
 301              	.LBB36:
 302              	.LBI36:
  97:Middlewares/lvgl/examples/widgets/chart/../../../src/widgets/lv_slider.h **** {
 303              		.loc 2 97 20 view .LVU63
 304              	.LBB37:
  99:Middlewares/lvgl/examples/widgets/chart/../../../src/widgets/lv_slider.h **** }
 305              		.loc 2 99 5 view .LVU64
 306 00ba 4FF42062 		mov	r2, #2560
 307 00be 4FF48071 		mov	r1, #256
 308 00c2 FFF7FEFF 		bl	lv_bar_set_range
 309              	.LVL33:
  99:Middlewares/lvgl/examples/widgets/chart/../../../src/widgets/lv_slider.h **** }
 310              		.loc 2 99 5 is_stmt 0 view .LVU65
 311              	.LBE37:
 312              	.LBE36:
  98:Middlewares/lvgl/examples/widgets/chart/lv_example_chart_5.c ****     lv_obj_add_event_cb(slider, slider_y_event_cb, LV_EVENT_VALUE_CHANGED, NULL);
 313              		.loc 1 98 5 is_stmt 1 view .LVU66
 314 00c6 0023     		movs	r3, #0
 315 00c8 1C22     		movs	r2, #28
 316 00ca 0D49     		ldr	r1, .L11+12
 317 00cc 2846     		mov	r0, r5
 318 00ce FFF7FEFF 		bl	lv_obj_add_event_cb
 319              	.LVL34:
  99:Middlewares/lvgl/examples/widgets/chart/lv_example_chart_5.c ****     lv_obj_set_size(slider, 10, 290);
 320              		.loc 1 99 5 view .LVU67
 321 00d2 4FF49172 		mov	r2, #290
 322 00d6 0A21     		movs	r1, #10
 323 00d8 2846     		mov	r0, r5
 324 00da FFF7FEFF 		bl	lv_obj_set_size
 325              	.LVL35:
 100:Middlewares/lvgl/examples/widgets/chart/lv_example_chart_5.c ****     lv_obj_align_to(slider, chart, LV_ALIGN_OUT_RIGHT_MID, 20, 0);
 326              		.loc 1 100 5 view .LVU68
 327 00de 0023     		movs	r3, #0
 328 00e0 0093     		str	r3, [sp]
 329 00e2 3346     		mov	r3, r6
 330 00e4 3246     		mov	r2, r6
 331 00e6 2168     		ldr	r1, [r4]
 332 00e8 2846     		mov	r0, r5
 333 00ea FFF7FEFF 		bl	lv_obj_align_to
 334              	.LVL36:
 101:Middlewares/lvgl/examples/widgets/chart/lv_example_chart_5.c **** }
 335              		.loc 1 101 1 is_stmt 0 view .LVU69
 336 00ee 02B0     		add	sp, sp, #8
 337              	.LCFI4:
 338              		.cfi_def_cfa_offset 16
 339              		@ sp needed
 340 00f0 70BD     		pop	{r4, r5, r6, pc}
 341              	.LVL37:
 342              	.L12:
 343              		.loc 1 101 1 view .LVU70
 344 00f2 00BF     		.align	2
 345              	.L11:
 346 00f4 00000000 		.word	.LANCHOR0
 347 00f8 00000000 		.word	.LANCHOR1
ARM GAS  /tmp/ccdYjSt8.s 			page 18


 348 00fc 00000000 		.word	slider_x_event_cb
 349 0100 00000000 		.word	slider_y_event_cb
 350              		.cfi_endproc
 351              	.LFE186:
 353              		.global	ser
 354              		.global	chart
 355              		.section	.bss.chart,"aw",%nobits
 356              		.align	2
 357              		.set	.LANCHOR0,. + 0
 360              	chart:
 361 0000 00000000 		.space	4
 362              		.section	.bss.ser,"aw",%nobits
 363              		.align	2
 364              		.set	.LANCHOR1,. + 0
 367              	ser:
 368 0000 00000000 		.space	4
 369              		.text
 370              	.Letext0:
 371              		.file 5 "/home/akinya/gcc-arm-none-eabi/arm-none-eabi/include/machine/_default_types.h"
 372              		.file 6 "/home/akinya/gcc-arm-none-eabi/arm-none-eabi/include/sys/_stdint.h"
 373              		.file 7 "Middlewares/lvgl/examples/widgets/chart/../../../src/misc/lv_ll.h"
 374              		.file 8 "Middlewares/lvgl/examples/widgets/chart/../../../src/hal/../misc/lv_color.h"
 375              		.file 9 "Middlewares/lvgl/examples/widgets/chart/../../../src/hal/../misc/lv_area.h"
 376              		.file 10 "Middlewares/lvgl/examples/widgets/chart/../../../src/core/lv_obj.h"
 377              		.file 11 "Middlewares/lvgl/examples/widgets/chart/../../../src/core/lv_group.h"
 378              		.file 12 "Middlewares/lvgl/examples/widgets/chart/../../../src/core/../misc/lv_style.h"
 379              		.file 13 "Middlewares/lvgl/examples/widgets/chart/../../../src/core/lv_obj_scroll.h"
 380              		.file 14 "Middlewares/lvgl/examples/widgets/chart/../../../src/core/lv_obj_class.h"
 381              		.file 15 "Middlewares/lvgl/examples/widgets/chart/../../../src/core/lv_event.h"
 382              		.file 16 "Middlewares/lvgl/examples/widgets/chart/../../../src/extra/widgets/chart/lv_chart.h"
 383              		.file 17 "Middlewares/lvgl/examples/widgets/chart/../../../src/hal/lv_hal_disp.h"
 384              		.file 18 "Middlewares/lvgl/examples/widgets/chart/../../../src/core/lv_obj_style_gen.h"
 385              		.file 19 "Middlewares/lvgl/examples/widgets/chart/../../../src/widgets/lv_bar.h"
 386              		.file 20 "Middlewares/lvgl/examples/widgets/chart/../../../src/core/lv_obj_pos.h"
ARM GAS  /tmp/ccdYjSt8.s 			page 19


DEFINED SYMBOLS
                            *ABS*:0000000000000000 lv_example_chart_5.c
     /tmp/ccdYjSt8.s:18     .text.slider_y_event_cb:0000000000000000 $t
     /tmp/ccdYjSt8.s:25     .text.slider_y_event_cb:0000000000000000 slider_y_event_cb
     /tmp/ccdYjSt8.s:70     .text.slider_y_event_cb:0000000000000018 $d
     /tmp/ccdYjSt8.s:75     .text.slider_x_event_cb:0000000000000000 $t
     /tmp/ccdYjSt8.s:81     .text.slider_x_event_cb:0000000000000000 slider_x_event_cb
     /tmp/ccdYjSt8.s:124    .text.slider_x_event_cb:0000000000000018 $d
     /tmp/ccdYjSt8.s:129    .text.lv_example_chart_5:0000000000000000 $t
     /tmp/ccdYjSt8.s:136    .text.lv_example_chart_5:0000000000000000 lv_example_chart_5
     /tmp/ccdYjSt8.s:346    .text.lv_example_chart_5:00000000000000f4 $d
     /tmp/ccdYjSt8.s:367    .bss.ser:0000000000000000 ser
     /tmp/ccdYjSt8.s:360    .bss.chart:0000000000000000 chart
     /tmp/ccdYjSt8.s:356    .bss.chart:0000000000000000 $d
     /tmp/ccdYjSt8.s:363    .bss.ser:0000000000000000 $d

UNDEFINED SYMBOLS
lv_event_get_target
lv_bar_get_value
lv_chart_set_zoom_y
lv_chart_set_zoom_x
lv_disp_get_default
lv_disp_get_scr_act
lv_chart_create
lv_obj_set_size
lv_obj_align
lv_chart_set_range
lv_obj_set_style_width
lv_obj_set_style_height
lv_palette_main
lv_chart_add_series
lv_slider_create
lv_bar_set_range
lv_obj_add_event_cb
lv_obj_align_to
