ARM GAS  /tmp/ccCGoahh.s 			page 1


   1              		.cpu cortex-m4
   2              		.eabi_attribute 27, 1
   3              		.eabi_attribute 28, 1
   4              		.eabi_attribute 20, 1
   5              		.eabi_attribute 21, 1
   6              		.eabi_attribute 23, 3
   7              		.eabi_attribute 24, 1
   8              		.eabi_attribute 25, 1
   9              		.eabi_attribute 26, 1
  10              		.eabi_attribute 30, 1
  11              		.eabi_attribute 34, 1
  12              		.eabi_attribute 18, 4
  13              		.file	"dac.c"
  14              		.text
  15              	.Ltext0:
  16              		.cfi_sections	.debug_frame
  17              		.section	.text.MX_DAC_Init,"ax",%progbits
  18              		.align	1
  19              		.global	MX_DAC_Init
  20              		.arch armv7e-m
  21              		.syntax unified
  22              		.thumb
  23              		.thumb_func
  24              		.fpu fpv4-sp-d16
  26              	MX_DAC_Init:
  27              	.LFB235:
  28              		.file 1 "Core/Src/dac.c"
   1:Core/Src/dac.c **** /**
   2:Core/Src/dac.c ****   ******************************************************************************
   3:Core/Src/dac.c ****   * @file    dac.c
   4:Core/Src/dac.c ****   * @brief   This file provides code for the configuration
   5:Core/Src/dac.c ****   *          of the DAC instances.
   6:Core/Src/dac.c ****   ******************************************************************************
   7:Core/Src/dac.c ****   * @attention
   8:Core/Src/dac.c ****   *
   9:Core/Src/dac.c ****   * <h2><center>&copy; Copyright (c) 2021 STMicroelectronics.
  10:Core/Src/dac.c ****   * All rights reserved.</center></h2>
  11:Core/Src/dac.c ****   *
  12:Core/Src/dac.c ****   * This software component is licensed by ST under Ultimate Liberty license
  13:Core/Src/dac.c ****   * SLA0044, the "License"; You may not use this file except in compliance with
  14:Core/Src/dac.c ****   * the License. You may obtain a copy of the License at:
  15:Core/Src/dac.c ****   *                             www.st.com/SLA0044
  16:Core/Src/dac.c ****   *
  17:Core/Src/dac.c ****   ******************************************************************************
  18:Core/Src/dac.c ****   */
  19:Core/Src/dac.c **** 
  20:Core/Src/dac.c **** /* Includes ------------------------------------------------------------------*/
  21:Core/Src/dac.c **** #include "dac.h"
  22:Core/Src/dac.c **** 
  23:Core/Src/dac.c **** /* USER CODE BEGIN 0 */
  24:Core/Src/dac.c **** 
  25:Core/Src/dac.c **** /* USER CODE END 0 */
  26:Core/Src/dac.c **** 
  27:Core/Src/dac.c **** DAC_HandleTypeDef hdac;
  28:Core/Src/dac.c **** 
  29:Core/Src/dac.c **** /* DAC init function */
  30:Core/Src/dac.c **** void MX_DAC_Init(void)
ARM GAS  /tmp/ccCGoahh.s 			page 2


  31:Core/Src/dac.c **** {
  29              		.loc 1 31 1 view -0
  30              		.cfi_startproc
  31              		@ args = 0, pretend = 0, frame = 8
  32              		@ frame_needed = 0, uses_anonymous_args = 0
  33 0000 00B5     		push	{lr}
  34              	.LCFI0:
  35              		.cfi_def_cfa_offset 4
  36              		.cfi_offset 14, -4
  37 0002 83B0     		sub	sp, sp, #12
  38              	.LCFI1:
  39              		.cfi_def_cfa_offset 16
  32:Core/Src/dac.c **** 
  33:Core/Src/dac.c ****   /* USER CODE BEGIN DAC_Init 0 */
  34:Core/Src/dac.c **** 
  35:Core/Src/dac.c ****   /* USER CODE END DAC_Init 0 */
  36:Core/Src/dac.c **** 
  37:Core/Src/dac.c ****   DAC_ChannelConfTypeDef sConfig = {0};
  40              		.loc 1 37 3 view .LVU1
  41              		.loc 1 37 26 is_stmt 0 view .LVU2
  42 0004 0023     		movs	r3, #0
  43 0006 0093     		str	r3, [sp]
  44 0008 0193     		str	r3, [sp, #4]
  38:Core/Src/dac.c **** 
  39:Core/Src/dac.c ****   /* USER CODE BEGIN DAC_Init 1 */
  40:Core/Src/dac.c **** 
  41:Core/Src/dac.c ****   /* USER CODE END DAC_Init 1 */
  42:Core/Src/dac.c ****   /** DAC Initialization
  43:Core/Src/dac.c ****   */
  44:Core/Src/dac.c ****   hdac.Instance = DAC;
  45              		.loc 1 44 3 is_stmt 1 view .LVU3
  46              		.loc 1 44 17 is_stmt 0 view .LVU4
  47 000a 0B48     		ldr	r0, .L7
  48 000c 0B4B     		ldr	r3, .L7+4
  49 000e 0360     		str	r3, [r0]
  45:Core/Src/dac.c ****   if (HAL_DAC_Init(&hdac) != HAL_OK)
  50              		.loc 1 45 3 is_stmt 1 view .LVU5
  51              		.loc 1 45 7 is_stmt 0 view .LVU6
  52 0010 FFF7FEFF 		bl	HAL_DAC_Init
  53              	.LVL0:
  54              		.loc 1 45 6 view .LVU7
  55 0014 50B9     		cbnz	r0, .L5
  56              	.L2:
  46:Core/Src/dac.c ****   {
  47:Core/Src/dac.c ****     Error_Handler();
  48:Core/Src/dac.c ****   }
  49:Core/Src/dac.c ****   /** DAC channel OUT1 config
  50:Core/Src/dac.c ****   */
  51:Core/Src/dac.c ****   sConfig.DAC_Trigger = DAC_TRIGGER_NONE;
  57              		.loc 1 51 3 is_stmt 1 view .LVU8
  58              		.loc 1 51 23 is_stmt 0 view .LVU9
  59 0016 0022     		movs	r2, #0
  60 0018 0092     		str	r2, [sp]
  52:Core/Src/dac.c ****   sConfig.DAC_OutputBuffer = DAC_OUTPUTBUFFER_ENABLE;
  61              		.loc 1 52 3 is_stmt 1 view .LVU10
  62              		.loc 1 52 28 is_stmt 0 view .LVU11
  63 001a 0192     		str	r2, [sp, #4]
ARM GAS  /tmp/ccCGoahh.s 			page 3


  53:Core/Src/dac.c ****   if (HAL_DAC_ConfigChannel(&hdac, &sConfig, DAC_CHANNEL_1) != HAL_OK)
  64              		.loc 1 53 3 is_stmt 1 view .LVU12
  65              		.loc 1 53 7 is_stmt 0 view .LVU13
  66 001c 6946     		mov	r1, sp
  67 001e 0648     		ldr	r0, .L7
  68 0020 FFF7FEFF 		bl	HAL_DAC_ConfigChannel
  69              	.LVL1:
  70              		.loc 1 53 6 view .LVU14
  71 0024 28B9     		cbnz	r0, .L6
  72              	.L1:
  54:Core/Src/dac.c ****   {
  55:Core/Src/dac.c ****     Error_Handler();
  56:Core/Src/dac.c ****   }
  57:Core/Src/dac.c ****   /* USER CODE BEGIN DAC_Init 2 */
  58:Core/Src/dac.c **** 
  59:Core/Src/dac.c ****   /* USER CODE END DAC_Init 2 */
  60:Core/Src/dac.c **** 
  61:Core/Src/dac.c **** }
  73              		.loc 1 61 1 view .LVU15
  74 0026 03B0     		add	sp, sp, #12
  75              	.LCFI2:
  76              		.cfi_remember_state
  77              		.cfi_def_cfa_offset 4
  78              		@ sp needed
  79 0028 5DF804FB 		ldr	pc, [sp], #4
  80              	.L5:
  81              	.LCFI3:
  82              		.cfi_restore_state
  47:Core/Src/dac.c ****   }
  83              		.loc 1 47 5 is_stmt 1 view .LVU16
  84 002c FFF7FEFF 		bl	Error_Handler
  85              	.LVL2:
  86 0030 F1E7     		b	.L2
  87              	.L6:
  55:Core/Src/dac.c ****   }
  88              		.loc 1 55 5 view .LVU17
  89 0032 FFF7FEFF 		bl	Error_Handler
  90              	.LVL3:
  91              		.loc 1 61 1 is_stmt 0 view .LVU18
  92 0036 F6E7     		b	.L1
  93              	.L8:
  94              		.align	2
  95              	.L7:
  96 0038 00000000 		.word	.LANCHOR0
  97 003c 00740040 		.word	1073771520
  98              		.cfi_endproc
  99              	.LFE235:
 101              		.section	.text.HAL_DAC_MspInit,"ax",%progbits
 102              		.align	1
 103              		.global	HAL_DAC_MspInit
 104              		.syntax unified
 105              		.thumb
 106              		.thumb_func
 107              		.fpu fpv4-sp-d16
 109              	HAL_DAC_MspInit:
 110              	.LVL4:
 111              	.LFB236:
ARM GAS  /tmp/ccCGoahh.s 			page 4


  62:Core/Src/dac.c **** 
  63:Core/Src/dac.c **** void HAL_DAC_MspInit(DAC_HandleTypeDef* dacHandle)
  64:Core/Src/dac.c **** {
 112              		.loc 1 64 1 is_stmt 1 view -0
 113              		.cfi_startproc
 114              		@ args = 0, pretend = 0, frame = 32
 115              		@ frame_needed = 0, uses_anonymous_args = 0
 116              		.loc 1 64 1 is_stmt 0 view .LVU20
 117 0000 00B5     		push	{lr}
 118              	.LCFI4:
 119              		.cfi_def_cfa_offset 4
 120              		.cfi_offset 14, -4
 121 0002 89B0     		sub	sp, sp, #36
 122              	.LCFI5:
 123              		.cfi_def_cfa_offset 40
  65:Core/Src/dac.c **** 
  66:Core/Src/dac.c ****   GPIO_InitTypeDef GPIO_InitStruct = {0};
 124              		.loc 1 66 3 is_stmt 1 view .LVU21
 125              		.loc 1 66 20 is_stmt 0 view .LVU22
 126 0004 0023     		movs	r3, #0
 127 0006 0393     		str	r3, [sp, #12]
 128 0008 0493     		str	r3, [sp, #16]
 129 000a 0593     		str	r3, [sp, #20]
 130 000c 0693     		str	r3, [sp, #24]
 131 000e 0793     		str	r3, [sp, #28]
  67:Core/Src/dac.c ****   if(dacHandle->Instance==DAC)
 132              		.loc 1 67 3 is_stmt 1 view .LVU23
 133              		.loc 1 67 15 is_stmt 0 view .LVU24
 134 0010 0268     		ldr	r2, [r0]
 135              		.loc 1 67 5 view .LVU25
 136 0012 134B     		ldr	r3, .L13
 137 0014 9A42     		cmp	r2, r3
 138 0016 02D0     		beq	.L12
 139              	.LVL5:
 140              	.L9:
  68:Core/Src/dac.c ****   {
  69:Core/Src/dac.c ****   /* USER CODE BEGIN DAC_MspInit 0 */
  70:Core/Src/dac.c **** 
  71:Core/Src/dac.c ****   /* USER CODE END DAC_MspInit 0 */
  72:Core/Src/dac.c ****     /* DAC clock enable */
  73:Core/Src/dac.c ****     __HAL_RCC_DAC_CLK_ENABLE();
  74:Core/Src/dac.c **** 
  75:Core/Src/dac.c ****     __HAL_RCC_GPIOA_CLK_ENABLE();
  76:Core/Src/dac.c ****     /**DAC GPIO Configuration
  77:Core/Src/dac.c ****     PA4     ------> DAC_OUT1
  78:Core/Src/dac.c ****     */
  79:Core/Src/dac.c ****     GPIO_InitStruct.Pin = GPIO_PIN_4;
  80:Core/Src/dac.c ****     GPIO_InitStruct.Mode = GPIO_MODE_ANALOG;
  81:Core/Src/dac.c ****     GPIO_InitStruct.Pull = GPIO_NOPULL;
  82:Core/Src/dac.c ****     HAL_GPIO_Init(GPIOA, &GPIO_InitStruct);
  83:Core/Src/dac.c **** 
  84:Core/Src/dac.c ****   /* USER CODE BEGIN DAC_MspInit 1 */
  85:Core/Src/dac.c **** 
  86:Core/Src/dac.c ****   /* USER CODE END DAC_MspInit 1 */
  87:Core/Src/dac.c ****   }
  88:Core/Src/dac.c **** }
 141              		.loc 1 88 1 view .LVU26
ARM GAS  /tmp/ccCGoahh.s 			page 5


 142 0018 09B0     		add	sp, sp, #36
 143              	.LCFI6:
 144              		.cfi_remember_state
 145              		.cfi_def_cfa_offset 4
 146              		@ sp needed
 147 001a 5DF804FB 		ldr	pc, [sp], #4
 148              	.LVL6:
 149              	.L12:
 150              	.LCFI7:
 151              		.cfi_restore_state
  73:Core/Src/dac.c **** 
 152              		.loc 1 73 5 is_stmt 1 view .LVU27
 153              	.LBB2:
  73:Core/Src/dac.c **** 
 154              		.loc 1 73 5 view .LVU28
 155 001e 0021     		movs	r1, #0
 156 0020 0191     		str	r1, [sp, #4]
  73:Core/Src/dac.c **** 
 157              		.loc 1 73 5 view .LVU29
 158 0022 03F5E233 		add	r3, r3, #115712
 159 0026 1A6C     		ldr	r2, [r3, #64]
 160 0028 42F00052 		orr	r2, r2, #536870912
 161 002c 1A64     		str	r2, [r3, #64]
  73:Core/Src/dac.c **** 
 162              		.loc 1 73 5 view .LVU30
 163 002e 1A6C     		ldr	r2, [r3, #64]
 164 0030 02F00052 		and	r2, r2, #536870912
 165 0034 0192     		str	r2, [sp, #4]
  73:Core/Src/dac.c **** 
 166              		.loc 1 73 5 view .LVU31
 167 0036 019A     		ldr	r2, [sp, #4]
 168              	.LBE2:
  73:Core/Src/dac.c **** 
 169              		.loc 1 73 5 view .LVU32
  75:Core/Src/dac.c ****     /**DAC GPIO Configuration
 170              		.loc 1 75 5 view .LVU33
 171              	.LBB3:
  75:Core/Src/dac.c ****     /**DAC GPIO Configuration
 172              		.loc 1 75 5 view .LVU34
 173 0038 0291     		str	r1, [sp, #8]
  75:Core/Src/dac.c ****     /**DAC GPIO Configuration
 174              		.loc 1 75 5 view .LVU35
 175 003a 1A6B     		ldr	r2, [r3, #48]
 176 003c 42F00102 		orr	r2, r2, #1
 177 0040 1A63     		str	r2, [r3, #48]
  75:Core/Src/dac.c ****     /**DAC GPIO Configuration
 178              		.loc 1 75 5 view .LVU36
 179 0042 1B6B     		ldr	r3, [r3, #48]
 180 0044 03F00103 		and	r3, r3, #1
 181 0048 0293     		str	r3, [sp, #8]
  75:Core/Src/dac.c ****     /**DAC GPIO Configuration
 182              		.loc 1 75 5 view .LVU37
 183 004a 029B     		ldr	r3, [sp, #8]
 184              	.LBE3:
  75:Core/Src/dac.c ****     /**DAC GPIO Configuration
 185              		.loc 1 75 5 view .LVU38
  79:Core/Src/dac.c ****     GPIO_InitStruct.Mode = GPIO_MODE_ANALOG;
ARM GAS  /tmp/ccCGoahh.s 			page 6


 186              		.loc 1 79 5 view .LVU39
  79:Core/Src/dac.c ****     GPIO_InitStruct.Mode = GPIO_MODE_ANALOG;
 187              		.loc 1 79 25 is_stmt 0 view .LVU40
 188 004c 1023     		movs	r3, #16
 189 004e 0393     		str	r3, [sp, #12]
  80:Core/Src/dac.c ****     GPIO_InitStruct.Pull = GPIO_NOPULL;
 190              		.loc 1 80 5 is_stmt 1 view .LVU41
  80:Core/Src/dac.c ****     GPIO_InitStruct.Pull = GPIO_NOPULL;
 191              		.loc 1 80 26 is_stmt 0 view .LVU42
 192 0050 0323     		movs	r3, #3
 193 0052 0493     		str	r3, [sp, #16]
  81:Core/Src/dac.c ****     HAL_GPIO_Init(GPIOA, &GPIO_InitStruct);
 194              		.loc 1 81 5 is_stmt 1 view .LVU43
  82:Core/Src/dac.c **** 
 195              		.loc 1 82 5 view .LVU44
 196 0054 03A9     		add	r1, sp, #12
 197 0056 0348     		ldr	r0, .L13+4
 198              	.LVL7:
  82:Core/Src/dac.c **** 
 199              		.loc 1 82 5 is_stmt 0 view .LVU45
 200 0058 FFF7FEFF 		bl	HAL_GPIO_Init
 201              	.LVL8:
 202              		.loc 1 88 1 view .LVU46
 203 005c DCE7     		b	.L9
 204              	.L14:
 205 005e 00BF     		.align	2
 206              	.L13:
 207 0060 00740040 		.word	1073771520
 208 0064 00000240 		.word	1073872896
 209              		.cfi_endproc
 210              	.LFE236:
 212              		.section	.text.HAL_DAC_MspDeInit,"ax",%progbits
 213              		.align	1
 214              		.global	HAL_DAC_MspDeInit
 215              		.syntax unified
 216              		.thumb
 217              		.thumb_func
 218              		.fpu fpv4-sp-d16
 220              	HAL_DAC_MspDeInit:
 221              	.LVL9:
 222              	.LFB237:
  89:Core/Src/dac.c **** 
  90:Core/Src/dac.c **** void HAL_DAC_MspDeInit(DAC_HandleTypeDef* dacHandle)
  91:Core/Src/dac.c **** {
 223              		.loc 1 91 1 is_stmt 1 view -0
 224              		.cfi_startproc
 225              		@ args = 0, pretend = 0, frame = 0
 226              		@ frame_needed = 0, uses_anonymous_args = 0
 227              		.loc 1 91 1 is_stmt 0 view .LVU48
 228 0000 08B5     		push	{r3, lr}
 229              	.LCFI8:
 230              		.cfi_def_cfa_offset 8
 231              		.cfi_offset 3, -8
 232              		.cfi_offset 14, -4
  92:Core/Src/dac.c **** 
  93:Core/Src/dac.c ****   if(dacHandle->Instance==DAC)
 233              		.loc 1 93 3 is_stmt 1 view .LVU49
ARM GAS  /tmp/ccCGoahh.s 			page 7


 234              		.loc 1 93 15 is_stmt 0 view .LVU50
 235 0002 0268     		ldr	r2, [r0]
 236              		.loc 1 93 5 view .LVU51
 237 0004 064B     		ldr	r3, .L19
 238 0006 9A42     		cmp	r2, r3
 239 0008 00D0     		beq	.L18
 240              	.LVL10:
 241              	.L15:
  94:Core/Src/dac.c ****   {
  95:Core/Src/dac.c ****   /* USER CODE BEGIN DAC_MspDeInit 0 */
  96:Core/Src/dac.c **** 
  97:Core/Src/dac.c ****   /* USER CODE END DAC_MspDeInit 0 */
  98:Core/Src/dac.c ****     /* Peripheral clock disable */
  99:Core/Src/dac.c ****     __HAL_RCC_DAC_CLK_DISABLE();
 100:Core/Src/dac.c **** 
 101:Core/Src/dac.c ****     /**DAC GPIO Configuration
 102:Core/Src/dac.c ****     PA4     ------> DAC_OUT1
 103:Core/Src/dac.c ****     */
 104:Core/Src/dac.c ****     HAL_GPIO_DeInit(GPIOA, GPIO_PIN_4);
 105:Core/Src/dac.c **** 
 106:Core/Src/dac.c ****   /* USER CODE BEGIN DAC_MspDeInit 1 */
 107:Core/Src/dac.c **** 
 108:Core/Src/dac.c ****   /* USER CODE END DAC_MspDeInit 1 */
 109:Core/Src/dac.c ****   }
 110:Core/Src/dac.c **** }
 242              		.loc 1 110 1 view .LVU52
 243 000a 08BD     		pop	{r3, pc}
 244              	.LVL11:
 245              	.L18:
  99:Core/Src/dac.c **** 
 246              		.loc 1 99 5 is_stmt 1 view .LVU53
 247 000c 054A     		ldr	r2, .L19+4
 248 000e 136C     		ldr	r3, [r2, #64]
 249 0010 23F00053 		bic	r3, r3, #536870912
 250 0014 1364     		str	r3, [r2, #64]
 104:Core/Src/dac.c **** 
 251              		.loc 1 104 5 view .LVU54
 252 0016 1021     		movs	r1, #16
 253 0018 0348     		ldr	r0, .L19+8
 254              	.LVL12:
 104:Core/Src/dac.c **** 
 255              		.loc 1 104 5 is_stmt 0 view .LVU55
 256 001a FFF7FEFF 		bl	HAL_GPIO_DeInit
 257              	.LVL13:
 258              		.loc 1 110 1 view .LVU56
 259 001e F4E7     		b	.L15
 260              	.L20:
 261              		.align	2
 262              	.L19:
 263 0020 00740040 		.word	1073771520
 264 0024 00380240 		.word	1073887232
 265 0028 00000240 		.word	1073872896
 266              		.cfi_endproc
 267              	.LFE237:
 269              		.global	hdac
 270              		.section	.bss.hdac,"aw",%nobits
 271              		.align	2
ARM GAS  /tmp/ccCGoahh.s 			page 8


 272              		.set	.LANCHOR0,. + 0
 275              	hdac:
 276 0000 00000000 		.space	20
 276      00000000 
 276      00000000 
 276      00000000 
 276      00000000 
 277              		.text
 278              	.Letext0:
 279              		.file 2 "/home/akinya/gcc-arm-none-eabi/arm-none-eabi/include/machine/_default_types.h"
 280              		.file 3 "/home/akinya/gcc-arm-none-eabi/arm-none-eabi/include/sys/_stdint.h"
 281              		.file 4 "Drivers/CMSIS/Device/ST/STM32F4xx/Include/stm32f407xx.h"
 282              		.file 5 "Drivers/STM32F4xx_HAL_Driver/Inc/stm32f4xx_hal_def.h"
 283              		.file 6 "Drivers/STM32F4xx_HAL_Driver/Inc/stm32f4xx_hal_gpio.h"
 284              		.file 7 "Drivers/STM32F4xx_HAL_Driver/Inc/stm32f4xx_hal_dma.h"
 285              		.file 8 "Drivers/STM32F4xx_HAL_Driver/Inc/stm32f4xx_hal_dac.h"
 286              		.file 9 "Core/Inc/main.h"
 287              		.file 10 "Core/Inc/dac.h"
ARM GAS  /tmp/ccCGoahh.s 			page 9


DEFINED SYMBOLS
                            *ABS*:0000000000000000 dac.c
     /tmp/ccCGoahh.s:18     .text.MX_DAC_Init:0000000000000000 $t
     /tmp/ccCGoahh.s:26     .text.MX_DAC_Init:0000000000000000 MX_DAC_Init
     /tmp/ccCGoahh.s:96     .text.MX_DAC_Init:0000000000000038 $d
     /tmp/ccCGoahh.s:102    .text.HAL_DAC_MspInit:0000000000000000 $t
     /tmp/ccCGoahh.s:109    .text.HAL_DAC_MspInit:0000000000000000 HAL_DAC_MspInit
     /tmp/ccCGoahh.s:207    .text.HAL_DAC_MspInit:0000000000000060 $d
     /tmp/ccCGoahh.s:213    .text.HAL_DAC_MspDeInit:0000000000000000 $t
     /tmp/ccCGoahh.s:220    .text.HAL_DAC_MspDeInit:0000000000000000 HAL_DAC_MspDeInit
     /tmp/ccCGoahh.s:263    .text.HAL_DAC_MspDeInit:0000000000000020 $d
     /tmp/ccCGoahh.s:275    .bss.hdac:0000000000000000 hdac
     /tmp/ccCGoahh.s:271    .bss.hdac:0000000000000000 $d

UNDEFINED SYMBOLS
HAL_DAC_Init
HAL_DAC_ConfigChannel
Error_Handler
HAL_GPIO_Init
HAL_GPIO_DeInit
