ARM GAS  /tmp/cc3tP7Dg.s 			page 1


   1              		.cpu cortex-m4
   2              		.eabi_attribute 27, 1
   3              		.eabi_attribute 28, 1
   4              		.eabi_attribute 20, 1
   5              		.eabi_attribute 21, 1
   6              		.eabi_attribute 23, 3
   7              		.eabi_attribute 24, 1
   8              		.eabi_attribute 25, 1
   9              		.eabi_attribute 26, 1
  10              		.eabi_attribute 30, 1
  11              		.eabi_attribute 34, 1
  12              		.eabi_attribute 18, 4
  13              		.file	"gpio.c"
  14              		.text
  15              	.Ltext0:
  16              		.cfi_sections	.debug_frame
  17              		.section	.text.MX_GPIO_Init,"ax",%progbits
  18              		.align	1
  19              		.global	MX_GPIO_Init
  20              		.arch armv7e-m
  21              		.syntax unified
  22              		.thumb
  23              		.thumb_func
  24              		.fpu fpv4-sp-d16
  26              	MX_GPIO_Init:
  27              	.LFB235:
  28              		.file 1 "Core/Src/gpio.c"
   1:Core/Src/gpio.c **** /**
   2:Core/Src/gpio.c ****   ******************************************************************************
   3:Core/Src/gpio.c ****   * @file    gpio.c
   4:Core/Src/gpio.c ****   * @brief   This file provides code for the configuration
   5:Core/Src/gpio.c ****   *          of all used GPIO pins.
   6:Core/Src/gpio.c ****   ******************************************************************************
   7:Core/Src/gpio.c ****   * @attention
   8:Core/Src/gpio.c ****   *
   9:Core/Src/gpio.c ****   * <h2><center>&copy; Copyright (c) 2021 STMicroelectronics.
  10:Core/Src/gpio.c ****   * All rights reserved.</center></h2>
  11:Core/Src/gpio.c ****   *
  12:Core/Src/gpio.c ****   * This software component is licensed by ST under Ultimate Liberty license
  13:Core/Src/gpio.c ****   * SLA0044, the "License"; You may not use this file except in compliance with
  14:Core/Src/gpio.c ****   * the License. You may obtain a copy of the License at:
  15:Core/Src/gpio.c ****   *                             www.st.com/SLA0044
  16:Core/Src/gpio.c ****   *
  17:Core/Src/gpio.c ****   ******************************************************************************
  18:Core/Src/gpio.c ****   */
  19:Core/Src/gpio.c **** 
  20:Core/Src/gpio.c **** /* Includes ------------------------------------------------------------------*/
  21:Core/Src/gpio.c **** #include "gpio.h"
  22:Core/Src/gpio.c **** 
  23:Core/Src/gpio.c **** /* USER CODE BEGIN 0 */
  24:Core/Src/gpio.c **** 
  25:Core/Src/gpio.c **** /* USER CODE END 0 */
  26:Core/Src/gpio.c **** 
  27:Core/Src/gpio.c **** /*----------------------------------------------------------------------------*/
  28:Core/Src/gpio.c **** /* Configure GPIO                                                             */
  29:Core/Src/gpio.c **** /*----------------------------------------------------------------------------*/
  30:Core/Src/gpio.c **** /* USER CODE BEGIN 1 */
ARM GAS  /tmp/cc3tP7Dg.s 			page 2


  31:Core/Src/gpio.c **** 
  32:Core/Src/gpio.c **** /* USER CODE END 1 */
  33:Core/Src/gpio.c **** 
  34:Core/Src/gpio.c **** /** Configure pins as
  35:Core/Src/gpio.c ****         * Analog
  36:Core/Src/gpio.c ****         * Input
  37:Core/Src/gpio.c ****         * Output
  38:Core/Src/gpio.c ****         * EVENT_OUT
  39:Core/Src/gpio.c ****         * EXTI
  40:Core/Src/gpio.c **** */
  41:Core/Src/gpio.c **** void MX_GPIO_Init(void)
  42:Core/Src/gpio.c **** {
  29              		.loc 1 42 1 view -0
  30              		.cfi_startproc
  31              		@ args = 0, pretend = 0, frame = 56
  32              		@ frame_needed = 0, uses_anonymous_args = 0
  33 0000 F0B5     		push	{r4, r5, r6, r7, lr}
  34              	.LCFI0:
  35              		.cfi_def_cfa_offset 20
  36              		.cfi_offset 4, -20
  37              		.cfi_offset 5, -16
  38              		.cfi_offset 6, -12
  39              		.cfi_offset 7, -8
  40              		.cfi_offset 14, -4
  41 0002 8FB0     		sub	sp, sp, #60
  42              	.LCFI1:
  43              		.cfi_def_cfa_offset 80
  43:Core/Src/gpio.c **** 
  44:Core/Src/gpio.c ****   GPIO_InitTypeDef GPIO_InitStruct = {0};
  44              		.loc 1 44 3 view .LVU1
  45              		.loc 1 44 20 is_stmt 0 view .LVU2
  46 0004 0024     		movs	r4, #0
  47 0006 0994     		str	r4, [sp, #36]
  48 0008 0A94     		str	r4, [sp, #40]
  49 000a 0B94     		str	r4, [sp, #44]
  50 000c 0C94     		str	r4, [sp, #48]
  51 000e 0D94     		str	r4, [sp, #52]
  45:Core/Src/gpio.c **** 
  46:Core/Src/gpio.c ****   /* GPIO Ports Clock Enable */
  47:Core/Src/gpio.c ****   __HAL_RCC_GPIOC_CLK_ENABLE();
  52              		.loc 1 47 3 is_stmt 1 view .LVU3
  53              	.LBB2:
  54              		.loc 1 47 3 view .LVU4
  55 0010 0194     		str	r4, [sp, #4]
  56              		.loc 1 47 3 view .LVU5
  57 0012 3A4B     		ldr	r3, .L3
  58 0014 1A6B     		ldr	r2, [r3, #48]
  59 0016 42F00402 		orr	r2, r2, #4
  60 001a 1A63     		str	r2, [r3, #48]
  61              		.loc 1 47 3 view .LVU6
  62 001c 1A6B     		ldr	r2, [r3, #48]
  63 001e 02F00402 		and	r2, r2, #4
  64 0022 0192     		str	r2, [sp, #4]
  65              		.loc 1 47 3 view .LVU7
  66 0024 019A     		ldr	r2, [sp, #4]
  67              	.LBE2:
  68              		.loc 1 47 3 view .LVU8
ARM GAS  /tmp/cc3tP7Dg.s 			page 3


  48:Core/Src/gpio.c ****   __HAL_RCC_GPIOF_CLK_ENABLE();
  69              		.loc 1 48 3 view .LVU9
  70              	.LBB3:
  71              		.loc 1 48 3 view .LVU10
  72 0026 0294     		str	r4, [sp, #8]
  73              		.loc 1 48 3 view .LVU11
  74 0028 1A6B     		ldr	r2, [r3, #48]
  75 002a 42F02002 		orr	r2, r2, #32
  76 002e 1A63     		str	r2, [r3, #48]
  77              		.loc 1 48 3 view .LVU12
  78 0030 1A6B     		ldr	r2, [r3, #48]
  79 0032 02F02002 		and	r2, r2, #32
  80 0036 0292     		str	r2, [sp, #8]
  81              		.loc 1 48 3 view .LVU13
  82 0038 029A     		ldr	r2, [sp, #8]
  83              	.LBE3:
  84              		.loc 1 48 3 view .LVU14
  49:Core/Src/gpio.c ****   __HAL_RCC_GPIOH_CLK_ENABLE();
  85              		.loc 1 49 3 view .LVU15
  86              	.LBB4:
  87              		.loc 1 49 3 view .LVU16
  88 003a 0394     		str	r4, [sp, #12]
  89              		.loc 1 49 3 view .LVU17
  90 003c 1A6B     		ldr	r2, [r3, #48]
  91 003e 42F08002 		orr	r2, r2, #128
  92 0042 1A63     		str	r2, [r3, #48]
  93              		.loc 1 49 3 view .LVU18
  94 0044 1A6B     		ldr	r2, [r3, #48]
  95 0046 02F08002 		and	r2, r2, #128
  96 004a 0392     		str	r2, [sp, #12]
  97              		.loc 1 49 3 view .LVU19
  98 004c 039A     		ldr	r2, [sp, #12]
  99              	.LBE4:
 100              		.loc 1 49 3 view .LVU20
  50:Core/Src/gpio.c ****   __HAL_RCC_GPIOA_CLK_ENABLE();
 101              		.loc 1 50 3 view .LVU21
 102              	.LBB5:
 103              		.loc 1 50 3 view .LVU22
 104 004e 0494     		str	r4, [sp, #16]
 105              		.loc 1 50 3 view .LVU23
 106 0050 1A6B     		ldr	r2, [r3, #48]
 107 0052 42F00102 		orr	r2, r2, #1
 108 0056 1A63     		str	r2, [r3, #48]
 109              		.loc 1 50 3 view .LVU24
 110 0058 1A6B     		ldr	r2, [r3, #48]
 111 005a 02F00102 		and	r2, r2, #1
 112 005e 0492     		str	r2, [sp, #16]
 113              		.loc 1 50 3 view .LVU25
 114 0060 049A     		ldr	r2, [sp, #16]
 115              	.LBE5:
 116              		.loc 1 50 3 view .LVU26
  51:Core/Src/gpio.c ****   __HAL_RCC_GPIOE_CLK_ENABLE();
 117              		.loc 1 51 3 view .LVU27
 118              	.LBB6:
 119              		.loc 1 51 3 view .LVU28
 120 0062 0594     		str	r4, [sp, #20]
 121              		.loc 1 51 3 view .LVU29
ARM GAS  /tmp/cc3tP7Dg.s 			page 4


 122 0064 1A6B     		ldr	r2, [r3, #48]
 123 0066 42F01002 		orr	r2, r2, #16
 124 006a 1A63     		str	r2, [r3, #48]
 125              		.loc 1 51 3 view .LVU30
 126 006c 1A6B     		ldr	r2, [r3, #48]
 127 006e 02F01002 		and	r2, r2, #16
 128 0072 0592     		str	r2, [sp, #20]
 129              		.loc 1 51 3 view .LVU31
 130 0074 059A     		ldr	r2, [sp, #20]
 131              	.LBE6:
 132              		.loc 1 51 3 view .LVU32
  52:Core/Src/gpio.c ****   __HAL_RCC_GPIOB_CLK_ENABLE();
 133              		.loc 1 52 3 view .LVU33
 134              	.LBB7:
 135              		.loc 1 52 3 view .LVU34
 136 0076 0694     		str	r4, [sp, #24]
 137              		.loc 1 52 3 view .LVU35
 138 0078 1A6B     		ldr	r2, [r3, #48]
 139 007a 42F00202 		orr	r2, r2, #2
 140 007e 1A63     		str	r2, [r3, #48]
 141              		.loc 1 52 3 view .LVU36
 142 0080 1A6B     		ldr	r2, [r3, #48]
 143 0082 02F00202 		and	r2, r2, #2
 144 0086 0692     		str	r2, [sp, #24]
 145              		.loc 1 52 3 view .LVU37
 146 0088 069A     		ldr	r2, [sp, #24]
 147              	.LBE7:
 148              		.loc 1 52 3 view .LVU38
  53:Core/Src/gpio.c ****   __HAL_RCC_GPIOD_CLK_ENABLE();
 149              		.loc 1 53 3 view .LVU39
 150              	.LBB8:
 151              		.loc 1 53 3 view .LVU40
 152 008a 0794     		str	r4, [sp, #28]
 153              		.loc 1 53 3 view .LVU41
 154 008c 1A6B     		ldr	r2, [r3, #48]
 155 008e 42F00802 		orr	r2, r2, #8
 156 0092 1A63     		str	r2, [r3, #48]
 157              		.loc 1 53 3 view .LVU42
 158 0094 1A6B     		ldr	r2, [r3, #48]
 159 0096 02F00802 		and	r2, r2, #8
 160 009a 0792     		str	r2, [sp, #28]
 161              		.loc 1 53 3 view .LVU43
 162 009c 079A     		ldr	r2, [sp, #28]
 163              	.LBE8:
 164              		.loc 1 53 3 view .LVU44
  54:Core/Src/gpio.c ****   __HAL_RCC_GPIOG_CLK_ENABLE();
 165              		.loc 1 54 3 view .LVU45
 166              	.LBB9:
 167              		.loc 1 54 3 view .LVU46
 168 009e 0894     		str	r4, [sp, #32]
 169              		.loc 1 54 3 view .LVU47
 170 00a0 1A6B     		ldr	r2, [r3, #48]
 171 00a2 42F04002 		orr	r2, r2, #64
 172 00a6 1A63     		str	r2, [r3, #48]
 173              		.loc 1 54 3 view .LVU48
 174 00a8 1B6B     		ldr	r3, [r3, #48]
 175 00aa 03F04003 		and	r3, r3, #64
ARM GAS  /tmp/cc3tP7Dg.s 			page 5


 176 00ae 0893     		str	r3, [sp, #32]
 177              		.loc 1 54 3 view .LVU49
 178 00b0 089B     		ldr	r3, [sp, #32]
 179              	.LBE9:
 180              		.loc 1 54 3 view .LVU50
  55:Core/Src/gpio.c **** 
  56:Core/Src/gpio.c ****   /*Configure GPIO pin Output Level */
  57:Core/Src/gpio.c ****   HAL_GPIO_WritePin(GPIOF, LED_Pin|Cross1_Pin|Cross2_Pin|TwoWay_Pin, GPIO_PIN_RESET);
 181              		.loc 1 57 3 view .LVU51
 182 00b2 134F     		ldr	r7, .L3+4
 183 00b4 2246     		mov	r2, r4
 184 00b6 4FF46241 		mov	r1, #57856
 185 00ba 3846     		mov	r0, r7
 186 00bc FFF7FEFF 		bl	HAL_GPIO_WritePin
 187              	.LVL0:
  58:Core/Src/gpio.c **** 
  59:Core/Src/gpio.c ****   /*Configure GPIO pin Output Level */
  60:Core/Src/gpio.c ****   HAL_GPIO_WritePin(GPIOB, GPIO_PIN_15, GPIO_PIN_RESET);
 188              		.loc 1 60 3 view .LVU52
 189 00c0 104D     		ldr	r5, .L3+8
 190 00c2 2246     		mov	r2, r4
 191 00c4 4FF40041 		mov	r1, #32768
 192 00c8 2846     		mov	r0, r5
 193 00ca FFF7FEFF 		bl	HAL_GPIO_WritePin
 194              	.LVL1:
  61:Core/Src/gpio.c **** 
  62:Core/Src/gpio.c ****   /*Configure GPIO pins : PFPin PFPin PFPin PFPin */
  63:Core/Src/gpio.c ****   GPIO_InitStruct.Pin = LED_Pin|Cross1_Pin|Cross2_Pin|TwoWay_Pin;
 195              		.loc 1 63 3 view .LVU53
 196              		.loc 1 63 23 is_stmt 0 view .LVU54
 197 00ce 4FF46243 		mov	r3, #57856
 198 00d2 0993     		str	r3, [sp, #36]
  64:Core/Src/gpio.c ****   GPIO_InitStruct.Mode = GPIO_MODE_OUTPUT_PP;
 199              		.loc 1 64 3 is_stmt 1 view .LVU55
 200              		.loc 1 64 24 is_stmt 0 view .LVU56
 201 00d4 0126     		movs	r6, #1
 202 00d6 0A96     		str	r6, [sp, #40]
  65:Core/Src/gpio.c ****   GPIO_InitStruct.Pull = GPIO_NOPULL;
 203              		.loc 1 65 3 is_stmt 1 view .LVU57
 204              		.loc 1 65 24 is_stmt 0 view .LVU58
 205 00d8 0B94     		str	r4, [sp, #44]
  66:Core/Src/gpio.c ****   GPIO_InitStruct.Speed = GPIO_SPEED_FREQ_LOW;
 206              		.loc 1 66 3 is_stmt 1 view .LVU59
 207              		.loc 1 66 25 is_stmt 0 view .LVU60
 208 00da 0C94     		str	r4, [sp, #48]
  67:Core/Src/gpio.c ****   HAL_GPIO_Init(GPIOF, &GPIO_InitStruct);
 209              		.loc 1 67 3 is_stmt 1 view .LVU61
 210 00dc 09A9     		add	r1, sp, #36
 211 00de 3846     		mov	r0, r7
 212 00e0 FFF7FEFF 		bl	HAL_GPIO_Init
 213              	.LVL2:
  68:Core/Src/gpio.c **** 
  69:Core/Src/gpio.c ****   /*Configure GPIO pin : PB15 */
  70:Core/Src/gpio.c ****   GPIO_InitStruct.Pin = GPIO_PIN_15;
 214              		.loc 1 70 3 view .LVU62
 215              		.loc 1 70 23 is_stmt 0 view .LVU63
 216 00e4 4FF40043 		mov	r3, #32768
ARM GAS  /tmp/cc3tP7Dg.s 			page 6


 217 00e8 0993     		str	r3, [sp, #36]
  71:Core/Src/gpio.c ****   GPIO_InitStruct.Mode = GPIO_MODE_OUTPUT_PP;
 218              		.loc 1 71 3 is_stmt 1 view .LVU64
 219              		.loc 1 71 24 is_stmt 0 view .LVU65
 220 00ea 0A96     		str	r6, [sp, #40]
  72:Core/Src/gpio.c ****   GPIO_InitStruct.Pull = GPIO_NOPULL;
 221              		.loc 1 72 3 is_stmt 1 view .LVU66
 222              		.loc 1 72 24 is_stmt 0 view .LVU67
 223 00ec 0B94     		str	r4, [sp, #44]
  73:Core/Src/gpio.c ****   GPIO_InitStruct.Speed = GPIO_SPEED_FREQ_LOW;
 224              		.loc 1 73 3 is_stmt 1 view .LVU68
 225              		.loc 1 73 25 is_stmt 0 view .LVU69
 226 00ee 0C94     		str	r4, [sp, #48]
  74:Core/Src/gpio.c ****   HAL_GPIO_Init(GPIOB, &GPIO_InitStruct);
 227              		.loc 1 74 3 is_stmt 1 view .LVU70
 228 00f0 09A9     		add	r1, sp, #36
 229 00f2 2846     		mov	r0, r5
 230 00f4 FFF7FEFF 		bl	HAL_GPIO_Init
 231              	.LVL3:
  75:Core/Src/gpio.c **** 
  76:Core/Src/gpio.c **** }
 232              		.loc 1 76 1 is_stmt 0 view .LVU71
 233 00f8 0FB0     		add	sp, sp, #60
 234              	.LCFI2:
 235              		.cfi_def_cfa_offset 20
 236              		@ sp needed
 237 00fa F0BD     		pop	{r4, r5, r6, r7, pc}
 238              	.L4:
 239              		.align	2
 240              	.L3:
 241 00fc 00380240 		.word	1073887232
 242 0100 00140240 		.word	1073878016
 243 0104 00040240 		.word	1073873920
 244              		.cfi_endproc
 245              	.LFE235:
 247              		.text
 248              	.Letext0:
 249              		.file 2 "/home/akinya/gcc-arm-none-eabi/arm-none-eabi/include/machine/_default_types.h"
 250              		.file 3 "/home/akinya/gcc-arm-none-eabi/arm-none-eabi/include/sys/_stdint.h"
 251              		.file 4 "Drivers/CMSIS/Device/ST/STM32F4xx/Include/stm32f407xx.h"
 252              		.file 5 "Drivers/STM32F4xx_HAL_Driver/Inc/stm32f4xx_hal_gpio.h"
ARM GAS  /tmp/cc3tP7Dg.s 			page 7


DEFINED SYMBOLS
                            *ABS*:0000000000000000 gpio.c
     /tmp/cc3tP7Dg.s:18     .text.MX_GPIO_Init:0000000000000000 $t
     /tmp/cc3tP7Dg.s:26     .text.MX_GPIO_Init:0000000000000000 MX_GPIO_Init
     /tmp/cc3tP7Dg.s:241    .text.MX_GPIO_Init:00000000000000fc $d

UNDEFINED SYMBOLS
HAL_GPIO_WritePin
HAL_GPIO_Init
