ARM GAS  /tmp/ccDAmWc8.s 			page 1


   1              		.cpu cortex-m4
   2              		.eabi_attribute 27, 1
   3              		.eabi_attribute 28, 1
   4              		.eabi_attribute 20, 1
   5              		.eabi_attribute 21, 1
   6              		.eabi_attribute 23, 3
   7              		.eabi_attribute 24, 1
   8              		.eabi_attribute 25, 1
   9              		.eabi_attribute 26, 1
  10              		.eabi_attribute 30, 1
  11              		.eabi_attribute 34, 1
  12              		.eabi_attribute 18, 4
  13              		.file	"img_caret_down.c"
  14              		.text
  15              	.Ltext0:
  16              		.cfi_sections	.debug_frame
  17              		.global	img_caret_down
  18              		.global	img_caret_down_map
  19              		.section	.rodata.img_caret_down,"a"
  20              		.align	2
  23              	img_caret_down:
  24 0000 05       		.byte	5
  25 0001 34       		.byte	52
  26 0002 00       		.byte	0
  27 0003 01       		.byte	1
  28 0004 38010000 		.word	312
  29 0008 00000000 		.word	img_caret_down_map
  30              		.section	.rodata.img_caret_down_map,"a"
  31              		.align	2
  34              	img_caret_down_map:
  35 0000 294A0028 		.ascii	")J\000(B\004e)\010e)\010e)\010e)\010e)\010e)\010e)\010"
  35      42046529 
  35      08652908 
  35      65290865 
  35      29086529 
  36 001b 65290865 		.ascii	"e)\010e)\010\2061\010\020\204\000!\010\000!\010\354"
  36      29088631 
  36      08108400 
  36      21080021 
  36      08EC
  37 002d 0000FF00 		.ascii	"\000\000\377\000\000\377\000\000\377\000\000\377\000"
  37      00FF0000 
  37      FF0000FF 
  37      00
  38 003a 00FF0000 		.ascii	"\000\377\000\000\377\000\000\377\000\000\377\000\000"
  38      FF0000FF 
  38      0000FF00 
  38      00
  39 0047 FF0000F0 		.ascii	"\377\000\000\360A\010tA\010\000A\010\203\000\000\377"
  39      41087441 
  39      08004108 
  39      830000FF 
  40 0057 0000FF00 		.ascii	"\000\000\377\000\000\377\000\000\377\000\000\377\000"
  40      00FF0000 
  40      FF0000FF 
  40      00
  41 0064 00FF0000 		.ascii	"\000\377\000\000\377\000\000\377\000\000\377 \000\320"
ARM GAS  /tmp/ccDAmWc8.s 			page 2


  41      FF0000FF 
  41      0000FF20 
  41      00D0
  42 0072 A2102700 		.ascii	"\242\020'\000\000\000\000\000\000A\010\204\000\000\377"
  42      00000000 
  42      00410884 
  42      0000FF
  43 0081 0000FF00 		.ascii	"\000\000\377\000\000\377\000\000\377\000\000\377\000"
  43      00FF0000 
  43      FF0000FF 
  43      00
  44 008e 00FF0000 		.ascii	"\000\377\000\000\377 \000\323\242\020'\000\000\000A"
  44      FF2000D3 
  44      A2102700 
  44      000041
  45 009d 08000000 		.ascii	"\010\000\000\000\000\242\020\000A\010\207\000\000\377"
  45      00A21000 
  45      41088700 
  45      00FF
  46 00ab 0000FF00 		.ascii	"\000\000\377\000\000\377\000\000\377\000\000\377\000"
  46      00FF0000 
  46      FF0000FF 
  46      00
  47 00b8 00D4A210 		.ascii	"\000\324\242\020'\000\000\000b\020\000\000\000\000A"
  47      27000000 
  47      62100000 
  47      000041
  48 00c7 08000000 		.ascii	"\010\000\000\000\000\202\020\003A\010\207\000\000\377"
  48      00821003 
  48      41088700 
  48      00FF
  49 00d5 0000FF00 		.ascii	"\000\000\377\000\000\377 \000\327\242\020(\000\000\000"
  49      00FF2000 
  49      D7A21028 
  49      000000
  50 00e4 62100000 		.ascii	"b\020\000\000\000\000\000\000\000\000\000\000A\010\000"
  50      00000000 
  50      00000000 
  50      410800
  51 00f3 00000062 		.ascii	"\000\000\000b\020\003A\010\210\000\000\377\000\000\330"
  51      10034108 
  51      880000FF 
  51      0000D8
  52 0102 82102800 		.ascii	"\202\020(\000\000\000b\020\000\000\000\000\000\000\000"
  52      00006210 
  52      00000000 
  52      000000
  53 0111 00000000 		.ascii	"\000\000\000\000\000\000\000\000\000A\010\000\000\000"
  53      00000000 
  53      00410800 
  53      0000
  54 011f 00A21003 		.ascii	"\000\242\020\003b\020_\202\020,\000\000\000a\010\000"
  54      62105F82 
  54      102C0000 
  54      00610800 
  55 012f 00000000 		.ascii	"\000\000\000\000\000\000\000\000\000"
  55      00000000 
ARM GAS  /tmp/ccDAmWc8.s 			page 3


  55      00
  56              		.text
  57              	.Letext0:
  58              		.file 1 "/home/akinya/gcc-arm-none-eabi/arm-none-eabi/include/machine/_default_types.h"
  59              		.file 2 "/home/akinya/gcc-arm-none-eabi/arm-none-eabi/include/sys/_stdint.h"
  60              		.file 3 "Middlewares/lvgl/src/core/lv_obj.h"
  61              		.file 4 "Middlewares/lvgl/src/core/../draw/lv_img_buf.h"
  62              		.file 5 "Middlewares/lvgl/src/widgets/lv_bar.h"
  63              		.file 6 "Middlewares/lvgl/src/extra/widgets/imgbtn/lv_imgbtn.h"
  64              		.file 7 "Middlewares/lvgl/examples/assets/img_caret_down.c"
ARM GAS  /tmp/ccDAmWc8.s 			page 4


DEFINED SYMBOLS
                            *ABS*:0000000000000000 img_caret_down.c
     /tmp/ccDAmWc8.s:23     .rodata.img_caret_down:0000000000000000 img_caret_down
     /tmp/ccDAmWc8.s:34     .rodata.img_caret_down_map:0000000000000000 img_caret_down_map
     /tmp/ccDAmWc8.s:20     .rodata.img_caret_down:0000000000000000 $d
     /tmp/ccDAmWc8.s:31     .rodata.img_caret_down_map:0000000000000000 $d

NO UNDEFINED SYMBOLS
