ARM GAS  /tmp/ccxyEXvd.s 			page 1


   1              		.cpu cortex-m4
   2              		.eabi_attribute 27, 1
   3              		.eabi_attribute 28, 1
   4              		.eabi_attribute 20, 1
   5              		.eabi_attribute 21, 1
   6              		.eabi_attribute 23, 3
   7              		.eabi_attribute 24, 1
   8              		.eabi_attribute 25, 1
   9              		.eabi_attribute 26, 1
  10              		.eabi_attribute 30, 1
  11              		.eabi_attribute 34, 1
  12              		.eabi_attribute 18, 4
  13              		.file	"lv_example_switch_1.c"
  14              		.text
  15              	.Ltext0:
  16              		.cfi_sections	.debug_frame
  17              		.section	.text.event_handler,"ax",%progbits
  18              		.align	1
  19              		.arch armv7e-m
  20              		.syntax unified
  21              		.thumb
  22              		.thumb_func
  23              		.fpu fpv4-sp-d16
  25              	event_handler:
  26              	.LVL0:
  27              	.LFB184:
  28              		.file 1 "Middlewares/lvgl/examples/widgets/switch/lv_example_switch_1.c"
   1:Middlewares/lvgl/examples/widgets/switch/lv_example_switch_1.c **** #include "../../lv_examples.h"
   2:Middlewares/lvgl/examples/widgets/switch/lv_example_switch_1.c **** #if LV_USE_SWITCH && LV_BUILD_EXAMPLES
   3:Middlewares/lvgl/examples/widgets/switch/lv_example_switch_1.c **** 
   4:Middlewares/lvgl/examples/widgets/switch/lv_example_switch_1.c **** static void event_handler(lv_event_t * e)
   5:Middlewares/lvgl/examples/widgets/switch/lv_example_switch_1.c **** {
  29              		.loc 1 5 1 view -0
  30              		.cfi_startproc
  31              		@ args = 0, pretend = 0, frame = 0
  32              		@ frame_needed = 0, uses_anonymous_args = 0
  33              		.loc 1 5 1 is_stmt 0 view .LVU1
  34 0000 10B5     		push	{r4, lr}
  35              	.LCFI0:
  36              		.cfi_def_cfa_offset 8
  37              		.cfi_offset 4, -8
  38              		.cfi_offset 14, -4
  39 0002 0446     		mov	r4, r0
   6:Middlewares/lvgl/examples/widgets/switch/lv_example_switch_1.c ****     lv_event_code_t code = lv_event_get_code(e);
  40              		.loc 1 6 5 is_stmt 1 view .LVU2
  41              		.loc 1 6 28 is_stmt 0 view .LVU3
  42 0004 FFF7FEFF 		bl	lv_event_get_code
  43              	.LVL1:
   7:Middlewares/lvgl/examples/widgets/switch/lv_example_switch_1.c ****     lv_obj_t * obj = lv_event_get_target(e);
  44              		.loc 1 7 5 is_stmt 1 view .LVU4
  45              		.loc 1 7 22 is_stmt 0 view .LVU5
  46 0008 2046     		mov	r0, r4
  47 000a FFF7FEFF 		bl	lv_event_get_target
  48              	.LVL2:
   8:Middlewares/lvgl/examples/widgets/switch/lv_example_switch_1.c ****     if(code == LV_EVENT_VALUE_CHANGED) {
  49              		.loc 1 8 5 is_stmt 1 view .LVU6
   9:Middlewares/lvgl/examples/widgets/switch/lv_example_switch_1.c ****         LV_LOG_USER("State: %s\n", lv_obj_has_state(obj, LV_STATE_CHECKED) ? "On" : "Off");
ARM GAS  /tmp/ccxyEXvd.s 			page 2


  50              		.loc 1 9 91 view .LVU7
  10:Middlewares/lvgl/examples/widgets/switch/lv_example_switch_1.c ****     }
  11:Middlewares/lvgl/examples/widgets/switch/lv_example_switch_1.c **** }
  51              		.loc 1 11 1 is_stmt 0 view .LVU8
  52 000e 10BD     		pop	{r4, pc}
  53              		.loc 1 11 1 view .LVU9
  54              		.cfi_endproc
  55              	.LFE184:
  57              		.section	.text.lv_example_switch_1,"ax",%progbits
  58              		.align	1
  59              		.global	lv_example_switch_1
  60              		.syntax unified
  61              		.thumb
  62              		.thumb_func
  63              		.fpu fpv4-sp-d16
  65              	lv_example_switch_1:
  66              	.LFB185:
  12:Middlewares/lvgl/examples/widgets/switch/lv_example_switch_1.c **** 
  13:Middlewares/lvgl/examples/widgets/switch/lv_example_switch_1.c **** void lv_example_switch_1(void)
  14:Middlewares/lvgl/examples/widgets/switch/lv_example_switch_1.c **** {
  67              		.loc 1 14 1 is_stmt 1 view -0
  68              		.cfi_startproc
  69              		@ args = 0, pretend = 0, frame = 0
  70              		@ frame_needed = 0, uses_anonymous_args = 0
  71 0000 38B5     		push	{r3, r4, r5, lr}
  72              	.LCFI1:
  73              		.cfi_def_cfa_offset 16
  74              		.cfi_offset 3, -16
  75              		.cfi_offset 4, -12
  76              		.cfi_offset 5, -8
  77              		.cfi_offset 14, -4
  15:Middlewares/lvgl/examples/widgets/switch/lv_example_switch_1.c ****     lv_obj_set_flex_flow(lv_scr_act(), LV_FLEX_FLOW_COLUMN);
  78              		.loc 1 15 5 view .LVU11
  79              	.LBB14:
  80              	.LBI14:
  81              		.file 2 "Middlewares/lvgl/examples/widgets/switch/../../../src/core/lv_disp.h"
   1:Middlewares/lvgl/examples/widgets/switch/../../../src/core/lv_disp.h **** /**
   2:Middlewares/lvgl/examples/widgets/switch/../../../src/core/lv_disp.h ****  * @file lv_disp.h
   3:Middlewares/lvgl/examples/widgets/switch/../../../src/core/lv_disp.h ****  *
   4:Middlewares/lvgl/examples/widgets/switch/../../../src/core/lv_disp.h ****  */
   5:Middlewares/lvgl/examples/widgets/switch/../../../src/core/lv_disp.h **** 
   6:Middlewares/lvgl/examples/widgets/switch/../../../src/core/lv_disp.h **** #ifndef LV_DISP_H
   7:Middlewares/lvgl/examples/widgets/switch/../../../src/core/lv_disp.h **** #define LV_DISP_H
   8:Middlewares/lvgl/examples/widgets/switch/../../../src/core/lv_disp.h **** 
   9:Middlewares/lvgl/examples/widgets/switch/../../../src/core/lv_disp.h **** #ifdef __cplusplus
  10:Middlewares/lvgl/examples/widgets/switch/../../../src/core/lv_disp.h **** extern "C" {
  11:Middlewares/lvgl/examples/widgets/switch/../../../src/core/lv_disp.h **** #endif
  12:Middlewares/lvgl/examples/widgets/switch/../../../src/core/lv_disp.h **** 
  13:Middlewares/lvgl/examples/widgets/switch/../../../src/core/lv_disp.h **** /*********************
  14:Middlewares/lvgl/examples/widgets/switch/../../../src/core/lv_disp.h ****  *      INCLUDES
  15:Middlewares/lvgl/examples/widgets/switch/../../../src/core/lv_disp.h ****  *********************/
  16:Middlewares/lvgl/examples/widgets/switch/../../../src/core/lv_disp.h **** #include "../hal/lv_hal.h"
  17:Middlewares/lvgl/examples/widgets/switch/../../../src/core/lv_disp.h **** #include "lv_obj.h"
  18:Middlewares/lvgl/examples/widgets/switch/../../../src/core/lv_disp.h **** #include "lv_theme.h"
  19:Middlewares/lvgl/examples/widgets/switch/../../../src/core/lv_disp.h **** 
  20:Middlewares/lvgl/examples/widgets/switch/../../../src/core/lv_disp.h **** /*********************
  21:Middlewares/lvgl/examples/widgets/switch/../../../src/core/lv_disp.h ****  *      DEFINES
ARM GAS  /tmp/ccxyEXvd.s 			page 3


  22:Middlewares/lvgl/examples/widgets/switch/../../../src/core/lv_disp.h ****  *********************/
  23:Middlewares/lvgl/examples/widgets/switch/../../../src/core/lv_disp.h **** 
  24:Middlewares/lvgl/examples/widgets/switch/../../../src/core/lv_disp.h **** /**********************
  25:Middlewares/lvgl/examples/widgets/switch/../../../src/core/lv_disp.h ****  *      TYPEDEFS
  26:Middlewares/lvgl/examples/widgets/switch/../../../src/core/lv_disp.h ****  **********************/
  27:Middlewares/lvgl/examples/widgets/switch/../../../src/core/lv_disp.h **** 
  28:Middlewares/lvgl/examples/widgets/switch/../../../src/core/lv_disp.h **** typedef enum {
  29:Middlewares/lvgl/examples/widgets/switch/../../../src/core/lv_disp.h ****     LV_SCR_LOAD_ANIM_NONE,
  30:Middlewares/lvgl/examples/widgets/switch/../../../src/core/lv_disp.h ****     LV_SCR_LOAD_ANIM_OVER_LEFT,
  31:Middlewares/lvgl/examples/widgets/switch/../../../src/core/lv_disp.h ****     LV_SCR_LOAD_ANIM_OVER_RIGHT,
  32:Middlewares/lvgl/examples/widgets/switch/../../../src/core/lv_disp.h ****     LV_SCR_LOAD_ANIM_OVER_TOP,
  33:Middlewares/lvgl/examples/widgets/switch/../../../src/core/lv_disp.h ****     LV_SCR_LOAD_ANIM_OVER_BOTTOM,
  34:Middlewares/lvgl/examples/widgets/switch/../../../src/core/lv_disp.h ****     LV_SCR_LOAD_ANIM_MOVE_LEFT,
  35:Middlewares/lvgl/examples/widgets/switch/../../../src/core/lv_disp.h ****     LV_SCR_LOAD_ANIM_MOVE_RIGHT,
  36:Middlewares/lvgl/examples/widgets/switch/../../../src/core/lv_disp.h ****     LV_SCR_LOAD_ANIM_MOVE_TOP,
  37:Middlewares/lvgl/examples/widgets/switch/../../../src/core/lv_disp.h ****     LV_SCR_LOAD_ANIM_MOVE_BOTTOM,
  38:Middlewares/lvgl/examples/widgets/switch/../../../src/core/lv_disp.h ****     LV_SCR_LOAD_ANIM_FADE_ON,
  39:Middlewares/lvgl/examples/widgets/switch/../../../src/core/lv_disp.h **** } lv_scr_load_anim_t;
  40:Middlewares/lvgl/examples/widgets/switch/../../../src/core/lv_disp.h **** 
  41:Middlewares/lvgl/examples/widgets/switch/../../../src/core/lv_disp.h **** /**********************
  42:Middlewares/lvgl/examples/widgets/switch/../../../src/core/lv_disp.h ****  * GLOBAL PROTOTYPES
  43:Middlewares/lvgl/examples/widgets/switch/../../../src/core/lv_disp.h ****  **********************/
  44:Middlewares/lvgl/examples/widgets/switch/../../../src/core/lv_disp.h **** 
  45:Middlewares/lvgl/examples/widgets/switch/../../../src/core/lv_disp.h **** /**
  46:Middlewares/lvgl/examples/widgets/switch/../../../src/core/lv_disp.h ****  * Return with a pointer to the active screen
  47:Middlewares/lvgl/examples/widgets/switch/../../../src/core/lv_disp.h ****  * @param disp pointer to display which active screen should be get. (NULL to use the default
  48:Middlewares/lvgl/examples/widgets/switch/../../../src/core/lv_disp.h ****  * screen)
  49:Middlewares/lvgl/examples/widgets/switch/../../../src/core/lv_disp.h ****  * @return pointer to the active screen object (loaded by 'lv_scr_load()')
  50:Middlewares/lvgl/examples/widgets/switch/../../../src/core/lv_disp.h ****  */
  51:Middlewares/lvgl/examples/widgets/switch/../../../src/core/lv_disp.h **** lv_obj_t * lv_disp_get_scr_act(lv_disp_t * disp);
  52:Middlewares/lvgl/examples/widgets/switch/../../../src/core/lv_disp.h **** 
  53:Middlewares/lvgl/examples/widgets/switch/../../../src/core/lv_disp.h **** /**
  54:Middlewares/lvgl/examples/widgets/switch/../../../src/core/lv_disp.h ****  * Return with a pointer to the previous screen. Only used during screen transitions.
  55:Middlewares/lvgl/examples/widgets/switch/../../../src/core/lv_disp.h ****  * @param disp pointer to display which previous screen should be get. (NULL to use the default
  56:Middlewares/lvgl/examples/widgets/switch/../../../src/core/lv_disp.h ****  * screen)
  57:Middlewares/lvgl/examples/widgets/switch/../../../src/core/lv_disp.h ****  * @return pointer to the previous screen object or NULL if not used now
  58:Middlewares/lvgl/examples/widgets/switch/../../../src/core/lv_disp.h ****  */
  59:Middlewares/lvgl/examples/widgets/switch/../../../src/core/lv_disp.h **** lv_obj_t * lv_disp_get_scr_prev(lv_disp_t * disp);
  60:Middlewares/lvgl/examples/widgets/switch/../../../src/core/lv_disp.h **** 
  61:Middlewares/lvgl/examples/widgets/switch/../../../src/core/lv_disp.h **** /**
  62:Middlewares/lvgl/examples/widgets/switch/../../../src/core/lv_disp.h ****  * Make a screen active
  63:Middlewares/lvgl/examples/widgets/switch/../../../src/core/lv_disp.h ****  * @param scr pointer to a screen
  64:Middlewares/lvgl/examples/widgets/switch/../../../src/core/lv_disp.h ****  */
  65:Middlewares/lvgl/examples/widgets/switch/../../../src/core/lv_disp.h **** void lv_disp_load_scr(lv_obj_t * scr);
  66:Middlewares/lvgl/examples/widgets/switch/../../../src/core/lv_disp.h **** 
  67:Middlewares/lvgl/examples/widgets/switch/../../../src/core/lv_disp.h **** /**
  68:Middlewares/lvgl/examples/widgets/switch/../../../src/core/lv_disp.h ****  * Return with the top layer. (Same on every screen and it is above the normal screen layer)
  69:Middlewares/lvgl/examples/widgets/switch/../../../src/core/lv_disp.h ****  * @param disp pointer to display which top layer should be get. (NULL to use the default screen)
  70:Middlewares/lvgl/examples/widgets/switch/../../../src/core/lv_disp.h ****  * @return pointer to the top layer object  (transparent screen sized lv_obj)
  71:Middlewares/lvgl/examples/widgets/switch/../../../src/core/lv_disp.h ****  */
  72:Middlewares/lvgl/examples/widgets/switch/../../../src/core/lv_disp.h **** lv_obj_t * lv_disp_get_layer_top(lv_disp_t * disp);
  73:Middlewares/lvgl/examples/widgets/switch/../../../src/core/lv_disp.h **** 
  74:Middlewares/lvgl/examples/widgets/switch/../../../src/core/lv_disp.h **** /**
  75:Middlewares/lvgl/examples/widgets/switch/../../../src/core/lv_disp.h ****  * Return with the sys. layer. (Same on every screen and it is above the normal screen and the top
  76:Middlewares/lvgl/examples/widgets/switch/../../../src/core/lv_disp.h ****  * layer)
  77:Middlewares/lvgl/examples/widgets/switch/../../../src/core/lv_disp.h ****  * @param disp pointer to display which sys. layer  should be get. (NULL to use the default screen)
  78:Middlewares/lvgl/examples/widgets/switch/../../../src/core/lv_disp.h ****  * @return pointer to the sys layer object  (transparent screen sized lv_obj)
ARM GAS  /tmp/ccxyEXvd.s 			page 4


  79:Middlewares/lvgl/examples/widgets/switch/../../../src/core/lv_disp.h ****  */
  80:Middlewares/lvgl/examples/widgets/switch/../../../src/core/lv_disp.h **** lv_obj_t * lv_disp_get_layer_sys(lv_disp_t * disp);
  81:Middlewares/lvgl/examples/widgets/switch/../../../src/core/lv_disp.h **** 
  82:Middlewares/lvgl/examples/widgets/switch/../../../src/core/lv_disp.h **** /**
  83:Middlewares/lvgl/examples/widgets/switch/../../../src/core/lv_disp.h ****  * Get the theme of a display
  84:Middlewares/lvgl/examples/widgets/switch/../../../src/core/lv_disp.h ****  * @param disp pointer to a display
  85:Middlewares/lvgl/examples/widgets/switch/../../../src/core/lv_disp.h ****  * @return the display's theme (can be NULL)
  86:Middlewares/lvgl/examples/widgets/switch/../../../src/core/lv_disp.h ****  */
  87:Middlewares/lvgl/examples/widgets/switch/../../../src/core/lv_disp.h **** void lv_disp_set_theme(lv_disp_t * disp, lv_theme_t * th);
  88:Middlewares/lvgl/examples/widgets/switch/../../../src/core/lv_disp.h **** 
  89:Middlewares/lvgl/examples/widgets/switch/../../../src/core/lv_disp.h **** /**
  90:Middlewares/lvgl/examples/widgets/switch/../../../src/core/lv_disp.h ****  * Get the theme of a display
  91:Middlewares/lvgl/examples/widgets/switch/../../../src/core/lv_disp.h ****  * @param disp pointer to a display
  92:Middlewares/lvgl/examples/widgets/switch/../../../src/core/lv_disp.h ****  * @return the display's theme (can be NULL)
  93:Middlewares/lvgl/examples/widgets/switch/../../../src/core/lv_disp.h ****  */
  94:Middlewares/lvgl/examples/widgets/switch/../../../src/core/lv_disp.h **** lv_theme_t * lv_disp_get_theme(lv_disp_t * disp);
  95:Middlewares/lvgl/examples/widgets/switch/../../../src/core/lv_disp.h **** 
  96:Middlewares/lvgl/examples/widgets/switch/../../../src/core/lv_disp.h **** /**
  97:Middlewares/lvgl/examples/widgets/switch/../../../src/core/lv_disp.h ****  * Set the background color of a display
  98:Middlewares/lvgl/examples/widgets/switch/../../../src/core/lv_disp.h ****  * @param disp pointer to a display
  99:Middlewares/lvgl/examples/widgets/switch/../../../src/core/lv_disp.h ****  * @param color color of the background
 100:Middlewares/lvgl/examples/widgets/switch/../../../src/core/lv_disp.h ****  */
 101:Middlewares/lvgl/examples/widgets/switch/../../../src/core/lv_disp.h **** void lv_disp_set_bg_color(lv_disp_t * disp, lv_color_t color);
 102:Middlewares/lvgl/examples/widgets/switch/../../../src/core/lv_disp.h **** 
 103:Middlewares/lvgl/examples/widgets/switch/../../../src/core/lv_disp.h **** /**
 104:Middlewares/lvgl/examples/widgets/switch/../../../src/core/lv_disp.h ****  * Set the background image of a display
 105:Middlewares/lvgl/examples/widgets/switch/../../../src/core/lv_disp.h ****  * @param disp pointer to a display
 106:Middlewares/lvgl/examples/widgets/switch/../../../src/core/lv_disp.h ****  * @param img_src path to file or pointer to an `lv_img_dsc_t` variable
 107:Middlewares/lvgl/examples/widgets/switch/../../../src/core/lv_disp.h ****  */
 108:Middlewares/lvgl/examples/widgets/switch/../../../src/core/lv_disp.h **** void lv_disp_set_bg_image(lv_disp_t * disp, const void  * img_src);
 109:Middlewares/lvgl/examples/widgets/switch/../../../src/core/lv_disp.h **** 
 110:Middlewares/lvgl/examples/widgets/switch/../../../src/core/lv_disp.h **** /**
 111:Middlewares/lvgl/examples/widgets/switch/../../../src/core/lv_disp.h ****  * Opacity of the background
 112:Middlewares/lvgl/examples/widgets/switch/../../../src/core/lv_disp.h ****  * @param disp pointer to a display
 113:Middlewares/lvgl/examples/widgets/switch/../../../src/core/lv_disp.h ****  * @param opa opacity (0..255)
 114:Middlewares/lvgl/examples/widgets/switch/../../../src/core/lv_disp.h ****  */
 115:Middlewares/lvgl/examples/widgets/switch/../../../src/core/lv_disp.h **** void lv_disp_set_bg_opa(lv_disp_t * disp, lv_opa_t opa);
 116:Middlewares/lvgl/examples/widgets/switch/../../../src/core/lv_disp.h **** 
 117:Middlewares/lvgl/examples/widgets/switch/../../../src/core/lv_disp.h **** /**
 118:Middlewares/lvgl/examples/widgets/switch/../../../src/core/lv_disp.h ****  * Switch screen with animation
 119:Middlewares/lvgl/examples/widgets/switch/../../../src/core/lv_disp.h ****  * @param scr pointer to the new screen to load
 120:Middlewares/lvgl/examples/widgets/switch/../../../src/core/lv_disp.h ****  * @param anim_type type of the animation from `lv_scr_load_anim_t`. E.g.  `LV_SCR_LOAD_ANIM_MOVE_L
 121:Middlewares/lvgl/examples/widgets/switch/../../../src/core/lv_disp.h ****  * @param time time of the animation
 122:Middlewares/lvgl/examples/widgets/switch/../../../src/core/lv_disp.h ****  * @param delay delay before the transition
 123:Middlewares/lvgl/examples/widgets/switch/../../../src/core/lv_disp.h ****  * @param auto_del true: automatically delete the old screen
 124:Middlewares/lvgl/examples/widgets/switch/../../../src/core/lv_disp.h ****  */
 125:Middlewares/lvgl/examples/widgets/switch/../../../src/core/lv_disp.h **** void lv_scr_load_anim(lv_obj_t * scr, lv_scr_load_anim_t anim_type, uint32_t time, uint32_t delay, 
 126:Middlewares/lvgl/examples/widgets/switch/../../../src/core/lv_disp.h **** 
 127:Middlewares/lvgl/examples/widgets/switch/../../../src/core/lv_disp.h **** /**
 128:Middlewares/lvgl/examples/widgets/switch/../../../src/core/lv_disp.h ****  * Get elapsed time since last user activity on a display (e.g. click)
 129:Middlewares/lvgl/examples/widgets/switch/../../../src/core/lv_disp.h ****  * @param disp pointer to an display (NULL to get the overall smallest inactivity)
 130:Middlewares/lvgl/examples/widgets/switch/../../../src/core/lv_disp.h ****  * @return elapsed ticks (milliseconds) since the last activity
 131:Middlewares/lvgl/examples/widgets/switch/../../../src/core/lv_disp.h ****  */
 132:Middlewares/lvgl/examples/widgets/switch/../../../src/core/lv_disp.h **** uint32_t lv_disp_get_inactive_time(const lv_disp_t * disp);
 133:Middlewares/lvgl/examples/widgets/switch/../../../src/core/lv_disp.h **** 
 134:Middlewares/lvgl/examples/widgets/switch/../../../src/core/lv_disp.h **** /**
 135:Middlewares/lvgl/examples/widgets/switch/../../../src/core/lv_disp.h ****  * Manually trigger an activity on a display
ARM GAS  /tmp/ccxyEXvd.s 			page 5


 136:Middlewares/lvgl/examples/widgets/switch/../../../src/core/lv_disp.h ****  * @param disp pointer to an display (NULL to use the default display)
 137:Middlewares/lvgl/examples/widgets/switch/../../../src/core/lv_disp.h ****  */
 138:Middlewares/lvgl/examples/widgets/switch/../../../src/core/lv_disp.h **** void lv_disp_trig_activity(lv_disp_t * disp);
 139:Middlewares/lvgl/examples/widgets/switch/../../../src/core/lv_disp.h **** 
 140:Middlewares/lvgl/examples/widgets/switch/../../../src/core/lv_disp.h **** /**
 141:Middlewares/lvgl/examples/widgets/switch/../../../src/core/lv_disp.h ****  * Clean any CPU cache that is related to the display.
 142:Middlewares/lvgl/examples/widgets/switch/../../../src/core/lv_disp.h ****  * @param disp pointer to an display (NULL to use the default display)
 143:Middlewares/lvgl/examples/widgets/switch/../../../src/core/lv_disp.h ****  */
 144:Middlewares/lvgl/examples/widgets/switch/../../../src/core/lv_disp.h **** void lv_disp_clean_dcache(lv_disp_t * disp);
 145:Middlewares/lvgl/examples/widgets/switch/../../../src/core/lv_disp.h **** 
 146:Middlewares/lvgl/examples/widgets/switch/../../../src/core/lv_disp.h **** /**
 147:Middlewares/lvgl/examples/widgets/switch/../../../src/core/lv_disp.h ****  * Get a pointer to the screen refresher timer to
 148:Middlewares/lvgl/examples/widgets/switch/../../../src/core/lv_disp.h ****  * modify its parameters with `lv_timer_...` functions.
 149:Middlewares/lvgl/examples/widgets/switch/../../../src/core/lv_disp.h ****  * @param disp pointer to a display
 150:Middlewares/lvgl/examples/widgets/switch/../../../src/core/lv_disp.h ****  * @return pointer to the display refresher timer. (NULL on error)
 151:Middlewares/lvgl/examples/widgets/switch/../../../src/core/lv_disp.h ****  */
 152:Middlewares/lvgl/examples/widgets/switch/../../../src/core/lv_disp.h **** lv_timer_t * _lv_disp_get_refr_timer(lv_disp_t * disp);
 153:Middlewares/lvgl/examples/widgets/switch/../../../src/core/lv_disp.h **** 
 154:Middlewares/lvgl/examples/widgets/switch/../../../src/core/lv_disp.h **** /*------------------------------------------------
 155:Middlewares/lvgl/examples/widgets/switch/../../../src/core/lv_disp.h ****  * To improve backward compatibility
 156:Middlewares/lvgl/examples/widgets/switch/../../../src/core/lv_disp.h ****  * Recommended only if you have one display
 157:Middlewares/lvgl/examples/widgets/switch/../../../src/core/lv_disp.h ****  *------------------------------------------------*/
 158:Middlewares/lvgl/examples/widgets/switch/../../../src/core/lv_disp.h **** 
 159:Middlewares/lvgl/examples/widgets/switch/../../../src/core/lv_disp.h **** /**
 160:Middlewares/lvgl/examples/widgets/switch/../../../src/core/lv_disp.h ****  * Get the active screen of the default display
 161:Middlewares/lvgl/examples/widgets/switch/../../../src/core/lv_disp.h ****  * @return pointer to the active screen
 162:Middlewares/lvgl/examples/widgets/switch/../../../src/core/lv_disp.h ****  */
 163:Middlewares/lvgl/examples/widgets/switch/../../../src/core/lv_disp.h **** static inline lv_obj_t * lv_scr_act(void)
  82              		.loc 2 163 26 view .LVU12
  83              	.LBB15:
 164:Middlewares/lvgl/examples/widgets/switch/../../../src/core/lv_disp.h **** {
 165:Middlewares/lvgl/examples/widgets/switch/../../../src/core/lv_disp.h ****     return lv_disp_get_scr_act(lv_disp_get_default());
  84              		.loc 2 165 5 view .LVU13
  85              		.loc 2 165 12 is_stmt 0 view .LVU14
  86 0002 FFF7FEFF 		bl	lv_disp_get_default
  87              	.LVL3:
  88 0006 FFF7FEFF 		bl	lv_disp_get_scr_act
  89              	.LVL4:
  90              	.LBE15:
  91              	.LBE14:
  92              		.loc 1 15 5 view .LVU15
  93 000a 0121     		movs	r1, #1
  94 000c FFF7FEFF 		bl	lv_obj_set_flex_flow
  95              	.LVL5:
  16:Middlewares/lvgl/examples/widgets/switch/lv_example_switch_1.c ****     lv_obj_set_flex_align(lv_scr_act(), LV_FLEX_ALIGN_CENTER, LV_FLEX_ALIGN_CENTER, LV_FLEX_ALIGN_C
  96              		.loc 1 16 5 is_stmt 1 view .LVU16
  97              	.LBB16:
  98              	.LBI16:
 163:Middlewares/lvgl/examples/widgets/switch/../../../src/core/lv_disp.h **** {
  99              		.loc 2 163 26 view .LVU17
 100              	.LBB17:
 101              		.loc 2 165 5 view .LVU18
 102              		.loc 2 165 12 is_stmt 0 view .LVU19
 103 0010 FFF7FEFF 		bl	lv_disp_get_default
 104              	.LVL6:
 105 0014 FFF7FEFF 		bl	lv_disp_get_scr_act
 106              	.LVL7:
ARM GAS  /tmp/ccxyEXvd.s 			page 6


 107              	.LBE17:
 108              	.LBE16:
 109              		.loc 1 16 5 view .LVU20
 110 0018 0223     		movs	r3, #2
 111 001a 1A46     		mov	r2, r3
 112 001c 1946     		mov	r1, r3
 113 001e FFF7FEFF 		bl	lv_obj_set_flex_align
 114              	.LVL8:
  17:Middlewares/lvgl/examples/widgets/switch/lv_example_switch_1.c **** 
  18:Middlewares/lvgl/examples/widgets/switch/lv_example_switch_1.c ****     lv_obj_t * sw;
 115              		.loc 1 18 5 is_stmt 1 view .LVU21
  19:Middlewares/lvgl/examples/widgets/switch/lv_example_switch_1.c **** 
  20:Middlewares/lvgl/examples/widgets/switch/lv_example_switch_1.c ****     sw = lv_switch_create(lv_scr_act());
 116              		.loc 1 20 5 view .LVU22
 117              	.LBB18:
 118              	.LBI18:
 163:Middlewares/lvgl/examples/widgets/switch/../../../src/core/lv_disp.h **** {
 119              		.loc 2 163 26 view .LVU23
 120              	.LBB19:
 121              		.loc 2 165 5 view .LVU24
 122              		.loc 2 165 12 is_stmt 0 view .LVU25
 123 0022 FFF7FEFF 		bl	lv_disp_get_default
 124              	.LVL9:
 125 0026 FFF7FEFF 		bl	lv_disp_get_scr_act
 126              	.LVL10:
 127              	.LBE19:
 128              	.LBE18:
 129              		.loc 1 20 10 view .LVU26
 130 002a FFF7FEFF 		bl	lv_switch_create
 131              	.LVL11:
  21:Middlewares/lvgl/examples/widgets/switch/lv_example_switch_1.c ****     lv_obj_add_event_cb(sw, event_handler, LV_EVENT_ALL, NULL);
 132              		.loc 1 21 5 is_stmt 1 view .LVU27
 133 002e 1B4C     		ldr	r4, .L5
 134 0030 0023     		movs	r3, #0
 135 0032 1A46     		mov	r2, r3
 136 0034 2146     		mov	r1, r4
 137 0036 FFF7FEFF 		bl	lv_obj_add_event_cb
 138              	.LVL12:
  22:Middlewares/lvgl/examples/widgets/switch/lv_example_switch_1.c **** 
  23:Middlewares/lvgl/examples/widgets/switch/lv_example_switch_1.c ****     sw = lv_switch_create(lv_scr_act());
 139              		.loc 1 23 5 view .LVU28
 140              	.LBB20:
 141              	.LBI20:
 163:Middlewares/lvgl/examples/widgets/switch/../../../src/core/lv_disp.h **** {
 142              		.loc 2 163 26 view .LVU29
 143              	.LBB21:
 144              		.loc 2 165 5 view .LVU30
 145              		.loc 2 165 12 is_stmt 0 view .LVU31
 146 003a FFF7FEFF 		bl	lv_disp_get_default
 147              	.LVL13:
 148 003e FFF7FEFF 		bl	lv_disp_get_scr_act
 149              	.LVL14:
 150              	.LBE21:
 151              	.LBE20:
 152              		.loc 1 23 10 view .LVU32
 153 0042 FFF7FEFF 		bl	lv_switch_create
 154              	.LVL15:
ARM GAS  /tmp/ccxyEXvd.s 			page 7


 155 0046 0546     		mov	r5, r0
 156              	.LVL16:
  24:Middlewares/lvgl/examples/widgets/switch/lv_example_switch_1.c ****     lv_obj_add_state(sw, LV_STATE_CHECKED);
 157              		.loc 1 24 5 is_stmt 1 view .LVU33
 158 0048 0121     		movs	r1, #1
 159 004a FFF7FEFF 		bl	lv_obj_add_state
 160              	.LVL17:
  25:Middlewares/lvgl/examples/widgets/switch/lv_example_switch_1.c ****     lv_obj_add_event_cb(sw, event_handler, LV_EVENT_ALL, NULL);
 161              		.loc 1 25 5 view .LVU34
 162 004e 0023     		movs	r3, #0
 163 0050 1A46     		mov	r2, r3
 164 0052 2146     		mov	r1, r4
 165 0054 2846     		mov	r0, r5
 166 0056 FFF7FEFF 		bl	lv_obj_add_event_cb
 167              	.LVL18:
  26:Middlewares/lvgl/examples/widgets/switch/lv_example_switch_1.c **** 
  27:Middlewares/lvgl/examples/widgets/switch/lv_example_switch_1.c ****     sw = lv_switch_create(lv_scr_act());
 168              		.loc 1 27 5 view .LVU35
 169              	.LBB22:
 170              	.LBI22:
 163:Middlewares/lvgl/examples/widgets/switch/../../../src/core/lv_disp.h **** {
 171              		.loc 2 163 26 view .LVU36
 172              	.LBB23:
 173              		.loc 2 165 5 view .LVU37
 174              		.loc 2 165 12 is_stmt 0 view .LVU38
 175 005a FFF7FEFF 		bl	lv_disp_get_default
 176              	.LVL19:
 177 005e FFF7FEFF 		bl	lv_disp_get_scr_act
 178              	.LVL20:
 179              	.LBE23:
 180              	.LBE22:
 181              		.loc 1 27 10 view .LVU39
 182 0062 FFF7FEFF 		bl	lv_switch_create
 183              	.LVL21:
 184 0066 0546     		mov	r5, r0
 185              	.LVL22:
  28:Middlewares/lvgl/examples/widgets/switch/lv_example_switch_1.c ****     lv_obj_add_state(sw, LV_STATE_DISABLED);
 186              		.loc 1 28 5 is_stmt 1 view .LVU40
 187 0068 8021     		movs	r1, #128
 188 006a FFF7FEFF 		bl	lv_obj_add_state
 189              	.LVL23:
  29:Middlewares/lvgl/examples/widgets/switch/lv_example_switch_1.c ****     lv_obj_add_event_cb(sw, event_handler, LV_EVENT_ALL, NULL);
 190              		.loc 1 29 5 view .LVU41
 191 006e 0023     		movs	r3, #0
 192 0070 1A46     		mov	r2, r3
 193 0072 2146     		mov	r1, r4
 194 0074 2846     		mov	r0, r5
 195 0076 FFF7FEFF 		bl	lv_obj_add_event_cb
 196              	.LVL24:
  30:Middlewares/lvgl/examples/widgets/switch/lv_example_switch_1.c **** 
  31:Middlewares/lvgl/examples/widgets/switch/lv_example_switch_1.c ****     sw = lv_switch_create(lv_scr_act());
 197              		.loc 1 31 5 view .LVU42
 198              	.LBB24:
 199              	.LBI24:
 163:Middlewares/lvgl/examples/widgets/switch/../../../src/core/lv_disp.h **** {
 200              		.loc 2 163 26 view .LVU43
 201              	.LBB25:
ARM GAS  /tmp/ccxyEXvd.s 			page 8


 202              		.loc 2 165 5 view .LVU44
 203              		.loc 2 165 12 is_stmt 0 view .LVU45
 204 007a FFF7FEFF 		bl	lv_disp_get_default
 205              	.LVL25:
 206 007e FFF7FEFF 		bl	lv_disp_get_scr_act
 207              	.LVL26:
 208              	.LBE25:
 209              	.LBE24:
 210              		.loc 1 31 10 view .LVU46
 211 0082 FFF7FEFF 		bl	lv_switch_create
 212              	.LVL27:
 213 0086 0546     		mov	r5, r0
 214              	.LVL28:
  32:Middlewares/lvgl/examples/widgets/switch/lv_example_switch_1.c ****     lv_obj_add_state(sw, LV_STATE_CHECKED | LV_STATE_DISABLED);
 215              		.loc 1 32 5 is_stmt 1 view .LVU47
 216 0088 8121     		movs	r1, #129
 217 008a FFF7FEFF 		bl	lv_obj_add_state
 218              	.LVL29:
  33:Middlewares/lvgl/examples/widgets/switch/lv_example_switch_1.c ****     lv_obj_add_event_cb(sw, event_handler, LV_EVENT_ALL, NULL);
 219              		.loc 1 33 5 view .LVU48
 220 008e 0023     		movs	r3, #0
 221 0090 1A46     		mov	r2, r3
 222 0092 2146     		mov	r1, r4
 223 0094 2846     		mov	r0, r5
 224 0096 FFF7FEFF 		bl	lv_obj_add_event_cb
 225              	.LVL30:
  34:Middlewares/lvgl/examples/widgets/switch/lv_example_switch_1.c **** }
 226              		.loc 1 34 1 is_stmt 0 view .LVU49
 227 009a 38BD     		pop	{r3, r4, r5, pc}
 228              	.LVL31:
 229              	.L6:
 230              		.loc 1 34 1 view .LVU50
 231              		.align	2
 232              	.L5:
 233 009c 00000000 		.word	event_handler
 234              		.cfi_endproc
 235              	.LFE185:
 237              		.text
 238              	.Letext0:
 239              		.file 3 "/home/akinya/gcc-arm-none-eabi/arm-none-eabi/include/machine/_default_types.h"
 240              		.file 4 "/home/akinya/gcc-arm-none-eabi/arm-none-eabi/include/sys/_stdint.h"
 241              		.file 5 "Middlewares/lvgl/examples/widgets/switch/../../../src/misc/lv_ll.h"
 242              		.file 6 "Middlewares/lvgl/examples/widgets/switch/../../../src/hal/../misc/lv_color.h"
 243              		.file 7 "Middlewares/lvgl/examples/widgets/switch/../../../src/hal/../misc/lv_area.h"
 244              		.file 8 "Middlewares/lvgl/examples/widgets/switch/../../../src/core/lv_obj.h"
 245              		.file 9 "Middlewares/lvgl/examples/widgets/switch/../../../src/core/lv_group.h"
 246              		.file 10 "Middlewares/lvgl/examples/widgets/switch/../../../src/core/../misc/lv_style.h"
 247              		.file 11 "Middlewares/lvgl/examples/widgets/switch/../../../src/core/lv_obj_scroll.h"
 248              		.file 12 "Middlewares/lvgl/examples/widgets/switch/../../../src/core/lv_obj_style.h"
 249              		.file 13 "Middlewares/lvgl/examples/widgets/switch/../../../src/core/lv_obj_class.h"
 250              		.file 14 "Middlewares/lvgl/examples/widgets/switch/../../../src/core/lv_event.h"
 251              		.file 15 "Middlewares/lvgl/examples/widgets/switch/../../../src/extra/widgets/list/../../layouts/f
 252              		.file 16 "Middlewares/lvgl/examples/widgets/switch/../../../src/hal/lv_hal_disp.h"
 253              		.file 17 "Middlewares/lvgl/examples/widgets/switch/../../../src/widgets/lv_switch.h"
ARM GAS  /tmp/ccxyEXvd.s 			page 9


DEFINED SYMBOLS
                            *ABS*:0000000000000000 lv_example_switch_1.c
     /tmp/ccxyEXvd.s:18     .text.event_handler:0000000000000000 $t
     /tmp/ccxyEXvd.s:25     .text.event_handler:0000000000000000 event_handler
     /tmp/ccxyEXvd.s:58     .text.lv_example_switch_1:0000000000000000 $t
     /tmp/ccxyEXvd.s:65     .text.lv_example_switch_1:0000000000000000 lv_example_switch_1
     /tmp/ccxyEXvd.s:233    .text.lv_example_switch_1:000000000000009c $d

UNDEFINED SYMBOLS
lv_event_get_code
lv_event_get_target
lv_disp_get_default
lv_disp_get_scr_act
lv_obj_set_flex_flow
lv_obj_set_flex_align
lv_switch_create
lv_obj_add_event_cb
lv_obj_add_state
