ARM GAS  /tmp/cc7kejyr.s 			page 1


   1              		.cpu cortex-m4
   2              		.eabi_attribute 27, 1
   3              		.eabi_attribute 28, 1
   4              		.eabi_attribute 20, 1
   5              		.eabi_attribute 21, 1
   6              		.eabi_attribute 23, 3
   7              		.eabi_attribute 24, 1
   8              		.eabi_attribute 25, 1
   9              		.eabi_attribute 26, 1
  10              		.eabi_attribute 30, 1
  11              		.eabi_attribute 34, 1
  12              		.eabi_attribute 18, 4
  13              		.file	"lv_example_bar_5.c"
  14              		.text
  15              	.Ltext0:
  16              		.cfi_sections	.debug_frame
  17              		.section	.rodata.lv_example_bar_5.str1.4,"aMS",%progbits,1
  18              		.align	2
  19              	.LC0:
  20 0000 4C656674 		.ascii	"Left to Right base direction\000"
  20      20746F20 
  20      52696768 
  20      74206261 
  20      73652064 
  21 001d 000000   		.align	2
  22              	.LC1:
  23 0020 52696768 		.ascii	"Right to Left base direction\000"
  23      7420746F 
  23      204C6566 
  23      74206261 
  23      73652064 
  24              		.section	.text.lv_example_bar_5,"ax",%progbits
  25              		.align	1
  26              		.global	lv_example_bar_5
  27              		.arch armv7e-m
  28              		.syntax unified
  29              		.thumb
  30              		.thumb_func
  31              		.fpu fpv4-sp-d16
  33              	lv_example_bar_5:
  34              	.LFB184:
  35              		.file 1 "Middlewares/lvgl/examples/widgets/bar/lv_example_bar_5.c"
   1:Middlewares/lvgl/examples/widgets/bar/lv_example_bar_5.c **** #include "../../lv_examples.h"
   2:Middlewares/lvgl/examples/widgets/bar/lv_example_bar_5.c **** #if LV_USE_BAR && LV_BUILD_EXAMPLES
   3:Middlewares/lvgl/examples/widgets/bar/lv_example_bar_5.c **** 
   4:Middlewares/lvgl/examples/widgets/bar/lv_example_bar_5.c **** /**
   5:Middlewares/lvgl/examples/widgets/bar/lv_example_bar_5.c ****  * Bar with LTR and RTL base direction
   6:Middlewares/lvgl/examples/widgets/bar/lv_example_bar_5.c ****  */
   7:Middlewares/lvgl/examples/widgets/bar/lv_example_bar_5.c **** void lv_example_bar_5(void)
   8:Middlewares/lvgl/examples/widgets/bar/lv_example_bar_5.c **** {
  36              		.loc 1 8 1 view -0
  37              		.cfi_startproc
  38              		@ args = 0, pretend = 0, frame = 0
  39              		@ frame_needed = 0, uses_anonymous_args = 0
  40 0000 70B5     		push	{r4, r5, r6, lr}
  41              	.LCFI0:
  42              		.cfi_def_cfa_offset 16
ARM GAS  /tmp/cc7kejyr.s 			page 2


  43              		.cfi_offset 4, -16
  44              		.cfi_offset 5, -12
  45              		.cfi_offset 6, -8
  46              		.cfi_offset 14, -4
  47 0002 82B0     		sub	sp, sp, #8
  48              	.LCFI1:
  49              		.cfi_def_cfa_offset 24
   9:Middlewares/lvgl/examples/widgets/bar/lv_example_bar_5.c ****     lv_obj_t * label;
  50              		.loc 1 9 5 view .LVU1
  10:Middlewares/lvgl/examples/widgets/bar/lv_example_bar_5.c **** 
  11:Middlewares/lvgl/examples/widgets/bar/lv_example_bar_5.c **** 
  12:Middlewares/lvgl/examples/widgets/bar/lv_example_bar_5.c ****     lv_obj_t * bar_ltr = lv_bar_create(lv_scr_act());
  51              		.loc 1 12 5 view .LVU2
  52              	.LBB10:
  53              	.LBI10:
  54              		.file 2 "Middlewares/lvgl/examples/widgets/bar/../../../src/core/lv_disp.h"
   1:Middlewares/lvgl/examples/widgets/bar/../../../src/core/lv_disp.h **** /**
   2:Middlewares/lvgl/examples/widgets/bar/../../../src/core/lv_disp.h ****  * @file lv_disp.h
   3:Middlewares/lvgl/examples/widgets/bar/../../../src/core/lv_disp.h ****  *
   4:Middlewares/lvgl/examples/widgets/bar/../../../src/core/lv_disp.h ****  */
   5:Middlewares/lvgl/examples/widgets/bar/../../../src/core/lv_disp.h **** 
   6:Middlewares/lvgl/examples/widgets/bar/../../../src/core/lv_disp.h **** #ifndef LV_DISP_H
   7:Middlewares/lvgl/examples/widgets/bar/../../../src/core/lv_disp.h **** #define LV_DISP_H
   8:Middlewares/lvgl/examples/widgets/bar/../../../src/core/lv_disp.h **** 
   9:Middlewares/lvgl/examples/widgets/bar/../../../src/core/lv_disp.h **** #ifdef __cplusplus
  10:Middlewares/lvgl/examples/widgets/bar/../../../src/core/lv_disp.h **** extern "C" {
  11:Middlewares/lvgl/examples/widgets/bar/../../../src/core/lv_disp.h **** #endif
  12:Middlewares/lvgl/examples/widgets/bar/../../../src/core/lv_disp.h **** 
  13:Middlewares/lvgl/examples/widgets/bar/../../../src/core/lv_disp.h **** /*********************
  14:Middlewares/lvgl/examples/widgets/bar/../../../src/core/lv_disp.h ****  *      INCLUDES
  15:Middlewares/lvgl/examples/widgets/bar/../../../src/core/lv_disp.h ****  *********************/
  16:Middlewares/lvgl/examples/widgets/bar/../../../src/core/lv_disp.h **** #include "../hal/lv_hal.h"
  17:Middlewares/lvgl/examples/widgets/bar/../../../src/core/lv_disp.h **** #include "lv_obj.h"
  18:Middlewares/lvgl/examples/widgets/bar/../../../src/core/lv_disp.h **** #include "lv_theme.h"
  19:Middlewares/lvgl/examples/widgets/bar/../../../src/core/lv_disp.h **** 
  20:Middlewares/lvgl/examples/widgets/bar/../../../src/core/lv_disp.h **** /*********************
  21:Middlewares/lvgl/examples/widgets/bar/../../../src/core/lv_disp.h ****  *      DEFINES
  22:Middlewares/lvgl/examples/widgets/bar/../../../src/core/lv_disp.h ****  *********************/
  23:Middlewares/lvgl/examples/widgets/bar/../../../src/core/lv_disp.h **** 
  24:Middlewares/lvgl/examples/widgets/bar/../../../src/core/lv_disp.h **** /**********************
  25:Middlewares/lvgl/examples/widgets/bar/../../../src/core/lv_disp.h ****  *      TYPEDEFS
  26:Middlewares/lvgl/examples/widgets/bar/../../../src/core/lv_disp.h ****  **********************/
  27:Middlewares/lvgl/examples/widgets/bar/../../../src/core/lv_disp.h **** 
  28:Middlewares/lvgl/examples/widgets/bar/../../../src/core/lv_disp.h **** typedef enum {
  29:Middlewares/lvgl/examples/widgets/bar/../../../src/core/lv_disp.h ****     LV_SCR_LOAD_ANIM_NONE,
  30:Middlewares/lvgl/examples/widgets/bar/../../../src/core/lv_disp.h ****     LV_SCR_LOAD_ANIM_OVER_LEFT,
  31:Middlewares/lvgl/examples/widgets/bar/../../../src/core/lv_disp.h ****     LV_SCR_LOAD_ANIM_OVER_RIGHT,
  32:Middlewares/lvgl/examples/widgets/bar/../../../src/core/lv_disp.h ****     LV_SCR_LOAD_ANIM_OVER_TOP,
  33:Middlewares/lvgl/examples/widgets/bar/../../../src/core/lv_disp.h ****     LV_SCR_LOAD_ANIM_OVER_BOTTOM,
  34:Middlewares/lvgl/examples/widgets/bar/../../../src/core/lv_disp.h ****     LV_SCR_LOAD_ANIM_MOVE_LEFT,
  35:Middlewares/lvgl/examples/widgets/bar/../../../src/core/lv_disp.h ****     LV_SCR_LOAD_ANIM_MOVE_RIGHT,
  36:Middlewares/lvgl/examples/widgets/bar/../../../src/core/lv_disp.h ****     LV_SCR_LOAD_ANIM_MOVE_TOP,
  37:Middlewares/lvgl/examples/widgets/bar/../../../src/core/lv_disp.h ****     LV_SCR_LOAD_ANIM_MOVE_BOTTOM,
  38:Middlewares/lvgl/examples/widgets/bar/../../../src/core/lv_disp.h ****     LV_SCR_LOAD_ANIM_FADE_ON,
  39:Middlewares/lvgl/examples/widgets/bar/../../../src/core/lv_disp.h **** } lv_scr_load_anim_t;
  40:Middlewares/lvgl/examples/widgets/bar/../../../src/core/lv_disp.h **** 
  41:Middlewares/lvgl/examples/widgets/bar/../../../src/core/lv_disp.h **** /**********************
ARM GAS  /tmp/cc7kejyr.s 			page 3


  42:Middlewares/lvgl/examples/widgets/bar/../../../src/core/lv_disp.h ****  * GLOBAL PROTOTYPES
  43:Middlewares/lvgl/examples/widgets/bar/../../../src/core/lv_disp.h ****  **********************/
  44:Middlewares/lvgl/examples/widgets/bar/../../../src/core/lv_disp.h **** 
  45:Middlewares/lvgl/examples/widgets/bar/../../../src/core/lv_disp.h **** /**
  46:Middlewares/lvgl/examples/widgets/bar/../../../src/core/lv_disp.h ****  * Return with a pointer to the active screen
  47:Middlewares/lvgl/examples/widgets/bar/../../../src/core/lv_disp.h ****  * @param disp pointer to display which active screen should be get. (NULL to use the default
  48:Middlewares/lvgl/examples/widgets/bar/../../../src/core/lv_disp.h ****  * screen)
  49:Middlewares/lvgl/examples/widgets/bar/../../../src/core/lv_disp.h ****  * @return pointer to the active screen object (loaded by 'lv_scr_load()')
  50:Middlewares/lvgl/examples/widgets/bar/../../../src/core/lv_disp.h ****  */
  51:Middlewares/lvgl/examples/widgets/bar/../../../src/core/lv_disp.h **** lv_obj_t * lv_disp_get_scr_act(lv_disp_t * disp);
  52:Middlewares/lvgl/examples/widgets/bar/../../../src/core/lv_disp.h **** 
  53:Middlewares/lvgl/examples/widgets/bar/../../../src/core/lv_disp.h **** /**
  54:Middlewares/lvgl/examples/widgets/bar/../../../src/core/lv_disp.h ****  * Return with a pointer to the previous screen. Only used during screen transitions.
  55:Middlewares/lvgl/examples/widgets/bar/../../../src/core/lv_disp.h ****  * @param disp pointer to display which previous screen should be get. (NULL to use the default
  56:Middlewares/lvgl/examples/widgets/bar/../../../src/core/lv_disp.h ****  * screen)
  57:Middlewares/lvgl/examples/widgets/bar/../../../src/core/lv_disp.h ****  * @return pointer to the previous screen object or NULL if not used now
  58:Middlewares/lvgl/examples/widgets/bar/../../../src/core/lv_disp.h ****  */
  59:Middlewares/lvgl/examples/widgets/bar/../../../src/core/lv_disp.h **** lv_obj_t * lv_disp_get_scr_prev(lv_disp_t * disp);
  60:Middlewares/lvgl/examples/widgets/bar/../../../src/core/lv_disp.h **** 
  61:Middlewares/lvgl/examples/widgets/bar/../../../src/core/lv_disp.h **** /**
  62:Middlewares/lvgl/examples/widgets/bar/../../../src/core/lv_disp.h ****  * Make a screen active
  63:Middlewares/lvgl/examples/widgets/bar/../../../src/core/lv_disp.h ****  * @param scr pointer to a screen
  64:Middlewares/lvgl/examples/widgets/bar/../../../src/core/lv_disp.h ****  */
  65:Middlewares/lvgl/examples/widgets/bar/../../../src/core/lv_disp.h **** void lv_disp_load_scr(lv_obj_t * scr);
  66:Middlewares/lvgl/examples/widgets/bar/../../../src/core/lv_disp.h **** 
  67:Middlewares/lvgl/examples/widgets/bar/../../../src/core/lv_disp.h **** /**
  68:Middlewares/lvgl/examples/widgets/bar/../../../src/core/lv_disp.h ****  * Return with the top layer. (Same on every screen and it is above the normal screen layer)
  69:Middlewares/lvgl/examples/widgets/bar/../../../src/core/lv_disp.h ****  * @param disp pointer to display which top layer should be get. (NULL to use the default screen)
  70:Middlewares/lvgl/examples/widgets/bar/../../../src/core/lv_disp.h ****  * @return pointer to the top layer object  (transparent screen sized lv_obj)
  71:Middlewares/lvgl/examples/widgets/bar/../../../src/core/lv_disp.h ****  */
  72:Middlewares/lvgl/examples/widgets/bar/../../../src/core/lv_disp.h **** lv_obj_t * lv_disp_get_layer_top(lv_disp_t * disp);
  73:Middlewares/lvgl/examples/widgets/bar/../../../src/core/lv_disp.h **** 
  74:Middlewares/lvgl/examples/widgets/bar/../../../src/core/lv_disp.h **** /**
  75:Middlewares/lvgl/examples/widgets/bar/../../../src/core/lv_disp.h ****  * Return with the sys. layer. (Same on every screen and it is above the normal screen and the top
  76:Middlewares/lvgl/examples/widgets/bar/../../../src/core/lv_disp.h ****  * layer)
  77:Middlewares/lvgl/examples/widgets/bar/../../../src/core/lv_disp.h ****  * @param disp pointer to display which sys. layer  should be get. (NULL to use the default screen)
  78:Middlewares/lvgl/examples/widgets/bar/../../../src/core/lv_disp.h ****  * @return pointer to the sys layer object  (transparent screen sized lv_obj)
  79:Middlewares/lvgl/examples/widgets/bar/../../../src/core/lv_disp.h ****  */
  80:Middlewares/lvgl/examples/widgets/bar/../../../src/core/lv_disp.h **** lv_obj_t * lv_disp_get_layer_sys(lv_disp_t * disp);
  81:Middlewares/lvgl/examples/widgets/bar/../../../src/core/lv_disp.h **** 
  82:Middlewares/lvgl/examples/widgets/bar/../../../src/core/lv_disp.h **** /**
  83:Middlewares/lvgl/examples/widgets/bar/../../../src/core/lv_disp.h ****  * Get the theme of a display
  84:Middlewares/lvgl/examples/widgets/bar/../../../src/core/lv_disp.h ****  * @param disp pointer to a display
  85:Middlewares/lvgl/examples/widgets/bar/../../../src/core/lv_disp.h ****  * @return the display's theme (can be NULL)
  86:Middlewares/lvgl/examples/widgets/bar/../../../src/core/lv_disp.h ****  */
  87:Middlewares/lvgl/examples/widgets/bar/../../../src/core/lv_disp.h **** void lv_disp_set_theme(lv_disp_t * disp, lv_theme_t * th);
  88:Middlewares/lvgl/examples/widgets/bar/../../../src/core/lv_disp.h **** 
  89:Middlewares/lvgl/examples/widgets/bar/../../../src/core/lv_disp.h **** /**
  90:Middlewares/lvgl/examples/widgets/bar/../../../src/core/lv_disp.h ****  * Get the theme of a display
  91:Middlewares/lvgl/examples/widgets/bar/../../../src/core/lv_disp.h ****  * @param disp pointer to a display
  92:Middlewares/lvgl/examples/widgets/bar/../../../src/core/lv_disp.h ****  * @return the display's theme (can be NULL)
  93:Middlewares/lvgl/examples/widgets/bar/../../../src/core/lv_disp.h ****  */
  94:Middlewares/lvgl/examples/widgets/bar/../../../src/core/lv_disp.h **** lv_theme_t * lv_disp_get_theme(lv_disp_t * disp);
  95:Middlewares/lvgl/examples/widgets/bar/../../../src/core/lv_disp.h **** 
  96:Middlewares/lvgl/examples/widgets/bar/../../../src/core/lv_disp.h **** /**
  97:Middlewares/lvgl/examples/widgets/bar/../../../src/core/lv_disp.h ****  * Set the background color of a display
  98:Middlewares/lvgl/examples/widgets/bar/../../../src/core/lv_disp.h ****  * @param disp pointer to a display
ARM GAS  /tmp/cc7kejyr.s 			page 4


  99:Middlewares/lvgl/examples/widgets/bar/../../../src/core/lv_disp.h ****  * @param color color of the background
 100:Middlewares/lvgl/examples/widgets/bar/../../../src/core/lv_disp.h ****  */
 101:Middlewares/lvgl/examples/widgets/bar/../../../src/core/lv_disp.h **** void lv_disp_set_bg_color(lv_disp_t * disp, lv_color_t color);
 102:Middlewares/lvgl/examples/widgets/bar/../../../src/core/lv_disp.h **** 
 103:Middlewares/lvgl/examples/widgets/bar/../../../src/core/lv_disp.h **** /**
 104:Middlewares/lvgl/examples/widgets/bar/../../../src/core/lv_disp.h ****  * Set the background image of a display
 105:Middlewares/lvgl/examples/widgets/bar/../../../src/core/lv_disp.h ****  * @param disp pointer to a display
 106:Middlewares/lvgl/examples/widgets/bar/../../../src/core/lv_disp.h ****  * @param img_src path to file or pointer to an `lv_img_dsc_t` variable
 107:Middlewares/lvgl/examples/widgets/bar/../../../src/core/lv_disp.h ****  */
 108:Middlewares/lvgl/examples/widgets/bar/../../../src/core/lv_disp.h **** void lv_disp_set_bg_image(lv_disp_t * disp, const void  * img_src);
 109:Middlewares/lvgl/examples/widgets/bar/../../../src/core/lv_disp.h **** 
 110:Middlewares/lvgl/examples/widgets/bar/../../../src/core/lv_disp.h **** /**
 111:Middlewares/lvgl/examples/widgets/bar/../../../src/core/lv_disp.h ****  * Opacity of the background
 112:Middlewares/lvgl/examples/widgets/bar/../../../src/core/lv_disp.h ****  * @param disp pointer to a display
 113:Middlewares/lvgl/examples/widgets/bar/../../../src/core/lv_disp.h ****  * @param opa opacity (0..255)
 114:Middlewares/lvgl/examples/widgets/bar/../../../src/core/lv_disp.h ****  */
 115:Middlewares/lvgl/examples/widgets/bar/../../../src/core/lv_disp.h **** void lv_disp_set_bg_opa(lv_disp_t * disp, lv_opa_t opa);
 116:Middlewares/lvgl/examples/widgets/bar/../../../src/core/lv_disp.h **** 
 117:Middlewares/lvgl/examples/widgets/bar/../../../src/core/lv_disp.h **** /**
 118:Middlewares/lvgl/examples/widgets/bar/../../../src/core/lv_disp.h ****  * Switch screen with animation
 119:Middlewares/lvgl/examples/widgets/bar/../../../src/core/lv_disp.h ****  * @param scr pointer to the new screen to load
 120:Middlewares/lvgl/examples/widgets/bar/../../../src/core/lv_disp.h ****  * @param anim_type type of the animation from `lv_scr_load_anim_t`. E.g.  `LV_SCR_LOAD_ANIM_MOVE_L
 121:Middlewares/lvgl/examples/widgets/bar/../../../src/core/lv_disp.h ****  * @param time time of the animation
 122:Middlewares/lvgl/examples/widgets/bar/../../../src/core/lv_disp.h ****  * @param delay delay before the transition
 123:Middlewares/lvgl/examples/widgets/bar/../../../src/core/lv_disp.h ****  * @param auto_del true: automatically delete the old screen
 124:Middlewares/lvgl/examples/widgets/bar/../../../src/core/lv_disp.h ****  */
 125:Middlewares/lvgl/examples/widgets/bar/../../../src/core/lv_disp.h **** void lv_scr_load_anim(lv_obj_t * scr, lv_scr_load_anim_t anim_type, uint32_t time, uint32_t delay, 
 126:Middlewares/lvgl/examples/widgets/bar/../../../src/core/lv_disp.h **** 
 127:Middlewares/lvgl/examples/widgets/bar/../../../src/core/lv_disp.h **** /**
 128:Middlewares/lvgl/examples/widgets/bar/../../../src/core/lv_disp.h ****  * Get elapsed time since last user activity on a display (e.g. click)
 129:Middlewares/lvgl/examples/widgets/bar/../../../src/core/lv_disp.h ****  * @param disp pointer to an display (NULL to get the overall smallest inactivity)
 130:Middlewares/lvgl/examples/widgets/bar/../../../src/core/lv_disp.h ****  * @return elapsed ticks (milliseconds) since the last activity
 131:Middlewares/lvgl/examples/widgets/bar/../../../src/core/lv_disp.h ****  */
 132:Middlewares/lvgl/examples/widgets/bar/../../../src/core/lv_disp.h **** uint32_t lv_disp_get_inactive_time(const lv_disp_t * disp);
 133:Middlewares/lvgl/examples/widgets/bar/../../../src/core/lv_disp.h **** 
 134:Middlewares/lvgl/examples/widgets/bar/../../../src/core/lv_disp.h **** /**
 135:Middlewares/lvgl/examples/widgets/bar/../../../src/core/lv_disp.h ****  * Manually trigger an activity on a display
 136:Middlewares/lvgl/examples/widgets/bar/../../../src/core/lv_disp.h ****  * @param disp pointer to an display (NULL to use the default display)
 137:Middlewares/lvgl/examples/widgets/bar/../../../src/core/lv_disp.h ****  */
 138:Middlewares/lvgl/examples/widgets/bar/../../../src/core/lv_disp.h **** void lv_disp_trig_activity(lv_disp_t * disp);
 139:Middlewares/lvgl/examples/widgets/bar/../../../src/core/lv_disp.h **** 
 140:Middlewares/lvgl/examples/widgets/bar/../../../src/core/lv_disp.h **** /**
 141:Middlewares/lvgl/examples/widgets/bar/../../../src/core/lv_disp.h ****  * Clean any CPU cache that is related to the display.
 142:Middlewares/lvgl/examples/widgets/bar/../../../src/core/lv_disp.h ****  * @param disp pointer to an display (NULL to use the default display)
 143:Middlewares/lvgl/examples/widgets/bar/../../../src/core/lv_disp.h ****  */
 144:Middlewares/lvgl/examples/widgets/bar/../../../src/core/lv_disp.h **** void lv_disp_clean_dcache(lv_disp_t * disp);
 145:Middlewares/lvgl/examples/widgets/bar/../../../src/core/lv_disp.h **** 
 146:Middlewares/lvgl/examples/widgets/bar/../../../src/core/lv_disp.h **** /**
 147:Middlewares/lvgl/examples/widgets/bar/../../../src/core/lv_disp.h ****  * Get a pointer to the screen refresher timer to
 148:Middlewares/lvgl/examples/widgets/bar/../../../src/core/lv_disp.h ****  * modify its parameters with `lv_timer_...` functions.
 149:Middlewares/lvgl/examples/widgets/bar/../../../src/core/lv_disp.h ****  * @param disp pointer to a display
 150:Middlewares/lvgl/examples/widgets/bar/../../../src/core/lv_disp.h ****  * @return pointer to the display refresher timer. (NULL on error)
 151:Middlewares/lvgl/examples/widgets/bar/../../../src/core/lv_disp.h ****  */
 152:Middlewares/lvgl/examples/widgets/bar/../../../src/core/lv_disp.h **** lv_timer_t * _lv_disp_get_refr_timer(lv_disp_t * disp);
 153:Middlewares/lvgl/examples/widgets/bar/../../../src/core/lv_disp.h **** 
 154:Middlewares/lvgl/examples/widgets/bar/../../../src/core/lv_disp.h **** /*------------------------------------------------
 155:Middlewares/lvgl/examples/widgets/bar/../../../src/core/lv_disp.h ****  * To improve backward compatibility
ARM GAS  /tmp/cc7kejyr.s 			page 5


 156:Middlewares/lvgl/examples/widgets/bar/../../../src/core/lv_disp.h ****  * Recommended only if you have one display
 157:Middlewares/lvgl/examples/widgets/bar/../../../src/core/lv_disp.h ****  *------------------------------------------------*/
 158:Middlewares/lvgl/examples/widgets/bar/../../../src/core/lv_disp.h **** 
 159:Middlewares/lvgl/examples/widgets/bar/../../../src/core/lv_disp.h **** /**
 160:Middlewares/lvgl/examples/widgets/bar/../../../src/core/lv_disp.h ****  * Get the active screen of the default display
 161:Middlewares/lvgl/examples/widgets/bar/../../../src/core/lv_disp.h ****  * @return pointer to the active screen
 162:Middlewares/lvgl/examples/widgets/bar/../../../src/core/lv_disp.h ****  */
 163:Middlewares/lvgl/examples/widgets/bar/../../../src/core/lv_disp.h **** static inline lv_obj_t * lv_scr_act(void)
  55              		.loc 2 163 26 view .LVU3
  56              	.LBB11:
 164:Middlewares/lvgl/examples/widgets/bar/../../../src/core/lv_disp.h **** {
 165:Middlewares/lvgl/examples/widgets/bar/../../../src/core/lv_disp.h ****     return lv_disp_get_scr_act(lv_disp_get_default());
  57              		.loc 2 165 5 view .LVU4
  58              		.loc 2 165 12 is_stmt 0 view .LVU5
  59 0004 FFF7FEFF 		bl	lv_disp_get_default
  60              	.LVL0:
  61 0008 FFF7FEFF 		bl	lv_disp_get_scr_act
  62              	.LVL1:
  63              	.LBE11:
  64              	.LBE10:
  65              		.loc 1 12 26 view .LVU6
  66 000c FFF7FEFF 		bl	lv_bar_create
  67              	.LVL2:
  68 0010 0446     		mov	r4, r0
  69              	.LVL3:
  13:Middlewares/lvgl/examples/widgets/bar/lv_example_bar_5.c ****     lv_obj_set_size(bar_ltr, 200, 20);
  70              		.loc 1 13 5 is_stmt 1 view .LVU7
  71 0012 1422     		movs	r2, #20
  72 0014 C821     		movs	r1, #200
  73 0016 FFF7FEFF 		bl	lv_obj_set_size
  74              	.LVL4:
  14:Middlewares/lvgl/examples/widgets/bar/lv_example_bar_5.c ****     lv_bar_set_value(bar_ltr, 70, LV_ANIM_OFF);
  75              		.loc 1 14 5 view .LVU8
  76 001a 0022     		movs	r2, #0
  77 001c 4621     		movs	r1, #70
  78 001e 2046     		mov	r0, r4
  79 0020 FFF7FEFF 		bl	lv_bar_set_value
  80              	.LVL5:
  15:Middlewares/lvgl/examples/widgets/bar/lv_example_bar_5.c ****     lv_obj_align(bar_ltr, LV_ALIGN_CENTER, 0, -30);
  81              		.loc 1 15 5 view .LVU9
  82 0024 6FF01D03 		mvn	r3, #29
  83 0028 0022     		movs	r2, #0
  84 002a 0921     		movs	r1, #9
  85 002c 2046     		mov	r0, r4
  86 002e FFF7FEFF 		bl	lv_obj_align
  87              	.LVL6:
  16:Middlewares/lvgl/examples/widgets/bar/lv_example_bar_5.c **** 
  17:Middlewares/lvgl/examples/widgets/bar/lv_example_bar_5.c ****     label = lv_label_create(lv_scr_act());
  88              		.loc 1 17 5 view .LVU10
  89              	.LBB12:
  90              	.LBI12:
 163:Middlewares/lvgl/examples/widgets/bar/../../../src/core/lv_disp.h **** {
  91              		.loc 2 163 26 view .LVU11
  92              	.LBB13:
  93              		.loc 2 165 5 view .LVU12
  94              		.loc 2 165 12 is_stmt 0 view .LVU13
  95 0032 FFF7FEFF 		bl	lv_disp_get_default
ARM GAS  /tmp/cc7kejyr.s 			page 6


  96              	.LVL7:
  97 0036 FFF7FEFF 		bl	lv_disp_get_scr_act
  98              	.LVL8:
  99              	.LBE13:
 100              	.LBE12:
 101              		.loc 1 17 13 view .LVU14
 102 003a FFF7FEFF 		bl	lv_label_create
 103              	.LVL9:
 104 003e 0546     		mov	r5, r0
 105              	.LVL10:
  18:Middlewares/lvgl/examples/widgets/bar/lv_example_bar_5.c ****     lv_label_set_text(label, "Left to Right base direction");
 106              		.loc 1 18 5 is_stmt 1 view .LVU15
 107 0040 1C49     		ldr	r1, .L3
 108 0042 FFF7FEFF 		bl	lv_label_set_text
 109              	.LVL11:
  19:Middlewares/lvgl/examples/widgets/bar/lv_example_bar_5.c ****     lv_obj_align_to(label, bar_ltr, LV_ALIGN_OUT_TOP_MID, 0, -5);
 110              		.loc 1 19 5 view .LVU16
 111 0046 6FF00406 		mvn	r6, #4
 112 004a 0096     		str	r6, [sp]
 113 004c 0023     		movs	r3, #0
 114 004e 0B22     		movs	r2, #11
 115 0050 2146     		mov	r1, r4
 116 0052 2846     		mov	r0, r5
 117 0054 FFF7FEFF 		bl	lv_obj_align_to
 118              	.LVL12:
  20:Middlewares/lvgl/examples/widgets/bar/lv_example_bar_5.c **** 
  21:Middlewares/lvgl/examples/widgets/bar/lv_example_bar_5.c ****     lv_obj_t * bar_rtl = lv_bar_create(lv_scr_act());
 119              		.loc 1 21 5 view .LVU17
 120              	.LBB14:
 121              	.LBI14:
 163:Middlewares/lvgl/examples/widgets/bar/../../../src/core/lv_disp.h **** {
 122              		.loc 2 163 26 view .LVU18
 123              	.LBB15:
 124              		.loc 2 165 5 view .LVU19
 125              		.loc 2 165 12 is_stmt 0 view .LVU20
 126 0058 FFF7FEFF 		bl	lv_disp_get_default
 127              	.LVL13:
 128 005c FFF7FEFF 		bl	lv_disp_get_scr_act
 129              	.LVL14:
 130              	.LBE15:
 131              	.LBE14:
 132              		.loc 1 21 26 view .LVU21
 133 0060 FFF7FEFF 		bl	lv_bar_create
 134              	.LVL15:
 135 0064 0446     		mov	r4, r0
 136              	.LVL16:
  22:Middlewares/lvgl/examples/widgets/bar/lv_example_bar_5.c ****     lv_obj_set_style_base_dir(bar_rtl, LV_BASE_DIR_RTL, 0);
 137              		.loc 1 22 5 is_stmt 1 view .LVU22
 138 0066 0022     		movs	r2, #0
 139 0068 0121     		movs	r1, #1
 140 006a FFF7FEFF 		bl	lv_obj_set_style_base_dir
 141              	.LVL17:
  23:Middlewares/lvgl/examples/widgets/bar/lv_example_bar_5.c ****     lv_obj_set_size(bar_rtl, 200, 20);
 142              		.loc 1 23 5 view .LVU23
 143 006e 1422     		movs	r2, #20
 144 0070 C821     		movs	r1, #200
 145 0072 2046     		mov	r0, r4
ARM GAS  /tmp/cc7kejyr.s 			page 7


 146 0074 FFF7FEFF 		bl	lv_obj_set_size
 147              	.LVL18:
  24:Middlewares/lvgl/examples/widgets/bar/lv_example_bar_5.c ****     lv_bar_set_value(bar_rtl, 70, LV_ANIM_OFF);
 148              		.loc 1 24 5 view .LVU24
 149 0078 0022     		movs	r2, #0
 150 007a 4621     		movs	r1, #70
 151 007c 2046     		mov	r0, r4
 152 007e FFF7FEFF 		bl	lv_bar_set_value
 153              	.LVL19:
  25:Middlewares/lvgl/examples/widgets/bar/lv_example_bar_5.c ****     lv_obj_align(bar_rtl, LV_ALIGN_CENTER, 0, 30);
 154              		.loc 1 25 5 view .LVU25
 155 0082 1E23     		movs	r3, #30
 156 0084 0022     		movs	r2, #0
 157 0086 0921     		movs	r1, #9
 158 0088 2046     		mov	r0, r4
 159 008a FFF7FEFF 		bl	lv_obj_align
 160              	.LVL20:
  26:Middlewares/lvgl/examples/widgets/bar/lv_example_bar_5.c **** 
  27:Middlewares/lvgl/examples/widgets/bar/lv_example_bar_5.c ****     label = lv_label_create(lv_scr_act());
 161              		.loc 1 27 5 view .LVU26
 162              	.LBB16:
 163              	.LBI16:
 163:Middlewares/lvgl/examples/widgets/bar/../../../src/core/lv_disp.h **** {
 164              		.loc 2 163 26 view .LVU27
 165              	.LBB17:
 166              		.loc 2 165 5 view .LVU28
 167              		.loc 2 165 12 is_stmt 0 view .LVU29
 168 008e FFF7FEFF 		bl	lv_disp_get_default
 169              	.LVL21:
 170 0092 FFF7FEFF 		bl	lv_disp_get_scr_act
 171              	.LVL22:
 172              	.LBE17:
 173              	.LBE16:
 174              		.loc 1 27 13 view .LVU30
 175 0096 FFF7FEFF 		bl	lv_label_create
 176              	.LVL23:
 177 009a 0546     		mov	r5, r0
 178              	.LVL24:
  28:Middlewares/lvgl/examples/widgets/bar/lv_example_bar_5.c ****     lv_label_set_text(label, "Right to Left base direction");
 179              		.loc 1 28 5 is_stmt 1 view .LVU31
 180 009c 0649     		ldr	r1, .L3+4
 181 009e FFF7FEFF 		bl	lv_label_set_text
 182              	.LVL25:
  29:Middlewares/lvgl/examples/widgets/bar/lv_example_bar_5.c ****     lv_obj_align_to(label, bar_rtl, LV_ALIGN_OUT_TOP_MID, 0, -5);
 183              		.loc 1 29 5 view .LVU32
 184 00a2 0096     		str	r6, [sp]
 185 00a4 0023     		movs	r3, #0
 186 00a6 0B22     		movs	r2, #11
 187 00a8 2146     		mov	r1, r4
 188 00aa 2846     		mov	r0, r5
 189 00ac FFF7FEFF 		bl	lv_obj_align_to
 190              	.LVL26:
  30:Middlewares/lvgl/examples/widgets/bar/lv_example_bar_5.c **** }
 191              		.loc 1 30 1 is_stmt 0 view .LVU33
 192 00b0 02B0     		add	sp, sp, #8
 193              	.LCFI2:
 194              		.cfi_def_cfa_offset 16
ARM GAS  /tmp/cc7kejyr.s 			page 8


 195              		@ sp needed
 196 00b2 70BD     		pop	{r4, r5, r6, pc}
 197              	.LVL27:
 198              	.L4:
 199              		.loc 1 30 1 view .LVU34
 200              		.align	2
 201              	.L3:
 202 00b4 00000000 		.word	.LC0
 203 00b8 20000000 		.word	.LC1
 204              		.cfi_endproc
 205              	.LFE184:
 207              		.text
 208              	.Letext0:
 209              		.file 3 "/home/akinya/gcc-arm-none-eabi/arm-none-eabi/include/machine/_default_types.h"
 210              		.file 4 "/home/akinya/gcc-arm-none-eabi/arm-none-eabi/include/sys/_stdint.h"
 211              		.file 5 "Middlewares/lvgl/examples/widgets/bar/../../../src/misc/lv_ll.h"
 212              		.file 6 "Middlewares/lvgl/examples/widgets/bar/../../../src/hal/../misc/lv_color.h"
 213              		.file 7 "Middlewares/lvgl/examples/widgets/bar/../../../src/hal/../misc/lv_area.h"
 214              		.file 8 "Middlewares/lvgl/examples/widgets/bar/../../../src/core/lv_obj.h"
 215              		.file 9 "Middlewares/lvgl/examples/widgets/bar/../../../src/core/lv_group.h"
 216              		.file 10 "Middlewares/lvgl/examples/widgets/bar/../../../src/core/../misc/lv_anim.h"
 217              		.file 11 "Middlewares/lvgl/examples/widgets/bar/../../../src/core/../misc/lv_bidi.h"
 218              		.file 12 "Middlewares/lvgl/examples/widgets/bar/../../../src/core/../misc/lv_style.h"
 219              		.file 13 "Middlewares/lvgl/examples/widgets/bar/../../../src/core/lv_obj_scroll.h"
 220              		.file 14 "Middlewares/lvgl/examples/widgets/bar/../../../src/core/lv_obj_style.h"
 221              		.file 15 "Middlewares/lvgl/examples/widgets/bar/../../../src/core/lv_obj_class.h"
 222              		.file 16 "Middlewares/lvgl/examples/widgets/bar/../../../src/core/lv_event.h"
 223              		.file 17 "Middlewares/lvgl/examples/widgets/bar/../../../src/hal/lv_hal_disp.h"
 224              		.file 18 "Middlewares/lvgl/examples/widgets/bar/../../../src/widgets/lv_bar.h"
 225              		.file 19 "Middlewares/lvgl/examples/widgets/bar/../../../src/core/lv_obj_pos.h"
 226              		.file 20 "Middlewares/lvgl/examples/widgets/bar/../../../src/widgets/lv_label.h"
 227              		.file 21 "Middlewares/lvgl/examples/widgets/bar/../../../src/core/lv_obj_style_gen.h"
ARM GAS  /tmp/cc7kejyr.s 			page 9


DEFINED SYMBOLS
                            *ABS*:0000000000000000 lv_example_bar_5.c
     /tmp/cc7kejyr.s:18     .rodata.lv_example_bar_5.str1.4:0000000000000000 $d
     /tmp/cc7kejyr.s:25     .text.lv_example_bar_5:0000000000000000 $t
     /tmp/cc7kejyr.s:33     .text.lv_example_bar_5:0000000000000000 lv_example_bar_5
     /tmp/cc7kejyr.s:202    .text.lv_example_bar_5:00000000000000b4 $d

UNDEFINED SYMBOLS
lv_disp_get_default
lv_disp_get_scr_act
lv_bar_create
lv_obj_set_size
lv_bar_set_value
lv_obj_align
lv_label_create
lv_label_set_text
lv_obj_align_to
lv_obj_set_style_base_dir
