ARM GAS  /tmp/cc7wa4kg.s 			page 1


   1              		.cpu cortex-m4
   2              		.eabi_attribute 27, 1
   3              		.eabi_attribute 28, 1
   4              		.eabi_attribute 20, 1
   5              		.eabi_attribute 21, 1
   6              		.eabi_attribute 23, 3
   7              		.eabi_attribute 24, 1
   8              		.eabi_attribute 25, 1
   9              		.eabi_attribute 26, 1
  10              		.eabi_attribute 30, 1
  11              		.eabi_attribute 34, 1
  12              		.eabi_attribute 18, 4
  13              		.file	"lv_example_style_10.c"
  14              		.text
  15              	.Ltext0:
  16              		.cfi_sections	.debug_frame
  17              		.section	.text.lv_example_style_10,"ax",%progbits
  18              		.align	1
  19              		.global	lv_example_style_10
  20              		.arch armv7e-m
  21              		.syntax unified
  22              		.thumb
  23              		.thumb_func
  24              		.fpu fpv4-sp-d16
  26              	lv_example_style_10:
  27              	.LFB184:
  28              		.file 1 "Middlewares/lvgl/examples/styles/lv_example_style_10.c"
   1:Middlewares/lvgl/examples/styles/lv_example_style_10.c **** #include "../lv_examples.h"
   2:Middlewares/lvgl/examples/styles/lv_example_style_10.c **** #if LV_BUILD_EXAMPLES && LV_USE_IMG
   3:Middlewares/lvgl/examples/styles/lv_example_style_10.c **** 
   4:Middlewares/lvgl/examples/styles/lv_example_style_10.c **** /**
   5:Middlewares/lvgl/examples/styles/lv_example_style_10.c ****  * Creating a transition
   6:Middlewares/lvgl/examples/styles/lv_example_style_10.c ****  */
   7:Middlewares/lvgl/examples/styles/lv_example_style_10.c **** void lv_example_style_10(void)
   8:Middlewares/lvgl/examples/styles/lv_example_style_10.c **** {
  29              		.loc 1 8 1 view -0
  30              		.cfi_startproc
  31              		@ args = 0, pretend = 0, frame = 0
  32              		@ frame_needed = 0, uses_anonymous_args = 0
  33 0000 2DE9F041 		push	{r4, r5, r6, r7, r8, lr}
  34              	.LCFI0:
  35              		.cfi_def_cfa_offset 24
  36              		.cfi_offset 4, -24
  37              		.cfi_offset 5, -20
  38              		.cfi_offset 6, -16
  39              		.cfi_offset 7, -12
  40              		.cfi_offset 8, -8
  41              		.cfi_offset 14, -4
  42 0004 82B0     		sub	sp, sp, #8
  43              	.LCFI1:
  44              		.cfi_def_cfa_offset 32
   9:Middlewares/lvgl/examples/styles/lv_example_style_10.c ****     static const lv_style_prop_t props[] = {LV_STYLE_BG_COLOR, LV_STYLE_BORDER_COLOR, LV_STYLE_BORD
  45              		.loc 1 9 5 view .LVU1
  10:Middlewares/lvgl/examples/styles/lv_example_style_10.c **** 
  11:Middlewares/lvgl/examples/styles/lv_example_style_10.c ****     /* A default transition
  12:Middlewares/lvgl/examples/styles/lv_example_style_10.c ****      * Make it fast (100ms) and start with some delay (200 ms)*/
  13:Middlewares/lvgl/examples/styles/lv_example_style_10.c ****     static lv_style_transition_dsc_t trans_def;
ARM GAS  /tmp/cc7wa4kg.s 			page 2


  46              		.loc 1 13 5 view .LVU2
  14:Middlewares/lvgl/examples/styles/lv_example_style_10.c ****     lv_style_transition_dsc_init(&trans_def, props, lv_anim_path_linear, 100, 200, NULL);
  47              		.loc 1 14 5 view .LVU3
  48 0006 DFF8BC80 		ldr	r8, .L3+20
  49 000a 294F     		ldr	r7, .L3
  50 000c 294D     		ldr	r5, .L3+4
  51 000e 0024     		movs	r4, #0
  52 0010 0194     		str	r4, [sp, #4]
  53 0012 C823     		movs	r3, #200
  54 0014 0093     		str	r3, [sp]
  55 0016 6423     		movs	r3, #100
  56 0018 4246     		mov	r2, r8
  57 001a 3946     		mov	r1, r7
  58 001c 2846     		mov	r0, r5
  59 001e FFF7FEFF 		bl	lv_style_transition_dsc_init
  60              	.LVL0:
  15:Middlewares/lvgl/examples/styles/lv_example_style_10.c **** 
  16:Middlewares/lvgl/examples/styles/lv_example_style_10.c ****     /* A special transition when going to pressed state
  17:Middlewares/lvgl/examples/styles/lv_example_style_10.c ****      * Make it slow (500 ms) but start  without delay*/
  18:Middlewares/lvgl/examples/styles/lv_example_style_10.c ****     static lv_style_transition_dsc_t trans_pr;
  61              		.loc 1 18 5 view .LVU4
  19:Middlewares/lvgl/examples/styles/lv_example_style_10.c ****     lv_style_transition_dsc_init(&trans_pr, props, lv_anim_path_linear, 500, 0, NULL);
  62              		.loc 1 19 5 view .LVU5
  63 0022 254E     		ldr	r6, .L3+8
  64 0024 0194     		str	r4, [sp, #4]
  65 0026 0094     		str	r4, [sp]
  66 0028 4FF4FA73 		mov	r3, #500
  67 002c 4246     		mov	r2, r8
  68 002e 3946     		mov	r1, r7
  69 0030 3046     		mov	r0, r6
  70 0032 FFF7FEFF 		bl	lv_style_transition_dsc_init
  71              	.LVL1:
  20:Middlewares/lvgl/examples/styles/lv_example_style_10.c **** 
  21:Middlewares/lvgl/examples/styles/lv_example_style_10.c ****     static lv_style_t style_def;
  72              		.loc 1 21 5 view .LVU6
  22:Middlewares/lvgl/examples/styles/lv_example_style_10.c ****     lv_style_init(&style_def);
  73              		.loc 1 22 5 view .LVU7
  74 0036 214F     		ldr	r7, .L3+12
  75 0038 3846     		mov	r0, r7
  76 003a FFF7FEFF 		bl	lv_style_init
  77              	.LVL2:
  23:Middlewares/lvgl/examples/styles/lv_example_style_10.c ****     lv_style_set_transition(&style_def, &trans_def);
  78              		.loc 1 23 5 view .LVU8
  79 003e 2946     		mov	r1, r5
  80 0040 3846     		mov	r0, r7
  81 0042 FFF7FEFF 		bl	lv_style_set_transition
  82              	.LVL3:
  24:Middlewares/lvgl/examples/styles/lv_example_style_10.c **** 
  25:Middlewares/lvgl/examples/styles/lv_example_style_10.c ****     static lv_style_t style_pr;
  83              		.loc 1 25 5 view .LVU9
  26:Middlewares/lvgl/examples/styles/lv_example_style_10.c ****     lv_style_init(&style_pr);
  84              		.loc 1 26 5 view .LVU10
  85 0046 1E4D     		ldr	r5, .L3+16
  86 0048 2846     		mov	r0, r5
  87 004a FFF7FEFF 		bl	lv_style_init
  88              	.LVL4:
  27:Middlewares/lvgl/examples/styles/lv_example_style_10.c ****     lv_style_set_bg_color(&style_pr, lv_palette_main(LV_PALETTE_RED));
ARM GAS  /tmp/cc7wa4kg.s 			page 3


  89              		.loc 1 27 5 view .LVU11
  90 004e 2046     		mov	r0, r4
  91 0050 FFF7FEFF 		bl	lv_palette_main
  92              	.LVL5:
  93 0054 0146     		mov	r1, r0	@ movhi
  94 0056 2846     		mov	r0, r5
  95 0058 FFF7FEFF 		bl	lv_style_set_bg_color
  96              	.LVL6:
  28:Middlewares/lvgl/examples/styles/lv_example_style_10.c ****     lv_style_set_border_width(&style_pr, 6);
  97              		.loc 1 28 5 view .LVU12
  98 005c 0621     		movs	r1, #6
  99 005e 2846     		mov	r0, r5
 100 0060 FFF7FEFF 		bl	lv_style_set_border_width
 101              	.LVL7:
  29:Middlewares/lvgl/examples/styles/lv_example_style_10.c ****     lv_style_set_border_color(&style_pr, lv_palette_darken(LV_PALETTE_RED, 3));
 102              		.loc 1 29 5 view .LVU13
 103 0064 0321     		movs	r1, #3
 104 0066 2046     		mov	r0, r4
 105 0068 FFF7FEFF 		bl	lv_palette_darken
 106              	.LVL8:
 107 006c 0146     		mov	r1, r0	@ movhi
 108 006e 2846     		mov	r0, r5
 109 0070 FFF7FEFF 		bl	lv_style_set_border_color
 110              	.LVL9:
  30:Middlewares/lvgl/examples/styles/lv_example_style_10.c ****     lv_style_set_transition(&style_pr, &trans_pr);
 111              		.loc 1 30 5 view .LVU14
 112 0074 3146     		mov	r1, r6
 113 0076 2846     		mov	r0, r5
 114 0078 FFF7FEFF 		bl	lv_style_set_transition
 115              	.LVL10:
  31:Middlewares/lvgl/examples/styles/lv_example_style_10.c **** 
  32:Middlewares/lvgl/examples/styles/lv_example_style_10.c ****     /*Create an object with the new style_pr*/
  33:Middlewares/lvgl/examples/styles/lv_example_style_10.c ****     lv_obj_t * obj = lv_obj_create(lv_scr_act());
 116              		.loc 1 33 5 view .LVU15
 117              	.LBB8:
 118              	.LBI8:
 119              		.file 2 "Middlewares/lvgl/examples/styles/../../src/core/lv_disp.h"
   1:Middlewares/lvgl/examples/styles/../../src/core/lv_disp.h **** /**
   2:Middlewares/lvgl/examples/styles/../../src/core/lv_disp.h ****  * @file lv_disp.h
   3:Middlewares/lvgl/examples/styles/../../src/core/lv_disp.h ****  *
   4:Middlewares/lvgl/examples/styles/../../src/core/lv_disp.h ****  */
   5:Middlewares/lvgl/examples/styles/../../src/core/lv_disp.h **** 
   6:Middlewares/lvgl/examples/styles/../../src/core/lv_disp.h **** #ifndef LV_DISP_H
   7:Middlewares/lvgl/examples/styles/../../src/core/lv_disp.h **** #define LV_DISP_H
   8:Middlewares/lvgl/examples/styles/../../src/core/lv_disp.h **** 
   9:Middlewares/lvgl/examples/styles/../../src/core/lv_disp.h **** #ifdef __cplusplus
  10:Middlewares/lvgl/examples/styles/../../src/core/lv_disp.h **** extern "C" {
  11:Middlewares/lvgl/examples/styles/../../src/core/lv_disp.h **** #endif
  12:Middlewares/lvgl/examples/styles/../../src/core/lv_disp.h **** 
  13:Middlewares/lvgl/examples/styles/../../src/core/lv_disp.h **** /*********************
  14:Middlewares/lvgl/examples/styles/../../src/core/lv_disp.h ****  *      INCLUDES
  15:Middlewares/lvgl/examples/styles/../../src/core/lv_disp.h ****  *********************/
  16:Middlewares/lvgl/examples/styles/../../src/core/lv_disp.h **** #include "../hal/lv_hal.h"
  17:Middlewares/lvgl/examples/styles/../../src/core/lv_disp.h **** #include "lv_obj.h"
  18:Middlewares/lvgl/examples/styles/../../src/core/lv_disp.h **** #include "lv_theme.h"
  19:Middlewares/lvgl/examples/styles/../../src/core/lv_disp.h **** 
  20:Middlewares/lvgl/examples/styles/../../src/core/lv_disp.h **** /*********************
ARM GAS  /tmp/cc7wa4kg.s 			page 4


  21:Middlewares/lvgl/examples/styles/../../src/core/lv_disp.h ****  *      DEFINES
  22:Middlewares/lvgl/examples/styles/../../src/core/lv_disp.h ****  *********************/
  23:Middlewares/lvgl/examples/styles/../../src/core/lv_disp.h **** 
  24:Middlewares/lvgl/examples/styles/../../src/core/lv_disp.h **** /**********************
  25:Middlewares/lvgl/examples/styles/../../src/core/lv_disp.h ****  *      TYPEDEFS
  26:Middlewares/lvgl/examples/styles/../../src/core/lv_disp.h ****  **********************/
  27:Middlewares/lvgl/examples/styles/../../src/core/lv_disp.h **** 
  28:Middlewares/lvgl/examples/styles/../../src/core/lv_disp.h **** typedef enum {
  29:Middlewares/lvgl/examples/styles/../../src/core/lv_disp.h ****     LV_SCR_LOAD_ANIM_NONE,
  30:Middlewares/lvgl/examples/styles/../../src/core/lv_disp.h ****     LV_SCR_LOAD_ANIM_OVER_LEFT,
  31:Middlewares/lvgl/examples/styles/../../src/core/lv_disp.h ****     LV_SCR_LOAD_ANIM_OVER_RIGHT,
  32:Middlewares/lvgl/examples/styles/../../src/core/lv_disp.h ****     LV_SCR_LOAD_ANIM_OVER_TOP,
  33:Middlewares/lvgl/examples/styles/../../src/core/lv_disp.h ****     LV_SCR_LOAD_ANIM_OVER_BOTTOM,
  34:Middlewares/lvgl/examples/styles/../../src/core/lv_disp.h ****     LV_SCR_LOAD_ANIM_MOVE_LEFT,
  35:Middlewares/lvgl/examples/styles/../../src/core/lv_disp.h ****     LV_SCR_LOAD_ANIM_MOVE_RIGHT,
  36:Middlewares/lvgl/examples/styles/../../src/core/lv_disp.h ****     LV_SCR_LOAD_ANIM_MOVE_TOP,
  37:Middlewares/lvgl/examples/styles/../../src/core/lv_disp.h ****     LV_SCR_LOAD_ANIM_MOVE_BOTTOM,
  38:Middlewares/lvgl/examples/styles/../../src/core/lv_disp.h ****     LV_SCR_LOAD_ANIM_FADE_ON,
  39:Middlewares/lvgl/examples/styles/../../src/core/lv_disp.h **** } lv_scr_load_anim_t;
  40:Middlewares/lvgl/examples/styles/../../src/core/lv_disp.h **** 
  41:Middlewares/lvgl/examples/styles/../../src/core/lv_disp.h **** /**********************
  42:Middlewares/lvgl/examples/styles/../../src/core/lv_disp.h ****  * GLOBAL PROTOTYPES
  43:Middlewares/lvgl/examples/styles/../../src/core/lv_disp.h ****  **********************/
  44:Middlewares/lvgl/examples/styles/../../src/core/lv_disp.h **** 
  45:Middlewares/lvgl/examples/styles/../../src/core/lv_disp.h **** /**
  46:Middlewares/lvgl/examples/styles/../../src/core/lv_disp.h ****  * Return with a pointer to the active screen
  47:Middlewares/lvgl/examples/styles/../../src/core/lv_disp.h ****  * @param disp pointer to display which active screen should be get. (NULL to use the default
  48:Middlewares/lvgl/examples/styles/../../src/core/lv_disp.h ****  * screen)
  49:Middlewares/lvgl/examples/styles/../../src/core/lv_disp.h ****  * @return pointer to the active screen object (loaded by 'lv_scr_load()')
  50:Middlewares/lvgl/examples/styles/../../src/core/lv_disp.h ****  */
  51:Middlewares/lvgl/examples/styles/../../src/core/lv_disp.h **** lv_obj_t * lv_disp_get_scr_act(lv_disp_t * disp);
  52:Middlewares/lvgl/examples/styles/../../src/core/lv_disp.h **** 
  53:Middlewares/lvgl/examples/styles/../../src/core/lv_disp.h **** /**
  54:Middlewares/lvgl/examples/styles/../../src/core/lv_disp.h ****  * Return with a pointer to the previous screen. Only used during screen transitions.
  55:Middlewares/lvgl/examples/styles/../../src/core/lv_disp.h ****  * @param disp pointer to display which previous screen should be get. (NULL to use the default
  56:Middlewares/lvgl/examples/styles/../../src/core/lv_disp.h ****  * screen)
  57:Middlewares/lvgl/examples/styles/../../src/core/lv_disp.h ****  * @return pointer to the previous screen object or NULL if not used now
  58:Middlewares/lvgl/examples/styles/../../src/core/lv_disp.h ****  */
  59:Middlewares/lvgl/examples/styles/../../src/core/lv_disp.h **** lv_obj_t * lv_disp_get_scr_prev(lv_disp_t * disp);
  60:Middlewares/lvgl/examples/styles/../../src/core/lv_disp.h **** 
  61:Middlewares/lvgl/examples/styles/../../src/core/lv_disp.h **** /**
  62:Middlewares/lvgl/examples/styles/../../src/core/lv_disp.h ****  * Make a screen active
  63:Middlewares/lvgl/examples/styles/../../src/core/lv_disp.h ****  * @param scr pointer to a screen
  64:Middlewares/lvgl/examples/styles/../../src/core/lv_disp.h ****  */
  65:Middlewares/lvgl/examples/styles/../../src/core/lv_disp.h **** void lv_disp_load_scr(lv_obj_t * scr);
  66:Middlewares/lvgl/examples/styles/../../src/core/lv_disp.h **** 
  67:Middlewares/lvgl/examples/styles/../../src/core/lv_disp.h **** /**
  68:Middlewares/lvgl/examples/styles/../../src/core/lv_disp.h ****  * Return with the top layer. (Same on every screen and it is above the normal screen layer)
  69:Middlewares/lvgl/examples/styles/../../src/core/lv_disp.h ****  * @param disp pointer to display which top layer should be get. (NULL to use the default screen)
  70:Middlewares/lvgl/examples/styles/../../src/core/lv_disp.h ****  * @return pointer to the top layer object  (transparent screen sized lv_obj)
  71:Middlewares/lvgl/examples/styles/../../src/core/lv_disp.h ****  */
  72:Middlewares/lvgl/examples/styles/../../src/core/lv_disp.h **** lv_obj_t * lv_disp_get_layer_top(lv_disp_t * disp);
  73:Middlewares/lvgl/examples/styles/../../src/core/lv_disp.h **** 
  74:Middlewares/lvgl/examples/styles/../../src/core/lv_disp.h **** /**
  75:Middlewares/lvgl/examples/styles/../../src/core/lv_disp.h ****  * Return with the sys. layer. (Same on every screen and it is above the normal screen and the top
  76:Middlewares/lvgl/examples/styles/../../src/core/lv_disp.h ****  * layer)
  77:Middlewares/lvgl/examples/styles/../../src/core/lv_disp.h ****  * @param disp pointer to display which sys. layer  should be get. (NULL to use the default screen)
ARM GAS  /tmp/cc7wa4kg.s 			page 5


  78:Middlewares/lvgl/examples/styles/../../src/core/lv_disp.h ****  * @return pointer to the sys layer object  (transparent screen sized lv_obj)
  79:Middlewares/lvgl/examples/styles/../../src/core/lv_disp.h ****  */
  80:Middlewares/lvgl/examples/styles/../../src/core/lv_disp.h **** lv_obj_t * lv_disp_get_layer_sys(lv_disp_t * disp);
  81:Middlewares/lvgl/examples/styles/../../src/core/lv_disp.h **** 
  82:Middlewares/lvgl/examples/styles/../../src/core/lv_disp.h **** /**
  83:Middlewares/lvgl/examples/styles/../../src/core/lv_disp.h ****  * Get the theme of a display
  84:Middlewares/lvgl/examples/styles/../../src/core/lv_disp.h ****  * @param disp pointer to a display
  85:Middlewares/lvgl/examples/styles/../../src/core/lv_disp.h ****  * @return the display's theme (can be NULL)
  86:Middlewares/lvgl/examples/styles/../../src/core/lv_disp.h ****  */
  87:Middlewares/lvgl/examples/styles/../../src/core/lv_disp.h **** void lv_disp_set_theme(lv_disp_t * disp, lv_theme_t * th);
  88:Middlewares/lvgl/examples/styles/../../src/core/lv_disp.h **** 
  89:Middlewares/lvgl/examples/styles/../../src/core/lv_disp.h **** /**
  90:Middlewares/lvgl/examples/styles/../../src/core/lv_disp.h ****  * Get the theme of a display
  91:Middlewares/lvgl/examples/styles/../../src/core/lv_disp.h ****  * @param disp pointer to a display
  92:Middlewares/lvgl/examples/styles/../../src/core/lv_disp.h ****  * @return the display's theme (can be NULL)
  93:Middlewares/lvgl/examples/styles/../../src/core/lv_disp.h ****  */
  94:Middlewares/lvgl/examples/styles/../../src/core/lv_disp.h **** lv_theme_t * lv_disp_get_theme(lv_disp_t * disp);
  95:Middlewares/lvgl/examples/styles/../../src/core/lv_disp.h **** 
  96:Middlewares/lvgl/examples/styles/../../src/core/lv_disp.h **** /**
  97:Middlewares/lvgl/examples/styles/../../src/core/lv_disp.h ****  * Set the background color of a display
  98:Middlewares/lvgl/examples/styles/../../src/core/lv_disp.h ****  * @param disp pointer to a display
  99:Middlewares/lvgl/examples/styles/../../src/core/lv_disp.h ****  * @param color color of the background
 100:Middlewares/lvgl/examples/styles/../../src/core/lv_disp.h ****  */
 101:Middlewares/lvgl/examples/styles/../../src/core/lv_disp.h **** void lv_disp_set_bg_color(lv_disp_t * disp, lv_color_t color);
 102:Middlewares/lvgl/examples/styles/../../src/core/lv_disp.h **** 
 103:Middlewares/lvgl/examples/styles/../../src/core/lv_disp.h **** /**
 104:Middlewares/lvgl/examples/styles/../../src/core/lv_disp.h ****  * Set the background image of a display
 105:Middlewares/lvgl/examples/styles/../../src/core/lv_disp.h ****  * @param disp pointer to a display
 106:Middlewares/lvgl/examples/styles/../../src/core/lv_disp.h ****  * @param img_src path to file or pointer to an `lv_img_dsc_t` variable
 107:Middlewares/lvgl/examples/styles/../../src/core/lv_disp.h ****  */
 108:Middlewares/lvgl/examples/styles/../../src/core/lv_disp.h **** void lv_disp_set_bg_image(lv_disp_t * disp, const void  * img_src);
 109:Middlewares/lvgl/examples/styles/../../src/core/lv_disp.h **** 
 110:Middlewares/lvgl/examples/styles/../../src/core/lv_disp.h **** /**
 111:Middlewares/lvgl/examples/styles/../../src/core/lv_disp.h ****  * Opacity of the background
 112:Middlewares/lvgl/examples/styles/../../src/core/lv_disp.h ****  * @param disp pointer to a display
 113:Middlewares/lvgl/examples/styles/../../src/core/lv_disp.h ****  * @param opa opacity (0..255)
 114:Middlewares/lvgl/examples/styles/../../src/core/lv_disp.h ****  */
 115:Middlewares/lvgl/examples/styles/../../src/core/lv_disp.h **** void lv_disp_set_bg_opa(lv_disp_t * disp, lv_opa_t opa);
 116:Middlewares/lvgl/examples/styles/../../src/core/lv_disp.h **** 
 117:Middlewares/lvgl/examples/styles/../../src/core/lv_disp.h **** /**
 118:Middlewares/lvgl/examples/styles/../../src/core/lv_disp.h ****  * Switch screen with animation
 119:Middlewares/lvgl/examples/styles/../../src/core/lv_disp.h ****  * @param scr pointer to the new screen to load
 120:Middlewares/lvgl/examples/styles/../../src/core/lv_disp.h ****  * @param anim_type type of the animation from `lv_scr_load_anim_t`. E.g.  `LV_SCR_LOAD_ANIM_MOVE_L
 121:Middlewares/lvgl/examples/styles/../../src/core/lv_disp.h ****  * @param time time of the animation
 122:Middlewares/lvgl/examples/styles/../../src/core/lv_disp.h ****  * @param delay delay before the transition
 123:Middlewares/lvgl/examples/styles/../../src/core/lv_disp.h ****  * @param auto_del true: automatically delete the old screen
 124:Middlewares/lvgl/examples/styles/../../src/core/lv_disp.h ****  */
 125:Middlewares/lvgl/examples/styles/../../src/core/lv_disp.h **** void lv_scr_load_anim(lv_obj_t * scr, lv_scr_load_anim_t anim_type, uint32_t time, uint32_t delay, 
 126:Middlewares/lvgl/examples/styles/../../src/core/lv_disp.h **** 
 127:Middlewares/lvgl/examples/styles/../../src/core/lv_disp.h **** /**
 128:Middlewares/lvgl/examples/styles/../../src/core/lv_disp.h ****  * Get elapsed time since last user activity on a display (e.g. click)
 129:Middlewares/lvgl/examples/styles/../../src/core/lv_disp.h ****  * @param disp pointer to an display (NULL to get the overall smallest inactivity)
 130:Middlewares/lvgl/examples/styles/../../src/core/lv_disp.h ****  * @return elapsed ticks (milliseconds) since the last activity
 131:Middlewares/lvgl/examples/styles/../../src/core/lv_disp.h ****  */
 132:Middlewares/lvgl/examples/styles/../../src/core/lv_disp.h **** uint32_t lv_disp_get_inactive_time(const lv_disp_t * disp);
 133:Middlewares/lvgl/examples/styles/../../src/core/lv_disp.h **** 
 134:Middlewares/lvgl/examples/styles/../../src/core/lv_disp.h **** /**
ARM GAS  /tmp/cc7wa4kg.s 			page 6


 135:Middlewares/lvgl/examples/styles/../../src/core/lv_disp.h ****  * Manually trigger an activity on a display
 136:Middlewares/lvgl/examples/styles/../../src/core/lv_disp.h ****  * @param disp pointer to an display (NULL to use the default display)
 137:Middlewares/lvgl/examples/styles/../../src/core/lv_disp.h ****  */
 138:Middlewares/lvgl/examples/styles/../../src/core/lv_disp.h **** void lv_disp_trig_activity(lv_disp_t * disp);
 139:Middlewares/lvgl/examples/styles/../../src/core/lv_disp.h **** 
 140:Middlewares/lvgl/examples/styles/../../src/core/lv_disp.h **** /**
 141:Middlewares/lvgl/examples/styles/../../src/core/lv_disp.h ****  * Clean any CPU cache that is related to the display.
 142:Middlewares/lvgl/examples/styles/../../src/core/lv_disp.h ****  * @param disp pointer to an display (NULL to use the default display)
 143:Middlewares/lvgl/examples/styles/../../src/core/lv_disp.h ****  */
 144:Middlewares/lvgl/examples/styles/../../src/core/lv_disp.h **** void lv_disp_clean_dcache(lv_disp_t * disp);
 145:Middlewares/lvgl/examples/styles/../../src/core/lv_disp.h **** 
 146:Middlewares/lvgl/examples/styles/../../src/core/lv_disp.h **** /**
 147:Middlewares/lvgl/examples/styles/../../src/core/lv_disp.h ****  * Get a pointer to the screen refresher timer to
 148:Middlewares/lvgl/examples/styles/../../src/core/lv_disp.h ****  * modify its parameters with `lv_timer_...` functions.
 149:Middlewares/lvgl/examples/styles/../../src/core/lv_disp.h ****  * @param disp pointer to a display
 150:Middlewares/lvgl/examples/styles/../../src/core/lv_disp.h ****  * @return pointer to the display refresher timer. (NULL on error)
 151:Middlewares/lvgl/examples/styles/../../src/core/lv_disp.h ****  */
 152:Middlewares/lvgl/examples/styles/../../src/core/lv_disp.h **** lv_timer_t * _lv_disp_get_refr_timer(lv_disp_t * disp);
 153:Middlewares/lvgl/examples/styles/../../src/core/lv_disp.h **** 
 154:Middlewares/lvgl/examples/styles/../../src/core/lv_disp.h **** /*------------------------------------------------
 155:Middlewares/lvgl/examples/styles/../../src/core/lv_disp.h ****  * To improve backward compatibility
 156:Middlewares/lvgl/examples/styles/../../src/core/lv_disp.h ****  * Recommended only if you have one display
 157:Middlewares/lvgl/examples/styles/../../src/core/lv_disp.h ****  *------------------------------------------------*/
 158:Middlewares/lvgl/examples/styles/../../src/core/lv_disp.h **** 
 159:Middlewares/lvgl/examples/styles/../../src/core/lv_disp.h **** /**
 160:Middlewares/lvgl/examples/styles/../../src/core/lv_disp.h ****  * Get the active screen of the default display
 161:Middlewares/lvgl/examples/styles/../../src/core/lv_disp.h ****  * @return pointer to the active screen
 162:Middlewares/lvgl/examples/styles/../../src/core/lv_disp.h ****  */
 163:Middlewares/lvgl/examples/styles/../../src/core/lv_disp.h **** static inline lv_obj_t * lv_scr_act(void)
 120              		.loc 2 163 26 view .LVU16
 121              	.LBB9:
 164:Middlewares/lvgl/examples/styles/../../src/core/lv_disp.h **** {
 165:Middlewares/lvgl/examples/styles/../../src/core/lv_disp.h ****     return lv_disp_get_scr_act(lv_disp_get_default());
 122              		.loc 2 165 5 view .LVU17
 123              		.loc 2 165 12 is_stmt 0 view .LVU18
 124 007c FFF7FEFF 		bl	lv_disp_get_default
 125              	.LVL11:
 126 0080 FFF7FEFF 		bl	lv_disp_get_scr_act
 127              	.LVL12:
 128              	.LBE9:
 129              	.LBE8:
 130              		.loc 1 33 22 view .LVU19
 131 0084 FFF7FEFF 		bl	lv_obj_create
 132              	.LVL13:
 133 0088 0646     		mov	r6, r0
 134              	.LVL14:
  34:Middlewares/lvgl/examples/styles/lv_example_style_10.c ****     lv_obj_add_style(obj, &style_def, 0);
 135              		.loc 1 34 5 is_stmt 1 view .LVU20
 136 008a 2246     		mov	r2, r4
 137 008c 3946     		mov	r1, r7
 138 008e FFF7FEFF 		bl	lv_obj_add_style
 139              	.LVL15:
  35:Middlewares/lvgl/examples/styles/lv_example_style_10.c ****     lv_obj_add_style(obj, &style_pr, LV_STATE_PRESSED);
 140              		.loc 1 35 5 view .LVU21
 141 0092 2022     		movs	r2, #32
 142 0094 2946     		mov	r1, r5
 143 0096 3046     		mov	r0, r6
ARM GAS  /tmp/cc7wa4kg.s 			page 7


 144 0098 FFF7FEFF 		bl	lv_obj_add_style
 145              	.LVL16:
  36:Middlewares/lvgl/examples/styles/lv_example_style_10.c **** 
  37:Middlewares/lvgl/examples/styles/lv_example_style_10.c ****     lv_obj_center(obj);
 146              		.loc 1 37 5 view .LVU22
 147              	.LBB10:
 148              	.LBI10:
 149              		.file 3 "Middlewares/lvgl/examples/styles/../../src/core/lv_obj_pos.h"
   1:Middlewares/lvgl/examples/styles/../../src/core/lv_obj_pos.h **** /**
   2:Middlewares/lvgl/examples/styles/../../src/core/lv_obj_pos.h ****  * @file lv_obj_pos.h
   3:Middlewares/lvgl/examples/styles/../../src/core/lv_obj_pos.h ****  *
   4:Middlewares/lvgl/examples/styles/../../src/core/lv_obj_pos.h ****  */
   5:Middlewares/lvgl/examples/styles/../../src/core/lv_obj_pos.h **** 
   6:Middlewares/lvgl/examples/styles/../../src/core/lv_obj_pos.h **** #ifndef LV_OBJ_POS_H
   7:Middlewares/lvgl/examples/styles/../../src/core/lv_obj_pos.h **** #define LV_OBJ_POS_H
   8:Middlewares/lvgl/examples/styles/../../src/core/lv_obj_pos.h **** 
   9:Middlewares/lvgl/examples/styles/../../src/core/lv_obj_pos.h **** #ifdef __cplusplus
  10:Middlewares/lvgl/examples/styles/../../src/core/lv_obj_pos.h **** extern "C" {
  11:Middlewares/lvgl/examples/styles/../../src/core/lv_obj_pos.h **** #endif
  12:Middlewares/lvgl/examples/styles/../../src/core/lv_obj_pos.h **** 
  13:Middlewares/lvgl/examples/styles/../../src/core/lv_obj_pos.h **** /*********************
  14:Middlewares/lvgl/examples/styles/../../src/core/lv_obj_pos.h ****  *      INCLUDES
  15:Middlewares/lvgl/examples/styles/../../src/core/lv_obj_pos.h ****  *********************/
  16:Middlewares/lvgl/examples/styles/../../src/core/lv_obj_pos.h **** #include "../misc/lv_area.h"
  17:Middlewares/lvgl/examples/styles/../../src/core/lv_obj_pos.h **** 
  18:Middlewares/lvgl/examples/styles/../../src/core/lv_obj_pos.h **** /*********************
  19:Middlewares/lvgl/examples/styles/../../src/core/lv_obj_pos.h ****  *      DEFINES
  20:Middlewares/lvgl/examples/styles/../../src/core/lv_obj_pos.h ****  *********************/
  21:Middlewares/lvgl/examples/styles/../../src/core/lv_obj_pos.h **** 
  22:Middlewares/lvgl/examples/styles/../../src/core/lv_obj_pos.h **** /**********************
  23:Middlewares/lvgl/examples/styles/../../src/core/lv_obj_pos.h ****  *      TYPEDEFS
  24:Middlewares/lvgl/examples/styles/../../src/core/lv_obj_pos.h ****  **********************/
  25:Middlewares/lvgl/examples/styles/../../src/core/lv_obj_pos.h **** struct _lv_obj_t;
  26:Middlewares/lvgl/examples/styles/../../src/core/lv_obj_pos.h **** 
  27:Middlewares/lvgl/examples/styles/../../src/core/lv_obj_pos.h **** typedef void (*lv_layout_update_cb_t)(struct _lv_obj_t *, void * user_data);
  28:Middlewares/lvgl/examples/styles/../../src/core/lv_obj_pos.h **** typedef struct {
  29:Middlewares/lvgl/examples/styles/../../src/core/lv_obj_pos.h ****     lv_layout_update_cb_t cb;
  30:Middlewares/lvgl/examples/styles/../../src/core/lv_obj_pos.h ****     void * user_data;
  31:Middlewares/lvgl/examples/styles/../../src/core/lv_obj_pos.h **** }lv_layout_dsc_t;
  32:Middlewares/lvgl/examples/styles/../../src/core/lv_obj_pos.h **** 
  33:Middlewares/lvgl/examples/styles/../../src/core/lv_obj_pos.h **** /**********************
  34:Middlewares/lvgl/examples/styles/../../src/core/lv_obj_pos.h ****  * GLOBAL PROTOTYPES
  35:Middlewares/lvgl/examples/styles/../../src/core/lv_obj_pos.h ****  **********************/
  36:Middlewares/lvgl/examples/styles/../../src/core/lv_obj_pos.h **** 
  37:Middlewares/lvgl/examples/styles/../../src/core/lv_obj_pos.h **** /**
  38:Middlewares/lvgl/examples/styles/../../src/core/lv_obj_pos.h ****  * Set the relative the position of an object (relative to the parent's top left corner)
  39:Middlewares/lvgl/examples/styles/../../src/core/lv_obj_pos.h ****  * @param obj       pointer to an object
  40:Middlewares/lvgl/examples/styles/../../src/core/lv_obj_pos.h ****  * @param x         new distance from the left side of the parent plus the parent's left padding
  41:Middlewares/lvgl/examples/styles/../../src/core/lv_obj_pos.h ****  * @param y         new distance from the top side of the parent  plus the parent's right padding
  42:Middlewares/lvgl/examples/styles/../../src/core/lv_obj_pos.h ****  */
  43:Middlewares/lvgl/examples/styles/../../src/core/lv_obj_pos.h **** void lv_obj_set_pos(struct _lv_obj_t * obj, lv_coord_t x, lv_coord_t y);
  44:Middlewares/lvgl/examples/styles/../../src/core/lv_obj_pos.h **** 
  45:Middlewares/lvgl/examples/styles/../../src/core/lv_obj_pos.h **** /**
  46:Middlewares/lvgl/examples/styles/../../src/core/lv_obj_pos.h ****  * Set the x coordinate of a object
  47:Middlewares/lvgl/examples/styles/../../src/core/lv_obj_pos.h ****  * @param obj       pointer to an object
  48:Middlewares/lvgl/examples/styles/../../src/core/lv_obj_pos.h ****  * @param x         new distance from the left side from the parent plus the parent's left padding
  49:Middlewares/lvgl/examples/styles/../../src/core/lv_obj_pos.h ****  */
ARM GAS  /tmp/cc7wa4kg.s 			page 8


  50:Middlewares/lvgl/examples/styles/../../src/core/lv_obj_pos.h **** void lv_obj_set_x(struct _lv_obj_t * obj, lv_coord_t x);
  51:Middlewares/lvgl/examples/styles/../../src/core/lv_obj_pos.h **** 
  52:Middlewares/lvgl/examples/styles/../../src/core/lv_obj_pos.h **** /**
  53:Middlewares/lvgl/examples/styles/../../src/core/lv_obj_pos.h ****  * Set the y coordinate of a object
  54:Middlewares/lvgl/examples/styles/../../src/core/lv_obj_pos.h ****  * @param obj       pointer to an object
  55:Middlewares/lvgl/examples/styles/../../src/core/lv_obj_pos.h ****  * @param y         new distance from the top of the parent  plus the parent's top padding
  56:Middlewares/lvgl/examples/styles/../../src/core/lv_obj_pos.h ****  */
  57:Middlewares/lvgl/examples/styles/../../src/core/lv_obj_pos.h **** void lv_obj_set_y(struct _lv_obj_t * obj, lv_coord_t y);
  58:Middlewares/lvgl/examples/styles/../../src/core/lv_obj_pos.h **** 
  59:Middlewares/lvgl/examples/styles/../../src/core/lv_obj_pos.h **** /**
  60:Middlewares/lvgl/examples/styles/../../src/core/lv_obj_pos.h ****  * Set the size of an object.
  61:Middlewares/lvgl/examples/styles/../../src/core/lv_obj_pos.h ****  * @param obj       pointer to an object
  62:Middlewares/lvgl/examples/styles/../../src/core/lv_obj_pos.h ****  * @param w         the new width
  63:Middlewares/lvgl/examples/styles/../../src/core/lv_obj_pos.h ****  * @param h         the new height
  64:Middlewares/lvgl/examples/styles/../../src/core/lv_obj_pos.h ****  * @note            possible values are:
  65:Middlewares/lvgl/examples/styles/../../src/core/lv_obj_pos.h ****  *                  pixel               simple set the size accordingly
  66:Middlewares/lvgl/examples/styles/../../src/core/lv_obj_pos.h ****  *                  LV_SIZE_CONTENT     set the size to involve all children in the given direction
  67:Middlewares/lvgl/examples/styles/../../src/core/lv_obj_pos.h ****  *                  LV_SIZE_PCT(x)     to set size in percentage of the parent's content area size 
  68:Middlewares/lvgl/examples/styles/../../src/core/lv_obj_pos.h ****  *                                      x should be in [0..1000]% range
  69:Middlewares/lvgl/examples/styles/../../src/core/lv_obj_pos.h ****  */
  70:Middlewares/lvgl/examples/styles/../../src/core/lv_obj_pos.h **** void lv_obj_set_size(struct _lv_obj_t * obj, lv_coord_t w, lv_coord_t h);
  71:Middlewares/lvgl/examples/styles/../../src/core/lv_obj_pos.h **** 
  72:Middlewares/lvgl/examples/styles/../../src/core/lv_obj_pos.h **** /**
  73:Middlewares/lvgl/examples/styles/../../src/core/lv_obj_pos.h ****  * Recalculate the size of the object
  74:Middlewares/lvgl/examples/styles/../../src/core/lv_obj_pos.h ****  * @param obj       pointer to an object
  75:Middlewares/lvgl/examples/styles/../../src/core/lv_obj_pos.h ****  * @return          true: the size has been changed
  76:Middlewares/lvgl/examples/styles/../../src/core/lv_obj_pos.h ****  */
  77:Middlewares/lvgl/examples/styles/../../src/core/lv_obj_pos.h **** bool lv_obj_refr_size(struct _lv_obj_t * obj);
  78:Middlewares/lvgl/examples/styles/../../src/core/lv_obj_pos.h **** 
  79:Middlewares/lvgl/examples/styles/../../src/core/lv_obj_pos.h **** /**
  80:Middlewares/lvgl/examples/styles/../../src/core/lv_obj_pos.h ****  * Set the width of an object
  81:Middlewares/lvgl/examples/styles/../../src/core/lv_obj_pos.h ****  * @param obj       pointer to an object
  82:Middlewares/lvgl/examples/styles/../../src/core/lv_obj_pos.h ****  * @param w         the new width
  83:Middlewares/lvgl/examples/styles/../../src/core/lv_obj_pos.h ****  * @note            possible values are:
  84:Middlewares/lvgl/examples/styles/../../src/core/lv_obj_pos.h ****  *                  pixel               simple set the size accordingly
  85:Middlewares/lvgl/examples/styles/../../src/core/lv_obj_pos.h ****  *                  LV_SIZE_CONTENT     set the size to involve all children in the given direction
  86:Middlewares/lvgl/examples/styles/../../src/core/lv_obj_pos.h ****  *                  lv_pct(x)           to set size in percentage of the parent's content area size
  87:Middlewares/lvgl/examples/styles/../../src/core/lv_obj_pos.h ****  *                                      x should be in [0..1000]% range
  88:Middlewares/lvgl/examples/styles/../../src/core/lv_obj_pos.h ****  */
  89:Middlewares/lvgl/examples/styles/../../src/core/lv_obj_pos.h **** void lv_obj_set_width(struct _lv_obj_t * obj, lv_coord_t w);
  90:Middlewares/lvgl/examples/styles/../../src/core/lv_obj_pos.h **** 
  91:Middlewares/lvgl/examples/styles/../../src/core/lv_obj_pos.h **** /**
  92:Middlewares/lvgl/examples/styles/../../src/core/lv_obj_pos.h ****  * Set the height of an object
  93:Middlewares/lvgl/examples/styles/../../src/core/lv_obj_pos.h ****  * @param obj       pointer to an object
  94:Middlewares/lvgl/examples/styles/../../src/core/lv_obj_pos.h ****  * @param h         the new height
  95:Middlewares/lvgl/examples/styles/../../src/core/lv_obj_pos.h ****  * @note            possible values are:
  96:Middlewares/lvgl/examples/styles/../../src/core/lv_obj_pos.h ****  *                  pixel               simple set the size accordingly
  97:Middlewares/lvgl/examples/styles/../../src/core/lv_obj_pos.h ****  *                  LV_SIZE_CONTENT     set the size to involve all children in the given direction
  98:Middlewares/lvgl/examples/styles/../../src/core/lv_obj_pos.h ****  *                  lv_pct(x)           to set size in percentage of the parent's content area size
  99:Middlewares/lvgl/examples/styles/../../src/core/lv_obj_pos.h ****  *                                      x should be in [0..1000]% range
 100:Middlewares/lvgl/examples/styles/../../src/core/lv_obj_pos.h ****  */
 101:Middlewares/lvgl/examples/styles/../../src/core/lv_obj_pos.h **** void lv_obj_set_height(struct _lv_obj_t * obj, lv_coord_t h);
 102:Middlewares/lvgl/examples/styles/../../src/core/lv_obj_pos.h **** 
 103:Middlewares/lvgl/examples/styles/../../src/core/lv_obj_pos.h **** /**
 104:Middlewares/lvgl/examples/styles/../../src/core/lv_obj_pos.h ****  * Set the width reduced by the left and right padding and the border width.
 105:Middlewares/lvgl/examples/styles/../../src/core/lv_obj_pos.h ****  * @param obj       pointer to an object
 106:Middlewares/lvgl/examples/styles/../../src/core/lv_obj_pos.h ****  * @param w         the width without paddings in pixels
ARM GAS  /tmp/cc7wa4kg.s 			page 9


 107:Middlewares/lvgl/examples/styles/../../src/core/lv_obj_pos.h ****  */
 108:Middlewares/lvgl/examples/styles/../../src/core/lv_obj_pos.h **** void lv_obj_set_content_width(struct _lv_obj_t * obj, lv_coord_t w);
 109:Middlewares/lvgl/examples/styles/../../src/core/lv_obj_pos.h **** 
 110:Middlewares/lvgl/examples/styles/../../src/core/lv_obj_pos.h **** /**
 111:Middlewares/lvgl/examples/styles/../../src/core/lv_obj_pos.h ****  * Set the height reduced by the top and bottom padding and the border width.
 112:Middlewares/lvgl/examples/styles/../../src/core/lv_obj_pos.h ****  * @param obj       pointer to an object
 113:Middlewares/lvgl/examples/styles/../../src/core/lv_obj_pos.h ****  * @param h         the height without paddings in pixels
 114:Middlewares/lvgl/examples/styles/../../src/core/lv_obj_pos.h ****  */
 115:Middlewares/lvgl/examples/styles/../../src/core/lv_obj_pos.h **** void lv_obj_set_content_height(struct _lv_obj_t * obj, lv_coord_t h);
 116:Middlewares/lvgl/examples/styles/../../src/core/lv_obj_pos.h **** 
 117:Middlewares/lvgl/examples/styles/../../src/core/lv_obj_pos.h **** /**
 118:Middlewares/lvgl/examples/styles/../../src/core/lv_obj_pos.h ****  * Set a layout for an object
 119:Middlewares/lvgl/examples/styles/../../src/core/lv_obj_pos.h ****  * @param obj       pointer to an object
 120:Middlewares/lvgl/examples/styles/../../src/core/lv_obj_pos.h ****  * @param layout    pointer to a layout descriptor to set
 121:Middlewares/lvgl/examples/styles/../../src/core/lv_obj_pos.h ****  */
 122:Middlewares/lvgl/examples/styles/../../src/core/lv_obj_pos.h **** void lv_obj_set_layout(struct _lv_obj_t * obj, uint32_t layout);
 123:Middlewares/lvgl/examples/styles/../../src/core/lv_obj_pos.h **** 
 124:Middlewares/lvgl/examples/styles/../../src/core/lv_obj_pos.h **** /**
 125:Middlewares/lvgl/examples/styles/../../src/core/lv_obj_pos.h ****  * Test whether the and object is positioned by a layout or not
 126:Middlewares/lvgl/examples/styles/../../src/core/lv_obj_pos.h ****  * @param obj       pointer to an object to test
 127:Middlewares/lvgl/examples/styles/../../src/core/lv_obj_pos.h ****  * @return true:    positioned by a layout; false: not positioned by a layout
 128:Middlewares/lvgl/examples/styles/../../src/core/lv_obj_pos.h ****  */
 129:Middlewares/lvgl/examples/styles/../../src/core/lv_obj_pos.h **** bool lv_obj_is_layout_positioned(const struct _lv_obj_t * obj);
 130:Middlewares/lvgl/examples/styles/../../src/core/lv_obj_pos.h **** 
 131:Middlewares/lvgl/examples/styles/../../src/core/lv_obj_pos.h **** /**
 132:Middlewares/lvgl/examples/styles/../../src/core/lv_obj_pos.h ****  * Mark the object for layout update.
 133:Middlewares/lvgl/examples/styles/../../src/core/lv_obj_pos.h ****  * @param obj      pointer to an object whose children needs to be updated
 134:Middlewares/lvgl/examples/styles/../../src/core/lv_obj_pos.h ****  */
 135:Middlewares/lvgl/examples/styles/../../src/core/lv_obj_pos.h **** void lv_obj_mark_layout_as_dirty(struct _lv_obj_t * obj);
 136:Middlewares/lvgl/examples/styles/../../src/core/lv_obj_pos.h **** 
 137:Middlewares/lvgl/examples/styles/../../src/core/lv_obj_pos.h **** /**
 138:Middlewares/lvgl/examples/styles/../../src/core/lv_obj_pos.h ****  * Update the layout of an object.
 139:Middlewares/lvgl/examples/styles/../../src/core/lv_obj_pos.h ****  * @param obj      pointer to an object whose children needs to be updated
 140:Middlewares/lvgl/examples/styles/../../src/core/lv_obj_pos.h ****  */
 141:Middlewares/lvgl/examples/styles/../../src/core/lv_obj_pos.h **** void lv_obj_update_layout(const struct _lv_obj_t * obj);
 142:Middlewares/lvgl/examples/styles/../../src/core/lv_obj_pos.h **** 
 143:Middlewares/lvgl/examples/styles/../../src/core/lv_obj_pos.h **** /**
 144:Middlewares/lvgl/examples/styles/../../src/core/lv_obj_pos.h ****  * Regsiter a new layout
 145:Middlewares/lvgl/examples/styles/../../src/core/lv_obj_pos.h ****  * @param cb        the layout update callback
 146:Middlewares/lvgl/examples/styles/../../src/core/lv_obj_pos.h ****  * @param user_data custom data that will be passed to `cb`
 147:Middlewares/lvgl/examples/styles/../../src/core/lv_obj_pos.h ****  * @return          the ID of the new layout
 148:Middlewares/lvgl/examples/styles/../../src/core/lv_obj_pos.h ****  */
 149:Middlewares/lvgl/examples/styles/../../src/core/lv_obj_pos.h **** uint32_t lv_layout_register(lv_layout_update_cb_t cb, void * user_data);
 150:Middlewares/lvgl/examples/styles/../../src/core/lv_obj_pos.h **** 
 151:Middlewares/lvgl/examples/styles/../../src/core/lv_obj_pos.h **** /**
 152:Middlewares/lvgl/examples/styles/../../src/core/lv_obj_pos.h ****  * Change the alignment of an object.
 153:Middlewares/lvgl/examples/styles/../../src/core/lv_obj_pos.h ****  * @param obj       pointer to an object to align
 154:Middlewares/lvgl/examples/styles/../../src/core/lv_obj_pos.h ****  * @param align     type of alignment (see 'lv_align_t' enum) `LV_ALIGN_OUT_...` can't be used.
 155:Middlewares/lvgl/examples/styles/../../src/core/lv_obj_pos.h ****  */
 156:Middlewares/lvgl/examples/styles/../../src/core/lv_obj_pos.h **** void lv_obj_set_align(struct _lv_obj_t * obj, lv_align_t align);
 157:Middlewares/lvgl/examples/styles/../../src/core/lv_obj_pos.h **** 
 158:Middlewares/lvgl/examples/styles/../../src/core/lv_obj_pos.h **** /**
 159:Middlewares/lvgl/examples/styles/../../src/core/lv_obj_pos.h ****  * Change the alignment of an object and set new coordinates.
 160:Middlewares/lvgl/examples/styles/../../src/core/lv_obj_pos.h ****  * Equivalent to:
 161:Middlewares/lvgl/examples/styles/../../src/core/lv_obj_pos.h ****  * lv_obj_set_align(obj, align);
 162:Middlewares/lvgl/examples/styles/../../src/core/lv_obj_pos.h ****  * lv_obj_set_pos(obj, x_ofs, y_ofs);
 163:Middlewares/lvgl/examples/styles/../../src/core/lv_obj_pos.h ****  * @param obj       pointer to an object to align
ARM GAS  /tmp/cc7wa4kg.s 			page 10


 164:Middlewares/lvgl/examples/styles/../../src/core/lv_obj_pos.h ****  * @param align     type of alignment (see 'lv_align_t' enum) `LV_ALIGN_OUT_...` can't be used.
 165:Middlewares/lvgl/examples/styles/../../src/core/lv_obj_pos.h ****  * @param x_ofs     x coordinate offset after alignment
 166:Middlewares/lvgl/examples/styles/../../src/core/lv_obj_pos.h ****  * @param y_ofs     y coordinate offset after alignment
 167:Middlewares/lvgl/examples/styles/../../src/core/lv_obj_pos.h ****  */
 168:Middlewares/lvgl/examples/styles/../../src/core/lv_obj_pos.h **** void lv_obj_align(struct _lv_obj_t * obj, lv_align_t align, lv_coord_t x_ofs, lv_coord_t y_ofs);
 169:Middlewares/lvgl/examples/styles/../../src/core/lv_obj_pos.h **** 
 170:Middlewares/lvgl/examples/styles/../../src/core/lv_obj_pos.h **** /**
 171:Middlewares/lvgl/examples/styles/../../src/core/lv_obj_pos.h ****  * Align an object to an other object.
 172:Middlewares/lvgl/examples/styles/../../src/core/lv_obj_pos.h ****  * @param obj       pointer to an object to align
 173:Middlewares/lvgl/examples/styles/../../src/core/lv_obj_pos.h ****  * @param base      pointer to an other object (if NULL `obj`s parent is used). 'obj' will be align
 174:Middlewares/lvgl/examples/styles/../../src/core/lv_obj_pos.h ****  * @param align     type of alignment (see 'lv_align_t' enum)
 175:Middlewares/lvgl/examples/styles/../../src/core/lv_obj_pos.h ****  * @param x_ofs     x coordinate offset after alignment
 176:Middlewares/lvgl/examples/styles/../../src/core/lv_obj_pos.h ****  * @param y_ofs     y coordinate offset after alignment
 177:Middlewares/lvgl/examples/styles/../../src/core/lv_obj_pos.h ****  * @note            if the position or size of `base` changes `obj` needs to be aligned manually ag
 178:Middlewares/lvgl/examples/styles/../../src/core/lv_obj_pos.h ****  */
 179:Middlewares/lvgl/examples/styles/../../src/core/lv_obj_pos.h **** void lv_obj_align_to(struct _lv_obj_t * obj, const struct _lv_obj_t * base, lv_align_t align, lv_co
 180:Middlewares/lvgl/examples/styles/../../src/core/lv_obj_pos.h **** 
 181:Middlewares/lvgl/examples/styles/../../src/core/lv_obj_pos.h **** /**
 182:Middlewares/lvgl/examples/styles/../../src/core/lv_obj_pos.h ****  * Align an object to the center on its parent.
 183:Middlewares/lvgl/examples/styles/../../src/core/lv_obj_pos.h ****  * @param obj       pointer to an object to align
 184:Middlewares/lvgl/examples/styles/../../src/core/lv_obj_pos.h ****  * @note            if the parent size changes `obj` needs to be aligned manually again
 185:Middlewares/lvgl/examples/styles/../../src/core/lv_obj_pos.h ****  */
 186:Middlewares/lvgl/examples/styles/../../src/core/lv_obj_pos.h **** static inline void lv_obj_center(struct _lv_obj_t * obj)
 150              		.loc 3 186 20 view .LVU23
 151              	.LBB11:
 187:Middlewares/lvgl/examples/styles/../../src/core/lv_obj_pos.h **** {
 188:Middlewares/lvgl/examples/styles/../../src/core/lv_obj_pos.h ****     lv_obj_align(obj, LV_ALIGN_CENTER, 0, 0);
 152              		.loc 3 188 5 view .LVU24
 153 009c 2346     		mov	r3, r4
 154 009e 2246     		mov	r2, r4
 155 00a0 0921     		movs	r1, #9
 156 00a2 3046     		mov	r0, r6
 157 00a4 FFF7FEFF 		bl	lv_obj_align
 158              	.LVL17:
 159              		.loc 3 188 5 is_stmt 0 view .LVU25
 160              	.LBE11:
 161              	.LBE10:
  38:Middlewares/lvgl/examples/styles/lv_example_style_10.c **** }
 162              		.loc 1 38 1 view .LVU26
 163 00a8 02B0     		add	sp, sp, #8
 164              	.LCFI2:
 165              		.cfi_def_cfa_offset 24
 166              		@ sp needed
 167 00aa BDE8F081 		pop	{r4, r5, r6, r7, r8, pc}
 168              	.LVL18:
 169              	.L4:
 170              		.loc 1 38 1 view .LVU27
 171 00ae 00BF     		.align	2
 172              	.L3:
 173 00b0 00000000 		.word	.LANCHOR0
 174 00b4 00000000 		.word	.LANCHOR1
 175 00b8 00000000 		.word	.LANCHOR2
 176 00bc 00000000 		.word	.LANCHOR3
 177 00c0 00000000 		.word	.LANCHOR4
 178 00c4 00000000 		.word	lv_anim_path_linear
 179              		.cfi_endproc
 180              	.LFE184:
ARM GAS  /tmp/cc7wa4kg.s 			page 11


 182              		.section	.bss.style_def.1,"aw",%nobits
 183              		.align	2
 184              		.set	.LANCHOR3,. + 0
 187              	style_def.1:
 188 0000 00000000 		.space	8
 188      00000000 
 189              		.section	.bss.style_pr.0,"aw",%nobits
 190              		.align	2
 191              		.set	.LANCHOR4,. + 0
 194              	style_pr.0:
 195 0000 00000000 		.space	8
 195      00000000 
 196              		.section	.bss.trans_def.4,"aw",%nobits
 197              		.align	2
 198              		.set	.LANCHOR1,. + 0
 201              	trans_def.4:
 202 0000 00000000 		.space	20
 202      00000000 
 202      00000000 
 202      00000000 
 202      00000000 
 203              		.section	.bss.trans_pr.2,"aw",%nobits
 204              		.align	2
 205              		.set	.LANCHOR2,. + 0
 208              	trans_pr.2:
 209 0000 00000000 		.space	20
 209      00000000 
 209      00000000 
 209      00000000 
 209      00000000 
 210              		.section	.rodata.props.3,"a"
 211              		.align	2
 212              		.set	.LANCHOR0,. + 0
 215              	props.3:
 216 0000 2000     		.short	32
 217 0002 3000     		.short	48
 218 0004 3210     		.short	4146
 219 0006 0000     		.short	0
 220              		.text
 221              	.Letext0:
 222              		.file 4 "/home/akinya/gcc-arm-none-eabi/arm-none-eabi/include/machine/_default_types.h"
 223              		.file 5 "/home/akinya/gcc-arm-none-eabi/arm-none-eabi/include/sys/_stdint.h"
 224              		.file 6 "Middlewares/lvgl/examples/styles/../../src/misc/lv_ll.h"
 225              		.file 7 "Middlewares/lvgl/examples/styles/../../src/hal/../misc/lv_color.h"
 226              		.file 8 "Middlewares/lvgl/examples/styles/../../src/hal/../misc/lv_area.h"
 227              		.file 9 "Middlewares/lvgl/examples/styles/../../src/core/lv_obj.h"
 228              		.file 10 "Middlewares/lvgl/examples/styles/../../src/core/lv_group.h"
 229              		.file 11 "Middlewares/lvgl/examples/styles/../../src/core/../misc/lv_anim.h"
 230              		.file 12 "Middlewares/lvgl/examples/styles/../../src/core/../misc/lv_style.h"
 231              		.file 13 "Middlewares/lvgl/examples/styles/../../src/core/lv_obj_scroll.h"
 232              		.file 14 "Middlewares/lvgl/examples/styles/../../src/core/lv_obj_style.h"
 233              		.file 15 "Middlewares/lvgl/examples/styles/../../src/core/lv_obj_class.h"
 234              		.file 16 "Middlewares/lvgl/examples/styles/../../src/core/lv_event.h"
 235              		.file 17 "Middlewares/lvgl/examples/styles/../../src/hal/lv_hal_disp.h"
 236              		.file 18 "Middlewares/lvgl/examples/styles/../../src/core/../misc/lv_style_gen.h"
ARM GAS  /tmp/cc7wa4kg.s 			page 12


DEFINED SYMBOLS
                            *ABS*:0000000000000000 lv_example_style_10.c
     /tmp/cc7wa4kg.s:18     .text.lv_example_style_10:0000000000000000 $t
     /tmp/cc7wa4kg.s:26     .text.lv_example_style_10:0000000000000000 lv_example_style_10
     /tmp/cc7wa4kg.s:173    .text.lv_example_style_10:00000000000000b0 $d
     /tmp/cc7wa4kg.s:183    .bss.style_def.1:0000000000000000 $d
     /tmp/cc7wa4kg.s:187    .bss.style_def.1:0000000000000000 style_def.1
     /tmp/cc7wa4kg.s:190    .bss.style_pr.0:0000000000000000 $d
     /tmp/cc7wa4kg.s:194    .bss.style_pr.0:0000000000000000 style_pr.0
     /tmp/cc7wa4kg.s:197    .bss.trans_def.4:0000000000000000 $d
     /tmp/cc7wa4kg.s:201    .bss.trans_def.4:0000000000000000 trans_def.4
     /tmp/cc7wa4kg.s:204    .bss.trans_pr.2:0000000000000000 $d
     /tmp/cc7wa4kg.s:208    .bss.trans_pr.2:0000000000000000 trans_pr.2
     /tmp/cc7wa4kg.s:211    .rodata.props.3:0000000000000000 $d
     /tmp/cc7wa4kg.s:215    .rodata.props.3:0000000000000000 props.3

UNDEFINED SYMBOLS
lv_style_transition_dsc_init
lv_style_init
lv_style_set_transition
lv_palette_main
lv_style_set_bg_color
lv_style_set_border_width
lv_palette_darken
lv_style_set_border_color
lv_disp_get_default
lv_disp_get_scr_act
lv_obj_create
lv_obj_add_style
lv_obj_align
lv_anim_path_linear
