ARM GAS  /tmp/ccB5A1qh.s 			page 1


   1              		.cpu cortex-m4
   2              		.arch armv7e-m
   3              		.fpu fpv4-sp-d16
   4              		.eabi_attribute 27, 1
   5              		.eabi_attribute 28, 1
   6              		.eabi_attribute 20, 1
   7              		.eabi_attribute 21, 1
   8              		.eabi_attribute 23, 3
   9              		.eabi_attribute 24, 1
  10              		.eabi_attribute 25, 1
  11              		.eabi_attribute 26, 1
  12              		.eabi_attribute 30, 1
  13              		.eabi_attribute 34, 1
  14              		.eabi_attribute 18, 4
  15              		.file	"gpio.c"
  16              		.text
  17              	.Ltext0:
  18              		.cfi_sections	.debug_frame
  19              		.section	.text.MX_GPIO_Init,"ax",%progbits
  20              		.align	1
  21              		.global	MX_GPIO_Init
  22              		.syntax unified
  23              		.thumb
  24              		.thumb_func
  26              	MX_GPIO_Init:
  27              	.LFB130:
  28              		.file 1 "Core/Src/gpio.c"
   1:Core/Src/gpio.c **** /**
   2:Core/Src/gpio.c ****   ******************************************************************************
   3:Core/Src/gpio.c ****   * @file    gpio.c
   4:Core/Src/gpio.c ****   * @brief   This file provides code for the configuration
   5:Core/Src/gpio.c ****   *          of all used GPIO pins.
   6:Core/Src/gpio.c ****   ******************************************************************************
   7:Core/Src/gpio.c ****   * @attention
   8:Core/Src/gpio.c ****   *
   9:Core/Src/gpio.c ****   * <h2><center>&copy; Copyright (c) 2021 STMicroelectronics.
  10:Core/Src/gpio.c ****   * All rights reserved.</center></h2>
  11:Core/Src/gpio.c ****   *
  12:Core/Src/gpio.c ****   * This software component is licensed by ST under Ultimate Liberty license
  13:Core/Src/gpio.c ****   * SLA0044, the "License"; You may not use this file except in compliance with
  14:Core/Src/gpio.c ****   * the License. You may obtain a copy of the License at:
  15:Core/Src/gpio.c ****   *                             www.st.com/SLA0044
  16:Core/Src/gpio.c ****   *
  17:Core/Src/gpio.c ****   ******************************************************************************
  18:Core/Src/gpio.c ****   */
  19:Core/Src/gpio.c **** 
  20:Core/Src/gpio.c **** /* Includes ------------------------------------------------------------------*/
  21:Core/Src/gpio.c **** #include "gpio.h"
  22:Core/Src/gpio.c **** 
  23:Core/Src/gpio.c **** /* USER CODE BEGIN 0 */
  24:Core/Src/gpio.c **** 
  25:Core/Src/gpio.c **** /* USER CODE END 0 */
  26:Core/Src/gpio.c **** 
  27:Core/Src/gpio.c **** /*----------------------------------------------------------------------------*/
  28:Core/Src/gpio.c **** /* Configure GPIO                                                             */
  29:Core/Src/gpio.c **** /*----------------------------------------------------------------------------*/
  30:Core/Src/gpio.c **** /* USER CODE BEGIN 1 */
ARM GAS  /tmp/ccB5A1qh.s 			page 2


  31:Core/Src/gpio.c **** 
  32:Core/Src/gpio.c **** /* USER CODE END 1 */
  33:Core/Src/gpio.c **** 
  34:Core/Src/gpio.c **** /** Configure pins as
  35:Core/Src/gpio.c ****         * Analog
  36:Core/Src/gpio.c ****         * Input
  37:Core/Src/gpio.c ****         * Output
  38:Core/Src/gpio.c ****         * EVENT_OUT
  39:Core/Src/gpio.c ****         * EXTI
  40:Core/Src/gpio.c **** */
  41:Core/Src/gpio.c **** void MX_GPIO_Init(void)
  42:Core/Src/gpio.c **** {
  29              		.loc 1 42 1 view -0
  30              		.cfi_startproc
  31              		@ args = 0, pretend = 0, frame = 56
  32              		@ frame_needed = 0, uses_anonymous_args = 0
  33 0000 2DE9F041 		push	{r4, r5, r6, r7, r8, lr}
  34              	.LCFI0:
  35              		.cfi_def_cfa_offset 24
  36              		.cfi_offset 4, -24
  37              		.cfi_offset 5, -20
  38              		.cfi_offset 6, -16
  39              		.cfi_offset 7, -12
  40              		.cfi_offset 8, -8
  41              		.cfi_offset 14, -4
  42 0004 8EB0     		sub	sp, sp, #56
  43              	.LCFI1:
  44              		.cfi_def_cfa_offset 80
  43:Core/Src/gpio.c **** 
  44:Core/Src/gpio.c ****   GPIO_InitTypeDef GPIO_InitStruct = {0};
  45              		.loc 1 44 3 view .LVU1
  46              		.loc 1 44 20 is_stmt 0 view .LVU2
  47 0006 0024     		movs	r4, #0
  48 0008 0994     		str	r4, [sp, #36]
  49 000a 0A94     		str	r4, [sp, #40]
  50 000c 0B94     		str	r4, [sp, #44]
  51 000e 0C94     		str	r4, [sp, #48]
  52 0010 0D94     		str	r4, [sp, #52]
  45:Core/Src/gpio.c **** 
  46:Core/Src/gpio.c ****   /* GPIO Ports Clock Enable */
  47:Core/Src/gpio.c ****   __HAL_RCC_GPIOC_CLK_ENABLE();
  53              		.loc 1 47 3 is_stmt 1 view .LVU3
  54              	.LBB2:
  55              		.loc 1 47 3 view .LVU4
  56 0012 0194     		str	r4, [sp, #4]
  57              		.loc 1 47 3 view .LVU5
  58 0014 424B     		ldr	r3, .L3
  59 0016 1A6B     		ldr	r2, [r3, #48]
  60 0018 42F00402 		orr	r2, r2, #4
  61 001c 1A63     		str	r2, [r3, #48]
  62              		.loc 1 47 3 view .LVU6
  63 001e 1A6B     		ldr	r2, [r3, #48]
  64 0020 02F00402 		and	r2, r2, #4
  65 0024 0192     		str	r2, [sp, #4]
  66              		.loc 1 47 3 view .LVU7
  67 0026 019A     		ldr	r2, [sp, #4]
  68              	.LBE2:
ARM GAS  /tmp/ccB5A1qh.s 			page 3


  69              		.loc 1 47 3 view .LVU8
  48:Core/Src/gpio.c ****   __HAL_RCC_GPIOF_CLK_ENABLE();
  70              		.loc 1 48 3 view .LVU9
  71              	.LBB3:
  72              		.loc 1 48 3 view .LVU10
  73 0028 0294     		str	r4, [sp, #8]
  74              		.loc 1 48 3 view .LVU11
  75 002a 1A6B     		ldr	r2, [r3, #48]
  76 002c 42F02002 		orr	r2, r2, #32
  77 0030 1A63     		str	r2, [r3, #48]
  78              		.loc 1 48 3 view .LVU12
  79 0032 1A6B     		ldr	r2, [r3, #48]
  80 0034 02F02002 		and	r2, r2, #32
  81 0038 0292     		str	r2, [sp, #8]
  82              		.loc 1 48 3 view .LVU13
  83 003a 029A     		ldr	r2, [sp, #8]
  84              	.LBE3:
  85              		.loc 1 48 3 view .LVU14
  49:Core/Src/gpio.c ****   __HAL_RCC_GPIOH_CLK_ENABLE();
  86              		.loc 1 49 3 view .LVU15
  87              	.LBB4:
  88              		.loc 1 49 3 view .LVU16
  89 003c 0394     		str	r4, [sp, #12]
  90              		.loc 1 49 3 view .LVU17
  91 003e 1A6B     		ldr	r2, [r3, #48]
  92 0040 42F08002 		orr	r2, r2, #128
  93 0044 1A63     		str	r2, [r3, #48]
  94              		.loc 1 49 3 view .LVU18
  95 0046 1A6B     		ldr	r2, [r3, #48]
  96 0048 02F08002 		and	r2, r2, #128
  97 004c 0392     		str	r2, [sp, #12]
  98              		.loc 1 49 3 view .LVU19
  99 004e 039A     		ldr	r2, [sp, #12]
 100              	.LBE4:
 101              		.loc 1 49 3 view .LVU20
  50:Core/Src/gpio.c ****   __HAL_RCC_GPIOA_CLK_ENABLE();
 102              		.loc 1 50 3 view .LVU21
 103              	.LBB5:
 104              		.loc 1 50 3 view .LVU22
 105 0050 0494     		str	r4, [sp, #16]
 106              		.loc 1 50 3 view .LVU23
 107 0052 1A6B     		ldr	r2, [r3, #48]
 108 0054 42F00102 		orr	r2, r2, #1
 109 0058 1A63     		str	r2, [r3, #48]
 110              		.loc 1 50 3 view .LVU24
 111 005a 1A6B     		ldr	r2, [r3, #48]
 112 005c 02F00102 		and	r2, r2, #1
 113 0060 0492     		str	r2, [sp, #16]
 114              		.loc 1 50 3 view .LVU25
 115 0062 049A     		ldr	r2, [sp, #16]
 116              	.LBE5:
 117              		.loc 1 50 3 view .LVU26
  51:Core/Src/gpio.c ****   __HAL_RCC_GPIOE_CLK_ENABLE();
 118              		.loc 1 51 3 view .LVU27
 119              	.LBB6:
 120              		.loc 1 51 3 view .LVU28
 121 0064 0594     		str	r4, [sp, #20]
ARM GAS  /tmp/ccB5A1qh.s 			page 4


 122              		.loc 1 51 3 view .LVU29
 123 0066 1A6B     		ldr	r2, [r3, #48]
 124 0068 42F01002 		orr	r2, r2, #16
 125 006c 1A63     		str	r2, [r3, #48]
 126              		.loc 1 51 3 view .LVU30
 127 006e 1A6B     		ldr	r2, [r3, #48]
 128 0070 02F01002 		and	r2, r2, #16
 129 0074 0592     		str	r2, [sp, #20]
 130              		.loc 1 51 3 view .LVU31
 131 0076 059A     		ldr	r2, [sp, #20]
 132              	.LBE6:
 133              		.loc 1 51 3 view .LVU32
  52:Core/Src/gpio.c ****   __HAL_RCC_GPIOB_CLK_ENABLE();
 134              		.loc 1 52 3 view .LVU33
 135              	.LBB7:
 136              		.loc 1 52 3 view .LVU34
 137 0078 0694     		str	r4, [sp, #24]
 138              		.loc 1 52 3 view .LVU35
 139 007a 1A6B     		ldr	r2, [r3, #48]
 140 007c 42F00202 		orr	r2, r2, #2
 141 0080 1A63     		str	r2, [r3, #48]
 142              		.loc 1 52 3 view .LVU36
 143 0082 1A6B     		ldr	r2, [r3, #48]
 144 0084 02F00202 		and	r2, r2, #2
 145 0088 0692     		str	r2, [sp, #24]
 146              		.loc 1 52 3 view .LVU37
 147 008a 069A     		ldr	r2, [sp, #24]
 148              	.LBE7:
 149              		.loc 1 52 3 view .LVU38
  53:Core/Src/gpio.c ****   __HAL_RCC_GPIOD_CLK_ENABLE();
 150              		.loc 1 53 3 view .LVU39
 151              	.LBB8:
 152              		.loc 1 53 3 view .LVU40
 153 008c 0794     		str	r4, [sp, #28]
 154              		.loc 1 53 3 view .LVU41
 155 008e 1A6B     		ldr	r2, [r3, #48]
 156 0090 42F00802 		orr	r2, r2, #8
 157 0094 1A63     		str	r2, [r3, #48]
 158              		.loc 1 53 3 view .LVU42
 159 0096 1A6B     		ldr	r2, [r3, #48]
 160 0098 02F00802 		and	r2, r2, #8
 161 009c 0792     		str	r2, [sp, #28]
 162              		.loc 1 53 3 view .LVU43
 163 009e 079A     		ldr	r2, [sp, #28]
 164              	.LBE8:
 165              		.loc 1 53 3 view .LVU44
  54:Core/Src/gpio.c ****   __HAL_RCC_GPIOG_CLK_ENABLE();
 166              		.loc 1 54 3 view .LVU45
 167              	.LBB9:
 168              		.loc 1 54 3 view .LVU46
 169 00a0 0894     		str	r4, [sp, #32]
 170              		.loc 1 54 3 view .LVU47
 171 00a2 1A6B     		ldr	r2, [r3, #48]
 172 00a4 42F04002 		orr	r2, r2, #64
 173 00a8 1A63     		str	r2, [r3, #48]
 174              		.loc 1 54 3 view .LVU48
 175 00aa 1B6B     		ldr	r3, [r3, #48]
ARM GAS  /tmp/ccB5A1qh.s 			page 5


 176 00ac 03F04003 		and	r3, r3, #64
 177 00b0 0893     		str	r3, [sp, #32]
 178              		.loc 1 54 3 view .LVU49
 179 00b2 089B     		ldr	r3, [sp, #32]
 180              	.LBE9:
 181              		.loc 1 54 3 view .LVU50
  55:Core/Src/gpio.c **** 
  56:Core/Src/gpio.c ****   /*Configure GPIO pin Output Level */
  57:Core/Src/gpio.c ****   HAL_GPIO_WritePin(GPIOF, LED_Pin|Cross1_Pin|Cross2_Pin|TwoWay_Pin, GPIO_PIN_RESET);
 182              		.loc 1 57 3 view .LVU51
 183 00b4 DFF87480 		ldr	r8, .L3+12
 184 00b8 2246     		mov	r2, r4
 185 00ba 4FF46241 		mov	r1, #57856
 186 00be 4046     		mov	r0, r8
 187 00c0 FFF7FEFF 		bl	HAL_GPIO_WritePin
 188              	.LVL0:
  58:Core/Src/gpio.c **** 
  59:Core/Src/gpio.c ****   /*Configure GPIO pin Output Level */
  60:Core/Src/gpio.c ****   HAL_GPIO_WritePin(CS_GPIO_Port, CS_Pin, GPIO_PIN_RESET);
 189              		.loc 1 60 3 view .LVU52
 190 00c4 174F     		ldr	r7, .L3+4
 191 00c6 2246     		mov	r2, r4
 192 00c8 8021     		movs	r1, #128
 193 00ca 3846     		mov	r0, r7
 194 00cc FFF7FEFF 		bl	HAL_GPIO_WritePin
 195              	.LVL1:
  61:Core/Src/gpio.c **** 
  62:Core/Src/gpio.c ****   /*Configure GPIO pin Output Level */
  63:Core/Src/gpio.c ****   HAL_GPIO_WritePin(GPIOB, GPIO_PIN_15, GPIO_PIN_RESET);
 196              		.loc 1 63 3 view .LVU53
 197 00d0 154E     		ldr	r6, .L3+8
 198 00d2 2246     		mov	r2, r4
 199 00d4 4FF40041 		mov	r1, #32768
 200 00d8 3046     		mov	r0, r6
 201 00da FFF7FEFF 		bl	HAL_GPIO_WritePin
 202              	.LVL2:
  64:Core/Src/gpio.c **** 
  65:Core/Src/gpio.c ****   /*Configure GPIO pins : PFPin PFPin PFPin PFPin */
  66:Core/Src/gpio.c ****   GPIO_InitStruct.Pin = LED_Pin|Cross1_Pin|Cross2_Pin|TwoWay_Pin;
 203              		.loc 1 66 3 view .LVU54
 204              		.loc 1 66 23 is_stmt 0 view .LVU55
 205 00de 4FF46243 		mov	r3, #57856
 206 00e2 0993     		str	r3, [sp, #36]
  67:Core/Src/gpio.c ****   GPIO_InitStruct.Mode = GPIO_MODE_OUTPUT_PP;
 207              		.loc 1 67 3 is_stmt 1 view .LVU56
 208              		.loc 1 67 24 is_stmt 0 view .LVU57
 209 00e4 0125     		movs	r5, #1
 210 00e6 0A95     		str	r5, [sp, #40]
  68:Core/Src/gpio.c ****   GPIO_InitStruct.Pull = GPIO_NOPULL;
 211              		.loc 1 68 3 is_stmt 1 view .LVU58
 212              		.loc 1 68 24 is_stmt 0 view .LVU59
 213 00e8 0B94     		str	r4, [sp, #44]
  69:Core/Src/gpio.c ****   GPIO_InitStruct.Speed = GPIO_SPEED_FREQ_LOW;
 214              		.loc 1 69 3 is_stmt 1 view .LVU60
 215              		.loc 1 69 25 is_stmt 0 view .LVU61
 216 00ea 0C94     		str	r4, [sp, #48]
  70:Core/Src/gpio.c ****   HAL_GPIO_Init(GPIOF, &GPIO_InitStruct);
ARM GAS  /tmp/ccB5A1qh.s 			page 6


 217              		.loc 1 70 3 is_stmt 1 view .LVU62
 218 00ec 09A9     		add	r1, sp, #36
 219 00ee 4046     		mov	r0, r8
 220 00f0 FFF7FEFF 		bl	HAL_GPIO_Init
 221              	.LVL3:
  71:Core/Src/gpio.c **** 
  72:Core/Src/gpio.c ****   /*Configure GPIO pin : PtPin */
  73:Core/Src/gpio.c ****   GPIO_InitStruct.Pin = CS_Pin;
 222              		.loc 1 73 3 view .LVU63
 223              		.loc 1 73 23 is_stmt 0 view .LVU64
 224 00f4 8023     		movs	r3, #128
 225 00f6 0993     		str	r3, [sp, #36]
  74:Core/Src/gpio.c ****   GPIO_InitStruct.Mode = GPIO_MODE_OUTPUT_PP;
 226              		.loc 1 74 3 is_stmt 1 view .LVU65
 227              		.loc 1 74 24 is_stmt 0 view .LVU66
 228 00f8 0A95     		str	r5, [sp, #40]
  75:Core/Src/gpio.c ****   GPIO_InitStruct.Pull = GPIO_NOPULL;
 229              		.loc 1 75 3 is_stmt 1 view .LVU67
 230              		.loc 1 75 24 is_stmt 0 view .LVU68
 231 00fa 0B94     		str	r4, [sp, #44]
  76:Core/Src/gpio.c ****   GPIO_InitStruct.Speed = GPIO_SPEED_FREQ_LOW;
 232              		.loc 1 76 3 is_stmt 1 view .LVU69
 233              		.loc 1 76 25 is_stmt 0 view .LVU70
 234 00fc 0C94     		str	r4, [sp, #48]
  77:Core/Src/gpio.c ****   HAL_GPIO_Init(CS_GPIO_Port, &GPIO_InitStruct);
 235              		.loc 1 77 3 is_stmt 1 view .LVU71
 236 00fe 09A9     		add	r1, sp, #36
 237 0100 3846     		mov	r0, r7
 238 0102 FFF7FEFF 		bl	HAL_GPIO_Init
 239              	.LVL4:
  78:Core/Src/gpio.c **** 
  79:Core/Src/gpio.c ****   /*Configure GPIO pin : PB15 */
  80:Core/Src/gpio.c ****   GPIO_InitStruct.Pin = GPIO_PIN_15;
 240              		.loc 1 80 3 view .LVU72
 241              		.loc 1 80 23 is_stmt 0 view .LVU73
 242 0106 4FF40043 		mov	r3, #32768
 243 010a 0993     		str	r3, [sp, #36]
  81:Core/Src/gpio.c ****   GPIO_InitStruct.Mode = GPIO_MODE_OUTPUT_PP;
 244              		.loc 1 81 3 is_stmt 1 view .LVU74
 245              		.loc 1 81 24 is_stmt 0 view .LVU75
 246 010c 0A95     		str	r5, [sp, #40]
  82:Core/Src/gpio.c ****   GPIO_InitStruct.Pull = GPIO_NOPULL;
 247              		.loc 1 82 3 is_stmt 1 view .LVU76
 248              		.loc 1 82 24 is_stmt 0 view .LVU77
 249 010e 0B94     		str	r4, [sp, #44]
  83:Core/Src/gpio.c ****   GPIO_InitStruct.Speed = GPIO_SPEED_FREQ_LOW;
 250              		.loc 1 83 3 is_stmt 1 view .LVU78
 251              		.loc 1 83 25 is_stmt 0 view .LVU79
 252 0110 0C94     		str	r4, [sp, #48]
  84:Core/Src/gpio.c ****   HAL_GPIO_Init(GPIOB, &GPIO_InitStruct);
 253              		.loc 1 84 3 is_stmt 1 view .LVU80
 254 0112 09A9     		add	r1, sp, #36
 255 0114 3046     		mov	r0, r6
 256 0116 FFF7FEFF 		bl	HAL_GPIO_Init
 257              	.LVL5:
  85:Core/Src/gpio.c **** 
  86:Core/Src/gpio.c **** }
ARM GAS  /tmp/ccB5A1qh.s 			page 7


 258              		.loc 1 86 1 is_stmt 0 view .LVU81
 259 011a 0EB0     		add	sp, sp, #56
 260              	.LCFI2:
 261              		.cfi_def_cfa_offset 24
 262              		@ sp needed
 263 011c BDE8F081 		pop	{r4, r5, r6, r7, r8, pc}
 264              	.L4:
 265              		.align	2
 266              	.L3:
 267 0120 00380240 		.word	1073887232
 268 0124 00000240 		.word	1073872896
 269 0128 00040240 		.word	1073873920
 270 012c 00140240 		.word	1073878016
 271              		.cfi_endproc
 272              	.LFE130:
 274              		.text
 275              	.Letext0:
 276              		.file 2 "/home/akinya/gcc-arm-none-eabi/arm-none-eabi/include/machine/_default_types.h"
 277              		.file 3 "/home/akinya/gcc-arm-none-eabi/arm-none-eabi/include/sys/_stdint.h"
 278              		.file 4 "Drivers/CMSIS/Device/ST/STM32F4xx/Include/stm32f407xx.h"
 279              		.file 5 "Drivers/STM32F4xx_HAL_Driver/Inc/stm32f4xx_hal_gpio.h"
ARM GAS  /tmp/ccB5A1qh.s 			page 8


DEFINED SYMBOLS
                            *ABS*:0000000000000000 gpio.c
     /tmp/ccB5A1qh.s:20     .text.MX_GPIO_Init:0000000000000000 $t
     /tmp/ccB5A1qh.s:26     .text.MX_GPIO_Init:0000000000000000 MX_GPIO_Init
     /tmp/ccB5A1qh.s:267    .text.MX_GPIO_Init:0000000000000120 $d

UNDEFINED SYMBOLS
HAL_GPIO_WritePin
HAL_GPIO_Init
