ARM GAS  /tmp/ccVrO60p.s 			page 1


   1              		.cpu cortex-m4
   2              		.arch armv7e-m
   3              		.fpu fpv4-sp-d16
   4              		.eabi_attribute 27, 1
   5              		.eabi_attribute 28, 1
   6              		.eabi_attribute 20, 1
   7              		.eabi_attribute 21, 1
   8              		.eabi_attribute 23, 3
   9              		.eabi_attribute 24, 1
  10              		.eabi_attribute 25, 1
  11              		.eabi_attribute 26, 1
  12              		.eabi_attribute 30, 1
  13              		.eabi_attribute 34, 1
  14              		.eabi_attribute 18, 4
  15              		.file	"imgbtn_left.c"
  16              		.text
  17              	.Ltext0:
  18              		.cfi_sections	.debug_frame
  19              		.global	imgbtn_left
  20              		.global	imgbtn_left_map
  21              		.section	.rodata.imgbtn_left,"a"
  22              		.align	2
  25              	imgbtn_left:
  26 0000 05       		.byte	5
  27 0001 20       		.byte	32
  28 0002 40       		.byte	64
  29 0003 06       		.byte	6
  30 0004 B0040000 		.word	1200
  31 0008 00000000 		.word	imgbtn_left_map
  32              		.section	.rodata.imgbtn_left_map,"a"
  33              		.align	2
  36              	imgbtn_left_map:
  37 0000 00000000 		.ascii	"\000\000\000\000\000\000\000\000\000\000j\000\000\000"
  37      00000000 
  37      00006A00 
  37      0000
  38 000e 00C06103 		.ascii	"\000\300a\003\300a\024\300a#\000\000\000\000\000\000"
  38      C06114C0 
  38      61230000 
  38      00000000 
  39 001e C0610000 		.ascii	"\300a\000\000\000\000\300a@\300a\260\200Y\340`Y\377"
  39      0000C061 
  39      40C061B0 
  39      8059E060 
  39      59FF
  40 0030 00000000 		.ascii	"\000\000\000\000\000\000\000\000\000\300ap\300a\374"
  40      00000000 
  40      00C06170 
  40      C061FC
  41 003f 016AFFF0 		.ascii	"\001j\377\360\264\377;\367\377\200i\000\000\000\000"
  41      B4FF3BF7 
  41      FF806900 
  41      000000
  42 004e C06173C0 		.ascii	"\300as\300a\377,\244\377\377\377\377\334\377\377\027"
  42      61FF2CA4 
  42      FFFFFFFF 
  42      DCFFFF17 
ARM GAS  /tmp/ccVrO60p.s 			page 2


  43 005e FFFF0000 		.ascii	"\377\377\000\000\000\300a@\300a\374,\244\377\336\377"
  43      00C06140 
  43      C061FC2C 
  43      A4FFDEFF 
  44 006e FFCCEDFF 		.ascii	"\377\314\355\377G\345\377\005\345\377\240a\003\300a"
  44      47E5FF05 
  44      E5FFA061 
  44      03C061
  45 007d B0016AFF 		.ascii	"\260\001j\377{\377\377G\345\377\005\345\377\005\345"
  45      7BFFFF47 
  45      E5FF05E5 
  45      FF05E5
  46 008c FF05E5FF 		.ascii	"\377\005\345\377\300a\024\200Y\340\020\265\377\354\365"
  46      C0611480 
  46      59E010B5 
  46      FFECF5
  47 009b FF05E5FF 		.ascii	"\377\005\345\377\005\345\377\005\345\377\005\345\377"
  47      05E5FF05 
  47      E5FF05E5 
  47      FF
  48 00a8 C0612460 		.ascii	"\300a$`Y\377S\346\377\004\345\377\005\345\377\005\345"
  48      59FF53E6 
  48      FF04E5FF 
  48      05E5FF05 
  48      E5
  49 00b9 FF05E5FF 		.ascii	"\377\005\345\377\005\345\377\300a'\200Y\377\253\355"
  49      05E5FFC0 
  49      61278059 
  49      FFABED
  50 00c8 FF05E5FF 		.ascii	"\377\005\345\377\005\345\377\005\345\377\005\345\377"
  50      05E5FF05 
  50      E5FF05E5 
  50      FF
  51 00d5 05E5FFC0 		.ascii	"\005\345\377\300a'\200Y\377&\345\377\005\345\377\005"
  51      61278059 
  51      FF26E5FF 
  51      05E5FF05 
  52 00e5 E5FF05E5 		.ascii	"\345\377\005\345\377\005\345\377\005\345\377\300a'\200"
  52      FF05E5FF 
  52      05E5FFC0 
  52      612780
  53 00f4 59FF05E5 		.ascii	"Y\377\005\345\377\005\345\377\005\345\377\005\345\377"
  53      FF05E5FF 
  53      05E5FF05 
  53      E5FF
  54 0102 05E5FF05 		.ascii	"\005\345\377\005\345\377\300a'\200Y\377\005\345\377"
  54      E5FFC061 
  54      278059FF 
  54      05E5FF
  55 0111 05E5FF05 		.ascii	"\005\345\377\005\345\377\005\345\377\005\345\377\005"
  55      E5FF05E5 
  55      FF05E5FF 
  55      05
  56 011e E5FFC061 		.ascii	"\345\377\300a'\200Y\377\005\345\377\005\345\377\005"
  56      278059FF 
  56      05E5FF05 
  56      E5FF05
ARM GAS  /tmp/ccVrO60p.s 			page 3


  57 012d E5FF05E5 		.ascii	"\345\377\005\345\377\005\345\377\005\345\377\300a'\200"
  57      FF05E5FF 
  57      05E5FFC0 
  57      612780
  58 013c 59FF05E5 		.ascii	"Y\377\005\345\377\005\345\377\005\345\377\005\345\377"
  58      FF05E5FF 
  58      05E5FF05 
  58      E5FF
  59 014a 05E5FF05 		.ascii	"\005\345\377\005\345\377\300a'\200Y\377\005\345\377"
  59      E5FFC061 
  59      278059FF 
  59      05E5FF
  60 0159 05E5FF05 		.ascii	"\005\345\377\005\345\377\005\345\377\005\345\377\005"
  60      E5FF05E5 
  60      FF05E5FF 
  60      05
  61 0166 E5FFC061 		.ascii	"\345\377\300a'\200Y\377\005\345\377\005\345\377\005"
  61      278059FF 
  61      05E5FF05 
  61      E5FF05
  62 0175 E5FF05E5 		.ascii	"\345\377\005\345\377\005\345\377\005\345\377\300a'\200"
  62      FF05E5FF 
  62      05E5FFC0 
  62      612780
  63 0184 59FF05E5 		.ascii	"Y\377\005\345\377\005\345\377\005\345\377\005\345\377"
  63      FF05E5FF 
  63      05E5FF05 
  63      E5FF
  64 0192 05E5FF05 		.ascii	"\005\345\377\005\345\377\300a'\200Y\377\005\345\377"
  64      E5FFC061 
  64      278059FF 
  64      05E5FF
  65 01a1 05E5FF05 		.ascii	"\005\345\377\005\345\377\005\345\377\005\345\377\005"
  65      E5FF05E5 
  65      FF05E5FF 
  65      05
  66 01ae E5FFC061 		.ascii	"\345\377\300a'\200Y\377\005\345\377\005\345\377\005"
  66      278059FF 
  66      05E5FF05 
  66      E5FF05
  67 01bd E5FF05E5 		.ascii	"\345\377\005\345\377\005\345\377\005\345\377\300a'\200"
  67      FF05E5FF 
  67      05E5FFC0 
  67      612780
  68 01cc 59FF05E5 		.ascii	"Y\377\005\345\377\005\345\377\005\345\377\005\345\377"
  68      FF05E5FF 
  68      05E5FF05 
  68      E5FF
  69 01da 05E5FF05 		.ascii	"\005\345\377\005\345\377\300a'\200Y\377\005\345\377"
  69      E5FFC061 
  69      278059FF 
  69      05E5FF
  70 01e9 05E5FF05 		.ascii	"\005\345\377\005\345\377\005\345\377\005\345\377\005"
  70      E5FF05E5 
  70      FF05E5FF 
  70      05
  71 01f6 E5FFC061 		.ascii	"\345\377\300a'\200Y\377\005\345\377\005\345\377\005"
ARM GAS  /tmp/ccVrO60p.s 			page 4


  71      278059FF 
  71      05E5FF05 
  71      E5FF05
  72 0205 E5FF05E5 		.ascii	"\345\377\005\345\377\005\345\377\005\345\377\300a'\200"
  72      FF05E5FF 
  72      05E5FFC0 
  72      612780
  73 0214 59FF05E5 		.ascii	"Y\377\005\345\377\005\345\377\005\345\377\005\345\377"
  73      FF05E5FF 
  73      05E5FF05 
  73      E5FF
  74 0222 05E5FF05 		.ascii	"\005\345\377\005\345\377\300a'\200Y\377\005\345\377"
  74      E5FFC061 
  74      278059FF 
  74      05E5FF
  75 0231 05E5FF05 		.ascii	"\005\345\377\005\345\377\005\345\377\005\345\377\005"
  75      E5FF05E5 
  75      FF05E5FF 
  75      05
  76 023e E5FFC061 		.ascii	"\345\377\300a'\200Y\377\005\345\377\005\345\377\005"
  76      278059FF 
  76      05E5FF05 
  76      E5FF05
  77 024d E5FF05E5 		.ascii	"\345\377\005\345\377\005\345\377\005\345\377\300a'\200"
  77      FF05E5FF 
  77      05E5FFC0 
  77      612780
  78 025c 59FF05E5 		.ascii	"Y\377\005\345\377\005\345\377\005\345\377\005\345\377"
  78      FF05E5FF 
  78      05E5FF05 
  78      E5FF
  79 026a 05E5FF05 		.ascii	"\005\345\377\005\345\377\300a'\200Y\377\005\345\377"
  79      E5FFC061 
  79      278059FF 
  79      05E5FF
  80 0279 05E5FF05 		.ascii	"\005\345\377\005\345\377\005\345\377\005\345\377\005"
  80      E5FF05E5 
  80      FF05E5FF 
  80      05
  81 0286 E5FFC061 		.ascii	"\345\377\300a'\200Y\377\005\345\377\005\345\377\005"
  81      278059FF 
  81      05E5FF05 
  81      E5FF05
  82 0295 E5FF05E5 		.ascii	"\345\377\005\345\377\005\345\377\005\345\377\300a'\200"
  82      FF05E5FF 
  82      05E5FFC0 
  82      612780
  83 02a4 59FF05E5 		.ascii	"Y\377\005\345\377\005\345\377\005\345\377\005\345\377"
  83      FF05E5FF 
  83      05E5FF05 
  83      E5FF
  84 02b2 05E5FF05 		.ascii	"\005\345\377\005\345\377\300a'\200Y\377\005\345\377"
  84      E5FFC061 
  84      278059FF 
  84      05E5FF
  85 02c1 05E5FF05 		.ascii	"\005\345\377\005\345\377\005\345\377\005\345\377\005"
  85      E5FF05E5 
ARM GAS  /tmp/ccVrO60p.s 			page 5


  85      FF05E5FF 
  85      05
  86 02ce E5FFC061 		.ascii	"\345\377\300a'\200Y\377%\345\377\005\345\377\005\345"
  86      278059FF 
  86      25E5FF05 
  86      E5FF05E5 
  87 02de FF05E5FF 		.ascii	"\377\005\345\377\005\345\377\005\345\377\300a'\200Y"
  87      05E5FF05 
  87      E5FFC061 
  87      278059
  88 02ed FF26E5FF 		.ascii	"\377&\345\377\005\345\377\005\345\377\005\345\377\005"
  88      05E5FF05 
  88      E5FF05E5 
  88      FF05
  89 02fb E5FF05E5 		.ascii	"\345\377\005\345\377\300a'\200Y\377(\345\377\005\345"
  89      FFC06127 
  89      8059FF28 
  89      E5FF05E5 
  90 030b FF05E5FF 		.ascii	"\377\005\345\377\005\345\377\005\345\377\005\345\377"
  90      05E5FF05 
  90      E5FF05E5 
  90      FF
  91 0318 C0612780 		.ascii	"\300a'\200Y\377f\304\377G\355\377\005\345\377\005\345"
  91      59FF66C4 
  91      FF47EDFF 
  91      05E5FF05 
  91      E5
  92 0329 FF05E5FF 		.ascii	"\377\005\345\377\005\345\377\300a'\240Y\377\002\223"
  92      05E5FFC0 
  92      6127A059 
  92      FF0293
  93 0338 FF89E5FF 		.ascii	"\377\211\345\377&\345\377\005\345\377\005\345\377\005"
  93      26E5FF05 
  93      E5FF05E5 
  93      FF05
  94 0346 E5FFC061 		.ascii	"\345\377\300a'\240Y\377\342\222\377\005\264\377\212"
  94      27A059FF 
  94      E292FF05 
  94      B4FF8A
  95 0355 EDFF47E5 		.ascii	"\355\377G\345\377%\345\377\005\345\377\300a#\200Q\377"
  95      FF25E5FF 
  95      05E5FFC0 
  95      61238051 
  95      FF
  96 0366 429BFFE1 		.ascii	"B\233\377\341\222\377\005\264\377\212\355\377\251\355"
  96      92FF05B4 
  96      FF8AEDFF 
  96      A9ED
  97 0374 FF68EDFF 		.ascii	"\377h\355\377\300a\027\200Q\344\342\212\377C\233\377"
  97      C0611780 
  97      51E4E28A 
  97      FF439BFF 
  98 0384 E292FF02 		.ascii	"\342\222\377\002\223\377f\304\377I\345\377\240a\007"
  98      93FF66C4 
  98      FF49E5FF 
  98      A06107
  99 0393 A059B8A0 		.ascii	"\240Y\270\240Y\377c\233\377C\233\377\002\223\377\341"
ARM GAS  /tmp/ccVrO60p.s 			page 6


  99      59FF639B 
  99      FF439BFF 
  99      0293FFE1 
 100 03a3 92FFC18A 		.ascii	"\222\377\301\212\377\000\000\000\200Q_@I\377br\377c"
 100      FF000000 
 100      80515F40 
 100      49FF6272 
 100      FF63
 101 03b5 9BFF439B 		.ascii	"\233\377C\233\377C\233\377C\233\377\000\000\000\000"
 101      FF439BFF 
 101      439BFF00 
 101      000000
 102 03c4 00042041 		.ascii	"\000\004 A\310 A\377\302\202\377C\233\377c\233\377C"
 102      C82041FF 
 102      C282FF43 
 102      9BFF639B 
 102      FF43
 103 03d6 9BFF4008 		.ascii	"\233\377@\010\000\000\000\014\000\000@\3400\304 A\377"
 103      0000000C 
 103      000040E0 
 103      30C42041 
 103      FF
 104 03e7 E159FFC2 		.ascii	"\341Y\377\302\202\377C\233\377\000\000\000\000\000\010"
 104      82FF439B 
 104      FF000000 
 104      000008
 105 03f6 00003400 		.ascii	"\000\0004\000\000T\300(\233 A\374 A\377 A\377\000\000"
 105      0054C028 
 105      9B2041FC 
 105      2041FF20 
 105      41FF0000 
 106 040a 00000004 		.ascii	"\000\000\000\004\000\000$\000\000O\000\000T\000\000"
 106      00002400 
 106      004F0000 
 106      540000
 107 0419 5BA0208B 		.ascii	"[\240 \213\3400\260\000\000\000\000\000\000\000\000"
 107      E030B000 
 107      00000000 
 107      000000
 108 0428 0F00003B 		.ascii	"\017\000\000;\000\000W\000\000X\000\000X\000\000W\000"
 108      00005700 
 108      00580000 
 108      58000057 
 108      00
 109 0439 00000000 		.ascii	"\000\000\000\000\000\000\000\003\000\000\033\000\000"
 109      00000003 
 109      00001B00 
 109      00
 110 0446 40000054 		.ascii	"@\000\000T\000\000X\000\000X\000\000\000\000\000\000"
 110      00005800 
 110      00580000 
 110      00000000 
 111 0456 00000000 		.ascii	"\000\000\000\000\000\004\000\000\030\000\0004\000\000"
 111      00040000 
 111      18000034 
 111      0000
 112 0464 48000050 		.ascii	"H\000\000P\000\000\000\000\000\000\000\000\000\000\000"
ARM GAS  /tmp/ccVrO60p.s 			page 7


 112      00000000 
 112      00000000 
 112      000000
 113 0473 00000003 		.ascii	"\000\000\000\003\000\000\013\000\000\033\000\000'\000"
 113      00000B00 
 113      001B0000 
 113      2700
 114 0481 00000000 		.ascii	"\000\000\000\000\000\000\000\000\000\000\000\000\000"
 114      00000000 
 114      00000000 
 114      00
 115 048e 00000000 		.ascii	"\000\000\000\000\000\000\000\000\000\003\000\000\000"
 115      00000000 
 115      00030000 
 115      00
 116 049b 00000000 		.ascii	"\000\000\000\000\000\000\000\000\000\000\000\000\000"
 116      00000000 
 116      00000000 
 116      00
 117 04a8 00000000 		.ascii	"\000\000\000\000\000\000\000\000"
 117      00000000 
 118              		.text
 119              	.Letext0:
 120              		.file 1 "/home/akinya/gcc-arm-none-eabi/arm-none-eabi/include/machine/_default_types.h"
 121              		.file 2 "/home/akinya/gcc-arm-none-eabi/arm-none-eabi/include/sys/_stdint.h"
 122              		.file 3 "Middlewares/lvgl/src/core/lv_obj.h"
 123              		.file 4 "Middlewares/lvgl/src/core/../draw/lv_img_buf.h"
 124              		.file 5 "Middlewares/lvgl/src/widgets/lv_bar.h"
 125              		.file 6 "Middlewares/lvgl/src/extra/widgets/imgbtn/lv_imgbtn.h"
 126              		.file 7 "Middlewares/lvgl/examples/assets/imgbtn_left.c"
ARM GAS  /tmp/ccVrO60p.s 			page 8


DEFINED SYMBOLS
                            *ABS*:0000000000000000 imgbtn_left.c
     /tmp/ccVrO60p.s:25     .rodata.imgbtn_left:0000000000000000 imgbtn_left
     /tmp/ccVrO60p.s:36     .rodata.imgbtn_left_map:0000000000000000 imgbtn_left_map
     /tmp/ccVrO60p.s:22     .rodata.imgbtn_left:0000000000000000 $d
     /tmp/ccVrO60p.s:33     .rodata.imgbtn_left_map:0000000000000000 $d

NO UNDEFINED SYMBOLS
