ARM GAS  /tmp/cckVGRah.s 			page 1


   1              		.cpu cortex-m4
   2              		.arch armv7e-m
   3              		.fpu fpv4-sp-d16
   4              		.eabi_attribute 27, 1
   5              		.eabi_attribute 28, 1
   6              		.eabi_attribute 20, 1
   7              		.eabi_attribute 21, 1
   8              		.eabi_attribute 23, 3
   9              		.eabi_attribute 24, 1
  10              		.eabi_attribute 25, 1
  11              		.eabi_attribute 26, 1
  12              		.eabi_attribute 30, 1
  13              		.eabi_attribute 34, 1
  14              		.eabi_attribute 18, 4
  15              		.file	"lv_example_chart_2.c"
  16              		.text
  17              	.Ltext0:
  18              		.cfi_sections	.debug_frame
  19              		.section	.text.add_data,"ax",%progbits
  20              		.align	1
  21              		.syntax unified
  22              		.thumb
  23              		.thumb_func
  25              	add_data:
  26              	.LVL0:
  27              	.LFB185:
  28              		.file 1 "Middlewares/lvgl/examples/widgets/chart/lv_example_chart_2.c"
   1:Middlewares/lvgl/examples/widgets/chart/lv_example_chart_2.c **** #include "../../lv_examples.h"
   2:Middlewares/lvgl/examples/widgets/chart/lv_example_chart_2.c **** #if LV_USE_CHART && LV_DRAW_COMPLEX && LV_BUILD_EXAMPLES
   3:Middlewares/lvgl/examples/widgets/chart/lv_example_chart_2.c **** 
   4:Middlewares/lvgl/examples/widgets/chart/lv_example_chart_2.c **** static lv_obj_t * chart1;
   5:Middlewares/lvgl/examples/widgets/chart/lv_example_chart_2.c **** static lv_chart_series_t * ser1;
   6:Middlewares/lvgl/examples/widgets/chart/lv_example_chart_2.c **** static lv_chart_series_t * ser2;
   7:Middlewares/lvgl/examples/widgets/chart/lv_example_chart_2.c **** 
   8:Middlewares/lvgl/examples/widgets/chart/lv_example_chart_2.c **** static void draw_event_cb(lv_event_t * e)
   9:Middlewares/lvgl/examples/widgets/chart/lv_example_chart_2.c **** {
  10:Middlewares/lvgl/examples/widgets/chart/lv_example_chart_2.c ****     lv_obj_t * obj = lv_event_get_target(e);
  11:Middlewares/lvgl/examples/widgets/chart/lv_example_chart_2.c **** 
  12:Middlewares/lvgl/examples/widgets/chart/lv_example_chart_2.c ****     /*Add the faded area before the lines are drawn*/
  13:Middlewares/lvgl/examples/widgets/chart/lv_example_chart_2.c ****     lv_obj_draw_part_dsc_t * dsc = lv_event_get_draw_part_dsc(e);
  14:Middlewares/lvgl/examples/widgets/chart/lv_example_chart_2.c ****     if(dsc->part == LV_PART_ITEMS) {
  15:Middlewares/lvgl/examples/widgets/chart/lv_example_chart_2.c ****         if(!dsc->p1 || !dsc->p2) return;
  16:Middlewares/lvgl/examples/widgets/chart/lv_example_chart_2.c **** 
  17:Middlewares/lvgl/examples/widgets/chart/lv_example_chart_2.c ****         /*Add  a line mask that keeps the area below the line*/
  18:Middlewares/lvgl/examples/widgets/chart/lv_example_chart_2.c ****         lv_draw_mask_line_param_t line_mask_param;
  19:Middlewares/lvgl/examples/widgets/chart/lv_example_chart_2.c ****         lv_draw_mask_line_points_init(&line_mask_param, dsc->p1->x, dsc->p1->y, dsc->p2->x, dsc->p2
  20:Middlewares/lvgl/examples/widgets/chart/lv_example_chart_2.c ****         int16_t line_mask_id = lv_draw_mask_add(&line_mask_param, NULL);
  21:Middlewares/lvgl/examples/widgets/chart/lv_example_chart_2.c **** 
  22:Middlewares/lvgl/examples/widgets/chart/lv_example_chart_2.c ****         /*Add a fade effect: transparent bottom covering top*/
  23:Middlewares/lvgl/examples/widgets/chart/lv_example_chart_2.c ****         lv_coord_t h = lv_obj_get_height(obj);
  24:Middlewares/lvgl/examples/widgets/chart/lv_example_chart_2.c ****         lv_draw_mask_fade_param_t fade_mask_param;
  25:Middlewares/lvgl/examples/widgets/chart/lv_example_chart_2.c ****         lv_draw_mask_fade_init(&fade_mask_param, &obj->coords, LV_OPA_COVER, obj->coords.y1 + h / 8
  26:Middlewares/lvgl/examples/widgets/chart/lv_example_chart_2.c ****         int16_t fade_mask_id = lv_draw_mask_add(&fade_mask_param, NULL);
  27:Middlewares/lvgl/examples/widgets/chart/lv_example_chart_2.c **** 
  28:Middlewares/lvgl/examples/widgets/chart/lv_example_chart_2.c ****         /*Draw a rectangle that will be affected by the mask*/
  29:Middlewares/lvgl/examples/widgets/chart/lv_example_chart_2.c ****         lv_draw_rect_dsc_t draw_rect_dsc;
  30:Middlewares/lvgl/examples/widgets/chart/lv_example_chart_2.c ****         lv_draw_rect_dsc_init(&draw_rect_dsc);
ARM GAS  /tmp/cckVGRah.s 			page 2


  31:Middlewares/lvgl/examples/widgets/chart/lv_example_chart_2.c ****         draw_rect_dsc.bg_opa = LV_OPA_20;
  32:Middlewares/lvgl/examples/widgets/chart/lv_example_chart_2.c ****         draw_rect_dsc.bg_color = dsc->line_dsc->color;
  33:Middlewares/lvgl/examples/widgets/chart/lv_example_chart_2.c **** 
  34:Middlewares/lvgl/examples/widgets/chart/lv_example_chart_2.c ****         lv_area_t a;
  35:Middlewares/lvgl/examples/widgets/chart/lv_example_chart_2.c ****         a.x1 = dsc->p1->x;
  36:Middlewares/lvgl/examples/widgets/chart/lv_example_chart_2.c ****         a.x2 = dsc->p2->x - 1;
  37:Middlewares/lvgl/examples/widgets/chart/lv_example_chart_2.c ****         a.y1 = LV_MIN(dsc->p1->y, dsc->p2->y);
  38:Middlewares/lvgl/examples/widgets/chart/lv_example_chart_2.c ****         a.y2 = obj->coords.y2;
  39:Middlewares/lvgl/examples/widgets/chart/lv_example_chart_2.c ****         lv_draw_rect(&a, dsc->clip_area, &draw_rect_dsc);
  40:Middlewares/lvgl/examples/widgets/chart/lv_example_chart_2.c **** 
  41:Middlewares/lvgl/examples/widgets/chart/lv_example_chart_2.c ****         /*Remove the masks*/
  42:Middlewares/lvgl/examples/widgets/chart/lv_example_chart_2.c ****         lv_draw_mask_remove_id(line_mask_id);
  43:Middlewares/lvgl/examples/widgets/chart/lv_example_chart_2.c ****         lv_draw_mask_remove_id(fade_mask_id);
  44:Middlewares/lvgl/examples/widgets/chart/lv_example_chart_2.c ****     }
  45:Middlewares/lvgl/examples/widgets/chart/lv_example_chart_2.c ****     /*Hook the division lines too*/
  46:Middlewares/lvgl/examples/widgets/chart/lv_example_chart_2.c ****     else if(dsc->part == LV_PART_MAIN) {
  47:Middlewares/lvgl/examples/widgets/chart/lv_example_chart_2.c ****         if(dsc->line_dsc == NULL) return;
  48:Middlewares/lvgl/examples/widgets/chart/lv_example_chart_2.c **** 
  49:Middlewares/lvgl/examples/widgets/chart/lv_example_chart_2.c ****         /*Vertical line*/
  50:Middlewares/lvgl/examples/widgets/chart/lv_example_chart_2.c ****         if(dsc->p1->x == dsc->p2->x) {
  51:Middlewares/lvgl/examples/widgets/chart/lv_example_chart_2.c ****             dsc->line_dsc->color  = lv_palette_lighten(LV_PALETTE_GREY, 1);
  52:Middlewares/lvgl/examples/widgets/chart/lv_example_chart_2.c ****             if(dsc->id == 3) {
  53:Middlewares/lvgl/examples/widgets/chart/lv_example_chart_2.c ****                 dsc->line_dsc->width  = 2;
  54:Middlewares/lvgl/examples/widgets/chart/lv_example_chart_2.c ****                 dsc->line_dsc->dash_gap  = 0;
  55:Middlewares/lvgl/examples/widgets/chart/lv_example_chart_2.c ****                 dsc->line_dsc->dash_width  = 0;
  56:Middlewares/lvgl/examples/widgets/chart/lv_example_chart_2.c ****             }
  57:Middlewares/lvgl/examples/widgets/chart/lv_example_chart_2.c ****             else {
  58:Middlewares/lvgl/examples/widgets/chart/lv_example_chart_2.c ****                 dsc->line_dsc->width = 1;
  59:Middlewares/lvgl/examples/widgets/chart/lv_example_chart_2.c ****                 dsc->line_dsc->dash_gap  = 6;
  60:Middlewares/lvgl/examples/widgets/chart/lv_example_chart_2.c ****                 dsc->line_dsc->dash_width  = 6;
  61:Middlewares/lvgl/examples/widgets/chart/lv_example_chart_2.c ****             }
  62:Middlewares/lvgl/examples/widgets/chart/lv_example_chart_2.c ****         }
  63:Middlewares/lvgl/examples/widgets/chart/lv_example_chart_2.c ****         /*Horizontal line*/
  64:Middlewares/lvgl/examples/widgets/chart/lv_example_chart_2.c ****         else {
  65:Middlewares/lvgl/examples/widgets/chart/lv_example_chart_2.c ****             if(dsc->id == 2) {
  66:Middlewares/lvgl/examples/widgets/chart/lv_example_chart_2.c ****                 dsc->line_dsc->width  = 2;
  67:Middlewares/lvgl/examples/widgets/chart/lv_example_chart_2.c ****                 dsc->line_dsc->dash_gap  = 0;
  68:Middlewares/lvgl/examples/widgets/chart/lv_example_chart_2.c ****                 dsc->line_dsc->dash_width  = 0;
  69:Middlewares/lvgl/examples/widgets/chart/lv_example_chart_2.c ****             }
  70:Middlewares/lvgl/examples/widgets/chart/lv_example_chart_2.c ****             else {
  71:Middlewares/lvgl/examples/widgets/chart/lv_example_chart_2.c ****                 dsc->line_dsc->width = 2;
  72:Middlewares/lvgl/examples/widgets/chart/lv_example_chart_2.c ****                 dsc->line_dsc->dash_gap  = 6;
  73:Middlewares/lvgl/examples/widgets/chart/lv_example_chart_2.c ****                 dsc->line_dsc->dash_width  = 6;
  74:Middlewares/lvgl/examples/widgets/chart/lv_example_chart_2.c ****             }
  75:Middlewares/lvgl/examples/widgets/chart/lv_example_chart_2.c **** 
  76:Middlewares/lvgl/examples/widgets/chart/lv_example_chart_2.c ****             if(dsc->id == 1  || dsc->id == 3) {
  77:Middlewares/lvgl/examples/widgets/chart/lv_example_chart_2.c ****                 dsc->line_dsc->color  = lv_palette_main(LV_PALETTE_GREEN);
  78:Middlewares/lvgl/examples/widgets/chart/lv_example_chart_2.c ****             } else {
  79:Middlewares/lvgl/examples/widgets/chart/lv_example_chart_2.c ****                 dsc->line_dsc->color  = lv_palette_lighten(LV_PALETTE_GREY, 1);
  80:Middlewares/lvgl/examples/widgets/chart/lv_example_chart_2.c ****             }
  81:Middlewares/lvgl/examples/widgets/chart/lv_example_chart_2.c ****         }
  82:Middlewares/lvgl/examples/widgets/chart/lv_example_chart_2.c ****     }
  83:Middlewares/lvgl/examples/widgets/chart/lv_example_chart_2.c **** }
  84:Middlewares/lvgl/examples/widgets/chart/lv_example_chart_2.c **** 
  85:Middlewares/lvgl/examples/widgets/chart/lv_example_chart_2.c **** static void add_data(lv_timer_t * timer)
  86:Middlewares/lvgl/examples/widgets/chart/lv_example_chart_2.c **** {
  29              		.loc 1 86 1 view -0
ARM GAS  /tmp/cckVGRah.s 			page 3


  30              		.cfi_startproc
  31              		@ args = 0, pretend = 0, frame = 0
  32              		@ frame_needed = 0, uses_anonymous_args = 0
  33              		.loc 1 86 1 is_stmt 0 view .LVU1
  34 0000 38B5     		push	{r3, r4, r5, lr}
  35              	.LCFI0:
  36              		.cfi_def_cfa_offset 16
  37              		.cfi_offset 3, -16
  38              		.cfi_offset 4, -12
  39              		.cfi_offset 5, -8
  40              		.cfi_offset 14, -4
  87:Middlewares/lvgl/examples/widgets/chart/lv_example_chart_2.c ****     LV_UNUSED(timer);
  41              		.loc 1 87 5 is_stmt 1 view .LVU2
  88:Middlewares/lvgl/examples/widgets/chart/lv_example_chart_2.c ****     static uint32_t cnt = 0;
  42              		.loc 1 88 5 view .LVU3
  89:Middlewares/lvgl/examples/widgets/chart/lv_example_chart_2.c ****     lv_chart_set_next_value(chart1, ser1, lv_rand(20, 90));
  43              		.loc 1 89 5 view .LVU4
  44 0002 124B     		ldr	r3, .L5
  45 0004 1C68     		ldr	r4, [r3]
  46 0006 124B     		ldr	r3, .L5+4
  47 0008 1D68     		ldr	r5, [r3]
  48              		.loc 1 89 43 is_stmt 0 view .LVU5
  49 000a 5A21     		movs	r1, #90
  50 000c 1420     		movs	r0, #20
  51              	.LVL1:
  52              		.loc 1 89 43 view .LVU6
  53 000e FFF7FEFF 		bl	lv_rand
  54              	.LVL2:
  55              		.loc 1 89 5 view .LVU7
  56 0012 02B2     		sxth	r2, r0
  57 0014 2946     		mov	r1, r5
  58 0016 2046     		mov	r0, r4
  59 0018 FFF7FEFF 		bl	lv_chart_set_next_value
  60              	.LVL3:
  90:Middlewares/lvgl/examples/widgets/chart/lv_example_chart_2.c **** 
  91:Middlewares/lvgl/examples/widgets/chart/lv_example_chart_2.c ****     if(cnt % 4 == 0) lv_chart_set_next_value(chart1, ser2, lv_rand(40, 60));
  61              		.loc 1 91 5 is_stmt 1 view .LVU8
  62              		.loc 1 91 12 is_stmt 0 view .LVU9
  63 001c 0D4B     		ldr	r3, .L5+8
  64 001e 1B68     		ldr	r3, [r3]
  65              		.loc 1 91 7 view .LVU10
  66 0020 13F0030F 		tst	r3, #3
  67 0024 04D0     		beq	.L4
  68              	.L2:
  92:Middlewares/lvgl/examples/widgets/chart/lv_example_chart_2.c **** 
  93:Middlewares/lvgl/examples/widgets/chart/lv_example_chart_2.c ****     cnt++;
  69              		.loc 1 93 5 is_stmt 1 view .LVU11
  70              		.loc 1 93 8 is_stmt 0 view .LVU12
  71 0026 0B4A     		ldr	r2, .L5+8
  72 0028 1368     		ldr	r3, [r2]
  73 002a 0133     		adds	r3, r3, #1
  74 002c 1360     		str	r3, [r2]
  94:Middlewares/lvgl/examples/widgets/chart/lv_example_chart_2.c **** }
  75              		.loc 1 94 1 view .LVU13
  76 002e 38BD     		pop	{r3, r4, r5, pc}
  77              	.L4:
  91:Middlewares/lvgl/examples/widgets/chart/lv_example_chart_2.c **** 
ARM GAS  /tmp/cckVGRah.s 			page 4


  78              		.loc 1 91 22 is_stmt 1 discriminator 1 view .LVU14
  79 0030 064B     		ldr	r3, .L5
  80 0032 1C68     		ldr	r4, [r3]
  81 0034 084B     		ldr	r3, .L5+12
  82 0036 1D68     		ldr	r5, [r3]
  91:Middlewares/lvgl/examples/widgets/chart/lv_example_chart_2.c **** 
  83              		.loc 1 91 60 is_stmt 0 discriminator 1 view .LVU15
  84 0038 3C21     		movs	r1, #60
  85 003a 2820     		movs	r0, #40
  86 003c FFF7FEFF 		bl	lv_rand
  87              	.LVL4:
  91:Middlewares/lvgl/examples/widgets/chart/lv_example_chart_2.c **** 
  88              		.loc 1 91 22 discriminator 1 view .LVU16
  89 0040 02B2     		sxth	r2, r0
  90 0042 2946     		mov	r1, r5
  91 0044 2046     		mov	r0, r4
  92 0046 FFF7FEFF 		bl	lv_chart_set_next_value
  93              	.LVL5:
  94 004a ECE7     		b	.L2
  95              	.L6:
  96              		.align	2
  97              	.L5:
  98 004c 00000000 		.word	.LANCHOR0
  99 0050 00000000 		.word	.LANCHOR1
 100 0054 00000000 		.word	.LANCHOR2
 101 0058 00000000 		.word	.LANCHOR3
 102              		.cfi_endproc
 103              	.LFE185:
 105              		.section	.text.draw_event_cb,"ax",%progbits
 106              		.align	1
 107              		.syntax unified
 108              		.thumb
 109              		.thumb_func
 111              	draw_event_cb:
 112              	.LVL6:
 113              	.LFB184:
   9:Middlewares/lvgl/examples/widgets/chart/lv_example_chart_2.c ****     lv_obj_t * obj = lv_event_get_target(e);
 114              		.loc 1 9 1 is_stmt 1 view -0
 115              		.cfi_startproc
 116              		@ args = 0, pretend = 0, frame = 128
 117              		@ frame_needed = 0, uses_anonymous_args = 0
   9:Middlewares/lvgl/examples/widgets/chart/lv_example_chart_2.c ****     lv_obj_t * obj = lv_event_get_target(e);
 118              		.loc 1 9 1 is_stmt 0 view .LVU18
 119 0000 F0B5     		push	{r4, r5, r6, r7, lr}
 120              	.LCFI1:
 121              		.cfi_def_cfa_offset 20
 122              		.cfi_offset 4, -20
 123              		.cfi_offset 5, -16
 124              		.cfi_offset 6, -12
 125              		.cfi_offset 7, -8
 126              		.cfi_offset 14, -4
 127 0002 A3B0     		sub	sp, sp, #140
 128              	.LCFI2:
 129              		.cfi_def_cfa_offset 160
 130 0004 0446     		mov	r4, r0
  10:Middlewares/lvgl/examples/widgets/chart/lv_example_chart_2.c **** 
 131              		.loc 1 10 5 is_stmt 1 view .LVU19
ARM GAS  /tmp/cckVGRah.s 			page 5


  10:Middlewares/lvgl/examples/widgets/chart/lv_example_chart_2.c **** 
 132              		.loc 1 10 22 is_stmt 0 view .LVU20
 133 0006 FFF7FEFF 		bl	lv_event_get_target
 134              	.LVL7:
  10:Middlewares/lvgl/examples/widgets/chart/lv_example_chart_2.c **** 
 135              		.loc 1 10 22 view .LVU21
 136 000a 0546     		mov	r5, r0
 137              	.LVL8:
  13:Middlewares/lvgl/examples/widgets/chart/lv_example_chart_2.c ****     if(dsc->part == LV_PART_ITEMS) {
 138              		.loc 1 13 5 is_stmt 1 view .LVU22
  13:Middlewares/lvgl/examples/widgets/chart/lv_example_chart_2.c ****     if(dsc->part == LV_PART_ITEMS) {
 139              		.loc 1 13 36 is_stmt 0 view .LVU23
 140 000c 2046     		mov	r0, r4
 141              	.LVL9:
  13:Middlewares/lvgl/examples/widgets/chart/lv_example_chart_2.c ****     if(dsc->part == LV_PART_ITEMS) {
 142              		.loc 1 13 36 view .LVU24
 143 000e FFF7FEFF 		bl	lv_event_get_draw_part_dsc
 144              	.LVL10:
 145 0012 0446     		mov	r4, r0
 146              	.LVL11:
  14:Middlewares/lvgl/examples/widgets/chart/lv_example_chart_2.c ****         if(!dsc->p1 || !dsc->p2) return;
 147              		.loc 1 14 5 is_stmt 1 view .LVU25
  14:Middlewares/lvgl/examples/widgets/chart/lv_example_chart_2.c ****         if(!dsc->p1 || !dsc->p2) return;
 148              		.loc 1 14 11 is_stmt 0 view .LVU26
 149 0014 436B     		ldr	r3, [r0, #52]
  14:Middlewares/lvgl/examples/widgets/chart/lv_example_chart_2.c ****         if(!dsc->p1 || !dsc->p2) return;
 150              		.loc 1 14 7 view .LVU27
 151 0016 B3F5A02F 		cmp	r3, #327680
 152 001a 24D0     		beq	.L20
  46:Middlewares/lvgl/examples/widgets/chart/lv_example_chart_2.c ****         if(dsc->line_dsc == NULL) return;
 153              		.loc 1 46 10 is_stmt 1 view .LVU28
  46:Middlewares/lvgl/examples/widgets/chart/lv_example_chart_2.c ****         if(dsc->line_dsc == NULL) return;
 154              		.loc 1 46 12 is_stmt 0 view .LVU29
 155 001c 002B     		cmp	r3, #0
 156 001e 40F08180 		bne	.L7
  47:Middlewares/lvgl/examples/widgets/chart/lv_example_chart_2.c **** 
 157              		.loc 1 47 9 is_stmt 1 view .LVU30
  47:Middlewares/lvgl/examples/widgets/chart/lv_example_chart_2.c **** 
 158              		.loc 1 47 15 is_stmt 0 view .LVU31
 159 0022 0569     		ldr	r5, [r0, #16]
 160              	.LVL12:
  47:Middlewares/lvgl/examples/widgets/chart/lv_example_chart_2.c **** 
 161              		.loc 1 47 11 view .LVU32
 162 0024 002D     		cmp	r5, #0
 163 0026 7DD0     		beq	.L7
  50:Middlewares/lvgl/examples/widgets/chart/lv_example_chart_2.c ****             dsc->line_dsc->color  = lv_palette_lighten(LV_PALETTE_GREY, 1);
 164              		.loc 1 50 9 is_stmt 1 view .LVU33
  50:Middlewares/lvgl/examples/widgets/chart/lv_example_chart_2.c ****             dsc->line_dsc->color  = lv_palette_lighten(LV_PALETTE_GREY, 1);
 165              		.loc 1 50 15 is_stmt 0 view .LVU34
 166 0028 C369     		ldr	r3, [r0, #28]
  50:Middlewares/lvgl/examples/widgets/chart/lv_example_chart_2.c ****             dsc->line_dsc->color  = lv_palette_lighten(LV_PALETTE_GREY, 1);
 167              		.loc 1 50 19 view .LVU35
 168 002a B3F90020 		ldrsh	r2, [r3]
  50:Middlewares/lvgl/examples/widgets/chart/lv_example_chart_2.c ****             dsc->line_dsc->color  = lv_palette_lighten(LV_PALETTE_GREY, 1);
 169              		.loc 1 50 29 view .LVU36
 170 002e 036A     		ldr	r3, [r0, #32]
  50:Middlewares/lvgl/examples/widgets/chart/lv_example_chart_2.c ****             dsc->line_dsc->color  = lv_palette_lighten(LV_PALETTE_GREY, 1);
ARM GAS  /tmp/cckVGRah.s 			page 6


 171              		.loc 1 50 33 view .LVU37
 172 0030 B3F90030 		ldrsh	r3, [r3]
  50:Middlewares/lvgl/examples/widgets/chart/lv_example_chart_2.c ****             dsc->line_dsc->color  = lv_palette_lighten(LV_PALETTE_GREY, 1);
 173              		.loc 1 50 11 view .LVU38
 174 0034 9A42     		cmp	r2, r3
 175 0036 79D0     		beq	.L21
  65:Middlewares/lvgl/examples/widgets/chart/lv_example_chart_2.c ****                 dsc->line_dsc->width  = 2;
 176              		.loc 1 65 13 is_stmt 1 view .LVU39
  65:Middlewares/lvgl/examples/widgets/chart/lv_example_chart_2.c ****                 dsc->line_dsc->width  = 2;
 177              		.loc 1 65 19 is_stmt 0 view .LVU40
 178 0038 836B     		ldr	r3, [r0, #56]
  65:Middlewares/lvgl/examples/widgets/chart/lv_example_chart_2.c ****                 dsc->line_dsc->width  = 2;
 179              		.loc 1 65 15 view .LVU41
 180 003a 022B     		cmp	r3, #2
 181 003c 00F09080 		beq	.L22
  71:Middlewares/lvgl/examples/widgets/chart/lv_example_chart_2.c ****                 dsc->line_dsc->dash_gap  = 6;
 182              		.loc 1 71 17 is_stmt 1 view .LVU42
  71:Middlewares/lvgl/examples/widgets/chart/lv_example_chart_2.c ****                 dsc->line_dsc->dash_gap  = 6;
 183              		.loc 1 71 38 is_stmt 0 view .LVU43
 184 0040 0223     		movs	r3, #2
 185 0042 6B80     		strh	r3, [r5, #2]	@ movhi
  72:Middlewares/lvgl/examples/widgets/chart/lv_example_chart_2.c ****                 dsc->line_dsc->dash_width  = 6;
 186              		.loc 1 72 17 is_stmt 1 view .LVU44
  72:Middlewares/lvgl/examples/widgets/chart/lv_example_chart_2.c ****                 dsc->line_dsc->dash_width  = 6;
 187              		.loc 1 72 20 is_stmt 0 view .LVU45
 188 0044 0269     		ldr	r2, [r0, #16]
  72:Middlewares/lvgl/examples/widgets/chart/lv_example_chart_2.c ****                 dsc->line_dsc->dash_width  = 6;
 189              		.loc 1 72 42 view .LVU46
 190 0046 0623     		movs	r3, #6
 191 0048 D380     		strh	r3, [r2, #6]	@ movhi
  73:Middlewares/lvgl/examples/widgets/chart/lv_example_chart_2.c ****             }
 192              		.loc 1 73 17 is_stmt 1 view .LVU47
  73:Middlewares/lvgl/examples/widgets/chart/lv_example_chart_2.c ****             }
 193              		.loc 1 73 20 is_stmt 0 view .LVU48
 194 004a 0269     		ldr	r2, [r0, #16]
  73:Middlewares/lvgl/examples/widgets/chart/lv_example_chart_2.c ****             }
 195              		.loc 1 73 44 view .LVU49
 196 004c 9380     		strh	r3, [r2, #4]	@ movhi
 197              	.L16:
  76:Middlewares/lvgl/examples/widgets/chart/lv_example_chart_2.c ****                 dsc->line_dsc->color  = lv_palette_main(LV_PALETTE_GREEN);
 198              		.loc 1 76 13 is_stmt 1 view .LVU50
  76:Middlewares/lvgl/examples/widgets/chart/lv_example_chart_2.c ****                 dsc->line_dsc->color  = lv_palette_main(LV_PALETTE_GREEN);
 199              		.loc 1 76 19 is_stmt 0 view .LVU51
 200 004e A36B     		ldr	r3, [r4, #56]
  76:Middlewares/lvgl/examples/widgets/chart/lv_example_chart_2.c ****                 dsc->line_dsc->color  = lv_palette_main(LV_PALETTE_GREEN);
 201              		.loc 1 76 15 view .LVU52
 202 0050 012B     		cmp	r3, #1
 203 0052 02D0     		beq	.L17
  76:Middlewares/lvgl/examples/widgets/chart/lv_example_chart_2.c ****                 dsc->line_dsc->color  = lv_palette_main(LV_PALETTE_GREEN);
 204              		.loc 1 76 30 discriminator 1 view .LVU53
 205 0054 032B     		cmp	r3, #3
 206 0056 40F08A80 		bne	.L18
 207              	.L17:
  77:Middlewares/lvgl/examples/widgets/chart/lv_example_chart_2.c ****             } else {
 208              		.loc 1 77 17 is_stmt 1 view .LVU54
  77:Middlewares/lvgl/examples/widgets/chart/lv_example_chart_2.c ****             } else {
 209              		.loc 1 77 20 is_stmt 0 view .LVU55
ARM GAS  /tmp/cckVGRah.s 			page 7


 210 005a 2469     		ldr	r4, [r4, #16]
  77:Middlewares/lvgl/examples/widgets/chart/lv_example_chart_2.c ****             } else {
 211              		.loc 1 77 41 view .LVU56
 212 005c 0920     		movs	r0, #9
 213              	.LVL13:
  77:Middlewares/lvgl/examples/widgets/chart/lv_example_chart_2.c ****             } else {
 214              		.loc 1 77 41 view .LVU57
 215 005e FFF7FEFF 		bl	lv_palette_main
 216              	.LVL14:
 217 0062 2080     		strh	r0, [r4]	@ movhi
  77:Middlewares/lvgl/examples/widgets/chart/lv_example_chart_2.c ****             } else {
 218              		.loc 1 77 39 view .LVU58
 219 0064 5EE0     		b	.L7
 220              	.LVL15:
 221              	.L20:
 222              	.LBB4:
  15:Middlewares/lvgl/examples/widgets/chart/lv_example_chart_2.c **** 
 223              		.loc 1 15 9 is_stmt 1 view .LVU59
  15:Middlewares/lvgl/examples/widgets/chart/lv_example_chart_2.c **** 
 224              		.loc 1 15 16 is_stmt 0 view .LVU60
 225 0066 C169     		ldr	r1, [r0, #28]
  15:Middlewares/lvgl/examples/widgets/chart/lv_example_chart_2.c **** 
 226              		.loc 1 15 11 view .LVU61
 227 0068 0029     		cmp	r1, #0
 228 006a 5BD0     		beq	.L7
  15:Middlewares/lvgl/examples/widgets/chart/lv_example_chart_2.c **** 
 229              		.loc 1 15 28 discriminator 2 view .LVU62
 230 006c 006A     		ldr	r0, [r0, #32]
 231              	.LVL16:
  15:Middlewares/lvgl/examples/widgets/chart/lv_example_chart_2.c **** 
 232              		.loc 1 15 21 discriminator 2 view .LVU63
 233 006e 0028     		cmp	r0, #0
 234 0070 58D0     		beq	.L7
  18:Middlewares/lvgl/examples/widgets/chart/lv_example_chart_2.c ****         lv_draw_mask_line_points_init(&line_mask_param, dsc->p1->x, dsc->p1->y, dsc->p2->x, dsc->p2
 235              		.loc 1 18 9 is_stmt 1 view .LVU64
  19:Middlewares/lvgl/examples/widgets/chart/lv_example_chart_2.c ****         int16_t line_mask_id = lv_draw_mask_add(&line_mask_param, NULL);
 236              		.loc 1 19 9 view .LVU65
 237 0072 B0F90030 		ldrsh	r3, [r0]
 238 0076 B1F90220 		ldrsh	r2, [r1, #2]
 239 007a B1F90010 		ldrsh	r1, [r1]
 240 007e 0326     		movs	r6, #3
 241 0080 0196     		str	r6, [sp, #4]
 242 0082 B0F90200 		ldrsh	r0, [r0, #2]
 243 0086 0090     		str	r0, [sp]
 244 0088 0AA8     		add	r0, sp, #40
 245 008a FFF7FEFF 		bl	lv_draw_mask_line_points_init
 246              	.LVL17:
  20:Middlewares/lvgl/examples/widgets/chart/lv_example_chart_2.c **** 
 247              		.loc 1 20 9 view .LVU66
  20:Middlewares/lvgl/examples/widgets/chart/lv_example_chart_2.c **** 
 248              		.loc 1 20 32 is_stmt 0 view .LVU67
 249 008e 0021     		movs	r1, #0
 250 0090 0AA8     		add	r0, sp, #40
 251 0092 FFF7FEFF 		bl	lv_draw_mask_add
 252              	.LVL18:
 253 0096 0746     		mov	r7, r0
 254              	.LVL19:
ARM GAS  /tmp/cckVGRah.s 			page 8


  23:Middlewares/lvgl/examples/widgets/chart/lv_example_chart_2.c ****         lv_draw_mask_fade_param_t fade_mask_param;
 255              		.loc 1 23 9 is_stmt 1 view .LVU68
  23:Middlewares/lvgl/examples/widgets/chart/lv_example_chart_2.c ****         lv_draw_mask_fade_param_t fade_mask_param;
 256              		.loc 1 23 24 is_stmt 0 view .LVU69
 257 0098 2846     		mov	r0, r5
 258 009a FFF7FEFF 		bl	lv_obj_get_height
 259              	.LVL20:
  24:Middlewares/lvgl/examples/widgets/chart/lv_example_chart_2.c ****         lv_draw_mask_fade_init(&fade_mask_param, &obj->coords, LV_OPA_COVER, obj->coords.y1 + h / 8
 260              		.loc 1 24 9 is_stmt 1 view .LVU70
  25:Middlewares/lvgl/examples/widgets/chart/lv_example_chart_2.c ****         int16_t fade_mask_id = lv_draw_mask_add(&fade_mask_param, NULL);
 261              		.loc 1 25 9 view .LVU71
  25:Middlewares/lvgl/examples/widgets/chart/lv_example_chart_2.c ****         int16_t fade_mask_id = lv_draw_mask_add(&fade_mask_param, NULL);
 262              		.loc 1 25 50 is_stmt 0 view .LVU72
 263 009e 05F11401 		add	r1, r5, #20
  25:Middlewares/lvgl/examples/widgets/chart/lv_example_chart_2.c ****         int16_t fade_mask_id = lv_draw_mask_add(&fade_mask_param, NULL);
 264              		.loc 1 25 89 view .LVU73
 265 00a2 EB8A     		ldrh	r3, [r5, #22]
  25:Middlewares/lvgl/examples/widgets/chart/lv_example_chart_2.c ****         int16_t fade_mask_id = lv_draw_mask_add(&fade_mask_param, NULL);
 266              		.loc 1 25 93 view .LVU74
 267 00a4 0246     		mov	r2, r0
 268 00a6 0028     		cmp	r0, #0
 269 00a8 3EDB     		blt	.L23
 270              	.L12:
 271 00aa 03EBE203 		add	r3, r3, r2, asr #3
  25:Middlewares/lvgl/examples/widgets/chart/lv_example_chart_2.c ****         int16_t fade_mask_id = lv_draw_mask_add(&fade_mask_param, NULL);
 272              		.loc 1 25 9 view .LVU75
 273 00ae B5F91A20 		ldrsh	r2, [r5, #26]
 274 00b2 0192     		str	r2, [sp, #4]
 275 00b4 0026     		movs	r6, #0
 276 00b6 0096     		str	r6, [sp]
 277 00b8 1BB2     		sxth	r3, r3
 278 00ba FF22     		movs	r2, #255
 279 00bc 04A8     		add	r0, sp, #16
 280              	.LVL21:
  25:Middlewares/lvgl/examples/widgets/chart/lv_example_chart_2.c ****         int16_t fade_mask_id = lv_draw_mask_add(&fade_mask_param, NULL);
 281              		.loc 1 25 9 view .LVU76
 282 00be FFF7FEFF 		bl	lv_draw_mask_fade_init
 283              	.LVL22:
  26:Middlewares/lvgl/examples/widgets/chart/lv_example_chart_2.c **** 
 284              		.loc 1 26 9 is_stmt 1 view .LVU77
  26:Middlewares/lvgl/examples/widgets/chart/lv_example_chart_2.c **** 
 285              		.loc 1 26 32 is_stmt 0 view .LVU78
 286 00c2 3146     		mov	r1, r6
 287 00c4 04A8     		add	r0, sp, #16
 288 00c6 FFF7FEFF 		bl	lv_draw_mask_add
 289              	.LVL23:
 290 00ca 0646     		mov	r6, r0
 291              	.LVL24:
  29:Middlewares/lvgl/examples/widgets/chart/lv_example_chart_2.c ****         lv_draw_rect_dsc_init(&draw_rect_dsc);
 292              		.loc 1 29 9 is_stmt 1 view .LVU79
  30:Middlewares/lvgl/examples/widgets/chart/lv_example_chart_2.c ****         draw_rect_dsc.bg_opa = LV_OPA_20;
 293              		.loc 1 30 9 view .LVU80
 294 00cc 15A8     		add	r0, sp, #84
 295 00ce FFF7FEFF 		bl	lv_draw_rect_dsc_init
 296              	.LVL25:
  31:Middlewares/lvgl/examples/widgets/chart/lv_example_chart_2.c ****         draw_rect_dsc.bg_color = dsc->line_dsc->color;
 297              		.loc 1 31 9 view .LVU81
ARM GAS  /tmp/cckVGRah.s 			page 9


  31:Middlewares/lvgl/examples/widgets/chart/lv_example_chart_2.c ****         draw_rect_dsc.bg_color = dsc->line_dsc->color;
 298              		.loc 1 31 30 is_stmt 0 view .LVU82
 299 00d2 3323     		movs	r3, #51
 300 00d4 8DF85E30 		strb	r3, [sp, #94]
  32:Middlewares/lvgl/examples/widgets/chart/lv_example_chart_2.c **** 
 301              		.loc 1 32 9 is_stmt 1 view .LVU83
  32:Middlewares/lvgl/examples/widgets/chart/lv_example_chart_2.c **** 
 302              		.loc 1 32 37 is_stmt 0 view .LVU84
 303 00d8 2369     		ldr	r3, [r4, #16]
  32:Middlewares/lvgl/examples/widgets/chart/lv_example_chart_2.c **** 
 304              		.loc 1 32 32 view .LVU85
 305 00da 1B88     		ldrh	r3, [r3]
 306 00dc ADF85830 		strh	r3, [sp, #88]	@ movhi
  34:Middlewares/lvgl/examples/widgets/chart/lv_example_chart_2.c ****         a.x1 = dsc->p1->x;
 307              		.loc 1 34 9 is_stmt 1 view .LVU86
  35:Middlewares/lvgl/examples/widgets/chart/lv_example_chart_2.c ****         a.x2 = dsc->p2->x - 1;
 308              		.loc 1 35 9 view .LVU87
  35:Middlewares/lvgl/examples/widgets/chart/lv_example_chart_2.c ****         a.x2 = dsc->p2->x - 1;
 309              		.loc 1 35 19 is_stmt 0 view .LVU88
 310 00e0 E269     		ldr	r2, [r4, #28]
  35:Middlewares/lvgl/examples/widgets/chart/lv_example_chart_2.c ****         a.x2 = dsc->p2->x - 1;
 311              		.loc 1 35 23 view .LVU89
 312 00e2 B2F90030 		ldrsh	r3, [r2]
  35:Middlewares/lvgl/examples/widgets/chart/lv_example_chart_2.c ****         a.x2 = dsc->p2->x - 1;
 313              		.loc 1 35 14 view .LVU90
 314 00e6 ADF80830 		strh	r3, [sp, #8]	@ movhi
  36:Middlewares/lvgl/examples/widgets/chart/lv_example_chart_2.c ****         a.y1 = LV_MIN(dsc->p1->y, dsc->p2->y);
 315              		.loc 1 36 9 is_stmt 1 view .LVU91
  36:Middlewares/lvgl/examples/widgets/chart/lv_example_chart_2.c ****         a.y1 = LV_MIN(dsc->p1->y, dsc->p2->y);
 316              		.loc 1 36 19 is_stmt 0 view .LVU92
 317 00ea 216A     		ldr	r1, [r4, #32]
  36:Middlewares/lvgl/examples/widgets/chart/lv_example_chart_2.c ****         a.y1 = LV_MIN(dsc->p1->y, dsc->p2->y);
 318              		.loc 1 36 23 view .LVU93
 319 00ec 0B88     		ldrh	r3, [r1]
  36:Middlewares/lvgl/examples/widgets/chart/lv_example_chart_2.c ****         a.y1 = LV_MIN(dsc->p1->y, dsc->p2->y);
 320              		.loc 1 36 27 view .LVU94
 321 00ee 013B     		subs	r3, r3, #1
  36:Middlewares/lvgl/examples/widgets/chart/lv_example_chart_2.c ****         a.y1 = LV_MIN(dsc->p1->y, dsc->p2->y);
 322              		.loc 1 36 14 view .LVU95
 323 00f0 ADF80C30 		strh	r3, [sp, #12]	@ movhi
  37:Middlewares/lvgl/examples/widgets/chart/lv_example_chart_2.c ****         a.y2 = obj->coords.y2;
 324              		.loc 1 37 9 is_stmt 1 view .LVU96
  37:Middlewares/lvgl/examples/widgets/chart/lv_example_chart_2.c ****         a.y2 = obj->coords.y2;
 325              		.loc 1 37 16 is_stmt 0 view .LVU97
 326 00f4 B1F90230 		ldrsh	r3, [r1, #2]
 327 00f8 B2F90220 		ldrsh	r2, [r2, #2]
 328 00fc 9342     		cmp	r3, r2
 329 00fe A8BF     		it	ge
 330 0100 1346     		movge	r3, r2
  37:Middlewares/lvgl/examples/widgets/chart/lv_example_chart_2.c ****         a.y2 = obj->coords.y2;
 331              		.loc 1 37 14 view .LVU98
 332 0102 ADF80A30 		strh	r3, [sp, #10]	@ movhi
  38:Middlewares/lvgl/examples/widgets/chart/lv_example_chart_2.c ****         lv_draw_rect(&a, dsc->clip_area, &draw_rect_dsc);
 333              		.loc 1 38 9 is_stmt 1 view .LVU99
  38:Middlewares/lvgl/examples/widgets/chart/lv_example_chart_2.c ****         lv_draw_rect(&a, dsc->clip_area, &draw_rect_dsc);
 334              		.loc 1 38 27 is_stmt 0 view .LVU100
 335 0106 B5F91A30 		ldrsh	r3, [r5, #26]
ARM GAS  /tmp/cckVGRah.s 			page 10


  38:Middlewares/lvgl/examples/widgets/chart/lv_example_chart_2.c ****         lv_draw_rect(&a, dsc->clip_area, &draw_rect_dsc);
 336              		.loc 1 38 14 view .LVU101
 337 010a ADF80E30 		strh	r3, [sp, #14]	@ movhi
  39:Middlewares/lvgl/examples/widgets/chart/lv_example_chart_2.c **** 
 338              		.loc 1 39 9 is_stmt 1 view .LVU102
 339 010e 15AA     		add	r2, sp, #84
 340 0110 2168     		ldr	r1, [r4]
 341 0112 02A8     		add	r0, sp, #8
 342 0114 FFF7FEFF 		bl	lv_draw_rect
 343              	.LVL26:
  42:Middlewares/lvgl/examples/widgets/chart/lv_example_chart_2.c ****         lv_draw_mask_remove_id(fade_mask_id);
 344              		.loc 1 42 9 view .LVU103
 345 0118 3846     		mov	r0, r7
 346 011a FFF7FEFF 		bl	lv_draw_mask_remove_id
 347              	.LVL27:
  43:Middlewares/lvgl/examples/widgets/chart/lv_example_chart_2.c ****     }
 348              		.loc 1 43 9 view .LVU104
 349 011e 3046     		mov	r0, r6
 350 0120 FFF7FEFF 		bl	lv_draw_mask_remove_id
 351              	.LVL28:
 352              	.L7:
  43:Middlewares/lvgl/examples/widgets/chart/lv_example_chart_2.c ****     }
 353              		.loc 1 43 9 is_stmt 0 view .LVU105
 354              	.LBE4:
  83:Middlewares/lvgl/examples/widgets/chart/lv_example_chart_2.c **** 
 355              		.loc 1 83 1 view .LVU106
 356 0124 23B0     		add	sp, sp, #140
 357              	.LCFI3:
 358              		.cfi_remember_state
 359              		.cfi_def_cfa_offset 20
 360              		@ sp needed
 361 0126 F0BD     		pop	{r4, r5, r6, r7, pc}
 362              	.LVL29:
 363              	.L23:
 364              	.LCFI4:
 365              		.cfi_restore_state
 366              	.LBB5:
  25:Middlewares/lvgl/examples/widgets/chart/lv_example_chart_2.c ****         int16_t fade_mask_id = lv_draw_mask_add(&fade_mask_param, NULL);
 367              		.loc 1 25 93 view .LVU107
 368 0128 C21D     		adds	r2, r0, #7
 369 012a BEE7     		b	.L12
 370              	.LVL30:
 371              	.L21:
  25:Middlewares/lvgl/examples/widgets/chart/lv_example_chart_2.c ****         int16_t fade_mask_id = lv_draw_mask_add(&fade_mask_param, NULL);
 372              		.loc 1 25 93 view .LVU108
 373              	.LBE5:
  51:Middlewares/lvgl/examples/widgets/chart/lv_example_chart_2.c ****             if(dsc->id == 3) {
 374              		.loc 1 51 13 is_stmt 1 view .LVU109
  51:Middlewares/lvgl/examples/widgets/chart/lv_example_chart_2.c ****             if(dsc->id == 3) {
 375              		.loc 1 51 37 is_stmt 0 view .LVU110
 376 012c 0121     		movs	r1, #1
 377 012e 1220     		movs	r0, #18
 378              	.LVL31:
  51:Middlewares/lvgl/examples/widgets/chart/lv_example_chart_2.c ****             if(dsc->id == 3) {
 379              		.loc 1 51 37 view .LVU111
 380 0130 FFF7FEFF 		bl	lv_palette_lighten
 381              	.LVL32:
ARM GAS  /tmp/cckVGRah.s 			page 11


 382 0134 2880     		strh	r0, [r5]	@ movhi
  52:Middlewares/lvgl/examples/widgets/chart/lv_example_chart_2.c ****                 dsc->line_dsc->width  = 2;
 383              		.loc 1 52 13 is_stmt 1 view .LVU112
  52:Middlewares/lvgl/examples/widgets/chart/lv_example_chart_2.c ****                 dsc->line_dsc->width  = 2;
 384              		.loc 1 52 19 is_stmt 0 view .LVU113
 385 0136 A36B     		ldr	r3, [r4, #56]
  52:Middlewares/lvgl/examples/widgets/chart/lv_example_chart_2.c ****                 dsc->line_dsc->width  = 2;
 386              		.loc 1 52 15 view .LVU114
 387 0138 032B     		cmp	r3, #3
 388 013a 08D0     		beq	.L24
  58:Middlewares/lvgl/examples/widgets/chart/lv_example_chart_2.c ****                 dsc->line_dsc->dash_gap  = 6;
 389              		.loc 1 58 17 is_stmt 1 view .LVU115
  58:Middlewares/lvgl/examples/widgets/chart/lv_example_chart_2.c ****                 dsc->line_dsc->dash_gap  = 6;
 390              		.loc 1 58 20 is_stmt 0 view .LVU116
 391 013c 2369     		ldr	r3, [r4, #16]
  58:Middlewares/lvgl/examples/widgets/chart/lv_example_chart_2.c ****                 dsc->line_dsc->dash_gap  = 6;
 392              		.loc 1 58 38 view .LVU117
 393 013e 0122     		movs	r2, #1
 394 0140 5A80     		strh	r2, [r3, #2]	@ movhi
  59:Middlewares/lvgl/examples/widgets/chart/lv_example_chart_2.c ****                 dsc->line_dsc->dash_width  = 6;
 395              		.loc 1 59 17 is_stmt 1 view .LVU118
  59:Middlewares/lvgl/examples/widgets/chart/lv_example_chart_2.c ****                 dsc->line_dsc->dash_width  = 6;
 396              		.loc 1 59 20 is_stmt 0 view .LVU119
 397 0142 2269     		ldr	r2, [r4, #16]
  59:Middlewares/lvgl/examples/widgets/chart/lv_example_chart_2.c ****                 dsc->line_dsc->dash_width  = 6;
 398              		.loc 1 59 42 view .LVU120
 399 0144 0623     		movs	r3, #6
 400 0146 D380     		strh	r3, [r2, #6]	@ movhi
  60:Middlewares/lvgl/examples/widgets/chart/lv_example_chart_2.c ****             }
 401              		.loc 1 60 17 is_stmt 1 view .LVU121
  60:Middlewares/lvgl/examples/widgets/chart/lv_example_chart_2.c ****             }
 402              		.loc 1 60 20 is_stmt 0 view .LVU122
 403 0148 2269     		ldr	r2, [r4, #16]
  60:Middlewares/lvgl/examples/widgets/chart/lv_example_chart_2.c ****             }
 404              		.loc 1 60 44 view .LVU123
 405 014a 9380     		strh	r3, [r2, #4]	@ movhi
 406 014c EAE7     		b	.L7
 407              	.L24:
  53:Middlewares/lvgl/examples/widgets/chart/lv_example_chart_2.c ****                 dsc->line_dsc->dash_gap  = 0;
 408              		.loc 1 53 17 is_stmt 1 view .LVU124
  53:Middlewares/lvgl/examples/widgets/chart/lv_example_chart_2.c ****                 dsc->line_dsc->dash_gap  = 0;
 409              		.loc 1 53 20 is_stmt 0 view .LVU125
 410 014e 2369     		ldr	r3, [r4, #16]
  53:Middlewares/lvgl/examples/widgets/chart/lv_example_chart_2.c ****                 dsc->line_dsc->dash_gap  = 0;
 411              		.loc 1 53 39 view .LVU126
 412 0150 0222     		movs	r2, #2
 413 0152 5A80     		strh	r2, [r3, #2]	@ movhi
  54:Middlewares/lvgl/examples/widgets/chart/lv_example_chart_2.c ****                 dsc->line_dsc->dash_width  = 0;
 414              		.loc 1 54 17 is_stmt 1 view .LVU127
  54:Middlewares/lvgl/examples/widgets/chart/lv_example_chart_2.c ****                 dsc->line_dsc->dash_width  = 0;
 415              		.loc 1 54 20 is_stmt 0 view .LVU128
 416 0154 2269     		ldr	r2, [r4, #16]
  54:Middlewares/lvgl/examples/widgets/chart/lv_example_chart_2.c ****                 dsc->line_dsc->dash_width  = 0;
 417              		.loc 1 54 42 view .LVU129
 418 0156 0023     		movs	r3, #0
 419 0158 D380     		strh	r3, [r2, #6]	@ movhi
  55:Middlewares/lvgl/examples/widgets/chart/lv_example_chart_2.c ****             }
ARM GAS  /tmp/cckVGRah.s 			page 12


 420              		.loc 1 55 17 is_stmt 1 view .LVU130
  55:Middlewares/lvgl/examples/widgets/chart/lv_example_chart_2.c ****             }
 421              		.loc 1 55 20 is_stmt 0 view .LVU131
 422 015a 2269     		ldr	r2, [r4, #16]
  55:Middlewares/lvgl/examples/widgets/chart/lv_example_chart_2.c ****             }
 423              		.loc 1 55 44 view .LVU132
 424 015c 9380     		strh	r3, [r2, #4]	@ movhi
 425 015e E1E7     		b	.L7
 426              	.LVL33:
 427              	.L22:
  66:Middlewares/lvgl/examples/widgets/chart/lv_example_chart_2.c ****                 dsc->line_dsc->dash_gap  = 0;
 428              		.loc 1 66 17 is_stmt 1 view .LVU133
  66:Middlewares/lvgl/examples/widgets/chart/lv_example_chart_2.c ****                 dsc->line_dsc->dash_gap  = 0;
 429              		.loc 1 66 39 is_stmt 0 view .LVU134
 430 0160 6B80     		strh	r3, [r5, #2]	@ movhi
  67:Middlewares/lvgl/examples/widgets/chart/lv_example_chart_2.c ****                 dsc->line_dsc->dash_width  = 0;
 431              		.loc 1 67 17 is_stmt 1 view .LVU135
  67:Middlewares/lvgl/examples/widgets/chart/lv_example_chart_2.c ****                 dsc->line_dsc->dash_width  = 0;
 432              		.loc 1 67 20 is_stmt 0 view .LVU136
 433 0162 0269     		ldr	r2, [r0, #16]
  67:Middlewares/lvgl/examples/widgets/chart/lv_example_chart_2.c ****                 dsc->line_dsc->dash_width  = 0;
 434              		.loc 1 67 42 view .LVU137
 435 0164 0023     		movs	r3, #0
 436 0166 D380     		strh	r3, [r2, #6]	@ movhi
  68:Middlewares/lvgl/examples/widgets/chart/lv_example_chart_2.c ****             }
 437              		.loc 1 68 17 is_stmt 1 view .LVU138
  68:Middlewares/lvgl/examples/widgets/chart/lv_example_chart_2.c ****             }
 438              		.loc 1 68 20 is_stmt 0 view .LVU139
 439 0168 0269     		ldr	r2, [r0, #16]
  68:Middlewares/lvgl/examples/widgets/chart/lv_example_chart_2.c ****             }
 440              		.loc 1 68 44 view .LVU140
 441 016a 9380     		strh	r3, [r2, #4]	@ movhi
 442 016c 6FE7     		b	.L16
 443              	.L18:
  79:Middlewares/lvgl/examples/widgets/chart/lv_example_chart_2.c ****             }
 444              		.loc 1 79 17 is_stmt 1 view .LVU141
  79:Middlewares/lvgl/examples/widgets/chart/lv_example_chart_2.c ****             }
 445              		.loc 1 79 20 is_stmt 0 view .LVU142
 446 016e 2469     		ldr	r4, [r4, #16]
  79:Middlewares/lvgl/examples/widgets/chart/lv_example_chart_2.c ****             }
 447              		.loc 1 79 41 view .LVU143
 448 0170 0121     		movs	r1, #1
 449 0172 1220     		movs	r0, #18
 450              	.LVL34:
  79:Middlewares/lvgl/examples/widgets/chart/lv_example_chart_2.c ****             }
 451              		.loc 1 79 41 view .LVU144
 452 0174 FFF7FEFF 		bl	lv_palette_lighten
 453              	.LVL35:
 454 0178 2080     		strh	r0, [r4]	@ movhi
 455 017a D3E7     		b	.L7
 456              		.cfi_endproc
 457              	.LFE184:
 459              		.section	.text.lv_example_chart_2,"ax",%progbits
 460              		.align	1
 461              		.global	lv_example_chart_2
 462              		.syntax unified
 463              		.thumb
ARM GAS  /tmp/cckVGRah.s 			page 13


 464              		.thumb_func
 466              	lv_example_chart_2:
 467              	.LFB186:
  95:Middlewares/lvgl/examples/widgets/chart/lv_example_chart_2.c **** 
  96:Middlewares/lvgl/examples/widgets/chart/lv_example_chart_2.c **** /**
  97:Middlewares/lvgl/examples/widgets/chart/lv_example_chart_2.c ****  * Add a faded area effect to the line chart and make some division lines ticker
  98:Middlewares/lvgl/examples/widgets/chart/lv_example_chart_2.c ****  */
  99:Middlewares/lvgl/examples/widgets/chart/lv_example_chart_2.c **** void lv_example_chart_2(void)
 100:Middlewares/lvgl/examples/widgets/chart/lv_example_chart_2.c **** {
 468              		.loc 1 100 1 is_stmt 1 view -0
 469              		.cfi_startproc
 470              		@ args = 0, pretend = 0, frame = 0
 471              		@ frame_needed = 0, uses_anonymous_args = 0
 472 0000 F8B5     		push	{r3, r4, r5, r6, r7, lr}
 473              	.LCFI5:
 474              		.cfi_def_cfa_offset 24
 475              		.cfi_offset 3, -24
 476              		.cfi_offset 4, -20
 477              		.cfi_offset 5, -16
 478              		.cfi_offset 6, -12
 479              		.cfi_offset 7, -8
 480              		.cfi_offset 14, -4
 101:Middlewares/lvgl/examples/widgets/chart/lv_example_chart_2.c ****     /*Create a chart1*/
 102:Middlewares/lvgl/examples/widgets/chart/lv_example_chart_2.c ****     chart1 = lv_chart_create(lv_scr_act());
 481              		.loc 1 102 5 view .LVU146
 482              	.LBB10:
 483              	.LBI10:
 484              		.file 2 "Middlewares/lvgl/examples/widgets/chart/../../../src/core/lv_disp.h"
   1:Middlewares/lvgl/examples/widgets/chart/../../../src/core/lv_disp.h **** /**
   2:Middlewares/lvgl/examples/widgets/chart/../../../src/core/lv_disp.h ****  * @file lv_disp.h
   3:Middlewares/lvgl/examples/widgets/chart/../../../src/core/lv_disp.h ****  *
   4:Middlewares/lvgl/examples/widgets/chart/../../../src/core/lv_disp.h ****  */
   5:Middlewares/lvgl/examples/widgets/chart/../../../src/core/lv_disp.h **** 
   6:Middlewares/lvgl/examples/widgets/chart/../../../src/core/lv_disp.h **** #ifndef LV_DISP_H
   7:Middlewares/lvgl/examples/widgets/chart/../../../src/core/lv_disp.h **** #define LV_DISP_H
   8:Middlewares/lvgl/examples/widgets/chart/../../../src/core/lv_disp.h **** 
   9:Middlewares/lvgl/examples/widgets/chart/../../../src/core/lv_disp.h **** #ifdef __cplusplus
  10:Middlewares/lvgl/examples/widgets/chart/../../../src/core/lv_disp.h **** extern "C" {
  11:Middlewares/lvgl/examples/widgets/chart/../../../src/core/lv_disp.h **** #endif
  12:Middlewares/lvgl/examples/widgets/chart/../../../src/core/lv_disp.h **** 
  13:Middlewares/lvgl/examples/widgets/chart/../../../src/core/lv_disp.h **** /*********************
  14:Middlewares/lvgl/examples/widgets/chart/../../../src/core/lv_disp.h ****  *      INCLUDES
  15:Middlewares/lvgl/examples/widgets/chart/../../../src/core/lv_disp.h ****  *********************/
  16:Middlewares/lvgl/examples/widgets/chart/../../../src/core/lv_disp.h **** #include "../hal/lv_hal.h"
  17:Middlewares/lvgl/examples/widgets/chart/../../../src/core/lv_disp.h **** #include "lv_obj.h"
  18:Middlewares/lvgl/examples/widgets/chart/../../../src/core/lv_disp.h **** #include "lv_theme.h"
  19:Middlewares/lvgl/examples/widgets/chart/../../../src/core/lv_disp.h **** 
  20:Middlewares/lvgl/examples/widgets/chart/../../../src/core/lv_disp.h **** /*********************
  21:Middlewares/lvgl/examples/widgets/chart/../../../src/core/lv_disp.h ****  *      DEFINES
  22:Middlewares/lvgl/examples/widgets/chart/../../../src/core/lv_disp.h ****  *********************/
  23:Middlewares/lvgl/examples/widgets/chart/../../../src/core/lv_disp.h **** 
  24:Middlewares/lvgl/examples/widgets/chart/../../../src/core/lv_disp.h **** /**********************
  25:Middlewares/lvgl/examples/widgets/chart/../../../src/core/lv_disp.h ****  *      TYPEDEFS
  26:Middlewares/lvgl/examples/widgets/chart/../../../src/core/lv_disp.h ****  **********************/
  27:Middlewares/lvgl/examples/widgets/chart/../../../src/core/lv_disp.h **** 
  28:Middlewares/lvgl/examples/widgets/chart/../../../src/core/lv_disp.h **** typedef enum {
  29:Middlewares/lvgl/examples/widgets/chart/../../../src/core/lv_disp.h ****     LV_SCR_LOAD_ANIM_NONE,
ARM GAS  /tmp/cckVGRah.s 			page 14


  30:Middlewares/lvgl/examples/widgets/chart/../../../src/core/lv_disp.h ****     LV_SCR_LOAD_ANIM_OVER_LEFT,
  31:Middlewares/lvgl/examples/widgets/chart/../../../src/core/lv_disp.h ****     LV_SCR_LOAD_ANIM_OVER_RIGHT,
  32:Middlewares/lvgl/examples/widgets/chart/../../../src/core/lv_disp.h ****     LV_SCR_LOAD_ANIM_OVER_TOP,
  33:Middlewares/lvgl/examples/widgets/chart/../../../src/core/lv_disp.h ****     LV_SCR_LOAD_ANIM_OVER_BOTTOM,
  34:Middlewares/lvgl/examples/widgets/chart/../../../src/core/lv_disp.h ****     LV_SCR_LOAD_ANIM_MOVE_LEFT,
  35:Middlewares/lvgl/examples/widgets/chart/../../../src/core/lv_disp.h ****     LV_SCR_LOAD_ANIM_MOVE_RIGHT,
  36:Middlewares/lvgl/examples/widgets/chart/../../../src/core/lv_disp.h ****     LV_SCR_LOAD_ANIM_MOVE_TOP,
  37:Middlewares/lvgl/examples/widgets/chart/../../../src/core/lv_disp.h ****     LV_SCR_LOAD_ANIM_MOVE_BOTTOM,
  38:Middlewares/lvgl/examples/widgets/chart/../../../src/core/lv_disp.h ****     LV_SCR_LOAD_ANIM_FADE_ON,
  39:Middlewares/lvgl/examples/widgets/chart/../../../src/core/lv_disp.h **** } lv_scr_load_anim_t;
  40:Middlewares/lvgl/examples/widgets/chart/../../../src/core/lv_disp.h **** 
  41:Middlewares/lvgl/examples/widgets/chart/../../../src/core/lv_disp.h **** /**********************
  42:Middlewares/lvgl/examples/widgets/chart/../../../src/core/lv_disp.h ****  * GLOBAL PROTOTYPES
  43:Middlewares/lvgl/examples/widgets/chart/../../../src/core/lv_disp.h ****  **********************/
  44:Middlewares/lvgl/examples/widgets/chart/../../../src/core/lv_disp.h **** 
  45:Middlewares/lvgl/examples/widgets/chart/../../../src/core/lv_disp.h **** /**
  46:Middlewares/lvgl/examples/widgets/chart/../../../src/core/lv_disp.h ****  * Return with a pointer to the active screen
  47:Middlewares/lvgl/examples/widgets/chart/../../../src/core/lv_disp.h ****  * @param disp pointer to display which active screen should be get. (NULL to use the default
  48:Middlewares/lvgl/examples/widgets/chart/../../../src/core/lv_disp.h ****  * screen)
  49:Middlewares/lvgl/examples/widgets/chart/../../../src/core/lv_disp.h ****  * @return pointer to the active screen object (loaded by 'lv_scr_load()')
  50:Middlewares/lvgl/examples/widgets/chart/../../../src/core/lv_disp.h ****  */
  51:Middlewares/lvgl/examples/widgets/chart/../../../src/core/lv_disp.h **** lv_obj_t * lv_disp_get_scr_act(lv_disp_t * disp);
  52:Middlewares/lvgl/examples/widgets/chart/../../../src/core/lv_disp.h **** 
  53:Middlewares/lvgl/examples/widgets/chart/../../../src/core/lv_disp.h **** /**
  54:Middlewares/lvgl/examples/widgets/chart/../../../src/core/lv_disp.h ****  * Return with a pointer to the previous screen. Only used during screen transitions.
  55:Middlewares/lvgl/examples/widgets/chart/../../../src/core/lv_disp.h ****  * @param disp pointer to display which previous screen should be get. (NULL to use the default
  56:Middlewares/lvgl/examples/widgets/chart/../../../src/core/lv_disp.h ****  * screen)
  57:Middlewares/lvgl/examples/widgets/chart/../../../src/core/lv_disp.h ****  * @return pointer to the previous screen object or NULL if not used now
  58:Middlewares/lvgl/examples/widgets/chart/../../../src/core/lv_disp.h ****  */
  59:Middlewares/lvgl/examples/widgets/chart/../../../src/core/lv_disp.h **** lv_obj_t * lv_disp_get_scr_prev(lv_disp_t * disp);
  60:Middlewares/lvgl/examples/widgets/chart/../../../src/core/lv_disp.h **** 
  61:Middlewares/lvgl/examples/widgets/chart/../../../src/core/lv_disp.h **** /**
  62:Middlewares/lvgl/examples/widgets/chart/../../../src/core/lv_disp.h ****  * Make a screen active
  63:Middlewares/lvgl/examples/widgets/chart/../../../src/core/lv_disp.h ****  * @param scr pointer to a screen
  64:Middlewares/lvgl/examples/widgets/chart/../../../src/core/lv_disp.h ****  */
  65:Middlewares/lvgl/examples/widgets/chart/../../../src/core/lv_disp.h **** void lv_disp_load_scr(lv_obj_t * scr);
  66:Middlewares/lvgl/examples/widgets/chart/../../../src/core/lv_disp.h **** 
  67:Middlewares/lvgl/examples/widgets/chart/../../../src/core/lv_disp.h **** /**
  68:Middlewares/lvgl/examples/widgets/chart/../../../src/core/lv_disp.h ****  * Return with the top layer. (Same on every screen and it is above the normal screen layer)
  69:Middlewares/lvgl/examples/widgets/chart/../../../src/core/lv_disp.h ****  * @param disp pointer to display which top layer should be get. (NULL to use the default screen)
  70:Middlewares/lvgl/examples/widgets/chart/../../../src/core/lv_disp.h ****  * @return pointer to the top layer object  (transparent screen sized lv_obj)
  71:Middlewares/lvgl/examples/widgets/chart/../../../src/core/lv_disp.h ****  */
  72:Middlewares/lvgl/examples/widgets/chart/../../../src/core/lv_disp.h **** lv_obj_t * lv_disp_get_layer_top(lv_disp_t * disp);
  73:Middlewares/lvgl/examples/widgets/chart/../../../src/core/lv_disp.h **** 
  74:Middlewares/lvgl/examples/widgets/chart/../../../src/core/lv_disp.h **** /**
  75:Middlewares/lvgl/examples/widgets/chart/../../../src/core/lv_disp.h ****  * Return with the sys. layer. (Same on every screen and it is above the normal screen and the top
  76:Middlewares/lvgl/examples/widgets/chart/../../../src/core/lv_disp.h ****  * layer)
  77:Middlewares/lvgl/examples/widgets/chart/../../../src/core/lv_disp.h ****  * @param disp pointer to display which sys. layer  should be get. (NULL to use the default screen)
  78:Middlewares/lvgl/examples/widgets/chart/../../../src/core/lv_disp.h ****  * @return pointer to the sys layer object  (transparent screen sized lv_obj)
  79:Middlewares/lvgl/examples/widgets/chart/../../../src/core/lv_disp.h ****  */
  80:Middlewares/lvgl/examples/widgets/chart/../../../src/core/lv_disp.h **** lv_obj_t * lv_disp_get_layer_sys(lv_disp_t * disp);
  81:Middlewares/lvgl/examples/widgets/chart/../../../src/core/lv_disp.h **** 
  82:Middlewares/lvgl/examples/widgets/chart/../../../src/core/lv_disp.h **** /**
  83:Middlewares/lvgl/examples/widgets/chart/../../../src/core/lv_disp.h ****  * Get the theme of a display
  84:Middlewares/lvgl/examples/widgets/chart/../../../src/core/lv_disp.h ****  * @param disp pointer to a display
  85:Middlewares/lvgl/examples/widgets/chart/../../../src/core/lv_disp.h ****  * @return the display's theme (can be NULL)
  86:Middlewares/lvgl/examples/widgets/chart/../../../src/core/lv_disp.h ****  */
ARM GAS  /tmp/cckVGRah.s 			page 15


  87:Middlewares/lvgl/examples/widgets/chart/../../../src/core/lv_disp.h **** void lv_disp_set_theme(lv_disp_t * disp, lv_theme_t * th);
  88:Middlewares/lvgl/examples/widgets/chart/../../../src/core/lv_disp.h **** 
  89:Middlewares/lvgl/examples/widgets/chart/../../../src/core/lv_disp.h **** /**
  90:Middlewares/lvgl/examples/widgets/chart/../../../src/core/lv_disp.h ****  * Get the theme of a display
  91:Middlewares/lvgl/examples/widgets/chart/../../../src/core/lv_disp.h ****  * @param disp pointer to a display
  92:Middlewares/lvgl/examples/widgets/chart/../../../src/core/lv_disp.h ****  * @return the display's theme (can be NULL)
  93:Middlewares/lvgl/examples/widgets/chart/../../../src/core/lv_disp.h ****  */
  94:Middlewares/lvgl/examples/widgets/chart/../../../src/core/lv_disp.h **** lv_theme_t * lv_disp_get_theme(lv_disp_t * disp);
  95:Middlewares/lvgl/examples/widgets/chart/../../../src/core/lv_disp.h **** 
  96:Middlewares/lvgl/examples/widgets/chart/../../../src/core/lv_disp.h **** /**
  97:Middlewares/lvgl/examples/widgets/chart/../../../src/core/lv_disp.h ****  * Set the background color of a display
  98:Middlewares/lvgl/examples/widgets/chart/../../../src/core/lv_disp.h ****  * @param disp pointer to a display
  99:Middlewares/lvgl/examples/widgets/chart/../../../src/core/lv_disp.h ****  * @param color color of the background
 100:Middlewares/lvgl/examples/widgets/chart/../../../src/core/lv_disp.h ****  */
 101:Middlewares/lvgl/examples/widgets/chart/../../../src/core/lv_disp.h **** void lv_disp_set_bg_color(lv_disp_t * disp, lv_color_t color);
 102:Middlewares/lvgl/examples/widgets/chart/../../../src/core/lv_disp.h **** 
 103:Middlewares/lvgl/examples/widgets/chart/../../../src/core/lv_disp.h **** /**
 104:Middlewares/lvgl/examples/widgets/chart/../../../src/core/lv_disp.h ****  * Set the background image of a display
 105:Middlewares/lvgl/examples/widgets/chart/../../../src/core/lv_disp.h ****  * @param disp pointer to a display
 106:Middlewares/lvgl/examples/widgets/chart/../../../src/core/lv_disp.h ****  * @param img_src path to file or pointer to an `lv_img_dsc_t` variable
 107:Middlewares/lvgl/examples/widgets/chart/../../../src/core/lv_disp.h ****  */
 108:Middlewares/lvgl/examples/widgets/chart/../../../src/core/lv_disp.h **** void lv_disp_set_bg_image(lv_disp_t * disp, const void  * img_src);
 109:Middlewares/lvgl/examples/widgets/chart/../../../src/core/lv_disp.h **** 
 110:Middlewares/lvgl/examples/widgets/chart/../../../src/core/lv_disp.h **** /**
 111:Middlewares/lvgl/examples/widgets/chart/../../../src/core/lv_disp.h ****  * Opacity of the background
 112:Middlewares/lvgl/examples/widgets/chart/../../../src/core/lv_disp.h ****  * @param disp pointer to a display
 113:Middlewares/lvgl/examples/widgets/chart/../../../src/core/lv_disp.h ****  * @param opa opacity (0..255)
 114:Middlewares/lvgl/examples/widgets/chart/../../../src/core/lv_disp.h ****  */
 115:Middlewares/lvgl/examples/widgets/chart/../../../src/core/lv_disp.h **** void lv_disp_set_bg_opa(lv_disp_t * disp, lv_opa_t opa);
 116:Middlewares/lvgl/examples/widgets/chart/../../../src/core/lv_disp.h **** 
 117:Middlewares/lvgl/examples/widgets/chart/../../../src/core/lv_disp.h **** /**
 118:Middlewares/lvgl/examples/widgets/chart/../../../src/core/lv_disp.h ****  * Switch screen with animation
 119:Middlewares/lvgl/examples/widgets/chart/../../../src/core/lv_disp.h ****  * @param scr pointer to the new screen to load
 120:Middlewares/lvgl/examples/widgets/chart/../../../src/core/lv_disp.h ****  * @param anim_type type of the animation from `lv_scr_load_anim_t`. E.g.  `LV_SCR_LOAD_ANIM_MOVE_L
 121:Middlewares/lvgl/examples/widgets/chart/../../../src/core/lv_disp.h ****  * @param time time of the animation
 122:Middlewares/lvgl/examples/widgets/chart/../../../src/core/lv_disp.h ****  * @param delay delay before the transition
 123:Middlewares/lvgl/examples/widgets/chart/../../../src/core/lv_disp.h ****  * @param auto_del true: automatically delete the old screen
 124:Middlewares/lvgl/examples/widgets/chart/../../../src/core/lv_disp.h ****  */
 125:Middlewares/lvgl/examples/widgets/chart/../../../src/core/lv_disp.h **** void lv_scr_load_anim(lv_obj_t * scr, lv_scr_load_anim_t anim_type, uint32_t time, uint32_t delay, 
 126:Middlewares/lvgl/examples/widgets/chart/../../../src/core/lv_disp.h **** 
 127:Middlewares/lvgl/examples/widgets/chart/../../../src/core/lv_disp.h **** /**
 128:Middlewares/lvgl/examples/widgets/chart/../../../src/core/lv_disp.h ****  * Get elapsed time since last user activity on a display (e.g. click)
 129:Middlewares/lvgl/examples/widgets/chart/../../../src/core/lv_disp.h ****  * @param disp pointer to an display (NULL to get the overall smallest inactivity)
 130:Middlewares/lvgl/examples/widgets/chart/../../../src/core/lv_disp.h ****  * @return elapsed ticks (milliseconds) since the last activity
 131:Middlewares/lvgl/examples/widgets/chart/../../../src/core/lv_disp.h ****  */
 132:Middlewares/lvgl/examples/widgets/chart/../../../src/core/lv_disp.h **** uint32_t lv_disp_get_inactive_time(const lv_disp_t * disp);
 133:Middlewares/lvgl/examples/widgets/chart/../../../src/core/lv_disp.h **** 
 134:Middlewares/lvgl/examples/widgets/chart/../../../src/core/lv_disp.h **** /**
 135:Middlewares/lvgl/examples/widgets/chart/../../../src/core/lv_disp.h ****  * Manually trigger an activity on a display
 136:Middlewares/lvgl/examples/widgets/chart/../../../src/core/lv_disp.h ****  * @param disp pointer to an display (NULL to use the default display)
 137:Middlewares/lvgl/examples/widgets/chart/../../../src/core/lv_disp.h ****  */
 138:Middlewares/lvgl/examples/widgets/chart/../../../src/core/lv_disp.h **** void lv_disp_trig_activity(lv_disp_t * disp);
 139:Middlewares/lvgl/examples/widgets/chart/../../../src/core/lv_disp.h **** 
 140:Middlewares/lvgl/examples/widgets/chart/../../../src/core/lv_disp.h **** /**
 141:Middlewares/lvgl/examples/widgets/chart/../../../src/core/lv_disp.h ****  * Clean any CPU cache that is related to the display.
 142:Middlewares/lvgl/examples/widgets/chart/../../../src/core/lv_disp.h ****  * @param disp pointer to an display (NULL to use the default display)
 143:Middlewares/lvgl/examples/widgets/chart/../../../src/core/lv_disp.h ****  */
ARM GAS  /tmp/cckVGRah.s 			page 16


 144:Middlewares/lvgl/examples/widgets/chart/../../../src/core/lv_disp.h **** void lv_disp_clean_dcache(lv_disp_t * disp);
 145:Middlewares/lvgl/examples/widgets/chart/../../../src/core/lv_disp.h **** 
 146:Middlewares/lvgl/examples/widgets/chart/../../../src/core/lv_disp.h **** /**
 147:Middlewares/lvgl/examples/widgets/chart/../../../src/core/lv_disp.h ****  * Get a pointer to the screen refresher timer to
 148:Middlewares/lvgl/examples/widgets/chart/../../../src/core/lv_disp.h ****  * modify its parameters with `lv_timer_...` functions.
 149:Middlewares/lvgl/examples/widgets/chart/../../../src/core/lv_disp.h ****  * @param disp pointer to a display
 150:Middlewares/lvgl/examples/widgets/chart/../../../src/core/lv_disp.h ****  * @return pointer to the display refresher timer. (NULL on error)
 151:Middlewares/lvgl/examples/widgets/chart/../../../src/core/lv_disp.h ****  */
 152:Middlewares/lvgl/examples/widgets/chart/../../../src/core/lv_disp.h **** lv_timer_t * _lv_disp_get_refr_timer(lv_disp_t * disp);
 153:Middlewares/lvgl/examples/widgets/chart/../../../src/core/lv_disp.h **** 
 154:Middlewares/lvgl/examples/widgets/chart/../../../src/core/lv_disp.h **** /*------------------------------------------------
 155:Middlewares/lvgl/examples/widgets/chart/../../../src/core/lv_disp.h ****  * To improve backward compatibility
 156:Middlewares/lvgl/examples/widgets/chart/../../../src/core/lv_disp.h ****  * Recommended only if you have one display
 157:Middlewares/lvgl/examples/widgets/chart/../../../src/core/lv_disp.h ****  *------------------------------------------------*/
 158:Middlewares/lvgl/examples/widgets/chart/../../../src/core/lv_disp.h **** 
 159:Middlewares/lvgl/examples/widgets/chart/../../../src/core/lv_disp.h **** /**
 160:Middlewares/lvgl/examples/widgets/chart/../../../src/core/lv_disp.h ****  * Get the active screen of the default display
 161:Middlewares/lvgl/examples/widgets/chart/../../../src/core/lv_disp.h ****  * @return pointer to the active screen
 162:Middlewares/lvgl/examples/widgets/chart/../../../src/core/lv_disp.h ****  */
 163:Middlewares/lvgl/examples/widgets/chart/../../../src/core/lv_disp.h **** static inline lv_obj_t * lv_scr_act(void)
 485              		.loc 2 163 26 view .LVU147
 486              	.LBB11:
 164:Middlewares/lvgl/examples/widgets/chart/../../../src/core/lv_disp.h **** {
 165:Middlewares/lvgl/examples/widgets/chart/../../../src/core/lv_disp.h ****     return lv_disp_get_scr_act(lv_disp_get_default());
 487              		.loc 2 165 5 view .LVU148
 488              		.loc 2 165 12 is_stmt 0 view .LVU149
 489 0002 FFF7FEFF 		bl	lv_disp_get_default
 490              	.LVL36:
 491 0006 FFF7FEFF 		bl	lv_disp_get_scr_act
 492              	.LVL37:
 493              	.LBE11:
 494              	.LBE10:
 495              		.loc 1 102 14 view .LVU150
 496 000a FFF7FEFF 		bl	lv_chart_create
 497              	.LVL38:
 498              		.loc 1 102 12 view .LVU151
 499 000e 2C4C     		ldr	r4, .L29
 500 0010 2060     		str	r0, [r4]
 103:Middlewares/lvgl/examples/widgets/chart/lv_example_chart_2.c ****     lv_obj_set_size(chart1, 200, 150);
 501              		.loc 1 103 5 is_stmt 1 view .LVU152
 502 0012 9622     		movs	r2, #150
 503 0014 C821     		movs	r1, #200
 504 0016 FFF7FEFF 		bl	lv_obj_set_size
 505              	.LVL39:
 104:Middlewares/lvgl/examples/widgets/chart/lv_example_chart_2.c ****     lv_obj_center(chart1);
 506              		.loc 1 104 5 view .LVU153
 507              	.LBB12:
 508              	.LBI12:
 509              		.file 3 "Middlewares/lvgl/examples/widgets/chart/../../../src/core/lv_obj_pos.h"
   1:Middlewares/lvgl/examples/widgets/chart/../../../src/core/lv_obj_pos.h **** /**
   2:Middlewares/lvgl/examples/widgets/chart/../../../src/core/lv_obj_pos.h ****  * @file lv_obj_pos.h
   3:Middlewares/lvgl/examples/widgets/chart/../../../src/core/lv_obj_pos.h ****  *
   4:Middlewares/lvgl/examples/widgets/chart/../../../src/core/lv_obj_pos.h ****  */
   5:Middlewares/lvgl/examples/widgets/chart/../../../src/core/lv_obj_pos.h **** 
   6:Middlewares/lvgl/examples/widgets/chart/../../../src/core/lv_obj_pos.h **** #ifndef LV_OBJ_POS_H
   7:Middlewares/lvgl/examples/widgets/chart/../../../src/core/lv_obj_pos.h **** #define LV_OBJ_POS_H
   8:Middlewares/lvgl/examples/widgets/chart/../../../src/core/lv_obj_pos.h **** 
ARM GAS  /tmp/cckVGRah.s 			page 17


   9:Middlewares/lvgl/examples/widgets/chart/../../../src/core/lv_obj_pos.h **** #ifdef __cplusplus
  10:Middlewares/lvgl/examples/widgets/chart/../../../src/core/lv_obj_pos.h **** extern "C" {
  11:Middlewares/lvgl/examples/widgets/chart/../../../src/core/lv_obj_pos.h **** #endif
  12:Middlewares/lvgl/examples/widgets/chart/../../../src/core/lv_obj_pos.h **** 
  13:Middlewares/lvgl/examples/widgets/chart/../../../src/core/lv_obj_pos.h **** /*********************
  14:Middlewares/lvgl/examples/widgets/chart/../../../src/core/lv_obj_pos.h ****  *      INCLUDES
  15:Middlewares/lvgl/examples/widgets/chart/../../../src/core/lv_obj_pos.h ****  *********************/
  16:Middlewares/lvgl/examples/widgets/chart/../../../src/core/lv_obj_pos.h **** #include "../misc/lv_area.h"
  17:Middlewares/lvgl/examples/widgets/chart/../../../src/core/lv_obj_pos.h **** 
  18:Middlewares/lvgl/examples/widgets/chart/../../../src/core/lv_obj_pos.h **** /*********************
  19:Middlewares/lvgl/examples/widgets/chart/../../../src/core/lv_obj_pos.h ****  *      DEFINES
  20:Middlewares/lvgl/examples/widgets/chart/../../../src/core/lv_obj_pos.h ****  *********************/
  21:Middlewares/lvgl/examples/widgets/chart/../../../src/core/lv_obj_pos.h **** 
  22:Middlewares/lvgl/examples/widgets/chart/../../../src/core/lv_obj_pos.h **** /**********************
  23:Middlewares/lvgl/examples/widgets/chart/../../../src/core/lv_obj_pos.h ****  *      TYPEDEFS
  24:Middlewares/lvgl/examples/widgets/chart/../../../src/core/lv_obj_pos.h ****  **********************/
  25:Middlewares/lvgl/examples/widgets/chart/../../../src/core/lv_obj_pos.h **** struct _lv_obj_t;
  26:Middlewares/lvgl/examples/widgets/chart/../../../src/core/lv_obj_pos.h **** 
  27:Middlewares/lvgl/examples/widgets/chart/../../../src/core/lv_obj_pos.h **** typedef void (*lv_layout_update_cb_t)(struct _lv_obj_t *, void * user_data);
  28:Middlewares/lvgl/examples/widgets/chart/../../../src/core/lv_obj_pos.h **** typedef struct {
  29:Middlewares/lvgl/examples/widgets/chart/../../../src/core/lv_obj_pos.h ****     lv_layout_update_cb_t cb;
  30:Middlewares/lvgl/examples/widgets/chart/../../../src/core/lv_obj_pos.h ****     void * user_data;
  31:Middlewares/lvgl/examples/widgets/chart/../../../src/core/lv_obj_pos.h **** }lv_layout_dsc_t;
  32:Middlewares/lvgl/examples/widgets/chart/../../../src/core/lv_obj_pos.h **** 
  33:Middlewares/lvgl/examples/widgets/chart/../../../src/core/lv_obj_pos.h **** /**********************
  34:Middlewares/lvgl/examples/widgets/chart/../../../src/core/lv_obj_pos.h ****  * GLOBAL PROTOTYPES
  35:Middlewares/lvgl/examples/widgets/chart/../../../src/core/lv_obj_pos.h ****  **********************/
  36:Middlewares/lvgl/examples/widgets/chart/../../../src/core/lv_obj_pos.h **** 
  37:Middlewares/lvgl/examples/widgets/chart/../../../src/core/lv_obj_pos.h **** /**
  38:Middlewares/lvgl/examples/widgets/chart/../../../src/core/lv_obj_pos.h ****  * Set the relative the position of an object (relative to the parent's top left corner)
  39:Middlewares/lvgl/examples/widgets/chart/../../../src/core/lv_obj_pos.h ****  * @param obj       pointer to an object
  40:Middlewares/lvgl/examples/widgets/chart/../../../src/core/lv_obj_pos.h ****  * @param x         new distance from the left side of the parent plus the parent's left padding
  41:Middlewares/lvgl/examples/widgets/chart/../../../src/core/lv_obj_pos.h ****  * @param y         new distance from the top side of the parent  plus the parent's right padding
  42:Middlewares/lvgl/examples/widgets/chart/../../../src/core/lv_obj_pos.h ****  */
  43:Middlewares/lvgl/examples/widgets/chart/../../../src/core/lv_obj_pos.h **** void lv_obj_set_pos(struct _lv_obj_t * obj, lv_coord_t x, lv_coord_t y);
  44:Middlewares/lvgl/examples/widgets/chart/../../../src/core/lv_obj_pos.h **** 
  45:Middlewares/lvgl/examples/widgets/chart/../../../src/core/lv_obj_pos.h **** /**
  46:Middlewares/lvgl/examples/widgets/chart/../../../src/core/lv_obj_pos.h ****  * Set the x coordinate of a object
  47:Middlewares/lvgl/examples/widgets/chart/../../../src/core/lv_obj_pos.h ****  * @param obj       pointer to an object
  48:Middlewares/lvgl/examples/widgets/chart/../../../src/core/lv_obj_pos.h ****  * @param x         new distance from the left side from the parent plus the parent's left padding
  49:Middlewares/lvgl/examples/widgets/chart/../../../src/core/lv_obj_pos.h ****  */
  50:Middlewares/lvgl/examples/widgets/chart/../../../src/core/lv_obj_pos.h **** void lv_obj_set_x(struct _lv_obj_t * obj, lv_coord_t x);
  51:Middlewares/lvgl/examples/widgets/chart/../../../src/core/lv_obj_pos.h **** 
  52:Middlewares/lvgl/examples/widgets/chart/../../../src/core/lv_obj_pos.h **** /**
  53:Middlewares/lvgl/examples/widgets/chart/../../../src/core/lv_obj_pos.h ****  * Set the y coordinate of a object
  54:Middlewares/lvgl/examples/widgets/chart/../../../src/core/lv_obj_pos.h ****  * @param obj       pointer to an object
  55:Middlewares/lvgl/examples/widgets/chart/../../../src/core/lv_obj_pos.h ****  * @param y         new distance from the top of the parent  plus the parent's top padding
  56:Middlewares/lvgl/examples/widgets/chart/../../../src/core/lv_obj_pos.h ****  */
  57:Middlewares/lvgl/examples/widgets/chart/../../../src/core/lv_obj_pos.h **** void lv_obj_set_y(struct _lv_obj_t * obj, lv_coord_t y);
  58:Middlewares/lvgl/examples/widgets/chart/../../../src/core/lv_obj_pos.h **** 
  59:Middlewares/lvgl/examples/widgets/chart/../../../src/core/lv_obj_pos.h **** /**
  60:Middlewares/lvgl/examples/widgets/chart/../../../src/core/lv_obj_pos.h ****  * Set the size of an object.
  61:Middlewares/lvgl/examples/widgets/chart/../../../src/core/lv_obj_pos.h ****  * @param obj       pointer to an object
  62:Middlewares/lvgl/examples/widgets/chart/../../../src/core/lv_obj_pos.h ****  * @param w         the new width
  63:Middlewares/lvgl/examples/widgets/chart/../../../src/core/lv_obj_pos.h ****  * @param h         the new height
  64:Middlewares/lvgl/examples/widgets/chart/../../../src/core/lv_obj_pos.h ****  * @note            possible values are:
  65:Middlewares/lvgl/examples/widgets/chart/../../../src/core/lv_obj_pos.h ****  *                  pixel               simple set the size accordingly
ARM GAS  /tmp/cckVGRah.s 			page 18


  66:Middlewares/lvgl/examples/widgets/chart/../../../src/core/lv_obj_pos.h ****  *                  LV_SIZE_CONTENT     set the size to involve all children in the given direction
  67:Middlewares/lvgl/examples/widgets/chart/../../../src/core/lv_obj_pos.h ****  *                  LV_SIZE_PCT(x)     to set size in percentage of the parent's content area size 
  68:Middlewares/lvgl/examples/widgets/chart/../../../src/core/lv_obj_pos.h ****  *                                      x should be in [0..1000]% range
  69:Middlewares/lvgl/examples/widgets/chart/../../../src/core/lv_obj_pos.h ****  */
  70:Middlewares/lvgl/examples/widgets/chart/../../../src/core/lv_obj_pos.h **** void lv_obj_set_size(struct _lv_obj_t * obj, lv_coord_t w, lv_coord_t h);
  71:Middlewares/lvgl/examples/widgets/chart/../../../src/core/lv_obj_pos.h **** 
  72:Middlewares/lvgl/examples/widgets/chart/../../../src/core/lv_obj_pos.h **** /**
  73:Middlewares/lvgl/examples/widgets/chart/../../../src/core/lv_obj_pos.h ****  * Recalculate the size of the object
  74:Middlewares/lvgl/examples/widgets/chart/../../../src/core/lv_obj_pos.h ****  * @param obj       pointer to an object
  75:Middlewares/lvgl/examples/widgets/chart/../../../src/core/lv_obj_pos.h ****  * @return          true: the size has been changed
  76:Middlewares/lvgl/examples/widgets/chart/../../../src/core/lv_obj_pos.h ****  */
  77:Middlewares/lvgl/examples/widgets/chart/../../../src/core/lv_obj_pos.h **** bool lv_obj_refr_size(struct _lv_obj_t * obj);
  78:Middlewares/lvgl/examples/widgets/chart/../../../src/core/lv_obj_pos.h **** 
  79:Middlewares/lvgl/examples/widgets/chart/../../../src/core/lv_obj_pos.h **** /**
  80:Middlewares/lvgl/examples/widgets/chart/../../../src/core/lv_obj_pos.h ****  * Set the width of an object
  81:Middlewares/lvgl/examples/widgets/chart/../../../src/core/lv_obj_pos.h ****  * @param obj       pointer to an object
  82:Middlewares/lvgl/examples/widgets/chart/../../../src/core/lv_obj_pos.h ****  * @param w         the new width
  83:Middlewares/lvgl/examples/widgets/chart/../../../src/core/lv_obj_pos.h ****  * @note            possible values are:
  84:Middlewares/lvgl/examples/widgets/chart/../../../src/core/lv_obj_pos.h ****  *                  pixel               simple set the size accordingly
  85:Middlewares/lvgl/examples/widgets/chart/../../../src/core/lv_obj_pos.h ****  *                  LV_SIZE_CONTENT     set the size to involve all children in the given direction
  86:Middlewares/lvgl/examples/widgets/chart/../../../src/core/lv_obj_pos.h ****  *                  lv_pct(x)           to set size in percentage of the parent's content area size
  87:Middlewares/lvgl/examples/widgets/chart/../../../src/core/lv_obj_pos.h ****  *                                      x should be in [0..1000]% range
  88:Middlewares/lvgl/examples/widgets/chart/../../../src/core/lv_obj_pos.h ****  */
  89:Middlewares/lvgl/examples/widgets/chart/../../../src/core/lv_obj_pos.h **** void lv_obj_set_width(struct _lv_obj_t * obj, lv_coord_t w);
  90:Middlewares/lvgl/examples/widgets/chart/../../../src/core/lv_obj_pos.h **** 
  91:Middlewares/lvgl/examples/widgets/chart/../../../src/core/lv_obj_pos.h **** /**
  92:Middlewares/lvgl/examples/widgets/chart/../../../src/core/lv_obj_pos.h ****  * Set the height of an object
  93:Middlewares/lvgl/examples/widgets/chart/../../../src/core/lv_obj_pos.h ****  * @param obj       pointer to an object
  94:Middlewares/lvgl/examples/widgets/chart/../../../src/core/lv_obj_pos.h ****  * @param h         the new height
  95:Middlewares/lvgl/examples/widgets/chart/../../../src/core/lv_obj_pos.h ****  * @note            possible values are:
  96:Middlewares/lvgl/examples/widgets/chart/../../../src/core/lv_obj_pos.h ****  *                  pixel               simple set the size accordingly
  97:Middlewares/lvgl/examples/widgets/chart/../../../src/core/lv_obj_pos.h ****  *                  LV_SIZE_CONTENT     set the size to involve all children in the given direction
  98:Middlewares/lvgl/examples/widgets/chart/../../../src/core/lv_obj_pos.h ****  *                  lv_pct(x)           to set size in percentage of the parent's content area size
  99:Middlewares/lvgl/examples/widgets/chart/../../../src/core/lv_obj_pos.h ****  *                                      x should be in [0..1000]% range
 100:Middlewares/lvgl/examples/widgets/chart/../../../src/core/lv_obj_pos.h ****  */
 101:Middlewares/lvgl/examples/widgets/chart/../../../src/core/lv_obj_pos.h **** void lv_obj_set_height(struct _lv_obj_t * obj, lv_coord_t h);
 102:Middlewares/lvgl/examples/widgets/chart/../../../src/core/lv_obj_pos.h **** 
 103:Middlewares/lvgl/examples/widgets/chart/../../../src/core/lv_obj_pos.h **** /**
 104:Middlewares/lvgl/examples/widgets/chart/../../../src/core/lv_obj_pos.h ****  * Set the width reduced by the left and right padding and the border width.
 105:Middlewares/lvgl/examples/widgets/chart/../../../src/core/lv_obj_pos.h ****  * @param obj       pointer to an object
 106:Middlewares/lvgl/examples/widgets/chart/../../../src/core/lv_obj_pos.h ****  * @param w         the width without paddings in pixels
 107:Middlewares/lvgl/examples/widgets/chart/../../../src/core/lv_obj_pos.h ****  */
 108:Middlewares/lvgl/examples/widgets/chart/../../../src/core/lv_obj_pos.h **** void lv_obj_set_content_width(struct _lv_obj_t * obj, lv_coord_t w);
 109:Middlewares/lvgl/examples/widgets/chart/../../../src/core/lv_obj_pos.h **** 
 110:Middlewares/lvgl/examples/widgets/chart/../../../src/core/lv_obj_pos.h **** /**
 111:Middlewares/lvgl/examples/widgets/chart/../../../src/core/lv_obj_pos.h ****  * Set the height reduced by the top and bottom padding and the border width.
 112:Middlewares/lvgl/examples/widgets/chart/../../../src/core/lv_obj_pos.h ****  * @param obj       pointer to an object
 113:Middlewares/lvgl/examples/widgets/chart/../../../src/core/lv_obj_pos.h ****  * @param h         the height without paddings in pixels
 114:Middlewares/lvgl/examples/widgets/chart/../../../src/core/lv_obj_pos.h ****  */
 115:Middlewares/lvgl/examples/widgets/chart/../../../src/core/lv_obj_pos.h **** void lv_obj_set_content_height(struct _lv_obj_t * obj, lv_coord_t h);
 116:Middlewares/lvgl/examples/widgets/chart/../../../src/core/lv_obj_pos.h **** 
 117:Middlewares/lvgl/examples/widgets/chart/../../../src/core/lv_obj_pos.h **** /**
 118:Middlewares/lvgl/examples/widgets/chart/../../../src/core/lv_obj_pos.h ****  * Set a layout for an object
 119:Middlewares/lvgl/examples/widgets/chart/../../../src/core/lv_obj_pos.h ****  * @param obj       pointer to an object
 120:Middlewares/lvgl/examples/widgets/chart/../../../src/core/lv_obj_pos.h ****  * @param layout    pointer to a layout descriptor to set
 121:Middlewares/lvgl/examples/widgets/chart/../../../src/core/lv_obj_pos.h ****  */
 122:Middlewares/lvgl/examples/widgets/chart/../../../src/core/lv_obj_pos.h **** void lv_obj_set_layout(struct _lv_obj_t * obj, uint32_t layout);
ARM GAS  /tmp/cckVGRah.s 			page 19


 123:Middlewares/lvgl/examples/widgets/chart/../../../src/core/lv_obj_pos.h **** 
 124:Middlewares/lvgl/examples/widgets/chart/../../../src/core/lv_obj_pos.h **** /**
 125:Middlewares/lvgl/examples/widgets/chart/../../../src/core/lv_obj_pos.h ****  * Test whether the and object is positioned by a layout or not
 126:Middlewares/lvgl/examples/widgets/chart/../../../src/core/lv_obj_pos.h ****  * @param obj       pointer to an object to test
 127:Middlewares/lvgl/examples/widgets/chart/../../../src/core/lv_obj_pos.h ****  * @return true:    positioned by a layout; false: not positioned by a layout
 128:Middlewares/lvgl/examples/widgets/chart/../../../src/core/lv_obj_pos.h ****  */
 129:Middlewares/lvgl/examples/widgets/chart/../../../src/core/lv_obj_pos.h **** bool lv_obj_is_layout_positioned(const struct _lv_obj_t * obj);
 130:Middlewares/lvgl/examples/widgets/chart/../../../src/core/lv_obj_pos.h **** 
 131:Middlewares/lvgl/examples/widgets/chart/../../../src/core/lv_obj_pos.h **** /**
 132:Middlewares/lvgl/examples/widgets/chart/../../../src/core/lv_obj_pos.h ****  * Mark the object for layout update.
 133:Middlewares/lvgl/examples/widgets/chart/../../../src/core/lv_obj_pos.h ****  * @param obj      pointer to an object whose children needs to be updated
 134:Middlewares/lvgl/examples/widgets/chart/../../../src/core/lv_obj_pos.h ****  */
 135:Middlewares/lvgl/examples/widgets/chart/../../../src/core/lv_obj_pos.h **** void lv_obj_mark_layout_as_dirty(struct _lv_obj_t * obj);
 136:Middlewares/lvgl/examples/widgets/chart/../../../src/core/lv_obj_pos.h **** 
 137:Middlewares/lvgl/examples/widgets/chart/../../../src/core/lv_obj_pos.h **** /**
 138:Middlewares/lvgl/examples/widgets/chart/../../../src/core/lv_obj_pos.h ****  * Update the layout of an object.
 139:Middlewares/lvgl/examples/widgets/chart/../../../src/core/lv_obj_pos.h ****  * @param obj      pointer to an object whose children needs to be updated
 140:Middlewares/lvgl/examples/widgets/chart/../../../src/core/lv_obj_pos.h ****  */
 141:Middlewares/lvgl/examples/widgets/chart/../../../src/core/lv_obj_pos.h **** void lv_obj_update_layout(const struct _lv_obj_t * obj);
 142:Middlewares/lvgl/examples/widgets/chart/../../../src/core/lv_obj_pos.h **** 
 143:Middlewares/lvgl/examples/widgets/chart/../../../src/core/lv_obj_pos.h **** /**
 144:Middlewares/lvgl/examples/widgets/chart/../../../src/core/lv_obj_pos.h ****  * Regsiter a new layout
 145:Middlewares/lvgl/examples/widgets/chart/../../../src/core/lv_obj_pos.h ****  * @param cb        the layout update callback
 146:Middlewares/lvgl/examples/widgets/chart/../../../src/core/lv_obj_pos.h ****  * @param user_data custom data that will be passed to `cb`
 147:Middlewares/lvgl/examples/widgets/chart/../../../src/core/lv_obj_pos.h ****  * @return          the ID of the new layout
 148:Middlewares/lvgl/examples/widgets/chart/../../../src/core/lv_obj_pos.h ****  */
 149:Middlewares/lvgl/examples/widgets/chart/../../../src/core/lv_obj_pos.h **** uint32_t lv_layout_register(lv_layout_update_cb_t cb, void * user_data);
 150:Middlewares/lvgl/examples/widgets/chart/../../../src/core/lv_obj_pos.h **** 
 151:Middlewares/lvgl/examples/widgets/chart/../../../src/core/lv_obj_pos.h **** /**
 152:Middlewares/lvgl/examples/widgets/chart/../../../src/core/lv_obj_pos.h ****  * Change the alignment of an object.
 153:Middlewares/lvgl/examples/widgets/chart/../../../src/core/lv_obj_pos.h ****  * @param obj       pointer to an object to align
 154:Middlewares/lvgl/examples/widgets/chart/../../../src/core/lv_obj_pos.h ****  * @param align     type of alignment (see 'lv_align_t' enum) `LV_ALIGN_OUT_...` can't be used.
 155:Middlewares/lvgl/examples/widgets/chart/../../../src/core/lv_obj_pos.h ****  */
 156:Middlewares/lvgl/examples/widgets/chart/../../../src/core/lv_obj_pos.h **** void lv_obj_set_align(struct _lv_obj_t * obj, lv_align_t align);
 157:Middlewares/lvgl/examples/widgets/chart/../../../src/core/lv_obj_pos.h **** 
 158:Middlewares/lvgl/examples/widgets/chart/../../../src/core/lv_obj_pos.h **** /**
 159:Middlewares/lvgl/examples/widgets/chart/../../../src/core/lv_obj_pos.h ****  * Change the alignment of an object and set new coordinates.
 160:Middlewares/lvgl/examples/widgets/chart/../../../src/core/lv_obj_pos.h ****  * Equivalent to:
 161:Middlewares/lvgl/examples/widgets/chart/../../../src/core/lv_obj_pos.h ****  * lv_obj_set_align(obj, align);
 162:Middlewares/lvgl/examples/widgets/chart/../../../src/core/lv_obj_pos.h ****  * lv_obj_set_pos(obj, x_ofs, y_ofs);
 163:Middlewares/lvgl/examples/widgets/chart/../../../src/core/lv_obj_pos.h ****  * @param obj       pointer to an object to align
 164:Middlewares/lvgl/examples/widgets/chart/../../../src/core/lv_obj_pos.h ****  * @param align     type of alignment (see 'lv_align_t' enum) `LV_ALIGN_OUT_...` can't be used.
 165:Middlewares/lvgl/examples/widgets/chart/../../../src/core/lv_obj_pos.h ****  * @param x_ofs     x coordinate offset after alignment
 166:Middlewares/lvgl/examples/widgets/chart/../../../src/core/lv_obj_pos.h ****  * @param y_ofs     y coordinate offset after alignment
 167:Middlewares/lvgl/examples/widgets/chart/../../../src/core/lv_obj_pos.h ****  */
 168:Middlewares/lvgl/examples/widgets/chart/../../../src/core/lv_obj_pos.h **** void lv_obj_align(struct _lv_obj_t * obj, lv_align_t align, lv_coord_t x_ofs, lv_coord_t y_ofs);
 169:Middlewares/lvgl/examples/widgets/chart/../../../src/core/lv_obj_pos.h **** 
 170:Middlewares/lvgl/examples/widgets/chart/../../../src/core/lv_obj_pos.h **** /**
 171:Middlewares/lvgl/examples/widgets/chart/../../../src/core/lv_obj_pos.h ****  * Align an object to an other object.
 172:Middlewares/lvgl/examples/widgets/chart/../../../src/core/lv_obj_pos.h ****  * @param obj       pointer to an object to align
 173:Middlewares/lvgl/examples/widgets/chart/../../../src/core/lv_obj_pos.h ****  * @param base      pointer to an other object (if NULL `obj`s parent is used). 'obj' will be align
 174:Middlewares/lvgl/examples/widgets/chart/../../../src/core/lv_obj_pos.h ****  * @param align     type of alignment (see 'lv_align_t' enum)
 175:Middlewares/lvgl/examples/widgets/chart/../../../src/core/lv_obj_pos.h ****  * @param x_ofs     x coordinate offset after alignment
 176:Middlewares/lvgl/examples/widgets/chart/../../../src/core/lv_obj_pos.h ****  * @param y_ofs     y coordinate offset after alignment
 177:Middlewares/lvgl/examples/widgets/chart/../../../src/core/lv_obj_pos.h ****  * @note            if the position or size of `base` changes `obj` needs to be aligned manually ag
 178:Middlewares/lvgl/examples/widgets/chart/../../../src/core/lv_obj_pos.h ****  */
 179:Middlewares/lvgl/examples/widgets/chart/../../../src/core/lv_obj_pos.h **** void lv_obj_align_to(struct _lv_obj_t * obj, const struct _lv_obj_t * base, lv_align_t align, lv_co
ARM GAS  /tmp/cckVGRah.s 			page 20


 180:Middlewares/lvgl/examples/widgets/chart/../../../src/core/lv_obj_pos.h **** 
 181:Middlewares/lvgl/examples/widgets/chart/../../../src/core/lv_obj_pos.h **** /**
 182:Middlewares/lvgl/examples/widgets/chart/../../../src/core/lv_obj_pos.h ****  * Align an object to the center on its parent.
 183:Middlewares/lvgl/examples/widgets/chart/../../../src/core/lv_obj_pos.h ****  * @param obj       pointer to an object to align
 184:Middlewares/lvgl/examples/widgets/chart/../../../src/core/lv_obj_pos.h ****  * @note            if the parent size changes `obj` needs to be aligned manually again
 185:Middlewares/lvgl/examples/widgets/chart/../../../src/core/lv_obj_pos.h ****  */
 186:Middlewares/lvgl/examples/widgets/chart/../../../src/core/lv_obj_pos.h **** static inline void lv_obj_center(struct _lv_obj_t * obj)
 510              		.loc 3 186 20 view .LVU154
 511              	.LBB13:
 187:Middlewares/lvgl/examples/widgets/chart/../../../src/core/lv_obj_pos.h **** {
 188:Middlewares/lvgl/examples/widgets/chart/../../../src/core/lv_obj_pos.h ****     lv_obj_align(obj, LV_ALIGN_CENTER, 0, 0);
 512              		.loc 3 188 5 view .LVU155
 513 001a 0023     		movs	r3, #0
 514 001c 1A46     		mov	r2, r3
 515 001e 0921     		movs	r1, #9
 516 0020 2068     		ldr	r0, [r4]
 517 0022 FFF7FEFF 		bl	lv_obj_align
 518              	.LVL40:
 519              		.loc 3 188 5 is_stmt 0 view .LVU156
 520              	.LBE13:
 521              	.LBE12:
 105:Middlewares/lvgl/examples/widgets/chart/lv_example_chart_2.c ****     lv_chart_set_type(chart1, LV_CHART_TYPE_LINE);   /*Show lines and points too*/
 522              		.loc 1 105 5 is_stmt 1 view .LVU157
 523 0026 0121     		movs	r1, #1
 524 0028 2068     		ldr	r0, [r4]
 525 002a FFF7FEFF 		bl	lv_chart_set_type
 526              	.LVL41:
 106:Middlewares/lvgl/examples/widgets/chart/lv_example_chart_2.c **** 
 107:Middlewares/lvgl/examples/widgets/chart/lv_example_chart_2.c ****     lv_chart_set_div_line_count(chart1, 5, 7);
 527              		.loc 1 107 5 view .LVU158
 528 002e 0722     		movs	r2, #7
 529 0030 0521     		movs	r1, #5
 530 0032 2068     		ldr	r0, [r4]
 531 0034 FFF7FEFF 		bl	lv_chart_set_div_line_count
 532              	.LVL42:
 108:Middlewares/lvgl/examples/widgets/chart/lv_example_chart_2.c **** 
 109:Middlewares/lvgl/examples/widgets/chart/lv_example_chart_2.c ****     lv_obj_add_event_cb(chart1, draw_event_cb, LV_EVENT_DRAW_PART_BEGIN, NULL);
 533              		.loc 1 109 5 view .LVU159
 534 0038 0023     		movs	r3, #0
 535 003a 1A22     		movs	r2, #26
 536 003c 2149     		ldr	r1, .L29+4
 537 003e 2068     		ldr	r0, [r4]
 538 0040 FFF7FEFF 		bl	lv_obj_add_event_cb
 539              	.LVL43:
 110:Middlewares/lvgl/examples/widgets/chart/lv_example_chart_2.c ****     lv_chart_set_update_mode(chart1, LV_CHART_UPDATE_MODE_CIRCULAR);
 540              		.loc 1 110 5 view .LVU160
 541 0044 0121     		movs	r1, #1
 542 0046 2068     		ldr	r0, [r4]
 543 0048 FFF7FEFF 		bl	lv_chart_set_update_mode
 544              	.LVL44:
 111:Middlewares/lvgl/examples/widgets/chart/lv_example_chart_2.c **** 
 112:Middlewares/lvgl/examples/widgets/chart/lv_example_chart_2.c ****     /*Add two data series*/
 113:Middlewares/lvgl/examples/widgets/chart/lv_example_chart_2.c ****     ser1 = lv_chart_add_series(chart1, lv_palette_main(LV_PALETTE_RED), LV_CHART_AXIS_PRIMARY_Y);
 545              		.loc 1 113 5 view .LVU161
 546              		.loc 1 113 12 is_stmt 0 view .LVU162
 547 004c 2568     		ldr	r5, [r4]
 548 004e 0020     		movs	r0, #0
ARM GAS  /tmp/cckVGRah.s 			page 21


 549 0050 FFF7FEFF 		bl	lv_palette_main
 550              	.LVL45:
 551 0054 0146     		mov	r1, r0	@ movhi
 552 0056 0022     		movs	r2, #0
 553 0058 2846     		mov	r0, r5
 554 005a FFF7FEFF 		bl	lv_chart_add_series
 555              	.LVL46:
 556              		.loc 1 113 10 view .LVU163
 557 005e 1A4B     		ldr	r3, .L29+8
 558 0060 1860     		str	r0, [r3]
 114:Middlewares/lvgl/examples/widgets/chart/lv_example_chart_2.c ****     ser2 = lv_chart_add_series(chart1, lv_palette_main(LV_PALETTE_BLUE), LV_CHART_AXIS_SECONDARY_Y)
 559              		.loc 1 114 5 is_stmt 1 view .LVU164
 560              		.loc 1 114 12 is_stmt 0 view .LVU165
 561 0062 2468     		ldr	r4, [r4]
 562 0064 0520     		movs	r0, #5
 563 0066 FFF7FEFF 		bl	lv_palette_main
 564              	.LVL47:
 565 006a 0146     		mov	r1, r0	@ movhi
 566 006c 0122     		movs	r2, #1
 567 006e 2046     		mov	r0, r4
 568 0070 FFF7FEFF 		bl	lv_chart_add_series
 569              	.LVL48:
 570              		.loc 1 114 10 view .LVU166
 571 0074 154B     		ldr	r3, .L29+12
 572 0076 1860     		str	r0, [r3]
 115:Middlewares/lvgl/examples/widgets/chart/lv_example_chart_2.c **** 
 116:Middlewares/lvgl/examples/widgets/chart/lv_example_chart_2.c ****     uint32_t i;
 573              		.loc 1 116 5 is_stmt 1 view .LVU167
 117:Middlewares/lvgl/examples/widgets/chart/lv_example_chart_2.c ****     for(i = 0; i < 10; i++) {
 574              		.loc 1 117 5 view .LVU168
 575              	.LVL49:
 576              		.loc 1 117 11 is_stmt 0 view .LVU169
 577 0078 0024     		movs	r4, #0
 578              		.loc 1 117 5 view .LVU170
 579 007a 19E0     		b	.L26
 580              	.LVL50:
 581              	.L27:
 118:Middlewares/lvgl/examples/widgets/chart/lv_example_chart_2.c ****         lv_chart_set_next_value(chart1, ser1, lv_rand(20, 90));
 582              		.loc 1 118 9 is_stmt 1 discriminator 3 view .LVU171
 583 007c 104D     		ldr	r5, .L29
 584 007e 2E68     		ldr	r6, [r5]
 585 0080 114B     		ldr	r3, .L29+8
 586 0082 1F68     		ldr	r7, [r3]
 587              		.loc 1 118 47 is_stmt 0 discriminator 3 view .LVU172
 588 0084 5A21     		movs	r1, #90
 589 0086 1420     		movs	r0, #20
 590 0088 FFF7FEFF 		bl	lv_rand
 591              	.LVL51:
 592              		.loc 1 118 9 discriminator 3 view .LVU173
 593 008c 02B2     		sxth	r2, r0
 594 008e 3946     		mov	r1, r7
 595 0090 3046     		mov	r0, r6
 596 0092 FFF7FEFF 		bl	lv_chart_set_next_value
 597              	.LVL52:
 119:Middlewares/lvgl/examples/widgets/chart/lv_example_chart_2.c ****         lv_chart_set_next_value(chart1, ser2, lv_rand(30, 70));
 598              		.loc 1 119 9 is_stmt 1 discriminator 3 view .LVU174
 599 0096 2D68     		ldr	r5, [r5]
ARM GAS  /tmp/cckVGRah.s 			page 22


 600 0098 0C4B     		ldr	r3, .L29+12
 601 009a 1E68     		ldr	r6, [r3]
 602              		.loc 1 119 47 is_stmt 0 discriminator 3 view .LVU175
 603 009c 4621     		movs	r1, #70
 604 009e 1E20     		movs	r0, #30
 605 00a0 FFF7FEFF 		bl	lv_rand
 606              	.LVL53:
 607              		.loc 1 119 9 discriminator 3 view .LVU176
 608 00a4 02B2     		sxth	r2, r0
 609 00a6 3146     		mov	r1, r6
 610 00a8 2846     		mov	r0, r5
 611 00aa FFF7FEFF 		bl	lv_chart_set_next_value
 612              	.LVL54:
 117:Middlewares/lvgl/examples/widgets/chart/lv_example_chart_2.c ****     for(i = 0; i < 10; i++) {
 613              		.loc 1 117 24 is_stmt 1 discriminator 3 view .LVU177
 117:Middlewares/lvgl/examples/widgets/chart/lv_example_chart_2.c ****     for(i = 0; i < 10; i++) {
 614              		.loc 1 117 25 is_stmt 0 discriminator 3 view .LVU178
 615 00ae 0134     		adds	r4, r4, #1
 616              	.LVL55:
 617              	.L26:
 117:Middlewares/lvgl/examples/widgets/chart/lv_example_chart_2.c ****     for(i = 0; i < 10; i++) {
 618              		.loc 1 117 16 is_stmt 1 discriminator 1 view .LVU179
 117:Middlewares/lvgl/examples/widgets/chart/lv_example_chart_2.c ****     for(i = 0; i < 10; i++) {
 619              		.loc 1 117 5 is_stmt 0 discriminator 1 view .LVU180
 620 00b0 092C     		cmp	r4, #9
 621 00b2 E3D9     		bls	.L27
 120:Middlewares/lvgl/examples/widgets/chart/lv_example_chart_2.c ****     }
 121:Middlewares/lvgl/examples/widgets/chart/lv_example_chart_2.c **** 
 122:Middlewares/lvgl/examples/widgets/chart/lv_example_chart_2.c ****     lv_timer_create(add_data, 200, NULL);
 622              		.loc 1 122 5 is_stmt 1 view .LVU181
 623 00b4 0022     		movs	r2, #0
 624 00b6 C821     		movs	r1, #200
 625 00b8 0548     		ldr	r0, .L29+16
 626 00ba FFF7FEFF 		bl	lv_timer_create
 627              	.LVL56:
 123:Middlewares/lvgl/examples/widgets/chart/lv_example_chart_2.c **** }
 628              		.loc 1 123 1 is_stmt 0 view .LVU182
 629 00be F8BD     		pop	{r3, r4, r5, r6, r7, pc}
 630              	.LVL57:
 631              	.L30:
 632              		.loc 1 123 1 view .LVU183
 633              		.align	2
 634              	.L29:
 635 00c0 00000000 		.word	.LANCHOR0
 636 00c4 00000000 		.word	draw_event_cb
 637 00c8 00000000 		.word	.LANCHOR1
 638 00cc 00000000 		.word	.LANCHOR3
 639 00d0 00000000 		.word	add_data
 640              		.cfi_endproc
 641              	.LFE186:
 643              		.section	.bss.chart1,"aw",%nobits
 644              		.align	2
 645              		.set	.LANCHOR0,. + 0
 648              	chart1:
 649 0000 00000000 		.space	4
 650              		.section	.bss.cnt.0,"aw",%nobits
 651              		.align	2
ARM GAS  /tmp/cckVGRah.s 			page 23


 652              		.set	.LANCHOR2,. + 0
 655              	cnt.0:
 656 0000 00000000 		.space	4
 657              		.section	.bss.ser1,"aw",%nobits
 658              		.align	2
 659              		.set	.LANCHOR1,. + 0
 662              	ser1:
 663 0000 00000000 		.space	4
 664              		.section	.bss.ser2,"aw",%nobits
 665              		.align	2
 666              		.set	.LANCHOR3,. + 0
 669              	ser2:
 670 0000 00000000 		.space	4
 671              		.text
 672              	.Letext0:
 673              		.file 4 "/home/akinya/gcc-arm-none-eabi/arm-none-eabi/include/machine/_default_types.h"
 674              		.file 5 "/home/akinya/gcc-arm-none-eabi/arm-none-eabi/include/sys/_stdint.h"
 675              		.file 6 "Middlewares/lvgl/examples/widgets/chart/../../../src/misc/lv_ll.h"
 676              		.file 7 "Middlewares/lvgl/examples/widgets/chart/../../../src/misc/lv_timer.h"
 677              		.file 8 "Middlewares/lvgl/examples/widgets/chart/../../../src/hal/../misc/lv_color.h"
 678              		.file 9 "Middlewares/lvgl/examples/widgets/chart/../../../src/hal/../misc/lv_area.h"
 679              		.file 10 "Middlewares/lvgl/examples/widgets/chart/../../../src/core/lv_obj.h"
 680              		.file 11 "Middlewares/lvgl/examples/widgets/chart/../../../src/core/lv_group.h"
 681              		.file 12 "Middlewares/lvgl/examples/widgets/chart/../../../src/core/../misc/../font/lv_font.h"
 682              		.file 13 "Middlewares/lvgl/examples/widgets/chart/../../../src/core/../misc/lv_txt.h"
 683              		.file 14 "Middlewares/lvgl/examples/widgets/chart/../../../src/core/../misc/lv_bidi.h"
 684              		.file 15 "Middlewares/lvgl/examples/widgets/chart/../../../src/core/../misc/lv_style.h"
 685              		.file 16 "Middlewares/lvgl/examples/widgets/chart/../../../src/core/lv_obj_scroll.h"
 686              		.file 17 "Middlewares/lvgl/examples/widgets/chart/../../../src/core/lv_obj_style.h"
 687              		.file 18 "Middlewares/lvgl/examples/widgets/chart/../../../src/core/../draw/lv_draw_mask.h"
 688              		.file 19 "Middlewares/lvgl/examples/widgets/chart/../../../src/core/../draw/lv_draw_rect.h"
 689              		.file 20 "Middlewares/lvgl/examples/widgets/chart/../../../src/core/../draw/lv_draw_label.h"
 690              		.file 21 "Middlewares/lvgl/examples/widgets/chart/../../../src/core/../draw/lv_draw_img.h"
 691              		.file 22 "Middlewares/lvgl/examples/widgets/chart/../../../src/core/../draw/lv_draw_line.h"
 692              		.file 23 "Middlewares/lvgl/examples/widgets/chart/../../../src/core/../draw/lv_draw_arc.h"
 693              		.file 24 "Middlewares/lvgl/examples/widgets/chart/../../../src/core/lv_obj_draw.h"
 694              		.file 25 "Middlewares/lvgl/examples/widgets/chart/../../../src/core/lv_obj_class.h"
 695              		.file 26 "Middlewares/lvgl/examples/widgets/chart/../../../src/core/lv_event.h"
 696              		.file 27 "Middlewares/lvgl/examples/widgets/chart/../../../src/widgets/lv_bar.h"
 697              		.file 28 "Middlewares/lvgl/examples/widgets/chart/../../../src/extra/widgets/chart/lv_chart.h"
 698              		.file 29 "Middlewares/lvgl/examples/widgets/chart/../../../src/extra/widgets/imgbtn/lv_imgbtn.h"
 699              		.file 30 "Middlewares/lvgl/examples/widgets/chart/../../../src/hal/lv_hal_disp.h"
 700              		.file 31 "Middlewares/lvgl/examples/widgets/chart/../../../src/misc/lv_math.h"
ARM GAS  /tmp/cckVGRah.s 			page 24


DEFINED SYMBOLS
                            *ABS*:0000000000000000 lv_example_chart_2.c
     /tmp/cckVGRah.s:20     .text.add_data:0000000000000000 $t
     /tmp/cckVGRah.s:25     .text.add_data:0000000000000000 add_data
     /tmp/cckVGRah.s:98     .text.add_data:000000000000004c $d
     /tmp/cckVGRah.s:106    .text.draw_event_cb:0000000000000000 $t
     /tmp/cckVGRah.s:111    .text.draw_event_cb:0000000000000000 draw_event_cb
     /tmp/cckVGRah.s:460    .text.lv_example_chart_2:0000000000000000 $t
     /tmp/cckVGRah.s:466    .text.lv_example_chart_2:0000000000000000 lv_example_chart_2
     /tmp/cckVGRah.s:635    .text.lv_example_chart_2:00000000000000c0 $d
     /tmp/cckVGRah.s:644    .bss.chart1:0000000000000000 $d
     /tmp/cckVGRah.s:648    .bss.chart1:0000000000000000 chart1
     /tmp/cckVGRah.s:651    .bss.cnt.0:0000000000000000 $d
     /tmp/cckVGRah.s:655    .bss.cnt.0:0000000000000000 cnt.0
     /tmp/cckVGRah.s:658    .bss.ser1:0000000000000000 $d
     /tmp/cckVGRah.s:662    .bss.ser1:0000000000000000 ser1
     /tmp/cckVGRah.s:665    .bss.ser2:0000000000000000 $d
     /tmp/cckVGRah.s:669    .bss.ser2:0000000000000000 ser2

UNDEFINED SYMBOLS
lv_rand
lv_chart_set_next_value
lv_event_get_target
lv_event_get_draw_part_dsc
lv_palette_main
lv_draw_mask_line_points_init
lv_draw_mask_add
lv_obj_get_height
lv_draw_mask_fade_init
lv_draw_rect_dsc_init
lv_draw_rect
lv_draw_mask_remove_id
lv_palette_lighten
lv_disp_get_default
lv_disp_get_scr_act
lv_chart_create
lv_obj_set_size
lv_obj_align
lv_chart_set_type
lv_chart_set_div_line_count
lv_obj_add_event_cb
lv_chart_set_update_mode
lv_chart_add_series
lv_timer_create
