ARM GAS  /tmp/ccdjOa1x.s 			page 1


   1              		.cpu cortex-m4
   2              		.arch armv7e-m
   3              		.fpu fpv4-sp-d16
   4              		.eabi_attribute 27, 1
   5              		.eabi_attribute 28, 1
   6              		.eabi_attribute 20, 1
   7              		.eabi_attribute 21, 1
   8              		.eabi_attribute 23, 3
   9              		.eabi_attribute 24, 1
  10              		.eabi_attribute 25, 1
  11              		.eabi_attribute 26, 1
  12              		.eabi_attribute 30, 1
  13              		.eabi_attribute 34, 1
  14              		.eabi_attribute 18, 4
  15              		.file	"lv_example_event_3.c"
  16              		.text
  17              	.Ltext0:
  18              		.cfi_sections	.debug_frame
  19              		.section	.text.event_cb,"ax",%progbits
  20              		.align	1
  21              		.syntax unified
  22              		.thumb
  23              		.thumb_func
  25              	event_cb:
  26              	.LVL0:
  27              	.LFB184:
  28              		.file 1 "Middlewares/lvgl/examples/event/lv_example_event_3.c"
   1:Middlewares/lvgl/examples/event/lv_example_event_3.c **** #include "../lv_examples.h"
   2:Middlewares/lvgl/examples/event/lv_example_event_3.c **** #if LV_BUILD_EXAMPLES && LV_USE_FLEX
   3:Middlewares/lvgl/examples/event/lv_example_event_3.c **** 
   4:Middlewares/lvgl/examples/event/lv_example_event_3.c **** static void event_cb(lv_event_t * e)
   5:Middlewares/lvgl/examples/event/lv_example_event_3.c **** {
  29              		.loc 1 5 1 view -0
  30              		.cfi_startproc
  31              		@ args = 0, pretend = 0, frame = 0
  32              		@ frame_needed = 0, uses_anonymous_args = 0
  33              		.loc 1 5 1 is_stmt 0 view .LVU1
  34 0000 38B5     		push	{r3, r4, r5, lr}
  35              	.LCFI0:
  36              		.cfi_def_cfa_offset 16
  37              		.cfi_offset 3, -16
  38              		.cfi_offset 4, -12
  39              		.cfi_offset 5, -8
  40              		.cfi_offset 14, -4
  41 0002 0546     		mov	r5, r0
   6:Middlewares/lvgl/examples/event/lv_example_event_3.c ****     /*The original target of the event. Can be the buttons or the container*/
   7:Middlewares/lvgl/examples/event/lv_example_event_3.c ****     lv_obj_t * target = lv_event_get_target(e);
  42              		.loc 1 7 5 is_stmt 1 view .LVU2
  43              		.loc 1 7 25 is_stmt 0 view .LVU3
  44 0004 FFF7FEFF 		bl	lv_event_get_target
  45              	.LVL1:
  46              		.loc 1 7 25 view .LVU4
  47 0008 0446     		mov	r4, r0
  48              	.LVL2:
   8:Middlewares/lvgl/examples/event/lv_example_event_3.c **** 
   9:Middlewares/lvgl/examples/event/lv_example_event_3.c ****     /*The current target is always the container as the event is added to it*/
  10:Middlewares/lvgl/examples/event/lv_example_event_3.c ****     lv_obj_t * cont = lv_event_get_current_target(e);
ARM GAS  /tmp/ccdjOa1x.s 			page 2


  49              		.loc 1 10 5 is_stmt 1 view .LVU5
  50              		.loc 1 10 23 is_stmt 0 view .LVU6
  51 000a 2846     		mov	r0, r5
  52              	.LVL3:
  53              		.loc 1 10 23 view .LVU7
  54 000c FFF7FEFF 		bl	lv_event_get_current_target
  55              	.LVL4:
  11:Middlewares/lvgl/examples/event/lv_example_event_3.c **** 
  12:Middlewares/lvgl/examples/event/lv_example_event_3.c ****     /*If container was clicked do nothing*/
  13:Middlewares/lvgl/examples/event/lv_example_event_3.c ****     if(target == cont) return;
  56              		.loc 1 13 5 is_stmt 1 view .LVU8
  57              		.loc 1 13 7 is_stmt 0 view .LVU9
  58 0010 8442     		cmp	r4, r0
  59 0012 07D0     		beq	.L1
  14:Middlewares/lvgl/examples/event/lv_example_event_3.c **** 
  15:Middlewares/lvgl/examples/event/lv_example_event_3.c ****     /*Make the clicked buttons red*/
  16:Middlewares/lvgl/examples/event/lv_example_event_3.c ****     lv_obj_set_style_bg_color(target, lv_palette_main(LV_PALETTE_RED), 0);
  60              		.loc 1 16 5 is_stmt 1 view .LVU10
  61 0014 0020     		movs	r0, #0
  62              	.LVL5:
  63              		.loc 1 16 5 is_stmt 0 view .LVU11
  64 0016 FFF7FEFF 		bl	lv_palette_main
  65              	.LVL6:
  66 001a 0146     		mov	r1, r0	@ movhi
  67 001c 0022     		movs	r2, #0
  68 001e 2046     		mov	r0, r4
  69 0020 FFF7FEFF 		bl	lv_obj_set_style_bg_color
  70              	.LVL7:
  71              	.L1:
  17:Middlewares/lvgl/examples/event/lv_example_event_3.c **** }
  72              		.loc 1 17 1 view .LVU12
  73 0024 38BD     		pop	{r3, r4, r5, pc}
  74              		.loc 1 17 1 view .LVU13
  75              		.cfi_endproc
  76              	.LFE184:
  78              		.section	.rodata.lv_example_event_3.str1.4,"aMS",%progbits,1
  79              		.align	2
  80              	.LC0:
  81 0000 256400   		.ascii	"%d\000"
  82              		.section	.text.lv_example_event_3,"ax",%progbits
  83              		.align	1
  84              		.global	lv_example_event_3
  85              		.syntax unified
  86              		.thumb
  87              		.thumb_func
  89              	lv_example_event_3:
  90              	.LFB185:
  18:Middlewares/lvgl/examples/event/lv_example_event_3.c **** 
  19:Middlewares/lvgl/examples/event/lv_example_event_3.c **** /**
  20:Middlewares/lvgl/examples/event/lv_example_event_3.c ****  * Demonstrate event bubbling
  21:Middlewares/lvgl/examples/event/lv_example_event_3.c ****  */
  22:Middlewares/lvgl/examples/event/lv_example_event_3.c **** void lv_example_event_3(void)
  23:Middlewares/lvgl/examples/event/lv_example_event_3.c **** {
  91              		.loc 1 23 1 is_stmt 1 view -0
  92              		.cfi_startproc
  93              		@ args = 0, pretend = 0, frame = 0
  94              		@ frame_needed = 0, uses_anonymous_args = 0
ARM GAS  /tmp/ccdjOa1x.s 			page 3


  95 0000 70B5     		push	{r4, r5, r6, lr}
  96              	.LCFI1:
  97              		.cfi_def_cfa_offset 16
  98              		.cfi_offset 4, -16
  99              		.cfi_offset 5, -12
 100              		.cfi_offset 6, -8
 101              		.cfi_offset 14, -4
  24:Middlewares/lvgl/examples/event/lv_example_event_3.c **** 
  25:Middlewares/lvgl/examples/event/lv_example_event_3.c ****     lv_obj_t * cont = lv_obj_create(lv_scr_act());
 102              		.loc 1 25 5 view .LVU15
 103              	.LBB14:
 104              	.LBI14:
 105              		.file 2 "Middlewares/lvgl/examples/event/../../src/core/lv_disp.h"
   1:Middlewares/lvgl/examples/event/../../src/core/lv_disp.h **** /**
   2:Middlewares/lvgl/examples/event/../../src/core/lv_disp.h ****  * @file lv_disp.h
   3:Middlewares/lvgl/examples/event/../../src/core/lv_disp.h ****  *
   4:Middlewares/lvgl/examples/event/../../src/core/lv_disp.h ****  */
   5:Middlewares/lvgl/examples/event/../../src/core/lv_disp.h **** 
   6:Middlewares/lvgl/examples/event/../../src/core/lv_disp.h **** #ifndef LV_DISP_H
   7:Middlewares/lvgl/examples/event/../../src/core/lv_disp.h **** #define LV_DISP_H
   8:Middlewares/lvgl/examples/event/../../src/core/lv_disp.h **** 
   9:Middlewares/lvgl/examples/event/../../src/core/lv_disp.h **** #ifdef __cplusplus
  10:Middlewares/lvgl/examples/event/../../src/core/lv_disp.h **** extern "C" {
  11:Middlewares/lvgl/examples/event/../../src/core/lv_disp.h **** #endif
  12:Middlewares/lvgl/examples/event/../../src/core/lv_disp.h **** 
  13:Middlewares/lvgl/examples/event/../../src/core/lv_disp.h **** /*********************
  14:Middlewares/lvgl/examples/event/../../src/core/lv_disp.h ****  *      INCLUDES
  15:Middlewares/lvgl/examples/event/../../src/core/lv_disp.h ****  *********************/
  16:Middlewares/lvgl/examples/event/../../src/core/lv_disp.h **** #include "../hal/lv_hal.h"
  17:Middlewares/lvgl/examples/event/../../src/core/lv_disp.h **** #include "lv_obj.h"
  18:Middlewares/lvgl/examples/event/../../src/core/lv_disp.h **** #include "lv_theme.h"
  19:Middlewares/lvgl/examples/event/../../src/core/lv_disp.h **** 
  20:Middlewares/lvgl/examples/event/../../src/core/lv_disp.h **** /*********************
  21:Middlewares/lvgl/examples/event/../../src/core/lv_disp.h ****  *      DEFINES
  22:Middlewares/lvgl/examples/event/../../src/core/lv_disp.h ****  *********************/
  23:Middlewares/lvgl/examples/event/../../src/core/lv_disp.h **** 
  24:Middlewares/lvgl/examples/event/../../src/core/lv_disp.h **** /**********************
  25:Middlewares/lvgl/examples/event/../../src/core/lv_disp.h ****  *      TYPEDEFS
  26:Middlewares/lvgl/examples/event/../../src/core/lv_disp.h ****  **********************/
  27:Middlewares/lvgl/examples/event/../../src/core/lv_disp.h **** 
  28:Middlewares/lvgl/examples/event/../../src/core/lv_disp.h **** typedef enum {
  29:Middlewares/lvgl/examples/event/../../src/core/lv_disp.h ****     LV_SCR_LOAD_ANIM_NONE,
  30:Middlewares/lvgl/examples/event/../../src/core/lv_disp.h ****     LV_SCR_LOAD_ANIM_OVER_LEFT,
  31:Middlewares/lvgl/examples/event/../../src/core/lv_disp.h ****     LV_SCR_LOAD_ANIM_OVER_RIGHT,
  32:Middlewares/lvgl/examples/event/../../src/core/lv_disp.h ****     LV_SCR_LOAD_ANIM_OVER_TOP,
  33:Middlewares/lvgl/examples/event/../../src/core/lv_disp.h ****     LV_SCR_LOAD_ANIM_OVER_BOTTOM,
  34:Middlewares/lvgl/examples/event/../../src/core/lv_disp.h ****     LV_SCR_LOAD_ANIM_MOVE_LEFT,
  35:Middlewares/lvgl/examples/event/../../src/core/lv_disp.h ****     LV_SCR_LOAD_ANIM_MOVE_RIGHT,
  36:Middlewares/lvgl/examples/event/../../src/core/lv_disp.h ****     LV_SCR_LOAD_ANIM_MOVE_TOP,
  37:Middlewares/lvgl/examples/event/../../src/core/lv_disp.h ****     LV_SCR_LOAD_ANIM_MOVE_BOTTOM,
  38:Middlewares/lvgl/examples/event/../../src/core/lv_disp.h ****     LV_SCR_LOAD_ANIM_FADE_ON,
  39:Middlewares/lvgl/examples/event/../../src/core/lv_disp.h **** } lv_scr_load_anim_t;
  40:Middlewares/lvgl/examples/event/../../src/core/lv_disp.h **** 
  41:Middlewares/lvgl/examples/event/../../src/core/lv_disp.h **** /**********************
  42:Middlewares/lvgl/examples/event/../../src/core/lv_disp.h ****  * GLOBAL PROTOTYPES
  43:Middlewares/lvgl/examples/event/../../src/core/lv_disp.h ****  **********************/
  44:Middlewares/lvgl/examples/event/../../src/core/lv_disp.h **** 
ARM GAS  /tmp/ccdjOa1x.s 			page 4


  45:Middlewares/lvgl/examples/event/../../src/core/lv_disp.h **** /**
  46:Middlewares/lvgl/examples/event/../../src/core/lv_disp.h ****  * Return with a pointer to the active screen
  47:Middlewares/lvgl/examples/event/../../src/core/lv_disp.h ****  * @param disp pointer to display which active screen should be get. (NULL to use the default
  48:Middlewares/lvgl/examples/event/../../src/core/lv_disp.h ****  * screen)
  49:Middlewares/lvgl/examples/event/../../src/core/lv_disp.h ****  * @return pointer to the active screen object (loaded by 'lv_scr_load()')
  50:Middlewares/lvgl/examples/event/../../src/core/lv_disp.h ****  */
  51:Middlewares/lvgl/examples/event/../../src/core/lv_disp.h **** lv_obj_t * lv_disp_get_scr_act(lv_disp_t * disp);
  52:Middlewares/lvgl/examples/event/../../src/core/lv_disp.h **** 
  53:Middlewares/lvgl/examples/event/../../src/core/lv_disp.h **** /**
  54:Middlewares/lvgl/examples/event/../../src/core/lv_disp.h ****  * Return with a pointer to the previous screen. Only used during screen transitions.
  55:Middlewares/lvgl/examples/event/../../src/core/lv_disp.h ****  * @param disp pointer to display which previous screen should be get. (NULL to use the default
  56:Middlewares/lvgl/examples/event/../../src/core/lv_disp.h ****  * screen)
  57:Middlewares/lvgl/examples/event/../../src/core/lv_disp.h ****  * @return pointer to the previous screen object or NULL if not used now
  58:Middlewares/lvgl/examples/event/../../src/core/lv_disp.h ****  */
  59:Middlewares/lvgl/examples/event/../../src/core/lv_disp.h **** lv_obj_t * lv_disp_get_scr_prev(lv_disp_t * disp);
  60:Middlewares/lvgl/examples/event/../../src/core/lv_disp.h **** 
  61:Middlewares/lvgl/examples/event/../../src/core/lv_disp.h **** /**
  62:Middlewares/lvgl/examples/event/../../src/core/lv_disp.h ****  * Make a screen active
  63:Middlewares/lvgl/examples/event/../../src/core/lv_disp.h ****  * @param scr pointer to a screen
  64:Middlewares/lvgl/examples/event/../../src/core/lv_disp.h ****  */
  65:Middlewares/lvgl/examples/event/../../src/core/lv_disp.h **** void lv_disp_load_scr(lv_obj_t * scr);
  66:Middlewares/lvgl/examples/event/../../src/core/lv_disp.h **** 
  67:Middlewares/lvgl/examples/event/../../src/core/lv_disp.h **** /**
  68:Middlewares/lvgl/examples/event/../../src/core/lv_disp.h ****  * Return with the top layer. (Same on every screen and it is above the normal screen layer)
  69:Middlewares/lvgl/examples/event/../../src/core/lv_disp.h ****  * @param disp pointer to display which top layer should be get. (NULL to use the default screen)
  70:Middlewares/lvgl/examples/event/../../src/core/lv_disp.h ****  * @return pointer to the top layer object  (transparent screen sized lv_obj)
  71:Middlewares/lvgl/examples/event/../../src/core/lv_disp.h ****  */
  72:Middlewares/lvgl/examples/event/../../src/core/lv_disp.h **** lv_obj_t * lv_disp_get_layer_top(lv_disp_t * disp);
  73:Middlewares/lvgl/examples/event/../../src/core/lv_disp.h **** 
  74:Middlewares/lvgl/examples/event/../../src/core/lv_disp.h **** /**
  75:Middlewares/lvgl/examples/event/../../src/core/lv_disp.h ****  * Return with the sys. layer. (Same on every screen and it is above the normal screen and the top
  76:Middlewares/lvgl/examples/event/../../src/core/lv_disp.h ****  * layer)
  77:Middlewares/lvgl/examples/event/../../src/core/lv_disp.h ****  * @param disp pointer to display which sys. layer  should be get. (NULL to use the default screen)
  78:Middlewares/lvgl/examples/event/../../src/core/lv_disp.h ****  * @return pointer to the sys layer object  (transparent screen sized lv_obj)
  79:Middlewares/lvgl/examples/event/../../src/core/lv_disp.h ****  */
  80:Middlewares/lvgl/examples/event/../../src/core/lv_disp.h **** lv_obj_t * lv_disp_get_layer_sys(lv_disp_t * disp);
  81:Middlewares/lvgl/examples/event/../../src/core/lv_disp.h **** 
  82:Middlewares/lvgl/examples/event/../../src/core/lv_disp.h **** /**
  83:Middlewares/lvgl/examples/event/../../src/core/lv_disp.h ****  * Get the theme of a display
  84:Middlewares/lvgl/examples/event/../../src/core/lv_disp.h ****  * @param disp pointer to a display
  85:Middlewares/lvgl/examples/event/../../src/core/lv_disp.h ****  * @return the display's theme (can be NULL)
  86:Middlewares/lvgl/examples/event/../../src/core/lv_disp.h ****  */
  87:Middlewares/lvgl/examples/event/../../src/core/lv_disp.h **** void lv_disp_set_theme(lv_disp_t * disp, lv_theme_t * th);
  88:Middlewares/lvgl/examples/event/../../src/core/lv_disp.h **** 
  89:Middlewares/lvgl/examples/event/../../src/core/lv_disp.h **** /**
  90:Middlewares/lvgl/examples/event/../../src/core/lv_disp.h ****  * Get the theme of a display
  91:Middlewares/lvgl/examples/event/../../src/core/lv_disp.h ****  * @param disp pointer to a display
  92:Middlewares/lvgl/examples/event/../../src/core/lv_disp.h ****  * @return the display's theme (can be NULL)
  93:Middlewares/lvgl/examples/event/../../src/core/lv_disp.h ****  */
  94:Middlewares/lvgl/examples/event/../../src/core/lv_disp.h **** lv_theme_t * lv_disp_get_theme(lv_disp_t * disp);
  95:Middlewares/lvgl/examples/event/../../src/core/lv_disp.h **** 
  96:Middlewares/lvgl/examples/event/../../src/core/lv_disp.h **** /**
  97:Middlewares/lvgl/examples/event/../../src/core/lv_disp.h ****  * Set the background color of a display
  98:Middlewares/lvgl/examples/event/../../src/core/lv_disp.h ****  * @param disp pointer to a display
  99:Middlewares/lvgl/examples/event/../../src/core/lv_disp.h ****  * @param color color of the background
 100:Middlewares/lvgl/examples/event/../../src/core/lv_disp.h ****  */
 101:Middlewares/lvgl/examples/event/../../src/core/lv_disp.h **** void lv_disp_set_bg_color(lv_disp_t * disp, lv_color_t color);
ARM GAS  /tmp/ccdjOa1x.s 			page 5


 102:Middlewares/lvgl/examples/event/../../src/core/lv_disp.h **** 
 103:Middlewares/lvgl/examples/event/../../src/core/lv_disp.h **** /**
 104:Middlewares/lvgl/examples/event/../../src/core/lv_disp.h ****  * Set the background image of a display
 105:Middlewares/lvgl/examples/event/../../src/core/lv_disp.h ****  * @param disp pointer to a display
 106:Middlewares/lvgl/examples/event/../../src/core/lv_disp.h ****  * @param img_src path to file or pointer to an `lv_img_dsc_t` variable
 107:Middlewares/lvgl/examples/event/../../src/core/lv_disp.h ****  */
 108:Middlewares/lvgl/examples/event/../../src/core/lv_disp.h **** void lv_disp_set_bg_image(lv_disp_t * disp, const void  * img_src);
 109:Middlewares/lvgl/examples/event/../../src/core/lv_disp.h **** 
 110:Middlewares/lvgl/examples/event/../../src/core/lv_disp.h **** /**
 111:Middlewares/lvgl/examples/event/../../src/core/lv_disp.h ****  * Opacity of the background
 112:Middlewares/lvgl/examples/event/../../src/core/lv_disp.h ****  * @param disp pointer to a display
 113:Middlewares/lvgl/examples/event/../../src/core/lv_disp.h ****  * @param opa opacity (0..255)
 114:Middlewares/lvgl/examples/event/../../src/core/lv_disp.h ****  */
 115:Middlewares/lvgl/examples/event/../../src/core/lv_disp.h **** void lv_disp_set_bg_opa(lv_disp_t * disp, lv_opa_t opa);
 116:Middlewares/lvgl/examples/event/../../src/core/lv_disp.h **** 
 117:Middlewares/lvgl/examples/event/../../src/core/lv_disp.h **** /**
 118:Middlewares/lvgl/examples/event/../../src/core/lv_disp.h ****  * Switch screen with animation
 119:Middlewares/lvgl/examples/event/../../src/core/lv_disp.h ****  * @param scr pointer to the new screen to load
 120:Middlewares/lvgl/examples/event/../../src/core/lv_disp.h ****  * @param anim_type type of the animation from `lv_scr_load_anim_t`. E.g.  `LV_SCR_LOAD_ANIM_MOVE_L
 121:Middlewares/lvgl/examples/event/../../src/core/lv_disp.h ****  * @param time time of the animation
 122:Middlewares/lvgl/examples/event/../../src/core/lv_disp.h ****  * @param delay delay before the transition
 123:Middlewares/lvgl/examples/event/../../src/core/lv_disp.h ****  * @param auto_del true: automatically delete the old screen
 124:Middlewares/lvgl/examples/event/../../src/core/lv_disp.h ****  */
 125:Middlewares/lvgl/examples/event/../../src/core/lv_disp.h **** void lv_scr_load_anim(lv_obj_t * scr, lv_scr_load_anim_t anim_type, uint32_t time, uint32_t delay, 
 126:Middlewares/lvgl/examples/event/../../src/core/lv_disp.h **** 
 127:Middlewares/lvgl/examples/event/../../src/core/lv_disp.h **** /**
 128:Middlewares/lvgl/examples/event/../../src/core/lv_disp.h ****  * Get elapsed time since last user activity on a display (e.g. click)
 129:Middlewares/lvgl/examples/event/../../src/core/lv_disp.h ****  * @param disp pointer to an display (NULL to get the overall smallest inactivity)
 130:Middlewares/lvgl/examples/event/../../src/core/lv_disp.h ****  * @return elapsed ticks (milliseconds) since the last activity
 131:Middlewares/lvgl/examples/event/../../src/core/lv_disp.h ****  */
 132:Middlewares/lvgl/examples/event/../../src/core/lv_disp.h **** uint32_t lv_disp_get_inactive_time(const lv_disp_t * disp);
 133:Middlewares/lvgl/examples/event/../../src/core/lv_disp.h **** 
 134:Middlewares/lvgl/examples/event/../../src/core/lv_disp.h **** /**
 135:Middlewares/lvgl/examples/event/../../src/core/lv_disp.h ****  * Manually trigger an activity on a display
 136:Middlewares/lvgl/examples/event/../../src/core/lv_disp.h ****  * @param disp pointer to an display (NULL to use the default display)
 137:Middlewares/lvgl/examples/event/../../src/core/lv_disp.h ****  */
 138:Middlewares/lvgl/examples/event/../../src/core/lv_disp.h **** void lv_disp_trig_activity(lv_disp_t * disp);
 139:Middlewares/lvgl/examples/event/../../src/core/lv_disp.h **** 
 140:Middlewares/lvgl/examples/event/../../src/core/lv_disp.h **** /**
 141:Middlewares/lvgl/examples/event/../../src/core/lv_disp.h ****  * Clean any CPU cache that is related to the display.
 142:Middlewares/lvgl/examples/event/../../src/core/lv_disp.h ****  * @param disp pointer to an display (NULL to use the default display)
 143:Middlewares/lvgl/examples/event/../../src/core/lv_disp.h ****  */
 144:Middlewares/lvgl/examples/event/../../src/core/lv_disp.h **** void lv_disp_clean_dcache(lv_disp_t * disp);
 145:Middlewares/lvgl/examples/event/../../src/core/lv_disp.h **** 
 146:Middlewares/lvgl/examples/event/../../src/core/lv_disp.h **** /**
 147:Middlewares/lvgl/examples/event/../../src/core/lv_disp.h ****  * Get a pointer to the screen refresher timer to
 148:Middlewares/lvgl/examples/event/../../src/core/lv_disp.h ****  * modify its parameters with `lv_timer_...` functions.
 149:Middlewares/lvgl/examples/event/../../src/core/lv_disp.h ****  * @param disp pointer to a display
 150:Middlewares/lvgl/examples/event/../../src/core/lv_disp.h ****  * @return pointer to the display refresher timer. (NULL on error)
 151:Middlewares/lvgl/examples/event/../../src/core/lv_disp.h ****  */
 152:Middlewares/lvgl/examples/event/../../src/core/lv_disp.h **** lv_timer_t * _lv_disp_get_refr_timer(lv_disp_t * disp);
 153:Middlewares/lvgl/examples/event/../../src/core/lv_disp.h **** 
 154:Middlewares/lvgl/examples/event/../../src/core/lv_disp.h **** /*------------------------------------------------
 155:Middlewares/lvgl/examples/event/../../src/core/lv_disp.h ****  * To improve backward compatibility
 156:Middlewares/lvgl/examples/event/../../src/core/lv_disp.h ****  * Recommended only if you have one display
 157:Middlewares/lvgl/examples/event/../../src/core/lv_disp.h ****  *------------------------------------------------*/
 158:Middlewares/lvgl/examples/event/../../src/core/lv_disp.h **** 
ARM GAS  /tmp/ccdjOa1x.s 			page 6


 159:Middlewares/lvgl/examples/event/../../src/core/lv_disp.h **** /**
 160:Middlewares/lvgl/examples/event/../../src/core/lv_disp.h ****  * Get the active screen of the default display
 161:Middlewares/lvgl/examples/event/../../src/core/lv_disp.h ****  * @return pointer to the active screen
 162:Middlewares/lvgl/examples/event/../../src/core/lv_disp.h ****  */
 163:Middlewares/lvgl/examples/event/../../src/core/lv_disp.h **** static inline lv_obj_t * lv_scr_act(void)
 106              		.loc 2 163 26 view .LVU16
 107              	.LBB15:
 164:Middlewares/lvgl/examples/event/../../src/core/lv_disp.h **** {
 165:Middlewares/lvgl/examples/event/../../src/core/lv_disp.h ****     return lv_disp_get_scr_act(lv_disp_get_default());
 108              		.loc 2 165 5 view .LVU17
 109              		.loc 2 165 12 is_stmt 0 view .LVU18
 110 0002 FFF7FEFF 		bl	lv_disp_get_default
 111              	.LVL8:
 112 0006 FFF7FEFF 		bl	lv_disp_get_scr_act
 113              	.LVL9:
 114              	.LBE15:
 115              	.LBE14:
 116              		.loc 1 25 23 view .LVU19
 117 000a FFF7FEFF 		bl	lv_obj_create
 118              	.LVL10:
 119 000e 0646     		mov	r6, r0
 120              	.LVL11:
  26:Middlewares/lvgl/examples/event/lv_example_event_3.c ****     lv_obj_set_size(cont, 290, 200);
 121              		.loc 1 26 5 is_stmt 1 view .LVU20
 122 0010 C822     		movs	r2, #200
 123 0012 4FF49171 		mov	r1, #290
 124 0016 FFF7FEFF 		bl	lv_obj_set_size
 125              	.LVL12:
  27:Middlewares/lvgl/examples/event/lv_example_event_3.c ****     lv_obj_center(cont);
 126              		.loc 1 27 5 view .LVU21
 127              	.LBB16:
 128              	.LBI16:
 129              		.file 3 "Middlewares/lvgl/examples/event/../../src/core/lv_obj_pos.h"
   1:Middlewares/lvgl/examples/event/../../src/core/lv_obj_pos.h **** /**
   2:Middlewares/lvgl/examples/event/../../src/core/lv_obj_pos.h ****  * @file lv_obj_pos.h
   3:Middlewares/lvgl/examples/event/../../src/core/lv_obj_pos.h ****  *
   4:Middlewares/lvgl/examples/event/../../src/core/lv_obj_pos.h ****  */
   5:Middlewares/lvgl/examples/event/../../src/core/lv_obj_pos.h **** 
   6:Middlewares/lvgl/examples/event/../../src/core/lv_obj_pos.h **** #ifndef LV_OBJ_POS_H
   7:Middlewares/lvgl/examples/event/../../src/core/lv_obj_pos.h **** #define LV_OBJ_POS_H
   8:Middlewares/lvgl/examples/event/../../src/core/lv_obj_pos.h **** 
   9:Middlewares/lvgl/examples/event/../../src/core/lv_obj_pos.h **** #ifdef __cplusplus
  10:Middlewares/lvgl/examples/event/../../src/core/lv_obj_pos.h **** extern "C" {
  11:Middlewares/lvgl/examples/event/../../src/core/lv_obj_pos.h **** #endif
  12:Middlewares/lvgl/examples/event/../../src/core/lv_obj_pos.h **** 
  13:Middlewares/lvgl/examples/event/../../src/core/lv_obj_pos.h **** /*********************
  14:Middlewares/lvgl/examples/event/../../src/core/lv_obj_pos.h ****  *      INCLUDES
  15:Middlewares/lvgl/examples/event/../../src/core/lv_obj_pos.h ****  *********************/
  16:Middlewares/lvgl/examples/event/../../src/core/lv_obj_pos.h **** #include "../misc/lv_area.h"
  17:Middlewares/lvgl/examples/event/../../src/core/lv_obj_pos.h **** 
  18:Middlewares/lvgl/examples/event/../../src/core/lv_obj_pos.h **** /*********************
  19:Middlewares/lvgl/examples/event/../../src/core/lv_obj_pos.h ****  *      DEFINES
  20:Middlewares/lvgl/examples/event/../../src/core/lv_obj_pos.h ****  *********************/
  21:Middlewares/lvgl/examples/event/../../src/core/lv_obj_pos.h **** 
  22:Middlewares/lvgl/examples/event/../../src/core/lv_obj_pos.h **** /**********************
  23:Middlewares/lvgl/examples/event/../../src/core/lv_obj_pos.h ****  *      TYPEDEFS
  24:Middlewares/lvgl/examples/event/../../src/core/lv_obj_pos.h ****  **********************/
ARM GAS  /tmp/ccdjOa1x.s 			page 7


  25:Middlewares/lvgl/examples/event/../../src/core/lv_obj_pos.h **** struct _lv_obj_t;
  26:Middlewares/lvgl/examples/event/../../src/core/lv_obj_pos.h **** 
  27:Middlewares/lvgl/examples/event/../../src/core/lv_obj_pos.h **** typedef void (*lv_layout_update_cb_t)(struct _lv_obj_t *, void * user_data);
  28:Middlewares/lvgl/examples/event/../../src/core/lv_obj_pos.h **** typedef struct {
  29:Middlewares/lvgl/examples/event/../../src/core/lv_obj_pos.h ****     lv_layout_update_cb_t cb;
  30:Middlewares/lvgl/examples/event/../../src/core/lv_obj_pos.h ****     void * user_data;
  31:Middlewares/lvgl/examples/event/../../src/core/lv_obj_pos.h **** }lv_layout_dsc_t;
  32:Middlewares/lvgl/examples/event/../../src/core/lv_obj_pos.h **** 
  33:Middlewares/lvgl/examples/event/../../src/core/lv_obj_pos.h **** /**********************
  34:Middlewares/lvgl/examples/event/../../src/core/lv_obj_pos.h ****  * GLOBAL PROTOTYPES
  35:Middlewares/lvgl/examples/event/../../src/core/lv_obj_pos.h ****  **********************/
  36:Middlewares/lvgl/examples/event/../../src/core/lv_obj_pos.h **** 
  37:Middlewares/lvgl/examples/event/../../src/core/lv_obj_pos.h **** /**
  38:Middlewares/lvgl/examples/event/../../src/core/lv_obj_pos.h ****  * Set the relative the position of an object (relative to the parent's top left corner)
  39:Middlewares/lvgl/examples/event/../../src/core/lv_obj_pos.h ****  * @param obj       pointer to an object
  40:Middlewares/lvgl/examples/event/../../src/core/lv_obj_pos.h ****  * @param x         new distance from the left side of the parent plus the parent's left padding
  41:Middlewares/lvgl/examples/event/../../src/core/lv_obj_pos.h ****  * @param y         new distance from the top side of the parent  plus the parent's right padding
  42:Middlewares/lvgl/examples/event/../../src/core/lv_obj_pos.h ****  */
  43:Middlewares/lvgl/examples/event/../../src/core/lv_obj_pos.h **** void lv_obj_set_pos(struct _lv_obj_t * obj, lv_coord_t x, lv_coord_t y);
  44:Middlewares/lvgl/examples/event/../../src/core/lv_obj_pos.h **** 
  45:Middlewares/lvgl/examples/event/../../src/core/lv_obj_pos.h **** /**
  46:Middlewares/lvgl/examples/event/../../src/core/lv_obj_pos.h ****  * Set the x coordinate of a object
  47:Middlewares/lvgl/examples/event/../../src/core/lv_obj_pos.h ****  * @param obj       pointer to an object
  48:Middlewares/lvgl/examples/event/../../src/core/lv_obj_pos.h ****  * @param x         new distance from the left side from the parent plus the parent's left padding
  49:Middlewares/lvgl/examples/event/../../src/core/lv_obj_pos.h ****  */
  50:Middlewares/lvgl/examples/event/../../src/core/lv_obj_pos.h **** void lv_obj_set_x(struct _lv_obj_t * obj, lv_coord_t x);
  51:Middlewares/lvgl/examples/event/../../src/core/lv_obj_pos.h **** 
  52:Middlewares/lvgl/examples/event/../../src/core/lv_obj_pos.h **** /**
  53:Middlewares/lvgl/examples/event/../../src/core/lv_obj_pos.h ****  * Set the y coordinate of a object
  54:Middlewares/lvgl/examples/event/../../src/core/lv_obj_pos.h ****  * @param obj       pointer to an object
  55:Middlewares/lvgl/examples/event/../../src/core/lv_obj_pos.h ****  * @param y         new distance from the top of the parent  plus the parent's top padding
  56:Middlewares/lvgl/examples/event/../../src/core/lv_obj_pos.h ****  */
  57:Middlewares/lvgl/examples/event/../../src/core/lv_obj_pos.h **** void lv_obj_set_y(struct _lv_obj_t * obj, lv_coord_t y);
  58:Middlewares/lvgl/examples/event/../../src/core/lv_obj_pos.h **** 
  59:Middlewares/lvgl/examples/event/../../src/core/lv_obj_pos.h **** /**
  60:Middlewares/lvgl/examples/event/../../src/core/lv_obj_pos.h ****  * Set the size of an object.
  61:Middlewares/lvgl/examples/event/../../src/core/lv_obj_pos.h ****  * @param obj       pointer to an object
  62:Middlewares/lvgl/examples/event/../../src/core/lv_obj_pos.h ****  * @param w         the new width
  63:Middlewares/lvgl/examples/event/../../src/core/lv_obj_pos.h ****  * @param h         the new height
  64:Middlewares/lvgl/examples/event/../../src/core/lv_obj_pos.h ****  * @note            possible values are:
  65:Middlewares/lvgl/examples/event/../../src/core/lv_obj_pos.h ****  *                  pixel               simple set the size accordingly
  66:Middlewares/lvgl/examples/event/../../src/core/lv_obj_pos.h ****  *                  LV_SIZE_CONTENT     set the size to involve all children in the given direction
  67:Middlewares/lvgl/examples/event/../../src/core/lv_obj_pos.h ****  *                  LV_SIZE_PCT(x)     to set size in percentage of the parent's content area size 
  68:Middlewares/lvgl/examples/event/../../src/core/lv_obj_pos.h ****  *                                      x should be in [0..1000]% range
  69:Middlewares/lvgl/examples/event/../../src/core/lv_obj_pos.h ****  */
  70:Middlewares/lvgl/examples/event/../../src/core/lv_obj_pos.h **** void lv_obj_set_size(struct _lv_obj_t * obj, lv_coord_t w, lv_coord_t h);
  71:Middlewares/lvgl/examples/event/../../src/core/lv_obj_pos.h **** 
  72:Middlewares/lvgl/examples/event/../../src/core/lv_obj_pos.h **** /**
  73:Middlewares/lvgl/examples/event/../../src/core/lv_obj_pos.h ****  * Recalculate the size of the object
  74:Middlewares/lvgl/examples/event/../../src/core/lv_obj_pos.h ****  * @param obj       pointer to an object
  75:Middlewares/lvgl/examples/event/../../src/core/lv_obj_pos.h ****  * @return          true: the size has been changed
  76:Middlewares/lvgl/examples/event/../../src/core/lv_obj_pos.h ****  */
  77:Middlewares/lvgl/examples/event/../../src/core/lv_obj_pos.h **** bool lv_obj_refr_size(struct _lv_obj_t * obj);
  78:Middlewares/lvgl/examples/event/../../src/core/lv_obj_pos.h **** 
  79:Middlewares/lvgl/examples/event/../../src/core/lv_obj_pos.h **** /**
  80:Middlewares/lvgl/examples/event/../../src/core/lv_obj_pos.h ****  * Set the width of an object
  81:Middlewares/lvgl/examples/event/../../src/core/lv_obj_pos.h ****  * @param obj       pointer to an object
ARM GAS  /tmp/ccdjOa1x.s 			page 8


  82:Middlewares/lvgl/examples/event/../../src/core/lv_obj_pos.h ****  * @param w         the new width
  83:Middlewares/lvgl/examples/event/../../src/core/lv_obj_pos.h ****  * @note            possible values are:
  84:Middlewares/lvgl/examples/event/../../src/core/lv_obj_pos.h ****  *                  pixel               simple set the size accordingly
  85:Middlewares/lvgl/examples/event/../../src/core/lv_obj_pos.h ****  *                  LV_SIZE_CONTENT     set the size to involve all children in the given direction
  86:Middlewares/lvgl/examples/event/../../src/core/lv_obj_pos.h ****  *                  lv_pct(x)           to set size in percentage of the parent's content area size
  87:Middlewares/lvgl/examples/event/../../src/core/lv_obj_pos.h ****  *                                      x should be in [0..1000]% range
  88:Middlewares/lvgl/examples/event/../../src/core/lv_obj_pos.h ****  */
  89:Middlewares/lvgl/examples/event/../../src/core/lv_obj_pos.h **** void lv_obj_set_width(struct _lv_obj_t * obj, lv_coord_t w);
  90:Middlewares/lvgl/examples/event/../../src/core/lv_obj_pos.h **** 
  91:Middlewares/lvgl/examples/event/../../src/core/lv_obj_pos.h **** /**
  92:Middlewares/lvgl/examples/event/../../src/core/lv_obj_pos.h ****  * Set the height of an object
  93:Middlewares/lvgl/examples/event/../../src/core/lv_obj_pos.h ****  * @param obj       pointer to an object
  94:Middlewares/lvgl/examples/event/../../src/core/lv_obj_pos.h ****  * @param h         the new height
  95:Middlewares/lvgl/examples/event/../../src/core/lv_obj_pos.h ****  * @note            possible values are:
  96:Middlewares/lvgl/examples/event/../../src/core/lv_obj_pos.h ****  *                  pixel               simple set the size accordingly
  97:Middlewares/lvgl/examples/event/../../src/core/lv_obj_pos.h ****  *                  LV_SIZE_CONTENT     set the size to involve all children in the given direction
  98:Middlewares/lvgl/examples/event/../../src/core/lv_obj_pos.h ****  *                  lv_pct(x)           to set size in percentage of the parent's content area size
  99:Middlewares/lvgl/examples/event/../../src/core/lv_obj_pos.h ****  *                                      x should be in [0..1000]% range
 100:Middlewares/lvgl/examples/event/../../src/core/lv_obj_pos.h ****  */
 101:Middlewares/lvgl/examples/event/../../src/core/lv_obj_pos.h **** void lv_obj_set_height(struct _lv_obj_t * obj, lv_coord_t h);
 102:Middlewares/lvgl/examples/event/../../src/core/lv_obj_pos.h **** 
 103:Middlewares/lvgl/examples/event/../../src/core/lv_obj_pos.h **** /**
 104:Middlewares/lvgl/examples/event/../../src/core/lv_obj_pos.h ****  * Set the width reduced by the left and right padding and the border width.
 105:Middlewares/lvgl/examples/event/../../src/core/lv_obj_pos.h ****  * @param obj       pointer to an object
 106:Middlewares/lvgl/examples/event/../../src/core/lv_obj_pos.h ****  * @param w         the width without paddings in pixels
 107:Middlewares/lvgl/examples/event/../../src/core/lv_obj_pos.h ****  */
 108:Middlewares/lvgl/examples/event/../../src/core/lv_obj_pos.h **** void lv_obj_set_content_width(struct _lv_obj_t * obj, lv_coord_t w);
 109:Middlewares/lvgl/examples/event/../../src/core/lv_obj_pos.h **** 
 110:Middlewares/lvgl/examples/event/../../src/core/lv_obj_pos.h **** /**
 111:Middlewares/lvgl/examples/event/../../src/core/lv_obj_pos.h ****  * Set the height reduced by the top and bottom padding and the border width.
 112:Middlewares/lvgl/examples/event/../../src/core/lv_obj_pos.h ****  * @param obj       pointer to an object
 113:Middlewares/lvgl/examples/event/../../src/core/lv_obj_pos.h ****  * @param h         the height without paddings in pixels
 114:Middlewares/lvgl/examples/event/../../src/core/lv_obj_pos.h ****  */
 115:Middlewares/lvgl/examples/event/../../src/core/lv_obj_pos.h **** void lv_obj_set_content_height(struct _lv_obj_t * obj, lv_coord_t h);
 116:Middlewares/lvgl/examples/event/../../src/core/lv_obj_pos.h **** 
 117:Middlewares/lvgl/examples/event/../../src/core/lv_obj_pos.h **** /**
 118:Middlewares/lvgl/examples/event/../../src/core/lv_obj_pos.h ****  * Set a layout for an object
 119:Middlewares/lvgl/examples/event/../../src/core/lv_obj_pos.h ****  * @param obj       pointer to an object
 120:Middlewares/lvgl/examples/event/../../src/core/lv_obj_pos.h ****  * @param layout    pointer to a layout descriptor to set
 121:Middlewares/lvgl/examples/event/../../src/core/lv_obj_pos.h ****  */
 122:Middlewares/lvgl/examples/event/../../src/core/lv_obj_pos.h **** void lv_obj_set_layout(struct _lv_obj_t * obj, uint32_t layout);
 123:Middlewares/lvgl/examples/event/../../src/core/lv_obj_pos.h **** 
 124:Middlewares/lvgl/examples/event/../../src/core/lv_obj_pos.h **** /**
 125:Middlewares/lvgl/examples/event/../../src/core/lv_obj_pos.h ****  * Test whether the and object is positioned by a layout or not
 126:Middlewares/lvgl/examples/event/../../src/core/lv_obj_pos.h ****  * @param obj       pointer to an object to test
 127:Middlewares/lvgl/examples/event/../../src/core/lv_obj_pos.h ****  * @return true:    positioned by a layout; false: not positioned by a layout
 128:Middlewares/lvgl/examples/event/../../src/core/lv_obj_pos.h ****  */
 129:Middlewares/lvgl/examples/event/../../src/core/lv_obj_pos.h **** bool lv_obj_is_layout_positioned(const struct _lv_obj_t * obj);
 130:Middlewares/lvgl/examples/event/../../src/core/lv_obj_pos.h **** 
 131:Middlewares/lvgl/examples/event/../../src/core/lv_obj_pos.h **** /**
 132:Middlewares/lvgl/examples/event/../../src/core/lv_obj_pos.h ****  * Mark the object for layout update.
 133:Middlewares/lvgl/examples/event/../../src/core/lv_obj_pos.h ****  * @param obj      pointer to an object whose children needs to be updated
 134:Middlewares/lvgl/examples/event/../../src/core/lv_obj_pos.h ****  */
 135:Middlewares/lvgl/examples/event/../../src/core/lv_obj_pos.h **** void lv_obj_mark_layout_as_dirty(struct _lv_obj_t * obj);
 136:Middlewares/lvgl/examples/event/../../src/core/lv_obj_pos.h **** 
 137:Middlewares/lvgl/examples/event/../../src/core/lv_obj_pos.h **** /**
 138:Middlewares/lvgl/examples/event/../../src/core/lv_obj_pos.h ****  * Update the layout of an object.
ARM GAS  /tmp/ccdjOa1x.s 			page 9


 139:Middlewares/lvgl/examples/event/../../src/core/lv_obj_pos.h ****  * @param obj      pointer to an object whose children needs to be updated
 140:Middlewares/lvgl/examples/event/../../src/core/lv_obj_pos.h ****  */
 141:Middlewares/lvgl/examples/event/../../src/core/lv_obj_pos.h **** void lv_obj_update_layout(const struct _lv_obj_t * obj);
 142:Middlewares/lvgl/examples/event/../../src/core/lv_obj_pos.h **** 
 143:Middlewares/lvgl/examples/event/../../src/core/lv_obj_pos.h **** /**
 144:Middlewares/lvgl/examples/event/../../src/core/lv_obj_pos.h ****  * Regsiter a new layout
 145:Middlewares/lvgl/examples/event/../../src/core/lv_obj_pos.h ****  * @param cb        the layout update callback
 146:Middlewares/lvgl/examples/event/../../src/core/lv_obj_pos.h ****  * @param user_data custom data that will be passed to `cb`
 147:Middlewares/lvgl/examples/event/../../src/core/lv_obj_pos.h ****  * @return          the ID of the new layout
 148:Middlewares/lvgl/examples/event/../../src/core/lv_obj_pos.h ****  */
 149:Middlewares/lvgl/examples/event/../../src/core/lv_obj_pos.h **** uint32_t lv_layout_register(lv_layout_update_cb_t cb, void * user_data);
 150:Middlewares/lvgl/examples/event/../../src/core/lv_obj_pos.h **** 
 151:Middlewares/lvgl/examples/event/../../src/core/lv_obj_pos.h **** /**
 152:Middlewares/lvgl/examples/event/../../src/core/lv_obj_pos.h ****  * Change the alignment of an object.
 153:Middlewares/lvgl/examples/event/../../src/core/lv_obj_pos.h ****  * @param obj       pointer to an object to align
 154:Middlewares/lvgl/examples/event/../../src/core/lv_obj_pos.h ****  * @param align     type of alignment (see 'lv_align_t' enum) `LV_ALIGN_OUT_...` can't be used.
 155:Middlewares/lvgl/examples/event/../../src/core/lv_obj_pos.h ****  */
 156:Middlewares/lvgl/examples/event/../../src/core/lv_obj_pos.h **** void lv_obj_set_align(struct _lv_obj_t * obj, lv_align_t align);
 157:Middlewares/lvgl/examples/event/../../src/core/lv_obj_pos.h **** 
 158:Middlewares/lvgl/examples/event/../../src/core/lv_obj_pos.h **** /**
 159:Middlewares/lvgl/examples/event/../../src/core/lv_obj_pos.h ****  * Change the alignment of an object and set new coordinates.
 160:Middlewares/lvgl/examples/event/../../src/core/lv_obj_pos.h ****  * Equivalent to:
 161:Middlewares/lvgl/examples/event/../../src/core/lv_obj_pos.h ****  * lv_obj_set_align(obj, align);
 162:Middlewares/lvgl/examples/event/../../src/core/lv_obj_pos.h ****  * lv_obj_set_pos(obj, x_ofs, y_ofs);
 163:Middlewares/lvgl/examples/event/../../src/core/lv_obj_pos.h ****  * @param obj       pointer to an object to align
 164:Middlewares/lvgl/examples/event/../../src/core/lv_obj_pos.h ****  * @param align     type of alignment (see 'lv_align_t' enum) `LV_ALIGN_OUT_...` can't be used.
 165:Middlewares/lvgl/examples/event/../../src/core/lv_obj_pos.h ****  * @param x_ofs     x coordinate offset after alignment
 166:Middlewares/lvgl/examples/event/../../src/core/lv_obj_pos.h ****  * @param y_ofs     y coordinate offset after alignment
 167:Middlewares/lvgl/examples/event/../../src/core/lv_obj_pos.h ****  */
 168:Middlewares/lvgl/examples/event/../../src/core/lv_obj_pos.h **** void lv_obj_align(struct _lv_obj_t * obj, lv_align_t align, lv_coord_t x_ofs, lv_coord_t y_ofs);
 169:Middlewares/lvgl/examples/event/../../src/core/lv_obj_pos.h **** 
 170:Middlewares/lvgl/examples/event/../../src/core/lv_obj_pos.h **** /**
 171:Middlewares/lvgl/examples/event/../../src/core/lv_obj_pos.h ****  * Align an object to an other object.
 172:Middlewares/lvgl/examples/event/../../src/core/lv_obj_pos.h ****  * @param obj       pointer to an object to align
 173:Middlewares/lvgl/examples/event/../../src/core/lv_obj_pos.h ****  * @param base      pointer to an other object (if NULL `obj`s parent is used). 'obj' will be align
 174:Middlewares/lvgl/examples/event/../../src/core/lv_obj_pos.h ****  * @param align     type of alignment (see 'lv_align_t' enum)
 175:Middlewares/lvgl/examples/event/../../src/core/lv_obj_pos.h ****  * @param x_ofs     x coordinate offset after alignment
 176:Middlewares/lvgl/examples/event/../../src/core/lv_obj_pos.h ****  * @param y_ofs     y coordinate offset after alignment
 177:Middlewares/lvgl/examples/event/../../src/core/lv_obj_pos.h ****  * @note            if the position or size of `base` changes `obj` needs to be aligned manually ag
 178:Middlewares/lvgl/examples/event/../../src/core/lv_obj_pos.h ****  */
 179:Middlewares/lvgl/examples/event/../../src/core/lv_obj_pos.h **** void lv_obj_align_to(struct _lv_obj_t * obj, const struct _lv_obj_t * base, lv_align_t align, lv_co
 180:Middlewares/lvgl/examples/event/../../src/core/lv_obj_pos.h **** 
 181:Middlewares/lvgl/examples/event/../../src/core/lv_obj_pos.h **** /**
 182:Middlewares/lvgl/examples/event/../../src/core/lv_obj_pos.h ****  * Align an object to the center on its parent.
 183:Middlewares/lvgl/examples/event/../../src/core/lv_obj_pos.h ****  * @param obj       pointer to an object to align
 184:Middlewares/lvgl/examples/event/../../src/core/lv_obj_pos.h ****  * @note            if the parent size changes `obj` needs to be aligned manually again
 185:Middlewares/lvgl/examples/event/../../src/core/lv_obj_pos.h ****  */
 186:Middlewares/lvgl/examples/event/../../src/core/lv_obj_pos.h **** static inline void lv_obj_center(struct _lv_obj_t * obj)
 130              		.loc 3 186 20 view .LVU22
 131              	.LBB17:
 187:Middlewares/lvgl/examples/event/../../src/core/lv_obj_pos.h **** {
 188:Middlewares/lvgl/examples/event/../../src/core/lv_obj_pos.h ****     lv_obj_align(obj, LV_ALIGN_CENTER, 0, 0);
 132              		.loc 3 188 5 view .LVU23
 133 001a 0023     		movs	r3, #0
 134 001c 1A46     		mov	r2, r3
 135 001e 0921     		movs	r1, #9
 136 0020 3046     		mov	r0, r6
ARM GAS  /tmp/ccdjOa1x.s 			page 10


 137 0022 FFF7FEFF 		bl	lv_obj_align
 138              	.LVL13:
 139              		.loc 3 188 5 is_stmt 0 view .LVU24
 140              	.LBE17:
 141              	.LBE16:
  28:Middlewares/lvgl/examples/event/lv_example_event_3.c ****     lv_obj_set_flex_flow(cont, LV_FLEX_FLOW_ROW_WRAP);
 142              		.loc 1 28 5 is_stmt 1 view .LVU25
 143 0026 0421     		movs	r1, #4
 144 0028 3046     		mov	r0, r6
 145 002a FFF7FEFF 		bl	lv_obj_set_flex_flow
 146              	.LVL14:
  29:Middlewares/lvgl/examples/event/lv_example_event_3.c **** 
  30:Middlewares/lvgl/examples/event/lv_example_event_3.c ****     uint32_t i;
 147              		.loc 1 30 5 view .LVU26
  31:Middlewares/lvgl/examples/event/lv_example_event_3.c ****     for(i = 0; i < 30; i++) {
 148              		.loc 1 31 5 view .LVU27
 149              		.loc 1 31 11 is_stmt 0 view .LVU28
 150 002e 0025     		movs	r5, #0
 151              		.loc 1 31 5 view .LVU29
 152 0030 1BE0     		b	.L5
 153              	.LVL15:
 154              	.L6:
 155              	.LBB18:
  32:Middlewares/lvgl/examples/event/lv_example_event_3.c ****         lv_obj_t * btn = lv_btn_create(cont);
 156              		.loc 1 32 9 is_stmt 1 discriminator 3 view .LVU30
 157              		.loc 1 32 26 is_stmt 0 discriminator 3 view .LVU31
 158 0032 3046     		mov	r0, r6
 159 0034 FFF7FEFF 		bl	lv_btn_create
 160              	.LVL16:
 161 0038 0446     		mov	r4, r0
 162              	.LVL17:
  33:Middlewares/lvgl/examples/event/lv_example_event_3.c ****         lv_obj_set_size(btn, 80, 50);
 163              		.loc 1 33 9 is_stmt 1 discriminator 3 view .LVU32
 164 003a 3222     		movs	r2, #50
 165 003c 5021     		movs	r1, #80
 166 003e FFF7FEFF 		bl	lv_obj_set_size
 167              	.LVL18:
  34:Middlewares/lvgl/examples/event/lv_example_event_3.c ****         lv_obj_add_flag(btn, LV_OBJ_FLAG_EVENT_BUBBLE);
 168              		.loc 1 34 9 discriminator 3 view .LVU33
 169 0042 4FF48051 		mov	r1, #4096
 170 0046 2046     		mov	r0, r4
 171 0048 FFF7FEFF 		bl	lv_obj_add_flag
 172              	.LVL19:
  35:Middlewares/lvgl/examples/event/lv_example_event_3.c **** 
  36:Middlewares/lvgl/examples/event/lv_example_event_3.c ****         lv_obj_t * label = lv_label_create(btn);
 173              		.loc 1 36 9 discriminator 3 view .LVU34
 174              		.loc 1 36 28 is_stmt 0 discriminator 3 view .LVU35
 175 004c 2046     		mov	r0, r4
 176 004e FFF7FEFF 		bl	lv_label_create
 177              	.LVL20:
 178 0052 0446     		mov	r4, r0
 179              	.LVL21:
  37:Middlewares/lvgl/examples/event/lv_example_event_3.c ****         lv_label_set_text_fmt(label, "%d", i);
 180              		.loc 1 37 9 is_stmt 1 discriminator 3 view .LVU36
 181 0054 2A46     		mov	r2, r5
 182 0056 0949     		ldr	r1, .L8
 183 0058 FFF7FEFF 		bl	lv_label_set_text_fmt
ARM GAS  /tmp/ccdjOa1x.s 			page 11


 184              	.LVL22:
  38:Middlewares/lvgl/examples/event/lv_example_event_3.c ****         lv_obj_center(label);
 185              		.loc 1 38 9 discriminator 3 view .LVU37
 186              	.LBB19:
 187              	.LBI19:
 186:Middlewares/lvgl/examples/event/../../src/core/lv_obj_pos.h **** {
 188              		.loc 3 186 20 discriminator 3 view .LVU38
 189              	.LBB20:
 190              		.loc 3 188 5 discriminator 3 view .LVU39
 191 005c 0023     		movs	r3, #0
 192 005e 1A46     		mov	r2, r3
 193 0060 0921     		movs	r1, #9
 194 0062 2046     		mov	r0, r4
 195 0064 FFF7FEFF 		bl	lv_obj_align
 196              	.LVL23:
 197              		.loc 3 188 5 is_stmt 0 discriminator 3 view .LVU40
 198              	.LBE20:
 199              	.LBE19:
 200              	.LBE18:
  31:Middlewares/lvgl/examples/event/lv_example_event_3.c ****         lv_obj_t * btn = lv_btn_create(cont);
 201              		.loc 1 31 24 is_stmt 1 discriminator 3 view .LVU41
  31:Middlewares/lvgl/examples/event/lv_example_event_3.c ****         lv_obj_t * btn = lv_btn_create(cont);
 202              		.loc 1 31 25 is_stmt 0 discriminator 3 view .LVU42
 203 0068 0135     		adds	r5, r5, #1
 204              	.LVL24:
 205              	.L5:
  31:Middlewares/lvgl/examples/event/lv_example_event_3.c ****         lv_obj_t * btn = lv_btn_create(cont);
 206              		.loc 1 31 16 is_stmt 1 discriminator 1 view .LVU43
  31:Middlewares/lvgl/examples/event/lv_example_event_3.c ****         lv_obj_t * btn = lv_btn_create(cont);
 207              		.loc 1 31 5 is_stmt 0 discriminator 1 view .LVU44
 208 006a 1D2D     		cmp	r5, #29
 209 006c E1D9     		bls	.L6
  39:Middlewares/lvgl/examples/event/lv_example_event_3.c ****     }
  40:Middlewares/lvgl/examples/event/lv_example_event_3.c **** 
  41:Middlewares/lvgl/examples/event/lv_example_event_3.c ****     lv_obj_add_event_cb(cont, event_cb, LV_EVENT_CLICKED, NULL);
 210              		.loc 1 41 5 is_stmt 1 view .LVU45
 211 006e 0023     		movs	r3, #0
 212 0070 0722     		movs	r2, #7
 213 0072 0349     		ldr	r1, .L8+4
 214 0074 3046     		mov	r0, r6
 215 0076 FFF7FEFF 		bl	lv_obj_add_event_cb
 216              	.LVL25:
  42:Middlewares/lvgl/examples/event/lv_example_event_3.c **** }
 217              		.loc 1 42 1 is_stmt 0 view .LVU46
 218 007a 70BD     		pop	{r4, r5, r6, pc}
 219              	.LVL26:
 220              	.L9:
 221              		.loc 1 42 1 view .LVU47
 222              		.align	2
 223              	.L8:
 224 007c 00000000 		.word	.LC0
 225 0080 00000000 		.word	event_cb
 226              		.cfi_endproc
 227              	.LFE185:
 229              		.text
 230              	.Letext0:
 231              		.file 4 "/home/akinya/gcc-arm-none-eabi/arm-none-eabi/include/machine/_default_types.h"
ARM GAS  /tmp/ccdjOa1x.s 			page 12


 232              		.file 5 "/home/akinya/gcc-arm-none-eabi/arm-none-eabi/include/sys/_stdint.h"
 233              		.file 6 "Middlewares/lvgl/examples/event/../../src/misc/lv_ll.h"
 234              		.file 7 "Middlewares/lvgl/examples/event/../../src/hal/../misc/lv_color.h"
 235              		.file 8 "Middlewares/lvgl/examples/event/../../src/hal/../misc/lv_area.h"
 236              		.file 9 "Middlewares/lvgl/examples/event/../../src/core/lv_obj.h"
 237              		.file 10 "Middlewares/lvgl/examples/event/../../src/core/lv_group.h"
 238              		.file 11 "Middlewares/lvgl/examples/event/../../src/core/../misc/lv_style.h"
 239              		.file 12 "Middlewares/lvgl/examples/event/../../src/core/lv_obj_scroll.h"
 240              		.file 13 "Middlewares/lvgl/examples/event/../../src/core/lv_obj_style.h"
 241              		.file 14 "Middlewares/lvgl/examples/event/../../src/core/lv_obj_class.h"
 242              		.file 15 "Middlewares/lvgl/examples/event/../../src/core/lv_event.h"
 243              		.file 16 "Middlewares/lvgl/examples/event/../../src/extra/widgets/list/../../layouts/flex/lv_flex.
 244              		.file 17 "Middlewares/lvgl/examples/event/../../src/widgets/lv_btn.h"
 245              		.file 18 "Middlewares/lvgl/examples/event/../../src/widgets/lv_label.h"
 246              		.file 19 "Middlewares/lvgl/examples/event/../../src/hal/lv_hal_disp.h"
 247              		.file 20 "Middlewares/lvgl/examples/event/../../src/core/lv_obj_style_gen.h"
ARM GAS  /tmp/ccdjOa1x.s 			page 13


DEFINED SYMBOLS
                            *ABS*:0000000000000000 lv_example_event_3.c
     /tmp/ccdjOa1x.s:20     .text.event_cb:0000000000000000 $t
     /tmp/ccdjOa1x.s:25     .text.event_cb:0000000000000000 event_cb
     /tmp/ccdjOa1x.s:79     .rodata.lv_example_event_3.str1.4:0000000000000000 $d
     /tmp/ccdjOa1x.s:83     .text.lv_example_event_3:0000000000000000 $t
     /tmp/ccdjOa1x.s:89     .text.lv_example_event_3:0000000000000000 lv_example_event_3
     /tmp/ccdjOa1x.s:224    .text.lv_example_event_3:000000000000007c $d

UNDEFINED SYMBOLS
lv_event_get_target
lv_event_get_current_target
lv_palette_main
lv_obj_set_style_bg_color
lv_disp_get_default
lv_disp_get_scr_act
lv_obj_create
lv_obj_set_size
lv_obj_align
lv_obj_set_flex_flow
lv_btn_create
lv_obj_add_flag
lv_label_create
lv_label_set_text_fmt
lv_obj_add_event_cb
