ARM GAS  /tmp/ccsI4l84.s 			page 1


   1              		.cpu cortex-m4
   2              		.eabi_attribute 27, 1
   3              		.eabi_attribute 28, 1
   4              		.eabi_attribute 20, 1
   5              		.eabi_attribute 21, 1
   6              		.eabi_attribute 23, 3
   7              		.eabi_attribute 24, 1
   8              		.eabi_attribute 25, 1
   9              		.eabi_attribute 26, 1
  10              		.eabi_attribute 30, 1
  11              		.eabi_attribute 34, 1
  12              		.eabi_attribute 18, 4
  13              		.file	"lv_example_grid_6.c"
  14              		.text
  15              	.Ltext0:
  16              		.cfi_sections	.debug_frame
  17              		.section	.rodata.lv_example_grid_6.str1.4,"aMS",%progbits,1
  18              		.align	2
  19              	.LC0:
  20 0000 25642C25 		.ascii	"%d,%d\000"
  20      6400
  21              		.section	.text.lv_example_grid_6,"ax",%progbits
  22              		.align	1
  23              		.global	lv_example_grid_6
  24              		.arch armv7e-m
  25              		.syntax unified
  26              		.thumb
  27              		.thumb_func
  28              		.fpu fpv4-sp-d16
  30              	lv_example_grid_6:
  31              	.LFB184:
  32              		.file 1 "Middlewares/lvgl/examples/layouts/grid/lv_example_grid_6.c"
   1:Middlewares/lvgl/examples/layouts/grid/lv_example_grid_6.c **** #include "../../lv_examples.h"
   2:Middlewares/lvgl/examples/layouts/grid/lv_example_grid_6.c **** #if LV_USE_GRID && LV_BUILD_EXAMPLES
   3:Middlewares/lvgl/examples/layouts/grid/lv_example_grid_6.c **** 
   4:Middlewares/lvgl/examples/layouts/grid/lv_example_grid_6.c **** /**
   5:Middlewares/lvgl/examples/layouts/grid/lv_example_grid_6.c ****  * Demonstrate RTL direction on grid
   6:Middlewares/lvgl/examples/layouts/grid/lv_example_grid_6.c ****  */
   7:Middlewares/lvgl/examples/layouts/grid/lv_example_grid_6.c **** void lv_example_grid_6(void)
   8:Middlewares/lvgl/examples/layouts/grid/lv_example_grid_6.c **** {
  33              		.loc 1 8 1 view -0
  34              		.cfi_startproc
  35              		@ args = 0, pretend = 0, frame = 0
  36              		@ frame_needed = 0, uses_anonymous_args = 0
  37 0000 2DE9F041 		push	{r4, r5, r6, r7, r8, lr}
  38              	.LCFI0:
  39              		.cfi_def_cfa_offset 24
  40              		.cfi_offset 4, -24
  41              		.cfi_offset 5, -20
  42              		.cfi_offset 6, -16
  43              		.cfi_offset 7, -12
  44              		.cfi_offset 8, -8
  45              		.cfi_offset 14, -4
  46 0004 84B0     		sub	sp, sp, #16
  47              	.LCFI1:
  48              		.cfi_def_cfa_offset 40
   9:Middlewares/lvgl/examples/layouts/grid/lv_example_grid_6.c **** 
ARM GAS  /tmp/ccsI4l84.s 			page 2


  10:Middlewares/lvgl/examples/layouts/grid/lv_example_grid_6.c ****     static lv_coord_t col_dsc[] = {60, 60, 60, LV_GRID_TEMPLATE_LAST};
  49              		.loc 1 10 5 view .LVU1
  11:Middlewares/lvgl/examples/layouts/grid/lv_example_grid_6.c ****     static lv_coord_t row_dsc[] = {45, 45, 45, LV_GRID_TEMPLATE_LAST};
  50              		.loc 1 11 5 view .LVU2
  12:Middlewares/lvgl/examples/layouts/grid/lv_example_grid_6.c **** 
  13:Middlewares/lvgl/examples/layouts/grid/lv_example_grid_6.c ****     /*Create a container with grid*/
  14:Middlewares/lvgl/examples/layouts/grid/lv_example_grid_6.c ****     lv_obj_t * cont = lv_obj_create(lv_scr_act());
  51              		.loc 1 14 5 view .LVU3
  52              	.LBB14:
  53              	.LBI14:
  54              		.file 2 "Middlewares/lvgl/examples/layouts/grid/../../../src/core/lv_disp.h"
   1:Middlewares/lvgl/examples/layouts/grid/../../../src/core/lv_disp.h **** /**
   2:Middlewares/lvgl/examples/layouts/grid/../../../src/core/lv_disp.h ****  * @file lv_disp.h
   3:Middlewares/lvgl/examples/layouts/grid/../../../src/core/lv_disp.h ****  *
   4:Middlewares/lvgl/examples/layouts/grid/../../../src/core/lv_disp.h ****  */
   5:Middlewares/lvgl/examples/layouts/grid/../../../src/core/lv_disp.h **** 
   6:Middlewares/lvgl/examples/layouts/grid/../../../src/core/lv_disp.h **** #ifndef LV_DISP_H
   7:Middlewares/lvgl/examples/layouts/grid/../../../src/core/lv_disp.h **** #define LV_DISP_H
   8:Middlewares/lvgl/examples/layouts/grid/../../../src/core/lv_disp.h **** 
   9:Middlewares/lvgl/examples/layouts/grid/../../../src/core/lv_disp.h **** #ifdef __cplusplus
  10:Middlewares/lvgl/examples/layouts/grid/../../../src/core/lv_disp.h **** extern "C" {
  11:Middlewares/lvgl/examples/layouts/grid/../../../src/core/lv_disp.h **** #endif
  12:Middlewares/lvgl/examples/layouts/grid/../../../src/core/lv_disp.h **** 
  13:Middlewares/lvgl/examples/layouts/grid/../../../src/core/lv_disp.h **** /*********************
  14:Middlewares/lvgl/examples/layouts/grid/../../../src/core/lv_disp.h ****  *      INCLUDES
  15:Middlewares/lvgl/examples/layouts/grid/../../../src/core/lv_disp.h ****  *********************/
  16:Middlewares/lvgl/examples/layouts/grid/../../../src/core/lv_disp.h **** #include "../hal/lv_hal.h"
  17:Middlewares/lvgl/examples/layouts/grid/../../../src/core/lv_disp.h **** #include "lv_obj.h"
  18:Middlewares/lvgl/examples/layouts/grid/../../../src/core/lv_disp.h **** #include "lv_theme.h"
  19:Middlewares/lvgl/examples/layouts/grid/../../../src/core/lv_disp.h **** 
  20:Middlewares/lvgl/examples/layouts/grid/../../../src/core/lv_disp.h **** /*********************
  21:Middlewares/lvgl/examples/layouts/grid/../../../src/core/lv_disp.h ****  *      DEFINES
  22:Middlewares/lvgl/examples/layouts/grid/../../../src/core/lv_disp.h ****  *********************/
  23:Middlewares/lvgl/examples/layouts/grid/../../../src/core/lv_disp.h **** 
  24:Middlewares/lvgl/examples/layouts/grid/../../../src/core/lv_disp.h **** /**********************
  25:Middlewares/lvgl/examples/layouts/grid/../../../src/core/lv_disp.h ****  *      TYPEDEFS
  26:Middlewares/lvgl/examples/layouts/grid/../../../src/core/lv_disp.h ****  **********************/
  27:Middlewares/lvgl/examples/layouts/grid/../../../src/core/lv_disp.h **** 
  28:Middlewares/lvgl/examples/layouts/grid/../../../src/core/lv_disp.h **** typedef enum {
  29:Middlewares/lvgl/examples/layouts/grid/../../../src/core/lv_disp.h ****     LV_SCR_LOAD_ANIM_NONE,
  30:Middlewares/lvgl/examples/layouts/grid/../../../src/core/lv_disp.h ****     LV_SCR_LOAD_ANIM_OVER_LEFT,
  31:Middlewares/lvgl/examples/layouts/grid/../../../src/core/lv_disp.h ****     LV_SCR_LOAD_ANIM_OVER_RIGHT,
  32:Middlewares/lvgl/examples/layouts/grid/../../../src/core/lv_disp.h ****     LV_SCR_LOAD_ANIM_OVER_TOP,
  33:Middlewares/lvgl/examples/layouts/grid/../../../src/core/lv_disp.h ****     LV_SCR_LOAD_ANIM_OVER_BOTTOM,
  34:Middlewares/lvgl/examples/layouts/grid/../../../src/core/lv_disp.h ****     LV_SCR_LOAD_ANIM_MOVE_LEFT,
  35:Middlewares/lvgl/examples/layouts/grid/../../../src/core/lv_disp.h ****     LV_SCR_LOAD_ANIM_MOVE_RIGHT,
  36:Middlewares/lvgl/examples/layouts/grid/../../../src/core/lv_disp.h ****     LV_SCR_LOAD_ANIM_MOVE_TOP,
  37:Middlewares/lvgl/examples/layouts/grid/../../../src/core/lv_disp.h ****     LV_SCR_LOAD_ANIM_MOVE_BOTTOM,
  38:Middlewares/lvgl/examples/layouts/grid/../../../src/core/lv_disp.h ****     LV_SCR_LOAD_ANIM_FADE_ON,
  39:Middlewares/lvgl/examples/layouts/grid/../../../src/core/lv_disp.h **** } lv_scr_load_anim_t;
  40:Middlewares/lvgl/examples/layouts/grid/../../../src/core/lv_disp.h **** 
  41:Middlewares/lvgl/examples/layouts/grid/../../../src/core/lv_disp.h **** /**********************
  42:Middlewares/lvgl/examples/layouts/grid/../../../src/core/lv_disp.h ****  * GLOBAL PROTOTYPES
  43:Middlewares/lvgl/examples/layouts/grid/../../../src/core/lv_disp.h ****  **********************/
  44:Middlewares/lvgl/examples/layouts/grid/../../../src/core/lv_disp.h **** 
  45:Middlewares/lvgl/examples/layouts/grid/../../../src/core/lv_disp.h **** /**
  46:Middlewares/lvgl/examples/layouts/grid/../../../src/core/lv_disp.h ****  * Return with a pointer to the active screen
ARM GAS  /tmp/ccsI4l84.s 			page 3


  47:Middlewares/lvgl/examples/layouts/grid/../../../src/core/lv_disp.h ****  * @param disp pointer to display which active screen should be get. (NULL to use the default
  48:Middlewares/lvgl/examples/layouts/grid/../../../src/core/lv_disp.h ****  * screen)
  49:Middlewares/lvgl/examples/layouts/grid/../../../src/core/lv_disp.h ****  * @return pointer to the active screen object (loaded by 'lv_scr_load()')
  50:Middlewares/lvgl/examples/layouts/grid/../../../src/core/lv_disp.h ****  */
  51:Middlewares/lvgl/examples/layouts/grid/../../../src/core/lv_disp.h **** lv_obj_t * lv_disp_get_scr_act(lv_disp_t * disp);
  52:Middlewares/lvgl/examples/layouts/grid/../../../src/core/lv_disp.h **** 
  53:Middlewares/lvgl/examples/layouts/grid/../../../src/core/lv_disp.h **** /**
  54:Middlewares/lvgl/examples/layouts/grid/../../../src/core/lv_disp.h ****  * Return with a pointer to the previous screen. Only used during screen transitions.
  55:Middlewares/lvgl/examples/layouts/grid/../../../src/core/lv_disp.h ****  * @param disp pointer to display which previous screen should be get. (NULL to use the default
  56:Middlewares/lvgl/examples/layouts/grid/../../../src/core/lv_disp.h ****  * screen)
  57:Middlewares/lvgl/examples/layouts/grid/../../../src/core/lv_disp.h ****  * @return pointer to the previous screen object or NULL if not used now
  58:Middlewares/lvgl/examples/layouts/grid/../../../src/core/lv_disp.h ****  */
  59:Middlewares/lvgl/examples/layouts/grid/../../../src/core/lv_disp.h **** lv_obj_t * lv_disp_get_scr_prev(lv_disp_t * disp);
  60:Middlewares/lvgl/examples/layouts/grid/../../../src/core/lv_disp.h **** 
  61:Middlewares/lvgl/examples/layouts/grid/../../../src/core/lv_disp.h **** /**
  62:Middlewares/lvgl/examples/layouts/grid/../../../src/core/lv_disp.h ****  * Make a screen active
  63:Middlewares/lvgl/examples/layouts/grid/../../../src/core/lv_disp.h ****  * @param scr pointer to a screen
  64:Middlewares/lvgl/examples/layouts/grid/../../../src/core/lv_disp.h ****  */
  65:Middlewares/lvgl/examples/layouts/grid/../../../src/core/lv_disp.h **** void lv_disp_load_scr(lv_obj_t * scr);
  66:Middlewares/lvgl/examples/layouts/grid/../../../src/core/lv_disp.h **** 
  67:Middlewares/lvgl/examples/layouts/grid/../../../src/core/lv_disp.h **** /**
  68:Middlewares/lvgl/examples/layouts/grid/../../../src/core/lv_disp.h ****  * Return with the top layer. (Same on every screen and it is above the normal screen layer)
  69:Middlewares/lvgl/examples/layouts/grid/../../../src/core/lv_disp.h ****  * @param disp pointer to display which top layer should be get. (NULL to use the default screen)
  70:Middlewares/lvgl/examples/layouts/grid/../../../src/core/lv_disp.h ****  * @return pointer to the top layer object  (transparent screen sized lv_obj)
  71:Middlewares/lvgl/examples/layouts/grid/../../../src/core/lv_disp.h ****  */
  72:Middlewares/lvgl/examples/layouts/grid/../../../src/core/lv_disp.h **** lv_obj_t * lv_disp_get_layer_top(lv_disp_t * disp);
  73:Middlewares/lvgl/examples/layouts/grid/../../../src/core/lv_disp.h **** 
  74:Middlewares/lvgl/examples/layouts/grid/../../../src/core/lv_disp.h **** /**
  75:Middlewares/lvgl/examples/layouts/grid/../../../src/core/lv_disp.h ****  * Return with the sys. layer. (Same on every screen and it is above the normal screen and the top
  76:Middlewares/lvgl/examples/layouts/grid/../../../src/core/lv_disp.h ****  * layer)
  77:Middlewares/lvgl/examples/layouts/grid/../../../src/core/lv_disp.h ****  * @param disp pointer to display which sys. layer  should be get. (NULL to use the default screen)
  78:Middlewares/lvgl/examples/layouts/grid/../../../src/core/lv_disp.h ****  * @return pointer to the sys layer object  (transparent screen sized lv_obj)
  79:Middlewares/lvgl/examples/layouts/grid/../../../src/core/lv_disp.h ****  */
  80:Middlewares/lvgl/examples/layouts/grid/../../../src/core/lv_disp.h **** lv_obj_t * lv_disp_get_layer_sys(lv_disp_t * disp);
  81:Middlewares/lvgl/examples/layouts/grid/../../../src/core/lv_disp.h **** 
  82:Middlewares/lvgl/examples/layouts/grid/../../../src/core/lv_disp.h **** /**
  83:Middlewares/lvgl/examples/layouts/grid/../../../src/core/lv_disp.h ****  * Get the theme of a display
  84:Middlewares/lvgl/examples/layouts/grid/../../../src/core/lv_disp.h ****  * @param disp pointer to a display
  85:Middlewares/lvgl/examples/layouts/grid/../../../src/core/lv_disp.h ****  * @return the display's theme (can be NULL)
  86:Middlewares/lvgl/examples/layouts/grid/../../../src/core/lv_disp.h ****  */
  87:Middlewares/lvgl/examples/layouts/grid/../../../src/core/lv_disp.h **** void lv_disp_set_theme(lv_disp_t * disp, lv_theme_t * th);
  88:Middlewares/lvgl/examples/layouts/grid/../../../src/core/lv_disp.h **** 
  89:Middlewares/lvgl/examples/layouts/grid/../../../src/core/lv_disp.h **** /**
  90:Middlewares/lvgl/examples/layouts/grid/../../../src/core/lv_disp.h ****  * Get the theme of a display
  91:Middlewares/lvgl/examples/layouts/grid/../../../src/core/lv_disp.h ****  * @param disp pointer to a display
  92:Middlewares/lvgl/examples/layouts/grid/../../../src/core/lv_disp.h ****  * @return the display's theme (can be NULL)
  93:Middlewares/lvgl/examples/layouts/grid/../../../src/core/lv_disp.h ****  */
  94:Middlewares/lvgl/examples/layouts/grid/../../../src/core/lv_disp.h **** lv_theme_t * lv_disp_get_theme(lv_disp_t * disp);
  95:Middlewares/lvgl/examples/layouts/grid/../../../src/core/lv_disp.h **** 
  96:Middlewares/lvgl/examples/layouts/grid/../../../src/core/lv_disp.h **** /**
  97:Middlewares/lvgl/examples/layouts/grid/../../../src/core/lv_disp.h ****  * Set the background color of a display
  98:Middlewares/lvgl/examples/layouts/grid/../../../src/core/lv_disp.h ****  * @param disp pointer to a display
  99:Middlewares/lvgl/examples/layouts/grid/../../../src/core/lv_disp.h ****  * @param color color of the background
 100:Middlewares/lvgl/examples/layouts/grid/../../../src/core/lv_disp.h ****  */
 101:Middlewares/lvgl/examples/layouts/grid/../../../src/core/lv_disp.h **** void lv_disp_set_bg_color(lv_disp_t * disp, lv_color_t color);
 102:Middlewares/lvgl/examples/layouts/grid/../../../src/core/lv_disp.h **** 
 103:Middlewares/lvgl/examples/layouts/grid/../../../src/core/lv_disp.h **** /**
ARM GAS  /tmp/ccsI4l84.s 			page 4


 104:Middlewares/lvgl/examples/layouts/grid/../../../src/core/lv_disp.h ****  * Set the background image of a display
 105:Middlewares/lvgl/examples/layouts/grid/../../../src/core/lv_disp.h ****  * @param disp pointer to a display
 106:Middlewares/lvgl/examples/layouts/grid/../../../src/core/lv_disp.h ****  * @param img_src path to file or pointer to an `lv_img_dsc_t` variable
 107:Middlewares/lvgl/examples/layouts/grid/../../../src/core/lv_disp.h ****  */
 108:Middlewares/lvgl/examples/layouts/grid/../../../src/core/lv_disp.h **** void lv_disp_set_bg_image(lv_disp_t * disp, const void  * img_src);
 109:Middlewares/lvgl/examples/layouts/grid/../../../src/core/lv_disp.h **** 
 110:Middlewares/lvgl/examples/layouts/grid/../../../src/core/lv_disp.h **** /**
 111:Middlewares/lvgl/examples/layouts/grid/../../../src/core/lv_disp.h ****  * Opacity of the background
 112:Middlewares/lvgl/examples/layouts/grid/../../../src/core/lv_disp.h ****  * @param disp pointer to a display
 113:Middlewares/lvgl/examples/layouts/grid/../../../src/core/lv_disp.h ****  * @param opa opacity (0..255)
 114:Middlewares/lvgl/examples/layouts/grid/../../../src/core/lv_disp.h ****  */
 115:Middlewares/lvgl/examples/layouts/grid/../../../src/core/lv_disp.h **** void lv_disp_set_bg_opa(lv_disp_t * disp, lv_opa_t opa);
 116:Middlewares/lvgl/examples/layouts/grid/../../../src/core/lv_disp.h **** 
 117:Middlewares/lvgl/examples/layouts/grid/../../../src/core/lv_disp.h **** /**
 118:Middlewares/lvgl/examples/layouts/grid/../../../src/core/lv_disp.h ****  * Switch screen with animation
 119:Middlewares/lvgl/examples/layouts/grid/../../../src/core/lv_disp.h ****  * @param scr pointer to the new screen to load
 120:Middlewares/lvgl/examples/layouts/grid/../../../src/core/lv_disp.h ****  * @param anim_type type of the animation from `lv_scr_load_anim_t`. E.g.  `LV_SCR_LOAD_ANIM_MOVE_L
 121:Middlewares/lvgl/examples/layouts/grid/../../../src/core/lv_disp.h ****  * @param time time of the animation
 122:Middlewares/lvgl/examples/layouts/grid/../../../src/core/lv_disp.h ****  * @param delay delay before the transition
 123:Middlewares/lvgl/examples/layouts/grid/../../../src/core/lv_disp.h ****  * @param auto_del true: automatically delete the old screen
 124:Middlewares/lvgl/examples/layouts/grid/../../../src/core/lv_disp.h ****  */
 125:Middlewares/lvgl/examples/layouts/grid/../../../src/core/lv_disp.h **** void lv_scr_load_anim(lv_obj_t * scr, lv_scr_load_anim_t anim_type, uint32_t time, uint32_t delay, 
 126:Middlewares/lvgl/examples/layouts/grid/../../../src/core/lv_disp.h **** 
 127:Middlewares/lvgl/examples/layouts/grid/../../../src/core/lv_disp.h **** /**
 128:Middlewares/lvgl/examples/layouts/grid/../../../src/core/lv_disp.h ****  * Get elapsed time since last user activity on a display (e.g. click)
 129:Middlewares/lvgl/examples/layouts/grid/../../../src/core/lv_disp.h ****  * @param disp pointer to an display (NULL to get the overall smallest inactivity)
 130:Middlewares/lvgl/examples/layouts/grid/../../../src/core/lv_disp.h ****  * @return elapsed ticks (milliseconds) since the last activity
 131:Middlewares/lvgl/examples/layouts/grid/../../../src/core/lv_disp.h ****  */
 132:Middlewares/lvgl/examples/layouts/grid/../../../src/core/lv_disp.h **** uint32_t lv_disp_get_inactive_time(const lv_disp_t * disp);
 133:Middlewares/lvgl/examples/layouts/grid/../../../src/core/lv_disp.h **** 
 134:Middlewares/lvgl/examples/layouts/grid/../../../src/core/lv_disp.h **** /**
 135:Middlewares/lvgl/examples/layouts/grid/../../../src/core/lv_disp.h ****  * Manually trigger an activity on a display
 136:Middlewares/lvgl/examples/layouts/grid/../../../src/core/lv_disp.h ****  * @param disp pointer to an display (NULL to use the default display)
 137:Middlewares/lvgl/examples/layouts/grid/../../../src/core/lv_disp.h ****  */
 138:Middlewares/lvgl/examples/layouts/grid/../../../src/core/lv_disp.h **** void lv_disp_trig_activity(lv_disp_t * disp);
 139:Middlewares/lvgl/examples/layouts/grid/../../../src/core/lv_disp.h **** 
 140:Middlewares/lvgl/examples/layouts/grid/../../../src/core/lv_disp.h **** /**
 141:Middlewares/lvgl/examples/layouts/grid/../../../src/core/lv_disp.h ****  * Clean any CPU cache that is related to the display.
 142:Middlewares/lvgl/examples/layouts/grid/../../../src/core/lv_disp.h ****  * @param disp pointer to an display (NULL to use the default display)
 143:Middlewares/lvgl/examples/layouts/grid/../../../src/core/lv_disp.h ****  */
 144:Middlewares/lvgl/examples/layouts/grid/../../../src/core/lv_disp.h **** void lv_disp_clean_dcache(lv_disp_t * disp);
 145:Middlewares/lvgl/examples/layouts/grid/../../../src/core/lv_disp.h **** 
 146:Middlewares/lvgl/examples/layouts/grid/../../../src/core/lv_disp.h **** /**
 147:Middlewares/lvgl/examples/layouts/grid/../../../src/core/lv_disp.h ****  * Get a pointer to the screen refresher timer to
 148:Middlewares/lvgl/examples/layouts/grid/../../../src/core/lv_disp.h ****  * modify its parameters with `lv_timer_...` functions.
 149:Middlewares/lvgl/examples/layouts/grid/../../../src/core/lv_disp.h ****  * @param disp pointer to a display
 150:Middlewares/lvgl/examples/layouts/grid/../../../src/core/lv_disp.h ****  * @return pointer to the display refresher timer. (NULL on error)
 151:Middlewares/lvgl/examples/layouts/grid/../../../src/core/lv_disp.h ****  */
 152:Middlewares/lvgl/examples/layouts/grid/../../../src/core/lv_disp.h **** lv_timer_t * _lv_disp_get_refr_timer(lv_disp_t * disp);
 153:Middlewares/lvgl/examples/layouts/grid/../../../src/core/lv_disp.h **** 
 154:Middlewares/lvgl/examples/layouts/grid/../../../src/core/lv_disp.h **** /*------------------------------------------------
 155:Middlewares/lvgl/examples/layouts/grid/../../../src/core/lv_disp.h ****  * To improve backward compatibility
 156:Middlewares/lvgl/examples/layouts/grid/../../../src/core/lv_disp.h ****  * Recommended only if you have one display
 157:Middlewares/lvgl/examples/layouts/grid/../../../src/core/lv_disp.h ****  *------------------------------------------------*/
 158:Middlewares/lvgl/examples/layouts/grid/../../../src/core/lv_disp.h **** 
 159:Middlewares/lvgl/examples/layouts/grid/../../../src/core/lv_disp.h **** /**
 160:Middlewares/lvgl/examples/layouts/grid/../../../src/core/lv_disp.h ****  * Get the active screen of the default display
ARM GAS  /tmp/ccsI4l84.s 			page 5


 161:Middlewares/lvgl/examples/layouts/grid/../../../src/core/lv_disp.h ****  * @return pointer to the active screen
 162:Middlewares/lvgl/examples/layouts/grid/../../../src/core/lv_disp.h ****  */
 163:Middlewares/lvgl/examples/layouts/grid/../../../src/core/lv_disp.h **** static inline lv_obj_t * lv_scr_act(void)
  55              		.loc 2 163 26 view .LVU4
  56              	.LBB15:
 164:Middlewares/lvgl/examples/layouts/grid/../../../src/core/lv_disp.h **** {
 165:Middlewares/lvgl/examples/layouts/grid/../../../src/core/lv_disp.h ****     return lv_disp_get_scr_act(lv_disp_get_default());
  57              		.loc 2 165 5 view .LVU5
  58              		.loc 2 165 12 is_stmt 0 view .LVU6
  59 0006 FFF7FEFF 		bl	lv_disp_get_default
  60              	.LVL0:
  61 000a FFF7FEFF 		bl	lv_disp_get_scr_act
  62              	.LVL1:
  63              	.LBE15:
  64              	.LBE14:
  65              		.loc 1 14 23 view .LVU7
  66 000e FFF7FEFF 		bl	lv_obj_create
  67              	.LVL2:
  68 0012 0746     		mov	r7, r0
  69              	.LVL3:
  15:Middlewares/lvgl/examples/layouts/grid/lv_example_grid_6.c ****     lv_obj_set_size(cont, 300, 220);
  70              		.loc 1 15 5 is_stmt 1 view .LVU8
  71 0014 DC22     		movs	r2, #220
  72 0016 4FF49671 		mov	r1, #300
  73 001a FFF7FEFF 		bl	lv_obj_set_size
  74              	.LVL4:
  16:Middlewares/lvgl/examples/layouts/grid/lv_example_grid_6.c ****     lv_obj_center(cont);
  75              		.loc 1 16 5 view .LVU9
  76              	.LBB16:
  77              	.LBI16:
  78              		.file 3 "Middlewares/lvgl/examples/layouts/grid/../../../src/core/lv_obj_pos.h"
   1:Middlewares/lvgl/examples/layouts/grid/../../../src/core/lv_obj_pos.h **** /**
   2:Middlewares/lvgl/examples/layouts/grid/../../../src/core/lv_obj_pos.h ****  * @file lv_obj_pos.h
   3:Middlewares/lvgl/examples/layouts/grid/../../../src/core/lv_obj_pos.h ****  *
   4:Middlewares/lvgl/examples/layouts/grid/../../../src/core/lv_obj_pos.h ****  */
   5:Middlewares/lvgl/examples/layouts/grid/../../../src/core/lv_obj_pos.h **** 
   6:Middlewares/lvgl/examples/layouts/grid/../../../src/core/lv_obj_pos.h **** #ifndef LV_OBJ_POS_H
   7:Middlewares/lvgl/examples/layouts/grid/../../../src/core/lv_obj_pos.h **** #define LV_OBJ_POS_H
   8:Middlewares/lvgl/examples/layouts/grid/../../../src/core/lv_obj_pos.h **** 
   9:Middlewares/lvgl/examples/layouts/grid/../../../src/core/lv_obj_pos.h **** #ifdef __cplusplus
  10:Middlewares/lvgl/examples/layouts/grid/../../../src/core/lv_obj_pos.h **** extern "C" {
  11:Middlewares/lvgl/examples/layouts/grid/../../../src/core/lv_obj_pos.h **** #endif
  12:Middlewares/lvgl/examples/layouts/grid/../../../src/core/lv_obj_pos.h **** 
  13:Middlewares/lvgl/examples/layouts/grid/../../../src/core/lv_obj_pos.h **** /*********************
  14:Middlewares/lvgl/examples/layouts/grid/../../../src/core/lv_obj_pos.h ****  *      INCLUDES
  15:Middlewares/lvgl/examples/layouts/grid/../../../src/core/lv_obj_pos.h ****  *********************/
  16:Middlewares/lvgl/examples/layouts/grid/../../../src/core/lv_obj_pos.h **** #include "../misc/lv_area.h"
  17:Middlewares/lvgl/examples/layouts/grid/../../../src/core/lv_obj_pos.h **** 
  18:Middlewares/lvgl/examples/layouts/grid/../../../src/core/lv_obj_pos.h **** /*********************
  19:Middlewares/lvgl/examples/layouts/grid/../../../src/core/lv_obj_pos.h ****  *      DEFINES
  20:Middlewares/lvgl/examples/layouts/grid/../../../src/core/lv_obj_pos.h ****  *********************/
  21:Middlewares/lvgl/examples/layouts/grid/../../../src/core/lv_obj_pos.h **** 
  22:Middlewares/lvgl/examples/layouts/grid/../../../src/core/lv_obj_pos.h **** /**********************
  23:Middlewares/lvgl/examples/layouts/grid/../../../src/core/lv_obj_pos.h ****  *      TYPEDEFS
  24:Middlewares/lvgl/examples/layouts/grid/../../../src/core/lv_obj_pos.h ****  **********************/
  25:Middlewares/lvgl/examples/layouts/grid/../../../src/core/lv_obj_pos.h **** struct _lv_obj_t;
  26:Middlewares/lvgl/examples/layouts/grid/../../../src/core/lv_obj_pos.h **** 
ARM GAS  /tmp/ccsI4l84.s 			page 6


  27:Middlewares/lvgl/examples/layouts/grid/../../../src/core/lv_obj_pos.h **** typedef void (*lv_layout_update_cb_t)(struct _lv_obj_t *, void * user_data);
  28:Middlewares/lvgl/examples/layouts/grid/../../../src/core/lv_obj_pos.h **** typedef struct {
  29:Middlewares/lvgl/examples/layouts/grid/../../../src/core/lv_obj_pos.h ****     lv_layout_update_cb_t cb;
  30:Middlewares/lvgl/examples/layouts/grid/../../../src/core/lv_obj_pos.h ****     void * user_data;
  31:Middlewares/lvgl/examples/layouts/grid/../../../src/core/lv_obj_pos.h **** }lv_layout_dsc_t;
  32:Middlewares/lvgl/examples/layouts/grid/../../../src/core/lv_obj_pos.h **** 
  33:Middlewares/lvgl/examples/layouts/grid/../../../src/core/lv_obj_pos.h **** /**********************
  34:Middlewares/lvgl/examples/layouts/grid/../../../src/core/lv_obj_pos.h ****  * GLOBAL PROTOTYPES
  35:Middlewares/lvgl/examples/layouts/grid/../../../src/core/lv_obj_pos.h ****  **********************/
  36:Middlewares/lvgl/examples/layouts/grid/../../../src/core/lv_obj_pos.h **** 
  37:Middlewares/lvgl/examples/layouts/grid/../../../src/core/lv_obj_pos.h **** /**
  38:Middlewares/lvgl/examples/layouts/grid/../../../src/core/lv_obj_pos.h ****  * Set the relative the position of an object (relative to the parent's top left corner)
  39:Middlewares/lvgl/examples/layouts/grid/../../../src/core/lv_obj_pos.h ****  * @param obj       pointer to an object
  40:Middlewares/lvgl/examples/layouts/grid/../../../src/core/lv_obj_pos.h ****  * @param x         new distance from the left side of the parent plus the parent's left padding
  41:Middlewares/lvgl/examples/layouts/grid/../../../src/core/lv_obj_pos.h ****  * @param y         new distance from the top side of the parent  plus the parent's right padding
  42:Middlewares/lvgl/examples/layouts/grid/../../../src/core/lv_obj_pos.h ****  */
  43:Middlewares/lvgl/examples/layouts/grid/../../../src/core/lv_obj_pos.h **** void lv_obj_set_pos(struct _lv_obj_t * obj, lv_coord_t x, lv_coord_t y);
  44:Middlewares/lvgl/examples/layouts/grid/../../../src/core/lv_obj_pos.h **** 
  45:Middlewares/lvgl/examples/layouts/grid/../../../src/core/lv_obj_pos.h **** /**
  46:Middlewares/lvgl/examples/layouts/grid/../../../src/core/lv_obj_pos.h ****  * Set the x coordinate of a object
  47:Middlewares/lvgl/examples/layouts/grid/../../../src/core/lv_obj_pos.h ****  * @param obj       pointer to an object
  48:Middlewares/lvgl/examples/layouts/grid/../../../src/core/lv_obj_pos.h ****  * @param x         new distance from the left side from the parent plus the parent's left padding
  49:Middlewares/lvgl/examples/layouts/grid/../../../src/core/lv_obj_pos.h ****  */
  50:Middlewares/lvgl/examples/layouts/grid/../../../src/core/lv_obj_pos.h **** void lv_obj_set_x(struct _lv_obj_t * obj, lv_coord_t x);
  51:Middlewares/lvgl/examples/layouts/grid/../../../src/core/lv_obj_pos.h **** 
  52:Middlewares/lvgl/examples/layouts/grid/../../../src/core/lv_obj_pos.h **** /**
  53:Middlewares/lvgl/examples/layouts/grid/../../../src/core/lv_obj_pos.h ****  * Set the y coordinate of a object
  54:Middlewares/lvgl/examples/layouts/grid/../../../src/core/lv_obj_pos.h ****  * @param obj       pointer to an object
  55:Middlewares/lvgl/examples/layouts/grid/../../../src/core/lv_obj_pos.h ****  * @param y         new distance from the top of the parent  plus the parent's top padding
  56:Middlewares/lvgl/examples/layouts/grid/../../../src/core/lv_obj_pos.h ****  */
  57:Middlewares/lvgl/examples/layouts/grid/../../../src/core/lv_obj_pos.h **** void lv_obj_set_y(struct _lv_obj_t * obj, lv_coord_t y);
  58:Middlewares/lvgl/examples/layouts/grid/../../../src/core/lv_obj_pos.h **** 
  59:Middlewares/lvgl/examples/layouts/grid/../../../src/core/lv_obj_pos.h **** /**
  60:Middlewares/lvgl/examples/layouts/grid/../../../src/core/lv_obj_pos.h ****  * Set the size of an object.
  61:Middlewares/lvgl/examples/layouts/grid/../../../src/core/lv_obj_pos.h ****  * @param obj       pointer to an object
  62:Middlewares/lvgl/examples/layouts/grid/../../../src/core/lv_obj_pos.h ****  * @param w         the new width
  63:Middlewares/lvgl/examples/layouts/grid/../../../src/core/lv_obj_pos.h ****  * @param h         the new height
  64:Middlewares/lvgl/examples/layouts/grid/../../../src/core/lv_obj_pos.h ****  * @note            possible values are:
  65:Middlewares/lvgl/examples/layouts/grid/../../../src/core/lv_obj_pos.h ****  *                  pixel               simple set the size accordingly
  66:Middlewares/lvgl/examples/layouts/grid/../../../src/core/lv_obj_pos.h ****  *                  LV_SIZE_CONTENT     set the size to involve all children in the given direction
  67:Middlewares/lvgl/examples/layouts/grid/../../../src/core/lv_obj_pos.h ****  *                  LV_SIZE_PCT(x)     to set size in percentage of the parent's content area size 
  68:Middlewares/lvgl/examples/layouts/grid/../../../src/core/lv_obj_pos.h ****  *                                      x should be in [0..1000]% range
  69:Middlewares/lvgl/examples/layouts/grid/../../../src/core/lv_obj_pos.h ****  */
  70:Middlewares/lvgl/examples/layouts/grid/../../../src/core/lv_obj_pos.h **** void lv_obj_set_size(struct _lv_obj_t * obj, lv_coord_t w, lv_coord_t h);
  71:Middlewares/lvgl/examples/layouts/grid/../../../src/core/lv_obj_pos.h **** 
  72:Middlewares/lvgl/examples/layouts/grid/../../../src/core/lv_obj_pos.h **** /**
  73:Middlewares/lvgl/examples/layouts/grid/../../../src/core/lv_obj_pos.h ****  * Recalculate the size of the object
  74:Middlewares/lvgl/examples/layouts/grid/../../../src/core/lv_obj_pos.h ****  * @param obj       pointer to an object
  75:Middlewares/lvgl/examples/layouts/grid/../../../src/core/lv_obj_pos.h ****  * @return          true: the size has been changed
  76:Middlewares/lvgl/examples/layouts/grid/../../../src/core/lv_obj_pos.h ****  */
  77:Middlewares/lvgl/examples/layouts/grid/../../../src/core/lv_obj_pos.h **** bool lv_obj_refr_size(struct _lv_obj_t * obj);
  78:Middlewares/lvgl/examples/layouts/grid/../../../src/core/lv_obj_pos.h **** 
  79:Middlewares/lvgl/examples/layouts/grid/../../../src/core/lv_obj_pos.h **** /**
  80:Middlewares/lvgl/examples/layouts/grid/../../../src/core/lv_obj_pos.h ****  * Set the width of an object
  81:Middlewares/lvgl/examples/layouts/grid/../../../src/core/lv_obj_pos.h ****  * @param obj       pointer to an object
  82:Middlewares/lvgl/examples/layouts/grid/../../../src/core/lv_obj_pos.h ****  * @param w         the new width
  83:Middlewares/lvgl/examples/layouts/grid/../../../src/core/lv_obj_pos.h ****  * @note            possible values are:
ARM GAS  /tmp/ccsI4l84.s 			page 7


  84:Middlewares/lvgl/examples/layouts/grid/../../../src/core/lv_obj_pos.h ****  *                  pixel               simple set the size accordingly
  85:Middlewares/lvgl/examples/layouts/grid/../../../src/core/lv_obj_pos.h ****  *                  LV_SIZE_CONTENT     set the size to involve all children in the given direction
  86:Middlewares/lvgl/examples/layouts/grid/../../../src/core/lv_obj_pos.h ****  *                  lv_pct(x)           to set size in percentage of the parent's content area size
  87:Middlewares/lvgl/examples/layouts/grid/../../../src/core/lv_obj_pos.h ****  *                                      x should be in [0..1000]% range
  88:Middlewares/lvgl/examples/layouts/grid/../../../src/core/lv_obj_pos.h ****  */
  89:Middlewares/lvgl/examples/layouts/grid/../../../src/core/lv_obj_pos.h **** void lv_obj_set_width(struct _lv_obj_t * obj, lv_coord_t w);
  90:Middlewares/lvgl/examples/layouts/grid/../../../src/core/lv_obj_pos.h **** 
  91:Middlewares/lvgl/examples/layouts/grid/../../../src/core/lv_obj_pos.h **** /**
  92:Middlewares/lvgl/examples/layouts/grid/../../../src/core/lv_obj_pos.h ****  * Set the height of an object
  93:Middlewares/lvgl/examples/layouts/grid/../../../src/core/lv_obj_pos.h ****  * @param obj       pointer to an object
  94:Middlewares/lvgl/examples/layouts/grid/../../../src/core/lv_obj_pos.h ****  * @param h         the new height
  95:Middlewares/lvgl/examples/layouts/grid/../../../src/core/lv_obj_pos.h ****  * @note            possible values are:
  96:Middlewares/lvgl/examples/layouts/grid/../../../src/core/lv_obj_pos.h ****  *                  pixel               simple set the size accordingly
  97:Middlewares/lvgl/examples/layouts/grid/../../../src/core/lv_obj_pos.h ****  *                  LV_SIZE_CONTENT     set the size to involve all children in the given direction
  98:Middlewares/lvgl/examples/layouts/grid/../../../src/core/lv_obj_pos.h ****  *                  lv_pct(x)           to set size in percentage of the parent's content area size
  99:Middlewares/lvgl/examples/layouts/grid/../../../src/core/lv_obj_pos.h ****  *                                      x should be in [0..1000]% range
 100:Middlewares/lvgl/examples/layouts/grid/../../../src/core/lv_obj_pos.h ****  */
 101:Middlewares/lvgl/examples/layouts/grid/../../../src/core/lv_obj_pos.h **** void lv_obj_set_height(struct _lv_obj_t * obj, lv_coord_t h);
 102:Middlewares/lvgl/examples/layouts/grid/../../../src/core/lv_obj_pos.h **** 
 103:Middlewares/lvgl/examples/layouts/grid/../../../src/core/lv_obj_pos.h **** /**
 104:Middlewares/lvgl/examples/layouts/grid/../../../src/core/lv_obj_pos.h ****  * Set the width reduced by the left and right padding and the border width.
 105:Middlewares/lvgl/examples/layouts/grid/../../../src/core/lv_obj_pos.h ****  * @param obj       pointer to an object
 106:Middlewares/lvgl/examples/layouts/grid/../../../src/core/lv_obj_pos.h ****  * @param w         the width without paddings in pixels
 107:Middlewares/lvgl/examples/layouts/grid/../../../src/core/lv_obj_pos.h ****  */
 108:Middlewares/lvgl/examples/layouts/grid/../../../src/core/lv_obj_pos.h **** void lv_obj_set_content_width(struct _lv_obj_t * obj, lv_coord_t w);
 109:Middlewares/lvgl/examples/layouts/grid/../../../src/core/lv_obj_pos.h **** 
 110:Middlewares/lvgl/examples/layouts/grid/../../../src/core/lv_obj_pos.h **** /**
 111:Middlewares/lvgl/examples/layouts/grid/../../../src/core/lv_obj_pos.h ****  * Set the height reduced by the top and bottom padding and the border width.
 112:Middlewares/lvgl/examples/layouts/grid/../../../src/core/lv_obj_pos.h ****  * @param obj       pointer to an object
 113:Middlewares/lvgl/examples/layouts/grid/../../../src/core/lv_obj_pos.h ****  * @param h         the height without paddings in pixels
 114:Middlewares/lvgl/examples/layouts/grid/../../../src/core/lv_obj_pos.h ****  */
 115:Middlewares/lvgl/examples/layouts/grid/../../../src/core/lv_obj_pos.h **** void lv_obj_set_content_height(struct _lv_obj_t * obj, lv_coord_t h);
 116:Middlewares/lvgl/examples/layouts/grid/../../../src/core/lv_obj_pos.h **** 
 117:Middlewares/lvgl/examples/layouts/grid/../../../src/core/lv_obj_pos.h **** /**
 118:Middlewares/lvgl/examples/layouts/grid/../../../src/core/lv_obj_pos.h ****  * Set a layout for an object
 119:Middlewares/lvgl/examples/layouts/grid/../../../src/core/lv_obj_pos.h ****  * @param obj       pointer to an object
 120:Middlewares/lvgl/examples/layouts/grid/../../../src/core/lv_obj_pos.h ****  * @param layout    pointer to a layout descriptor to set
 121:Middlewares/lvgl/examples/layouts/grid/../../../src/core/lv_obj_pos.h ****  */
 122:Middlewares/lvgl/examples/layouts/grid/../../../src/core/lv_obj_pos.h **** void lv_obj_set_layout(struct _lv_obj_t * obj, uint32_t layout);
 123:Middlewares/lvgl/examples/layouts/grid/../../../src/core/lv_obj_pos.h **** 
 124:Middlewares/lvgl/examples/layouts/grid/../../../src/core/lv_obj_pos.h **** /**
 125:Middlewares/lvgl/examples/layouts/grid/../../../src/core/lv_obj_pos.h ****  * Test whether the and object is positioned by a layout or not
 126:Middlewares/lvgl/examples/layouts/grid/../../../src/core/lv_obj_pos.h ****  * @param obj       pointer to an object to test
 127:Middlewares/lvgl/examples/layouts/grid/../../../src/core/lv_obj_pos.h ****  * @return true:    positioned by a layout; false: not positioned by a layout
 128:Middlewares/lvgl/examples/layouts/grid/../../../src/core/lv_obj_pos.h ****  */
 129:Middlewares/lvgl/examples/layouts/grid/../../../src/core/lv_obj_pos.h **** bool lv_obj_is_layout_positioned(const struct _lv_obj_t * obj);
 130:Middlewares/lvgl/examples/layouts/grid/../../../src/core/lv_obj_pos.h **** 
 131:Middlewares/lvgl/examples/layouts/grid/../../../src/core/lv_obj_pos.h **** /**
 132:Middlewares/lvgl/examples/layouts/grid/../../../src/core/lv_obj_pos.h ****  * Mark the object for layout update.
 133:Middlewares/lvgl/examples/layouts/grid/../../../src/core/lv_obj_pos.h ****  * @param obj      pointer to an object whose children needs to be updated
 134:Middlewares/lvgl/examples/layouts/grid/../../../src/core/lv_obj_pos.h ****  */
 135:Middlewares/lvgl/examples/layouts/grid/../../../src/core/lv_obj_pos.h **** void lv_obj_mark_layout_as_dirty(struct _lv_obj_t * obj);
 136:Middlewares/lvgl/examples/layouts/grid/../../../src/core/lv_obj_pos.h **** 
 137:Middlewares/lvgl/examples/layouts/grid/../../../src/core/lv_obj_pos.h **** /**
 138:Middlewares/lvgl/examples/layouts/grid/../../../src/core/lv_obj_pos.h ****  * Update the layout of an object.
 139:Middlewares/lvgl/examples/layouts/grid/../../../src/core/lv_obj_pos.h ****  * @param obj      pointer to an object whose children needs to be updated
 140:Middlewares/lvgl/examples/layouts/grid/../../../src/core/lv_obj_pos.h ****  */
ARM GAS  /tmp/ccsI4l84.s 			page 8


 141:Middlewares/lvgl/examples/layouts/grid/../../../src/core/lv_obj_pos.h **** void lv_obj_update_layout(const struct _lv_obj_t * obj);
 142:Middlewares/lvgl/examples/layouts/grid/../../../src/core/lv_obj_pos.h **** 
 143:Middlewares/lvgl/examples/layouts/grid/../../../src/core/lv_obj_pos.h **** /**
 144:Middlewares/lvgl/examples/layouts/grid/../../../src/core/lv_obj_pos.h ****  * Regsiter a new layout
 145:Middlewares/lvgl/examples/layouts/grid/../../../src/core/lv_obj_pos.h ****  * @param cb        the layout update callback
 146:Middlewares/lvgl/examples/layouts/grid/../../../src/core/lv_obj_pos.h ****  * @param user_data custom data that will be passed to `cb`
 147:Middlewares/lvgl/examples/layouts/grid/../../../src/core/lv_obj_pos.h ****  * @return          the ID of the new layout
 148:Middlewares/lvgl/examples/layouts/grid/../../../src/core/lv_obj_pos.h ****  */
 149:Middlewares/lvgl/examples/layouts/grid/../../../src/core/lv_obj_pos.h **** uint32_t lv_layout_register(lv_layout_update_cb_t cb, void * user_data);
 150:Middlewares/lvgl/examples/layouts/grid/../../../src/core/lv_obj_pos.h **** 
 151:Middlewares/lvgl/examples/layouts/grid/../../../src/core/lv_obj_pos.h **** /**
 152:Middlewares/lvgl/examples/layouts/grid/../../../src/core/lv_obj_pos.h ****  * Change the alignment of an object.
 153:Middlewares/lvgl/examples/layouts/grid/../../../src/core/lv_obj_pos.h ****  * @param obj       pointer to an object to align
 154:Middlewares/lvgl/examples/layouts/grid/../../../src/core/lv_obj_pos.h ****  * @param align     type of alignment (see 'lv_align_t' enum) `LV_ALIGN_OUT_...` can't be used.
 155:Middlewares/lvgl/examples/layouts/grid/../../../src/core/lv_obj_pos.h ****  */
 156:Middlewares/lvgl/examples/layouts/grid/../../../src/core/lv_obj_pos.h **** void lv_obj_set_align(struct _lv_obj_t * obj, lv_align_t align);
 157:Middlewares/lvgl/examples/layouts/grid/../../../src/core/lv_obj_pos.h **** 
 158:Middlewares/lvgl/examples/layouts/grid/../../../src/core/lv_obj_pos.h **** /**
 159:Middlewares/lvgl/examples/layouts/grid/../../../src/core/lv_obj_pos.h ****  * Change the alignment of an object and set new coordinates.
 160:Middlewares/lvgl/examples/layouts/grid/../../../src/core/lv_obj_pos.h ****  * Equivalent to:
 161:Middlewares/lvgl/examples/layouts/grid/../../../src/core/lv_obj_pos.h ****  * lv_obj_set_align(obj, align);
 162:Middlewares/lvgl/examples/layouts/grid/../../../src/core/lv_obj_pos.h ****  * lv_obj_set_pos(obj, x_ofs, y_ofs);
 163:Middlewares/lvgl/examples/layouts/grid/../../../src/core/lv_obj_pos.h ****  * @param obj       pointer to an object to align
 164:Middlewares/lvgl/examples/layouts/grid/../../../src/core/lv_obj_pos.h ****  * @param align     type of alignment (see 'lv_align_t' enum) `LV_ALIGN_OUT_...` can't be used.
 165:Middlewares/lvgl/examples/layouts/grid/../../../src/core/lv_obj_pos.h ****  * @param x_ofs     x coordinate offset after alignment
 166:Middlewares/lvgl/examples/layouts/grid/../../../src/core/lv_obj_pos.h ****  * @param y_ofs     y coordinate offset after alignment
 167:Middlewares/lvgl/examples/layouts/grid/../../../src/core/lv_obj_pos.h ****  */
 168:Middlewares/lvgl/examples/layouts/grid/../../../src/core/lv_obj_pos.h **** void lv_obj_align(struct _lv_obj_t * obj, lv_align_t align, lv_coord_t x_ofs, lv_coord_t y_ofs);
 169:Middlewares/lvgl/examples/layouts/grid/../../../src/core/lv_obj_pos.h **** 
 170:Middlewares/lvgl/examples/layouts/grid/../../../src/core/lv_obj_pos.h **** /**
 171:Middlewares/lvgl/examples/layouts/grid/../../../src/core/lv_obj_pos.h ****  * Align an object to an other object.
 172:Middlewares/lvgl/examples/layouts/grid/../../../src/core/lv_obj_pos.h ****  * @param obj       pointer to an object to align
 173:Middlewares/lvgl/examples/layouts/grid/../../../src/core/lv_obj_pos.h ****  * @param base      pointer to an other object (if NULL `obj`s parent is used). 'obj' will be align
 174:Middlewares/lvgl/examples/layouts/grid/../../../src/core/lv_obj_pos.h ****  * @param align     type of alignment (see 'lv_align_t' enum)
 175:Middlewares/lvgl/examples/layouts/grid/../../../src/core/lv_obj_pos.h ****  * @param x_ofs     x coordinate offset after alignment
 176:Middlewares/lvgl/examples/layouts/grid/../../../src/core/lv_obj_pos.h ****  * @param y_ofs     y coordinate offset after alignment
 177:Middlewares/lvgl/examples/layouts/grid/../../../src/core/lv_obj_pos.h ****  * @note            if the position or size of `base` changes `obj` needs to be aligned manually ag
 178:Middlewares/lvgl/examples/layouts/grid/../../../src/core/lv_obj_pos.h ****  */
 179:Middlewares/lvgl/examples/layouts/grid/../../../src/core/lv_obj_pos.h **** void lv_obj_align_to(struct _lv_obj_t * obj, const struct _lv_obj_t * base, lv_align_t align, lv_co
 180:Middlewares/lvgl/examples/layouts/grid/../../../src/core/lv_obj_pos.h **** 
 181:Middlewares/lvgl/examples/layouts/grid/../../../src/core/lv_obj_pos.h **** /**
 182:Middlewares/lvgl/examples/layouts/grid/../../../src/core/lv_obj_pos.h ****  * Align an object to the center on its parent.
 183:Middlewares/lvgl/examples/layouts/grid/../../../src/core/lv_obj_pos.h ****  * @param obj       pointer to an object to align
 184:Middlewares/lvgl/examples/layouts/grid/../../../src/core/lv_obj_pos.h ****  * @note            if the parent size changes `obj` needs to be aligned manually again
 185:Middlewares/lvgl/examples/layouts/grid/../../../src/core/lv_obj_pos.h ****  */
 186:Middlewares/lvgl/examples/layouts/grid/../../../src/core/lv_obj_pos.h **** static inline void lv_obj_center(struct _lv_obj_t * obj)
  79              		.loc 3 186 20 view .LVU10
  80              	.LBB17:
 187:Middlewares/lvgl/examples/layouts/grid/../../../src/core/lv_obj_pos.h **** {
 188:Middlewares/lvgl/examples/layouts/grid/../../../src/core/lv_obj_pos.h ****     lv_obj_align(obj, LV_ALIGN_CENTER, 0, 0);
  81              		.loc 3 188 5 view .LVU11
  82 001e 0023     		movs	r3, #0
  83 0020 1A46     		mov	r2, r3
  84 0022 0921     		movs	r1, #9
  85 0024 3846     		mov	r0, r7
  86 0026 FFF7FEFF 		bl	lv_obj_align
  87              	.LVL5:
ARM GAS  /tmp/ccsI4l84.s 			page 9


  88              		.loc 3 188 5 is_stmt 0 view .LVU12
  89              	.LBE17:
  90              	.LBE16:
  17:Middlewares/lvgl/examples/layouts/grid/lv_example_grid_6.c ****     lv_obj_set_style_base_dir(cont, LV_BASE_DIR_RTL, 0);
  91              		.loc 1 17 5 is_stmt 1 view .LVU13
  92 002a 0022     		movs	r2, #0
  93 002c 0121     		movs	r1, #1
  94 002e 3846     		mov	r0, r7
  95 0030 FFF7FEFF 		bl	lv_obj_set_style_base_dir
  96              	.LVL6:
  18:Middlewares/lvgl/examples/layouts/grid/lv_example_grid_6.c ****     lv_obj_set_grid_dsc_array(cont, col_dsc, row_dsc);
  97              		.loc 1 18 5 view .LVU14
  98 0034 184A     		ldr	r2, .L5
  99 0036 1949     		ldr	r1, .L5+4
 100 0038 3846     		mov	r0, r7
 101 003a FFF7FEFF 		bl	lv_obj_set_grid_dsc_array
 102              	.LVL7:
  19:Middlewares/lvgl/examples/layouts/grid/lv_example_grid_6.c **** 
  20:Middlewares/lvgl/examples/layouts/grid/lv_example_grid_6.c ****     lv_obj_t * label;
 103              		.loc 1 20 5 view .LVU15
  21:Middlewares/lvgl/examples/layouts/grid/lv_example_grid_6.c ****     lv_obj_t * obj;
 104              		.loc 1 21 5 view .LVU16
  22:Middlewares/lvgl/examples/layouts/grid/lv_example_grid_6.c ****     uint32_t i;
 105              		.loc 1 22 5 view .LVU17
  23:Middlewares/lvgl/examples/layouts/grid/lv_example_grid_6.c ****     for(i = 0; i < 9; i++) {
 106              		.loc 1 23 5 view .LVU18
 107              		.loc 1 23 11 is_stmt 0 view .LVU19
 108 003e 0025     		movs	r5, #0
 109              		.loc 1 23 5 view .LVU20
 110 0040 25E0     		b	.L2
 111              	.LVL8:
 112              	.L3:
 113              	.LBB18:
  24:Middlewares/lvgl/examples/layouts/grid/lv_example_grid_6.c ****         uint8_t col = i % 3;
 114              		.loc 1 24 9 is_stmt 1 discriminator 3 view .LVU21
 115              		.loc 1 24 25 is_stmt 0 discriminator 3 view .LVU22
 116 0042 174A     		ldr	r2, .L5+8
 117 0044 A2FB0532 		umull	r3, r2, r2, r5
 118 0048 5208     		lsrs	r2, r2, #1
 119 004a 1646     		mov	r6, r2
 120 004c 02EB4202 		add	r2, r2, r2, lsl #1
 121 0050 AA1A     		subs	r2, r5, r2
 122              		.loc 1 24 17 discriminator 3 view .LVU23
 123 0052 D4B2     		uxtb	r4, r2
 124              	.LVL9:
  25:Middlewares/lvgl/examples/layouts/grid/lv_example_grid_6.c ****         uint8_t row = i / 3;
 125              		.loc 1 25 9 is_stmt 1 discriminator 3 view .LVU24
 126              		.loc 1 25 17 is_stmt 0 discriminator 3 view .LVU25
 127 0054 F6B2     		uxtb	r6, r6
 128              	.LVL10:
  26:Middlewares/lvgl/examples/layouts/grid/lv_example_grid_6.c **** 
  27:Middlewares/lvgl/examples/layouts/grid/lv_example_grid_6.c ****         obj = lv_obj_create(cont);
 129              		.loc 1 27 9 is_stmt 1 discriminator 3 view .LVU26
 130              		.loc 1 27 15 is_stmt 0 discriminator 3 view .LVU27
 131 0056 3846     		mov	r0, r7
 132 0058 FFF7FEFF 		bl	lv_obj_create
 133              	.LVL11:
ARM GAS  /tmp/ccsI4l84.s 			page 10


 134 005c 8046     		mov	r8, r0
 135              	.LVL12:
  28:Middlewares/lvgl/examples/layouts/grid/lv_example_grid_6.c ****         /*Stretch the cell horizontally and vertically too
  29:Middlewares/lvgl/examples/layouts/grid/lv_example_grid_6.c ****          *Set span to 1 to make the cell 1 column/row sized*/
  30:Middlewares/lvgl/examples/layouts/grid/lv_example_grid_6.c ****         lv_obj_set_grid_cell(obj, LV_GRID_ALIGN_STRETCH, col, 1,
 136              		.loc 1 30 9 is_stmt 1 discriminator 3 view .LVU28
 137 005e 0123     		movs	r3, #1
 138 0060 0293     		str	r3, [sp, #8]
 139 0062 0196     		str	r6, [sp, #4]
 140 0064 0321     		movs	r1, #3
 141 0066 0091     		str	r1, [sp]
 142 0068 2246     		mov	r2, r4
 143 006a FFF7FEFF 		bl	lv_obj_set_grid_cell
 144              	.LVL13:
  31:Middlewares/lvgl/examples/layouts/grid/lv_example_grid_6.c ****                                  LV_GRID_ALIGN_STRETCH, row, 1);
  32:Middlewares/lvgl/examples/layouts/grid/lv_example_grid_6.c **** 
  33:Middlewares/lvgl/examples/layouts/grid/lv_example_grid_6.c ****         label = lv_label_create(obj);
 145              		.loc 1 33 9 discriminator 3 view .LVU29
 146              		.loc 1 33 17 is_stmt 0 discriminator 3 view .LVU30
 147 006e 4046     		mov	r0, r8
 148 0070 FFF7FEFF 		bl	lv_label_create
 149              	.LVL14:
 150 0074 8046     		mov	r8, r0
 151              	.LVL15:
  34:Middlewares/lvgl/examples/layouts/grid/lv_example_grid_6.c ****         lv_label_set_text_fmt(label, "%d,%d", col, row);
 152              		.loc 1 34 9 is_stmt 1 discriminator 3 view .LVU31
 153 0076 3346     		mov	r3, r6
 154 0078 2246     		mov	r2, r4
 155 007a 0A49     		ldr	r1, .L5+12
 156 007c FFF7FEFF 		bl	lv_label_set_text_fmt
 157              	.LVL16:
  35:Middlewares/lvgl/examples/layouts/grid/lv_example_grid_6.c ****         lv_obj_center(label);
 158              		.loc 1 35 9 discriminator 3 view .LVU32
 159              	.LBB19:
 160              	.LBI19:
 186:Middlewares/lvgl/examples/layouts/grid/../../../src/core/lv_obj_pos.h **** {
 161              		.loc 3 186 20 discriminator 3 view .LVU33
 162              	.LBB20:
 163              		.loc 3 188 5 discriminator 3 view .LVU34
 164 0080 0023     		movs	r3, #0
 165 0082 1A46     		mov	r2, r3
 166 0084 0921     		movs	r1, #9
 167 0086 4046     		mov	r0, r8
 168 0088 FFF7FEFF 		bl	lv_obj_align
 169              	.LVL17:
 170              		.loc 3 188 5 is_stmt 0 discriminator 3 view .LVU35
 171              	.LBE20:
 172              	.LBE19:
 173              	.LBE18:
  23:Middlewares/lvgl/examples/layouts/grid/lv_example_grid_6.c ****         uint8_t col = i % 3;
 174              		.loc 1 23 23 is_stmt 1 discriminator 3 view .LVU36
  23:Middlewares/lvgl/examples/layouts/grid/lv_example_grid_6.c ****         uint8_t col = i % 3;
 175              		.loc 1 23 24 is_stmt 0 discriminator 3 view .LVU37
 176 008c 0135     		adds	r5, r5, #1
 177              	.LVL18:
 178              	.L2:
  23:Middlewares/lvgl/examples/layouts/grid/lv_example_grid_6.c ****         uint8_t col = i % 3;
ARM GAS  /tmp/ccsI4l84.s 			page 11


 179              		.loc 1 23 16 is_stmt 1 discriminator 1 view .LVU38
  23:Middlewares/lvgl/examples/layouts/grid/lv_example_grid_6.c ****         uint8_t col = i % 3;
 180              		.loc 1 23 5 is_stmt 0 discriminator 1 view .LVU39
 181 008e 082D     		cmp	r5, #8
 182 0090 D7D9     		bls	.L3
  36:Middlewares/lvgl/examples/layouts/grid/lv_example_grid_6.c ****     }
  37:Middlewares/lvgl/examples/layouts/grid/lv_example_grid_6.c **** }
 183              		.loc 1 37 1 view .LVU40
 184 0092 04B0     		add	sp, sp, #16
 185              	.LCFI2:
 186              		.cfi_def_cfa_offset 24
 187              		@ sp needed
 188 0094 BDE8F081 		pop	{r4, r5, r6, r7, r8, pc}
 189              	.LVL19:
 190              	.L6:
 191              		.loc 1 37 1 view .LVU41
 192              		.align	2
 193              	.L5:
 194 0098 00000000 		.word	.LANCHOR0
 195 009c 00000000 		.word	.LANCHOR1
 196 00a0 ABAAAAAA 		.word	-1431655765
 197 00a4 00000000 		.word	.LC0
 198              		.cfi_endproc
 199              	.LFE184:
 201              		.section	.data.col_dsc.1,"aw"
 202              		.align	2
 203              		.set	.LANCHOR1,. + 0
 206              	col_dsc.1:
 207 0000 3C00     		.short	60
 208 0002 3C00     		.short	60
 209 0004 3C00     		.short	60
 210 0006 0060     		.short	24576
 211              		.section	.data.row_dsc.0,"aw"
 212              		.align	2
 213              		.set	.LANCHOR0,. + 0
 216              	row_dsc.0:
 217 0000 2D00     		.short	45
 218 0002 2D00     		.short	45
 219 0004 2D00     		.short	45
 220 0006 0060     		.short	24576
 221              		.text
 222              	.Letext0:
 223              		.file 4 "/home/akinya/gcc-arm-none-eabi/arm-none-eabi/include/machine/_default_types.h"
 224              		.file 5 "/home/akinya/gcc-arm-none-eabi/arm-none-eabi/include/sys/_stdint.h"
 225              		.file 6 "Middlewares/lvgl/examples/layouts/grid/../../../src/misc/lv_ll.h"
 226              		.file 7 "Middlewares/lvgl/examples/layouts/grid/../../../src/hal/../misc/lv_color.h"
 227              		.file 8 "Middlewares/lvgl/examples/layouts/grid/../../../src/hal/../misc/lv_area.h"
 228              		.file 9 "Middlewares/lvgl/examples/layouts/grid/../../../src/core/lv_obj.h"
 229              		.file 10 "Middlewares/lvgl/examples/layouts/grid/../../../src/core/lv_group.h"
 230              		.file 11 "Middlewares/lvgl/examples/layouts/grid/../../../src/core/../misc/lv_bidi.h"
 231              		.file 12 "Middlewares/lvgl/examples/layouts/grid/../../../src/core/../misc/lv_style.h"
 232              		.file 13 "Middlewares/lvgl/examples/layouts/grid/../../../src/core/lv_obj_scroll.h"
 233              		.file 14 "Middlewares/lvgl/examples/layouts/grid/../../../src/core/lv_obj_style.h"
 234              		.file 15 "Middlewares/lvgl/examples/layouts/grid/../../../src/core/lv_obj_class.h"
 235              		.file 16 "Middlewares/lvgl/examples/layouts/grid/../../../src/core/lv_event.h"
 236              		.file 17 "Middlewares/lvgl/examples/layouts/grid/../../../src/extra/layouts/grid/lv_grid.h"
 237              		.file 18 "Middlewares/lvgl/examples/layouts/grid/../../../src/widgets/lv_label.h"
ARM GAS  /tmp/ccsI4l84.s 			page 12


 238              		.file 19 "Middlewares/lvgl/examples/layouts/grid/../../../src/hal/lv_hal_disp.h"
 239              		.file 20 "Middlewares/lvgl/examples/layouts/grid/../../../src/core/lv_obj_style_gen.h"
ARM GAS  /tmp/ccsI4l84.s 			page 13


DEFINED SYMBOLS
                            *ABS*:0000000000000000 lv_example_grid_6.c
     /tmp/ccsI4l84.s:18     .rodata.lv_example_grid_6.str1.4:0000000000000000 $d
     /tmp/ccsI4l84.s:22     .text.lv_example_grid_6:0000000000000000 $t
     /tmp/ccsI4l84.s:30     .text.lv_example_grid_6:0000000000000000 lv_example_grid_6
     /tmp/ccsI4l84.s:194    .text.lv_example_grid_6:0000000000000098 $d
     /tmp/ccsI4l84.s:202    .data.col_dsc.1:0000000000000000 $d
     /tmp/ccsI4l84.s:206    .data.col_dsc.1:0000000000000000 col_dsc.1
     /tmp/ccsI4l84.s:212    .data.row_dsc.0:0000000000000000 $d
     /tmp/ccsI4l84.s:216    .data.row_dsc.0:0000000000000000 row_dsc.0

UNDEFINED SYMBOLS
lv_disp_get_default
lv_disp_get_scr_act
lv_obj_create
lv_obj_set_size
lv_obj_align
lv_obj_set_style_base_dir
lv_obj_set_grid_dsc_array
lv_obj_set_grid_cell
lv_label_create
lv_label_set_text_fmt
