ARM GAS  /tmp/ccHn6yp5.s 			page 1


   1              		.cpu cortex-m4
   2              		.arch armv7e-m
   3              		.fpu fpv4-sp-d16
   4              		.eabi_attribute 27, 1
   5              		.eabi_attribute 28, 1
   6              		.eabi_attribute 20, 1
   7              		.eabi_attribute 21, 1
   8              		.eabi_attribute 23, 3
   9              		.eabi_attribute 24, 1
  10              		.eabi_attribute 25, 1
  11              		.eabi_attribute 26, 1
  12              		.eabi_attribute 30, 1
  13              		.eabi_attribute 34, 1
  14              		.eabi_attribute 18, 4
  15              		.file	"lv_example_dropdown_1.c"
  16              		.text
  17              	.Ltext0:
  18              		.cfi_sections	.debug_frame
  19              		.section	.text.event_handler,"ax",%progbits
  20              		.align	1
  21              		.syntax unified
  22              		.thumb
  23              		.thumb_func
  25              	event_handler:
  26              	.LVL0:
  27              	.LFB184:
  28              		.file 1 "Middlewares/lvgl/examples/widgets/dropdown/lv_example_dropdown_1.c"
   1:Middlewares/lvgl/examples/widgets/dropdown/lv_example_dropdown_1.c **** #include "../../lv_examples.h"
   2:Middlewares/lvgl/examples/widgets/dropdown/lv_example_dropdown_1.c **** #if LV_USE_DROPDOWN && LV_BUILD_EXAMPLES
   3:Middlewares/lvgl/examples/widgets/dropdown/lv_example_dropdown_1.c **** 
   4:Middlewares/lvgl/examples/widgets/dropdown/lv_example_dropdown_1.c **** static void event_handler(lv_event_t * e)
   5:Middlewares/lvgl/examples/widgets/dropdown/lv_example_dropdown_1.c **** {
  29              		.loc 1 5 1 view -0
  30              		.cfi_startproc
  31              		@ args = 0, pretend = 0, frame = 32
  32              		@ frame_needed = 0, uses_anonymous_args = 0
  33              		.loc 1 5 1 is_stmt 0 view .LVU1
  34 0000 30B5     		push	{r4, r5, lr}
  35              	.LCFI0:
  36              		.cfi_def_cfa_offset 12
  37              		.cfi_offset 4, -12
  38              		.cfi_offset 5, -8
  39              		.cfi_offset 14, -4
  40 0002 89B0     		sub	sp, sp, #36
  41              	.LCFI1:
  42              		.cfi_def_cfa_offset 48
  43 0004 0546     		mov	r5, r0
   6:Middlewares/lvgl/examples/widgets/dropdown/lv_example_dropdown_1.c ****     lv_event_code_t code = lv_event_get_code(e);
  44              		.loc 1 6 5 is_stmt 1 view .LVU2
  45              		.loc 1 6 28 is_stmt 0 view .LVU3
  46 0006 FFF7FEFF 		bl	lv_event_get_code
  47              	.LVL1:
  48              		.loc 1 6 28 view .LVU4
  49 000a 0446     		mov	r4, r0
  50              	.LVL2:
   7:Middlewares/lvgl/examples/widgets/dropdown/lv_example_dropdown_1.c ****     lv_obj_t * obj = lv_event_get_target(e);
  51              		.loc 1 7 5 is_stmt 1 view .LVU5
ARM GAS  /tmp/ccHn6yp5.s 			page 2


  52              		.loc 1 7 22 is_stmt 0 view .LVU6
  53 000c 2846     		mov	r0, r5
  54 000e FFF7FEFF 		bl	lv_event_get_target
  55              	.LVL3:
   8:Middlewares/lvgl/examples/widgets/dropdown/lv_example_dropdown_1.c ****     if(code == LV_EVENT_VALUE_CHANGED) {
  56              		.loc 1 8 5 is_stmt 1 view .LVU7
  57              		.loc 1 8 7 is_stmt 0 view .LVU8
  58 0012 1C2C     		cmp	r4, #28
  59 0014 01D0     		beq	.L4
  60              	.LVL4:
  61              	.L1:
   9:Middlewares/lvgl/examples/widgets/dropdown/lv_example_dropdown_1.c ****         char buf[32];
  10:Middlewares/lvgl/examples/widgets/dropdown/lv_example_dropdown_1.c ****         lv_dropdown_get_selected_str(obj, buf, sizeof(buf));
  11:Middlewares/lvgl/examples/widgets/dropdown/lv_example_dropdown_1.c ****         LV_LOG_USER("Option: %s", buf);
  12:Middlewares/lvgl/examples/widgets/dropdown/lv_example_dropdown_1.c ****     }
  13:Middlewares/lvgl/examples/widgets/dropdown/lv_example_dropdown_1.c **** }
  62              		.loc 1 13 1 view .LVU9
  63 0016 09B0     		add	sp, sp, #36
  64              	.LCFI2:
  65              		.cfi_remember_state
  66              		.cfi_def_cfa_offset 12
  67              		@ sp needed
  68 0018 30BD     		pop	{r4, r5, pc}
  69              	.LVL5:
  70              	.L4:
  71              	.LCFI3:
  72              		.cfi_restore_state
  73              	.LBB2:
   9:Middlewares/lvgl/examples/widgets/dropdown/lv_example_dropdown_1.c ****         char buf[32];
  74              		.loc 1 9 9 is_stmt 1 view .LVU10
  10:Middlewares/lvgl/examples/widgets/dropdown/lv_example_dropdown_1.c ****         LV_LOG_USER("Option: %s", buf);
  75              		.loc 1 10 9 view .LVU11
  76 001a 2022     		movs	r2, #32
  77 001c 6946     		mov	r1, sp
  78 001e FFF7FEFF 		bl	lv_dropdown_get_selected_str
  79              	.LVL6:
  11:Middlewares/lvgl/examples/widgets/dropdown/lv_example_dropdown_1.c ****     }
  80              		.loc 1 11 39 view .LVU12
  81              	.LBE2:
  82              		.loc 1 13 1 is_stmt 0 view .LVU13
  83 0022 F8E7     		b	.L1
  84              		.cfi_endproc
  85              	.LFE184:
  87              		.section	.rodata.lv_example_dropdown_1.str1.4,"aMS",%progbits,1
  88              		.align	2
  89              	.LC0:
  90 0000 4170706C 		.ascii	"Apple\012Banana\012Orange\012Cherry\012Grape\012Ras"
  90      650A4261 
  90      6E616E61 
  90      0A4F7261 
  90      6E67650A 
  91 0024 70626572 		.ascii	"pberry\012Melon\012Orange\012Lemon\012Nuts\000"
  91      72790A4D 
  91      656C6F6E 
  91      0A4F7261 
  91      6E67650A 
  92              		.section	.text.lv_example_dropdown_1,"ax",%progbits
ARM GAS  /tmp/ccHn6yp5.s 			page 3


  93              		.align	1
  94              		.global	lv_example_dropdown_1
  95              		.syntax unified
  96              		.thumb
  97              		.thumb_func
  99              	lv_example_dropdown_1:
 100              	.LFB185:
  14:Middlewares/lvgl/examples/widgets/dropdown/lv_example_dropdown_1.c **** 
  15:Middlewares/lvgl/examples/widgets/dropdown/lv_example_dropdown_1.c **** void lv_example_dropdown_1(void)
  16:Middlewares/lvgl/examples/widgets/dropdown/lv_example_dropdown_1.c **** {
 101              		.loc 1 16 1 is_stmt 1 view -0
 102              		.cfi_startproc
 103              		@ args = 0, pretend = 0, frame = 0
 104              		@ frame_needed = 0, uses_anonymous_args = 0
 105 0000 10B5     		push	{r4, lr}
 106              	.LCFI4:
 107              		.cfi_def_cfa_offset 8
 108              		.cfi_offset 4, -8
 109              		.cfi_offset 14, -4
  17:Middlewares/lvgl/examples/widgets/dropdown/lv_example_dropdown_1.c **** 
  18:Middlewares/lvgl/examples/widgets/dropdown/lv_example_dropdown_1.c ****     /*Create a normal drop down list*/
  19:Middlewares/lvgl/examples/widgets/dropdown/lv_example_dropdown_1.c ****     lv_obj_t * dd = lv_dropdown_create(lv_scr_act());
 110              		.loc 1 19 5 view .LVU15
 111              	.LBB5:
 112              	.LBI5:
 113              		.file 2 "Middlewares/lvgl/examples/widgets/dropdown/../../../src/core/lv_disp.h"
   1:Middlewares/lvgl/examples/widgets/dropdown/../../../src/core/lv_disp.h **** /**
   2:Middlewares/lvgl/examples/widgets/dropdown/../../../src/core/lv_disp.h ****  * @file lv_disp.h
   3:Middlewares/lvgl/examples/widgets/dropdown/../../../src/core/lv_disp.h ****  *
   4:Middlewares/lvgl/examples/widgets/dropdown/../../../src/core/lv_disp.h ****  */
   5:Middlewares/lvgl/examples/widgets/dropdown/../../../src/core/lv_disp.h **** 
   6:Middlewares/lvgl/examples/widgets/dropdown/../../../src/core/lv_disp.h **** #ifndef LV_DISP_H
   7:Middlewares/lvgl/examples/widgets/dropdown/../../../src/core/lv_disp.h **** #define LV_DISP_H
   8:Middlewares/lvgl/examples/widgets/dropdown/../../../src/core/lv_disp.h **** 
   9:Middlewares/lvgl/examples/widgets/dropdown/../../../src/core/lv_disp.h **** #ifdef __cplusplus
  10:Middlewares/lvgl/examples/widgets/dropdown/../../../src/core/lv_disp.h **** extern "C" {
  11:Middlewares/lvgl/examples/widgets/dropdown/../../../src/core/lv_disp.h **** #endif
  12:Middlewares/lvgl/examples/widgets/dropdown/../../../src/core/lv_disp.h **** 
  13:Middlewares/lvgl/examples/widgets/dropdown/../../../src/core/lv_disp.h **** /*********************
  14:Middlewares/lvgl/examples/widgets/dropdown/../../../src/core/lv_disp.h ****  *      INCLUDES
  15:Middlewares/lvgl/examples/widgets/dropdown/../../../src/core/lv_disp.h ****  *********************/
  16:Middlewares/lvgl/examples/widgets/dropdown/../../../src/core/lv_disp.h **** #include "../hal/lv_hal.h"
  17:Middlewares/lvgl/examples/widgets/dropdown/../../../src/core/lv_disp.h **** #include "lv_obj.h"
  18:Middlewares/lvgl/examples/widgets/dropdown/../../../src/core/lv_disp.h **** #include "lv_theme.h"
  19:Middlewares/lvgl/examples/widgets/dropdown/../../../src/core/lv_disp.h **** 
  20:Middlewares/lvgl/examples/widgets/dropdown/../../../src/core/lv_disp.h **** /*********************
  21:Middlewares/lvgl/examples/widgets/dropdown/../../../src/core/lv_disp.h ****  *      DEFINES
  22:Middlewares/lvgl/examples/widgets/dropdown/../../../src/core/lv_disp.h ****  *********************/
  23:Middlewares/lvgl/examples/widgets/dropdown/../../../src/core/lv_disp.h **** 
  24:Middlewares/lvgl/examples/widgets/dropdown/../../../src/core/lv_disp.h **** /**********************
  25:Middlewares/lvgl/examples/widgets/dropdown/../../../src/core/lv_disp.h ****  *      TYPEDEFS
  26:Middlewares/lvgl/examples/widgets/dropdown/../../../src/core/lv_disp.h ****  **********************/
  27:Middlewares/lvgl/examples/widgets/dropdown/../../../src/core/lv_disp.h **** 
  28:Middlewares/lvgl/examples/widgets/dropdown/../../../src/core/lv_disp.h **** typedef enum {
  29:Middlewares/lvgl/examples/widgets/dropdown/../../../src/core/lv_disp.h ****     LV_SCR_LOAD_ANIM_NONE,
  30:Middlewares/lvgl/examples/widgets/dropdown/../../../src/core/lv_disp.h ****     LV_SCR_LOAD_ANIM_OVER_LEFT,
  31:Middlewares/lvgl/examples/widgets/dropdown/../../../src/core/lv_disp.h ****     LV_SCR_LOAD_ANIM_OVER_RIGHT,
ARM GAS  /tmp/ccHn6yp5.s 			page 4


  32:Middlewares/lvgl/examples/widgets/dropdown/../../../src/core/lv_disp.h ****     LV_SCR_LOAD_ANIM_OVER_TOP,
  33:Middlewares/lvgl/examples/widgets/dropdown/../../../src/core/lv_disp.h ****     LV_SCR_LOAD_ANIM_OVER_BOTTOM,
  34:Middlewares/lvgl/examples/widgets/dropdown/../../../src/core/lv_disp.h ****     LV_SCR_LOAD_ANIM_MOVE_LEFT,
  35:Middlewares/lvgl/examples/widgets/dropdown/../../../src/core/lv_disp.h ****     LV_SCR_LOAD_ANIM_MOVE_RIGHT,
  36:Middlewares/lvgl/examples/widgets/dropdown/../../../src/core/lv_disp.h ****     LV_SCR_LOAD_ANIM_MOVE_TOP,
  37:Middlewares/lvgl/examples/widgets/dropdown/../../../src/core/lv_disp.h ****     LV_SCR_LOAD_ANIM_MOVE_BOTTOM,
  38:Middlewares/lvgl/examples/widgets/dropdown/../../../src/core/lv_disp.h ****     LV_SCR_LOAD_ANIM_FADE_ON,
  39:Middlewares/lvgl/examples/widgets/dropdown/../../../src/core/lv_disp.h **** } lv_scr_load_anim_t;
  40:Middlewares/lvgl/examples/widgets/dropdown/../../../src/core/lv_disp.h **** 
  41:Middlewares/lvgl/examples/widgets/dropdown/../../../src/core/lv_disp.h **** /**********************
  42:Middlewares/lvgl/examples/widgets/dropdown/../../../src/core/lv_disp.h ****  * GLOBAL PROTOTYPES
  43:Middlewares/lvgl/examples/widgets/dropdown/../../../src/core/lv_disp.h ****  **********************/
  44:Middlewares/lvgl/examples/widgets/dropdown/../../../src/core/lv_disp.h **** 
  45:Middlewares/lvgl/examples/widgets/dropdown/../../../src/core/lv_disp.h **** /**
  46:Middlewares/lvgl/examples/widgets/dropdown/../../../src/core/lv_disp.h ****  * Return with a pointer to the active screen
  47:Middlewares/lvgl/examples/widgets/dropdown/../../../src/core/lv_disp.h ****  * @param disp pointer to display which active screen should be get. (NULL to use the default
  48:Middlewares/lvgl/examples/widgets/dropdown/../../../src/core/lv_disp.h ****  * screen)
  49:Middlewares/lvgl/examples/widgets/dropdown/../../../src/core/lv_disp.h ****  * @return pointer to the active screen object (loaded by 'lv_scr_load()')
  50:Middlewares/lvgl/examples/widgets/dropdown/../../../src/core/lv_disp.h ****  */
  51:Middlewares/lvgl/examples/widgets/dropdown/../../../src/core/lv_disp.h **** lv_obj_t * lv_disp_get_scr_act(lv_disp_t * disp);
  52:Middlewares/lvgl/examples/widgets/dropdown/../../../src/core/lv_disp.h **** 
  53:Middlewares/lvgl/examples/widgets/dropdown/../../../src/core/lv_disp.h **** /**
  54:Middlewares/lvgl/examples/widgets/dropdown/../../../src/core/lv_disp.h ****  * Return with a pointer to the previous screen. Only used during screen transitions.
  55:Middlewares/lvgl/examples/widgets/dropdown/../../../src/core/lv_disp.h ****  * @param disp pointer to display which previous screen should be get. (NULL to use the default
  56:Middlewares/lvgl/examples/widgets/dropdown/../../../src/core/lv_disp.h ****  * screen)
  57:Middlewares/lvgl/examples/widgets/dropdown/../../../src/core/lv_disp.h ****  * @return pointer to the previous screen object or NULL if not used now
  58:Middlewares/lvgl/examples/widgets/dropdown/../../../src/core/lv_disp.h ****  */
  59:Middlewares/lvgl/examples/widgets/dropdown/../../../src/core/lv_disp.h **** lv_obj_t * lv_disp_get_scr_prev(lv_disp_t * disp);
  60:Middlewares/lvgl/examples/widgets/dropdown/../../../src/core/lv_disp.h **** 
  61:Middlewares/lvgl/examples/widgets/dropdown/../../../src/core/lv_disp.h **** /**
  62:Middlewares/lvgl/examples/widgets/dropdown/../../../src/core/lv_disp.h ****  * Make a screen active
  63:Middlewares/lvgl/examples/widgets/dropdown/../../../src/core/lv_disp.h ****  * @param scr pointer to a screen
  64:Middlewares/lvgl/examples/widgets/dropdown/../../../src/core/lv_disp.h ****  */
  65:Middlewares/lvgl/examples/widgets/dropdown/../../../src/core/lv_disp.h **** void lv_disp_load_scr(lv_obj_t * scr);
  66:Middlewares/lvgl/examples/widgets/dropdown/../../../src/core/lv_disp.h **** 
  67:Middlewares/lvgl/examples/widgets/dropdown/../../../src/core/lv_disp.h **** /**
  68:Middlewares/lvgl/examples/widgets/dropdown/../../../src/core/lv_disp.h ****  * Return with the top layer. (Same on every screen and it is above the normal screen layer)
  69:Middlewares/lvgl/examples/widgets/dropdown/../../../src/core/lv_disp.h ****  * @param disp pointer to display which top layer should be get. (NULL to use the default screen)
  70:Middlewares/lvgl/examples/widgets/dropdown/../../../src/core/lv_disp.h ****  * @return pointer to the top layer object  (transparent screen sized lv_obj)
  71:Middlewares/lvgl/examples/widgets/dropdown/../../../src/core/lv_disp.h ****  */
  72:Middlewares/lvgl/examples/widgets/dropdown/../../../src/core/lv_disp.h **** lv_obj_t * lv_disp_get_layer_top(lv_disp_t * disp);
  73:Middlewares/lvgl/examples/widgets/dropdown/../../../src/core/lv_disp.h **** 
  74:Middlewares/lvgl/examples/widgets/dropdown/../../../src/core/lv_disp.h **** /**
  75:Middlewares/lvgl/examples/widgets/dropdown/../../../src/core/lv_disp.h ****  * Return with the sys. layer. (Same on every screen and it is above the normal screen and the top
  76:Middlewares/lvgl/examples/widgets/dropdown/../../../src/core/lv_disp.h ****  * layer)
  77:Middlewares/lvgl/examples/widgets/dropdown/../../../src/core/lv_disp.h ****  * @param disp pointer to display which sys. layer  should be get. (NULL to use the default screen)
  78:Middlewares/lvgl/examples/widgets/dropdown/../../../src/core/lv_disp.h ****  * @return pointer to the sys layer object  (transparent screen sized lv_obj)
  79:Middlewares/lvgl/examples/widgets/dropdown/../../../src/core/lv_disp.h ****  */
  80:Middlewares/lvgl/examples/widgets/dropdown/../../../src/core/lv_disp.h **** lv_obj_t * lv_disp_get_layer_sys(lv_disp_t * disp);
  81:Middlewares/lvgl/examples/widgets/dropdown/../../../src/core/lv_disp.h **** 
  82:Middlewares/lvgl/examples/widgets/dropdown/../../../src/core/lv_disp.h **** /**
  83:Middlewares/lvgl/examples/widgets/dropdown/../../../src/core/lv_disp.h ****  * Get the theme of a display
  84:Middlewares/lvgl/examples/widgets/dropdown/../../../src/core/lv_disp.h ****  * @param disp pointer to a display
  85:Middlewares/lvgl/examples/widgets/dropdown/../../../src/core/lv_disp.h ****  * @return the display's theme (can be NULL)
  86:Middlewares/lvgl/examples/widgets/dropdown/../../../src/core/lv_disp.h ****  */
  87:Middlewares/lvgl/examples/widgets/dropdown/../../../src/core/lv_disp.h **** void lv_disp_set_theme(lv_disp_t * disp, lv_theme_t * th);
  88:Middlewares/lvgl/examples/widgets/dropdown/../../../src/core/lv_disp.h **** 
ARM GAS  /tmp/ccHn6yp5.s 			page 5


  89:Middlewares/lvgl/examples/widgets/dropdown/../../../src/core/lv_disp.h **** /**
  90:Middlewares/lvgl/examples/widgets/dropdown/../../../src/core/lv_disp.h ****  * Get the theme of a display
  91:Middlewares/lvgl/examples/widgets/dropdown/../../../src/core/lv_disp.h ****  * @param disp pointer to a display
  92:Middlewares/lvgl/examples/widgets/dropdown/../../../src/core/lv_disp.h ****  * @return the display's theme (can be NULL)
  93:Middlewares/lvgl/examples/widgets/dropdown/../../../src/core/lv_disp.h ****  */
  94:Middlewares/lvgl/examples/widgets/dropdown/../../../src/core/lv_disp.h **** lv_theme_t * lv_disp_get_theme(lv_disp_t * disp);
  95:Middlewares/lvgl/examples/widgets/dropdown/../../../src/core/lv_disp.h **** 
  96:Middlewares/lvgl/examples/widgets/dropdown/../../../src/core/lv_disp.h **** /**
  97:Middlewares/lvgl/examples/widgets/dropdown/../../../src/core/lv_disp.h ****  * Set the background color of a display
  98:Middlewares/lvgl/examples/widgets/dropdown/../../../src/core/lv_disp.h ****  * @param disp pointer to a display
  99:Middlewares/lvgl/examples/widgets/dropdown/../../../src/core/lv_disp.h ****  * @param color color of the background
 100:Middlewares/lvgl/examples/widgets/dropdown/../../../src/core/lv_disp.h ****  */
 101:Middlewares/lvgl/examples/widgets/dropdown/../../../src/core/lv_disp.h **** void lv_disp_set_bg_color(lv_disp_t * disp, lv_color_t color);
 102:Middlewares/lvgl/examples/widgets/dropdown/../../../src/core/lv_disp.h **** 
 103:Middlewares/lvgl/examples/widgets/dropdown/../../../src/core/lv_disp.h **** /**
 104:Middlewares/lvgl/examples/widgets/dropdown/../../../src/core/lv_disp.h ****  * Set the background image of a display
 105:Middlewares/lvgl/examples/widgets/dropdown/../../../src/core/lv_disp.h ****  * @param disp pointer to a display
 106:Middlewares/lvgl/examples/widgets/dropdown/../../../src/core/lv_disp.h ****  * @param img_src path to file or pointer to an `lv_img_dsc_t` variable
 107:Middlewares/lvgl/examples/widgets/dropdown/../../../src/core/lv_disp.h ****  */
 108:Middlewares/lvgl/examples/widgets/dropdown/../../../src/core/lv_disp.h **** void lv_disp_set_bg_image(lv_disp_t * disp, const void  * img_src);
 109:Middlewares/lvgl/examples/widgets/dropdown/../../../src/core/lv_disp.h **** 
 110:Middlewares/lvgl/examples/widgets/dropdown/../../../src/core/lv_disp.h **** /**
 111:Middlewares/lvgl/examples/widgets/dropdown/../../../src/core/lv_disp.h ****  * Opacity of the background
 112:Middlewares/lvgl/examples/widgets/dropdown/../../../src/core/lv_disp.h ****  * @param disp pointer to a display
 113:Middlewares/lvgl/examples/widgets/dropdown/../../../src/core/lv_disp.h ****  * @param opa opacity (0..255)
 114:Middlewares/lvgl/examples/widgets/dropdown/../../../src/core/lv_disp.h ****  */
 115:Middlewares/lvgl/examples/widgets/dropdown/../../../src/core/lv_disp.h **** void lv_disp_set_bg_opa(lv_disp_t * disp, lv_opa_t opa);
 116:Middlewares/lvgl/examples/widgets/dropdown/../../../src/core/lv_disp.h **** 
 117:Middlewares/lvgl/examples/widgets/dropdown/../../../src/core/lv_disp.h **** /**
 118:Middlewares/lvgl/examples/widgets/dropdown/../../../src/core/lv_disp.h ****  * Switch screen with animation
 119:Middlewares/lvgl/examples/widgets/dropdown/../../../src/core/lv_disp.h ****  * @param scr pointer to the new screen to load
 120:Middlewares/lvgl/examples/widgets/dropdown/../../../src/core/lv_disp.h ****  * @param anim_type type of the animation from `lv_scr_load_anim_t`. E.g.  `LV_SCR_LOAD_ANIM_MOVE_L
 121:Middlewares/lvgl/examples/widgets/dropdown/../../../src/core/lv_disp.h ****  * @param time time of the animation
 122:Middlewares/lvgl/examples/widgets/dropdown/../../../src/core/lv_disp.h ****  * @param delay delay before the transition
 123:Middlewares/lvgl/examples/widgets/dropdown/../../../src/core/lv_disp.h ****  * @param auto_del true: automatically delete the old screen
 124:Middlewares/lvgl/examples/widgets/dropdown/../../../src/core/lv_disp.h ****  */
 125:Middlewares/lvgl/examples/widgets/dropdown/../../../src/core/lv_disp.h **** void lv_scr_load_anim(lv_obj_t * scr, lv_scr_load_anim_t anim_type, uint32_t time, uint32_t delay, 
 126:Middlewares/lvgl/examples/widgets/dropdown/../../../src/core/lv_disp.h **** 
 127:Middlewares/lvgl/examples/widgets/dropdown/../../../src/core/lv_disp.h **** /**
 128:Middlewares/lvgl/examples/widgets/dropdown/../../../src/core/lv_disp.h ****  * Get elapsed time since last user activity on a display (e.g. click)
 129:Middlewares/lvgl/examples/widgets/dropdown/../../../src/core/lv_disp.h ****  * @param disp pointer to an display (NULL to get the overall smallest inactivity)
 130:Middlewares/lvgl/examples/widgets/dropdown/../../../src/core/lv_disp.h ****  * @return elapsed ticks (milliseconds) since the last activity
 131:Middlewares/lvgl/examples/widgets/dropdown/../../../src/core/lv_disp.h ****  */
 132:Middlewares/lvgl/examples/widgets/dropdown/../../../src/core/lv_disp.h **** uint32_t lv_disp_get_inactive_time(const lv_disp_t * disp);
 133:Middlewares/lvgl/examples/widgets/dropdown/../../../src/core/lv_disp.h **** 
 134:Middlewares/lvgl/examples/widgets/dropdown/../../../src/core/lv_disp.h **** /**
 135:Middlewares/lvgl/examples/widgets/dropdown/../../../src/core/lv_disp.h ****  * Manually trigger an activity on a display
 136:Middlewares/lvgl/examples/widgets/dropdown/../../../src/core/lv_disp.h ****  * @param disp pointer to an display (NULL to use the default display)
 137:Middlewares/lvgl/examples/widgets/dropdown/../../../src/core/lv_disp.h ****  */
 138:Middlewares/lvgl/examples/widgets/dropdown/../../../src/core/lv_disp.h **** void lv_disp_trig_activity(lv_disp_t * disp);
 139:Middlewares/lvgl/examples/widgets/dropdown/../../../src/core/lv_disp.h **** 
 140:Middlewares/lvgl/examples/widgets/dropdown/../../../src/core/lv_disp.h **** /**
 141:Middlewares/lvgl/examples/widgets/dropdown/../../../src/core/lv_disp.h ****  * Clean any CPU cache that is related to the display.
 142:Middlewares/lvgl/examples/widgets/dropdown/../../../src/core/lv_disp.h ****  * @param disp pointer to an display (NULL to use the default display)
 143:Middlewares/lvgl/examples/widgets/dropdown/../../../src/core/lv_disp.h ****  */
 144:Middlewares/lvgl/examples/widgets/dropdown/../../../src/core/lv_disp.h **** void lv_disp_clean_dcache(lv_disp_t * disp);
 145:Middlewares/lvgl/examples/widgets/dropdown/../../../src/core/lv_disp.h **** 
ARM GAS  /tmp/ccHn6yp5.s 			page 6


 146:Middlewares/lvgl/examples/widgets/dropdown/../../../src/core/lv_disp.h **** /**
 147:Middlewares/lvgl/examples/widgets/dropdown/../../../src/core/lv_disp.h ****  * Get a pointer to the screen refresher timer to
 148:Middlewares/lvgl/examples/widgets/dropdown/../../../src/core/lv_disp.h ****  * modify its parameters with `lv_timer_...` functions.
 149:Middlewares/lvgl/examples/widgets/dropdown/../../../src/core/lv_disp.h ****  * @param disp pointer to a display
 150:Middlewares/lvgl/examples/widgets/dropdown/../../../src/core/lv_disp.h ****  * @return pointer to the display refresher timer. (NULL on error)
 151:Middlewares/lvgl/examples/widgets/dropdown/../../../src/core/lv_disp.h ****  */
 152:Middlewares/lvgl/examples/widgets/dropdown/../../../src/core/lv_disp.h **** lv_timer_t * _lv_disp_get_refr_timer(lv_disp_t * disp);
 153:Middlewares/lvgl/examples/widgets/dropdown/../../../src/core/lv_disp.h **** 
 154:Middlewares/lvgl/examples/widgets/dropdown/../../../src/core/lv_disp.h **** /*------------------------------------------------
 155:Middlewares/lvgl/examples/widgets/dropdown/../../../src/core/lv_disp.h ****  * To improve backward compatibility
 156:Middlewares/lvgl/examples/widgets/dropdown/../../../src/core/lv_disp.h ****  * Recommended only if you have one display
 157:Middlewares/lvgl/examples/widgets/dropdown/../../../src/core/lv_disp.h ****  *------------------------------------------------*/
 158:Middlewares/lvgl/examples/widgets/dropdown/../../../src/core/lv_disp.h **** 
 159:Middlewares/lvgl/examples/widgets/dropdown/../../../src/core/lv_disp.h **** /**
 160:Middlewares/lvgl/examples/widgets/dropdown/../../../src/core/lv_disp.h ****  * Get the active screen of the default display
 161:Middlewares/lvgl/examples/widgets/dropdown/../../../src/core/lv_disp.h ****  * @return pointer to the active screen
 162:Middlewares/lvgl/examples/widgets/dropdown/../../../src/core/lv_disp.h ****  */
 163:Middlewares/lvgl/examples/widgets/dropdown/../../../src/core/lv_disp.h **** static inline lv_obj_t * lv_scr_act(void)
 114              		.loc 2 163 26 view .LVU16
 115              	.LBB6:
 164:Middlewares/lvgl/examples/widgets/dropdown/../../../src/core/lv_disp.h **** {
 165:Middlewares/lvgl/examples/widgets/dropdown/../../../src/core/lv_disp.h ****     return lv_disp_get_scr_act(lv_disp_get_default());
 116              		.loc 2 165 5 view .LVU17
 117              		.loc 2 165 12 is_stmt 0 view .LVU18
 118 0002 FFF7FEFF 		bl	lv_disp_get_default
 119              	.LVL7:
 120 0006 FFF7FEFF 		bl	lv_disp_get_scr_act
 121              	.LVL8:
 122              	.LBE6:
 123              	.LBE5:
 124              		.loc 1 19 21 view .LVU19
 125 000a FFF7FEFF 		bl	lv_dropdown_create
 126              	.LVL9:
 127 000e 0446     		mov	r4, r0
 128              	.LVL10:
  20:Middlewares/lvgl/examples/widgets/dropdown/lv_example_dropdown_1.c ****     lv_dropdown_set_options(dd, "Apple\n"
 129              		.loc 1 20 5 is_stmt 1 view .LVU20
 130 0010 0749     		ldr	r1, .L7
 131 0012 FFF7FEFF 		bl	lv_dropdown_set_options
 132              	.LVL11:
  21:Middlewares/lvgl/examples/widgets/dropdown/lv_example_dropdown_1.c ****                                 "Banana\n"
  22:Middlewares/lvgl/examples/widgets/dropdown/lv_example_dropdown_1.c ****                                 "Orange\n"
  23:Middlewares/lvgl/examples/widgets/dropdown/lv_example_dropdown_1.c ****                                 "Cherry\n"
  24:Middlewares/lvgl/examples/widgets/dropdown/lv_example_dropdown_1.c ****                                 "Grape\n"
  25:Middlewares/lvgl/examples/widgets/dropdown/lv_example_dropdown_1.c ****                                 "Raspberry\n"
  26:Middlewares/lvgl/examples/widgets/dropdown/lv_example_dropdown_1.c ****                                 "Melon\n"
  27:Middlewares/lvgl/examples/widgets/dropdown/lv_example_dropdown_1.c ****                                 "Orange\n"
  28:Middlewares/lvgl/examples/widgets/dropdown/lv_example_dropdown_1.c ****                                 "Lemon\n"
  29:Middlewares/lvgl/examples/widgets/dropdown/lv_example_dropdown_1.c ****                                 "Nuts");
  30:Middlewares/lvgl/examples/widgets/dropdown/lv_example_dropdown_1.c **** 
  31:Middlewares/lvgl/examples/widgets/dropdown/lv_example_dropdown_1.c ****     lv_obj_align(dd, LV_ALIGN_TOP_MID, 0, 20);
 133              		.loc 1 31 5 view .LVU21
 134 0016 1423     		movs	r3, #20
 135 0018 0022     		movs	r2, #0
 136 001a 0221     		movs	r1, #2
 137 001c 2046     		mov	r0, r4
 138 001e FFF7FEFF 		bl	lv_obj_align
ARM GAS  /tmp/ccHn6yp5.s 			page 7


 139              	.LVL12:
  32:Middlewares/lvgl/examples/widgets/dropdown/lv_example_dropdown_1.c ****     lv_obj_add_event_cb(dd, event_handler, LV_EVENT_ALL, NULL);
 140              		.loc 1 32 5 view .LVU22
 141 0022 0023     		movs	r3, #0
 142 0024 1A46     		mov	r2, r3
 143 0026 0349     		ldr	r1, .L7+4
 144 0028 2046     		mov	r0, r4
 145 002a FFF7FEFF 		bl	lv_obj_add_event_cb
 146              	.LVL13:
  33:Middlewares/lvgl/examples/widgets/dropdown/lv_example_dropdown_1.c **** }
 147              		.loc 1 33 1 is_stmt 0 view .LVU23
 148 002e 10BD     		pop	{r4, pc}
 149              	.LVL14:
 150              	.L8:
 151              		.loc 1 33 1 view .LVU24
 152              		.align	2
 153              	.L7:
 154 0030 00000000 		.word	.LC0
 155 0034 00000000 		.word	event_handler
 156              		.cfi_endproc
 157              	.LFE185:
 159              		.text
 160              	.Letext0:
 161              		.file 3 "/home/akinya/gcc-arm-none-eabi/arm-none-eabi/include/machine/_default_types.h"
 162              		.file 4 "/home/akinya/gcc-arm-none-eabi/arm-none-eabi/include/sys/_stdint.h"
 163              		.file 5 "Middlewares/lvgl/examples/widgets/dropdown/../../../src/misc/lv_ll.h"
 164              		.file 6 "Middlewares/lvgl/examples/widgets/dropdown/../../../src/hal/../misc/lv_color.h"
 165              		.file 7 "Middlewares/lvgl/examples/widgets/dropdown/../../../src/hal/../misc/lv_area.h"
 166              		.file 8 "Middlewares/lvgl/examples/widgets/dropdown/../../../src/core/lv_obj.h"
 167              		.file 9 "Middlewares/lvgl/examples/widgets/dropdown/../../../src/core/lv_group.h"
 168              		.file 10 "Middlewares/lvgl/examples/widgets/dropdown/../../../src/core/../misc/lv_style.h"
 169              		.file 11 "Middlewares/lvgl/examples/widgets/dropdown/../../../src/core/lv_obj_scroll.h"
 170              		.file 12 "Middlewares/lvgl/examples/widgets/dropdown/../../../src/core/lv_obj_style.h"
 171              		.file 13 "Middlewares/lvgl/examples/widgets/dropdown/../../../src/core/lv_obj_class.h"
 172              		.file 14 "Middlewares/lvgl/examples/widgets/dropdown/../../../src/core/lv_event.h"
 173              		.file 15 "Middlewares/lvgl/examples/widgets/dropdown/../../../src/hal/lv_hal_disp.h"
 174              		.file 16 "Middlewares/lvgl/examples/widgets/dropdown/../../../src/widgets/lv_dropdown.h"
 175              		.file 17 "Middlewares/lvgl/examples/widgets/dropdown/../../../src/core/lv_obj_pos.h"
ARM GAS  /tmp/ccHn6yp5.s 			page 8


DEFINED SYMBOLS
                            *ABS*:0000000000000000 lv_example_dropdown_1.c
     /tmp/ccHn6yp5.s:20     .text.event_handler:0000000000000000 $t
     /tmp/ccHn6yp5.s:25     .text.event_handler:0000000000000000 event_handler
     /tmp/ccHn6yp5.s:88     .rodata.lv_example_dropdown_1.str1.4:0000000000000000 $d
     /tmp/ccHn6yp5.s:93     .text.lv_example_dropdown_1:0000000000000000 $t
     /tmp/ccHn6yp5.s:99     .text.lv_example_dropdown_1:0000000000000000 lv_example_dropdown_1
     /tmp/ccHn6yp5.s:154    .text.lv_example_dropdown_1:0000000000000030 $d

UNDEFINED SYMBOLS
lv_event_get_code
lv_event_get_target
lv_dropdown_get_selected_str
lv_disp_get_default
lv_disp_get_scr_act
lv_dropdown_create
lv_dropdown_set_options
lv_obj_align
lv_obj_add_event_cb
