ARM GAS  /tmp/cc2dtdYq.s 			page 1


   1              		.cpu cortex-m4
   2              		.arch armv7e-m
   3              		.fpu fpv4-sp-d16
   4              		.eabi_attribute 27, 1
   5              		.eabi_attribute 28, 1
   6              		.eabi_attribute 20, 1
   7              		.eabi_attribute 21, 1
   8              		.eabi_attribute 23, 3
   9              		.eabi_attribute 24, 1
  10              		.eabi_attribute 25, 1
  11              		.eabi_attribute 26, 1
  12              		.eabi_attribute 30, 1
  13              		.eabi_attribute 34, 1
  14              		.eabi_attribute 18, 4
  15              		.file	"lv_example_textarea_3.c"
  16              		.text
  17              	.Ltext0:
  18              		.cfi_sections	.debug_frame
  19              		.section	.text.ta_event_cb,"ax",%progbits
  20              		.align	1
  21              		.syntax unified
  22              		.thumb
  23              		.thumb_func
  25              	ta_event_cb:
  26              	.LVL0:
  27              	.LFB185:
  28              		.file 1 "Middlewares/lvgl/examples/widgets/textarea/lv_example_textarea_3.c"
   1:Middlewares/lvgl/examples/widgets/textarea/lv_example_textarea_3.c **** #include "../../lv_examples.h"
   2:Middlewares/lvgl/examples/widgets/textarea/lv_example_textarea_3.c **** #if LV_USE_TEXTAREA && LV_USE_KEYBOARD && LV_BUILD_EXAMPLES
   3:Middlewares/lvgl/examples/widgets/textarea/lv_example_textarea_3.c **** 
   4:Middlewares/lvgl/examples/widgets/textarea/lv_example_textarea_3.c **** static void ta_event_cb(lv_event_t * e);
   5:Middlewares/lvgl/examples/widgets/textarea/lv_example_textarea_3.c **** 
   6:Middlewares/lvgl/examples/widgets/textarea/lv_example_textarea_3.c **** static lv_obj_t * kb;
   7:Middlewares/lvgl/examples/widgets/textarea/lv_example_textarea_3.c **** 
   8:Middlewares/lvgl/examples/widgets/textarea/lv_example_textarea_3.c **** /**
   9:Middlewares/lvgl/examples/widgets/textarea/lv_example_textarea_3.c ****  * Automatically format text like a clock. E.g. "12:34"
  10:Middlewares/lvgl/examples/widgets/textarea/lv_example_textarea_3.c ****  * Add the ':' automatically.
  11:Middlewares/lvgl/examples/widgets/textarea/lv_example_textarea_3.c ****  */
  12:Middlewares/lvgl/examples/widgets/textarea/lv_example_textarea_3.c **** void lv_example_textarea_3(void)
  13:Middlewares/lvgl/examples/widgets/textarea/lv_example_textarea_3.c **** {
  14:Middlewares/lvgl/examples/widgets/textarea/lv_example_textarea_3.c ****     /*Create the text area*/
  15:Middlewares/lvgl/examples/widgets/textarea/lv_example_textarea_3.c ****     lv_obj_t * ta = lv_textarea_create(lv_scr_act());
  16:Middlewares/lvgl/examples/widgets/textarea/lv_example_textarea_3.c ****     lv_obj_add_event_cb(ta, ta_event_cb, LV_EVENT_VALUE_CHANGED, NULL);
  17:Middlewares/lvgl/examples/widgets/textarea/lv_example_textarea_3.c ****     lv_textarea_set_accepted_chars(ta, "0123456789:");
  18:Middlewares/lvgl/examples/widgets/textarea/lv_example_textarea_3.c ****     lv_textarea_set_max_length(ta, 5);
  19:Middlewares/lvgl/examples/widgets/textarea/lv_example_textarea_3.c ****     lv_textarea_set_one_line(ta, true);
  20:Middlewares/lvgl/examples/widgets/textarea/lv_example_textarea_3.c ****     lv_textarea_set_text(ta, "");
  21:Middlewares/lvgl/examples/widgets/textarea/lv_example_textarea_3.c **** 
  22:Middlewares/lvgl/examples/widgets/textarea/lv_example_textarea_3.c ****     /*Create a keyboard*/
  23:Middlewares/lvgl/examples/widgets/textarea/lv_example_textarea_3.c ****     kb = lv_keyboard_create(lv_scr_act());
  24:Middlewares/lvgl/examples/widgets/textarea/lv_example_textarea_3.c ****     lv_obj_set_size(kb,  LV_HOR_RES, LV_VER_RES / 2);
  25:Middlewares/lvgl/examples/widgets/textarea/lv_example_textarea_3.c ****     lv_keyboard_set_mode(kb, LV_KEYBOARD_MODE_NUMBER);
  26:Middlewares/lvgl/examples/widgets/textarea/lv_example_textarea_3.c ****     lv_keyboard_set_textarea(kb, ta);
  27:Middlewares/lvgl/examples/widgets/textarea/lv_example_textarea_3.c **** }
  28:Middlewares/lvgl/examples/widgets/textarea/lv_example_textarea_3.c **** 
  29:Middlewares/lvgl/examples/widgets/textarea/lv_example_textarea_3.c **** static void ta_event_cb(lv_event_t * e)
  30:Middlewares/lvgl/examples/widgets/textarea/lv_example_textarea_3.c **** {
ARM GAS  /tmp/cc2dtdYq.s 			page 2


  29              		.loc 1 30 1 view -0
  30              		.cfi_startproc
  31              		@ args = 0, pretend = 0, frame = 0
  32              		@ frame_needed = 0, uses_anonymous_args = 0
  33              		.loc 1 30 1 is_stmt 0 view .LVU1
  34 0000 10B5     		push	{r4, lr}
  35              	.LCFI0:
  36              		.cfi_def_cfa_offset 8
  37              		.cfi_offset 4, -8
  38              		.cfi_offset 14, -4
  31:Middlewares/lvgl/examples/widgets/textarea/lv_example_textarea_3.c ****     lv_obj_t * ta = lv_event_get_target(e);
  39              		.loc 1 31 5 is_stmt 1 view .LVU2
  40              		.loc 1 31 21 is_stmt 0 view .LVU3
  41 0002 FFF7FEFF 		bl	lv_event_get_target
  42              	.LVL1:
  43              		.loc 1 31 21 view .LVU4
  44 0006 0446     		mov	r4, r0
  45              	.LVL2:
  32:Middlewares/lvgl/examples/widgets/textarea/lv_example_textarea_3.c ****     const char * txt = lv_textarea_get_text(ta);
  46              		.loc 1 32 5 is_stmt 1 view .LVU5
  47              		.loc 1 32 24 is_stmt 0 view .LVU6
  48 0008 FFF7FEFF 		bl	lv_textarea_get_text
  49              	.LVL3:
  33:Middlewares/lvgl/examples/widgets/textarea/lv_example_textarea_3.c ****     if(txt[0] >= '0' && txt[0] <= '9' &&
  50              		.loc 1 33 5 is_stmt 1 view .LVU7
  51              		.loc 1 33 11 is_stmt 0 view .LVU8
  52 000c 0378     		ldrb	r3, [r0]	@ zero_extendqisi2
  53              		.loc 1 33 22 view .LVU9
  54 000e 303B     		subs	r3, r3, #48
  55 0010 DBB2     		uxtb	r3, r3
  56              		.loc 1 33 7 view .LVU10
  57 0012 092B     		cmp	r3, #9
  58 0014 07D8     		bhi	.L1
  34:Middlewares/lvgl/examples/widgets/textarea/lv_example_textarea_3.c ****         txt[1] >= '0' && txt[1] <= '9' &&
  59              		.loc 1 34 12 discriminator 1 view .LVU11
  60 0016 4378     		ldrb	r3, [r0, #1]	@ zero_extendqisi2
  33:Middlewares/lvgl/examples/widgets/textarea/lv_example_textarea_3.c ****     if(txt[0] >= '0' && txt[0] <= '9' &&
  61              		.loc 1 33 39 discriminator 1 view .LVU12
  62 0018 2F2B     		cmp	r3, #47
  63 001a 04D9     		bls	.L1
  64              		.loc 1 34 23 view .LVU13
  65 001c 392B     		cmp	r3, #57
  66 001e 02D8     		bhi	.L1
  35:Middlewares/lvgl/examples/widgets/textarea/lv_example_textarea_3.c ****         txt[2] != ':')
  67              		.loc 1 35 12 discriminator 1 view .LVU14
  68 0020 8378     		ldrb	r3, [r0, #2]	@ zero_extendqisi2
  34:Middlewares/lvgl/examples/widgets/textarea/lv_example_textarea_3.c ****         txt[1] >= '0' && txt[1] <= '9' &&
  69              		.loc 1 34 40 discriminator 1 view .LVU15
  70 0022 3A2B     		cmp	r3, #58
  71 0024 00D1     		bne	.L4
  72              	.LVL4:
  73              	.L1:
  36:Middlewares/lvgl/examples/widgets/textarea/lv_example_textarea_3.c ****     {
  37:Middlewares/lvgl/examples/widgets/textarea/lv_example_textarea_3.c ****         lv_textarea_set_cursor_pos(ta, 2);
  38:Middlewares/lvgl/examples/widgets/textarea/lv_example_textarea_3.c ****         lv_textarea_add_char(ta, ':');
  39:Middlewares/lvgl/examples/widgets/textarea/lv_example_textarea_3.c ****     }
  40:Middlewares/lvgl/examples/widgets/textarea/lv_example_textarea_3.c **** }
ARM GAS  /tmp/cc2dtdYq.s 			page 3


  74              		.loc 1 40 1 view .LVU16
  75 0026 10BD     		pop	{r4, pc}
  76              	.LVL5:
  77              	.L4:
  37:Middlewares/lvgl/examples/widgets/textarea/lv_example_textarea_3.c ****         lv_textarea_add_char(ta, ':');
  78              		.loc 1 37 9 is_stmt 1 view .LVU17
  79 0028 0221     		movs	r1, #2
  80 002a 2046     		mov	r0, r4
  81              	.LVL6:
  37:Middlewares/lvgl/examples/widgets/textarea/lv_example_textarea_3.c ****         lv_textarea_add_char(ta, ':');
  82              		.loc 1 37 9 is_stmt 0 view .LVU18
  83 002c FFF7FEFF 		bl	lv_textarea_set_cursor_pos
  84              	.LVL7:
  38:Middlewares/lvgl/examples/widgets/textarea/lv_example_textarea_3.c ****     }
  85              		.loc 1 38 9 is_stmt 1 view .LVU19
  86 0030 3A21     		movs	r1, #58
  87 0032 2046     		mov	r0, r4
  88 0034 FFF7FEFF 		bl	lv_textarea_add_char
  89              	.LVL8:
  90              		.loc 1 40 1 is_stmt 0 view .LVU20
  91 0038 F5E7     		b	.L1
  92              		.cfi_endproc
  93              	.LFE185:
  95              		.section	.rodata.lv_example_textarea_3.str1.4,"aMS",%progbits,1
  96              		.align	2
  97              	.LC0:
  98 0000 30313233 		.ascii	"0123456789:\000"
  98      34353637 
  98      38393A00 
  99              		.align	2
 100              	.LC1:
 101 000c 00       		.ascii	"\000"
 102              		.section	.text.lv_example_textarea_3,"ax",%progbits
 103              		.align	1
 104              		.global	lv_example_textarea_3
 105              		.syntax unified
 106              		.thumb
 107              		.thumb_func
 109              	lv_example_textarea_3:
 110              	.LFB184:
  13:Middlewares/lvgl/examples/widgets/textarea/lv_example_textarea_3.c ****     /*Create the text area*/
 111              		.loc 1 13 1 is_stmt 1 view -0
 112              		.cfi_startproc
 113              		@ args = 0, pretend = 0, frame = 0
 114              		@ frame_needed = 0, uses_anonymous_args = 0
 115 0000 F8B5     		push	{r3, r4, r5, r6, r7, lr}
 116              	.LCFI1:
 117              		.cfi_def_cfa_offset 24
 118              		.cfi_offset 3, -24
 119              		.cfi_offset 4, -20
 120              		.cfi_offset 5, -16
 121              		.cfi_offset 6, -12
 122              		.cfi_offset 7, -8
 123              		.cfi_offset 14, -4
  15:Middlewares/lvgl/examples/widgets/textarea/lv_example_textarea_3.c ****     lv_obj_add_event_cb(ta, ta_event_cb, LV_EVENT_VALUE_CHANGED, NULL);
 124              		.loc 1 15 5 view .LVU22
 125              	.LBB6:
ARM GAS  /tmp/cc2dtdYq.s 			page 4


 126              	.LBI6:
 127              		.file 2 "Middlewares/lvgl/examples/widgets/textarea/../../../src/core/lv_disp.h"
   1:Middlewares/lvgl/examples/widgets/textarea/../../../src/core/lv_disp.h **** /**
   2:Middlewares/lvgl/examples/widgets/textarea/../../../src/core/lv_disp.h ****  * @file lv_disp.h
   3:Middlewares/lvgl/examples/widgets/textarea/../../../src/core/lv_disp.h ****  *
   4:Middlewares/lvgl/examples/widgets/textarea/../../../src/core/lv_disp.h ****  */
   5:Middlewares/lvgl/examples/widgets/textarea/../../../src/core/lv_disp.h **** 
   6:Middlewares/lvgl/examples/widgets/textarea/../../../src/core/lv_disp.h **** #ifndef LV_DISP_H
   7:Middlewares/lvgl/examples/widgets/textarea/../../../src/core/lv_disp.h **** #define LV_DISP_H
   8:Middlewares/lvgl/examples/widgets/textarea/../../../src/core/lv_disp.h **** 
   9:Middlewares/lvgl/examples/widgets/textarea/../../../src/core/lv_disp.h **** #ifdef __cplusplus
  10:Middlewares/lvgl/examples/widgets/textarea/../../../src/core/lv_disp.h **** extern "C" {
  11:Middlewares/lvgl/examples/widgets/textarea/../../../src/core/lv_disp.h **** #endif
  12:Middlewares/lvgl/examples/widgets/textarea/../../../src/core/lv_disp.h **** 
  13:Middlewares/lvgl/examples/widgets/textarea/../../../src/core/lv_disp.h **** /*********************
  14:Middlewares/lvgl/examples/widgets/textarea/../../../src/core/lv_disp.h ****  *      INCLUDES
  15:Middlewares/lvgl/examples/widgets/textarea/../../../src/core/lv_disp.h ****  *********************/
  16:Middlewares/lvgl/examples/widgets/textarea/../../../src/core/lv_disp.h **** #include "../hal/lv_hal.h"
  17:Middlewares/lvgl/examples/widgets/textarea/../../../src/core/lv_disp.h **** #include "lv_obj.h"
  18:Middlewares/lvgl/examples/widgets/textarea/../../../src/core/lv_disp.h **** #include "lv_theme.h"
  19:Middlewares/lvgl/examples/widgets/textarea/../../../src/core/lv_disp.h **** 
  20:Middlewares/lvgl/examples/widgets/textarea/../../../src/core/lv_disp.h **** /*********************
  21:Middlewares/lvgl/examples/widgets/textarea/../../../src/core/lv_disp.h ****  *      DEFINES
  22:Middlewares/lvgl/examples/widgets/textarea/../../../src/core/lv_disp.h ****  *********************/
  23:Middlewares/lvgl/examples/widgets/textarea/../../../src/core/lv_disp.h **** 
  24:Middlewares/lvgl/examples/widgets/textarea/../../../src/core/lv_disp.h **** /**********************
  25:Middlewares/lvgl/examples/widgets/textarea/../../../src/core/lv_disp.h ****  *      TYPEDEFS
  26:Middlewares/lvgl/examples/widgets/textarea/../../../src/core/lv_disp.h ****  **********************/
  27:Middlewares/lvgl/examples/widgets/textarea/../../../src/core/lv_disp.h **** 
  28:Middlewares/lvgl/examples/widgets/textarea/../../../src/core/lv_disp.h **** typedef enum {
  29:Middlewares/lvgl/examples/widgets/textarea/../../../src/core/lv_disp.h ****     LV_SCR_LOAD_ANIM_NONE,
  30:Middlewares/lvgl/examples/widgets/textarea/../../../src/core/lv_disp.h ****     LV_SCR_LOAD_ANIM_OVER_LEFT,
  31:Middlewares/lvgl/examples/widgets/textarea/../../../src/core/lv_disp.h ****     LV_SCR_LOAD_ANIM_OVER_RIGHT,
  32:Middlewares/lvgl/examples/widgets/textarea/../../../src/core/lv_disp.h ****     LV_SCR_LOAD_ANIM_OVER_TOP,
  33:Middlewares/lvgl/examples/widgets/textarea/../../../src/core/lv_disp.h ****     LV_SCR_LOAD_ANIM_OVER_BOTTOM,
  34:Middlewares/lvgl/examples/widgets/textarea/../../../src/core/lv_disp.h ****     LV_SCR_LOAD_ANIM_MOVE_LEFT,
  35:Middlewares/lvgl/examples/widgets/textarea/../../../src/core/lv_disp.h ****     LV_SCR_LOAD_ANIM_MOVE_RIGHT,
  36:Middlewares/lvgl/examples/widgets/textarea/../../../src/core/lv_disp.h ****     LV_SCR_LOAD_ANIM_MOVE_TOP,
  37:Middlewares/lvgl/examples/widgets/textarea/../../../src/core/lv_disp.h ****     LV_SCR_LOAD_ANIM_MOVE_BOTTOM,
  38:Middlewares/lvgl/examples/widgets/textarea/../../../src/core/lv_disp.h ****     LV_SCR_LOAD_ANIM_FADE_ON,
  39:Middlewares/lvgl/examples/widgets/textarea/../../../src/core/lv_disp.h **** } lv_scr_load_anim_t;
  40:Middlewares/lvgl/examples/widgets/textarea/../../../src/core/lv_disp.h **** 
  41:Middlewares/lvgl/examples/widgets/textarea/../../../src/core/lv_disp.h **** /**********************
  42:Middlewares/lvgl/examples/widgets/textarea/../../../src/core/lv_disp.h ****  * GLOBAL PROTOTYPES
  43:Middlewares/lvgl/examples/widgets/textarea/../../../src/core/lv_disp.h ****  **********************/
  44:Middlewares/lvgl/examples/widgets/textarea/../../../src/core/lv_disp.h **** 
  45:Middlewares/lvgl/examples/widgets/textarea/../../../src/core/lv_disp.h **** /**
  46:Middlewares/lvgl/examples/widgets/textarea/../../../src/core/lv_disp.h ****  * Return with a pointer to the active screen
  47:Middlewares/lvgl/examples/widgets/textarea/../../../src/core/lv_disp.h ****  * @param disp pointer to display which active screen should be get. (NULL to use the default
  48:Middlewares/lvgl/examples/widgets/textarea/../../../src/core/lv_disp.h ****  * screen)
  49:Middlewares/lvgl/examples/widgets/textarea/../../../src/core/lv_disp.h ****  * @return pointer to the active screen object (loaded by 'lv_scr_load()')
  50:Middlewares/lvgl/examples/widgets/textarea/../../../src/core/lv_disp.h ****  */
  51:Middlewares/lvgl/examples/widgets/textarea/../../../src/core/lv_disp.h **** lv_obj_t * lv_disp_get_scr_act(lv_disp_t * disp);
  52:Middlewares/lvgl/examples/widgets/textarea/../../../src/core/lv_disp.h **** 
  53:Middlewares/lvgl/examples/widgets/textarea/../../../src/core/lv_disp.h **** /**
  54:Middlewares/lvgl/examples/widgets/textarea/../../../src/core/lv_disp.h ****  * Return with a pointer to the previous screen. Only used during screen transitions.
  55:Middlewares/lvgl/examples/widgets/textarea/../../../src/core/lv_disp.h ****  * @param disp pointer to display which previous screen should be get. (NULL to use the default
ARM GAS  /tmp/cc2dtdYq.s 			page 5


  56:Middlewares/lvgl/examples/widgets/textarea/../../../src/core/lv_disp.h ****  * screen)
  57:Middlewares/lvgl/examples/widgets/textarea/../../../src/core/lv_disp.h ****  * @return pointer to the previous screen object or NULL if not used now
  58:Middlewares/lvgl/examples/widgets/textarea/../../../src/core/lv_disp.h ****  */
  59:Middlewares/lvgl/examples/widgets/textarea/../../../src/core/lv_disp.h **** lv_obj_t * lv_disp_get_scr_prev(lv_disp_t * disp);
  60:Middlewares/lvgl/examples/widgets/textarea/../../../src/core/lv_disp.h **** 
  61:Middlewares/lvgl/examples/widgets/textarea/../../../src/core/lv_disp.h **** /**
  62:Middlewares/lvgl/examples/widgets/textarea/../../../src/core/lv_disp.h ****  * Make a screen active
  63:Middlewares/lvgl/examples/widgets/textarea/../../../src/core/lv_disp.h ****  * @param scr pointer to a screen
  64:Middlewares/lvgl/examples/widgets/textarea/../../../src/core/lv_disp.h ****  */
  65:Middlewares/lvgl/examples/widgets/textarea/../../../src/core/lv_disp.h **** void lv_disp_load_scr(lv_obj_t * scr);
  66:Middlewares/lvgl/examples/widgets/textarea/../../../src/core/lv_disp.h **** 
  67:Middlewares/lvgl/examples/widgets/textarea/../../../src/core/lv_disp.h **** /**
  68:Middlewares/lvgl/examples/widgets/textarea/../../../src/core/lv_disp.h ****  * Return with the top layer. (Same on every screen and it is above the normal screen layer)
  69:Middlewares/lvgl/examples/widgets/textarea/../../../src/core/lv_disp.h ****  * @param disp pointer to display which top layer should be get. (NULL to use the default screen)
  70:Middlewares/lvgl/examples/widgets/textarea/../../../src/core/lv_disp.h ****  * @return pointer to the top layer object  (transparent screen sized lv_obj)
  71:Middlewares/lvgl/examples/widgets/textarea/../../../src/core/lv_disp.h ****  */
  72:Middlewares/lvgl/examples/widgets/textarea/../../../src/core/lv_disp.h **** lv_obj_t * lv_disp_get_layer_top(lv_disp_t * disp);
  73:Middlewares/lvgl/examples/widgets/textarea/../../../src/core/lv_disp.h **** 
  74:Middlewares/lvgl/examples/widgets/textarea/../../../src/core/lv_disp.h **** /**
  75:Middlewares/lvgl/examples/widgets/textarea/../../../src/core/lv_disp.h ****  * Return with the sys. layer. (Same on every screen and it is above the normal screen and the top
  76:Middlewares/lvgl/examples/widgets/textarea/../../../src/core/lv_disp.h ****  * layer)
  77:Middlewares/lvgl/examples/widgets/textarea/../../../src/core/lv_disp.h ****  * @param disp pointer to display which sys. layer  should be get. (NULL to use the default screen)
  78:Middlewares/lvgl/examples/widgets/textarea/../../../src/core/lv_disp.h ****  * @return pointer to the sys layer object  (transparent screen sized lv_obj)
  79:Middlewares/lvgl/examples/widgets/textarea/../../../src/core/lv_disp.h ****  */
  80:Middlewares/lvgl/examples/widgets/textarea/../../../src/core/lv_disp.h **** lv_obj_t * lv_disp_get_layer_sys(lv_disp_t * disp);
  81:Middlewares/lvgl/examples/widgets/textarea/../../../src/core/lv_disp.h **** 
  82:Middlewares/lvgl/examples/widgets/textarea/../../../src/core/lv_disp.h **** /**
  83:Middlewares/lvgl/examples/widgets/textarea/../../../src/core/lv_disp.h ****  * Get the theme of a display
  84:Middlewares/lvgl/examples/widgets/textarea/../../../src/core/lv_disp.h ****  * @param disp pointer to a display
  85:Middlewares/lvgl/examples/widgets/textarea/../../../src/core/lv_disp.h ****  * @return the display's theme (can be NULL)
  86:Middlewares/lvgl/examples/widgets/textarea/../../../src/core/lv_disp.h ****  */
  87:Middlewares/lvgl/examples/widgets/textarea/../../../src/core/lv_disp.h **** void lv_disp_set_theme(lv_disp_t * disp, lv_theme_t * th);
  88:Middlewares/lvgl/examples/widgets/textarea/../../../src/core/lv_disp.h **** 
  89:Middlewares/lvgl/examples/widgets/textarea/../../../src/core/lv_disp.h **** /**
  90:Middlewares/lvgl/examples/widgets/textarea/../../../src/core/lv_disp.h ****  * Get the theme of a display
  91:Middlewares/lvgl/examples/widgets/textarea/../../../src/core/lv_disp.h ****  * @param disp pointer to a display
  92:Middlewares/lvgl/examples/widgets/textarea/../../../src/core/lv_disp.h ****  * @return the display's theme (can be NULL)
  93:Middlewares/lvgl/examples/widgets/textarea/../../../src/core/lv_disp.h ****  */
  94:Middlewares/lvgl/examples/widgets/textarea/../../../src/core/lv_disp.h **** lv_theme_t * lv_disp_get_theme(lv_disp_t * disp);
  95:Middlewares/lvgl/examples/widgets/textarea/../../../src/core/lv_disp.h **** 
  96:Middlewares/lvgl/examples/widgets/textarea/../../../src/core/lv_disp.h **** /**
  97:Middlewares/lvgl/examples/widgets/textarea/../../../src/core/lv_disp.h ****  * Set the background color of a display
  98:Middlewares/lvgl/examples/widgets/textarea/../../../src/core/lv_disp.h ****  * @param disp pointer to a display
  99:Middlewares/lvgl/examples/widgets/textarea/../../../src/core/lv_disp.h ****  * @param color color of the background
 100:Middlewares/lvgl/examples/widgets/textarea/../../../src/core/lv_disp.h ****  */
 101:Middlewares/lvgl/examples/widgets/textarea/../../../src/core/lv_disp.h **** void lv_disp_set_bg_color(lv_disp_t * disp, lv_color_t color);
 102:Middlewares/lvgl/examples/widgets/textarea/../../../src/core/lv_disp.h **** 
 103:Middlewares/lvgl/examples/widgets/textarea/../../../src/core/lv_disp.h **** /**
 104:Middlewares/lvgl/examples/widgets/textarea/../../../src/core/lv_disp.h ****  * Set the background image of a display
 105:Middlewares/lvgl/examples/widgets/textarea/../../../src/core/lv_disp.h ****  * @param disp pointer to a display
 106:Middlewares/lvgl/examples/widgets/textarea/../../../src/core/lv_disp.h ****  * @param img_src path to file or pointer to an `lv_img_dsc_t` variable
 107:Middlewares/lvgl/examples/widgets/textarea/../../../src/core/lv_disp.h ****  */
 108:Middlewares/lvgl/examples/widgets/textarea/../../../src/core/lv_disp.h **** void lv_disp_set_bg_image(lv_disp_t * disp, const void  * img_src);
 109:Middlewares/lvgl/examples/widgets/textarea/../../../src/core/lv_disp.h **** 
 110:Middlewares/lvgl/examples/widgets/textarea/../../../src/core/lv_disp.h **** /**
 111:Middlewares/lvgl/examples/widgets/textarea/../../../src/core/lv_disp.h ****  * Opacity of the background
 112:Middlewares/lvgl/examples/widgets/textarea/../../../src/core/lv_disp.h ****  * @param disp pointer to a display
ARM GAS  /tmp/cc2dtdYq.s 			page 6


 113:Middlewares/lvgl/examples/widgets/textarea/../../../src/core/lv_disp.h ****  * @param opa opacity (0..255)
 114:Middlewares/lvgl/examples/widgets/textarea/../../../src/core/lv_disp.h ****  */
 115:Middlewares/lvgl/examples/widgets/textarea/../../../src/core/lv_disp.h **** void lv_disp_set_bg_opa(lv_disp_t * disp, lv_opa_t opa);
 116:Middlewares/lvgl/examples/widgets/textarea/../../../src/core/lv_disp.h **** 
 117:Middlewares/lvgl/examples/widgets/textarea/../../../src/core/lv_disp.h **** /**
 118:Middlewares/lvgl/examples/widgets/textarea/../../../src/core/lv_disp.h ****  * Switch screen with animation
 119:Middlewares/lvgl/examples/widgets/textarea/../../../src/core/lv_disp.h ****  * @param scr pointer to the new screen to load
 120:Middlewares/lvgl/examples/widgets/textarea/../../../src/core/lv_disp.h ****  * @param anim_type type of the animation from `lv_scr_load_anim_t`. E.g.  `LV_SCR_LOAD_ANIM_MOVE_L
 121:Middlewares/lvgl/examples/widgets/textarea/../../../src/core/lv_disp.h ****  * @param time time of the animation
 122:Middlewares/lvgl/examples/widgets/textarea/../../../src/core/lv_disp.h ****  * @param delay delay before the transition
 123:Middlewares/lvgl/examples/widgets/textarea/../../../src/core/lv_disp.h ****  * @param auto_del true: automatically delete the old screen
 124:Middlewares/lvgl/examples/widgets/textarea/../../../src/core/lv_disp.h ****  */
 125:Middlewares/lvgl/examples/widgets/textarea/../../../src/core/lv_disp.h **** void lv_scr_load_anim(lv_obj_t * scr, lv_scr_load_anim_t anim_type, uint32_t time, uint32_t delay, 
 126:Middlewares/lvgl/examples/widgets/textarea/../../../src/core/lv_disp.h **** 
 127:Middlewares/lvgl/examples/widgets/textarea/../../../src/core/lv_disp.h **** /**
 128:Middlewares/lvgl/examples/widgets/textarea/../../../src/core/lv_disp.h ****  * Get elapsed time since last user activity on a display (e.g. click)
 129:Middlewares/lvgl/examples/widgets/textarea/../../../src/core/lv_disp.h ****  * @param disp pointer to an display (NULL to get the overall smallest inactivity)
 130:Middlewares/lvgl/examples/widgets/textarea/../../../src/core/lv_disp.h ****  * @return elapsed ticks (milliseconds) since the last activity
 131:Middlewares/lvgl/examples/widgets/textarea/../../../src/core/lv_disp.h ****  */
 132:Middlewares/lvgl/examples/widgets/textarea/../../../src/core/lv_disp.h **** uint32_t lv_disp_get_inactive_time(const lv_disp_t * disp);
 133:Middlewares/lvgl/examples/widgets/textarea/../../../src/core/lv_disp.h **** 
 134:Middlewares/lvgl/examples/widgets/textarea/../../../src/core/lv_disp.h **** /**
 135:Middlewares/lvgl/examples/widgets/textarea/../../../src/core/lv_disp.h ****  * Manually trigger an activity on a display
 136:Middlewares/lvgl/examples/widgets/textarea/../../../src/core/lv_disp.h ****  * @param disp pointer to an display (NULL to use the default display)
 137:Middlewares/lvgl/examples/widgets/textarea/../../../src/core/lv_disp.h ****  */
 138:Middlewares/lvgl/examples/widgets/textarea/../../../src/core/lv_disp.h **** void lv_disp_trig_activity(lv_disp_t * disp);
 139:Middlewares/lvgl/examples/widgets/textarea/../../../src/core/lv_disp.h **** 
 140:Middlewares/lvgl/examples/widgets/textarea/../../../src/core/lv_disp.h **** /**
 141:Middlewares/lvgl/examples/widgets/textarea/../../../src/core/lv_disp.h ****  * Clean any CPU cache that is related to the display.
 142:Middlewares/lvgl/examples/widgets/textarea/../../../src/core/lv_disp.h ****  * @param disp pointer to an display (NULL to use the default display)
 143:Middlewares/lvgl/examples/widgets/textarea/../../../src/core/lv_disp.h ****  */
 144:Middlewares/lvgl/examples/widgets/textarea/../../../src/core/lv_disp.h **** void lv_disp_clean_dcache(lv_disp_t * disp);
 145:Middlewares/lvgl/examples/widgets/textarea/../../../src/core/lv_disp.h **** 
 146:Middlewares/lvgl/examples/widgets/textarea/../../../src/core/lv_disp.h **** /**
 147:Middlewares/lvgl/examples/widgets/textarea/../../../src/core/lv_disp.h ****  * Get a pointer to the screen refresher timer to
 148:Middlewares/lvgl/examples/widgets/textarea/../../../src/core/lv_disp.h ****  * modify its parameters with `lv_timer_...` functions.
 149:Middlewares/lvgl/examples/widgets/textarea/../../../src/core/lv_disp.h ****  * @param disp pointer to a display
 150:Middlewares/lvgl/examples/widgets/textarea/../../../src/core/lv_disp.h ****  * @return pointer to the display refresher timer. (NULL on error)
 151:Middlewares/lvgl/examples/widgets/textarea/../../../src/core/lv_disp.h ****  */
 152:Middlewares/lvgl/examples/widgets/textarea/../../../src/core/lv_disp.h **** lv_timer_t * _lv_disp_get_refr_timer(lv_disp_t * disp);
 153:Middlewares/lvgl/examples/widgets/textarea/../../../src/core/lv_disp.h **** 
 154:Middlewares/lvgl/examples/widgets/textarea/../../../src/core/lv_disp.h **** /*------------------------------------------------
 155:Middlewares/lvgl/examples/widgets/textarea/../../../src/core/lv_disp.h ****  * To improve backward compatibility
 156:Middlewares/lvgl/examples/widgets/textarea/../../../src/core/lv_disp.h ****  * Recommended only if you have one display
 157:Middlewares/lvgl/examples/widgets/textarea/../../../src/core/lv_disp.h ****  *------------------------------------------------*/
 158:Middlewares/lvgl/examples/widgets/textarea/../../../src/core/lv_disp.h **** 
 159:Middlewares/lvgl/examples/widgets/textarea/../../../src/core/lv_disp.h **** /**
 160:Middlewares/lvgl/examples/widgets/textarea/../../../src/core/lv_disp.h ****  * Get the active screen of the default display
 161:Middlewares/lvgl/examples/widgets/textarea/../../../src/core/lv_disp.h ****  * @return pointer to the active screen
 162:Middlewares/lvgl/examples/widgets/textarea/../../../src/core/lv_disp.h ****  */
 163:Middlewares/lvgl/examples/widgets/textarea/../../../src/core/lv_disp.h **** static inline lv_obj_t * lv_scr_act(void)
 128              		.loc 2 163 26 view .LVU23
 129              	.LBB7:
 164:Middlewares/lvgl/examples/widgets/textarea/../../../src/core/lv_disp.h **** {
 165:Middlewares/lvgl/examples/widgets/textarea/../../../src/core/lv_disp.h ****     return lv_disp_get_scr_act(lv_disp_get_default());
 130              		.loc 2 165 5 view .LVU24
 131              		.loc 2 165 12 is_stmt 0 view .LVU25
ARM GAS  /tmp/cc2dtdYq.s 			page 7


 132 0002 FFF7FEFF 		bl	lv_disp_get_default
 133              	.LVL9:
 134 0006 FFF7FEFF 		bl	lv_disp_get_scr_act
 135              	.LVL10:
 136              	.LBE7:
 137              	.LBE6:
  15:Middlewares/lvgl/examples/widgets/textarea/lv_example_textarea_3.c ****     lv_obj_add_event_cb(ta, ta_event_cb, LV_EVENT_VALUE_CHANGED, NULL);
 138              		.loc 1 15 21 view .LVU26
 139 000a FFF7FEFF 		bl	lv_textarea_create
 140              	.LVL11:
 141 000e 0446     		mov	r4, r0
 142              	.LVL12:
  16:Middlewares/lvgl/examples/widgets/textarea/lv_example_textarea_3.c ****     lv_textarea_set_accepted_chars(ta, "0123456789:");
 143              		.loc 1 16 5 is_stmt 1 view .LVU27
 144 0010 0023     		movs	r3, #0
 145 0012 1C22     		movs	r2, #28
 146 0014 1A49     		ldr	r1, .L7
 147 0016 FFF7FEFF 		bl	lv_obj_add_event_cb
 148              	.LVL13:
  17:Middlewares/lvgl/examples/widgets/textarea/lv_example_textarea_3.c ****     lv_textarea_set_max_length(ta, 5);
 149              		.loc 1 17 5 view .LVU28
 150 001a 1A49     		ldr	r1, .L7+4
 151 001c 2046     		mov	r0, r4
 152 001e FFF7FEFF 		bl	lv_textarea_set_accepted_chars
 153              	.LVL14:
  18:Middlewares/lvgl/examples/widgets/textarea/lv_example_textarea_3.c ****     lv_textarea_set_one_line(ta, true);
 154              		.loc 1 18 5 view .LVU29
 155 0022 0521     		movs	r1, #5
 156 0024 2046     		mov	r0, r4
 157 0026 FFF7FEFF 		bl	lv_textarea_set_max_length
 158              	.LVL15:
  19:Middlewares/lvgl/examples/widgets/textarea/lv_example_textarea_3.c ****     lv_textarea_set_text(ta, "");
 159              		.loc 1 19 5 view .LVU30
 160 002a 0121     		movs	r1, #1
 161 002c 2046     		mov	r0, r4
 162 002e FFF7FEFF 		bl	lv_textarea_set_one_line
 163              	.LVL16:
  20:Middlewares/lvgl/examples/widgets/textarea/lv_example_textarea_3.c **** 
 164              		.loc 1 20 5 view .LVU31
 165 0032 1549     		ldr	r1, .L7+8
 166 0034 2046     		mov	r0, r4
 167 0036 FFF7FEFF 		bl	lv_textarea_set_text
 168              	.LVL17:
  23:Middlewares/lvgl/examples/widgets/textarea/lv_example_textarea_3.c ****     lv_obj_set_size(kb,  LV_HOR_RES, LV_VER_RES / 2);
 169              		.loc 1 23 5 view .LVU32
 170              	.LBB8:
 171              	.LBI8:
 163:Middlewares/lvgl/examples/widgets/textarea/../../../src/core/lv_disp.h **** {
 172              		.loc 2 163 26 view .LVU33
 173              	.LBB9:
 174              		.loc 2 165 5 view .LVU34
 175              		.loc 2 165 12 is_stmt 0 view .LVU35
 176 003a FFF7FEFF 		bl	lv_disp_get_default
 177              	.LVL18:
 178 003e FFF7FEFF 		bl	lv_disp_get_scr_act
 179              	.LVL19:
 180              	.LBE9:
ARM GAS  /tmp/cc2dtdYq.s 			page 8


 181              	.LBE8:
  23:Middlewares/lvgl/examples/widgets/textarea/lv_example_textarea_3.c ****     lv_obj_set_size(kb,  LV_HOR_RES, LV_VER_RES / 2);
 182              		.loc 1 23 10 view .LVU36
 183 0042 FFF7FEFF 		bl	lv_keyboard_create
 184              	.LVL20:
 185 0046 0546     		mov	r5, r0
  23:Middlewares/lvgl/examples/widgets/textarea/lv_example_textarea_3.c ****     lv_obj_set_size(kb,  LV_HOR_RES, LV_VER_RES / 2);
 186              		.loc 1 23 8 view .LVU37
 187 0048 104E     		ldr	r6, .L7+12
 188 004a 3060     		str	r0, [r6]
  24:Middlewares/lvgl/examples/widgets/textarea/lv_example_textarea_3.c ****     lv_keyboard_set_mode(kb, LV_KEYBOARD_MODE_NUMBER);
 189              		.loc 1 24 5 is_stmt 1 view .LVU38
 190 004c FFF7FEFF 		bl	lv_disp_get_default
 191              	.LVL21:
 192 0050 FFF7FEFF 		bl	lv_disp_get_hor_res
 193              	.LVL22:
 194 0054 0746     		mov	r7, r0
  24:Middlewares/lvgl/examples/widgets/textarea/lv_example_textarea_3.c ****     lv_keyboard_set_mode(kb, LV_KEYBOARD_MODE_NUMBER);
 195              		.loc 1 24 38 is_stmt 0 view .LVU39
 196 0056 FFF7FEFF 		bl	lv_disp_get_default
 197              	.LVL23:
 198 005a FFF7FEFF 		bl	lv_disp_get_ver_res
 199              	.LVL24:
  24:Middlewares/lvgl/examples/widgets/textarea/lv_example_textarea_3.c ****     lv_keyboard_set_mode(kb, LV_KEYBOARD_MODE_NUMBER);
 200              		.loc 1 24 5 view .LVU40
 201 005e 00EBD070 		add	r0, r0, r0, lsr #31
 202 0062 40F34F02 		sbfx	r2, r0, #1, #16
 203 0066 3946     		mov	r1, r7
 204 0068 2846     		mov	r0, r5
 205 006a FFF7FEFF 		bl	lv_obj_set_size
 206              	.LVL25:
  25:Middlewares/lvgl/examples/widgets/textarea/lv_example_textarea_3.c ****     lv_keyboard_set_textarea(kb, ta);
 207              		.loc 1 25 5 is_stmt 1 view .LVU41
 208 006e 0321     		movs	r1, #3
 209 0070 3068     		ldr	r0, [r6]
 210 0072 FFF7FEFF 		bl	lv_keyboard_set_mode
 211              	.LVL26:
  26:Middlewares/lvgl/examples/widgets/textarea/lv_example_textarea_3.c **** }
 212              		.loc 1 26 5 view .LVU42
 213 0076 2146     		mov	r1, r4
 214 0078 3068     		ldr	r0, [r6]
 215 007a FFF7FEFF 		bl	lv_keyboard_set_textarea
 216              	.LVL27:
  27:Middlewares/lvgl/examples/widgets/textarea/lv_example_textarea_3.c **** 
 217              		.loc 1 27 1 is_stmt 0 view .LVU43
 218 007e F8BD     		pop	{r3, r4, r5, r6, r7, pc}
 219              	.LVL28:
 220              	.L8:
  27:Middlewares/lvgl/examples/widgets/textarea/lv_example_textarea_3.c **** 
 221              		.loc 1 27 1 view .LVU44
 222              		.align	2
 223              	.L7:
 224 0080 00000000 		.word	ta_event_cb
 225 0084 00000000 		.word	.LC0
 226 0088 0C000000 		.word	.LC1
 227 008c 00000000 		.word	.LANCHOR0
 228              		.cfi_endproc
ARM GAS  /tmp/cc2dtdYq.s 			page 9


 229              	.LFE184:
 231              		.section	.bss.kb,"aw",%nobits
 232              		.align	2
 233              		.set	.LANCHOR0,. + 0
 236              	kb:
 237 0000 00000000 		.space	4
 238              		.text
 239              	.Letext0:
 240              		.file 3 "/home/akinya/gcc-arm-none-eabi/arm-none-eabi/include/machine/_default_types.h"
 241              		.file 4 "/home/akinya/gcc-arm-none-eabi/arm-none-eabi/include/sys/_stdint.h"
 242              		.file 5 "Middlewares/lvgl/examples/widgets/textarea/../../../src/misc/lv_ll.h"
 243              		.file 6 "Middlewares/lvgl/examples/widgets/textarea/../../../src/hal/../misc/lv_color.h"
 244              		.file 7 "Middlewares/lvgl/examples/widgets/textarea/../../../src/hal/../misc/lv_area.h"
 245              		.file 8 "Middlewares/lvgl/examples/widgets/textarea/../../../src/core/lv_obj.h"
 246              		.file 9 "Middlewares/lvgl/examples/widgets/textarea/../../../src/core/lv_group.h"
 247              		.file 10 "Middlewares/lvgl/examples/widgets/textarea/../../../src/core/../misc/lv_style.h"
 248              		.file 11 "Middlewares/lvgl/examples/widgets/textarea/../../../src/core/lv_obj_scroll.h"
 249              		.file 12 "Middlewares/lvgl/examples/widgets/textarea/../../../src/core/lv_obj_style.h"
 250              		.file 13 "Middlewares/lvgl/examples/widgets/textarea/../../../src/core/lv_obj_class.h"
 251              		.file 14 "Middlewares/lvgl/examples/widgets/textarea/../../../src/core/lv_event.h"
 252              		.file 15 "Middlewares/lvgl/examples/widgets/textarea/../../../src/widgets/lv_bar.h"
 253              		.file 16 "Middlewares/lvgl/examples/widgets/textarea/../../../src/extra/widgets/keyboard/lv_keyboa
 254              		.file 17 "Middlewares/lvgl/examples/widgets/textarea/../../../src/extra/widgets/imgbtn/lv_imgbtn.h
 255              		.file 18 "Middlewares/lvgl/examples/widgets/textarea/../../../src/widgets/lv_textarea.h"
 256              		.file 19 "Middlewares/lvgl/examples/widgets/textarea/../../../src/hal/lv_hal_disp.h"
 257              		.file 20 "Middlewares/lvgl/examples/widgets/textarea/../../../src/core/lv_obj_pos.h"
ARM GAS  /tmp/cc2dtdYq.s 			page 10


DEFINED SYMBOLS
                            *ABS*:0000000000000000 lv_example_textarea_3.c
     /tmp/cc2dtdYq.s:20     .text.ta_event_cb:0000000000000000 $t
     /tmp/cc2dtdYq.s:25     .text.ta_event_cb:0000000000000000 ta_event_cb
     /tmp/cc2dtdYq.s:96     .rodata.lv_example_textarea_3.str1.4:0000000000000000 $d
     /tmp/cc2dtdYq.s:103    .text.lv_example_textarea_3:0000000000000000 $t
     /tmp/cc2dtdYq.s:109    .text.lv_example_textarea_3:0000000000000000 lv_example_textarea_3
     /tmp/cc2dtdYq.s:224    .text.lv_example_textarea_3:0000000000000080 $d
     /tmp/cc2dtdYq.s:232    .bss.kb:0000000000000000 $d
     /tmp/cc2dtdYq.s:236    .bss.kb:0000000000000000 kb

UNDEFINED SYMBOLS
lv_event_get_target
lv_textarea_get_text
lv_textarea_set_cursor_pos
lv_textarea_add_char
lv_disp_get_default
lv_disp_get_scr_act
lv_textarea_create
lv_obj_add_event_cb
lv_textarea_set_accepted_chars
lv_textarea_set_max_length
lv_textarea_set_one_line
lv_textarea_set_text
lv_keyboard_create
lv_disp_get_hor_res
lv_disp_get_ver_res
lv_obj_set_size
lv_keyboard_set_mode
lv_keyboard_set_textarea
