ARM GAS  /tmp/ccv24UhS.s 			page 1


   1              		.cpu cortex-m4
   2              		.arch armv7e-m
   3              		.fpu fpv4-sp-d16
   4              		.eabi_attribute 27, 1
   5              		.eabi_attribute 28, 1
   6              		.eabi_attribute 20, 1
   7              		.eabi_attribute 21, 1
   8              		.eabi_attribute 23, 3
   9              		.eabi_attribute 24, 1
  10              		.eabi_attribute 25, 1
  11              		.eabi_attribute 26, 1
  12              		.eabi_attribute 30, 1
  13              		.eabi_attribute 34, 1
  14              		.eabi_attribute 18, 4
  15              		.file	"lv_tileview.c"
  16              		.text
  17              	.Ltext0:
  18              		.cfi_sections	.debug_frame
  19              		.section	.text.lv_tileview_constructor,"ax",%progbits
  20              		.align	1
  21              		.syntax unified
  22              		.thumb
  23              		.thumb_func
  25              	lv_tileview_constructor:
  26              	.LVL0:
  27              	.LFB152:
  28              		.file 1 "Middlewares/lvgl/src/extra/widgets/tileview/lv_tileview.c"
   1:Middlewares/lvgl/src/extra/widgets/tileview/lv_tileview.c **** /**
   2:Middlewares/lvgl/src/extra/widgets/tileview/lv_tileview.c ****  * @file lv_tileview.c
   3:Middlewares/lvgl/src/extra/widgets/tileview/lv_tileview.c ****  *
   4:Middlewares/lvgl/src/extra/widgets/tileview/lv_tileview.c ****  */
   5:Middlewares/lvgl/src/extra/widgets/tileview/lv_tileview.c **** 
   6:Middlewares/lvgl/src/extra/widgets/tileview/lv_tileview.c **** /*********************
   7:Middlewares/lvgl/src/extra/widgets/tileview/lv_tileview.c ****  *      INCLUDES
   8:Middlewares/lvgl/src/extra/widgets/tileview/lv_tileview.c ****  *********************/
   9:Middlewares/lvgl/src/extra/widgets/tileview/lv_tileview.c **** #include "lv_tileview.h"
  10:Middlewares/lvgl/src/extra/widgets/tileview/lv_tileview.c **** #if LV_USE_TILEVIEW
  11:Middlewares/lvgl/src/extra/widgets/tileview/lv_tileview.c **** 
  12:Middlewares/lvgl/src/extra/widgets/tileview/lv_tileview.c **** /*********************
  13:Middlewares/lvgl/src/extra/widgets/tileview/lv_tileview.c ****  *      DEFINES
  14:Middlewares/lvgl/src/extra/widgets/tileview/lv_tileview.c ****  *********************/
  15:Middlewares/lvgl/src/extra/widgets/tileview/lv_tileview.c **** 
  16:Middlewares/lvgl/src/extra/widgets/tileview/lv_tileview.c **** /**********************
  17:Middlewares/lvgl/src/extra/widgets/tileview/lv_tileview.c ****  *      TYPEDEFS
  18:Middlewares/lvgl/src/extra/widgets/tileview/lv_tileview.c ****  **********************/
  19:Middlewares/lvgl/src/extra/widgets/tileview/lv_tileview.c **** 
  20:Middlewares/lvgl/src/extra/widgets/tileview/lv_tileview.c **** /**********************
  21:Middlewares/lvgl/src/extra/widgets/tileview/lv_tileview.c ****  *  STATIC PROTOTYPES
  22:Middlewares/lvgl/src/extra/widgets/tileview/lv_tileview.c ****  **********************/
  23:Middlewares/lvgl/src/extra/widgets/tileview/lv_tileview.c **** static void lv_tileview_constructor(const lv_obj_class_t * class_p, lv_obj_t * obj);
  24:Middlewares/lvgl/src/extra/widgets/tileview/lv_tileview.c **** static void lv_tileview_tile_constructor(const lv_obj_class_t * class_p, lv_obj_t * obj);
  25:Middlewares/lvgl/src/extra/widgets/tileview/lv_tileview.c **** static void tileview_event_cb(lv_event_t * e);
  26:Middlewares/lvgl/src/extra/widgets/tileview/lv_tileview.c **** 
  27:Middlewares/lvgl/src/extra/widgets/tileview/lv_tileview.c **** /**********************
  28:Middlewares/lvgl/src/extra/widgets/tileview/lv_tileview.c ****  *  STATIC VARIABLES
  29:Middlewares/lvgl/src/extra/widgets/tileview/lv_tileview.c ****  **********************/
  30:Middlewares/lvgl/src/extra/widgets/tileview/lv_tileview.c **** 
ARM GAS  /tmp/ccv24UhS.s 			page 2


  31:Middlewares/lvgl/src/extra/widgets/tileview/lv_tileview.c **** const lv_obj_class_t lv_tileview_class = {.constructor_cb = lv_tileview_constructor,
  32:Middlewares/lvgl/src/extra/widgets/tileview/lv_tileview.c ****                                     .base_class = &lv_obj_class,
  33:Middlewares/lvgl/src/extra/widgets/tileview/lv_tileview.c ****                                     .instance_size = sizeof(lv_tileview_t)};
  34:Middlewares/lvgl/src/extra/widgets/tileview/lv_tileview.c **** 
  35:Middlewares/lvgl/src/extra/widgets/tileview/lv_tileview.c **** const lv_obj_class_t lv_tileview_tile_class = {.constructor_cb = lv_tileview_tile_constructor,
  36:Middlewares/lvgl/src/extra/widgets/tileview/lv_tileview.c ****                                          .base_class = &lv_obj_class,
  37:Middlewares/lvgl/src/extra/widgets/tileview/lv_tileview.c ****                                          .instance_size = sizeof(lv_tileview_tile_t)};
  38:Middlewares/lvgl/src/extra/widgets/tileview/lv_tileview.c **** 
  39:Middlewares/lvgl/src/extra/widgets/tileview/lv_tileview.c **** static lv_dir_t create_dir;
  40:Middlewares/lvgl/src/extra/widgets/tileview/lv_tileview.c **** static uint32_t create_col_id;
  41:Middlewares/lvgl/src/extra/widgets/tileview/lv_tileview.c **** static uint32_t create_row_id;
  42:Middlewares/lvgl/src/extra/widgets/tileview/lv_tileview.c **** 
  43:Middlewares/lvgl/src/extra/widgets/tileview/lv_tileview.c **** /**********************
  44:Middlewares/lvgl/src/extra/widgets/tileview/lv_tileview.c ****  *      MACROS
  45:Middlewares/lvgl/src/extra/widgets/tileview/lv_tileview.c ****  **********************/
  46:Middlewares/lvgl/src/extra/widgets/tileview/lv_tileview.c **** 
  47:Middlewares/lvgl/src/extra/widgets/tileview/lv_tileview.c **** /**********************
  48:Middlewares/lvgl/src/extra/widgets/tileview/lv_tileview.c ****  *   GLOBAL FUNCTIONS
  49:Middlewares/lvgl/src/extra/widgets/tileview/lv_tileview.c ****  **********************/
  50:Middlewares/lvgl/src/extra/widgets/tileview/lv_tileview.c **** 
  51:Middlewares/lvgl/src/extra/widgets/tileview/lv_tileview.c **** lv_obj_t * lv_tileview_create(lv_obj_t * parent)
  52:Middlewares/lvgl/src/extra/widgets/tileview/lv_tileview.c **** {
  53:Middlewares/lvgl/src/extra/widgets/tileview/lv_tileview.c ****     LV_LOG_INFO("begin")
  54:Middlewares/lvgl/src/extra/widgets/tileview/lv_tileview.c ****     lv_obj_t * obj = lv_obj_class_create_obj(&lv_tileview_class, parent);
  55:Middlewares/lvgl/src/extra/widgets/tileview/lv_tileview.c ****     lv_obj_class_init_obj(obj);
  56:Middlewares/lvgl/src/extra/widgets/tileview/lv_tileview.c ****     return obj;
  57:Middlewares/lvgl/src/extra/widgets/tileview/lv_tileview.c **** }
  58:Middlewares/lvgl/src/extra/widgets/tileview/lv_tileview.c **** 
  59:Middlewares/lvgl/src/extra/widgets/tileview/lv_tileview.c **** /*======================
  60:Middlewares/lvgl/src/extra/widgets/tileview/lv_tileview.c ****  * Add/remove functions
  61:Middlewares/lvgl/src/extra/widgets/tileview/lv_tileview.c ****  *=====================*/
  62:Middlewares/lvgl/src/extra/widgets/tileview/lv_tileview.c **** 
  63:Middlewares/lvgl/src/extra/widgets/tileview/lv_tileview.c **** lv_obj_t * lv_tileview_add_tile(lv_obj_t * tv, uint8_t col_id, uint8_t row_id, lv_dir_t dir)
  64:Middlewares/lvgl/src/extra/widgets/tileview/lv_tileview.c **** {
  65:Middlewares/lvgl/src/extra/widgets/tileview/lv_tileview.c ****     LV_LOG_INFO("begin")
  66:Middlewares/lvgl/src/extra/widgets/tileview/lv_tileview.c ****     create_dir = dir;
  67:Middlewares/lvgl/src/extra/widgets/tileview/lv_tileview.c ****     create_col_id = col_id;
  68:Middlewares/lvgl/src/extra/widgets/tileview/lv_tileview.c ****     create_row_id = row_id;
  69:Middlewares/lvgl/src/extra/widgets/tileview/lv_tileview.c **** 
  70:Middlewares/lvgl/src/extra/widgets/tileview/lv_tileview.c ****     lv_obj_t * obj = lv_obj_class_create_obj(&lv_tileview_tile_class, tv);
  71:Middlewares/lvgl/src/extra/widgets/tileview/lv_tileview.c ****     lv_obj_class_init_obj(obj);
  72:Middlewares/lvgl/src/extra/widgets/tileview/lv_tileview.c ****     return obj;
  73:Middlewares/lvgl/src/extra/widgets/tileview/lv_tileview.c **** }
  74:Middlewares/lvgl/src/extra/widgets/tileview/lv_tileview.c **** 
  75:Middlewares/lvgl/src/extra/widgets/tileview/lv_tileview.c **** void lv_obj_set_tile(lv_obj_t * obj, lv_obj_t * tile_obj, lv_anim_enable_t anim_en)
  76:Middlewares/lvgl/src/extra/widgets/tileview/lv_tileview.c **** {
  77:Middlewares/lvgl/src/extra/widgets/tileview/lv_tileview.c ****     lv_coord_t tx = lv_obj_get_x(tile_obj);
  78:Middlewares/lvgl/src/extra/widgets/tileview/lv_tileview.c ****     lv_coord_t ty = lv_obj_get_y(tile_obj);
  79:Middlewares/lvgl/src/extra/widgets/tileview/lv_tileview.c **** 
  80:Middlewares/lvgl/src/extra/widgets/tileview/lv_tileview.c ****     lv_tileview_tile_t * tile = (lv_tileview_tile_t *)tile_obj;
  81:Middlewares/lvgl/src/extra/widgets/tileview/lv_tileview.c ****     lv_tileview_t * tv = (lv_tileview_t *) obj;
  82:Middlewares/lvgl/src/extra/widgets/tileview/lv_tileview.c ****     tv->tile_act = (lv_obj_t *)tile;
  83:Middlewares/lvgl/src/extra/widgets/tileview/lv_tileview.c **** 
  84:Middlewares/lvgl/src/extra/widgets/tileview/lv_tileview.c ****     lv_obj_set_scroll_dir(obj, tile->dir);
  85:Middlewares/lvgl/src/extra/widgets/tileview/lv_tileview.c ****     lv_obj_scroll_to(obj, tx, ty, anim_en);
  86:Middlewares/lvgl/src/extra/widgets/tileview/lv_tileview.c **** }
  87:Middlewares/lvgl/src/extra/widgets/tileview/lv_tileview.c **** 
ARM GAS  /tmp/ccv24UhS.s 			page 3


  88:Middlewares/lvgl/src/extra/widgets/tileview/lv_tileview.c **** void lv_obj_set_tile_id(lv_obj_t * tv, uint32_t col_id, uint32_t row_id, lv_anim_enable_t anim_en)
  89:Middlewares/lvgl/src/extra/widgets/tileview/lv_tileview.c **** {
  90:Middlewares/lvgl/src/extra/widgets/tileview/lv_tileview.c ****     lv_coord_t w = lv_obj_get_content_width(tv);
  91:Middlewares/lvgl/src/extra/widgets/tileview/lv_tileview.c ****     lv_coord_t h = lv_obj_get_content_height(tv);
  92:Middlewares/lvgl/src/extra/widgets/tileview/lv_tileview.c **** 
  93:Middlewares/lvgl/src/extra/widgets/tileview/lv_tileview.c ****     lv_coord_t tx = col_id * w;
  94:Middlewares/lvgl/src/extra/widgets/tileview/lv_tileview.c ****     lv_coord_t ty = row_id * h;
  95:Middlewares/lvgl/src/extra/widgets/tileview/lv_tileview.c **** 
  96:Middlewares/lvgl/src/extra/widgets/tileview/lv_tileview.c ****     uint32_t i;
  97:Middlewares/lvgl/src/extra/widgets/tileview/lv_tileview.c ****     for(i = 0; i < lv_obj_get_child_cnt(tv); i++) {
  98:Middlewares/lvgl/src/extra/widgets/tileview/lv_tileview.c ****         lv_obj_t * tile_obj = lv_obj_get_child(tv, i);
  99:Middlewares/lvgl/src/extra/widgets/tileview/lv_tileview.c ****         lv_coord_t x = lv_obj_get_x(tile_obj);
 100:Middlewares/lvgl/src/extra/widgets/tileview/lv_tileview.c ****         lv_coord_t y = lv_obj_get_y(tile_obj);
 101:Middlewares/lvgl/src/extra/widgets/tileview/lv_tileview.c ****         if(x == tx && y == ty) {
 102:Middlewares/lvgl/src/extra/widgets/tileview/lv_tileview.c ****             lv_obj_set_tile(tv, tile_obj, anim_en);
 103:Middlewares/lvgl/src/extra/widgets/tileview/lv_tileview.c ****             return;
 104:Middlewares/lvgl/src/extra/widgets/tileview/lv_tileview.c ****         }
 105:Middlewares/lvgl/src/extra/widgets/tileview/lv_tileview.c ****     }
 106:Middlewares/lvgl/src/extra/widgets/tileview/lv_tileview.c **** 
 107:Middlewares/lvgl/src/extra/widgets/tileview/lv_tileview.c ****     LV_LOG_WARN("No tile found with at (%d,%d) index", col_id, row_id);
 108:Middlewares/lvgl/src/extra/widgets/tileview/lv_tileview.c **** }
 109:Middlewares/lvgl/src/extra/widgets/tileview/lv_tileview.c **** 
 110:Middlewares/lvgl/src/extra/widgets/tileview/lv_tileview.c **** lv_obj_t * lv_tileview_get_tile_act(lv_obj_t * obj)
 111:Middlewares/lvgl/src/extra/widgets/tileview/lv_tileview.c **** {
 112:Middlewares/lvgl/src/extra/widgets/tileview/lv_tileview.c ****     lv_tileview_t * tv = (lv_tileview_t *) obj;
 113:Middlewares/lvgl/src/extra/widgets/tileview/lv_tileview.c ****     return tv->tile_act;
 114:Middlewares/lvgl/src/extra/widgets/tileview/lv_tileview.c **** }
 115:Middlewares/lvgl/src/extra/widgets/tileview/lv_tileview.c **** 
 116:Middlewares/lvgl/src/extra/widgets/tileview/lv_tileview.c **** /**********************
 117:Middlewares/lvgl/src/extra/widgets/tileview/lv_tileview.c ****  *   STATIC FUNCTIONS
 118:Middlewares/lvgl/src/extra/widgets/tileview/lv_tileview.c ****  **********************/
 119:Middlewares/lvgl/src/extra/widgets/tileview/lv_tileview.c **** 
 120:Middlewares/lvgl/src/extra/widgets/tileview/lv_tileview.c **** static void lv_tileview_constructor(const lv_obj_class_t * class_p, lv_obj_t * obj)
 121:Middlewares/lvgl/src/extra/widgets/tileview/lv_tileview.c **** {
  29              		.loc 1 121 1 view -0
  30              		.cfi_startproc
  31              		@ args = 0, pretend = 0, frame = 0
  32              		@ frame_needed = 0, uses_anonymous_args = 0
  33              		.loc 1 121 1 is_stmt 0 view .LVU1
  34 0000 10B5     		push	{r4, lr}
  35              	.LCFI0:
  36              		.cfi_def_cfa_offset 8
  37              		.cfi_offset 4, -8
  38              		.cfi_offset 14, -4
  39 0002 0C46     		mov	r4, r1
 122:Middlewares/lvgl/src/extra/widgets/tileview/lv_tileview.c ****     LV_UNUSED(class_p);
  40              		.loc 1 122 5 is_stmt 1 view .LVU2
 123:Middlewares/lvgl/src/extra/widgets/tileview/lv_tileview.c ****     lv_obj_set_size(obj, LV_PCT(100), LV_PCT(100));
  41              		.loc 1 123 5 view .LVU3
  42 0004 42F26402 		movw	r2, #8292
  43 0008 1146     		mov	r1, r2
  44              	.LVL1:
  45              		.loc 1 123 5 is_stmt 0 view .LVU4
  46 000a 2046     		mov	r0, r4
  47              	.LVL2:
  48              		.loc 1 123 5 view .LVU5
  49 000c FFF7FEFF 		bl	lv_obj_set_size
ARM GAS  /tmp/ccv24UhS.s 			page 4


  50              	.LVL3:
 124:Middlewares/lvgl/src/extra/widgets/tileview/lv_tileview.c ****     lv_obj_add_event_cb(obj, tileview_event_cb, LV_EVENT_ALL, NULL);
  51              		.loc 1 124 5 is_stmt 1 view .LVU6
  52 0010 0023     		movs	r3, #0
  53 0012 1A46     		mov	r2, r3
  54 0014 0849     		ldr	r1, .L3
  55 0016 2046     		mov	r0, r4
  56 0018 FFF7FEFF 		bl	lv_obj_add_event_cb
  57              	.LVL4:
 125:Middlewares/lvgl/src/extra/widgets/tileview/lv_tileview.c ****     lv_obj_add_flag(obj, LV_OBJ_FLAG_SCROLL_ONE);
  58              		.loc 1 125 5 view .LVU7
  59 001c 8021     		movs	r1, #128
  60 001e 2046     		mov	r0, r4
  61 0020 FFF7FEFF 		bl	lv_obj_add_flag
  62              	.LVL5:
 126:Middlewares/lvgl/src/extra/widgets/tileview/lv_tileview.c ****     lv_obj_set_scroll_snap_x(obj, LV_SCROLL_SNAP_CENTER);
  63              		.loc 1 126 5 view .LVU8
  64 0024 0321     		movs	r1, #3
  65 0026 2046     		mov	r0, r4
  66 0028 FFF7FEFF 		bl	lv_obj_set_scroll_snap_x
  67              	.LVL6:
 127:Middlewares/lvgl/src/extra/widgets/tileview/lv_tileview.c ****     lv_obj_set_scroll_snap_y(obj, LV_SCROLL_SNAP_CENTER);
  68              		.loc 1 127 5 view .LVU9
  69 002c 0321     		movs	r1, #3
  70 002e 2046     		mov	r0, r4
  71 0030 FFF7FEFF 		bl	lv_obj_set_scroll_snap_y
  72              	.LVL7:
 128:Middlewares/lvgl/src/extra/widgets/tileview/lv_tileview.c **** 
 129:Middlewares/lvgl/src/extra/widgets/tileview/lv_tileview.c **** }
  73              		.loc 1 129 1 is_stmt 0 view .LVU10
  74 0034 10BD     		pop	{r4, pc}
  75              	.LVL8:
  76              	.L4:
  77              		.loc 1 129 1 view .LVU11
  78 0036 00BF     		.align	2
  79              	.L3:
  80 0038 00000000 		.word	tileview_event_cb
  81              		.cfi_endproc
  82              	.LFE152:
  84              		.section	.text.tileview_event_cb,"ax",%progbits
  85              		.align	1
  86              		.syntax unified
  87              		.thumb
  88              		.thumb_func
  90              	tileview_event_cb:
  91              	.LVL9:
  92              	.LFB154:
 130:Middlewares/lvgl/src/extra/widgets/tileview/lv_tileview.c **** 
 131:Middlewares/lvgl/src/extra/widgets/tileview/lv_tileview.c **** static void lv_tileview_tile_constructor(const lv_obj_class_t * class_p, lv_obj_t * obj)
 132:Middlewares/lvgl/src/extra/widgets/tileview/lv_tileview.c **** {
 133:Middlewares/lvgl/src/extra/widgets/tileview/lv_tileview.c **** 
 134:Middlewares/lvgl/src/extra/widgets/tileview/lv_tileview.c ****     LV_UNUSED(class_p);
 135:Middlewares/lvgl/src/extra/widgets/tileview/lv_tileview.c ****     lv_obj_t * parent = lv_obj_get_parent(obj);
 136:Middlewares/lvgl/src/extra/widgets/tileview/lv_tileview.c ****     lv_obj_set_size(obj, LV_PCT(100), LV_PCT(100));
 137:Middlewares/lvgl/src/extra/widgets/tileview/lv_tileview.c ****     lv_obj_update_layout(obj);  /*Be sure the size is correct*/
 138:Middlewares/lvgl/src/extra/widgets/tileview/lv_tileview.c ****     lv_obj_set_pos(obj, create_col_id * lv_obj_get_content_width(parent),  create_row_id * lv_obj_g
 139:Middlewares/lvgl/src/extra/widgets/tileview/lv_tileview.c **** 
ARM GAS  /tmp/ccv24UhS.s 			page 5


 140:Middlewares/lvgl/src/extra/widgets/tileview/lv_tileview.c ****     lv_tileview_tile_t * tile = (lv_tileview_tile_t *)obj;
 141:Middlewares/lvgl/src/extra/widgets/tileview/lv_tileview.c ****     tile->dir = create_dir;
 142:Middlewares/lvgl/src/extra/widgets/tileview/lv_tileview.c **** 
 143:Middlewares/lvgl/src/extra/widgets/tileview/lv_tileview.c ****     if(create_col_id == 0 && create_row_id == 0) {
 144:Middlewares/lvgl/src/extra/widgets/tileview/lv_tileview.c ****         lv_obj_set_scroll_dir(parent, create_dir);
 145:Middlewares/lvgl/src/extra/widgets/tileview/lv_tileview.c ****     }
 146:Middlewares/lvgl/src/extra/widgets/tileview/lv_tileview.c **** }
 147:Middlewares/lvgl/src/extra/widgets/tileview/lv_tileview.c **** 
 148:Middlewares/lvgl/src/extra/widgets/tileview/lv_tileview.c **** static void tileview_event_cb(lv_event_t * e)
 149:Middlewares/lvgl/src/extra/widgets/tileview/lv_tileview.c **** {
  93              		.loc 1 149 1 is_stmt 1 view -0
  94              		.cfi_startproc
  95              		@ args = 0, pretend = 0, frame = 8
  96              		@ frame_needed = 0, uses_anonymous_args = 0
  97              		.loc 1 149 1 is_stmt 0 view .LVU13
  98 0000 2DE9F043 		push	{r4, r5, r6, r7, r8, r9, lr}
  99              	.LCFI1:
 100              		.cfi_def_cfa_offset 28
 101              		.cfi_offset 4, -28
 102              		.cfi_offset 5, -24
 103              		.cfi_offset 6, -20
 104              		.cfi_offset 7, -16
 105              		.cfi_offset 8, -12
 106              		.cfi_offset 9, -8
 107              		.cfi_offset 14, -4
 108 0004 83B0     		sub	sp, sp, #12
 109              	.LCFI2:
 110              		.cfi_def_cfa_offset 40
 111 0006 0546     		mov	r5, r0
 150:Middlewares/lvgl/src/extra/widgets/tileview/lv_tileview.c ****     lv_event_code_t code = lv_event_get_code(e);
 112              		.loc 1 150 5 is_stmt 1 view .LVU14
 113              		.loc 1 150 28 is_stmt 0 view .LVU15
 114 0008 FFF7FEFF 		bl	lv_event_get_code
 115              	.LVL10:
 116              		.loc 1 150 28 view .LVU16
 117 000c 0446     		mov	r4, r0
 118              	.LVL11:
 151:Middlewares/lvgl/src/extra/widgets/tileview/lv_tileview.c ****     lv_obj_t * obj = lv_event_get_target(e);
 119              		.loc 1 151 5 is_stmt 1 view .LVU17
 120              		.loc 1 151 22 is_stmt 0 view .LVU18
 121 000e 2846     		mov	r0, r5
 122 0010 FFF7FEFF 		bl	lv_event_get_target
 123              	.LVL12:
 152:Middlewares/lvgl/src/extra/widgets/tileview/lv_tileview.c ****     lv_tileview_t * tv = (lv_tileview_t *) obj;
 124              		.loc 1 152 5 is_stmt 1 view .LVU19
 153:Middlewares/lvgl/src/extra/widgets/tileview/lv_tileview.c **** 
 154:Middlewares/lvgl/src/extra/widgets/tileview/lv_tileview.c ****     if(code == LV_EVENT_SCROLL_END) {
 125              		.loc 1 154 5 view .LVU20
 126              		.loc 1 154 7 is_stmt 0 view .LVU21
 127 0014 0A2C     		cmp	r4, #10
 128 0016 02D0     		beq	.L12
 129              	.LVL13:
 130              	.L5:
 155:Middlewares/lvgl/src/extra/widgets/tileview/lv_tileview.c ****         lv_coord_t w = lv_obj_get_content_width(obj);
 156:Middlewares/lvgl/src/extra/widgets/tileview/lv_tileview.c ****         lv_coord_t h = lv_obj_get_content_height(obj);
 157:Middlewares/lvgl/src/extra/widgets/tileview/lv_tileview.c **** 
 158:Middlewares/lvgl/src/extra/widgets/tileview/lv_tileview.c ****         lv_point_t scroll_end;
ARM GAS  /tmp/ccv24UhS.s 			page 6


 159:Middlewares/lvgl/src/extra/widgets/tileview/lv_tileview.c ****         lv_obj_get_scroll_end(obj, &scroll_end);
 160:Middlewares/lvgl/src/extra/widgets/tileview/lv_tileview.c ****         lv_coord_t left = scroll_end.x;
 161:Middlewares/lvgl/src/extra/widgets/tileview/lv_tileview.c ****         lv_coord_t top = scroll_end.y;
 162:Middlewares/lvgl/src/extra/widgets/tileview/lv_tileview.c **** 
 163:Middlewares/lvgl/src/extra/widgets/tileview/lv_tileview.c ****         lv_coord_t tx = ((left + (w / 2)) / w) * w;
 164:Middlewares/lvgl/src/extra/widgets/tileview/lv_tileview.c ****         lv_coord_t ty = ((top + (h / 2)) / h) * h;
 165:Middlewares/lvgl/src/extra/widgets/tileview/lv_tileview.c **** 
 166:Middlewares/lvgl/src/extra/widgets/tileview/lv_tileview.c ****         lv_dir_t dir = LV_DIR_ALL;
 167:Middlewares/lvgl/src/extra/widgets/tileview/lv_tileview.c ****         uint32_t i;
 168:Middlewares/lvgl/src/extra/widgets/tileview/lv_tileview.c ****         for(i = 0; i < lv_obj_get_child_cnt(obj); i++) {
 169:Middlewares/lvgl/src/extra/widgets/tileview/lv_tileview.c ****             lv_obj_t * tile_obj = lv_obj_get_child(obj, i);
 170:Middlewares/lvgl/src/extra/widgets/tileview/lv_tileview.c ****             lv_coord_t x = lv_obj_get_x(tile_obj);
 171:Middlewares/lvgl/src/extra/widgets/tileview/lv_tileview.c ****             lv_coord_t y = lv_obj_get_y(tile_obj);
 172:Middlewares/lvgl/src/extra/widgets/tileview/lv_tileview.c ****             if(x == tx && y == ty) {
 173:Middlewares/lvgl/src/extra/widgets/tileview/lv_tileview.c ****                 lv_tileview_tile_t * tile = (lv_tileview_tile_t *)tile_obj;
 174:Middlewares/lvgl/src/extra/widgets/tileview/lv_tileview.c ****                 tv->tile_act = (lv_obj_t *)tile;
 175:Middlewares/lvgl/src/extra/widgets/tileview/lv_tileview.c ****                 dir = tile->dir;
 176:Middlewares/lvgl/src/extra/widgets/tileview/lv_tileview.c ****                 lv_event_send(obj, LV_EVENT_VALUE_CHANGED, NULL);
 177:Middlewares/lvgl/src/extra/widgets/tileview/lv_tileview.c ****                 break;
 178:Middlewares/lvgl/src/extra/widgets/tileview/lv_tileview.c ****             }
 179:Middlewares/lvgl/src/extra/widgets/tileview/lv_tileview.c ****         }
 180:Middlewares/lvgl/src/extra/widgets/tileview/lv_tileview.c ****         lv_obj_set_scroll_dir(obj, dir);
 181:Middlewares/lvgl/src/extra/widgets/tileview/lv_tileview.c ****     }
 182:Middlewares/lvgl/src/extra/widgets/tileview/lv_tileview.c **** }
 131              		.loc 1 182 1 view .LVU22
 132 0018 03B0     		add	sp, sp, #12
 133              	.LCFI3:
 134              		.cfi_remember_state
 135              		.cfi_def_cfa_offset 28
 136              		@ sp needed
 137 001a BDE8F083 		pop	{r4, r5, r6, r7, r8, r9, pc}
 138              	.LVL14:
 139              	.L12:
 140              	.LCFI4:
 141              		.cfi_restore_state
 142              		.loc 1 182 1 view .LVU23
 143 001e 0746     		mov	r7, r0
 144              	.LBB2:
 155:Middlewares/lvgl/src/extra/widgets/tileview/lv_tileview.c ****         lv_coord_t w = lv_obj_get_content_width(obj);
 145              		.loc 1 155 9 is_stmt 1 view .LVU24
 155:Middlewares/lvgl/src/extra/widgets/tileview/lv_tileview.c ****         lv_coord_t w = lv_obj_get_content_width(obj);
 146              		.loc 1 155 24 is_stmt 0 view .LVU25
 147 0020 FFF7FEFF 		bl	lv_obj_get_content_width
 148              	.LVL15:
 155:Middlewares/lvgl/src/extra/widgets/tileview/lv_tileview.c ****         lv_coord_t w = lv_obj_get_content_width(obj);
 149              		.loc 1 155 24 view .LVU26
 150 0024 0546     		mov	r5, r0
 151              	.LVL16:
 156:Middlewares/lvgl/src/extra/widgets/tileview/lv_tileview.c **** 
 152              		.loc 1 156 9 is_stmt 1 view .LVU27
 156:Middlewares/lvgl/src/extra/widgets/tileview/lv_tileview.c **** 
 153              		.loc 1 156 24 is_stmt 0 view .LVU28
 154 0026 3846     		mov	r0, r7
 155 0028 FFF7FEFF 		bl	lv_obj_get_content_height
 156              	.LVL17:
 157 002c 0446     		mov	r4, r0
 158              	.LVL18:
ARM GAS  /tmp/ccv24UhS.s 			page 7


 158:Middlewares/lvgl/src/extra/widgets/tileview/lv_tileview.c ****         lv_obj_get_scroll_end(obj, &scroll_end);
 159              		.loc 1 158 9 is_stmt 1 view .LVU29
 159:Middlewares/lvgl/src/extra/widgets/tileview/lv_tileview.c ****         lv_coord_t left = scroll_end.x;
 160              		.loc 1 159 9 view .LVU30
 161 002e 01A9     		add	r1, sp, #4
 162 0030 3846     		mov	r0, r7
 163 0032 FFF7FEFF 		bl	lv_obj_get_scroll_end
 164              	.LVL19:
 160:Middlewares/lvgl/src/extra/widgets/tileview/lv_tileview.c ****         lv_coord_t top = scroll_end.y;
 165              		.loc 1 160 9 view .LVU31
 160:Middlewares/lvgl/src/extra/widgets/tileview/lv_tileview.c ****         lv_coord_t top = scroll_end.y;
 166              		.loc 1 160 20 is_stmt 0 view .LVU32
 167 0036 BDF90480 		ldrsh	r8, [sp, #4]
 168              	.LVL20:
 161:Middlewares/lvgl/src/extra/widgets/tileview/lv_tileview.c **** 
 169              		.loc 1 161 9 is_stmt 1 view .LVU33
 161:Middlewares/lvgl/src/extra/widgets/tileview/lv_tileview.c **** 
 170              		.loc 1 161 20 is_stmt 0 view .LVU34
 171 003a BDF90690 		ldrsh	r9, [sp, #6]
 172              	.LVL21:
 163:Middlewares/lvgl/src/extra/widgets/tileview/lv_tileview.c ****         lv_coord_t ty = ((top + (h / 2)) / h) * h;
 173              		.loc 1 163 9 is_stmt 1 view .LVU35
 163:Middlewares/lvgl/src/extra/widgets/tileview/lv_tileview.c ****         lv_coord_t ty = ((top + (h / 2)) / h) * h;
 174              		.loc 1 163 37 is_stmt 0 view .LVU36
 175 003e 05EBD573 		add	r3, r5, r5, lsr #31
 176 0042 43F34F03 		sbfx	r3, r3, #1, #16
 163:Middlewares/lvgl/src/extra/widgets/tileview/lv_tileview.c ****         lv_coord_t ty = ((top + (h / 2)) / h) * h;
 177              		.loc 1 163 32 view .LVU37
 178 0046 9844     		add	r8, r8, r3
 179              	.LVL22:
 163:Middlewares/lvgl/src/extra/widgets/tileview/lv_tileview.c ****         lv_coord_t ty = ((top + (h / 2)) / h) * h;
 180              		.loc 1 163 43 view .LVU38
 181 0048 98FBF5F8 		sdiv	r8, r8, r5
 163:Middlewares/lvgl/src/extra/widgets/tileview/lv_tileview.c ****         lv_coord_t ty = ((top + (h / 2)) / h) * h;
 182              		.loc 1 163 20 view .LVU39
 183 004c 18FB05F8 		smulbb	r8, r8, r5
 184 0050 0FFA88F8 		sxth	r8, r8
 185              	.LVL23:
 164:Middlewares/lvgl/src/extra/widgets/tileview/lv_tileview.c **** 
 186              		.loc 1 164 9 is_stmt 1 view .LVU40
 164:Middlewares/lvgl/src/extra/widgets/tileview/lv_tileview.c **** 
 187              		.loc 1 164 36 is_stmt 0 view .LVU41
 188 0054 04EBD473 		add	r3, r4, r4, lsr #31
 189 0058 43F34F03 		sbfx	r3, r3, #1, #16
 164:Middlewares/lvgl/src/extra/widgets/tileview/lv_tileview.c **** 
 190              		.loc 1 164 31 view .LVU42
 191 005c 9944     		add	r9, r9, r3
 192              	.LVL24:
 164:Middlewares/lvgl/src/extra/widgets/tileview/lv_tileview.c **** 
 193              		.loc 1 164 42 view .LVU43
 194 005e 99FBF4F9 		sdiv	r9, r9, r4
 164:Middlewares/lvgl/src/extra/widgets/tileview/lv_tileview.c **** 
 195              		.loc 1 164 20 view .LVU44
 196 0062 19FB04F9 		smulbb	r9, r9, r4
 197 0066 0FFA89F9 		sxth	r9, r9
 198              	.LVL25:
 166:Middlewares/lvgl/src/extra/widgets/tileview/lv_tileview.c ****         uint32_t i;
ARM GAS  /tmp/ccv24UhS.s 			page 8


 199              		.loc 1 166 9 is_stmt 1 view .LVU45
 167:Middlewares/lvgl/src/extra/widgets/tileview/lv_tileview.c ****         for(i = 0; i < lv_obj_get_child_cnt(obj); i++) {
 200              		.loc 1 167 9 view .LVU46
 168:Middlewares/lvgl/src/extra/widgets/tileview/lv_tileview.c ****             lv_obj_t * tile_obj = lv_obj_get_child(obj, i);
 201              		.loc 1 168 9 view .LVU47
 168:Middlewares/lvgl/src/extra/widgets/tileview/lv_tileview.c ****             lv_obj_t * tile_obj = lv_obj_get_child(obj, i);
 202              		.loc 1 168 15 is_stmt 0 view .LVU48
 203 006a 0024     		movs	r4, #0
 204              	.LVL26:
 168:Middlewares/lvgl/src/extra/widgets/tileview/lv_tileview.c ****             lv_obj_t * tile_obj = lv_obj_get_child(obj, i);
 205              		.loc 1 168 9 view .LVU49
 206 006c 00E0     		b	.L7
 207              	.LVL27:
 208              	.L8:
 168:Middlewares/lvgl/src/extra/widgets/tileview/lv_tileview.c ****             lv_obj_t * tile_obj = lv_obj_get_child(obj, i);
 209              		.loc 1 168 51 is_stmt 1 discriminator 2 view .LVU50
 168:Middlewares/lvgl/src/extra/widgets/tileview/lv_tileview.c ****             lv_obj_t * tile_obj = lv_obj_get_child(obj, i);
 210              		.loc 1 168 52 is_stmt 0 discriminator 2 view .LVU51
 211 006e 0134     		adds	r4, r4, #1
 212              	.LVL28:
 213              	.L7:
 168:Middlewares/lvgl/src/extra/widgets/tileview/lv_tileview.c ****             lv_obj_t * tile_obj = lv_obj_get_child(obj, i);
 214              		.loc 1 168 20 is_stmt 1 discriminator 1 view .LVU52
 168:Middlewares/lvgl/src/extra/widgets/tileview/lv_tileview.c ****             lv_obj_t * tile_obj = lv_obj_get_child(obj, i);
 215              		.loc 1 168 24 is_stmt 0 discriminator 1 view .LVU53
 216 0070 3846     		mov	r0, r7
 217 0072 FFF7FEFF 		bl	lv_obj_get_child_cnt
 218              	.LVL29:
 168:Middlewares/lvgl/src/extra/widgets/tileview/lv_tileview.c ****             lv_obj_t * tile_obj = lv_obj_get_child(obj, i);
 219              		.loc 1 168 9 discriminator 1 view .LVU54
 220 0076 A042     		cmp	r0, r4
 221 0078 17D9     		bls	.L13
 222              	.LBB3:
 169:Middlewares/lvgl/src/extra/widgets/tileview/lv_tileview.c ****             lv_coord_t x = lv_obj_get_x(tile_obj);
 223              		.loc 1 169 13 is_stmt 1 view .LVU55
 169:Middlewares/lvgl/src/extra/widgets/tileview/lv_tileview.c ****             lv_coord_t x = lv_obj_get_x(tile_obj);
 224              		.loc 1 169 35 is_stmt 0 view .LVU56
 225 007a 2146     		mov	r1, r4
 226 007c 3846     		mov	r0, r7
 227 007e FFF7FEFF 		bl	lv_obj_get_child
 228              	.LVL30:
 229 0082 0546     		mov	r5, r0
 230              	.LVL31:
 170:Middlewares/lvgl/src/extra/widgets/tileview/lv_tileview.c ****             lv_coord_t y = lv_obj_get_y(tile_obj);
 231              		.loc 1 170 13 is_stmt 1 view .LVU57
 170:Middlewares/lvgl/src/extra/widgets/tileview/lv_tileview.c ****             lv_coord_t y = lv_obj_get_y(tile_obj);
 232              		.loc 1 170 28 is_stmt 0 view .LVU58
 233 0084 FFF7FEFF 		bl	lv_obj_get_x
 234              	.LVL32:
 170:Middlewares/lvgl/src/extra/widgets/tileview/lv_tileview.c ****             lv_coord_t y = lv_obj_get_y(tile_obj);
 235              		.loc 1 170 28 view .LVU59
 236 0088 0646     		mov	r6, r0
 237              	.LVL33:
 171:Middlewares/lvgl/src/extra/widgets/tileview/lv_tileview.c ****             if(x == tx && y == ty) {
 238              		.loc 1 171 13 is_stmt 1 view .LVU60
 171:Middlewares/lvgl/src/extra/widgets/tileview/lv_tileview.c ****             if(x == tx && y == ty) {
 239              		.loc 1 171 28 is_stmt 0 view .LVU61
ARM GAS  /tmp/ccv24UhS.s 			page 9


 240 008a 2846     		mov	r0, r5
 241 008c FFF7FEFF 		bl	lv_obj_get_y
 242              	.LVL34:
 172:Middlewares/lvgl/src/extra/widgets/tileview/lv_tileview.c ****                 lv_tileview_tile_t * tile = (lv_tileview_tile_t *)tile_obj;
 243              		.loc 1 172 13 is_stmt 1 view .LVU62
 172:Middlewares/lvgl/src/extra/widgets/tileview/lv_tileview.c ****                 lv_tileview_tile_t * tile = (lv_tileview_tile_t *)tile_obj;
 244              		.loc 1 172 15 is_stmt 0 view .LVU63
 245 0090 B045     		cmp	r8, r6
 246 0092 ECD1     		bne	.L8
 172:Middlewares/lvgl/src/extra/widgets/tileview/lv_tileview.c ****                 lv_tileview_tile_t * tile = (lv_tileview_tile_t *)tile_obj;
 247              		.loc 1 172 24 discriminator 1 view .LVU64
 248 0094 8145     		cmp	r9, r0
 249 0096 EAD1     		bne	.L8
 250              	.LBB4:
 173:Middlewares/lvgl/src/extra/widgets/tileview/lv_tileview.c ****                 tv->tile_act = (lv_obj_t *)tile;
 251              		.loc 1 173 17 is_stmt 1 view .LVU65
 252              	.LVL35:
 174:Middlewares/lvgl/src/extra/widgets/tileview/lv_tileview.c ****                 dir = tile->dir;
 253              		.loc 1 174 17 view .LVU66
 174:Middlewares/lvgl/src/extra/widgets/tileview/lv_tileview.c ****                 dir = tile->dir;
 254              		.loc 1 174 30 is_stmt 0 view .LVU67
 255 0098 7D62     		str	r5, [r7, #36]
 175:Middlewares/lvgl/src/extra/widgets/tileview/lv_tileview.c ****                 lv_event_send(obj, LV_EVENT_VALUE_CHANGED, NULL);
 256              		.loc 1 175 17 is_stmt 1 view .LVU68
 175:Middlewares/lvgl/src/extra/widgets/tileview/lv_tileview.c ****                 lv_event_send(obj, LV_EVENT_VALUE_CHANGED, NULL);
 257              		.loc 1 175 21 is_stmt 0 view .LVU69
 258 009a 95F82440 		ldrb	r4, [r5, #36]	@ zero_extendqisi2
 259              	.LVL36:
 176:Middlewares/lvgl/src/extra/widgets/tileview/lv_tileview.c ****                 break;
 260              		.loc 1 176 17 is_stmt 1 view .LVU70
 261 009e 0022     		movs	r2, #0
 262 00a0 1C21     		movs	r1, #28
 263 00a2 3846     		mov	r0, r7
 264              	.LVL37:
 176:Middlewares/lvgl/src/extra/widgets/tileview/lv_tileview.c ****                 break;
 265              		.loc 1 176 17 is_stmt 0 view .LVU71
 266 00a4 FFF7FEFF 		bl	lv_event_send
 267              	.LVL38:
 177:Middlewares/lvgl/src/extra/widgets/tileview/lv_tileview.c ****             }
 268              		.loc 1 177 17 is_stmt 1 view .LVU72
 269 00a8 00E0     		b	.L9
 270              	.LVL39:
 271              	.L13:
 177:Middlewares/lvgl/src/extra/widgets/tileview/lv_tileview.c ****             }
 272              		.loc 1 177 17 is_stmt 0 view .LVU73
 273              	.LBE4:
 274              	.LBE3:
 166:Middlewares/lvgl/src/extra/widgets/tileview/lv_tileview.c ****         uint32_t i;
 275              		.loc 1 166 18 view .LVU74
 276 00aa 0F24     		movs	r4, #15
 277              	.LVL40:
 278              	.L9:
 180:Middlewares/lvgl/src/extra/widgets/tileview/lv_tileview.c ****     }
 279              		.loc 1 180 9 is_stmt 1 view .LVU75
 280 00ac 2146     		mov	r1, r4
 281 00ae 3846     		mov	r0, r7
 282 00b0 FFF7FEFF 		bl	lv_obj_set_scroll_dir
ARM GAS  /tmp/ccv24UhS.s 			page 10


 283              	.LVL41:
 284              	.LBE2:
 285              		.loc 1 182 1 is_stmt 0 view .LVU76
 286 00b4 B0E7     		b	.L5
 287              		.cfi_endproc
 288              	.LFE154:
 290              		.section	.text.lv_tileview_tile_constructor,"ax",%progbits
 291              		.align	1
 292              		.syntax unified
 293              		.thumb
 294              		.thumb_func
 296              	lv_tileview_tile_constructor:
 297              	.LVL42:
 298              	.LFB153:
 132:Middlewares/lvgl/src/extra/widgets/tileview/lv_tileview.c **** 
 299              		.loc 1 132 1 is_stmt 1 view -0
 300              		.cfi_startproc
 301              		@ args = 0, pretend = 0, frame = 0
 302              		@ frame_needed = 0, uses_anonymous_args = 0
 132:Middlewares/lvgl/src/extra/widgets/tileview/lv_tileview.c **** 
 303              		.loc 1 132 1 is_stmt 0 view .LVU78
 304 0000 F8B5     		push	{r3, r4, r5, r6, r7, lr}
 305              	.LCFI5:
 306              		.cfi_def_cfa_offset 24
 307              		.cfi_offset 3, -24
 308              		.cfi_offset 4, -20
 309              		.cfi_offset 5, -16
 310              		.cfi_offset 6, -12
 311              		.cfi_offset 7, -8
 312              		.cfi_offset 14, -4
 313 0002 0C46     		mov	r4, r1
 134:Middlewares/lvgl/src/extra/widgets/tileview/lv_tileview.c ****     lv_obj_t * parent = lv_obj_get_parent(obj);
 314              		.loc 1 134 5 is_stmt 1 view .LVU79
 135:Middlewares/lvgl/src/extra/widgets/tileview/lv_tileview.c ****     lv_obj_set_size(obj, LV_PCT(100), LV_PCT(100));
 315              		.loc 1 135 5 view .LVU80
 135:Middlewares/lvgl/src/extra/widgets/tileview/lv_tileview.c ****     lv_obj_set_size(obj, LV_PCT(100), LV_PCT(100));
 316              		.loc 1 135 25 is_stmt 0 view .LVU81
 317 0004 0846     		mov	r0, r1
 318              	.LVL43:
 135:Middlewares/lvgl/src/extra/widgets/tileview/lv_tileview.c ****     lv_obj_set_size(obj, LV_PCT(100), LV_PCT(100));
 319              		.loc 1 135 25 view .LVU82
 320 0006 FFF7FEFF 		bl	lv_obj_get_parent
 321              	.LVL44:
 135:Middlewares/lvgl/src/extra/widgets/tileview/lv_tileview.c ****     lv_obj_set_size(obj, LV_PCT(100), LV_PCT(100));
 322              		.loc 1 135 25 view .LVU83
 323 000a 0646     		mov	r6, r0
 324              	.LVL45:
 136:Middlewares/lvgl/src/extra/widgets/tileview/lv_tileview.c ****     lv_obj_update_layout(obj);  /*Be sure the size is correct*/
 325              		.loc 1 136 5 is_stmt 1 view .LVU84
 326 000c 42F26402 		movw	r2, #8292
 327 0010 1146     		mov	r1, r2
 328 0012 2046     		mov	r0, r4
 329              	.LVL46:
 136:Middlewares/lvgl/src/extra/widgets/tileview/lv_tileview.c ****     lv_obj_update_layout(obj);  /*Be sure the size is correct*/
 330              		.loc 1 136 5 is_stmt 0 view .LVU85
 331 0014 FFF7FEFF 		bl	lv_obj_set_size
 332              	.LVL47:
ARM GAS  /tmp/ccv24UhS.s 			page 11


 137:Middlewares/lvgl/src/extra/widgets/tileview/lv_tileview.c ****     lv_obj_set_pos(obj, create_col_id * lv_obj_get_content_width(parent),  create_row_id * lv_obj_g
 333              		.loc 1 137 5 is_stmt 1 view .LVU86
 334 0018 2046     		mov	r0, r4
 335 001a FFF7FEFF 		bl	lv_obj_update_layout
 336              	.LVL48:
 138:Middlewares/lvgl/src/extra/widgets/tileview/lv_tileview.c **** 
 337              		.loc 1 138 5 view .LVU87
 138:Middlewares/lvgl/src/extra/widgets/tileview/lv_tileview.c **** 
 338              		.loc 1 138 41 is_stmt 0 view .LVU88
 339 001e 3046     		mov	r0, r6
 340 0020 FFF7FEFF 		bl	lv_obj_get_content_width
 341              	.LVL49:
 138:Middlewares/lvgl/src/extra/widgets/tileview/lv_tileview.c **** 
 342              		.loc 1 138 5 view .LVU89
 343 0024 0F4F     		ldr	r7, .L18
 344 0026 3D68     		ldr	r5, [r7]
 345 0028 15FB00F5 		smulbb	r5, r5, r0
 346 002c 2DB2     		sxth	r5, r5
 138:Middlewares/lvgl/src/extra/widgets/tileview/lv_tileview.c **** 
 347              		.loc 1 138 92 view .LVU90
 348 002e 3046     		mov	r0, r6
 349 0030 FFF7FEFF 		bl	lv_obj_get_content_height
 350              	.LVL50:
 138:Middlewares/lvgl/src/extra/widgets/tileview/lv_tileview.c **** 
 351              		.loc 1 138 5 view .LVU91
 352 0034 0C4B     		ldr	r3, .L18+4
 353 0036 1A68     		ldr	r2, [r3]
 354 0038 12FB00F2 		smulbb	r2, r2, r0
 355 003c 12B2     		sxth	r2, r2
 356 003e 2946     		mov	r1, r5
 357 0040 2046     		mov	r0, r4
 358 0042 FFF7FEFF 		bl	lv_obj_set_pos
 359              	.LVL51:
 140:Middlewares/lvgl/src/extra/widgets/tileview/lv_tileview.c ****     tile->dir = create_dir;
 360              		.loc 1 140 5 is_stmt 1 view .LVU92
 141:Middlewares/lvgl/src/extra/widgets/tileview/lv_tileview.c **** 
 361              		.loc 1 141 5 view .LVU93
 141:Middlewares/lvgl/src/extra/widgets/tileview/lv_tileview.c **** 
 362              		.loc 1 141 15 is_stmt 0 view .LVU94
 363 0046 094B     		ldr	r3, .L18+8
 364 0048 1978     		ldrb	r1, [r3]	@ zero_extendqisi2
 365 004a 84F82410 		strb	r1, [r4, #36]
 143:Middlewares/lvgl/src/extra/widgets/tileview/lv_tileview.c ****         lv_obj_set_scroll_dir(parent, create_dir);
 366              		.loc 1 143 5 is_stmt 1 view .LVU95
 143:Middlewares/lvgl/src/extra/widgets/tileview/lv_tileview.c ****         lv_obj_set_scroll_dir(parent, create_dir);
 367              		.loc 1 143 22 is_stmt 0 view .LVU96
 368 004e 3B68     		ldr	r3, [r7]
 143:Middlewares/lvgl/src/extra/widgets/tileview/lv_tileview.c ****         lv_obj_set_scroll_dir(parent, create_dir);
 369              		.loc 1 143 7 view .LVU97
 370 0050 13B9     		cbnz	r3, .L14
 143:Middlewares/lvgl/src/extra/widgets/tileview/lv_tileview.c ****         lv_obj_set_scroll_dir(parent, create_dir);
 371              		.loc 1 143 44 discriminator 1 view .LVU98
 372 0052 054B     		ldr	r3, .L18+4
 373 0054 1B68     		ldr	r3, [r3]
 143:Middlewares/lvgl/src/extra/widgets/tileview/lv_tileview.c ****         lv_obj_set_scroll_dir(parent, create_dir);
 374              		.loc 1 143 27 discriminator 1 view .LVU99
 375 0056 03B1     		cbz	r3, .L17
ARM GAS  /tmp/ccv24UhS.s 			page 12


 376              	.L14:
 146:Middlewares/lvgl/src/extra/widgets/tileview/lv_tileview.c **** 
 377              		.loc 1 146 1 view .LVU100
 378 0058 F8BD     		pop	{r3, r4, r5, r6, r7, pc}
 379              	.LVL52:
 380              	.L17:
 144:Middlewares/lvgl/src/extra/widgets/tileview/lv_tileview.c ****     }
 381              		.loc 1 144 9 is_stmt 1 view .LVU101
 382 005a 3046     		mov	r0, r6
 383 005c FFF7FEFF 		bl	lv_obj_set_scroll_dir
 384              	.LVL53:
 146:Middlewares/lvgl/src/extra/widgets/tileview/lv_tileview.c **** 
 385              		.loc 1 146 1 is_stmt 0 view .LVU102
 386 0060 FAE7     		b	.L14
 387              	.L19:
 388 0062 00BF     		.align	2
 389              	.L18:
 390 0064 00000000 		.word	.LANCHOR0
 391 0068 00000000 		.word	.LANCHOR1
 392 006c 00000000 		.word	.LANCHOR2
 393              		.cfi_endproc
 394              	.LFE153:
 396              		.section	.text.lv_tileview_create,"ax",%progbits
 397              		.align	1
 398              		.global	lv_tileview_create
 399              		.syntax unified
 400              		.thumb
 401              		.thumb_func
 403              	lv_tileview_create:
 404              	.LVL54:
 405              	.LFB147:
  52:Middlewares/lvgl/src/extra/widgets/tileview/lv_tileview.c ****     LV_LOG_INFO("begin")
 406              		.loc 1 52 1 is_stmt 1 view -0
 407              		.cfi_startproc
 408              		@ args = 0, pretend = 0, frame = 0
 409              		@ frame_needed = 0, uses_anonymous_args = 0
  52:Middlewares/lvgl/src/extra/widgets/tileview/lv_tileview.c ****     LV_LOG_INFO("begin")
 410              		.loc 1 52 1 is_stmt 0 view .LVU104
 411 0000 10B5     		push	{r4, lr}
 412              	.LCFI6:
 413              		.cfi_def_cfa_offset 8
 414              		.cfi_offset 4, -8
 415              		.cfi_offset 14, -4
 416 0002 0146     		mov	r1, r0
  54:Middlewares/lvgl/src/extra/widgets/tileview/lv_tileview.c ****     lv_obj_class_init_obj(obj);
 417              		.loc 1 54 5 is_stmt 1 view .LVU105
  54:Middlewares/lvgl/src/extra/widgets/tileview/lv_tileview.c ****     lv_obj_class_init_obj(obj);
 418              		.loc 1 54 22 is_stmt 0 view .LVU106
 419 0004 0348     		ldr	r0, .L22
 420              	.LVL55:
  54:Middlewares/lvgl/src/extra/widgets/tileview/lv_tileview.c ****     lv_obj_class_init_obj(obj);
 421              		.loc 1 54 22 view .LVU107
 422 0006 FFF7FEFF 		bl	lv_obj_class_create_obj
 423              	.LVL56:
  54:Middlewares/lvgl/src/extra/widgets/tileview/lv_tileview.c ****     lv_obj_class_init_obj(obj);
 424              		.loc 1 54 22 view .LVU108
 425 000a 0446     		mov	r4, r0
ARM GAS  /tmp/ccv24UhS.s 			page 13


 426              	.LVL57:
  55:Middlewares/lvgl/src/extra/widgets/tileview/lv_tileview.c ****     return obj;
 427              		.loc 1 55 5 is_stmt 1 view .LVU109
 428 000c FFF7FEFF 		bl	lv_obj_class_init_obj
 429              	.LVL58:
  56:Middlewares/lvgl/src/extra/widgets/tileview/lv_tileview.c **** }
 430              		.loc 1 56 5 view .LVU110
  57:Middlewares/lvgl/src/extra/widgets/tileview/lv_tileview.c **** 
 431              		.loc 1 57 1 is_stmt 0 view .LVU111
 432 0010 2046     		mov	r0, r4
 433 0012 10BD     		pop	{r4, pc}
 434              	.LVL59:
 435              	.L23:
  57:Middlewares/lvgl/src/extra/widgets/tileview/lv_tileview.c **** 
 436              		.loc 1 57 1 view .LVU112
 437              		.align	2
 438              	.L22:
 439 0014 00000000 		.word	.LANCHOR3
 440              		.cfi_endproc
 441              	.LFE147:
 443              		.section	.text.lv_tileview_add_tile,"ax",%progbits
 444              		.align	1
 445              		.global	lv_tileview_add_tile
 446              		.syntax unified
 447              		.thumb
 448              		.thumb_func
 450              	lv_tileview_add_tile:
 451              	.LVL60:
 452              	.LFB148:
  64:Middlewares/lvgl/src/extra/widgets/tileview/lv_tileview.c ****     LV_LOG_INFO("begin")
 453              		.loc 1 64 1 is_stmt 1 view -0
 454              		.cfi_startproc
 455              		@ args = 0, pretend = 0, frame = 0
 456              		@ frame_needed = 0, uses_anonymous_args = 0
  64:Middlewares/lvgl/src/extra/widgets/tileview/lv_tileview.c ****     LV_LOG_INFO("begin")
 457              		.loc 1 64 1 is_stmt 0 view .LVU114
 458 0000 10B5     		push	{r4, lr}
 459              	.LCFI7:
 460              		.cfi_def_cfa_offset 8
 461              		.cfi_offset 4, -8
 462              		.cfi_offset 14, -4
  66:Middlewares/lvgl/src/extra/widgets/tileview/lv_tileview.c ****     create_col_id = col_id;
 463              		.loc 1 66 5 is_stmt 1 view .LVU115
  66:Middlewares/lvgl/src/extra/widgets/tileview/lv_tileview.c ****     create_col_id = col_id;
 464              		.loc 1 66 16 is_stmt 0 view .LVU116
 465 0002 074C     		ldr	r4, .L26
 466 0004 2370     		strb	r3, [r4]
  67:Middlewares/lvgl/src/extra/widgets/tileview/lv_tileview.c ****     create_row_id = row_id;
 467              		.loc 1 67 5 is_stmt 1 view .LVU117
  67:Middlewares/lvgl/src/extra/widgets/tileview/lv_tileview.c ****     create_row_id = row_id;
 468              		.loc 1 67 19 is_stmt 0 view .LVU118
 469 0006 074B     		ldr	r3, .L26+4
 470              	.LVL61:
  67:Middlewares/lvgl/src/extra/widgets/tileview/lv_tileview.c ****     create_row_id = row_id;
 471              		.loc 1 67 19 view .LVU119
 472 0008 1960     		str	r1, [r3]
  68:Middlewares/lvgl/src/extra/widgets/tileview/lv_tileview.c **** 
ARM GAS  /tmp/ccv24UhS.s 			page 14


 473              		.loc 1 68 5 is_stmt 1 view .LVU120
  68:Middlewares/lvgl/src/extra/widgets/tileview/lv_tileview.c **** 
 474              		.loc 1 68 19 is_stmt 0 view .LVU121
 475 000a 074B     		ldr	r3, .L26+8
 476 000c 1A60     		str	r2, [r3]
  70:Middlewares/lvgl/src/extra/widgets/tileview/lv_tileview.c ****     lv_obj_class_init_obj(obj);
 477              		.loc 1 70 5 is_stmt 1 view .LVU122
  70:Middlewares/lvgl/src/extra/widgets/tileview/lv_tileview.c ****     lv_obj_class_init_obj(obj);
 478              		.loc 1 70 22 is_stmt 0 view .LVU123
 479 000e 0146     		mov	r1, r0
 480              	.LVL62:
  70:Middlewares/lvgl/src/extra/widgets/tileview/lv_tileview.c ****     lv_obj_class_init_obj(obj);
 481              		.loc 1 70 22 view .LVU124
 482 0010 0648     		ldr	r0, .L26+12
 483              	.LVL63:
  70:Middlewares/lvgl/src/extra/widgets/tileview/lv_tileview.c ****     lv_obj_class_init_obj(obj);
 484              		.loc 1 70 22 view .LVU125
 485 0012 FFF7FEFF 		bl	lv_obj_class_create_obj
 486              	.LVL64:
  70:Middlewares/lvgl/src/extra/widgets/tileview/lv_tileview.c ****     lv_obj_class_init_obj(obj);
 487              		.loc 1 70 22 view .LVU126
 488 0016 0446     		mov	r4, r0
 489              	.LVL65:
  71:Middlewares/lvgl/src/extra/widgets/tileview/lv_tileview.c ****     return obj;
 490              		.loc 1 71 5 is_stmt 1 view .LVU127
 491 0018 FFF7FEFF 		bl	lv_obj_class_init_obj
 492              	.LVL66:
  72:Middlewares/lvgl/src/extra/widgets/tileview/lv_tileview.c **** }
 493              		.loc 1 72 5 view .LVU128
  73:Middlewares/lvgl/src/extra/widgets/tileview/lv_tileview.c **** 
 494              		.loc 1 73 1 is_stmt 0 view .LVU129
 495 001c 2046     		mov	r0, r4
 496 001e 10BD     		pop	{r4, pc}
 497              	.LVL67:
 498              	.L27:
  73:Middlewares/lvgl/src/extra/widgets/tileview/lv_tileview.c **** 
 499              		.loc 1 73 1 view .LVU130
 500              		.align	2
 501              	.L26:
 502 0020 00000000 		.word	.LANCHOR2
 503 0024 00000000 		.word	.LANCHOR0
 504 0028 00000000 		.word	.LANCHOR1
 505 002c 00000000 		.word	.LANCHOR4
 506              		.cfi_endproc
 507              	.LFE148:
 509              		.section	.text.lv_obj_set_tile,"ax",%progbits
 510              		.align	1
 511              		.global	lv_obj_set_tile
 512              		.syntax unified
 513              		.thumb
 514              		.thumb_func
 516              	lv_obj_set_tile:
 517              	.LVL68:
 518              	.LFB149:
  76:Middlewares/lvgl/src/extra/widgets/tileview/lv_tileview.c ****     lv_coord_t tx = lv_obj_get_x(tile_obj);
 519              		.loc 1 76 1 is_stmt 1 view -0
 520              		.cfi_startproc
ARM GAS  /tmp/ccv24UhS.s 			page 15


 521              		@ args = 0, pretend = 0, frame = 0
 522              		@ frame_needed = 0, uses_anonymous_args = 0
  76:Middlewares/lvgl/src/extra/widgets/tileview/lv_tileview.c ****     lv_coord_t tx = lv_obj_get_x(tile_obj);
 523              		.loc 1 76 1 is_stmt 0 view .LVU132
 524 0000 2DE9F041 		push	{r4, r5, r6, r7, r8, lr}
 525              	.LCFI8:
 526              		.cfi_def_cfa_offset 24
 527              		.cfi_offset 4, -24
 528              		.cfi_offset 5, -20
 529              		.cfi_offset 6, -16
 530              		.cfi_offset 7, -12
 531              		.cfi_offset 8, -8
 532              		.cfi_offset 14, -4
 533 0004 0546     		mov	r5, r0
 534 0006 0C46     		mov	r4, r1
 535 0008 9046     		mov	r8, r2
  77:Middlewares/lvgl/src/extra/widgets/tileview/lv_tileview.c ****     lv_coord_t ty = lv_obj_get_y(tile_obj);
 536              		.loc 1 77 5 is_stmt 1 view .LVU133
  77:Middlewares/lvgl/src/extra/widgets/tileview/lv_tileview.c ****     lv_coord_t ty = lv_obj_get_y(tile_obj);
 537              		.loc 1 77 21 is_stmt 0 view .LVU134
 538 000a 0846     		mov	r0, r1
 539              	.LVL69:
  77:Middlewares/lvgl/src/extra/widgets/tileview/lv_tileview.c ****     lv_coord_t ty = lv_obj_get_y(tile_obj);
 540              		.loc 1 77 21 view .LVU135
 541 000c FFF7FEFF 		bl	lv_obj_get_x
 542              	.LVL70:
  77:Middlewares/lvgl/src/extra/widgets/tileview/lv_tileview.c ****     lv_coord_t ty = lv_obj_get_y(tile_obj);
 543              		.loc 1 77 21 view .LVU136
 544 0010 0646     		mov	r6, r0
 545              	.LVL71:
  78:Middlewares/lvgl/src/extra/widgets/tileview/lv_tileview.c **** 
 546              		.loc 1 78 5 is_stmt 1 view .LVU137
  78:Middlewares/lvgl/src/extra/widgets/tileview/lv_tileview.c **** 
 547              		.loc 1 78 21 is_stmt 0 view .LVU138
 548 0012 2046     		mov	r0, r4
 549 0014 FFF7FEFF 		bl	lv_obj_get_y
 550              	.LVL72:
 551 0018 0746     		mov	r7, r0
 552              	.LVL73:
  80:Middlewares/lvgl/src/extra/widgets/tileview/lv_tileview.c ****     lv_tileview_t * tv = (lv_tileview_t *) obj;
 553              		.loc 1 80 5 is_stmt 1 view .LVU139
  81:Middlewares/lvgl/src/extra/widgets/tileview/lv_tileview.c ****     tv->tile_act = (lv_obj_t *)tile;
 554              		.loc 1 81 5 view .LVU140
  82:Middlewares/lvgl/src/extra/widgets/tileview/lv_tileview.c **** 
 555              		.loc 1 82 5 view .LVU141
  82:Middlewares/lvgl/src/extra/widgets/tileview/lv_tileview.c **** 
 556              		.loc 1 82 18 is_stmt 0 view .LVU142
 557 001a 6C62     		str	r4, [r5, #36]
  84:Middlewares/lvgl/src/extra/widgets/tileview/lv_tileview.c ****     lv_obj_scroll_to(obj, tx, ty, anim_en);
 558              		.loc 1 84 5 is_stmt 1 view .LVU143
 559 001c 94F82410 		ldrb	r1, [r4, #36]	@ zero_extendqisi2
 560 0020 2846     		mov	r0, r5
 561 0022 FFF7FEFF 		bl	lv_obj_set_scroll_dir
 562              	.LVL74:
  85:Middlewares/lvgl/src/extra/widgets/tileview/lv_tileview.c **** }
 563              		.loc 1 85 5 view .LVU144
 564 0026 4346     		mov	r3, r8
ARM GAS  /tmp/ccv24UhS.s 			page 16


 565 0028 3A46     		mov	r2, r7
 566 002a 3146     		mov	r1, r6
 567 002c 2846     		mov	r0, r5
 568 002e FFF7FEFF 		bl	lv_obj_scroll_to
 569              	.LVL75:
  86:Middlewares/lvgl/src/extra/widgets/tileview/lv_tileview.c **** 
 570              		.loc 1 86 1 is_stmt 0 view .LVU145
 571 0032 BDE8F081 		pop	{r4, r5, r6, r7, r8, pc}
  86:Middlewares/lvgl/src/extra/widgets/tileview/lv_tileview.c **** 
 572              		.loc 1 86 1 view .LVU146
 573              		.cfi_endproc
 574              	.LFE149:
 576              		.section	.text.lv_obj_set_tile_id,"ax",%progbits
 577              		.align	1
 578              		.global	lv_obj_set_tile_id
 579              		.syntax unified
 580              		.thumb
 581              		.thumb_func
 583              	lv_obj_set_tile_id:
 584              	.LVL76:
 585              	.LFB150:
  89:Middlewares/lvgl/src/extra/widgets/tileview/lv_tileview.c ****     lv_coord_t w = lv_obj_get_content_width(tv);
 586              		.loc 1 89 1 is_stmt 1 view -0
 587              		.cfi_startproc
 588              		@ args = 0, pretend = 0, frame = 0
 589              		@ frame_needed = 0, uses_anonymous_args = 0
  89:Middlewares/lvgl/src/extra/widgets/tileview/lv_tileview.c ****     lv_coord_t w = lv_obj_get_content_width(tv);
 590              		.loc 1 89 1 is_stmt 0 view .LVU148
 591 0000 2DE9F047 		push	{r4, r5, r6, r7, r8, r9, r10, lr}
 592              	.LCFI9:
 593              		.cfi_def_cfa_offset 32
 594              		.cfi_offset 4, -32
 595              		.cfi_offset 5, -28
 596              		.cfi_offset 6, -24
 597              		.cfi_offset 7, -20
 598              		.cfi_offset 8, -16
 599              		.cfi_offset 9, -12
 600              		.cfi_offset 10, -8
 601              		.cfi_offset 14, -4
 602 0004 0746     		mov	r7, r0
 603 0006 0C46     		mov	r4, r1
 604 0008 9146     		mov	r9, r2
 605 000a 9A46     		mov	r10, r3
  90:Middlewares/lvgl/src/extra/widgets/tileview/lv_tileview.c ****     lv_coord_t h = lv_obj_get_content_height(tv);
 606              		.loc 1 90 5 is_stmt 1 view .LVU149
  90:Middlewares/lvgl/src/extra/widgets/tileview/lv_tileview.c ****     lv_coord_t h = lv_obj_get_content_height(tv);
 607              		.loc 1 90 20 is_stmt 0 view .LVU150
 608 000c FFF7FEFF 		bl	lv_obj_get_content_width
 609              	.LVL77:
  90:Middlewares/lvgl/src/extra/widgets/tileview/lv_tileview.c ****     lv_coord_t h = lv_obj_get_content_height(tv);
 610              		.loc 1 90 20 view .LVU151
 611 0010 8046     		mov	r8, r0
 612              	.LVL78:
  91:Middlewares/lvgl/src/extra/widgets/tileview/lv_tileview.c **** 
 613              		.loc 1 91 5 is_stmt 1 view .LVU152
  91:Middlewares/lvgl/src/extra/widgets/tileview/lv_tileview.c **** 
 614              		.loc 1 91 20 is_stmt 0 view .LVU153
ARM GAS  /tmp/ccv24UhS.s 			page 17


 615 0012 3846     		mov	r0, r7
 616 0014 FFF7FEFF 		bl	lv_obj_get_content_height
 617              	.LVL79:
  93:Middlewares/lvgl/src/extra/widgets/tileview/lv_tileview.c ****     lv_coord_t ty = row_id * h;
 618              		.loc 1 93 5 is_stmt 1 view .LVU154
  93:Middlewares/lvgl/src/extra/widgets/tileview/lv_tileview.c ****     lv_coord_t ty = row_id * h;
 619              		.loc 1 93 16 is_stmt 0 view .LVU155
 620 0018 18FB04F8 		smulbb	r8, r8, r4
 621              	.LVL80:
  93:Middlewares/lvgl/src/extra/widgets/tileview/lv_tileview.c ****     lv_coord_t ty = row_id * h;
 622              		.loc 1 93 16 view .LVU156
 623 001c 0FFA88F8 		sxth	r8, r8
 624              	.LVL81:
  94:Middlewares/lvgl/src/extra/widgets/tileview/lv_tileview.c **** 
 625              		.loc 1 94 5 is_stmt 1 view .LVU157
  94:Middlewares/lvgl/src/extra/widgets/tileview/lv_tileview.c **** 
 626              		.loc 1 94 16 is_stmt 0 view .LVU158
 627 0020 10FB09F9 		smulbb	r9, r0, r9
 628              	.LVL82:
  94:Middlewares/lvgl/src/extra/widgets/tileview/lv_tileview.c **** 
 629              		.loc 1 94 16 view .LVU159
 630 0024 0FFA89F9 		sxth	r9, r9
 631              	.LVL83:
  96:Middlewares/lvgl/src/extra/widgets/tileview/lv_tileview.c ****     for(i = 0; i < lv_obj_get_child_cnt(tv); i++) {
 632              		.loc 1 96 5 is_stmt 1 view .LVU160
  97:Middlewares/lvgl/src/extra/widgets/tileview/lv_tileview.c ****         lv_obj_t * tile_obj = lv_obj_get_child(tv, i);
 633              		.loc 1 97 5 view .LVU161
  97:Middlewares/lvgl/src/extra/widgets/tileview/lv_tileview.c ****         lv_obj_t * tile_obj = lv_obj_get_child(tv, i);
 634              		.loc 1 97 11 is_stmt 0 view .LVU162
 635 0028 0024     		movs	r4, #0
 636              	.LVL84:
  97:Middlewares/lvgl/src/extra/widgets/tileview/lv_tileview.c ****         lv_obj_t * tile_obj = lv_obj_get_child(tv, i);
 637              		.loc 1 97 5 view .LVU163
 638 002a 00E0     		b	.L31
 639              	.LVL85:
 640              	.L32:
  97:Middlewares/lvgl/src/extra/widgets/tileview/lv_tileview.c ****         lv_obj_t * tile_obj = lv_obj_get_child(tv, i);
 641              		.loc 1 97 46 is_stmt 1 discriminator 2 view .LVU164
  97:Middlewares/lvgl/src/extra/widgets/tileview/lv_tileview.c ****         lv_obj_t * tile_obj = lv_obj_get_child(tv, i);
 642              		.loc 1 97 47 is_stmt 0 discriminator 2 view .LVU165
 643 002c 0134     		adds	r4, r4, #1
 644              	.LVL86:
 645              	.L31:
  97:Middlewares/lvgl/src/extra/widgets/tileview/lv_tileview.c ****         lv_obj_t * tile_obj = lv_obj_get_child(tv, i);
 646              		.loc 1 97 16 is_stmt 1 discriminator 1 view .LVU166
  97:Middlewares/lvgl/src/extra/widgets/tileview/lv_tileview.c ****         lv_obj_t * tile_obj = lv_obj_get_child(tv, i);
 647              		.loc 1 97 20 is_stmt 0 discriminator 1 view .LVU167
 648 002e 3846     		mov	r0, r7
 649 0030 FFF7FEFF 		bl	lv_obj_get_child_cnt
 650              	.LVL87:
  97:Middlewares/lvgl/src/extra/widgets/tileview/lv_tileview.c ****         lv_obj_t * tile_obj = lv_obj_get_child(tv, i);
 651              		.loc 1 97 5 discriminator 1 view .LVU168
 652 0034 A042     		cmp	r0, r4
 653 0036 13D9     		bls	.L30
 654              	.LBB5:
  98:Middlewares/lvgl/src/extra/widgets/tileview/lv_tileview.c ****         lv_coord_t x = lv_obj_get_x(tile_obj);
 655              		.loc 1 98 9 is_stmt 1 view .LVU169
ARM GAS  /tmp/ccv24UhS.s 			page 18


  98:Middlewares/lvgl/src/extra/widgets/tileview/lv_tileview.c ****         lv_coord_t x = lv_obj_get_x(tile_obj);
 656              		.loc 1 98 31 is_stmt 0 view .LVU170
 657 0038 2146     		mov	r1, r4
 658 003a 3846     		mov	r0, r7
 659 003c FFF7FEFF 		bl	lv_obj_get_child
 660              	.LVL88:
 661 0040 0546     		mov	r5, r0
 662              	.LVL89:
  99:Middlewares/lvgl/src/extra/widgets/tileview/lv_tileview.c ****         lv_coord_t y = lv_obj_get_y(tile_obj);
 663              		.loc 1 99 9 is_stmt 1 view .LVU171
  99:Middlewares/lvgl/src/extra/widgets/tileview/lv_tileview.c ****         lv_coord_t y = lv_obj_get_y(tile_obj);
 664              		.loc 1 99 24 is_stmt 0 view .LVU172
 665 0042 FFF7FEFF 		bl	lv_obj_get_x
 666              	.LVL90:
  99:Middlewares/lvgl/src/extra/widgets/tileview/lv_tileview.c ****         lv_coord_t y = lv_obj_get_y(tile_obj);
 667              		.loc 1 99 24 view .LVU173
 668 0046 0646     		mov	r6, r0
 669              	.LVL91:
 100:Middlewares/lvgl/src/extra/widgets/tileview/lv_tileview.c ****         if(x == tx && y == ty) {
 670              		.loc 1 100 9 is_stmt 1 view .LVU174
 100:Middlewares/lvgl/src/extra/widgets/tileview/lv_tileview.c ****         if(x == tx && y == ty) {
 671              		.loc 1 100 24 is_stmt 0 view .LVU175
 672 0048 2846     		mov	r0, r5
 673 004a FFF7FEFF 		bl	lv_obj_get_y
 674              	.LVL92:
 101:Middlewares/lvgl/src/extra/widgets/tileview/lv_tileview.c ****             lv_obj_set_tile(tv, tile_obj, anim_en);
 675              		.loc 1 101 9 is_stmt 1 view .LVU176
 101:Middlewares/lvgl/src/extra/widgets/tileview/lv_tileview.c ****             lv_obj_set_tile(tv, tile_obj, anim_en);
 676              		.loc 1 101 11 is_stmt 0 view .LVU177
 677 004e B045     		cmp	r8, r6
 678 0050 ECD1     		bne	.L32
 101:Middlewares/lvgl/src/extra/widgets/tileview/lv_tileview.c ****             lv_obj_set_tile(tv, tile_obj, anim_en);
 679              		.loc 1 101 20 discriminator 1 view .LVU178
 680 0052 8145     		cmp	r9, r0
 681 0054 EAD1     		bne	.L32
 102:Middlewares/lvgl/src/extra/widgets/tileview/lv_tileview.c ****             return;
 682              		.loc 1 102 13 is_stmt 1 view .LVU179
 683 0056 5246     		mov	r2, r10
 684 0058 2946     		mov	r1, r5
 685 005a 3846     		mov	r0, r7
 686              	.LVL93:
 102:Middlewares/lvgl/src/extra/widgets/tileview/lv_tileview.c ****             return;
 687              		.loc 1 102 13 is_stmt 0 view .LVU180
 688 005c FFF7FEFF 		bl	lv_obj_set_tile
 689              	.LVL94:
 103:Middlewares/lvgl/src/extra/widgets/tileview/lv_tileview.c ****         }
 690              		.loc 1 103 13 is_stmt 1 view .LVU181
 691              	.L30:
 103:Middlewares/lvgl/src/extra/widgets/tileview/lv_tileview.c ****         }
 692              		.loc 1 103 13 is_stmt 0 view .LVU182
 693              	.LBE5:
 108:Middlewares/lvgl/src/extra/widgets/tileview/lv_tileview.c **** 
 694              		.loc 1 108 1 view .LVU183
 695 0060 BDE8F087 		pop	{r4, r5, r6, r7, r8, r9, r10, pc}
 108:Middlewares/lvgl/src/extra/widgets/tileview/lv_tileview.c **** 
 696              		.loc 1 108 1 view .LVU184
 697              		.cfi_endproc
ARM GAS  /tmp/ccv24UhS.s 			page 19


 698              	.LFE150:
 700              		.section	.text.lv_tileview_get_tile_act,"ax",%progbits
 701              		.align	1
 702              		.global	lv_tileview_get_tile_act
 703              		.syntax unified
 704              		.thumb
 705              		.thumb_func
 707              	lv_tileview_get_tile_act:
 708              	.LVL95:
 709              	.LFB151:
 111:Middlewares/lvgl/src/extra/widgets/tileview/lv_tileview.c ****     lv_tileview_t * tv = (lv_tileview_t *) obj;
 710              		.loc 1 111 1 is_stmt 1 view -0
 711              		.cfi_startproc
 712              		@ args = 0, pretend = 0, frame = 0
 713              		@ frame_needed = 0, uses_anonymous_args = 0
 714              		@ link register save eliminated.
 112:Middlewares/lvgl/src/extra/widgets/tileview/lv_tileview.c ****     return tv->tile_act;
 715              		.loc 1 112 5 view .LVU186
 113:Middlewares/lvgl/src/extra/widgets/tileview/lv_tileview.c **** }
 716              		.loc 1 113 5 view .LVU187
 114:Middlewares/lvgl/src/extra/widgets/tileview/lv_tileview.c **** 
 717              		.loc 1 114 1 is_stmt 0 view .LVU188
 718 0000 406A     		ldr	r0, [r0, #36]
 719              	.LVL96:
 114:Middlewares/lvgl/src/extra/widgets/tileview/lv_tileview.c **** 
 720              		.loc 1 114 1 view .LVU189
 721 0002 7047     		bx	lr
 722              		.cfi_endproc
 723              	.LFE151:
 725              		.global	lv_tileview_tile_class
 726              		.global	lv_tileview_class
 727              		.section	.bss.create_col_id,"aw",%nobits
 728              		.align	2
 729              		.set	.LANCHOR0,. + 0
 732              	create_col_id:
 733 0000 00000000 		.space	4
 734              		.section	.bss.create_dir,"aw",%nobits
 735              		.set	.LANCHOR2,. + 0
 738              	create_dir:
 739 0000 00       		.space	1
 740              		.section	.bss.create_row_id,"aw",%nobits
 741              		.align	2
 742              		.set	.LANCHOR1,. + 0
 745              	create_row_id:
 746 0000 00000000 		.space	4
 747              		.section	.rodata.lv_tileview_class,"a"
 748              		.align	2
 749              		.set	.LANCHOR3,. + 0
 752              	lv_tileview_class:
 753 0000 00000000 		.word	lv_obj_class
 754 0004 00000000 		.word	lv_tileview_constructor
 755 0008 00000000 		.space	16
 755      00000000 
 755      00000000 
 755      00000000 
 756 0018 80       		.byte	128
 757 0019 02       		.byte	2
ARM GAS  /tmp/ccv24UhS.s 			page 20


 758 001a 00       		.byte	0
 759 001b 00       		.space	1
 760              		.section	.rodata.lv_tileview_tile_class,"a"
 761              		.align	2
 762              		.set	.LANCHOR4,. + 0
 765              	lv_tileview_tile_class:
 766 0000 00000000 		.word	lv_obj_class
 767 0004 00000000 		.word	lv_tileview_tile_constructor
 768 0008 00000000 		.space	16
 768      00000000 
 768      00000000 
 768      00000000 
 769 0018 80       		.byte	128
 770 0019 02       		.byte	2
 771 001a 00       		.byte	0
 772 001b 00       		.space	1
 773              		.text
 774              	.Letext0:
 775              		.file 2 "/home/akinya/gcc-arm-none-eabi/arm-none-eabi/include/machine/_default_types.h"
 776              		.file 3 "/home/akinya/gcc-arm-none-eabi/arm-none-eabi/include/sys/_stdint.h"
 777              		.file 4 "Middlewares/lvgl/src/extra/widgets/tileview/../../../core/../misc/../font/../misc/lv_area
 778              		.file 5 "Middlewares/lvgl/src/extra/widgets/tileview/../../../core/../misc/lv_color.h"
 779              		.file 6 "Middlewares/lvgl/src/extra/widgets/tileview/../../../core/../misc/lv_anim.h"
 780              		.file 7 "Middlewares/lvgl/src/extra/widgets/tileview/../../../core/../misc/lv_style.h"
 781              		.file 8 "Middlewares/lvgl/src/extra/widgets/tileview/../../../core/../hal/../misc/lv_ll.h"
 782              		.file 9 "Middlewares/lvgl/src/extra/widgets/tileview/../../../core/lv_obj.h"
 783              		.file 10 "Middlewares/lvgl/src/extra/widgets/tileview/../../../core/lv_group.h"
 784              		.file 11 "Middlewares/lvgl/src/extra/widgets/tileview/../../../core/lv_obj_scroll.h"
 785              		.file 12 "Middlewares/lvgl/src/extra/widgets/tileview/../../../core/lv_obj_style.h"
 786              		.file 13 "Middlewares/lvgl/src/extra/widgets/tileview/../../../core/lv_obj_class.h"
 787              		.file 14 "Middlewares/lvgl/src/extra/widgets/tileview/../../../core/lv_event.h"
 788              		.file 15 "Middlewares/lvgl/src/extra/widgets/tileview/lv_tileview.h"
 789              		.file 16 "Middlewares/lvgl/src/extra/widgets/tileview/../../../core/lv_obj_tree.h"
 790              		.file 17 "Middlewares/lvgl/src/extra/widgets/tileview/../../../core/lv_obj_pos.h"
ARM GAS  /tmp/ccv24UhS.s 			page 21


DEFINED SYMBOLS
                            *ABS*:0000000000000000 lv_tileview.c
     /tmp/ccv24UhS.s:20     .text.lv_tileview_constructor:0000000000000000 $t
     /tmp/ccv24UhS.s:25     .text.lv_tileview_constructor:0000000000000000 lv_tileview_constructor
     /tmp/ccv24UhS.s:80     .text.lv_tileview_constructor:0000000000000038 $d
     /tmp/ccv24UhS.s:90     .text.tileview_event_cb:0000000000000000 tileview_event_cb
     /tmp/ccv24UhS.s:85     .text.tileview_event_cb:0000000000000000 $t
     /tmp/ccv24UhS.s:291    .text.lv_tileview_tile_constructor:0000000000000000 $t
     /tmp/ccv24UhS.s:296    .text.lv_tileview_tile_constructor:0000000000000000 lv_tileview_tile_constructor
     /tmp/ccv24UhS.s:390    .text.lv_tileview_tile_constructor:0000000000000064 $d
     /tmp/ccv24UhS.s:397    .text.lv_tileview_create:0000000000000000 $t
     /tmp/ccv24UhS.s:403    .text.lv_tileview_create:0000000000000000 lv_tileview_create
     /tmp/ccv24UhS.s:439    .text.lv_tileview_create:0000000000000014 $d
     /tmp/ccv24UhS.s:444    .text.lv_tileview_add_tile:0000000000000000 $t
     /tmp/ccv24UhS.s:450    .text.lv_tileview_add_tile:0000000000000000 lv_tileview_add_tile
     /tmp/ccv24UhS.s:502    .text.lv_tileview_add_tile:0000000000000020 $d
     /tmp/ccv24UhS.s:510    .text.lv_obj_set_tile:0000000000000000 $t
     /tmp/ccv24UhS.s:516    .text.lv_obj_set_tile:0000000000000000 lv_obj_set_tile
     /tmp/ccv24UhS.s:577    .text.lv_obj_set_tile_id:0000000000000000 $t
     /tmp/ccv24UhS.s:583    .text.lv_obj_set_tile_id:0000000000000000 lv_obj_set_tile_id
     /tmp/ccv24UhS.s:701    .text.lv_tileview_get_tile_act:0000000000000000 $t
     /tmp/ccv24UhS.s:707    .text.lv_tileview_get_tile_act:0000000000000000 lv_tileview_get_tile_act
     /tmp/ccv24UhS.s:765    .rodata.lv_tileview_tile_class:0000000000000000 lv_tileview_tile_class
     /tmp/ccv24UhS.s:752    .rodata.lv_tileview_class:0000000000000000 lv_tileview_class
     /tmp/ccv24UhS.s:728    .bss.create_col_id:0000000000000000 $d
     /tmp/ccv24UhS.s:732    .bss.create_col_id:0000000000000000 create_col_id
     /tmp/ccv24UhS.s:738    .bss.create_dir:0000000000000000 create_dir
     /tmp/ccv24UhS.s:739    .bss.create_dir:0000000000000000 $d
     /tmp/ccv24UhS.s:741    .bss.create_row_id:0000000000000000 $d
     /tmp/ccv24UhS.s:745    .bss.create_row_id:0000000000000000 create_row_id
     /tmp/ccv24UhS.s:748    .rodata.lv_tileview_class:0000000000000000 $d
     /tmp/ccv24UhS.s:761    .rodata.lv_tileview_tile_class:0000000000000000 $d

UNDEFINED SYMBOLS
lv_obj_set_size
lv_obj_add_event_cb
lv_obj_add_flag
lv_obj_set_scroll_snap_x
lv_obj_set_scroll_snap_y
lv_event_get_code
lv_event_get_target
lv_obj_get_content_width
lv_obj_get_content_height
lv_obj_get_scroll_end
lv_obj_get_child_cnt
lv_obj_get_child
lv_obj_get_x
lv_obj_get_y
lv_event_send
lv_obj_set_scroll_dir
lv_obj_get_parent
lv_obj_update_layout
lv_obj_set_pos
lv_obj_class_create_obj
lv_obj_class_init_obj
lv_obj_scroll_to
lv_obj_class
ARM GAS  /tmp/ccv24UhS.s 			page 22


