ARM GAS  /tmp/cc3vFJG0.s 			page 1


   1              		.cpu cortex-m4
   2              		.arch armv7e-m
   3              		.fpu fpv4-sp-d16
   4              		.eabi_attribute 27, 1
   5              		.eabi_attribute 28, 1
   6              		.eabi_attribute 20, 1
   7              		.eabi_attribute 21, 1
   8              		.eabi_attribute 23, 3
   9              		.eabi_attribute 24, 1
  10              		.eabi_attribute 25, 1
  11              		.eabi_attribute 26, 1
  12              		.eabi_attribute 30, 1
  13              		.eabi_attribute 34, 1
  14              		.eabi_attribute 18, 4
  15              		.file	"lv_example_img_3.c"
  16              		.text
  17              	.Ltext0:
  18              		.cfi_sections	.debug_frame
  19              		.section	.text.set_zoom,"ax",%progbits
  20              		.align	1
  21              		.syntax unified
  22              		.thumb
  23              		.thumb_func
  25              	set_zoom:
  26              	.LVL0:
  27              	.LFB185:
  28              		.file 1 "Middlewares/lvgl/examples/widgets/img/lv_example_img_3.c"
   1:Middlewares/lvgl/examples/widgets/img/lv_example_img_3.c **** #include "../../lv_examples.h"
   2:Middlewares/lvgl/examples/widgets/img/lv_example_img_3.c **** #if LV_USE_IMG && LV_BUILD_EXAMPLES
   3:Middlewares/lvgl/examples/widgets/img/lv_example_img_3.c **** 
   4:Middlewares/lvgl/examples/widgets/img/lv_example_img_3.c **** static void set_angle(void * img, int32_t v)
   5:Middlewares/lvgl/examples/widgets/img/lv_example_img_3.c **** {
   6:Middlewares/lvgl/examples/widgets/img/lv_example_img_3.c ****     lv_img_set_angle(img, v);
   7:Middlewares/lvgl/examples/widgets/img/lv_example_img_3.c **** }
   8:Middlewares/lvgl/examples/widgets/img/lv_example_img_3.c **** 
   9:Middlewares/lvgl/examples/widgets/img/lv_example_img_3.c **** static void set_zoom(void * img, int32_t v)
  10:Middlewares/lvgl/examples/widgets/img/lv_example_img_3.c **** {
  29              		.loc 1 10 1 view -0
  30              		.cfi_startproc
  31              		@ args = 0, pretend = 0, frame = 0
  32              		@ frame_needed = 0, uses_anonymous_args = 0
  33              		.loc 1 10 1 is_stmt 0 view .LVU1
  34 0000 08B5     		push	{r3, lr}
  35              	.LCFI0:
  36              		.cfi_def_cfa_offset 8
  37              		.cfi_offset 3, -8
  38              		.cfi_offset 14, -4
  11:Middlewares/lvgl/examples/widgets/img/lv_example_img_3.c ****     lv_img_set_zoom(img, v);
  39              		.loc 1 11 5 is_stmt 1 view .LVU2
  40 0002 89B2     		uxth	r1, r1
  41              	.LVL1:
  42              		.loc 1 11 5 is_stmt 0 view .LVU3
  43 0004 FFF7FEFF 		bl	lv_img_set_zoom
  44              	.LVL2:
  12:Middlewares/lvgl/examples/widgets/img/lv_example_img_3.c **** }
  45              		.loc 1 12 1 view .LVU4
  46 0008 08BD     		pop	{r3, pc}
ARM GAS  /tmp/cc3vFJG0.s 			page 2


  47              		.cfi_endproc
  48              	.LFE185:
  50              		.section	.text.set_angle,"ax",%progbits
  51              		.align	1
  52              		.syntax unified
  53              		.thumb
  54              		.thumb_func
  56              	set_angle:
  57              	.LVL3:
  58              	.LFB184:
   5:Middlewares/lvgl/examples/widgets/img/lv_example_img_3.c ****     lv_img_set_angle(img, v);
  59              		.loc 1 5 1 is_stmt 1 view -0
  60              		.cfi_startproc
  61              		@ args = 0, pretend = 0, frame = 0
  62              		@ frame_needed = 0, uses_anonymous_args = 0
   5:Middlewares/lvgl/examples/widgets/img/lv_example_img_3.c ****     lv_img_set_angle(img, v);
  63              		.loc 1 5 1 is_stmt 0 view .LVU6
  64 0000 08B5     		push	{r3, lr}
  65              	.LCFI1:
  66              		.cfi_def_cfa_offset 8
  67              		.cfi_offset 3, -8
  68              		.cfi_offset 14, -4
   6:Middlewares/lvgl/examples/widgets/img/lv_example_img_3.c **** }
  69              		.loc 1 6 5 is_stmt 1 view .LVU7
  70 0002 09B2     		sxth	r1, r1
  71              	.LVL4:
   6:Middlewares/lvgl/examples/widgets/img/lv_example_img_3.c **** }
  72              		.loc 1 6 5 is_stmt 0 view .LVU8
  73 0004 FFF7FEFF 		bl	lv_img_set_angle
  74              	.LVL5:
   7:Middlewares/lvgl/examples/widgets/img/lv_example_img_3.c **** 
  75              		.loc 1 7 1 view .LVU9
  76 0008 08BD     		pop	{r3, pc}
  77              		.cfi_endproc
  78              	.LFE184:
  80              		.section	.text.lv_example_img_3,"ax",%progbits
  81              		.align	1
  82              		.global	lv_example_img_3
  83              		.syntax unified
  84              		.thumb
  85              		.thumb_func
  87              	lv_example_img_3:
  88              	.LFB186:
  13:Middlewares/lvgl/examples/widgets/img/lv_example_img_3.c **** 
  14:Middlewares/lvgl/examples/widgets/img/lv_example_img_3.c **** 
  15:Middlewares/lvgl/examples/widgets/img/lv_example_img_3.c **** /**
  16:Middlewares/lvgl/examples/widgets/img/lv_example_img_3.c ****  * Show transformations (zoom and rotation) using a pivot point.
  17:Middlewares/lvgl/examples/widgets/img/lv_example_img_3.c ****  */
  18:Middlewares/lvgl/examples/widgets/img/lv_example_img_3.c **** void lv_example_img_3(void)
  19:Middlewares/lvgl/examples/widgets/img/lv_example_img_3.c **** {
  89              		.loc 1 19 1 is_stmt 1 view -0
  90              		.cfi_startproc
  91              		@ args = 0, pretend = 0, frame = 72
  92              		@ frame_needed = 0, uses_anonymous_args = 0
  93 0000 10B5     		push	{r4, lr}
  94              	.LCFI2:
  95              		.cfi_def_cfa_offset 8
ARM GAS  /tmp/cc3vFJG0.s 			page 3


  96              		.cfi_offset 4, -8
  97              		.cfi_offset 14, -4
  98 0002 92B0     		sub	sp, sp, #72
  99              	.LCFI3:
 100              		.cfi_def_cfa_offset 80
  20:Middlewares/lvgl/examples/widgets/img/lv_example_img_3.c ****     LV_IMG_DECLARE(img_cogwheel_argb);
 101              		.loc 1 20 5 view .LVU11
 102              		.loc 1 20 38 view .LVU12
  21:Middlewares/lvgl/examples/widgets/img/lv_example_img_3.c **** 
  22:Middlewares/lvgl/examples/widgets/img/lv_example_img_3.c ****     /*Now create the actual image*/
  23:Middlewares/lvgl/examples/widgets/img/lv_example_img_3.c ****     lv_obj_t * img = lv_img_create(lv_scr_act());
 103              		.loc 1 23 5 view .LVU13
 104              	.LBB36:
 105              	.LBI36:
 106              		.file 2 "Middlewares/lvgl/examples/widgets/img/../../../src/core/lv_disp.h"
   1:Middlewares/lvgl/examples/widgets/img/../../../src/core/lv_disp.h **** /**
   2:Middlewares/lvgl/examples/widgets/img/../../../src/core/lv_disp.h ****  * @file lv_disp.h
   3:Middlewares/lvgl/examples/widgets/img/../../../src/core/lv_disp.h ****  *
   4:Middlewares/lvgl/examples/widgets/img/../../../src/core/lv_disp.h ****  */
   5:Middlewares/lvgl/examples/widgets/img/../../../src/core/lv_disp.h **** 
   6:Middlewares/lvgl/examples/widgets/img/../../../src/core/lv_disp.h **** #ifndef LV_DISP_H
   7:Middlewares/lvgl/examples/widgets/img/../../../src/core/lv_disp.h **** #define LV_DISP_H
   8:Middlewares/lvgl/examples/widgets/img/../../../src/core/lv_disp.h **** 
   9:Middlewares/lvgl/examples/widgets/img/../../../src/core/lv_disp.h **** #ifdef __cplusplus
  10:Middlewares/lvgl/examples/widgets/img/../../../src/core/lv_disp.h **** extern "C" {
  11:Middlewares/lvgl/examples/widgets/img/../../../src/core/lv_disp.h **** #endif
  12:Middlewares/lvgl/examples/widgets/img/../../../src/core/lv_disp.h **** 
  13:Middlewares/lvgl/examples/widgets/img/../../../src/core/lv_disp.h **** /*********************
  14:Middlewares/lvgl/examples/widgets/img/../../../src/core/lv_disp.h ****  *      INCLUDES
  15:Middlewares/lvgl/examples/widgets/img/../../../src/core/lv_disp.h ****  *********************/
  16:Middlewares/lvgl/examples/widgets/img/../../../src/core/lv_disp.h **** #include "../hal/lv_hal.h"
  17:Middlewares/lvgl/examples/widgets/img/../../../src/core/lv_disp.h **** #include "lv_obj.h"
  18:Middlewares/lvgl/examples/widgets/img/../../../src/core/lv_disp.h **** #include "lv_theme.h"
  19:Middlewares/lvgl/examples/widgets/img/../../../src/core/lv_disp.h **** 
  20:Middlewares/lvgl/examples/widgets/img/../../../src/core/lv_disp.h **** /*********************
  21:Middlewares/lvgl/examples/widgets/img/../../../src/core/lv_disp.h ****  *      DEFINES
  22:Middlewares/lvgl/examples/widgets/img/../../../src/core/lv_disp.h ****  *********************/
  23:Middlewares/lvgl/examples/widgets/img/../../../src/core/lv_disp.h **** 
  24:Middlewares/lvgl/examples/widgets/img/../../../src/core/lv_disp.h **** /**********************
  25:Middlewares/lvgl/examples/widgets/img/../../../src/core/lv_disp.h ****  *      TYPEDEFS
  26:Middlewares/lvgl/examples/widgets/img/../../../src/core/lv_disp.h ****  **********************/
  27:Middlewares/lvgl/examples/widgets/img/../../../src/core/lv_disp.h **** 
  28:Middlewares/lvgl/examples/widgets/img/../../../src/core/lv_disp.h **** typedef enum {
  29:Middlewares/lvgl/examples/widgets/img/../../../src/core/lv_disp.h ****     LV_SCR_LOAD_ANIM_NONE,
  30:Middlewares/lvgl/examples/widgets/img/../../../src/core/lv_disp.h ****     LV_SCR_LOAD_ANIM_OVER_LEFT,
  31:Middlewares/lvgl/examples/widgets/img/../../../src/core/lv_disp.h ****     LV_SCR_LOAD_ANIM_OVER_RIGHT,
  32:Middlewares/lvgl/examples/widgets/img/../../../src/core/lv_disp.h ****     LV_SCR_LOAD_ANIM_OVER_TOP,
  33:Middlewares/lvgl/examples/widgets/img/../../../src/core/lv_disp.h ****     LV_SCR_LOAD_ANIM_OVER_BOTTOM,
  34:Middlewares/lvgl/examples/widgets/img/../../../src/core/lv_disp.h ****     LV_SCR_LOAD_ANIM_MOVE_LEFT,
  35:Middlewares/lvgl/examples/widgets/img/../../../src/core/lv_disp.h ****     LV_SCR_LOAD_ANIM_MOVE_RIGHT,
  36:Middlewares/lvgl/examples/widgets/img/../../../src/core/lv_disp.h ****     LV_SCR_LOAD_ANIM_MOVE_TOP,
  37:Middlewares/lvgl/examples/widgets/img/../../../src/core/lv_disp.h ****     LV_SCR_LOAD_ANIM_MOVE_BOTTOM,
  38:Middlewares/lvgl/examples/widgets/img/../../../src/core/lv_disp.h ****     LV_SCR_LOAD_ANIM_FADE_ON,
  39:Middlewares/lvgl/examples/widgets/img/../../../src/core/lv_disp.h **** } lv_scr_load_anim_t;
  40:Middlewares/lvgl/examples/widgets/img/../../../src/core/lv_disp.h **** 
  41:Middlewares/lvgl/examples/widgets/img/../../../src/core/lv_disp.h **** /**********************
  42:Middlewares/lvgl/examples/widgets/img/../../../src/core/lv_disp.h ****  * GLOBAL PROTOTYPES
ARM GAS  /tmp/cc3vFJG0.s 			page 4


  43:Middlewares/lvgl/examples/widgets/img/../../../src/core/lv_disp.h ****  **********************/
  44:Middlewares/lvgl/examples/widgets/img/../../../src/core/lv_disp.h **** 
  45:Middlewares/lvgl/examples/widgets/img/../../../src/core/lv_disp.h **** /**
  46:Middlewares/lvgl/examples/widgets/img/../../../src/core/lv_disp.h ****  * Return with a pointer to the active screen
  47:Middlewares/lvgl/examples/widgets/img/../../../src/core/lv_disp.h ****  * @param disp pointer to display which active screen should be get. (NULL to use the default
  48:Middlewares/lvgl/examples/widgets/img/../../../src/core/lv_disp.h ****  * screen)
  49:Middlewares/lvgl/examples/widgets/img/../../../src/core/lv_disp.h ****  * @return pointer to the active screen object (loaded by 'lv_scr_load()')
  50:Middlewares/lvgl/examples/widgets/img/../../../src/core/lv_disp.h ****  */
  51:Middlewares/lvgl/examples/widgets/img/../../../src/core/lv_disp.h **** lv_obj_t * lv_disp_get_scr_act(lv_disp_t * disp);
  52:Middlewares/lvgl/examples/widgets/img/../../../src/core/lv_disp.h **** 
  53:Middlewares/lvgl/examples/widgets/img/../../../src/core/lv_disp.h **** /**
  54:Middlewares/lvgl/examples/widgets/img/../../../src/core/lv_disp.h ****  * Return with a pointer to the previous screen. Only used during screen transitions.
  55:Middlewares/lvgl/examples/widgets/img/../../../src/core/lv_disp.h ****  * @param disp pointer to display which previous screen should be get. (NULL to use the default
  56:Middlewares/lvgl/examples/widgets/img/../../../src/core/lv_disp.h ****  * screen)
  57:Middlewares/lvgl/examples/widgets/img/../../../src/core/lv_disp.h ****  * @return pointer to the previous screen object or NULL if not used now
  58:Middlewares/lvgl/examples/widgets/img/../../../src/core/lv_disp.h ****  */
  59:Middlewares/lvgl/examples/widgets/img/../../../src/core/lv_disp.h **** lv_obj_t * lv_disp_get_scr_prev(lv_disp_t * disp);
  60:Middlewares/lvgl/examples/widgets/img/../../../src/core/lv_disp.h **** 
  61:Middlewares/lvgl/examples/widgets/img/../../../src/core/lv_disp.h **** /**
  62:Middlewares/lvgl/examples/widgets/img/../../../src/core/lv_disp.h ****  * Make a screen active
  63:Middlewares/lvgl/examples/widgets/img/../../../src/core/lv_disp.h ****  * @param scr pointer to a screen
  64:Middlewares/lvgl/examples/widgets/img/../../../src/core/lv_disp.h ****  */
  65:Middlewares/lvgl/examples/widgets/img/../../../src/core/lv_disp.h **** void lv_disp_load_scr(lv_obj_t * scr);
  66:Middlewares/lvgl/examples/widgets/img/../../../src/core/lv_disp.h **** 
  67:Middlewares/lvgl/examples/widgets/img/../../../src/core/lv_disp.h **** /**
  68:Middlewares/lvgl/examples/widgets/img/../../../src/core/lv_disp.h ****  * Return with the top layer. (Same on every screen and it is above the normal screen layer)
  69:Middlewares/lvgl/examples/widgets/img/../../../src/core/lv_disp.h ****  * @param disp pointer to display which top layer should be get. (NULL to use the default screen)
  70:Middlewares/lvgl/examples/widgets/img/../../../src/core/lv_disp.h ****  * @return pointer to the top layer object  (transparent screen sized lv_obj)
  71:Middlewares/lvgl/examples/widgets/img/../../../src/core/lv_disp.h ****  */
  72:Middlewares/lvgl/examples/widgets/img/../../../src/core/lv_disp.h **** lv_obj_t * lv_disp_get_layer_top(lv_disp_t * disp);
  73:Middlewares/lvgl/examples/widgets/img/../../../src/core/lv_disp.h **** 
  74:Middlewares/lvgl/examples/widgets/img/../../../src/core/lv_disp.h **** /**
  75:Middlewares/lvgl/examples/widgets/img/../../../src/core/lv_disp.h ****  * Return with the sys. layer. (Same on every screen and it is above the normal screen and the top
  76:Middlewares/lvgl/examples/widgets/img/../../../src/core/lv_disp.h ****  * layer)
  77:Middlewares/lvgl/examples/widgets/img/../../../src/core/lv_disp.h ****  * @param disp pointer to display which sys. layer  should be get. (NULL to use the default screen)
  78:Middlewares/lvgl/examples/widgets/img/../../../src/core/lv_disp.h ****  * @return pointer to the sys layer object  (transparent screen sized lv_obj)
  79:Middlewares/lvgl/examples/widgets/img/../../../src/core/lv_disp.h ****  */
  80:Middlewares/lvgl/examples/widgets/img/../../../src/core/lv_disp.h **** lv_obj_t * lv_disp_get_layer_sys(lv_disp_t * disp);
  81:Middlewares/lvgl/examples/widgets/img/../../../src/core/lv_disp.h **** 
  82:Middlewares/lvgl/examples/widgets/img/../../../src/core/lv_disp.h **** /**
  83:Middlewares/lvgl/examples/widgets/img/../../../src/core/lv_disp.h ****  * Get the theme of a display
  84:Middlewares/lvgl/examples/widgets/img/../../../src/core/lv_disp.h ****  * @param disp pointer to a display
  85:Middlewares/lvgl/examples/widgets/img/../../../src/core/lv_disp.h ****  * @return the display's theme (can be NULL)
  86:Middlewares/lvgl/examples/widgets/img/../../../src/core/lv_disp.h ****  */
  87:Middlewares/lvgl/examples/widgets/img/../../../src/core/lv_disp.h **** void lv_disp_set_theme(lv_disp_t * disp, lv_theme_t * th);
  88:Middlewares/lvgl/examples/widgets/img/../../../src/core/lv_disp.h **** 
  89:Middlewares/lvgl/examples/widgets/img/../../../src/core/lv_disp.h **** /**
  90:Middlewares/lvgl/examples/widgets/img/../../../src/core/lv_disp.h ****  * Get the theme of a display
  91:Middlewares/lvgl/examples/widgets/img/../../../src/core/lv_disp.h ****  * @param disp pointer to a display
  92:Middlewares/lvgl/examples/widgets/img/../../../src/core/lv_disp.h ****  * @return the display's theme (can be NULL)
  93:Middlewares/lvgl/examples/widgets/img/../../../src/core/lv_disp.h ****  */
  94:Middlewares/lvgl/examples/widgets/img/../../../src/core/lv_disp.h **** lv_theme_t * lv_disp_get_theme(lv_disp_t * disp);
  95:Middlewares/lvgl/examples/widgets/img/../../../src/core/lv_disp.h **** 
  96:Middlewares/lvgl/examples/widgets/img/../../../src/core/lv_disp.h **** /**
  97:Middlewares/lvgl/examples/widgets/img/../../../src/core/lv_disp.h ****  * Set the background color of a display
  98:Middlewares/lvgl/examples/widgets/img/../../../src/core/lv_disp.h ****  * @param disp pointer to a display
  99:Middlewares/lvgl/examples/widgets/img/../../../src/core/lv_disp.h ****  * @param color color of the background
ARM GAS  /tmp/cc3vFJG0.s 			page 5


 100:Middlewares/lvgl/examples/widgets/img/../../../src/core/lv_disp.h ****  */
 101:Middlewares/lvgl/examples/widgets/img/../../../src/core/lv_disp.h **** void lv_disp_set_bg_color(lv_disp_t * disp, lv_color_t color);
 102:Middlewares/lvgl/examples/widgets/img/../../../src/core/lv_disp.h **** 
 103:Middlewares/lvgl/examples/widgets/img/../../../src/core/lv_disp.h **** /**
 104:Middlewares/lvgl/examples/widgets/img/../../../src/core/lv_disp.h ****  * Set the background image of a display
 105:Middlewares/lvgl/examples/widgets/img/../../../src/core/lv_disp.h ****  * @param disp pointer to a display
 106:Middlewares/lvgl/examples/widgets/img/../../../src/core/lv_disp.h ****  * @param img_src path to file or pointer to an `lv_img_dsc_t` variable
 107:Middlewares/lvgl/examples/widgets/img/../../../src/core/lv_disp.h ****  */
 108:Middlewares/lvgl/examples/widgets/img/../../../src/core/lv_disp.h **** void lv_disp_set_bg_image(lv_disp_t * disp, const void  * img_src);
 109:Middlewares/lvgl/examples/widgets/img/../../../src/core/lv_disp.h **** 
 110:Middlewares/lvgl/examples/widgets/img/../../../src/core/lv_disp.h **** /**
 111:Middlewares/lvgl/examples/widgets/img/../../../src/core/lv_disp.h ****  * Opacity of the background
 112:Middlewares/lvgl/examples/widgets/img/../../../src/core/lv_disp.h ****  * @param disp pointer to a display
 113:Middlewares/lvgl/examples/widgets/img/../../../src/core/lv_disp.h ****  * @param opa opacity (0..255)
 114:Middlewares/lvgl/examples/widgets/img/../../../src/core/lv_disp.h ****  */
 115:Middlewares/lvgl/examples/widgets/img/../../../src/core/lv_disp.h **** void lv_disp_set_bg_opa(lv_disp_t * disp, lv_opa_t opa);
 116:Middlewares/lvgl/examples/widgets/img/../../../src/core/lv_disp.h **** 
 117:Middlewares/lvgl/examples/widgets/img/../../../src/core/lv_disp.h **** /**
 118:Middlewares/lvgl/examples/widgets/img/../../../src/core/lv_disp.h ****  * Switch screen with animation
 119:Middlewares/lvgl/examples/widgets/img/../../../src/core/lv_disp.h ****  * @param scr pointer to the new screen to load
 120:Middlewares/lvgl/examples/widgets/img/../../../src/core/lv_disp.h ****  * @param anim_type type of the animation from `lv_scr_load_anim_t`. E.g.  `LV_SCR_LOAD_ANIM_MOVE_L
 121:Middlewares/lvgl/examples/widgets/img/../../../src/core/lv_disp.h ****  * @param time time of the animation
 122:Middlewares/lvgl/examples/widgets/img/../../../src/core/lv_disp.h ****  * @param delay delay before the transition
 123:Middlewares/lvgl/examples/widgets/img/../../../src/core/lv_disp.h ****  * @param auto_del true: automatically delete the old screen
 124:Middlewares/lvgl/examples/widgets/img/../../../src/core/lv_disp.h ****  */
 125:Middlewares/lvgl/examples/widgets/img/../../../src/core/lv_disp.h **** void lv_scr_load_anim(lv_obj_t * scr, lv_scr_load_anim_t anim_type, uint32_t time, uint32_t delay, 
 126:Middlewares/lvgl/examples/widgets/img/../../../src/core/lv_disp.h **** 
 127:Middlewares/lvgl/examples/widgets/img/../../../src/core/lv_disp.h **** /**
 128:Middlewares/lvgl/examples/widgets/img/../../../src/core/lv_disp.h ****  * Get elapsed time since last user activity on a display (e.g. click)
 129:Middlewares/lvgl/examples/widgets/img/../../../src/core/lv_disp.h ****  * @param disp pointer to an display (NULL to get the overall smallest inactivity)
 130:Middlewares/lvgl/examples/widgets/img/../../../src/core/lv_disp.h ****  * @return elapsed ticks (milliseconds) since the last activity
 131:Middlewares/lvgl/examples/widgets/img/../../../src/core/lv_disp.h ****  */
 132:Middlewares/lvgl/examples/widgets/img/../../../src/core/lv_disp.h **** uint32_t lv_disp_get_inactive_time(const lv_disp_t * disp);
 133:Middlewares/lvgl/examples/widgets/img/../../../src/core/lv_disp.h **** 
 134:Middlewares/lvgl/examples/widgets/img/../../../src/core/lv_disp.h **** /**
 135:Middlewares/lvgl/examples/widgets/img/../../../src/core/lv_disp.h ****  * Manually trigger an activity on a display
 136:Middlewares/lvgl/examples/widgets/img/../../../src/core/lv_disp.h ****  * @param disp pointer to an display (NULL to use the default display)
 137:Middlewares/lvgl/examples/widgets/img/../../../src/core/lv_disp.h ****  */
 138:Middlewares/lvgl/examples/widgets/img/../../../src/core/lv_disp.h **** void lv_disp_trig_activity(lv_disp_t * disp);
 139:Middlewares/lvgl/examples/widgets/img/../../../src/core/lv_disp.h **** 
 140:Middlewares/lvgl/examples/widgets/img/../../../src/core/lv_disp.h **** /**
 141:Middlewares/lvgl/examples/widgets/img/../../../src/core/lv_disp.h ****  * Clean any CPU cache that is related to the display.
 142:Middlewares/lvgl/examples/widgets/img/../../../src/core/lv_disp.h ****  * @param disp pointer to an display (NULL to use the default display)
 143:Middlewares/lvgl/examples/widgets/img/../../../src/core/lv_disp.h ****  */
 144:Middlewares/lvgl/examples/widgets/img/../../../src/core/lv_disp.h **** void lv_disp_clean_dcache(lv_disp_t * disp);
 145:Middlewares/lvgl/examples/widgets/img/../../../src/core/lv_disp.h **** 
 146:Middlewares/lvgl/examples/widgets/img/../../../src/core/lv_disp.h **** /**
 147:Middlewares/lvgl/examples/widgets/img/../../../src/core/lv_disp.h ****  * Get a pointer to the screen refresher timer to
 148:Middlewares/lvgl/examples/widgets/img/../../../src/core/lv_disp.h ****  * modify its parameters with `lv_timer_...` functions.
 149:Middlewares/lvgl/examples/widgets/img/../../../src/core/lv_disp.h ****  * @param disp pointer to a display
 150:Middlewares/lvgl/examples/widgets/img/../../../src/core/lv_disp.h ****  * @return pointer to the display refresher timer. (NULL on error)
 151:Middlewares/lvgl/examples/widgets/img/../../../src/core/lv_disp.h ****  */
 152:Middlewares/lvgl/examples/widgets/img/../../../src/core/lv_disp.h **** lv_timer_t * _lv_disp_get_refr_timer(lv_disp_t * disp);
 153:Middlewares/lvgl/examples/widgets/img/../../../src/core/lv_disp.h **** 
 154:Middlewares/lvgl/examples/widgets/img/../../../src/core/lv_disp.h **** /*------------------------------------------------
 155:Middlewares/lvgl/examples/widgets/img/../../../src/core/lv_disp.h ****  * To improve backward compatibility
 156:Middlewares/lvgl/examples/widgets/img/../../../src/core/lv_disp.h ****  * Recommended only if you have one display
ARM GAS  /tmp/cc3vFJG0.s 			page 6


 157:Middlewares/lvgl/examples/widgets/img/../../../src/core/lv_disp.h ****  *------------------------------------------------*/
 158:Middlewares/lvgl/examples/widgets/img/../../../src/core/lv_disp.h **** 
 159:Middlewares/lvgl/examples/widgets/img/../../../src/core/lv_disp.h **** /**
 160:Middlewares/lvgl/examples/widgets/img/../../../src/core/lv_disp.h ****  * Get the active screen of the default display
 161:Middlewares/lvgl/examples/widgets/img/../../../src/core/lv_disp.h ****  * @return pointer to the active screen
 162:Middlewares/lvgl/examples/widgets/img/../../../src/core/lv_disp.h ****  */
 163:Middlewares/lvgl/examples/widgets/img/../../../src/core/lv_disp.h **** static inline lv_obj_t * lv_scr_act(void)
 107              		.loc 2 163 26 view .LVU14
 108              	.LBB37:
 164:Middlewares/lvgl/examples/widgets/img/../../../src/core/lv_disp.h **** {
 165:Middlewares/lvgl/examples/widgets/img/../../../src/core/lv_disp.h ****     return lv_disp_get_scr_act(lv_disp_get_default());
 109              		.loc 2 165 5 view .LVU15
 110              		.loc 2 165 12 is_stmt 0 view .LVU16
 111 0004 FFF7FEFF 		bl	lv_disp_get_default
 112              	.LVL6:
 113 0008 FFF7FEFF 		bl	lv_disp_get_scr_act
 114              	.LVL7:
 115              	.LBE37:
 116              	.LBE36:
 117              		.loc 1 23 22 view .LVU17
 118 000c FFF7FEFF 		bl	lv_img_create
 119              	.LVL8:
 120 0010 0446     		mov	r4, r0
 121              	.LVL9:
  24:Middlewares/lvgl/examples/widgets/img/lv_example_img_3.c ****     lv_img_set_src(img, &img_cogwheel_argb);
 122              		.loc 1 24 5 is_stmt 1 view .LVU18
 123 0012 1A49     		ldr	r1, .L7
 124 0014 FFF7FEFF 		bl	lv_img_set_src
 125              	.LVL10:
  25:Middlewares/lvgl/examples/widgets/img/lv_example_img_3.c ****     lv_obj_align(img, LV_ALIGN_CENTER, 50, 50);
 126              		.loc 1 25 5 view .LVU19
 127 0018 3223     		movs	r3, #50
 128 001a 1A46     		mov	r2, r3
 129 001c 0921     		movs	r1, #9
 130 001e 2046     		mov	r0, r4
 131 0020 FFF7FEFF 		bl	lv_obj_align
 132              	.LVL11:
  26:Middlewares/lvgl/examples/widgets/img/lv_example_img_3.c ****     lv_img_set_pivot(img, 0, 0);    /*Rotate around the top left corner*/
 133              		.loc 1 26 5 view .LVU20
 134 0024 0022     		movs	r2, #0
 135 0026 1146     		mov	r1, r2
 136 0028 2046     		mov	r0, r4
 137 002a FFF7FEFF 		bl	lv_img_set_pivot
 138              	.LVL12:
  27:Middlewares/lvgl/examples/widgets/img/lv_example_img_3.c **** 
  28:Middlewares/lvgl/examples/widgets/img/lv_example_img_3.c ****     lv_anim_t a;
 139              		.loc 1 28 5 view .LVU21
  29:Middlewares/lvgl/examples/widgets/img/lv_example_img_3.c ****     lv_anim_init(&a);
 140              		.loc 1 29 5 view .LVU22
 141 002e 01A8     		add	r0, sp, #4
 142 0030 FFF7FEFF 		bl	lv_anim_init
 143              	.LVL13:
  30:Middlewares/lvgl/examples/widgets/img/lv_example_img_3.c ****     lv_anim_set_var(&a, img);
 144              		.loc 1 30 5 view .LVU23
 145              	.LBB38:
 146              	.LBI38:
 147              		.file 3 "Middlewares/lvgl/examples/widgets/img/../../../src/core/../misc/lv_anim.h"
ARM GAS  /tmp/cc3vFJG0.s 			page 7


   1:Middlewares/lvgl/examples/widgets/img/../../../src/core/../misc/lv_anim.h **** /**
   2:Middlewares/lvgl/examples/widgets/img/../../../src/core/../misc/lv_anim.h ****  * @file lv_anim.h
   3:Middlewares/lvgl/examples/widgets/img/../../../src/core/../misc/lv_anim.h ****  *
   4:Middlewares/lvgl/examples/widgets/img/../../../src/core/../misc/lv_anim.h ****  */
   5:Middlewares/lvgl/examples/widgets/img/../../../src/core/../misc/lv_anim.h **** 
   6:Middlewares/lvgl/examples/widgets/img/../../../src/core/../misc/lv_anim.h **** #ifndef LV_ANIM_H
   7:Middlewares/lvgl/examples/widgets/img/../../../src/core/../misc/lv_anim.h **** #define LV_ANIM_H
   8:Middlewares/lvgl/examples/widgets/img/../../../src/core/../misc/lv_anim.h **** 
   9:Middlewares/lvgl/examples/widgets/img/../../../src/core/../misc/lv_anim.h **** #ifdef __cplusplus
  10:Middlewares/lvgl/examples/widgets/img/../../../src/core/../misc/lv_anim.h **** extern "C" {
  11:Middlewares/lvgl/examples/widgets/img/../../../src/core/../misc/lv_anim.h **** #endif
  12:Middlewares/lvgl/examples/widgets/img/../../../src/core/../misc/lv_anim.h **** 
  13:Middlewares/lvgl/examples/widgets/img/../../../src/core/../misc/lv_anim.h **** /*********************
  14:Middlewares/lvgl/examples/widgets/img/../../../src/core/../misc/lv_anim.h ****  *      INCLUDES
  15:Middlewares/lvgl/examples/widgets/img/../../../src/core/../misc/lv_anim.h ****  *********************/
  16:Middlewares/lvgl/examples/widgets/img/../../../src/core/../misc/lv_anim.h **** #include "../lv_conf_internal.h"
  17:Middlewares/lvgl/examples/widgets/img/../../../src/core/../misc/lv_anim.h **** 
  18:Middlewares/lvgl/examples/widgets/img/../../../src/core/../misc/lv_anim.h **** #include <stdint.h>
  19:Middlewares/lvgl/examples/widgets/img/../../../src/core/../misc/lv_anim.h **** #include <stdbool.h>
  20:Middlewares/lvgl/examples/widgets/img/../../../src/core/../misc/lv_anim.h **** #include <string.h>
  21:Middlewares/lvgl/examples/widgets/img/../../../src/core/../misc/lv_anim.h **** 
  22:Middlewares/lvgl/examples/widgets/img/../../../src/core/../misc/lv_anim.h **** /*********************
  23:Middlewares/lvgl/examples/widgets/img/../../../src/core/../misc/lv_anim.h ****  *      DEFINES
  24:Middlewares/lvgl/examples/widgets/img/../../../src/core/../misc/lv_anim.h ****  *********************/
  25:Middlewares/lvgl/examples/widgets/img/../../../src/core/../misc/lv_anim.h **** 
  26:Middlewares/lvgl/examples/widgets/img/../../../src/core/../misc/lv_anim.h **** /**********************
  27:Middlewares/lvgl/examples/widgets/img/../../../src/core/../misc/lv_anim.h ****  *      TYPEDEFS
  28:Middlewares/lvgl/examples/widgets/img/../../../src/core/../misc/lv_anim.h ****  **********************/
  29:Middlewares/lvgl/examples/widgets/img/../../../src/core/../misc/lv_anim.h **** 
  30:Middlewares/lvgl/examples/widgets/img/../../../src/core/../misc/lv_anim.h **** /** Can be used to indicate if animations are enabled or disabled in a case*/
  31:Middlewares/lvgl/examples/widgets/img/../../../src/core/../misc/lv_anim.h **** typedef enum {
  32:Middlewares/lvgl/examples/widgets/img/../../../src/core/../misc/lv_anim.h ****     LV_ANIM_OFF,
  33:Middlewares/lvgl/examples/widgets/img/../../../src/core/../misc/lv_anim.h ****     LV_ANIM_ON,
  34:Middlewares/lvgl/examples/widgets/img/../../../src/core/../misc/lv_anim.h **** }lv_anim_enable_t;
  35:Middlewares/lvgl/examples/widgets/img/../../../src/core/../misc/lv_anim.h **** 
  36:Middlewares/lvgl/examples/widgets/img/../../../src/core/../misc/lv_anim.h **** #define LV_ANIM_REPEAT_INFINITE      0xFFFF
  37:Middlewares/lvgl/examples/widgets/img/../../../src/core/../misc/lv_anim.h **** LV_EXPORT_CONST_INT(LV_ANIM_REPEAT_INFINITE);
  38:Middlewares/lvgl/examples/widgets/img/../../../src/core/../misc/lv_anim.h **** 
  39:Middlewares/lvgl/examples/widgets/img/../../../src/core/../misc/lv_anim.h **** struct _lv_anim_t;
  40:Middlewares/lvgl/examples/widgets/img/../../../src/core/../misc/lv_anim.h **** 
  41:Middlewares/lvgl/examples/widgets/img/../../../src/core/../misc/lv_anim.h **** /** Get the current value during an animation*/
  42:Middlewares/lvgl/examples/widgets/img/../../../src/core/../misc/lv_anim.h **** typedef int32_t (*lv_anim_path_cb_t)(const struct _lv_anim_t *);
  43:Middlewares/lvgl/examples/widgets/img/../../../src/core/../misc/lv_anim.h **** 
  44:Middlewares/lvgl/examples/widgets/img/../../../src/core/../misc/lv_anim.h **** /** Generic prototype of "animator" functions.
  45:Middlewares/lvgl/examples/widgets/img/../../../src/core/../misc/lv_anim.h ****  * First parameter is the variable to animate.
  46:Middlewares/lvgl/examples/widgets/img/../../../src/core/../misc/lv_anim.h ****  * Second parameter is the value to set.
  47:Middlewares/lvgl/examples/widgets/img/../../../src/core/../misc/lv_anim.h ****  * Compatible with `lv_xxx_set_yyy(obj, value)` functions
  48:Middlewares/lvgl/examples/widgets/img/../../../src/core/../misc/lv_anim.h ****  * The `x` in `_xcb_t` means its not a fully generic prototype because
  49:Middlewares/lvgl/examples/widgets/img/../../../src/core/../misc/lv_anim.h ****  * it doesn't receive `lv_anim_t *` as its first argument*/
  50:Middlewares/lvgl/examples/widgets/img/../../../src/core/../misc/lv_anim.h **** typedef void (*lv_anim_exec_xcb_t)(void *, int32_t);
  51:Middlewares/lvgl/examples/widgets/img/../../../src/core/../misc/lv_anim.h **** 
  52:Middlewares/lvgl/examples/widgets/img/../../../src/core/../misc/lv_anim.h **** /** Same as `lv_anim_exec_xcb_t` but receives `lv_anim_t *` as the first parameter.
  53:Middlewares/lvgl/examples/widgets/img/../../../src/core/../misc/lv_anim.h ****  * It's more consistent but less convenient. Might be used by binding generator functions.*/
  54:Middlewares/lvgl/examples/widgets/img/../../../src/core/../misc/lv_anim.h **** typedef void (*lv_anim_custom_exec_cb_t)(struct _lv_anim_t *, int32_t);
  55:Middlewares/lvgl/examples/widgets/img/../../../src/core/../misc/lv_anim.h **** 
  56:Middlewares/lvgl/examples/widgets/img/../../../src/core/../misc/lv_anim.h **** /** Callback to call when the animation is ready*/
  57:Middlewares/lvgl/examples/widgets/img/../../../src/core/../misc/lv_anim.h **** typedef void (*lv_anim_ready_cb_t)(struct _lv_anim_t *);
ARM GAS  /tmp/cc3vFJG0.s 			page 8


  58:Middlewares/lvgl/examples/widgets/img/../../../src/core/../misc/lv_anim.h **** 
  59:Middlewares/lvgl/examples/widgets/img/../../../src/core/../misc/lv_anim.h **** /** Callback to call when the animation really stars (considering `delay`)*/
  60:Middlewares/lvgl/examples/widgets/img/../../../src/core/../misc/lv_anim.h **** typedef void (*lv_anim_start_cb_t)(struct _lv_anim_t *);
  61:Middlewares/lvgl/examples/widgets/img/../../../src/core/../misc/lv_anim.h **** 
  62:Middlewares/lvgl/examples/widgets/img/../../../src/core/../misc/lv_anim.h **** /** Callback used when the animation values are relative to get the current value*/
  63:Middlewares/lvgl/examples/widgets/img/../../../src/core/../misc/lv_anim.h **** typedef int32_t (*lv_anim_get_value_cb_t)(struct _lv_anim_t *);
  64:Middlewares/lvgl/examples/widgets/img/../../../src/core/../misc/lv_anim.h **** 
  65:Middlewares/lvgl/examples/widgets/img/../../../src/core/../misc/lv_anim.h **** /** Describes an animation*/
  66:Middlewares/lvgl/examples/widgets/img/../../../src/core/../misc/lv_anim.h **** typedef struct _lv_anim_t {
  67:Middlewares/lvgl/examples/widgets/img/../../../src/core/../misc/lv_anim.h ****     void * var;                          /**<Variable to animate*/
  68:Middlewares/lvgl/examples/widgets/img/../../../src/core/../misc/lv_anim.h ****     lv_anim_exec_xcb_t exec_cb;          /**< Function to execute to animate*/
  69:Middlewares/lvgl/examples/widgets/img/../../../src/core/../misc/lv_anim.h ****     lv_anim_start_cb_t start_cb;         /**< Call it when the animation is starts (considering `de
  70:Middlewares/lvgl/examples/widgets/img/../../../src/core/../misc/lv_anim.h ****     lv_anim_ready_cb_t ready_cb;         /**< Call it when the animation is ready*/
  71:Middlewares/lvgl/examples/widgets/img/../../../src/core/../misc/lv_anim.h ****     lv_anim_get_value_cb_t get_value_cb; /**< Get the current value in relative mode*/
  72:Middlewares/lvgl/examples/widgets/img/../../../src/core/../misc/lv_anim.h **** #if LV_USE_USER_DATA
  73:Middlewares/lvgl/examples/widgets/img/../../../src/core/../misc/lv_anim.h ****     void * user_data; /**< Custom user data*/
  74:Middlewares/lvgl/examples/widgets/img/../../../src/core/../misc/lv_anim.h **** #endif
  75:Middlewares/lvgl/examples/widgets/img/../../../src/core/../misc/lv_anim.h ****     lv_anim_path_cb_t path_cb;         /**< Describe the path (curve) of animations*/
  76:Middlewares/lvgl/examples/widgets/img/../../../src/core/../misc/lv_anim.h ****     int32_t start_value;               /**< Start value*/
  77:Middlewares/lvgl/examples/widgets/img/../../../src/core/../misc/lv_anim.h ****     int32_t current_value;             /**< Current value*/
  78:Middlewares/lvgl/examples/widgets/img/../../../src/core/../misc/lv_anim.h ****     int32_t end_value;                 /**< End value*/
  79:Middlewares/lvgl/examples/widgets/img/../../../src/core/../misc/lv_anim.h ****     int32_t time;                /**< Animation time in ms*/
  80:Middlewares/lvgl/examples/widgets/img/../../../src/core/../misc/lv_anim.h ****     int32_t act_time;            /**< Current time in animation. Set to negative to make delay.*/
  81:Middlewares/lvgl/examples/widgets/img/../../../src/core/../misc/lv_anim.h ****     uint32_t playback_delay;     /**< Wait before play back*/
  82:Middlewares/lvgl/examples/widgets/img/../../../src/core/../misc/lv_anim.h ****     uint32_t playback_time;      /**< Duration of playback animation*/
  83:Middlewares/lvgl/examples/widgets/img/../../../src/core/../misc/lv_anim.h ****     uint32_t repeat_delay;       /**< Wait before repeat*/
  84:Middlewares/lvgl/examples/widgets/img/../../../src/core/../misc/lv_anim.h ****     uint16_t repeat_cnt;         /**< Repeat count for the animation*/
  85:Middlewares/lvgl/examples/widgets/img/../../../src/core/../misc/lv_anim.h ****     uint8_t early_apply  : 1;    /**< 1: Apply start value immediately even is there is `delay`*/
  86:Middlewares/lvgl/examples/widgets/img/../../../src/core/../misc/lv_anim.h **** 
  87:Middlewares/lvgl/examples/widgets/img/../../../src/core/../misc/lv_anim.h ****     /*Animation system use these - user shouldn't set*/
  88:Middlewares/lvgl/examples/widgets/img/../../../src/core/../misc/lv_anim.h ****     uint8_t playback_now : 1; /**< Play back is in progress*/
  89:Middlewares/lvgl/examples/widgets/img/../../../src/core/../misc/lv_anim.h ****     uint8_t run_round : 1;    /**< Indicates the animation has run in this round*/
  90:Middlewares/lvgl/examples/widgets/img/../../../src/core/../misc/lv_anim.h ****     uint8_t start_cb_called : 1;    /**< Indicates that the `start_cb` was already called*/
  91:Middlewares/lvgl/examples/widgets/img/../../../src/core/../misc/lv_anim.h ****     uint32_t time_orig;
  92:Middlewares/lvgl/examples/widgets/img/../../../src/core/../misc/lv_anim.h **** } lv_anim_t;
  93:Middlewares/lvgl/examples/widgets/img/../../../src/core/../misc/lv_anim.h **** 
  94:Middlewares/lvgl/examples/widgets/img/../../../src/core/../misc/lv_anim.h **** /**********************
  95:Middlewares/lvgl/examples/widgets/img/../../../src/core/../misc/lv_anim.h ****  * GLOBAL PROTOTYPES
  96:Middlewares/lvgl/examples/widgets/img/../../../src/core/../misc/lv_anim.h ****  **********************/
  97:Middlewares/lvgl/examples/widgets/img/../../../src/core/../misc/lv_anim.h **** 
  98:Middlewares/lvgl/examples/widgets/img/../../../src/core/../misc/lv_anim.h **** /**
  99:Middlewares/lvgl/examples/widgets/img/../../../src/core/../misc/lv_anim.h ****  * Init. the animation module
 100:Middlewares/lvgl/examples/widgets/img/../../../src/core/../misc/lv_anim.h ****  */
 101:Middlewares/lvgl/examples/widgets/img/../../../src/core/../misc/lv_anim.h **** void _lv_anim_core_init(void);
 102:Middlewares/lvgl/examples/widgets/img/../../../src/core/../misc/lv_anim.h **** 
 103:Middlewares/lvgl/examples/widgets/img/../../../src/core/../misc/lv_anim.h **** /**
 104:Middlewares/lvgl/examples/widgets/img/../../../src/core/../misc/lv_anim.h ****  * Initialize an animation variable.
 105:Middlewares/lvgl/examples/widgets/img/../../../src/core/../misc/lv_anim.h ****  * E.g.:
 106:Middlewares/lvgl/examples/widgets/img/../../../src/core/../misc/lv_anim.h ****  * lv_anim_t a;
 107:Middlewares/lvgl/examples/widgets/img/../../../src/core/../misc/lv_anim.h ****  * lv_anim_init(&a);
 108:Middlewares/lvgl/examples/widgets/img/../../../src/core/../misc/lv_anim.h ****  * lv_anim_set_...(&a);
 109:Middlewares/lvgl/examples/widgets/img/../../../src/core/../misc/lv_anim.h ****  * lv_anim_start(&a);
 110:Middlewares/lvgl/examples/widgets/img/../../../src/core/../misc/lv_anim.h ****  * @param a     pointer to an `lv_anim_t` variable to initialize
 111:Middlewares/lvgl/examples/widgets/img/../../../src/core/../misc/lv_anim.h ****  */
 112:Middlewares/lvgl/examples/widgets/img/../../../src/core/../misc/lv_anim.h **** void lv_anim_init(lv_anim_t * a);
 113:Middlewares/lvgl/examples/widgets/img/../../../src/core/../misc/lv_anim.h **** 
 114:Middlewares/lvgl/examples/widgets/img/../../../src/core/../misc/lv_anim.h **** /**
ARM GAS  /tmp/cc3vFJG0.s 			page 9


 115:Middlewares/lvgl/examples/widgets/img/../../../src/core/../misc/lv_anim.h ****  * Set a variable to animate
 116:Middlewares/lvgl/examples/widgets/img/../../../src/core/../misc/lv_anim.h ****  * @param a     pointer to an initialized `lv_anim_t` variable
 117:Middlewares/lvgl/examples/widgets/img/../../../src/core/../misc/lv_anim.h ****  * @param var   pointer to a variable to animate
 118:Middlewares/lvgl/examples/widgets/img/../../../src/core/../misc/lv_anim.h ****  */
 119:Middlewares/lvgl/examples/widgets/img/../../../src/core/../misc/lv_anim.h **** static inline void lv_anim_set_var(lv_anim_t * a, void * var)
 148              		.loc 3 119 20 view .LVU24
 149              	.LBB39:
 120:Middlewares/lvgl/examples/widgets/img/../../../src/core/../misc/lv_anim.h **** {
 121:Middlewares/lvgl/examples/widgets/img/../../../src/core/../misc/lv_anim.h ****     a->var = var;
 150              		.loc 3 121 5 view .LVU25
 151              		.loc 3 121 12 is_stmt 0 view .LVU26
 152 0034 0194     		str	r4, [sp, #4]
 153              	.LVL14:
 154              		.loc 3 121 12 view .LVU27
 155              	.LBE39:
 156              	.LBE38:
  31:Middlewares/lvgl/examples/widgets/img/lv_example_img_3.c ****     lv_anim_set_exec_cb(&a, set_angle);
 157              		.loc 1 31 5 is_stmt 1 view .LVU28
 158              	.LBB40:
 159              	.LBI40:
 122:Middlewares/lvgl/examples/widgets/img/../../../src/core/../misc/lv_anim.h **** }
 123:Middlewares/lvgl/examples/widgets/img/../../../src/core/../misc/lv_anim.h **** 
 124:Middlewares/lvgl/examples/widgets/img/../../../src/core/../misc/lv_anim.h **** /**
 125:Middlewares/lvgl/examples/widgets/img/../../../src/core/../misc/lv_anim.h ****  * Set a function to animate `var`
 126:Middlewares/lvgl/examples/widgets/img/../../../src/core/../misc/lv_anim.h ****  * @param a         pointer to an initialized `lv_anim_t` variable
 127:Middlewares/lvgl/examples/widgets/img/../../../src/core/../misc/lv_anim.h ****  * @param exec_cb   a function to execute during animation
 128:Middlewares/lvgl/examples/widgets/img/../../../src/core/../misc/lv_anim.h ****  *                  LVGL's built-in functions can be used.
 129:Middlewares/lvgl/examples/widgets/img/../../../src/core/../misc/lv_anim.h ****  *                  E.g. lv_obj_set_x
 130:Middlewares/lvgl/examples/widgets/img/../../../src/core/../misc/lv_anim.h ****  */
 131:Middlewares/lvgl/examples/widgets/img/../../../src/core/../misc/lv_anim.h **** static inline void lv_anim_set_exec_cb(lv_anim_t * a, lv_anim_exec_xcb_t exec_cb)
 160              		.loc 3 131 20 view .LVU29
 161              	.LBB41:
 132:Middlewares/lvgl/examples/widgets/img/../../../src/core/../misc/lv_anim.h **** {
 133:Middlewares/lvgl/examples/widgets/img/../../../src/core/../misc/lv_anim.h ****     a->exec_cb = exec_cb;
 162              		.loc 3 133 5 view .LVU30
 163              		.loc 3 133 16 is_stmt 0 view .LVU31
 164 0036 124B     		ldr	r3, .L7+4
 165 0038 0293     		str	r3, [sp, #8]
 166              	.LVL15:
 167              		.loc 3 133 16 view .LVU32
 168              	.LBE41:
 169              	.LBE40:
  32:Middlewares/lvgl/examples/widgets/img/lv_example_img_3.c ****     lv_anim_set_values(&a, 0, 3600);
 170              		.loc 1 32 5 is_stmt 1 view .LVU33
 171              	.LBB42:
 172              	.LBI42:
 134:Middlewares/lvgl/examples/widgets/img/../../../src/core/../misc/lv_anim.h **** }
 135:Middlewares/lvgl/examples/widgets/img/../../../src/core/../misc/lv_anim.h **** 
 136:Middlewares/lvgl/examples/widgets/img/../../../src/core/../misc/lv_anim.h **** /**
 137:Middlewares/lvgl/examples/widgets/img/../../../src/core/../misc/lv_anim.h ****  * Set the duration of an animation
 138:Middlewares/lvgl/examples/widgets/img/../../../src/core/../misc/lv_anim.h ****  * @param a         pointer to an initialized `lv_anim_t` variable
 139:Middlewares/lvgl/examples/widgets/img/../../../src/core/../misc/lv_anim.h ****  * @param duration  duration of the animation in milliseconds
 140:Middlewares/lvgl/examples/widgets/img/../../../src/core/../misc/lv_anim.h ****  */
 141:Middlewares/lvgl/examples/widgets/img/../../../src/core/../misc/lv_anim.h **** static inline void lv_anim_set_time(lv_anim_t * a, uint32_t duration)
 142:Middlewares/lvgl/examples/widgets/img/../../../src/core/../misc/lv_anim.h **** {
 143:Middlewares/lvgl/examples/widgets/img/../../../src/core/../misc/lv_anim.h ****     a->time = duration;
 144:Middlewares/lvgl/examples/widgets/img/../../../src/core/../misc/lv_anim.h **** }
ARM GAS  /tmp/cc3vFJG0.s 			page 10


 145:Middlewares/lvgl/examples/widgets/img/../../../src/core/../misc/lv_anim.h **** 
 146:Middlewares/lvgl/examples/widgets/img/../../../src/core/../misc/lv_anim.h **** /**
 147:Middlewares/lvgl/examples/widgets/img/../../../src/core/../misc/lv_anim.h ****  * Set a delay before starting the animation
 148:Middlewares/lvgl/examples/widgets/img/../../../src/core/../misc/lv_anim.h ****  * @param a         pointer to an initialized `lv_anim_t` variable
 149:Middlewares/lvgl/examples/widgets/img/../../../src/core/../misc/lv_anim.h ****  * @param delay     delay before the animation in milliseconds
 150:Middlewares/lvgl/examples/widgets/img/../../../src/core/../misc/lv_anim.h ****  */
 151:Middlewares/lvgl/examples/widgets/img/../../../src/core/../misc/lv_anim.h **** static inline void lv_anim_set_delay(lv_anim_t * a, uint32_t delay)
 152:Middlewares/lvgl/examples/widgets/img/../../../src/core/../misc/lv_anim.h **** {
 153:Middlewares/lvgl/examples/widgets/img/../../../src/core/../misc/lv_anim.h ****     a->act_time = -(int32_t)(delay);
 154:Middlewares/lvgl/examples/widgets/img/../../../src/core/../misc/lv_anim.h **** }
 155:Middlewares/lvgl/examples/widgets/img/../../../src/core/../misc/lv_anim.h **** 
 156:Middlewares/lvgl/examples/widgets/img/../../../src/core/../misc/lv_anim.h **** /**
 157:Middlewares/lvgl/examples/widgets/img/../../../src/core/../misc/lv_anim.h ****  * Set the start and end values of an animation
 158:Middlewares/lvgl/examples/widgets/img/../../../src/core/../misc/lv_anim.h ****  * @param a         pointer to an initialized `lv_anim_t` variable
 159:Middlewares/lvgl/examples/widgets/img/../../../src/core/../misc/lv_anim.h ****  * @param start     the start value
 160:Middlewares/lvgl/examples/widgets/img/../../../src/core/../misc/lv_anim.h ****  * @param end       the end value
 161:Middlewares/lvgl/examples/widgets/img/../../../src/core/../misc/lv_anim.h ****  */
 162:Middlewares/lvgl/examples/widgets/img/../../../src/core/../misc/lv_anim.h **** static inline void lv_anim_set_values(lv_anim_t * a, int32_t start, int32_t end)
 173              		.loc 3 162 20 view .LVU34
 174              	.LBB43:
 163:Middlewares/lvgl/examples/widgets/img/../../../src/core/../misc/lv_anim.h **** {
 164:Middlewares/lvgl/examples/widgets/img/../../../src/core/../misc/lv_anim.h ****     a->start_value = start;
 175              		.loc 3 164 5 view .LVU35
 176              		.loc 3 164 20 is_stmt 0 view .LVU36
 177 003a 0023     		movs	r3, #0
 178 003c 0893     		str	r3, [sp, #32]
 165:Middlewares/lvgl/examples/widgets/img/../../../src/core/../misc/lv_anim.h ****     a->current_value = start;
 179              		.loc 3 165 5 is_stmt 1 view .LVU37
 180              		.loc 3 165 22 is_stmt 0 view .LVU38
 181 003e 0993     		str	r3, [sp, #36]
 166:Middlewares/lvgl/examples/widgets/img/../../../src/core/../misc/lv_anim.h ****     a->end_value = end;
 182              		.loc 3 166 5 is_stmt 1 view .LVU39
 183              		.loc 3 166 18 is_stmt 0 view .LVU40
 184 0040 4FF46163 		mov	r3, #3600
 185 0044 0A93     		str	r3, [sp, #40]
 186              	.LVL16:
 187              		.loc 3 166 18 view .LVU41
 188              	.LBE43:
 189              	.LBE42:
  33:Middlewares/lvgl/examples/widgets/img/lv_example_img_3.c ****     lv_anim_set_time(&a, 5000);
 190              		.loc 1 33 5 is_stmt 1 view .LVU42
 191              	.LBB44:
 192              	.LBI44:
 141:Middlewares/lvgl/examples/widgets/img/../../../src/core/../misc/lv_anim.h **** {
 193              		.loc 3 141 20 view .LVU43
 194              	.LBB45:
 143:Middlewares/lvgl/examples/widgets/img/../../../src/core/../misc/lv_anim.h **** }
 195              		.loc 3 143 5 view .LVU44
 143:Middlewares/lvgl/examples/widgets/img/../../../src/core/../misc/lv_anim.h **** }
 196              		.loc 3 143 13 is_stmt 0 view .LVU45
 197 0046 41F28833 		movw	r3, #5000
 198 004a 0B93     		str	r3, [sp, #44]
 199              	.LVL17:
 143:Middlewares/lvgl/examples/widgets/img/../../../src/core/../misc/lv_anim.h **** }
 200              		.loc 3 143 13 view .LVU46
 201              	.LBE45:
 202              	.LBE44:
ARM GAS  /tmp/cc3vFJG0.s 			page 11


  34:Middlewares/lvgl/examples/widgets/img/lv_example_img_3.c ****     lv_anim_set_repeat_count(&a, LV_ANIM_REPEAT_INFINITE);
 203              		.loc 1 34 5 is_stmt 1 view .LVU47
 204              	.LBB46:
 205              	.LBI46:
 167:Middlewares/lvgl/examples/widgets/img/../../../src/core/../misc/lv_anim.h **** }
 168:Middlewares/lvgl/examples/widgets/img/../../../src/core/../misc/lv_anim.h **** 
 169:Middlewares/lvgl/examples/widgets/img/../../../src/core/../misc/lv_anim.h **** /**
 170:Middlewares/lvgl/examples/widgets/img/../../../src/core/../misc/lv_anim.h ****  * Similar to `lv_anim_set_exec_cb` but `lv_anim_custom_exec_cb_t` receives
 171:Middlewares/lvgl/examples/widgets/img/../../../src/core/../misc/lv_anim.h ****  * `lv_anim_t * ` as its first parameter instead of `void *`.
 172:Middlewares/lvgl/examples/widgets/img/../../../src/core/../misc/lv_anim.h ****  * This function might be used when LVGL is binded to other languages because
 173:Middlewares/lvgl/examples/widgets/img/../../../src/core/../misc/lv_anim.h ****  * it's more consistent to have `lv_anim_t *` as first parameter.
 174:Middlewares/lvgl/examples/widgets/img/../../../src/core/../misc/lv_anim.h ****  * The variable to animate can be stored in the animation's `user_sata`
 175:Middlewares/lvgl/examples/widgets/img/../../../src/core/../misc/lv_anim.h ****  * @param a         pointer to an initialized `lv_anim_t` variable
 176:Middlewares/lvgl/examples/widgets/img/../../../src/core/../misc/lv_anim.h ****  * @param exec_cb   a function to execute.
 177:Middlewares/lvgl/examples/widgets/img/../../../src/core/../misc/lv_anim.h ****  */
 178:Middlewares/lvgl/examples/widgets/img/../../../src/core/../misc/lv_anim.h **** static inline void lv_anim_set_custom_exec_cb(lv_anim_t * a, lv_anim_custom_exec_cb_t exec_cb)
 179:Middlewares/lvgl/examples/widgets/img/../../../src/core/../misc/lv_anim.h **** {
 180:Middlewares/lvgl/examples/widgets/img/../../../src/core/../misc/lv_anim.h ****     a->var     = a;
 181:Middlewares/lvgl/examples/widgets/img/../../../src/core/../misc/lv_anim.h ****     a->exec_cb = (lv_anim_exec_xcb_t)exec_cb;
 182:Middlewares/lvgl/examples/widgets/img/../../../src/core/../misc/lv_anim.h **** }
 183:Middlewares/lvgl/examples/widgets/img/../../../src/core/../misc/lv_anim.h **** 
 184:Middlewares/lvgl/examples/widgets/img/../../../src/core/../misc/lv_anim.h **** /**
 185:Middlewares/lvgl/examples/widgets/img/../../../src/core/../misc/lv_anim.h ****  * Set the path (curve) of the animation.
 186:Middlewares/lvgl/examples/widgets/img/../../../src/core/../misc/lv_anim.h ****  * @param a         pointer to an initialized `lv_anim_t` variable
 187:Middlewares/lvgl/examples/widgets/img/../../../src/core/../misc/lv_anim.h ****  * @param path_cb a function the get the current value of the animation.
 188:Middlewares/lvgl/examples/widgets/img/../../../src/core/../misc/lv_anim.h ****  */
 189:Middlewares/lvgl/examples/widgets/img/../../../src/core/../misc/lv_anim.h **** static inline void lv_anim_set_path_cb(lv_anim_t * a, lv_anim_path_cb_t path_cb)
 190:Middlewares/lvgl/examples/widgets/img/../../../src/core/../misc/lv_anim.h **** {
 191:Middlewares/lvgl/examples/widgets/img/../../../src/core/../misc/lv_anim.h ****     a->path_cb = path_cb;
 192:Middlewares/lvgl/examples/widgets/img/../../../src/core/../misc/lv_anim.h **** }
 193:Middlewares/lvgl/examples/widgets/img/../../../src/core/../misc/lv_anim.h **** 
 194:Middlewares/lvgl/examples/widgets/img/../../../src/core/../misc/lv_anim.h **** /**
 195:Middlewares/lvgl/examples/widgets/img/../../../src/core/../misc/lv_anim.h ****  * Set a function call when the animation really starts (considering `delay`)
 196:Middlewares/lvgl/examples/widgets/img/../../../src/core/../misc/lv_anim.h ****  * @param a         pointer to an initialized `lv_anim_t` variable
 197:Middlewares/lvgl/examples/widgets/img/../../../src/core/../misc/lv_anim.h ****  * @param start_cb  a function call when the animation starts
 198:Middlewares/lvgl/examples/widgets/img/../../../src/core/../misc/lv_anim.h ****  */
 199:Middlewares/lvgl/examples/widgets/img/../../../src/core/../misc/lv_anim.h **** static inline void lv_anim_set_start_cb(lv_anim_t * a, lv_anim_ready_cb_t start_cb)
 200:Middlewares/lvgl/examples/widgets/img/../../../src/core/../misc/lv_anim.h **** {
 201:Middlewares/lvgl/examples/widgets/img/../../../src/core/../misc/lv_anim.h ****     a->start_cb = start_cb;
 202:Middlewares/lvgl/examples/widgets/img/../../../src/core/../misc/lv_anim.h **** }
 203:Middlewares/lvgl/examples/widgets/img/../../../src/core/../misc/lv_anim.h **** 
 204:Middlewares/lvgl/examples/widgets/img/../../../src/core/../misc/lv_anim.h **** /**
 205:Middlewares/lvgl/examples/widgets/img/../../../src/core/../misc/lv_anim.h ****  * Set a function to use the current value of the variable and make start and end value
 206:Middlewares/lvgl/examples/widgets/img/../../../src/core/../misc/lv_anim.h ****  * relative the the returned current value.
 207:Middlewares/lvgl/examples/widgets/img/../../../src/core/../misc/lv_anim.h ****  * @param a             pointer to an initialized `lv_anim_t` variable
 208:Middlewares/lvgl/examples/widgets/img/../../../src/core/../misc/lv_anim.h ****  * @param get_value_cb  a function call when the animation starts
 209:Middlewares/lvgl/examples/widgets/img/../../../src/core/../misc/lv_anim.h ****  */
 210:Middlewares/lvgl/examples/widgets/img/../../../src/core/../misc/lv_anim.h **** static inline void lv_anim_set_get_value_cb(lv_anim_t * a, lv_anim_get_value_cb_t get_value_cb)
 211:Middlewares/lvgl/examples/widgets/img/../../../src/core/../misc/lv_anim.h **** {
 212:Middlewares/lvgl/examples/widgets/img/../../../src/core/../misc/lv_anim.h ****     a->get_value_cb = get_value_cb;
 213:Middlewares/lvgl/examples/widgets/img/../../../src/core/../misc/lv_anim.h **** }
 214:Middlewares/lvgl/examples/widgets/img/../../../src/core/../misc/lv_anim.h **** 
 215:Middlewares/lvgl/examples/widgets/img/../../../src/core/../misc/lv_anim.h **** /**
 216:Middlewares/lvgl/examples/widgets/img/../../../src/core/../misc/lv_anim.h ****  * Set a function call when the animation is ready
 217:Middlewares/lvgl/examples/widgets/img/../../../src/core/../misc/lv_anim.h ****  * @param a         pointer to an initialized `lv_anim_t` variable
 218:Middlewares/lvgl/examples/widgets/img/../../../src/core/../misc/lv_anim.h ****  * @param ready_cb  a function call when the animation is ready
 219:Middlewares/lvgl/examples/widgets/img/../../../src/core/../misc/lv_anim.h ****  */
ARM GAS  /tmp/cc3vFJG0.s 			page 12


 220:Middlewares/lvgl/examples/widgets/img/../../../src/core/../misc/lv_anim.h **** static inline void lv_anim_set_ready_cb(lv_anim_t * a, lv_anim_ready_cb_t ready_cb)
 221:Middlewares/lvgl/examples/widgets/img/../../../src/core/../misc/lv_anim.h **** {
 222:Middlewares/lvgl/examples/widgets/img/../../../src/core/../misc/lv_anim.h ****     a->ready_cb = ready_cb;
 223:Middlewares/lvgl/examples/widgets/img/../../../src/core/../misc/lv_anim.h **** }
 224:Middlewares/lvgl/examples/widgets/img/../../../src/core/../misc/lv_anim.h **** /**
 225:Middlewares/lvgl/examples/widgets/img/../../../src/core/../misc/lv_anim.h ****  * Make the animation to play back to when the forward direction is ready
 226:Middlewares/lvgl/examples/widgets/img/../../../src/core/../misc/lv_anim.h ****  * @param a         pointer to an initialized `lv_anim_t` variable
 227:Middlewares/lvgl/examples/widgets/img/../../../src/core/../misc/lv_anim.h ****  * @param time      the duration of the playback animation in in milliseconds. 0: disable playback
 228:Middlewares/lvgl/examples/widgets/img/../../../src/core/../misc/lv_anim.h ****  */
 229:Middlewares/lvgl/examples/widgets/img/../../../src/core/../misc/lv_anim.h **** static inline void lv_anim_set_playback_time(lv_anim_t * a, uint32_t time)
 230:Middlewares/lvgl/examples/widgets/img/../../../src/core/../misc/lv_anim.h **** {
 231:Middlewares/lvgl/examples/widgets/img/../../../src/core/../misc/lv_anim.h ****     a->playback_time = time;
 232:Middlewares/lvgl/examples/widgets/img/../../../src/core/../misc/lv_anim.h **** }
 233:Middlewares/lvgl/examples/widgets/img/../../../src/core/../misc/lv_anim.h **** 
 234:Middlewares/lvgl/examples/widgets/img/../../../src/core/../misc/lv_anim.h **** /**
 235:Middlewares/lvgl/examples/widgets/img/../../../src/core/../misc/lv_anim.h ****  * Make the animation to play back to when the forward direction is ready
 236:Middlewares/lvgl/examples/widgets/img/../../../src/core/../misc/lv_anim.h ****  * @param a         pointer to an initialized `lv_anim_t` variable
 237:Middlewares/lvgl/examples/widgets/img/../../../src/core/../misc/lv_anim.h ****  * @param delay     delay in milliseconds before starting the playback animation.
 238:Middlewares/lvgl/examples/widgets/img/../../../src/core/../misc/lv_anim.h ****  */
 239:Middlewares/lvgl/examples/widgets/img/../../../src/core/../misc/lv_anim.h **** static inline void lv_anim_set_playback_delay(lv_anim_t * a, uint32_t delay)
 240:Middlewares/lvgl/examples/widgets/img/../../../src/core/../misc/lv_anim.h **** {
 241:Middlewares/lvgl/examples/widgets/img/../../../src/core/../misc/lv_anim.h ****     a->playback_delay = delay;
 242:Middlewares/lvgl/examples/widgets/img/../../../src/core/../misc/lv_anim.h **** }
 243:Middlewares/lvgl/examples/widgets/img/../../../src/core/../misc/lv_anim.h **** 
 244:Middlewares/lvgl/examples/widgets/img/../../../src/core/../misc/lv_anim.h **** /**
 245:Middlewares/lvgl/examples/widgets/img/../../../src/core/../misc/lv_anim.h ****  * Make the animation repeat itself.
 246:Middlewares/lvgl/examples/widgets/img/../../../src/core/../misc/lv_anim.h ****  * @param a         pointer to an initialized `lv_anim_t` variable
 247:Middlewares/lvgl/examples/widgets/img/../../../src/core/../misc/lv_anim.h ****  * @param cnt       repeat count or `LV_ANIM_REPEAT_INFINITE` for infinite repetition. 0: to disabl
 248:Middlewares/lvgl/examples/widgets/img/../../../src/core/../misc/lv_anim.h ****  */
 249:Middlewares/lvgl/examples/widgets/img/../../../src/core/../misc/lv_anim.h **** static inline void lv_anim_set_repeat_count(lv_anim_t * a, uint16_t cnt)
 206              		.loc 3 249 20 view .LVU48
 207              	.LBB47:
 250:Middlewares/lvgl/examples/widgets/img/../../../src/core/../misc/lv_anim.h **** {
 251:Middlewares/lvgl/examples/widgets/img/../../../src/core/../misc/lv_anim.h ****     a->repeat_cnt = cnt;
 208              		.loc 3 251 5 view .LVU49
 209              		.loc 3 251 19 is_stmt 0 view .LVU50
 210 004c 4FF6FF73 		movw	r3, #65535
 211 0050 ADF84030 		strh	r3, [sp, #64]	@ movhi
 212              	.LVL18:
 213              		.loc 3 251 19 view .LVU51
 214              	.LBE47:
 215              	.LBE46:
  35:Middlewares/lvgl/examples/widgets/img/lv_example_img_3.c ****     lv_anim_start(&a);
 216              		.loc 1 35 5 is_stmt 1 view .LVU52
 217 0054 01A8     		add	r0, sp, #4
 218 0056 FFF7FEFF 		bl	lv_anim_start
 219              	.LVL19:
  36:Middlewares/lvgl/examples/widgets/img/lv_example_img_3.c **** 
  37:Middlewares/lvgl/examples/widgets/img/lv_example_img_3.c ****     lv_anim_set_exec_cb(&a, set_zoom);
 220              		.loc 1 37 5 view .LVU53
 221              	.LBB48:
 222              	.LBI48:
 131:Middlewares/lvgl/examples/widgets/img/../../../src/core/../misc/lv_anim.h **** {
 223              		.loc 3 131 20 view .LVU54
 224              	.LBB49:
 133:Middlewares/lvgl/examples/widgets/img/../../../src/core/../misc/lv_anim.h **** }
 225              		.loc 3 133 5 view .LVU55
ARM GAS  /tmp/cc3vFJG0.s 			page 13


 133:Middlewares/lvgl/examples/widgets/img/../../../src/core/../misc/lv_anim.h **** }
 226              		.loc 3 133 16 is_stmt 0 view .LVU56
 227 005a 0A4B     		ldr	r3, .L7+8
 228 005c 0293     		str	r3, [sp, #8]
 229              	.LVL20:
 133:Middlewares/lvgl/examples/widgets/img/../../../src/core/../misc/lv_anim.h **** }
 230              		.loc 3 133 16 view .LVU57
 231              	.LBE49:
 232              	.LBE48:
  38:Middlewares/lvgl/examples/widgets/img/lv_example_img_3.c ****     lv_anim_set_values(&a, 128, 256);
 233              		.loc 1 38 5 is_stmt 1 view .LVU58
 234              	.LBB50:
 235              	.LBI50:
 162:Middlewares/lvgl/examples/widgets/img/../../../src/core/../misc/lv_anim.h **** {
 236              		.loc 3 162 20 view .LVU59
 237              	.LBB51:
 164:Middlewares/lvgl/examples/widgets/img/../../../src/core/../misc/lv_anim.h ****     a->current_value = start;
 238              		.loc 3 164 5 view .LVU60
 164:Middlewares/lvgl/examples/widgets/img/../../../src/core/../misc/lv_anim.h ****     a->current_value = start;
 239              		.loc 3 164 20 is_stmt 0 view .LVU61
 240 005e 8023     		movs	r3, #128
 241 0060 0893     		str	r3, [sp, #32]
 165:Middlewares/lvgl/examples/widgets/img/../../../src/core/../misc/lv_anim.h ****     a->end_value = end;
 242              		.loc 3 165 5 is_stmt 1 view .LVU62
 165:Middlewares/lvgl/examples/widgets/img/../../../src/core/../misc/lv_anim.h ****     a->end_value = end;
 243              		.loc 3 165 22 is_stmt 0 view .LVU63
 244 0062 0993     		str	r3, [sp, #36]
 166:Middlewares/lvgl/examples/widgets/img/../../../src/core/../misc/lv_anim.h **** }
 245              		.loc 3 166 5 is_stmt 1 view .LVU64
 166:Middlewares/lvgl/examples/widgets/img/../../../src/core/../misc/lv_anim.h **** }
 246              		.loc 3 166 18 is_stmt 0 view .LVU65
 247 0064 4FF48073 		mov	r3, #256
 248 0068 0A93     		str	r3, [sp, #40]
 249              	.LVL21:
 166:Middlewares/lvgl/examples/widgets/img/../../../src/core/../misc/lv_anim.h **** }
 250              		.loc 3 166 18 view .LVU66
 251              	.LBE51:
 252              	.LBE50:
  39:Middlewares/lvgl/examples/widgets/img/lv_example_img_3.c ****     lv_anim_set_playback_time(&a, 3000);
 253              		.loc 1 39 5 is_stmt 1 view .LVU67
 254              	.LBB52:
 255              	.LBI52:
 229:Middlewares/lvgl/examples/widgets/img/../../../src/core/../misc/lv_anim.h **** {
 256              		.loc 3 229 20 view .LVU68
 257              	.LBB53:
 231:Middlewares/lvgl/examples/widgets/img/../../../src/core/../misc/lv_anim.h **** }
 258              		.loc 3 231 5 view .LVU69
 231:Middlewares/lvgl/examples/widgets/img/../../../src/core/../misc/lv_anim.h **** }
 259              		.loc 3 231 22 is_stmt 0 view .LVU70
 260 006a 40F6B833 		movw	r3, #3000
 261 006e 0E93     		str	r3, [sp, #56]
 262              	.LVL22:
 231:Middlewares/lvgl/examples/widgets/img/../../../src/core/../misc/lv_anim.h **** }
 263              		.loc 3 231 22 view .LVU71
 264              	.LBE53:
 265              	.LBE52:
  40:Middlewares/lvgl/examples/widgets/img/lv_example_img_3.c ****     lv_anim_start(&a);
ARM GAS  /tmp/cc3vFJG0.s 			page 14


 266              		.loc 1 40 5 is_stmt 1 view .LVU72
 267 0070 01A8     		add	r0, sp, #4
 268 0072 FFF7FEFF 		bl	lv_anim_start
 269              	.LVL23:
  41:Middlewares/lvgl/examples/widgets/img/lv_example_img_3.c **** 
  42:Middlewares/lvgl/examples/widgets/img/lv_example_img_3.c **** }
 270              		.loc 1 42 1 is_stmt 0 view .LVU73
 271 0076 12B0     		add	sp, sp, #72
 272              	.LCFI4:
 273              		.cfi_def_cfa_offset 8
 274              		@ sp needed
 275 0078 10BD     		pop	{r4, pc}
 276              	.LVL24:
 277              	.L8:
 278              		.loc 1 42 1 view .LVU74
 279 007a 00BF     		.align	2
 280              	.L7:
 281 007c 00000000 		.word	img_cogwheel_argb
 282 0080 00000000 		.word	set_angle
 283 0084 00000000 		.word	set_zoom
 284              		.cfi_endproc
 285              	.LFE186:
 287              		.text
 288              	.Letext0:
 289              		.file 4 "/home/akinya/gcc-arm-none-eabi/arm-none-eabi/include/machine/_default_types.h"
 290              		.file 5 "/home/akinya/gcc-arm-none-eabi/arm-none-eabi/include/sys/_stdint.h"
 291              		.file 6 "Middlewares/lvgl/examples/widgets/img/../../../src/misc/lv_ll.h"
 292              		.file 7 "Middlewares/lvgl/examples/widgets/img/../../../src/hal/../misc/lv_color.h"
 293              		.file 8 "Middlewares/lvgl/examples/widgets/img/../../../src/hal/../misc/lv_area.h"
 294              		.file 9 "Middlewares/lvgl/examples/widgets/img/../../../src/core/lv_obj.h"
 295              		.file 10 "Middlewares/lvgl/examples/widgets/img/../../../src/core/lv_group.h"
 296              		.file 11 "Middlewares/lvgl/examples/widgets/img/../../../src/core/../misc/lv_style.h"
 297              		.file 12 "Middlewares/lvgl/examples/widgets/img/../../../src/core/lv_obj_scroll.h"
 298              		.file 13 "Middlewares/lvgl/examples/widgets/img/../../../src/core/lv_obj_style.h"
 299              		.file 14 "Middlewares/lvgl/examples/widgets/img/../../../src/core/../draw/lv_img_buf.h"
 300              		.file 15 "Middlewares/lvgl/examples/widgets/img/../../../src/core/lv_obj_class.h"
 301              		.file 16 "Middlewares/lvgl/examples/widgets/img/../../../src/core/lv_event.h"
 302              		.file 17 "Middlewares/lvgl/examples/widgets/img/../../../src/hal/lv_hal_disp.h"
 303              		.file 18 "Middlewares/lvgl/examples/widgets/img/../../../src/widgets/lv_img.h"
 304              		.file 19 "Middlewares/lvgl/examples/widgets/img/../../../src/core/lv_obj_pos.h"
ARM GAS  /tmp/cc3vFJG0.s 			page 15


DEFINED SYMBOLS
                            *ABS*:0000000000000000 lv_example_img_3.c
     /tmp/cc3vFJG0.s:20     .text.set_zoom:0000000000000000 $t
     /tmp/cc3vFJG0.s:25     .text.set_zoom:0000000000000000 set_zoom
     /tmp/cc3vFJG0.s:51     .text.set_angle:0000000000000000 $t
     /tmp/cc3vFJG0.s:56     .text.set_angle:0000000000000000 set_angle
     /tmp/cc3vFJG0.s:81     .text.lv_example_img_3:0000000000000000 $t
     /tmp/cc3vFJG0.s:87     .text.lv_example_img_3:0000000000000000 lv_example_img_3
     /tmp/cc3vFJG0.s:281    .text.lv_example_img_3:000000000000007c $d

UNDEFINED SYMBOLS
lv_img_set_zoom
lv_img_set_angle
lv_disp_get_default
lv_disp_get_scr_act
lv_img_create
lv_img_set_src
lv_obj_align
lv_img_set_pivot
lv_anim_init
lv_anim_start
img_cogwheel_argb
