ARM GAS  /tmp/ccgLLwWq.s 			page 1


   1              		.cpu cortex-m4
   2              		.arch armv7e-m
   3              		.fpu fpv4-sp-d16
   4              		.eabi_attribute 27, 1
   5              		.eabi_attribute 28, 1
   6              		.eabi_attribute 20, 1
   7              		.eabi_attribute 21, 1
   8              		.eabi_attribute 23, 3
   9              		.eabi_attribute 24, 1
  10              		.eabi_attribute 25, 1
  11              		.eabi_attribute 26, 1
  12              		.eabi_attribute 30, 1
  13              		.eabi_attribute 34, 1
  14              		.eabi_attribute 18, 4
  15              		.file	"lv_example_dropdown_3.c"
  16              		.text
  17              	.Ltext0:
  18              		.cfi_sections	.debug_frame
  19              		.section	.text.event_cb,"ax",%progbits
  20              		.align	1
  21              		.syntax unified
  22              		.thumb
  23              		.thumb_func
  25              	event_cb:
  26              	.LVL0:
  27              	.LFB184:
  28              		.file 1 "Middlewares/lvgl/examples/widgets/dropdown/lv_example_dropdown_3.c"
   1:Middlewares/lvgl/examples/widgets/dropdown/lv_example_dropdown_3.c **** #include "../../lv_examples.h"
   2:Middlewares/lvgl/examples/widgets/dropdown/lv_example_dropdown_3.c **** #if LV_USE_DROPDOWN && LV_BUILD_EXAMPLES
   3:Middlewares/lvgl/examples/widgets/dropdown/lv_example_dropdown_3.c **** 
   4:Middlewares/lvgl/examples/widgets/dropdown/lv_example_dropdown_3.c **** static void event_cb(lv_event_t * e)
   5:Middlewares/lvgl/examples/widgets/dropdown/lv_example_dropdown_3.c **** {
  29              		.loc 1 5 1 view -0
  30              		.cfi_startproc
  31              		@ args = 0, pretend = 0, frame = 64
  32              		@ frame_needed = 0, uses_anonymous_args = 0
  33              		.loc 1 5 1 is_stmt 0 view .LVU1
  34 0000 00B5     		push	{lr}
  35              	.LCFI0:
  36              		.cfi_def_cfa_offset 4
  37              		.cfi_offset 14, -4
  38 0002 91B0     		sub	sp, sp, #68
  39              	.LCFI1:
  40              		.cfi_def_cfa_offset 72
   6:Middlewares/lvgl/examples/widgets/dropdown/lv_example_dropdown_3.c ****     lv_obj_t * dropdown = lv_event_get_target(e);
  41              		.loc 1 6 5 is_stmt 1 view .LVU2
  42              		.loc 1 6 27 is_stmt 0 view .LVU3
  43 0004 FFF7FEFF 		bl	lv_event_get_target
  44              	.LVL1:
   7:Middlewares/lvgl/examples/widgets/dropdown/lv_example_dropdown_3.c ****     char buf[64];
  45              		.loc 1 7 5 is_stmt 1 view .LVU4
   8:Middlewares/lvgl/examples/widgets/dropdown/lv_example_dropdown_3.c ****     lv_dropdown_get_selected_str(dropdown, buf, sizeof(buf));
  46              		.loc 1 8 5 view .LVU5
  47 0008 4022     		movs	r2, #64
  48 000a 6946     		mov	r1, sp
  49 000c FFF7FEFF 		bl	lv_dropdown_get_selected_str
  50              	.LVL2:
ARM GAS  /tmp/ccgLLwWq.s 			page 2


   9:Middlewares/lvgl/examples/widgets/dropdown/lv_example_dropdown_3.c ****     LV_LOG_USER("'%s' is selected", buf);
  51              		.loc 1 9 41 view .LVU6
  10:Middlewares/lvgl/examples/widgets/dropdown/lv_example_dropdown_3.c **** }
  52              		.loc 1 10 1 is_stmt 0 view .LVU7
  53 0010 11B0     		add	sp, sp, #68
  54              	.LCFI2:
  55              		.cfi_def_cfa_offset 4
  56              		@ sp needed
  57 0012 5DF804FB 		ldr	pc, [sp], #4
  58              		.cfi_endproc
  59              	.LFE184:
  61              		.section	.rodata.lv_example_dropdown_3.str1.4,"aMS",%progbits,1
  62              		.align	2
  63              	.LC0:
  64 0000 4E657720 		.ascii	"New project\012New file\012Save\012Save as ...\012O"
  64      70726F6A 
  64      6563740A 
  64      4E657720 
  64      66696C65 
  65 0027 70656E20 		.ascii	"pen project\012Recent projects\012Preferences\012Ex"
  65      70726F6A 
  65      6563740A 
  65      52656365 
  65      6E742070 
  66 0051 697400   		.ascii	"it\000"
  67              		.align	2
  68              	.LC1:
  69 0054 4D656E75 		.ascii	"Menu\000"
  69      00
  70              		.section	.text.lv_example_dropdown_3,"ax",%progbits
  71              		.align	1
  72              		.global	lv_example_dropdown_3
  73              		.syntax unified
  74              		.thumb
  75              		.thumb_func
  77              	lv_example_dropdown_3:
  78              	.LFB185:
  11:Middlewares/lvgl/examples/widgets/dropdown/lv_example_dropdown_3.c **** 
  12:Middlewares/lvgl/examples/widgets/dropdown/lv_example_dropdown_3.c **** /**
  13:Middlewares/lvgl/examples/widgets/dropdown/lv_example_dropdown_3.c ****  * Create a menu from a drop-down list and show some drop-down list features and styling
  14:Middlewares/lvgl/examples/widgets/dropdown/lv_example_dropdown_3.c ****  */
  15:Middlewares/lvgl/examples/widgets/dropdown/lv_example_dropdown_3.c **** void lv_example_dropdown_3(void)
  16:Middlewares/lvgl/examples/widgets/dropdown/lv_example_dropdown_3.c **** {
  79              		.loc 1 16 1 is_stmt 1 view -0
  80              		.cfi_startproc
  81              		@ args = 0, pretend = 0, frame = 0
  82              		@ frame_needed = 0, uses_anonymous_args = 0
  83 0000 10B5     		push	{r4, lr}
  84              	.LCFI3:
  85              		.cfi_def_cfa_offset 8
  86              		.cfi_offset 4, -8
  87              		.cfi_offset 14, -4
  17:Middlewares/lvgl/examples/widgets/dropdown/lv_example_dropdown_3.c ****     /*Create a drop down list*/
  18:Middlewares/lvgl/examples/widgets/dropdown/lv_example_dropdown_3.c ****     lv_obj_t * dropdown = lv_dropdown_create(lv_scr_act());
  88              		.loc 1 18 5 view .LVU9
  89              	.LBB4:
  90              	.LBI4:
ARM GAS  /tmp/ccgLLwWq.s 			page 3


  91              		.file 2 "Middlewares/lvgl/examples/widgets/dropdown/../../../src/core/lv_disp.h"
   1:Middlewares/lvgl/examples/widgets/dropdown/../../../src/core/lv_disp.h **** /**
   2:Middlewares/lvgl/examples/widgets/dropdown/../../../src/core/lv_disp.h ****  * @file lv_disp.h
   3:Middlewares/lvgl/examples/widgets/dropdown/../../../src/core/lv_disp.h ****  *
   4:Middlewares/lvgl/examples/widgets/dropdown/../../../src/core/lv_disp.h ****  */
   5:Middlewares/lvgl/examples/widgets/dropdown/../../../src/core/lv_disp.h **** 
   6:Middlewares/lvgl/examples/widgets/dropdown/../../../src/core/lv_disp.h **** #ifndef LV_DISP_H
   7:Middlewares/lvgl/examples/widgets/dropdown/../../../src/core/lv_disp.h **** #define LV_DISP_H
   8:Middlewares/lvgl/examples/widgets/dropdown/../../../src/core/lv_disp.h **** 
   9:Middlewares/lvgl/examples/widgets/dropdown/../../../src/core/lv_disp.h **** #ifdef __cplusplus
  10:Middlewares/lvgl/examples/widgets/dropdown/../../../src/core/lv_disp.h **** extern "C" {
  11:Middlewares/lvgl/examples/widgets/dropdown/../../../src/core/lv_disp.h **** #endif
  12:Middlewares/lvgl/examples/widgets/dropdown/../../../src/core/lv_disp.h **** 
  13:Middlewares/lvgl/examples/widgets/dropdown/../../../src/core/lv_disp.h **** /*********************
  14:Middlewares/lvgl/examples/widgets/dropdown/../../../src/core/lv_disp.h ****  *      INCLUDES
  15:Middlewares/lvgl/examples/widgets/dropdown/../../../src/core/lv_disp.h ****  *********************/
  16:Middlewares/lvgl/examples/widgets/dropdown/../../../src/core/lv_disp.h **** #include "../hal/lv_hal.h"
  17:Middlewares/lvgl/examples/widgets/dropdown/../../../src/core/lv_disp.h **** #include "lv_obj.h"
  18:Middlewares/lvgl/examples/widgets/dropdown/../../../src/core/lv_disp.h **** #include "lv_theme.h"
  19:Middlewares/lvgl/examples/widgets/dropdown/../../../src/core/lv_disp.h **** 
  20:Middlewares/lvgl/examples/widgets/dropdown/../../../src/core/lv_disp.h **** /*********************
  21:Middlewares/lvgl/examples/widgets/dropdown/../../../src/core/lv_disp.h ****  *      DEFINES
  22:Middlewares/lvgl/examples/widgets/dropdown/../../../src/core/lv_disp.h ****  *********************/
  23:Middlewares/lvgl/examples/widgets/dropdown/../../../src/core/lv_disp.h **** 
  24:Middlewares/lvgl/examples/widgets/dropdown/../../../src/core/lv_disp.h **** /**********************
  25:Middlewares/lvgl/examples/widgets/dropdown/../../../src/core/lv_disp.h ****  *      TYPEDEFS
  26:Middlewares/lvgl/examples/widgets/dropdown/../../../src/core/lv_disp.h ****  **********************/
  27:Middlewares/lvgl/examples/widgets/dropdown/../../../src/core/lv_disp.h **** 
  28:Middlewares/lvgl/examples/widgets/dropdown/../../../src/core/lv_disp.h **** typedef enum {
  29:Middlewares/lvgl/examples/widgets/dropdown/../../../src/core/lv_disp.h ****     LV_SCR_LOAD_ANIM_NONE,
  30:Middlewares/lvgl/examples/widgets/dropdown/../../../src/core/lv_disp.h ****     LV_SCR_LOAD_ANIM_OVER_LEFT,
  31:Middlewares/lvgl/examples/widgets/dropdown/../../../src/core/lv_disp.h ****     LV_SCR_LOAD_ANIM_OVER_RIGHT,
  32:Middlewares/lvgl/examples/widgets/dropdown/../../../src/core/lv_disp.h ****     LV_SCR_LOAD_ANIM_OVER_TOP,
  33:Middlewares/lvgl/examples/widgets/dropdown/../../../src/core/lv_disp.h ****     LV_SCR_LOAD_ANIM_OVER_BOTTOM,
  34:Middlewares/lvgl/examples/widgets/dropdown/../../../src/core/lv_disp.h ****     LV_SCR_LOAD_ANIM_MOVE_LEFT,
  35:Middlewares/lvgl/examples/widgets/dropdown/../../../src/core/lv_disp.h ****     LV_SCR_LOAD_ANIM_MOVE_RIGHT,
  36:Middlewares/lvgl/examples/widgets/dropdown/../../../src/core/lv_disp.h ****     LV_SCR_LOAD_ANIM_MOVE_TOP,
  37:Middlewares/lvgl/examples/widgets/dropdown/../../../src/core/lv_disp.h ****     LV_SCR_LOAD_ANIM_MOVE_BOTTOM,
  38:Middlewares/lvgl/examples/widgets/dropdown/../../../src/core/lv_disp.h ****     LV_SCR_LOAD_ANIM_FADE_ON,
  39:Middlewares/lvgl/examples/widgets/dropdown/../../../src/core/lv_disp.h **** } lv_scr_load_anim_t;
  40:Middlewares/lvgl/examples/widgets/dropdown/../../../src/core/lv_disp.h **** 
  41:Middlewares/lvgl/examples/widgets/dropdown/../../../src/core/lv_disp.h **** /**********************
  42:Middlewares/lvgl/examples/widgets/dropdown/../../../src/core/lv_disp.h ****  * GLOBAL PROTOTYPES
  43:Middlewares/lvgl/examples/widgets/dropdown/../../../src/core/lv_disp.h ****  **********************/
  44:Middlewares/lvgl/examples/widgets/dropdown/../../../src/core/lv_disp.h **** 
  45:Middlewares/lvgl/examples/widgets/dropdown/../../../src/core/lv_disp.h **** /**
  46:Middlewares/lvgl/examples/widgets/dropdown/../../../src/core/lv_disp.h ****  * Return with a pointer to the active screen
  47:Middlewares/lvgl/examples/widgets/dropdown/../../../src/core/lv_disp.h ****  * @param disp pointer to display which active screen should be get. (NULL to use the default
  48:Middlewares/lvgl/examples/widgets/dropdown/../../../src/core/lv_disp.h ****  * screen)
  49:Middlewares/lvgl/examples/widgets/dropdown/../../../src/core/lv_disp.h ****  * @return pointer to the active screen object (loaded by 'lv_scr_load()')
  50:Middlewares/lvgl/examples/widgets/dropdown/../../../src/core/lv_disp.h ****  */
  51:Middlewares/lvgl/examples/widgets/dropdown/../../../src/core/lv_disp.h **** lv_obj_t * lv_disp_get_scr_act(lv_disp_t * disp);
  52:Middlewares/lvgl/examples/widgets/dropdown/../../../src/core/lv_disp.h **** 
  53:Middlewares/lvgl/examples/widgets/dropdown/../../../src/core/lv_disp.h **** /**
  54:Middlewares/lvgl/examples/widgets/dropdown/../../../src/core/lv_disp.h ****  * Return with a pointer to the previous screen. Only used during screen transitions.
  55:Middlewares/lvgl/examples/widgets/dropdown/../../../src/core/lv_disp.h ****  * @param disp pointer to display which previous screen should be get. (NULL to use the default
  56:Middlewares/lvgl/examples/widgets/dropdown/../../../src/core/lv_disp.h ****  * screen)
ARM GAS  /tmp/ccgLLwWq.s 			page 4


  57:Middlewares/lvgl/examples/widgets/dropdown/../../../src/core/lv_disp.h ****  * @return pointer to the previous screen object or NULL if not used now
  58:Middlewares/lvgl/examples/widgets/dropdown/../../../src/core/lv_disp.h ****  */
  59:Middlewares/lvgl/examples/widgets/dropdown/../../../src/core/lv_disp.h **** lv_obj_t * lv_disp_get_scr_prev(lv_disp_t * disp);
  60:Middlewares/lvgl/examples/widgets/dropdown/../../../src/core/lv_disp.h **** 
  61:Middlewares/lvgl/examples/widgets/dropdown/../../../src/core/lv_disp.h **** /**
  62:Middlewares/lvgl/examples/widgets/dropdown/../../../src/core/lv_disp.h ****  * Make a screen active
  63:Middlewares/lvgl/examples/widgets/dropdown/../../../src/core/lv_disp.h ****  * @param scr pointer to a screen
  64:Middlewares/lvgl/examples/widgets/dropdown/../../../src/core/lv_disp.h ****  */
  65:Middlewares/lvgl/examples/widgets/dropdown/../../../src/core/lv_disp.h **** void lv_disp_load_scr(lv_obj_t * scr);
  66:Middlewares/lvgl/examples/widgets/dropdown/../../../src/core/lv_disp.h **** 
  67:Middlewares/lvgl/examples/widgets/dropdown/../../../src/core/lv_disp.h **** /**
  68:Middlewares/lvgl/examples/widgets/dropdown/../../../src/core/lv_disp.h ****  * Return with the top layer. (Same on every screen and it is above the normal screen layer)
  69:Middlewares/lvgl/examples/widgets/dropdown/../../../src/core/lv_disp.h ****  * @param disp pointer to display which top layer should be get. (NULL to use the default screen)
  70:Middlewares/lvgl/examples/widgets/dropdown/../../../src/core/lv_disp.h ****  * @return pointer to the top layer object  (transparent screen sized lv_obj)
  71:Middlewares/lvgl/examples/widgets/dropdown/../../../src/core/lv_disp.h ****  */
  72:Middlewares/lvgl/examples/widgets/dropdown/../../../src/core/lv_disp.h **** lv_obj_t * lv_disp_get_layer_top(lv_disp_t * disp);
  73:Middlewares/lvgl/examples/widgets/dropdown/../../../src/core/lv_disp.h **** 
  74:Middlewares/lvgl/examples/widgets/dropdown/../../../src/core/lv_disp.h **** /**
  75:Middlewares/lvgl/examples/widgets/dropdown/../../../src/core/lv_disp.h ****  * Return with the sys. layer. (Same on every screen and it is above the normal screen and the top
  76:Middlewares/lvgl/examples/widgets/dropdown/../../../src/core/lv_disp.h ****  * layer)
  77:Middlewares/lvgl/examples/widgets/dropdown/../../../src/core/lv_disp.h ****  * @param disp pointer to display which sys. layer  should be get. (NULL to use the default screen)
  78:Middlewares/lvgl/examples/widgets/dropdown/../../../src/core/lv_disp.h ****  * @return pointer to the sys layer object  (transparent screen sized lv_obj)
  79:Middlewares/lvgl/examples/widgets/dropdown/../../../src/core/lv_disp.h ****  */
  80:Middlewares/lvgl/examples/widgets/dropdown/../../../src/core/lv_disp.h **** lv_obj_t * lv_disp_get_layer_sys(lv_disp_t * disp);
  81:Middlewares/lvgl/examples/widgets/dropdown/../../../src/core/lv_disp.h **** 
  82:Middlewares/lvgl/examples/widgets/dropdown/../../../src/core/lv_disp.h **** /**
  83:Middlewares/lvgl/examples/widgets/dropdown/../../../src/core/lv_disp.h ****  * Get the theme of a display
  84:Middlewares/lvgl/examples/widgets/dropdown/../../../src/core/lv_disp.h ****  * @param disp pointer to a display
  85:Middlewares/lvgl/examples/widgets/dropdown/../../../src/core/lv_disp.h ****  * @return the display's theme (can be NULL)
  86:Middlewares/lvgl/examples/widgets/dropdown/../../../src/core/lv_disp.h ****  */
  87:Middlewares/lvgl/examples/widgets/dropdown/../../../src/core/lv_disp.h **** void lv_disp_set_theme(lv_disp_t * disp, lv_theme_t * th);
  88:Middlewares/lvgl/examples/widgets/dropdown/../../../src/core/lv_disp.h **** 
  89:Middlewares/lvgl/examples/widgets/dropdown/../../../src/core/lv_disp.h **** /**
  90:Middlewares/lvgl/examples/widgets/dropdown/../../../src/core/lv_disp.h ****  * Get the theme of a display
  91:Middlewares/lvgl/examples/widgets/dropdown/../../../src/core/lv_disp.h ****  * @param disp pointer to a display
  92:Middlewares/lvgl/examples/widgets/dropdown/../../../src/core/lv_disp.h ****  * @return the display's theme (can be NULL)
  93:Middlewares/lvgl/examples/widgets/dropdown/../../../src/core/lv_disp.h ****  */
  94:Middlewares/lvgl/examples/widgets/dropdown/../../../src/core/lv_disp.h **** lv_theme_t * lv_disp_get_theme(lv_disp_t * disp);
  95:Middlewares/lvgl/examples/widgets/dropdown/../../../src/core/lv_disp.h **** 
  96:Middlewares/lvgl/examples/widgets/dropdown/../../../src/core/lv_disp.h **** /**
  97:Middlewares/lvgl/examples/widgets/dropdown/../../../src/core/lv_disp.h ****  * Set the background color of a display
  98:Middlewares/lvgl/examples/widgets/dropdown/../../../src/core/lv_disp.h ****  * @param disp pointer to a display
  99:Middlewares/lvgl/examples/widgets/dropdown/../../../src/core/lv_disp.h ****  * @param color color of the background
 100:Middlewares/lvgl/examples/widgets/dropdown/../../../src/core/lv_disp.h ****  */
 101:Middlewares/lvgl/examples/widgets/dropdown/../../../src/core/lv_disp.h **** void lv_disp_set_bg_color(lv_disp_t * disp, lv_color_t color);
 102:Middlewares/lvgl/examples/widgets/dropdown/../../../src/core/lv_disp.h **** 
 103:Middlewares/lvgl/examples/widgets/dropdown/../../../src/core/lv_disp.h **** /**
 104:Middlewares/lvgl/examples/widgets/dropdown/../../../src/core/lv_disp.h ****  * Set the background image of a display
 105:Middlewares/lvgl/examples/widgets/dropdown/../../../src/core/lv_disp.h ****  * @param disp pointer to a display
 106:Middlewares/lvgl/examples/widgets/dropdown/../../../src/core/lv_disp.h ****  * @param img_src path to file or pointer to an `lv_img_dsc_t` variable
 107:Middlewares/lvgl/examples/widgets/dropdown/../../../src/core/lv_disp.h ****  */
 108:Middlewares/lvgl/examples/widgets/dropdown/../../../src/core/lv_disp.h **** void lv_disp_set_bg_image(lv_disp_t * disp, const void  * img_src);
 109:Middlewares/lvgl/examples/widgets/dropdown/../../../src/core/lv_disp.h **** 
 110:Middlewares/lvgl/examples/widgets/dropdown/../../../src/core/lv_disp.h **** /**
 111:Middlewares/lvgl/examples/widgets/dropdown/../../../src/core/lv_disp.h ****  * Opacity of the background
 112:Middlewares/lvgl/examples/widgets/dropdown/../../../src/core/lv_disp.h ****  * @param disp pointer to a display
 113:Middlewares/lvgl/examples/widgets/dropdown/../../../src/core/lv_disp.h ****  * @param opa opacity (0..255)
ARM GAS  /tmp/ccgLLwWq.s 			page 5


 114:Middlewares/lvgl/examples/widgets/dropdown/../../../src/core/lv_disp.h ****  */
 115:Middlewares/lvgl/examples/widgets/dropdown/../../../src/core/lv_disp.h **** void lv_disp_set_bg_opa(lv_disp_t * disp, lv_opa_t opa);
 116:Middlewares/lvgl/examples/widgets/dropdown/../../../src/core/lv_disp.h **** 
 117:Middlewares/lvgl/examples/widgets/dropdown/../../../src/core/lv_disp.h **** /**
 118:Middlewares/lvgl/examples/widgets/dropdown/../../../src/core/lv_disp.h ****  * Switch screen with animation
 119:Middlewares/lvgl/examples/widgets/dropdown/../../../src/core/lv_disp.h ****  * @param scr pointer to the new screen to load
 120:Middlewares/lvgl/examples/widgets/dropdown/../../../src/core/lv_disp.h ****  * @param anim_type type of the animation from `lv_scr_load_anim_t`. E.g.  `LV_SCR_LOAD_ANIM_MOVE_L
 121:Middlewares/lvgl/examples/widgets/dropdown/../../../src/core/lv_disp.h ****  * @param time time of the animation
 122:Middlewares/lvgl/examples/widgets/dropdown/../../../src/core/lv_disp.h ****  * @param delay delay before the transition
 123:Middlewares/lvgl/examples/widgets/dropdown/../../../src/core/lv_disp.h ****  * @param auto_del true: automatically delete the old screen
 124:Middlewares/lvgl/examples/widgets/dropdown/../../../src/core/lv_disp.h ****  */
 125:Middlewares/lvgl/examples/widgets/dropdown/../../../src/core/lv_disp.h **** void lv_scr_load_anim(lv_obj_t * scr, lv_scr_load_anim_t anim_type, uint32_t time, uint32_t delay, 
 126:Middlewares/lvgl/examples/widgets/dropdown/../../../src/core/lv_disp.h **** 
 127:Middlewares/lvgl/examples/widgets/dropdown/../../../src/core/lv_disp.h **** /**
 128:Middlewares/lvgl/examples/widgets/dropdown/../../../src/core/lv_disp.h ****  * Get elapsed time since last user activity on a display (e.g. click)
 129:Middlewares/lvgl/examples/widgets/dropdown/../../../src/core/lv_disp.h ****  * @param disp pointer to an display (NULL to get the overall smallest inactivity)
 130:Middlewares/lvgl/examples/widgets/dropdown/../../../src/core/lv_disp.h ****  * @return elapsed ticks (milliseconds) since the last activity
 131:Middlewares/lvgl/examples/widgets/dropdown/../../../src/core/lv_disp.h ****  */
 132:Middlewares/lvgl/examples/widgets/dropdown/../../../src/core/lv_disp.h **** uint32_t lv_disp_get_inactive_time(const lv_disp_t * disp);
 133:Middlewares/lvgl/examples/widgets/dropdown/../../../src/core/lv_disp.h **** 
 134:Middlewares/lvgl/examples/widgets/dropdown/../../../src/core/lv_disp.h **** /**
 135:Middlewares/lvgl/examples/widgets/dropdown/../../../src/core/lv_disp.h ****  * Manually trigger an activity on a display
 136:Middlewares/lvgl/examples/widgets/dropdown/../../../src/core/lv_disp.h ****  * @param disp pointer to an display (NULL to use the default display)
 137:Middlewares/lvgl/examples/widgets/dropdown/../../../src/core/lv_disp.h ****  */
 138:Middlewares/lvgl/examples/widgets/dropdown/../../../src/core/lv_disp.h **** void lv_disp_trig_activity(lv_disp_t * disp);
 139:Middlewares/lvgl/examples/widgets/dropdown/../../../src/core/lv_disp.h **** 
 140:Middlewares/lvgl/examples/widgets/dropdown/../../../src/core/lv_disp.h **** /**
 141:Middlewares/lvgl/examples/widgets/dropdown/../../../src/core/lv_disp.h ****  * Clean any CPU cache that is related to the display.
 142:Middlewares/lvgl/examples/widgets/dropdown/../../../src/core/lv_disp.h ****  * @param disp pointer to an display (NULL to use the default display)
 143:Middlewares/lvgl/examples/widgets/dropdown/../../../src/core/lv_disp.h ****  */
 144:Middlewares/lvgl/examples/widgets/dropdown/../../../src/core/lv_disp.h **** void lv_disp_clean_dcache(lv_disp_t * disp);
 145:Middlewares/lvgl/examples/widgets/dropdown/../../../src/core/lv_disp.h **** 
 146:Middlewares/lvgl/examples/widgets/dropdown/../../../src/core/lv_disp.h **** /**
 147:Middlewares/lvgl/examples/widgets/dropdown/../../../src/core/lv_disp.h ****  * Get a pointer to the screen refresher timer to
 148:Middlewares/lvgl/examples/widgets/dropdown/../../../src/core/lv_disp.h ****  * modify its parameters with `lv_timer_...` functions.
 149:Middlewares/lvgl/examples/widgets/dropdown/../../../src/core/lv_disp.h ****  * @param disp pointer to a display
 150:Middlewares/lvgl/examples/widgets/dropdown/../../../src/core/lv_disp.h ****  * @return pointer to the display refresher timer. (NULL on error)
 151:Middlewares/lvgl/examples/widgets/dropdown/../../../src/core/lv_disp.h ****  */
 152:Middlewares/lvgl/examples/widgets/dropdown/../../../src/core/lv_disp.h **** lv_timer_t * _lv_disp_get_refr_timer(lv_disp_t * disp);
 153:Middlewares/lvgl/examples/widgets/dropdown/../../../src/core/lv_disp.h **** 
 154:Middlewares/lvgl/examples/widgets/dropdown/../../../src/core/lv_disp.h **** /*------------------------------------------------
 155:Middlewares/lvgl/examples/widgets/dropdown/../../../src/core/lv_disp.h ****  * To improve backward compatibility
 156:Middlewares/lvgl/examples/widgets/dropdown/../../../src/core/lv_disp.h ****  * Recommended only if you have one display
 157:Middlewares/lvgl/examples/widgets/dropdown/../../../src/core/lv_disp.h ****  *------------------------------------------------*/
 158:Middlewares/lvgl/examples/widgets/dropdown/../../../src/core/lv_disp.h **** 
 159:Middlewares/lvgl/examples/widgets/dropdown/../../../src/core/lv_disp.h **** /**
 160:Middlewares/lvgl/examples/widgets/dropdown/../../../src/core/lv_disp.h ****  * Get the active screen of the default display
 161:Middlewares/lvgl/examples/widgets/dropdown/../../../src/core/lv_disp.h ****  * @return pointer to the active screen
 162:Middlewares/lvgl/examples/widgets/dropdown/../../../src/core/lv_disp.h ****  */
 163:Middlewares/lvgl/examples/widgets/dropdown/../../../src/core/lv_disp.h **** static inline lv_obj_t * lv_scr_act(void)
  92              		.loc 2 163 26 view .LVU10
  93              	.LBB5:
 164:Middlewares/lvgl/examples/widgets/dropdown/../../../src/core/lv_disp.h **** {
 165:Middlewares/lvgl/examples/widgets/dropdown/../../../src/core/lv_disp.h ****     return lv_disp_get_scr_act(lv_disp_get_default());
  94              		.loc 2 165 5 view .LVU11
  95              		.loc 2 165 12 is_stmt 0 view .LVU12
  96 0002 FFF7FEFF 		bl	lv_disp_get_default
ARM GAS  /tmp/ccgLLwWq.s 			page 6


  97              	.LVL3:
  98 0006 FFF7FEFF 		bl	lv_disp_get_scr_act
  99              	.LVL4:
 100              	.LBE5:
 101              	.LBE4:
 102              		.loc 1 18 27 view .LVU13
 103 000a FFF7FEFF 		bl	lv_dropdown_create
 104              	.LVL5:
 105 000e 0446     		mov	r4, r0
 106              	.LVL6:
  19:Middlewares/lvgl/examples/widgets/dropdown/lv_example_dropdown_3.c ****     lv_obj_align(dropdown, LV_ALIGN_TOP_LEFT, 10, 10);
 107              		.loc 1 19 5 is_stmt 1 view .LVU14
 108 0010 0A23     		movs	r3, #10
 109 0012 1A46     		mov	r2, r3
 110 0014 0121     		movs	r1, #1
 111 0016 FFF7FEFF 		bl	lv_obj_align
 112              	.LVL7:
  20:Middlewares/lvgl/examples/widgets/dropdown/lv_example_dropdown_3.c ****     lv_dropdown_set_options(dropdown, "New project\n"
 113              		.loc 1 20 5 view .LVU15
 114 001a 0E49     		ldr	r1, .L5
 115 001c 2046     		mov	r0, r4
 116 001e FFF7FEFF 		bl	lv_dropdown_set_options
 117              	.LVL8:
  21:Middlewares/lvgl/examples/widgets/dropdown/lv_example_dropdown_3.c ****                                       "New file\n"
  22:Middlewares/lvgl/examples/widgets/dropdown/lv_example_dropdown_3.c ****                                       "Save\n"
  23:Middlewares/lvgl/examples/widgets/dropdown/lv_example_dropdown_3.c ****                                       "Save as ...\n"
  24:Middlewares/lvgl/examples/widgets/dropdown/lv_example_dropdown_3.c ****                                       "Open project\n"
  25:Middlewares/lvgl/examples/widgets/dropdown/lv_example_dropdown_3.c ****                                       "Recent projects\n"
  26:Middlewares/lvgl/examples/widgets/dropdown/lv_example_dropdown_3.c ****                                       "Preferences\n"
  27:Middlewares/lvgl/examples/widgets/dropdown/lv_example_dropdown_3.c ****                                       "Exit");
  28:Middlewares/lvgl/examples/widgets/dropdown/lv_example_dropdown_3.c **** 
  29:Middlewares/lvgl/examples/widgets/dropdown/lv_example_dropdown_3.c ****     /*Set a fixed text to display on the button of the drop-down list*/
  30:Middlewares/lvgl/examples/widgets/dropdown/lv_example_dropdown_3.c ****     lv_dropdown_set_text(dropdown, "Menu");
 118              		.loc 1 30 5 view .LVU16
 119 0022 0D49     		ldr	r1, .L5+4
 120 0024 2046     		mov	r0, r4
 121 0026 FFF7FEFF 		bl	lv_dropdown_set_text
 122              	.LVL9:
  31:Middlewares/lvgl/examples/widgets/dropdown/lv_example_dropdown_3.c **** 
  32:Middlewares/lvgl/examples/widgets/dropdown/lv_example_dropdown_3.c ****     /*Use a custom image as down icon and flip it when the list is opened*/
  33:Middlewares/lvgl/examples/widgets/dropdown/lv_example_dropdown_3.c ****     LV_IMG_DECLARE(img_caret_down)
 123              		.loc 1 33 5 view .LVU17
  34:Middlewares/lvgl/examples/widgets/dropdown/lv_example_dropdown_3.c ****     lv_dropdown_set_symbol(dropdown, &img_caret_down);
 124              		.loc 1 34 5 view .LVU18
 125 002a 0C49     		ldr	r1, .L5+8
 126 002c 2046     		mov	r0, r4
 127 002e FFF7FEFF 		bl	lv_dropdown_set_symbol
 128              	.LVL10:
  35:Middlewares/lvgl/examples/widgets/dropdown/lv_example_dropdown_3.c ****     lv_obj_set_style_transform_angle(dropdown, 1800, LV_PART_INDICATOR | LV_STATE_CHECKED);
 129              		.loc 1 35 5 view .LVU19
 130 0032 0B4A     		ldr	r2, .L5+12
 131 0034 4FF4E161 		mov	r1, #1800
 132 0038 2046     		mov	r0, r4
 133 003a FFF7FEFF 		bl	lv_obj_set_style_transform_angle
 134              	.LVL11:
  36:Middlewares/lvgl/examples/widgets/dropdown/lv_example_dropdown_3.c **** 
  37:Middlewares/lvgl/examples/widgets/dropdown/lv_example_dropdown_3.c ****     /*In a menu we don't need to show the last clicked item*/
ARM GAS  /tmp/ccgLLwWq.s 			page 7


  38:Middlewares/lvgl/examples/widgets/dropdown/lv_example_dropdown_3.c ****     lv_dropdown_set_selected_highlight(dropdown, false);
 135              		.loc 1 38 5 view .LVU20
 136 003e 0021     		movs	r1, #0
 137 0040 2046     		mov	r0, r4
 138 0042 FFF7FEFF 		bl	lv_dropdown_set_selected_highlight
 139              	.LVL12:
  39:Middlewares/lvgl/examples/widgets/dropdown/lv_example_dropdown_3.c **** 
  40:Middlewares/lvgl/examples/widgets/dropdown/lv_example_dropdown_3.c ****     lv_obj_add_event_cb(dropdown, event_cb, LV_EVENT_VALUE_CHANGED, NULL);
 140              		.loc 1 40 5 view .LVU21
 141 0046 0023     		movs	r3, #0
 142 0048 1C22     		movs	r2, #28
 143 004a 0649     		ldr	r1, .L5+16
 144 004c 2046     		mov	r0, r4
 145 004e FFF7FEFF 		bl	lv_obj_add_event_cb
 146              	.LVL13:
  41:Middlewares/lvgl/examples/widgets/dropdown/lv_example_dropdown_3.c **** }
 147              		.loc 1 41 1 is_stmt 0 view .LVU22
 148 0052 10BD     		pop	{r4, pc}
 149              	.LVL14:
 150              	.L6:
 151              		.loc 1 41 1 view .LVU23
 152              		.align	2
 153              	.L5:
 154 0054 00000000 		.word	.LC0
 155 0058 54000000 		.word	.LC1
 156 005c 00000000 		.word	img_caret_down
 157 0060 01000200 		.word	131073
 158 0064 00000000 		.word	event_cb
 159              		.cfi_endproc
 160              	.LFE185:
 162              		.text
 163              	.Letext0:
 164              		.file 3 "/home/akinya/gcc-arm-none-eabi/arm-none-eabi/include/machine/_default_types.h"
 165              		.file 4 "/home/akinya/gcc-arm-none-eabi/arm-none-eabi/include/sys/_stdint.h"
 166              		.file 5 "Middlewares/lvgl/examples/widgets/dropdown/../../../src/misc/lv_ll.h"
 167              		.file 6 "Middlewares/lvgl/examples/widgets/dropdown/../../../src/hal/../misc/lv_color.h"
 168              		.file 7 "Middlewares/lvgl/examples/widgets/dropdown/../../../src/hal/../misc/lv_area.h"
 169              		.file 8 "Middlewares/lvgl/examples/widgets/dropdown/../../../src/core/lv_obj.h"
 170              		.file 9 "Middlewares/lvgl/examples/widgets/dropdown/../../../src/core/lv_group.h"
 171              		.file 10 "Middlewares/lvgl/examples/widgets/dropdown/../../../src/core/../misc/lv_style.h"
 172              		.file 11 "Middlewares/lvgl/examples/widgets/dropdown/../../../src/core/lv_obj_scroll.h"
 173              		.file 12 "Middlewares/lvgl/examples/widgets/dropdown/../../../src/core/lv_obj_style.h"
 174              		.file 13 "Middlewares/lvgl/examples/widgets/dropdown/../../../src/core/../draw/lv_img_buf.h"
 175              		.file 14 "Middlewares/lvgl/examples/widgets/dropdown/../../../src/core/lv_obj_class.h"
 176              		.file 15 "Middlewares/lvgl/examples/widgets/dropdown/../../../src/core/lv_event.h"
 177              		.file 16 "Middlewares/lvgl/examples/widgets/dropdown/../../../src/hal/lv_hal_disp.h"
 178              		.file 17 "Middlewares/lvgl/examples/widgets/dropdown/../../../src/widgets/lv_dropdown.h"
 179              		.file 18 "Middlewares/lvgl/examples/widgets/dropdown/../../../src/core/lv_obj_pos.h"
 180              		.file 19 "Middlewares/lvgl/examples/widgets/dropdown/../../../src/core/lv_obj_style_gen.h"
ARM GAS  /tmp/ccgLLwWq.s 			page 8


DEFINED SYMBOLS
                            *ABS*:0000000000000000 lv_example_dropdown_3.c
     /tmp/ccgLLwWq.s:20     .text.event_cb:0000000000000000 $t
     /tmp/ccgLLwWq.s:25     .text.event_cb:0000000000000000 event_cb
     /tmp/ccgLLwWq.s:62     .rodata.lv_example_dropdown_3.str1.4:0000000000000000 $d
     /tmp/ccgLLwWq.s:71     .text.lv_example_dropdown_3:0000000000000000 $t
     /tmp/ccgLLwWq.s:77     .text.lv_example_dropdown_3:0000000000000000 lv_example_dropdown_3
     /tmp/ccgLLwWq.s:154    .text.lv_example_dropdown_3:0000000000000054 $d

UNDEFINED SYMBOLS
lv_event_get_target
lv_dropdown_get_selected_str
lv_disp_get_default
lv_disp_get_scr_act
lv_dropdown_create
lv_obj_align
lv_dropdown_set_options
lv_dropdown_set_text
lv_dropdown_set_symbol
lv_obj_set_style_transform_angle
lv_dropdown_set_selected_highlight
lv_obj_add_event_cb
img_caret_down
