ARM GAS  /tmp/ccith3cY.s 			page 1


   1              		.cpu cortex-m4
   2              		.arch armv7e-m
   3              		.fpu fpv4-sp-d16
   4              		.eabi_attribute 27, 1
   5              		.eabi_attribute 28, 1
   6              		.eabi_attribute 20, 1
   7              		.eabi_attribute 21, 1
   8              		.eabi_attribute 23, 3
   9              		.eabi_attribute 24, 1
  10              		.eabi_attribute 25, 1
  11              		.eabi_attribute 26, 1
  12              		.eabi_attribute 30, 1
  13              		.eabi_attribute 34, 1
  14              		.eabi_attribute 18, 4
  15              		.file	"lv_example_tabview_2.c"
  16              		.text
  17              	.Ltext0:
  18              		.cfi_sections	.debug_frame
  19              		.section	.text.scroll_begin_event,"ax",%progbits
  20              		.align	1
  21              		.syntax unified
  22              		.thumb
  23              		.thumb_func
  25              	scroll_begin_event:
  26              	.LVL0:
  27              	.LFB184:
  28              		.file 1 "Middlewares/lvgl/examples/widgets/tabview/lv_example_tabview_2.c"
   1:Middlewares/lvgl/examples/widgets/tabview/lv_example_tabview_2.c **** #include "../../lv_examples.h"
   2:Middlewares/lvgl/examples/widgets/tabview/lv_example_tabview_2.c **** #if LV_USE_TABVIEW && LV_BUILD_EXAMPLES
   3:Middlewares/lvgl/examples/widgets/tabview/lv_example_tabview_2.c **** 
   4:Middlewares/lvgl/examples/widgets/tabview/lv_example_tabview_2.c **** static void scroll_begin_event(lv_event_t * e)
   5:Middlewares/lvgl/examples/widgets/tabview/lv_example_tabview_2.c **** {
  29              		.loc 1 5 1 view -0
  30              		.cfi_startproc
  31              		@ args = 0, pretend = 0, frame = 0
  32              		@ frame_needed = 0, uses_anonymous_args = 0
  33              		.loc 1 5 1 is_stmt 0 view .LVU1
  34 0000 10B5     		push	{r4, lr}
  35              	.LCFI0:
  36              		.cfi_def_cfa_offset 8
  37              		.cfi_offset 4, -8
  38              		.cfi_offset 14, -4
  39 0002 0446     		mov	r4, r0
   6:Middlewares/lvgl/examples/widgets/tabview/lv_example_tabview_2.c ****     /*Disable the scroll animations. Triggered when a tab button is clicked */
   7:Middlewares/lvgl/examples/widgets/tabview/lv_example_tabview_2.c ****     if(lv_event_get_code(e) == LV_EVENT_SCROLL_BEGIN) {
  40              		.loc 1 7 5 is_stmt 1 view .LVU2
  41              		.loc 1 7 8 is_stmt 0 view .LVU3
  42 0004 FFF7FEFF 		bl	lv_event_get_code
  43              	.LVL1:
  44              		.loc 1 7 7 view .LVU4
  45 0008 0928     		cmp	r0, #9
  46 000a 00D0     		beq	.L4
  47              	.L1:
   8:Middlewares/lvgl/examples/widgets/tabview/lv_example_tabview_2.c ****         lv_anim_t * a = lv_event_get_param(e);
   9:Middlewares/lvgl/examples/widgets/tabview/lv_example_tabview_2.c ****         if(a)  a->time = 0;
  10:Middlewares/lvgl/examples/widgets/tabview/lv_example_tabview_2.c ****     }
  11:Middlewares/lvgl/examples/widgets/tabview/lv_example_tabview_2.c **** }
ARM GAS  /tmp/ccith3cY.s 			page 2


  48              		.loc 1 11 1 view .LVU5
  49 000c 10BD     		pop	{r4, pc}
  50              	.LVL2:
  51              	.L4:
  52              	.LBB2:
   8:Middlewares/lvgl/examples/widgets/tabview/lv_example_tabview_2.c ****         lv_anim_t * a = lv_event_get_param(e);
  53              		.loc 1 8 9 is_stmt 1 view .LVU6
   8:Middlewares/lvgl/examples/widgets/tabview/lv_example_tabview_2.c ****         lv_anim_t * a = lv_event_get_param(e);
  54              		.loc 1 8 25 is_stmt 0 view .LVU7
  55 000e 2046     		mov	r0, r4
  56 0010 FFF7FEFF 		bl	lv_event_get_param
  57              	.LVL3:
   9:Middlewares/lvgl/examples/widgets/tabview/lv_example_tabview_2.c ****     }
  58              		.loc 1 9 9 is_stmt 1 view .LVU8
   9:Middlewares/lvgl/examples/widgets/tabview/lv_example_tabview_2.c ****     }
  59              		.loc 1 9 11 is_stmt 0 view .LVU9
  60 0014 0028     		cmp	r0, #0
  61 0016 F9D0     		beq	.L1
   9:Middlewares/lvgl/examples/widgets/tabview/lv_example_tabview_2.c ****     }
  62              		.loc 1 9 16 is_stmt 1 discriminator 1 view .LVU10
   9:Middlewares/lvgl/examples/widgets/tabview/lv_example_tabview_2.c ****     }
  63              		.loc 1 9 24 is_stmt 0 discriminator 1 view .LVU11
  64 0018 0022     		movs	r2, #0
  65 001a 8262     		str	r2, [r0, #40]
  66              	.LBE2:
  67              		.loc 1 11 1 discriminator 1 view .LVU12
  68 001c F6E7     		b	.L1
  69              		.cfi_endproc
  70              	.LFE184:
  72              		.section	.rodata.lv_example_tabview_2.str1.4,"aMS",%progbits,1
  73              		.align	2
  74              	.LC0:
  75 0000 54616220 		.ascii	"Tab 1\000"
  75      3100
  76 0006 0000     		.align	2
  77              	.LC1:
  78 0008 54616220 		.ascii	"Tab 2\000"
  78      3200
  79 000e 0000     		.align	2
  80              	.LC2:
  81 0010 54616220 		.ascii	"Tab 3\000"
  81      3300
  82 0016 0000     		.align	2
  83              	.LC3:
  84 0018 54616220 		.ascii	"Tab 4\000"
  84      3400
  85 001e 0000     		.align	2
  86              	.LC4:
  87 0020 54616220 		.ascii	"Tab 5\000"
  87      3500
  88 0026 0000     		.align	2
  89              	.LC5:
  90 0028 46697273 		.ascii	"First tab\000"
  90      74207461 
  90      6200
  91 0032 0000     		.align	2
  92              	.LC6:
ARM GAS  /tmp/ccith3cY.s 			page 3


  93 0034 5365636F 		.ascii	"Second tab\000"
  93      6E642074 
  93      616200
  94 003f 00       		.align	2
  95              	.LC7:
  96 0040 54686972 		.ascii	"Third tab\000"
  96      64207461 
  96      6200
  97 004a 0000     		.align	2
  98              	.LC8:
  99 004c 466F7274 		.ascii	"Forth tab\000"
  99      68207461 
  99      6200
 100 0056 0000     		.align	2
 101              	.LC9:
 102 0058 46696674 		.ascii	"Fifth tab\000"
 102      68207461 
 102      6200
 103              		.section	.text.lv_example_tabview_2,"ax",%progbits
 104              		.align	1
 105              		.global	lv_example_tabview_2
 106              		.syntax unified
 107              		.thumb
 108              		.thumb_func
 110              	lv_example_tabview_2:
 111              	.LFB185:
  12:Middlewares/lvgl/examples/widgets/tabview/lv_example_tabview_2.c **** 
  13:Middlewares/lvgl/examples/widgets/tabview/lv_example_tabview_2.c **** void lv_example_tabview_2(void)
  14:Middlewares/lvgl/examples/widgets/tabview/lv_example_tabview_2.c **** {
 112              		.loc 1 14 1 is_stmt 1 view -0
 113              		.cfi_startproc
 114              		@ args = 0, pretend = 0, frame = 0
 115              		@ frame_needed = 0, uses_anonymous_args = 0
 116 0000 2DE9F843 		push	{r3, r4, r5, r6, r7, r8, r9, lr}
 117              	.LCFI1:
 118              		.cfi_def_cfa_offset 32
 119              		.cfi_offset 3, -32
 120              		.cfi_offset 4, -28
 121              		.cfi_offset 5, -24
 122              		.cfi_offset 6, -20
 123              		.cfi_offset 7, -16
 124              		.cfi_offset 8, -12
 125              		.cfi_offset 9, -8
 126              		.cfi_offset 14, -4
  15:Middlewares/lvgl/examples/widgets/tabview/lv_example_tabview_2.c ****     /*Create a Tab view object*/
  16:Middlewares/lvgl/examples/widgets/tabview/lv_example_tabview_2.c ****     lv_obj_t *tabview;
 127              		.loc 1 16 5 view .LVU14
  17:Middlewares/lvgl/examples/widgets/tabview/lv_example_tabview_2.c ****     tabview = lv_tabview_create(lv_scr_act(), LV_DIR_LEFT, 80);
 128              		.loc 1 17 5 view .LVU15
 129              	.LBB5:
 130              	.LBI5:
 131              		.file 2 "Middlewares/lvgl/examples/widgets/tabview/../../../src/core/lv_disp.h"
   1:Middlewares/lvgl/examples/widgets/tabview/../../../src/core/lv_disp.h **** /**
   2:Middlewares/lvgl/examples/widgets/tabview/../../../src/core/lv_disp.h ****  * @file lv_disp.h
   3:Middlewares/lvgl/examples/widgets/tabview/../../../src/core/lv_disp.h ****  *
   4:Middlewares/lvgl/examples/widgets/tabview/../../../src/core/lv_disp.h ****  */
   5:Middlewares/lvgl/examples/widgets/tabview/../../../src/core/lv_disp.h **** 
ARM GAS  /tmp/ccith3cY.s 			page 4


   6:Middlewares/lvgl/examples/widgets/tabview/../../../src/core/lv_disp.h **** #ifndef LV_DISP_H
   7:Middlewares/lvgl/examples/widgets/tabview/../../../src/core/lv_disp.h **** #define LV_DISP_H
   8:Middlewares/lvgl/examples/widgets/tabview/../../../src/core/lv_disp.h **** 
   9:Middlewares/lvgl/examples/widgets/tabview/../../../src/core/lv_disp.h **** #ifdef __cplusplus
  10:Middlewares/lvgl/examples/widgets/tabview/../../../src/core/lv_disp.h **** extern "C" {
  11:Middlewares/lvgl/examples/widgets/tabview/../../../src/core/lv_disp.h **** #endif
  12:Middlewares/lvgl/examples/widgets/tabview/../../../src/core/lv_disp.h **** 
  13:Middlewares/lvgl/examples/widgets/tabview/../../../src/core/lv_disp.h **** /*********************
  14:Middlewares/lvgl/examples/widgets/tabview/../../../src/core/lv_disp.h ****  *      INCLUDES
  15:Middlewares/lvgl/examples/widgets/tabview/../../../src/core/lv_disp.h ****  *********************/
  16:Middlewares/lvgl/examples/widgets/tabview/../../../src/core/lv_disp.h **** #include "../hal/lv_hal.h"
  17:Middlewares/lvgl/examples/widgets/tabview/../../../src/core/lv_disp.h **** #include "lv_obj.h"
  18:Middlewares/lvgl/examples/widgets/tabview/../../../src/core/lv_disp.h **** #include "lv_theme.h"
  19:Middlewares/lvgl/examples/widgets/tabview/../../../src/core/lv_disp.h **** 
  20:Middlewares/lvgl/examples/widgets/tabview/../../../src/core/lv_disp.h **** /*********************
  21:Middlewares/lvgl/examples/widgets/tabview/../../../src/core/lv_disp.h ****  *      DEFINES
  22:Middlewares/lvgl/examples/widgets/tabview/../../../src/core/lv_disp.h ****  *********************/
  23:Middlewares/lvgl/examples/widgets/tabview/../../../src/core/lv_disp.h **** 
  24:Middlewares/lvgl/examples/widgets/tabview/../../../src/core/lv_disp.h **** /**********************
  25:Middlewares/lvgl/examples/widgets/tabview/../../../src/core/lv_disp.h ****  *      TYPEDEFS
  26:Middlewares/lvgl/examples/widgets/tabview/../../../src/core/lv_disp.h ****  **********************/
  27:Middlewares/lvgl/examples/widgets/tabview/../../../src/core/lv_disp.h **** 
  28:Middlewares/lvgl/examples/widgets/tabview/../../../src/core/lv_disp.h **** typedef enum {
  29:Middlewares/lvgl/examples/widgets/tabview/../../../src/core/lv_disp.h ****     LV_SCR_LOAD_ANIM_NONE,
  30:Middlewares/lvgl/examples/widgets/tabview/../../../src/core/lv_disp.h ****     LV_SCR_LOAD_ANIM_OVER_LEFT,
  31:Middlewares/lvgl/examples/widgets/tabview/../../../src/core/lv_disp.h ****     LV_SCR_LOAD_ANIM_OVER_RIGHT,
  32:Middlewares/lvgl/examples/widgets/tabview/../../../src/core/lv_disp.h ****     LV_SCR_LOAD_ANIM_OVER_TOP,
  33:Middlewares/lvgl/examples/widgets/tabview/../../../src/core/lv_disp.h ****     LV_SCR_LOAD_ANIM_OVER_BOTTOM,
  34:Middlewares/lvgl/examples/widgets/tabview/../../../src/core/lv_disp.h ****     LV_SCR_LOAD_ANIM_MOVE_LEFT,
  35:Middlewares/lvgl/examples/widgets/tabview/../../../src/core/lv_disp.h ****     LV_SCR_LOAD_ANIM_MOVE_RIGHT,
  36:Middlewares/lvgl/examples/widgets/tabview/../../../src/core/lv_disp.h ****     LV_SCR_LOAD_ANIM_MOVE_TOP,
  37:Middlewares/lvgl/examples/widgets/tabview/../../../src/core/lv_disp.h ****     LV_SCR_LOAD_ANIM_MOVE_BOTTOM,
  38:Middlewares/lvgl/examples/widgets/tabview/../../../src/core/lv_disp.h ****     LV_SCR_LOAD_ANIM_FADE_ON,
  39:Middlewares/lvgl/examples/widgets/tabview/../../../src/core/lv_disp.h **** } lv_scr_load_anim_t;
  40:Middlewares/lvgl/examples/widgets/tabview/../../../src/core/lv_disp.h **** 
  41:Middlewares/lvgl/examples/widgets/tabview/../../../src/core/lv_disp.h **** /**********************
  42:Middlewares/lvgl/examples/widgets/tabview/../../../src/core/lv_disp.h ****  * GLOBAL PROTOTYPES
  43:Middlewares/lvgl/examples/widgets/tabview/../../../src/core/lv_disp.h ****  **********************/
  44:Middlewares/lvgl/examples/widgets/tabview/../../../src/core/lv_disp.h **** 
  45:Middlewares/lvgl/examples/widgets/tabview/../../../src/core/lv_disp.h **** /**
  46:Middlewares/lvgl/examples/widgets/tabview/../../../src/core/lv_disp.h ****  * Return with a pointer to the active screen
  47:Middlewares/lvgl/examples/widgets/tabview/../../../src/core/lv_disp.h ****  * @param disp pointer to display which active screen should be get. (NULL to use the default
  48:Middlewares/lvgl/examples/widgets/tabview/../../../src/core/lv_disp.h ****  * screen)
  49:Middlewares/lvgl/examples/widgets/tabview/../../../src/core/lv_disp.h ****  * @return pointer to the active screen object (loaded by 'lv_scr_load()')
  50:Middlewares/lvgl/examples/widgets/tabview/../../../src/core/lv_disp.h ****  */
  51:Middlewares/lvgl/examples/widgets/tabview/../../../src/core/lv_disp.h **** lv_obj_t * lv_disp_get_scr_act(lv_disp_t * disp);
  52:Middlewares/lvgl/examples/widgets/tabview/../../../src/core/lv_disp.h **** 
  53:Middlewares/lvgl/examples/widgets/tabview/../../../src/core/lv_disp.h **** /**
  54:Middlewares/lvgl/examples/widgets/tabview/../../../src/core/lv_disp.h ****  * Return with a pointer to the previous screen. Only used during screen transitions.
  55:Middlewares/lvgl/examples/widgets/tabview/../../../src/core/lv_disp.h ****  * @param disp pointer to display which previous screen should be get. (NULL to use the default
  56:Middlewares/lvgl/examples/widgets/tabview/../../../src/core/lv_disp.h ****  * screen)
  57:Middlewares/lvgl/examples/widgets/tabview/../../../src/core/lv_disp.h ****  * @return pointer to the previous screen object or NULL if not used now
  58:Middlewares/lvgl/examples/widgets/tabview/../../../src/core/lv_disp.h ****  */
  59:Middlewares/lvgl/examples/widgets/tabview/../../../src/core/lv_disp.h **** lv_obj_t * lv_disp_get_scr_prev(lv_disp_t * disp);
  60:Middlewares/lvgl/examples/widgets/tabview/../../../src/core/lv_disp.h **** 
  61:Middlewares/lvgl/examples/widgets/tabview/../../../src/core/lv_disp.h **** /**
  62:Middlewares/lvgl/examples/widgets/tabview/../../../src/core/lv_disp.h ****  * Make a screen active
ARM GAS  /tmp/ccith3cY.s 			page 5


  63:Middlewares/lvgl/examples/widgets/tabview/../../../src/core/lv_disp.h ****  * @param scr pointer to a screen
  64:Middlewares/lvgl/examples/widgets/tabview/../../../src/core/lv_disp.h ****  */
  65:Middlewares/lvgl/examples/widgets/tabview/../../../src/core/lv_disp.h **** void lv_disp_load_scr(lv_obj_t * scr);
  66:Middlewares/lvgl/examples/widgets/tabview/../../../src/core/lv_disp.h **** 
  67:Middlewares/lvgl/examples/widgets/tabview/../../../src/core/lv_disp.h **** /**
  68:Middlewares/lvgl/examples/widgets/tabview/../../../src/core/lv_disp.h ****  * Return with the top layer. (Same on every screen and it is above the normal screen layer)
  69:Middlewares/lvgl/examples/widgets/tabview/../../../src/core/lv_disp.h ****  * @param disp pointer to display which top layer should be get. (NULL to use the default screen)
  70:Middlewares/lvgl/examples/widgets/tabview/../../../src/core/lv_disp.h ****  * @return pointer to the top layer object  (transparent screen sized lv_obj)
  71:Middlewares/lvgl/examples/widgets/tabview/../../../src/core/lv_disp.h ****  */
  72:Middlewares/lvgl/examples/widgets/tabview/../../../src/core/lv_disp.h **** lv_obj_t * lv_disp_get_layer_top(lv_disp_t * disp);
  73:Middlewares/lvgl/examples/widgets/tabview/../../../src/core/lv_disp.h **** 
  74:Middlewares/lvgl/examples/widgets/tabview/../../../src/core/lv_disp.h **** /**
  75:Middlewares/lvgl/examples/widgets/tabview/../../../src/core/lv_disp.h ****  * Return with the sys. layer. (Same on every screen and it is above the normal screen and the top
  76:Middlewares/lvgl/examples/widgets/tabview/../../../src/core/lv_disp.h ****  * layer)
  77:Middlewares/lvgl/examples/widgets/tabview/../../../src/core/lv_disp.h ****  * @param disp pointer to display which sys. layer  should be get. (NULL to use the default screen)
  78:Middlewares/lvgl/examples/widgets/tabview/../../../src/core/lv_disp.h ****  * @return pointer to the sys layer object  (transparent screen sized lv_obj)
  79:Middlewares/lvgl/examples/widgets/tabview/../../../src/core/lv_disp.h ****  */
  80:Middlewares/lvgl/examples/widgets/tabview/../../../src/core/lv_disp.h **** lv_obj_t * lv_disp_get_layer_sys(lv_disp_t * disp);
  81:Middlewares/lvgl/examples/widgets/tabview/../../../src/core/lv_disp.h **** 
  82:Middlewares/lvgl/examples/widgets/tabview/../../../src/core/lv_disp.h **** /**
  83:Middlewares/lvgl/examples/widgets/tabview/../../../src/core/lv_disp.h ****  * Get the theme of a display
  84:Middlewares/lvgl/examples/widgets/tabview/../../../src/core/lv_disp.h ****  * @param disp pointer to a display
  85:Middlewares/lvgl/examples/widgets/tabview/../../../src/core/lv_disp.h ****  * @return the display's theme (can be NULL)
  86:Middlewares/lvgl/examples/widgets/tabview/../../../src/core/lv_disp.h ****  */
  87:Middlewares/lvgl/examples/widgets/tabview/../../../src/core/lv_disp.h **** void lv_disp_set_theme(lv_disp_t * disp, lv_theme_t * th);
  88:Middlewares/lvgl/examples/widgets/tabview/../../../src/core/lv_disp.h **** 
  89:Middlewares/lvgl/examples/widgets/tabview/../../../src/core/lv_disp.h **** /**
  90:Middlewares/lvgl/examples/widgets/tabview/../../../src/core/lv_disp.h ****  * Get the theme of a display
  91:Middlewares/lvgl/examples/widgets/tabview/../../../src/core/lv_disp.h ****  * @param disp pointer to a display
  92:Middlewares/lvgl/examples/widgets/tabview/../../../src/core/lv_disp.h ****  * @return the display's theme (can be NULL)
  93:Middlewares/lvgl/examples/widgets/tabview/../../../src/core/lv_disp.h ****  */
  94:Middlewares/lvgl/examples/widgets/tabview/../../../src/core/lv_disp.h **** lv_theme_t * lv_disp_get_theme(lv_disp_t * disp);
  95:Middlewares/lvgl/examples/widgets/tabview/../../../src/core/lv_disp.h **** 
  96:Middlewares/lvgl/examples/widgets/tabview/../../../src/core/lv_disp.h **** /**
  97:Middlewares/lvgl/examples/widgets/tabview/../../../src/core/lv_disp.h ****  * Set the background color of a display
  98:Middlewares/lvgl/examples/widgets/tabview/../../../src/core/lv_disp.h ****  * @param disp pointer to a display
  99:Middlewares/lvgl/examples/widgets/tabview/../../../src/core/lv_disp.h ****  * @param color color of the background
 100:Middlewares/lvgl/examples/widgets/tabview/../../../src/core/lv_disp.h ****  */
 101:Middlewares/lvgl/examples/widgets/tabview/../../../src/core/lv_disp.h **** void lv_disp_set_bg_color(lv_disp_t * disp, lv_color_t color);
 102:Middlewares/lvgl/examples/widgets/tabview/../../../src/core/lv_disp.h **** 
 103:Middlewares/lvgl/examples/widgets/tabview/../../../src/core/lv_disp.h **** /**
 104:Middlewares/lvgl/examples/widgets/tabview/../../../src/core/lv_disp.h ****  * Set the background image of a display
 105:Middlewares/lvgl/examples/widgets/tabview/../../../src/core/lv_disp.h ****  * @param disp pointer to a display
 106:Middlewares/lvgl/examples/widgets/tabview/../../../src/core/lv_disp.h ****  * @param img_src path to file or pointer to an `lv_img_dsc_t` variable
 107:Middlewares/lvgl/examples/widgets/tabview/../../../src/core/lv_disp.h ****  */
 108:Middlewares/lvgl/examples/widgets/tabview/../../../src/core/lv_disp.h **** void lv_disp_set_bg_image(lv_disp_t * disp, const void  * img_src);
 109:Middlewares/lvgl/examples/widgets/tabview/../../../src/core/lv_disp.h **** 
 110:Middlewares/lvgl/examples/widgets/tabview/../../../src/core/lv_disp.h **** /**
 111:Middlewares/lvgl/examples/widgets/tabview/../../../src/core/lv_disp.h ****  * Opacity of the background
 112:Middlewares/lvgl/examples/widgets/tabview/../../../src/core/lv_disp.h ****  * @param disp pointer to a display
 113:Middlewares/lvgl/examples/widgets/tabview/../../../src/core/lv_disp.h ****  * @param opa opacity (0..255)
 114:Middlewares/lvgl/examples/widgets/tabview/../../../src/core/lv_disp.h ****  */
 115:Middlewares/lvgl/examples/widgets/tabview/../../../src/core/lv_disp.h **** void lv_disp_set_bg_opa(lv_disp_t * disp, lv_opa_t opa);
 116:Middlewares/lvgl/examples/widgets/tabview/../../../src/core/lv_disp.h **** 
 117:Middlewares/lvgl/examples/widgets/tabview/../../../src/core/lv_disp.h **** /**
 118:Middlewares/lvgl/examples/widgets/tabview/../../../src/core/lv_disp.h ****  * Switch screen with animation
 119:Middlewares/lvgl/examples/widgets/tabview/../../../src/core/lv_disp.h ****  * @param scr pointer to the new screen to load
ARM GAS  /tmp/ccith3cY.s 			page 6


 120:Middlewares/lvgl/examples/widgets/tabview/../../../src/core/lv_disp.h ****  * @param anim_type type of the animation from `lv_scr_load_anim_t`. E.g.  `LV_SCR_LOAD_ANIM_MOVE_L
 121:Middlewares/lvgl/examples/widgets/tabview/../../../src/core/lv_disp.h ****  * @param time time of the animation
 122:Middlewares/lvgl/examples/widgets/tabview/../../../src/core/lv_disp.h ****  * @param delay delay before the transition
 123:Middlewares/lvgl/examples/widgets/tabview/../../../src/core/lv_disp.h ****  * @param auto_del true: automatically delete the old screen
 124:Middlewares/lvgl/examples/widgets/tabview/../../../src/core/lv_disp.h ****  */
 125:Middlewares/lvgl/examples/widgets/tabview/../../../src/core/lv_disp.h **** void lv_scr_load_anim(lv_obj_t * scr, lv_scr_load_anim_t anim_type, uint32_t time, uint32_t delay, 
 126:Middlewares/lvgl/examples/widgets/tabview/../../../src/core/lv_disp.h **** 
 127:Middlewares/lvgl/examples/widgets/tabview/../../../src/core/lv_disp.h **** /**
 128:Middlewares/lvgl/examples/widgets/tabview/../../../src/core/lv_disp.h ****  * Get elapsed time since last user activity on a display (e.g. click)
 129:Middlewares/lvgl/examples/widgets/tabview/../../../src/core/lv_disp.h ****  * @param disp pointer to an display (NULL to get the overall smallest inactivity)
 130:Middlewares/lvgl/examples/widgets/tabview/../../../src/core/lv_disp.h ****  * @return elapsed ticks (milliseconds) since the last activity
 131:Middlewares/lvgl/examples/widgets/tabview/../../../src/core/lv_disp.h ****  */
 132:Middlewares/lvgl/examples/widgets/tabview/../../../src/core/lv_disp.h **** uint32_t lv_disp_get_inactive_time(const lv_disp_t * disp);
 133:Middlewares/lvgl/examples/widgets/tabview/../../../src/core/lv_disp.h **** 
 134:Middlewares/lvgl/examples/widgets/tabview/../../../src/core/lv_disp.h **** /**
 135:Middlewares/lvgl/examples/widgets/tabview/../../../src/core/lv_disp.h ****  * Manually trigger an activity on a display
 136:Middlewares/lvgl/examples/widgets/tabview/../../../src/core/lv_disp.h ****  * @param disp pointer to an display (NULL to use the default display)
 137:Middlewares/lvgl/examples/widgets/tabview/../../../src/core/lv_disp.h ****  */
 138:Middlewares/lvgl/examples/widgets/tabview/../../../src/core/lv_disp.h **** void lv_disp_trig_activity(lv_disp_t * disp);
 139:Middlewares/lvgl/examples/widgets/tabview/../../../src/core/lv_disp.h **** 
 140:Middlewares/lvgl/examples/widgets/tabview/../../../src/core/lv_disp.h **** /**
 141:Middlewares/lvgl/examples/widgets/tabview/../../../src/core/lv_disp.h ****  * Clean any CPU cache that is related to the display.
 142:Middlewares/lvgl/examples/widgets/tabview/../../../src/core/lv_disp.h ****  * @param disp pointer to an display (NULL to use the default display)
 143:Middlewares/lvgl/examples/widgets/tabview/../../../src/core/lv_disp.h ****  */
 144:Middlewares/lvgl/examples/widgets/tabview/../../../src/core/lv_disp.h **** void lv_disp_clean_dcache(lv_disp_t * disp);
 145:Middlewares/lvgl/examples/widgets/tabview/../../../src/core/lv_disp.h **** 
 146:Middlewares/lvgl/examples/widgets/tabview/../../../src/core/lv_disp.h **** /**
 147:Middlewares/lvgl/examples/widgets/tabview/../../../src/core/lv_disp.h ****  * Get a pointer to the screen refresher timer to
 148:Middlewares/lvgl/examples/widgets/tabview/../../../src/core/lv_disp.h ****  * modify its parameters with `lv_timer_...` functions.
 149:Middlewares/lvgl/examples/widgets/tabview/../../../src/core/lv_disp.h ****  * @param disp pointer to a display
 150:Middlewares/lvgl/examples/widgets/tabview/../../../src/core/lv_disp.h ****  * @return pointer to the display refresher timer. (NULL on error)
 151:Middlewares/lvgl/examples/widgets/tabview/../../../src/core/lv_disp.h ****  */
 152:Middlewares/lvgl/examples/widgets/tabview/../../../src/core/lv_disp.h **** lv_timer_t * _lv_disp_get_refr_timer(lv_disp_t * disp);
 153:Middlewares/lvgl/examples/widgets/tabview/../../../src/core/lv_disp.h **** 
 154:Middlewares/lvgl/examples/widgets/tabview/../../../src/core/lv_disp.h **** /*------------------------------------------------
 155:Middlewares/lvgl/examples/widgets/tabview/../../../src/core/lv_disp.h ****  * To improve backward compatibility
 156:Middlewares/lvgl/examples/widgets/tabview/../../../src/core/lv_disp.h ****  * Recommended only if you have one display
 157:Middlewares/lvgl/examples/widgets/tabview/../../../src/core/lv_disp.h ****  *------------------------------------------------*/
 158:Middlewares/lvgl/examples/widgets/tabview/../../../src/core/lv_disp.h **** 
 159:Middlewares/lvgl/examples/widgets/tabview/../../../src/core/lv_disp.h **** /**
 160:Middlewares/lvgl/examples/widgets/tabview/../../../src/core/lv_disp.h ****  * Get the active screen of the default display
 161:Middlewares/lvgl/examples/widgets/tabview/../../../src/core/lv_disp.h ****  * @return pointer to the active screen
 162:Middlewares/lvgl/examples/widgets/tabview/../../../src/core/lv_disp.h ****  */
 163:Middlewares/lvgl/examples/widgets/tabview/../../../src/core/lv_disp.h **** static inline lv_obj_t * lv_scr_act(void)
 132              		.loc 2 163 26 view .LVU16
 133              	.LBB6:
 164:Middlewares/lvgl/examples/widgets/tabview/../../../src/core/lv_disp.h **** {
 165:Middlewares/lvgl/examples/widgets/tabview/../../../src/core/lv_disp.h ****     return lv_disp_get_scr_act(lv_disp_get_default());
 134              		.loc 2 165 5 view .LVU17
 135              		.loc 2 165 12 is_stmt 0 view .LVU18
 136 0004 FFF7FEFF 		bl	lv_disp_get_default
 137              	.LVL4:
 138 0008 FFF7FEFF 		bl	lv_disp_get_scr_act
 139              	.LVL5:
 140              	.LBE6:
 141              	.LBE5:
 142              		.loc 1 17 15 view .LVU19
ARM GAS  /tmp/ccith3cY.s 			page 7


 143 000c 5022     		movs	r2, #80
 144 000e 0121     		movs	r1, #1
 145 0010 FFF7FEFF 		bl	lv_tabview_create
 146              	.LVL6:
 147 0014 0446     		mov	r4, r0
 148              	.LVL7:
  18:Middlewares/lvgl/examples/widgets/tabview/lv_example_tabview_2.c ****     lv_obj_add_event_cb(lv_tabview_get_content(tabview), scroll_begin_event, LV_EVENT_SCROLL_BEGIN,
 149              		.loc 1 18 5 is_stmt 1 view .LVU20
 150              		.loc 1 18 25 is_stmt 0 view .LVU21
 151 0016 FFF7FEFF 		bl	lv_tabview_get_content
 152              	.LVL8:
 153              		.loc 1 18 5 view .LVU22
 154 001a 0023     		movs	r3, #0
 155 001c 0922     		movs	r2, #9
 156 001e 3A49     		ldr	r1, .L7
 157 0020 FFF7FEFF 		bl	lv_obj_add_event_cb
 158              	.LVL9:
  19:Middlewares/lvgl/examples/widgets/tabview/lv_example_tabview_2.c **** 
  20:Middlewares/lvgl/examples/widgets/tabview/lv_example_tabview_2.c ****     lv_obj_set_style_bg_color(tabview, lv_palette_lighten(LV_PALETTE_RED, 2), 0);
 159              		.loc 1 20 5 is_stmt 1 view .LVU23
 160 0024 0221     		movs	r1, #2
 161 0026 0020     		movs	r0, #0
 162 0028 FFF7FEFF 		bl	lv_palette_lighten
 163              	.LVL10:
 164 002c 0146     		mov	r1, r0	@ movhi
 165 002e 0022     		movs	r2, #0
 166 0030 2046     		mov	r0, r4
 167 0032 FFF7FEFF 		bl	lv_obj_set_style_bg_color
 168              	.LVL11:
  21:Middlewares/lvgl/examples/widgets/tabview/lv_example_tabview_2.c **** 
  22:Middlewares/lvgl/examples/widgets/tabview/lv_example_tabview_2.c ****     lv_obj_t * tab_btns = lv_tabview_get_tab_btns(tabview);
 169              		.loc 1 22 5 view .LVU24
 170              		.loc 1 22 27 is_stmt 0 view .LVU25
 171 0036 2046     		mov	r0, r4
 172 0038 FFF7FEFF 		bl	lv_tabview_get_tab_btns
 173              	.LVL12:
 174 003c 0546     		mov	r5, r0
 175              	.LVL13:
  23:Middlewares/lvgl/examples/widgets/tabview/lv_example_tabview_2.c ****     lv_obj_set_style_bg_color(tab_btns, lv_palette_darken(LV_PALETTE_GREY, 3), 0);
 176              		.loc 1 23 5 is_stmt 1 view .LVU26
 177 003e 0321     		movs	r1, #3
 178 0040 1220     		movs	r0, #18
 179              	.LVL14:
 180              		.loc 1 23 5 is_stmt 0 view .LVU27
 181 0042 FFF7FEFF 		bl	lv_palette_darken
 182              	.LVL15:
 183 0046 0146     		mov	r1, r0	@ movhi
 184 0048 0022     		movs	r2, #0
 185 004a 2846     		mov	r0, r5
 186 004c FFF7FEFF 		bl	lv_obj_set_style_bg_color
 187              	.LVL16:
  24:Middlewares/lvgl/examples/widgets/tabview/lv_example_tabview_2.c ****     lv_obj_set_style_text_color(tab_btns, lv_palette_lighten(LV_PALETTE_GREY, 5), 0);
 188              		.loc 1 24 5 is_stmt 1 view .LVU28
 189 0050 0521     		movs	r1, #5
 190 0052 1220     		movs	r0, #18
 191 0054 FFF7FEFF 		bl	lv_palette_lighten
 192              	.LVL17:
ARM GAS  /tmp/ccith3cY.s 			page 8


 193 0058 0146     		mov	r1, r0	@ movhi
 194 005a 0022     		movs	r2, #0
 195 005c 2846     		mov	r0, r5
 196 005e FFF7FEFF 		bl	lv_obj_set_style_text_color
 197              	.LVL18:
  25:Middlewares/lvgl/examples/widgets/tabview/lv_example_tabview_2.c ****     lv_obj_set_style_border_side(tab_btns, LV_BORDER_SIDE_RIGHT, LV_PART_ITEMS | LV_STATE_CHECKED);
 198              		.loc 1 25 5 view .LVU29
 199 0062 2A4A     		ldr	r2, .L7+4
 200 0064 0821     		movs	r1, #8
 201 0066 2846     		mov	r0, r5
 202 0068 FFF7FEFF 		bl	lv_obj_set_style_border_side
 203              	.LVL19:
  26:Middlewares/lvgl/examples/widgets/tabview/lv_example_tabview_2.c **** 
  27:Middlewares/lvgl/examples/widgets/tabview/lv_example_tabview_2.c **** 
  28:Middlewares/lvgl/examples/widgets/tabview/lv_example_tabview_2.c ****     /*Add 3 tabs (the tabs are page (lv_page) and can be scrolled*/
  29:Middlewares/lvgl/examples/widgets/tabview/lv_example_tabview_2.c ****     lv_obj_t *tab1 = lv_tabview_add_tab(tabview, "Tab 1");
 204              		.loc 1 29 5 view .LVU30
 205              		.loc 1 29 22 is_stmt 0 view .LVU31
 206 006c 2849     		ldr	r1, .L7+8
 207 006e 2046     		mov	r0, r4
 208 0070 FFF7FEFF 		bl	lv_tabview_add_tab
 209              	.LVL20:
 210 0074 8146     		mov	r9, r0
 211              	.LVL21:
  30:Middlewares/lvgl/examples/widgets/tabview/lv_example_tabview_2.c ****     lv_obj_t *tab2 = lv_tabview_add_tab(tabview, "Tab 2");
 212              		.loc 1 30 5 is_stmt 1 view .LVU32
 213              		.loc 1 30 22 is_stmt 0 view .LVU33
 214 0076 2749     		ldr	r1, .L7+12
 215 0078 2046     		mov	r0, r4
 216              	.LVL22:
 217              		.loc 1 30 22 view .LVU34
 218 007a FFF7FEFF 		bl	lv_tabview_add_tab
 219              	.LVL23:
 220 007e 0546     		mov	r5, r0
 221              	.LVL24:
  31:Middlewares/lvgl/examples/widgets/tabview/lv_example_tabview_2.c ****     lv_obj_t *tab3 = lv_tabview_add_tab(tabview, "Tab 3");
 222              		.loc 1 31 5 is_stmt 1 view .LVU35
 223              		.loc 1 31 22 is_stmt 0 view .LVU36
 224 0080 2549     		ldr	r1, .L7+16
 225 0082 2046     		mov	r0, r4
 226              	.LVL25:
 227              		.loc 1 31 22 view .LVU37
 228 0084 FFF7FEFF 		bl	lv_tabview_add_tab
 229              	.LVL26:
 230 0088 8046     		mov	r8, r0
 231              	.LVL27:
  32:Middlewares/lvgl/examples/widgets/tabview/lv_example_tabview_2.c ****     lv_obj_t *tab4 = lv_tabview_add_tab(tabview, "Tab 4");
 232              		.loc 1 32 5 is_stmt 1 view .LVU38
 233              		.loc 1 32 22 is_stmt 0 view .LVU39
 234 008a 2449     		ldr	r1, .L7+20
 235 008c 2046     		mov	r0, r4
 236              	.LVL28:
 237              		.loc 1 32 22 view .LVU40
 238 008e FFF7FEFF 		bl	lv_tabview_add_tab
 239              	.LVL29:
 240 0092 0746     		mov	r7, r0
 241              	.LVL30:
ARM GAS  /tmp/ccith3cY.s 			page 9


  33:Middlewares/lvgl/examples/widgets/tabview/lv_example_tabview_2.c ****     lv_obj_t *tab5 = lv_tabview_add_tab(tabview, "Tab 5");
 242              		.loc 1 33 5 is_stmt 1 view .LVU41
 243              		.loc 1 33 22 is_stmt 0 view .LVU42
 244 0094 2249     		ldr	r1, .L7+24
 245 0096 2046     		mov	r0, r4
 246              	.LVL31:
 247              		.loc 1 33 22 view .LVU43
 248 0098 FFF7FEFF 		bl	lv_tabview_add_tab
 249              	.LVL32:
 250 009c 0646     		mov	r6, r0
 251              	.LVL33:
  34:Middlewares/lvgl/examples/widgets/tabview/lv_example_tabview_2.c **** 
  35:Middlewares/lvgl/examples/widgets/tabview/lv_example_tabview_2.c ****     lv_obj_set_style_bg_color(tab2, lv_palette_lighten(LV_PALETTE_AMBER, 3), 0);
 252              		.loc 1 35 5 is_stmt 1 view .LVU44
 253 009e 0321     		movs	r1, #3
 254 00a0 0D20     		movs	r0, #13
 255              	.LVL34:
 256              		.loc 1 35 5 is_stmt 0 view .LVU45
 257 00a2 FFF7FEFF 		bl	lv_palette_lighten
 258              	.LVL35:
 259 00a6 0146     		mov	r1, r0	@ movhi
 260 00a8 0022     		movs	r2, #0
 261 00aa 2846     		mov	r0, r5
 262 00ac FFF7FEFF 		bl	lv_obj_set_style_bg_color
 263              	.LVL36:
  36:Middlewares/lvgl/examples/widgets/tabview/lv_example_tabview_2.c ****     lv_obj_set_style_bg_opa(tab2, LV_OPA_COVER, 0);
 264              		.loc 1 36 5 is_stmt 1 view .LVU46
 265 00b0 0022     		movs	r2, #0
 266 00b2 FF21     		movs	r1, #255
 267 00b4 2846     		mov	r0, r5
 268 00b6 FFF7FEFF 		bl	lv_obj_set_style_bg_opa
 269              	.LVL37:
  37:Middlewares/lvgl/examples/widgets/tabview/lv_example_tabview_2.c **** 
  38:Middlewares/lvgl/examples/widgets/tabview/lv_example_tabview_2.c ****     /*Add content to the tabs*/
  39:Middlewares/lvgl/examples/widgets/tabview/lv_example_tabview_2.c ****     lv_obj_t * label = lv_label_create(tab1);
 270              		.loc 1 39 5 view .LVU47
 271              		.loc 1 39 24 is_stmt 0 view .LVU48
 272 00ba 4846     		mov	r0, r9
 273 00bc FFF7FEFF 		bl	lv_label_create
 274              	.LVL38:
  40:Middlewares/lvgl/examples/widgets/tabview/lv_example_tabview_2.c ****     lv_label_set_text(label, "First tab");
 275              		.loc 1 40 5 is_stmt 1 view .LVU49
 276 00c0 1849     		ldr	r1, .L7+28
 277 00c2 FFF7FEFF 		bl	lv_label_set_text
 278              	.LVL39:
  41:Middlewares/lvgl/examples/widgets/tabview/lv_example_tabview_2.c **** 
  42:Middlewares/lvgl/examples/widgets/tabview/lv_example_tabview_2.c ****     label = lv_label_create(tab2);
 279              		.loc 1 42 5 view .LVU50
 280              		.loc 1 42 13 is_stmt 0 view .LVU51
 281 00c6 2846     		mov	r0, r5
 282 00c8 FFF7FEFF 		bl	lv_label_create
 283              	.LVL40:
  43:Middlewares/lvgl/examples/widgets/tabview/lv_example_tabview_2.c ****     lv_label_set_text(label, "Second tab");
 284              		.loc 1 43 5 is_stmt 1 view .LVU52
 285 00cc 1649     		ldr	r1, .L7+32
 286 00ce FFF7FEFF 		bl	lv_label_set_text
 287              	.LVL41:
ARM GAS  /tmp/ccith3cY.s 			page 10


  44:Middlewares/lvgl/examples/widgets/tabview/lv_example_tabview_2.c **** 
  45:Middlewares/lvgl/examples/widgets/tabview/lv_example_tabview_2.c ****     label = lv_label_create(tab3);
 288              		.loc 1 45 5 view .LVU53
 289              		.loc 1 45 13 is_stmt 0 view .LVU54
 290 00d2 4046     		mov	r0, r8
 291 00d4 FFF7FEFF 		bl	lv_label_create
 292              	.LVL42:
  46:Middlewares/lvgl/examples/widgets/tabview/lv_example_tabview_2.c ****     lv_label_set_text(label, "Third tab");
 293              		.loc 1 46 5 is_stmt 1 view .LVU55
 294 00d8 1449     		ldr	r1, .L7+36
 295 00da FFF7FEFF 		bl	lv_label_set_text
 296              	.LVL43:
  47:Middlewares/lvgl/examples/widgets/tabview/lv_example_tabview_2.c **** 
  48:Middlewares/lvgl/examples/widgets/tabview/lv_example_tabview_2.c ****     label = lv_label_create(tab4);
 297              		.loc 1 48 5 view .LVU56
 298              		.loc 1 48 13 is_stmt 0 view .LVU57
 299 00de 3846     		mov	r0, r7
 300 00e0 FFF7FEFF 		bl	lv_label_create
 301              	.LVL44:
  49:Middlewares/lvgl/examples/widgets/tabview/lv_example_tabview_2.c ****     lv_label_set_text(label, "Forth tab");
 302              		.loc 1 49 5 is_stmt 1 view .LVU58
 303 00e4 1249     		ldr	r1, .L7+40
 304 00e6 FFF7FEFF 		bl	lv_label_set_text
 305              	.LVL45:
  50:Middlewares/lvgl/examples/widgets/tabview/lv_example_tabview_2.c **** 
  51:Middlewares/lvgl/examples/widgets/tabview/lv_example_tabview_2.c ****     label = lv_label_create(tab5);
 306              		.loc 1 51 5 view .LVU59
 307              		.loc 1 51 13 is_stmt 0 view .LVU60
 308 00ea 3046     		mov	r0, r6
 309 00ec FFF7FEFF 		bl	lv_label_create
 310              	.LVL46:
  52:Middlewares/lvgl/examples/widgets/tabview/lv_example_tabview_2.c ****     lv_label_set_text(label, "Fifth tab");
 311              		.loc 1 52 5 is_stmt 1 view .LVU61
 312 00f0 1049     		ldr	r1, .L7+44
 313 00f2 FFF7FEFF 		bl	lv_label_set_text
 314              	.LVL47:
  53:Middlewares/lvgl/examples/widgets/tabview/lv_example_tabview_2.c **** 
  54:Middlewares/lvgl/examples/widgets/tabview/lv_example_tabview_2.c ****     lv_obj_clear_flag(lv_tabview_get_content(tabview), LV_OBJ_FLAG_SCROLLABLE);
 315              		.loc 1 54 5 view .LVU62
 316 00f6 2046     		mov	r0, r4
 317 00f8 FFF7FEFF 		bl	lv_tabview_get_content
 318              	.LVL48:
 319 00fc 1021     		movs	r1, #16
 320 00fe FFF7FEFF 		bl	lv_obj_clear_flag
 321              	.LVL49:
  55:Middlewares/lvgl/examples/widgets/tabview/lv_example_tabview_2.c **** }
 322              		.loc 1 55 1 is_stmt 0 view .LVU63
 323 0102 BDE8F883 		pop	{r3, r4, r5, r6, r7, r8, r9, pc}
 324              	.LVL50:
 325              	.L8:
 326              		.loc 1 55 1 view .LVU64
 327 0106 00BF     		.align	2
 328              	.L7:
 329 0108 00000000 		.word	scroll_begin_event
 330 010c 01000500 		.word	327681
 331 0110 00000000 		.word	.LC0
 332 0114 08000000 		.word	.LC1
ARM GAS  /tmp/ccith3cY.s 			page 11


 333 0118 10000000 		.word	.LC2
 334 011c 18000000 		.word	.LC3
 335 0120 20000000 		.word	.LC4
 336 0124 28000000 		.word	.LC5
 337 0128 34000000 		.word	.LC6
 338 012c 40000000 		.word	.LC7
 339 0130 4C000000 		.word	.LC8
 340 0134 58000000 		.word	.LC9
 341              		.cfi_endproc
 342              	.LFE185:
 344              		.text
 345              	.Letext0:
 346              		.file 3 "/home/akinya/gcc-arm-none-eabi/arm-none-eabi/include/machine/_default_types.h"
 347              		.file 4 "/home/akinya/gcc-arm-none-eabi/arm-none-eabi/include/sys/_stdint.h"
 348              		.file 5 "Middlewares/lvgl/examples/widgets/tabview/../../../src/misc/lv_ll.h"
 349              		.file 6 "Middlewares/lvgl/examples/widgets/tabview/../../../src/hal/../misc/lv_color.h"
 350              		.file 7 "Middlewares/lvgl/examples/widgets/tabview/../../../src/hal/../misc/lv_area.h"
 351              		.file 8 "Middlewares/lvgl/examples/widgets/tabview/../../../src/core/lv_obj.h"
 352              		.file 9 "Middlewares/lvgl/examples/widgets/tabview/../../../src/core/lv_group.h"
 353              		.file 10 "Middlewares/lvgl/examples/widgets/tabview/../../../src/core/../misc/lv_anim.h"
 354              		.file 11 "Middlewares/lvgl/examples/widgets/tabview/../../../src/core/../misc/lv_style.h"
 355              		.file 12 "Middlewares/lvgl/examples/widgets/tabview/../../../src/core/lv_obj_scroll.h"
 356              		.file 13 "Middlewares/lvgl/examples/widgets/tabview/../../../src/core/lv_obj_style.h"
 357              		.file 14 "Middlewares/lvgl/examples/widgets/tabview/../../../src/core/lv_obj_class.h"
 358              		.file 15 "Middlewares/lvgl/examples/widgets/tabview/../../../src/core/lv_event.h"
 359              		.file 16 "Middlewares/lvgl/examples/widgets/tabview/../../../src/hal/lv_hal_disp.h"
 360              		.file 17 "Middlewares/lvgl/examples/widgets/tabview/../../../src/extra/widgets/tabview/lv_tabview.
 361              		.file 18 "Middlewares/lvgl/examples/widgets/tabview/../../../src/core/lv_obj_style_gen.h"
 362              		.file 19 "Middlewares/lvgl/examples/widgets/tabview/../../../src/widgets/lv_label.h"
ARM GAS  /tmp/ccith3cY.s 			page 12


DEFINED SYMBOLS
                            *ABS*:0000000000000000 lv_example_tabview_2.c
     /tmp/ccith3cY.s:20     .text.scroll_begin_event:0000000000000000 $t
     /tmp/ccith3cY.s:25     .text.scroll_begin_event:0000000000000000 scroll_begin_event
     /tmp/ccith3cY.s:73     .rodata.lv_example_tabview_2.str1.4:0000000000000000 $d
     /tmp/ccith3cY.s:104    .text.lv_example_tabview_2:0000000000000000 $t
     /tmp/ccith3cY.s:110    .text.lv_example_tabview_2:0000000000000000 lv_example_tabview_2
     /tmp/ccith3cY.s:329    .text.lv_example_tabview_2:0000000000000108 $d

UNDEFINED SYMBOLS
lv_event_get_code
lv_event_get_param
lv_disp_get_default
lv_disp_get_scr_act
lv_tabview_create
lv_tabview_get_content
lv_obj_add_event_cb
lv_palette_lighten
lv_obj_set_style_bg_color
lv_tabview_get_tab_btns
lv_palette_darken
lv_obj_set_style_text_color
lv_obj_set_style_border_side
lv_tabview_add_tab
lv_obj_set_style_bg_opa
lv_label_create
lv_label_set_text
lv_obj_clear_flag
