ARM GAS  /tmp/cc6Zq9dN.s 			page 1


   1              		.cpu cortex-m4
   2              		.arch armv7e-m
   3              		.fpu fpv4-sp-d16
   4              		.eabi_attribute 27, 1
   5              		.eabi_attribute 28, 1
   6              		.eabi_attribute 20, 1
   7              		.eabi_attribute 21, 1
   8              		.eabi_attribute 23, 3
   9              		.eabi_attribute 24, 1
  10              		.eabi_attribute 25, 1
  11              		.eabi_attribute 26, 1
  12              		.eabi_attribute 30, 1
  13              		.eabi_attribute 34, 1
  14              		.eabi_attribute 18, 4
  15              		.file	"spi.c"
  16              		.text
  17              	.Ltext0:
  18              		.cfi_sections	.debug_frame
  19              		.section	.text.MX_SPI1_Init,"ax",%progbits
  20              		.align	1
  21              		.global	MX_SPI1_Init
  22              		.syntax unified
  23              		.thumb
  24              		.thumb_func
  26              	MX_SPI1_Init:
  27              	.LFB130:
  28              		.file 1 "Core/Src/spi.c"
   1:Core/Src/spi.c **** /**
   2:Core/Src/spi.c ****   ******************************************************************************
   3:Core/Src/spi.c ****   * @file    spi.c
   4:Core/Src/spi.c ****   * @brief   This file provides code for the configuration
   5:Core/Src/spi.c ****   *          of the SPI instances.
   6:Core/Src/spi.c ****   ******************************************************************************
   7:Core/Src/spi.c ****   * @attention
   8:Core/Src/spi.c ****   *
   9:Core/Src/spi.c ****   * <h2><center>&copy; Copyright (c) 2021 STMicroelectronics.
  10:Core/Src/spi.c ****   * All rights reserved.</center></h2>
  11:Core/Src/spi.c ****   *
  12:Core/Src/spi.c ****   * This software component is licensed by ST under Ultimate Liberty license
  13:Core/Src/spi.c ****   * SLA0044, the "License"; You may not use this file except in compliance with
  14:Core/Src/spi.c ****   * the License. You may obtain a copy of the License at:
  15:Core/Src/spi.c ****   *                             www.st.com/SLA0044
  16:Core/Src/spi.c ****   *
  17:Core/Src/spi.c ****   ******************************************************************************
  18:Core/Src/spi.c ****   */
  19:Core/Src/spi.c **** 
  20:Core/Src/spi.c **** /* Includes ------------------------------------------------------------------*/
  21:Core/Src/spi.c **** #include "spi.h"
  22:Core/Src/spi.c **** 
  23:Core/Src/spi.c **** /* USER CODE BEGIN 0 */
  24:Core/Src/spi.c **** 
  25:Core/Src/spi.c **** /* USER CODE END 0 */
  26:Core/Src/spi.c **** 
  27:Core/Src/spi.c **** SPI_HandleTypeDef hspi1;
  28:Core/Src/spi.c **** DMA_HandleTypeDef hdma_spi1_rx;
  29:Core/Src/spi.c **** 
  30:Core/Src/spi.c **** /* SPI1 init function */
ARM GAS  /tmp/cc6Zq9dN.s 			page 2


  31:Core/Src/spi.c **** void MX_SPI1_Init(void)
  32:Core/Src/spi.c **** {
  29              		.loc 1 32 1 view -0
  30              		.cfi_startproc
  31              		@ args = 0, pretend = 0, frame = 0
  32              		@ frame_needed = 0, uses_anonymous_args = 0
  33 0000 08B5     		push	{r3, lr}
  34              	.LCFI0:
  35              		.cfi_def_cfa_offset 8
  36              		.cfi_offset 3, -8
  37              		.cfi_offset 14, -4
  33:Core/Src/spi.c **** 
  34:Core/Src/spi.c ****   /* USER CODE BEGIN SPI1_Init 0 */
  35:Core/Src/spi.c **** 
  36:Core/Src/spi.c ****   /* USER CODE END SPI1_Init 0 */
  37:Core/Src/spi.c **** 
  38:Core/Src/spi.c ****   /* USER CODE BEGIN SPI1_Init 1 */
  39:Core/Src/spi.c **** 
  40:Core/Src/spi.c ****   /* USER CODE END SPI1_Init 1 */
  41:Core/Src/spi.c ****   hspi1.Instance = SPI1;
  38              		.loc 1 41 3 view .LVU1
  39              		.loc 1 41 18 is_stmt 0 view .LVU2
  40 0002 0F48     		ldr	r0, .L5
  41 0004 0F4B     		ldr	r3, .L5+4
  42 0006 0360     		str	r3, [r0]
  42:Core/Src/spi.c ****   hspi1.Init.Mode = SPI_MODE_MASTER;
  43              		.loc 1 42 3 is_stmt 1 view .LVU3
  44              		.loc 1 42 19 is_stmt 0 view .LVU4
  45 0008 4FF48273 		mov	r3, #260
  46 000c 4360     		str	r3, [r0, #4]
  43:Core/Src/spi.c ****   hspi1.Init.Direction = SPI_DIRECTION_2LINES;
  47              		.loc 1 43 3 is_stmt 1 view .LVU5
  48              		.loc 1 43 24 is_stmt 0 view .LVU6
  49 000e 0023     		movs	r3, #0
  50 0010 8360     		str	r3, [r0, #8]
  44:Core/Src/spi.c ****   hspi1.Init.DataSize = SPI_DATASIZE_16BIT;
  51              		.loc 1 44 3 is_stmt 1 view .LVU7
  52              		.loc 1 44 23 is_stmt 0 view .LVU8
  53 0012 4FF40062 		mov	r2, #2048
  54 0016 C260     		str	r2, [r0, #12]
  45:Core/Src/spi.c ****   hspi1.Init.CLKPolarity = SPI_POLARITY_LOW;
  55              		.loc 1 45 3 is_stmt 1 view .LVU9
  56              		.loc 1 45 26 is_stmt 0 view .LVU10
  57 0018 0361     		str	r3, [r0, #16]
  46:Core/Src/spi.c ****   hspi1.Init.CLKPhase = SPI_PHASE_1EDGE;
  58              		.loc 1 46 3 is_stmt 1 view .LVU11
  59              		.loc 1 46 23 is_stmt 0 view .LVU12
  60 001a 4361     		str	r3, [r0, #20]
  47:Core/Src/spi.c ****   hspi1.Init.NSS = SPI_NSS_SOFT;
  61              		.loc 1 47 3 is_stmt 1 view .LVU13
  62              		.loc 1 47 18 is_stmt 0 view .LVU14
  63 001c 4FF40072 		mov	r2, #512
  64 0020 8261     		str	r2, [r0, #24]
  48:Core/Src/spi.c ****   hspi1.Init.BaudRatePrescaler = SPI_BAUDRATEPRESCALER_128;
  65              		.loc 1 48 3 is_stmt 1 view .LVU15
  66              		.loc 1 48 32 is_stmt 0 view .LVU16
  67 0022 3022     		movs	r2, #48
ARM GAS  /tmp/cc6Zq9dN.s 			page 3


  68 0024 C261     		str	r2, [r0, #28]
  49:Core/Src/spi.c ****   hspi1.Init.FirstBit = SPI_FIRSTBIT_MSB;
  69              		.loc 1 49 3 is_stmt 1 view .LVU17
  70              		.loc 1 49 23 is_stmt 0 view .LVU18
  71 0026 0362     		str	r3, [r0, #32]
  50:Core/Src/spi.c ****   hspi1.Init.TIMode = SPI_TIMODE_DISABLE;
  72              		.loc 1 50 3 is_stmt 1 view .LVU19
  73              		.loc 1 50 21 is_stmt 0 view .LVU20
  74 0028 4362     		str	r3, [r0, #36]
  51:Core/Src/spi.c ****   hspi1.Init.CRCCalculation = SPI_CRCCALCULATION_DISABLE;
  75              		.loc 1 51 3 is_stmt 1 view .LVU21
  76              		.loc 1 51 29 is_stmt 0 view .LVU22
  77 002a 8362     		str	r3, [r0, #40]
  52:Core/Src/spi.c ****   hspi1.Init.CRCPolynomial = 10;
  78              		.loc 1 52 3 is_stmt 1 view .LVU23
  79              		.loc 1 52 28 is_stmt 0 view .LVU24
  80 002c 0A23     		movs	r3, #10
  81 002e C362     		str	r3, [r0, #44]
  53:Core/Src/spi.c ****   if (HAL_SPI_Init(&hspi1) != HAL_OK)
  82              		.loc 1 53 3 is_stmt 1 view .LVU25
  83              		.loc 1 53 7 is_stmt 0 view .LVU26
  84 0030 FFF7FEFF 		bl	HAL_SPI_Init
  85              	.LVL0:
  86              		.loc 1 53 6 view .LVU27
  87 0034 00B9     		cbnz	r0, .L4
  88              	.L1:
  54:Core/Src/spi.c ****   {
  55:Core/Src/spi.c ****     Error_Handler();
  56:Core/Src/spi.c ****   }
  57:Core/Src/spi.c ****   /* USER CODE BEGIN SPI1_Init 2 */
  58:Core/Src/spi.c **** 
  59:Core/Src/spi.c ****   /* USER CODE END SPI1_Init 2 */
  60:Core/Src/spi.c **** 
  61:Core/Src/spi.c **** }
  89              		.loc 1 61 1 view .LVU28
  90 0036 08BD     		pop	{r3, pc}
  91              	.L4:
  55:Core/Src/spi.c ****   }
  92              		.loc 1 55 5 is_stmt 1 view .LVU29
  93 0038 FFF7FEFF 		bl	Error_Handler
  94              	.LVL1:
  95              		.loc 1 61 1 is_stmt 0 view .LVU30
  96 003c FBE7     		b	.L1
  97              	.L6:
  98 003e 00BF     		.align	2
  99              	.L5:
 100 0040 00000000 		.word	.LANCHOR0
 101 0044 00300140 		.word	1073819648
 102              		.cfi_endproc
 103              	.LFE130:
 105              		.section	.text.HAL_SPI_MspInit,"ax",%progbits
 106              		.align	1
 107              		.global	HAL_SPI_MspInit
 108              		.syntax unified
 109              		.thumb
 110              		.thumb_func
 112              	HAL_SPI_MspInit:
ARM GAS  /tmp/cc6Zq9dN.s 			page 4


 113              	.LVL2:
 114              	.LFB131:
  62:Core/Src/spi.c **** 
  63:Core/Src/spi.c **** void HAL_SPI_MspInit(SPI_HandleTypeDef* spiHandle)
  64:Core/Src/spi.c **** {
 115              		.loc 1 64 1 is_stmt 1 view -0
 116              		.cfi_startproc
 117              		@ args = 0, pretend = 0, frame = 32
 118              		@ frame_needed = 0, uses_anonymous_args = 0
 119              		.loc 1 64 1 is_stmt 0 view .LVU32
 120 0000 30B5     		push	{r4, r5, lr}
 121              	.LCFI1:
 122              		.cfi_def_cfa_offset 12
 123              		.cfi_offset 4, -12
 124              		.cfi_offset 5, -8
 125              		.cfi_offset 14, -4
 126 0002 89B0     		sub	sp, sp, #36
 127              	.LCFI2:
 128              		.cfi_def_cfa_offset 48
  65:Core/Src/spi.c **** 
  66:Core/Src/spi.c ****   GPIO_InitTypeDef GPIO_InitStruct = {0};
 129              		.loc 1 66 3 is_stmt 1 view .LVU33
 130              		.loc 1 66 20 is_stmt 0 view .LVU34
 131 0004 0023     		movs	r3, #0
 132 0006 0393     		str	r3, [sp, #12]
 133 0008 0493     		str	r3, [sp, #16]
 134 000a 0593     		str	r3, [sp, #20]
 135 000c 0693     		str	r3, [sp, #24]
 136 000e 0793     		str	r3, [sp, #28]
  67:Core/Src/spi.c ****   if(spiHandle->Instance==SPI1)
 137              		.loc 1 67 3 is_stmt 1 view .LVU35
 138              		.loc 1 67 15 is_stmt 0 view .LVU36
 139 0010 0268     		ldr	r2, [r0]
 140              		.loc 1 67 5 view .LVU37
 141 0012 234B     		ldr	r3, .L13
 142 0014 9A42     		cmp	r2, r3
 143 0016 01D0     		beq	.L11
 144              	.LVL3:
 145              	.L7:
  68:Core/Src/spi.c ****   {
  69:Core/Src/spi.c ****   /* USER CODE BEGIN SPI1_MspInit 0 */
  70:Core/Src/spi.c **** 
  71:Core/Src/spi.c ****   /* USER CODE END SPI1_MspInit 0 */
  72:Core/Src/spi.c ****     /* SPI1 clock enable */
  73:Core/Src/spi.c ****     __HAL_RCC_SPI1_CLK_ENABLE();
  74:Core/Src/spi.c **** 
  75:Core/Src/spi.c ****     __HAL_RCC_GPIOB_CLK_ENABLE();
  76:Core/Src/spi.c ****     /**SPI1 GPIO Configuration
  77:Core/Src/spi.c ****     PB3     ------> SPI1_SCK
  78:Core/Src/spi.c ****     PB4     ------> SPI1_MISO
  79:Core/Src/spi.c ****     PB5     ------> SPI1_MOSI
  80:Core/Src/spi.c ****     */
  81:Core/Src/spi.c ****     GPIO_InitStruct.Pin = GPIO_PIN_3|GPIO_PIN_4|GPIO_PIN_5;
  82:Core/Src/spi.c ****     GPIO_InitStruct.Mode = GPIO_MODE_AF_PP;
  83:Core/Src/spi.c ****     GPIO_InitStruct.Pull = GPIO_NOPULL;
  84:Core/Src/spi.c ****     GPIO_InitStruct.Speed = GPIO_SPEED_FREQ_VERY_HIGH;
  85:Core/Src/spi.c ****     GPIO_InitStruct.Alternate = GPIO_AF5_SPI1;
ARM GAS  /tmp/cc6Zq9dN.s 			page 5


  86:Core/Src/spi.c ****     HAL_GPIO_Init(GPIOB, &GPIO_InitStruct);
  87:Core/Src/spi.c **** 
  88:Core/Src/spi.c ****     /* SPI1 DMA Init */
  89:Core/Src/spi.c ****     /* SPI1_RX Init */
  90:Core/Src/spi.c ****     hdma_spi1_rx.Instance = DMA2_Stream0;
  91:Core/Src/spi.c ****     hdma_spi1_rx.Init.Channel = DMA_CHANNEL_3;
  92:Core/Src/spi.c ****     hdma_spi1_rx.Init.Direction = DMA_PERIPH_TO_MEMORY;
  93:Core/Src/spi.c ****     hdma_spi1_rx.Init.PeriphInc = DMA_PINC_DISABLE;
  94:Core/Src/spi.c ****     hdma_spi1_rx.Init.MemInc = DMA_MINC_ENABLE;
  95:Core/Src/spi.c ****     hdma_spi1_rx.Init.PeriphDataAlignment = DMA_PDATAALIGN_HALFWORD;
  96:Core/Src/spi.c ****     hdma_spi1_rx.Init.MemDataAlignment = DMA_MDATAALIGN_HALFWORD;
  97:Core/Src/spi.c ****     hdma_spi1_rx.Init.Mode = DMA_NORMAL;
  98:Core/Src/spi.c ****     hdma_spi1_rx.Init.Priority = DMA_PRIORITY_LOW;
  99:Core/Src/spi.c ****     hdma_spi1_rx.Init.FIFOMode = DMA_FIFOMODE_DISABLE;
 100:Core/Src/spi.c ****     if (HAL_DMA_Init(&hdma_spi1_rx) != HAL_OK)
 101:Core/Src/spi.c ****     {
 102:Core/Src/spi.c ****       Error_Handler();
 103:Core/Src/spi.c ****     }
 104:Core/Src/spi.c **** 
 105:Core/Src/spi.c ****     __HAL_LINKDMA(spiHandle,hdmarx,hdma_spi1_rx);
 106:Core/Src/spi.c **** 
 107:Core/Src/spi.c ****   /* USER CODE BEGIN SPI1_MspInit 1 */
 108:Core/Src/spi.c **** 
 109:Core/Src/spi.c ****   /* USER CODE END SPI1_MspInit 1 */
 110:Core/Src/spi.c ****   }
 111:Core/Src/spi.c **** }
 146              		.loc 1 111 1 view .LVU38
 147 0018 09B0     		add	sp, sp, #36
 148              	.LCFI3:
 149              		.cfi_remember_state
 150              		.cfi_def_cfa_offset 12
 151              		@ sp needed
 152 001a 30BD     		pop	{r4, r5, pc}
 153              	.LVL4:
 154              	.L11:
 155              	.LCFI4:
 156              		.cfi_restore_state
 157              		.loc 1 111 1 view .LVU39
 158 001c 0446     		mov	r4, r0
  73:Core/Src/spi.c **** 
 159              		.loc 1 73 5 is_stmt 1 view .LVU40
 160              	.LBB2:
  73:Core/Src/spi.c **** 
 161              		.loc 1 73 5 view .LVU41
 162 001e 0025     		movs	r5, #0
 163 0020 0195     		str	r5, [sp, #4]
  73:Core/Src/spi.c **** 
 164              		.loc 1 73 5 view .LVU42
 165 0022 03F58433 		add	r3, r3, #67584
 166 0026 5A6C     		ldr	r2, [r3, #68]
 167 0028 42F48052 		orr	r2, r2, #4096
 168 002c 5A64     		str	r2, [r3, #68]
  73:Core/Src/spi.c **** 
 169              		.loc 1 73 5 view .LVU43
 170 002e 5A6C     		ldr	r2, [r3, #68]
 171 0030 02F48052 		and	r2, r2, #4096
 172 0034 0192     		str	r2, [sp, #4]
ARM GAS  /tmp/cc6Zq9dN.s 			page 6


  73:Core/Src/spi.c **** 
 173              		.loc 1 73 5 view .LVU44
 174 0036 019A     		ldr	r2, [sp, #4]
 175              	.LBE2:
  73:Core/Src/spi.c **** 
 176              		.loc 1 73 5 view .LVU45
  75:Core/Src/spi.c ****     /**SPI1 GPIO Configuration
 177              		.loc 1 75 5 view .LVU46
 178              	.LBB3:
  75:Core/Src/spi.c ****     /**SPI1 GPIO Configuration
 179              		.loc 1 75 5 view .LVU47
 180 0038 0295     		str	r5, [sp, #8]
  75:Core/Src/spi.c ****     /**SPI1 GPIO Configuration
 181              		.loc 1 75 5 view .LVU48
 182 003a 1A6B     		ldr	r2, [r3, #48]
 183 003c 42F00202 		orr	r2, r2, #2
 184 0040 1A63     		str	r2, [r3, #48]
  75:Core/Src/spi.c ****     /**SPI1 GPIO Configuration
 185              		.loc 1 75 5 view .LVU49
 186 0042 1B6B     		ldr	r3, [r3, #48]
 187 0044 03F00203 		and	r3, r3, #2
 188 0048 0293     		str	r3, [sp, #8]
  75:Core/Src/spi.c ****     /**SPI1 GPIO Configuration
 189              		.loc 1 75 5 view .LVU50
 190 004a 029B     		ldr	r3, [sp, #8]
 191              	.LBE3:
  75:Core/Src/spi.c ****     /**SPI1 GPIO Configuration
 192              		.loc 1 75 5 view .LVU51
  81:Core/Src/spi.c ****     GPIO_InitStruct.Mode = GPIO_MODE_AF_PP;
 193              		.loc 1 81 5 view .LVU52
  81:Core/Src/spi.c ****     GPIO_InitStruct.Mode = GPIO_MODE_AF_PP;
 194              		.loc 1 81 25 is_stmt 0 view .LVU53
 195 004c 3823     		movs	r3, #56
 196 004e 0393     		str	r3, [sp, #12]
  82:Core/Src/spi.c ****     GPIO_InitStruct.Pull = GPIO_NOPULL;
 197              		.loc 1 82 5 is_stmt 1 view .LVU54
  82:Core/Src/spi.c ****     GPIO_InitStruct.Pull = GPIO_NOPULL;
 198              		.loc 1 82 26 is_stmt 0 view .LVU55
 199 0050 0223     		movs	r3, #2
 200 0052 0493     		str	r3, [sp, #16]
  83:Core/Src/spi.c ****     GPIO_InitStruct.Speed = GPIO_SPEED_FREQ_VERY_HIGH;
 201              		.loc 1 83 5 is_stmt 1 view .LVU56
  84:Core/Src/spi.c ****     GPIO_InitStruct.Alternate = GPIO_AF5_SPI1;
 202              		.loc 1 84 5 view .LVU57
  84:Core/Src/spi.c ****     GPIO_InitStruct.Alternate = GPIO_AF5_SPI1;
 203              		.loc 1 84 27 is_stmt 0 view .LVU58
 204 0054 0323     		movs	r3, #3
 205 0056 0693     		str	r3, [sp, #24]
  85:Core/Src/spi.c ****     HAL_GPIO_Init(GPIOB, &GPIO_InitStruct);
 206              		.loc 1 85 5 is_stmt 1 view .LVU59
  85:Core/Src/spi.c ****     HAL_GPIO_Init(GPIOB, &GPIO_InitStruct);
 207              		.loc 1 85 31 is_stmt 0 view .LVU60
 208 0058 0523     		movs	r3, #5
 209 005a 0793     		str	r3, [sp, #28]
  86:Core/Src/spi.c **** 
 210              		.loc 1 86 5 is_stmt 1 view .LVU61
 211 005c 03A9     		add	r1, sp, #12
ARM GAS  /tmp/cc6Zq9dN.s 			page 7


 212 005e 1148     		ldr	r0, .L13+4
 213              	.LVL5:
  86:Core/Src/spi.c **** 
 214              		.loc 1 86 5 is_stmt 0 view .LVU62
 215 0060 FFF7FEFF 		bl	HAL_GPIO_Init
 216              	.LVL6:
  90:Core/Src/spi.c ****     hdma_spi1_rx.Init.Channel = DMA_CHANNEL_3;
 217              		.loc 1 90 5 is_stmt 1 view .LVU63
  90:Core/Src/spi.c ****     hdma_spi1_rx.Init.Channel = DMA_CHANNEL_3;
 218              		.loc 1 90 27 is_stmt 0 view .LVU64
 219 0064 1048     		ldr	r0, .L13+8
 220 0066 114B     		ldr	r3, .L13+12
 221 0068 0360     		str	r3, [r0]
  91:Core/Src/spi.c ****     hdma_spi1_rx.Init.Direction = DMA_PERIPH_TO_MEMORY;
 222              		.loc 1 91 5 is_stmt 1 view .LVU65
  91:Core/Src/spi.c ****     hdma_spi1_rx.Init.Direction = DMA_PERIPH_TO_MEMORY;
 223              		.loc 1 91 31 is_stmt 0 view .LVU66
 224 006a 4FF0C063 		mov	r3, #100663296
 225 006e 4360     		str	r3, [r0, #4]
  92:Core/Src/spi.c ****     hdma_spi1_rx.Init.PeriphInc = DMA_PINC_DISABLE;
 226              		.loc 1 92 5 is_stmt 1 view .LVU67
  92:Core/Src/spi.c ****     hdma_spi1_rx.Init.PeriphInc = DMA_PINC_DISABLE;
 227              		.loc 1 92 33 is_stmt 0 view .LVU68
 228 0070 8560     		str	r5, [r0, #8]
  93:Core/Src/spi.c ****     hdma_spi1_rx.Init.MemInc = DMA_MINC_ENABLE;
 229              		.loc 1 93 5 is_stmt 1 view .LVU69
  93:Core/Src/spi.c ****     hdma_spi1_rx.Init.MemInc = DMA_MINC_ENABLE;
 230              		.loc 1 93 33 is_stmt 0 view .LVU70
 231 0072 C560     		str	r5, [r0, #12]
  94:Core/Src/spi.c ****     hdma_spi1_rx.Init.PeriphDataAlignment = DMA_PDATAALIGN_HALFWORD;
 232              		.loc 1 94 5 is_stmt 1 view .LVU71
  94:Core/Src/spi.c ****     hdma_spi1_rx.Init.PeriphDataAlignment = DMA_PDATAALIGN_HALFWORD;
 233              		.loc 1 94 30 is_stmt 0 view .LVU72
 234 0074 4FF48063 		mov	r3, #1024
 235 0078 0361     		str	r3, [r0, #16]
  95:Core/Src/spi.c ****     hdma_spi1_rx.Init.MemDataAlignment = DMA_MDATAALIGN_HALFWORD;
 236              		.loc 1 95 5 is_stmt 1 view .LVU73
  95:Core/Src/spi.c ****     hdma_spi1_rx.Init.MemDataAlignment = DMA_MDATAALIGN_HALFWORD;
 237              		.loc 1 95 43 is_stmt 0 view .LVU74
 238 007a 4FF40063 		mov	r3, #2048
 239 007e 4361     		str	r3, [r0, #20]
  96:Core/Src/spi.c ****     hdma_spi1_rx.Init.Mode = DMA_NORMAL;
 240              		.loc 1 96 5 is_stmt 1 view .LVU75
  96:Core/Src/spi.c ****     hdma_spi1_rx.Init.Mode = DMA_NORMAL;
 241              		.loc 1 96 40 is_stmt 0 view .LVU76
 242 0080 4FF40053 		mov	r3, #8192
 243 0084 8361     		str	r3, [r0, #24]
  97:Core/Src/spi.c ****     hdma_spi1_rx.Init.Priority = DMA_PRIORITY_LOW;
 244              		.loc 1 97 5 is_stmt 1 view .LVU77
  97:Core/Src/spi.c ****     hdma_spi1_rx.Init.Priority = DMA_PRIORITY_LOW;
 245              		.loc 1 97 28 is_stmt 0 view .LVU78
 246 0086 C561     		str	r5, [r0, #28]
  98:Core/Src/spi.c ****     hdma_spi1_rx.Init.FIFOMode = DMA_FIFOMODE_DISABLE;
 247              		.loc 1 98 5 is_stmt 1 view .LVU79
  98:Core/Src/spi.c ****     hdma_spi1_rx.Init.FIFOMode = DMA_FIFOMODE_DISABLE;
 248              		.loc 1 98 32 is_stmt 0 view .LVU80
 249 0088 0562     		str	r5, [r0, #32]
ARM GAS  /tmp/cc6Zq9dN.s 			page 8


  99:Core/Src/spi.c ****     if (HAL_DMA_Init(&hdma_spi1_rx) != HAL_OK)
 250              		.loc 1 99 5 is_stmt 1 view .LVU81
  99:Core/Src/spi.c ****     if (HAL_DMA_Init(&hdma_spi1_rx) != HAL_OK)
 251              		.loc 1 99 32 is_stmt 0 view .LVU82
 252 008a 4562     		str	r5, [r0, #36]
 100:Core/Src/spi.c ****     {
 253              		.loc 1 100 5 is_stmt 1 view .LVU83
 100:Core/Src/spi.c ****     {
 254              		.loc 1 100 9 is_stmt 0 view .LVU84
 255 008c FFF7FEFF 		bl	HAL_DMA_Init
 256              	.LVL7:
 100:Core/Src/spi.c ****     {
 257              		.loc 1 100 8 view .LVU85
 258 0090 18B9     		cbnz	r0, .L12
 259              	.L9:
 105:Core/Src/spi.c **** 
 260              		.loc 1 105 5 is_stmt 1 view .LVU86
 105:Core/Src/spi.c **** 
 261              		.loc 1 105 5 view .LVU87
 262 0092 054B     		ldr	r3, .L13+8
 263 0094 E364     		str	r3, [r4, #76]
 105:Core/Src/spi.c **** 
 264              		.loc 1 105 5 view .LVU88
 265 0096 9C63     		str	r4, [r3, #56]
 105:Core/Src/spi.c **** 
 266              		.loc 1 105 5 view .LVU89
 267              		.loc 1 111 1 is_stmt 0 view .LVU90
 268 0098 BEE7     		b	.L7
 269              	.L12:
 102:Core/Src/spi.c ****     }
 270              		.loc 1 102 7 is_stmt 1 view .LVU91
 271 009a FFF7FEFF 		bl	Error_Handler
 272              	.LVL8:
 273 009e F8E7     		b	.L9
 274              	.L14:
 275              		.align	2
 276              	.L13:
 277 00a0 00300140 		.word	1073819648
 278 00a4 00040240 		.word	1073873920
 279 00a8 00000000 		.word	.LANCHOR1
 280 00ac 10640240 		.word	1073898512
 281              		.cfi_endproc
 282              	.LFE131:
 284              		.section	.text.HAL_SPI_MspDeInit,"ax",%progbits
 285              		.align	1
 286              		.global	HAL_SPI_MspDeInit
 287              		.syntax unified
 288              		.thumb
 289              		.thumb_func
 291              	HAL_SPI_MspDeInit:
 292              	.LVL9:
 293              	.LFB132:
 112:Core/Src/spi.c **** 
 113:Core/Src/spi.c **** void HAL_SPI_MspDeInit(SPI_HandleTypeDef* spiHandle)
 114:Core/Src/spi.c **** {
 294              		.loc 1 114 1 view -0
 295              		.cfi_startproc
ARM GAS  /tmp/cc6Zq9dN.s 			page 9


 296              		@ args = 0, pretend = 0, frame = 0
 297              		@ frame_needed = 0, uses_anonymous_args = 0
 115:Core/Src/spi.c **** 
 116:Core/Src/spi.c ****   if(spiHandle->Instance==SPI1)
 298              		.loc 1 116 3 view .LVU93
 299              		.loc 1 116 15 is_stmt 0 view .LVU94
 300 0000 0268     		ldr	r2, [r0]
 301              		.loc 1 116 5 view .LVU95
 302 0002 094B     		ldr	r3, .L22
 303 0004 9A42     		cmp	r2, r3
 304 0006 00D0     		beq	.L21
 305 0008 7047     		bx	lr
 306              	.L21:
 114:Core/Src/spi.c **** 
 307              		.loc 1 114 1 view .LVU96
 308 000a 10B5     		push	{r4, lr}
 309              	.LCFI5:
 310              		.cfi_def_cfa_offset 8
 311              		.cfi_offset 4, -8
 312              		.cfi_offset 14, -4
 313 000c 0446     		mov	r4, r0
 117:Core/Src/spi.c ****   {
 118:Core/Src/spi.c ****   /* USER CODE BEGIN SPI1_MspDeInit 0 */
 119:Core/Src/spi.c **** 
 120:Core/Src/spi.c ****   /* USER CODE END SPI1_MspDeInit 0 */
 121:Core/Src/spi.c ****     /* Peripheral clock disable */
 122:Core/Src/spi.c ****     __HAL_RCC_SPI1_CLK_DISABLE();
 314              		.loc 1 122 5 is_stmt 1 view .LVU97
 315 000e 074A     		ldr	r2, .L22+4
 316 0010 536C     		ldr	r3, [r2, #68]
 317 0012 23F48053 		bic	r3, r3, #4096
 318 0016 5364     		str	r3, [r2, #68]
 123:Core/Src/spi.c **** 
 124:Core/Src/spi.c ****     /**SPI1 GPIO Configuration
 125:Core/Src/spi.c ****     PB3     ------> SPI1_SCK
 126:Core/Src/spi.c ****     PB4     ------> SPI1_MISO
 127:Core/Src/spi.c ****     PB5     ------> SPI1_MOSI
 128:Core/Src/spi.c ****     */
 129:Core/Src/spi.c ****     HAL_GPIO_DeInit(GPIOB, GPIO_PIN_3|GPIO_PIN_4|GPIO_PIN_5);
 319              		.loc 1 129 5 view .LVU98
 320 0018 3821     		movs	r1, #56
 321 001a 0548     		ldr	r0, .L22+8
 322              	.LVL10:
 323              		.loc 1 129 5 is_stmt 0 view .LVU99
 324 001c FFF7FEFF 		bl	HAL_GPIO_DeInit
 325              	.LVL11:
 130:Core/Src/spi.c **** 
 131:Core/Src/spi.c ****     /* SPI1 DMA DeInit */
 132:Core/Src/spi.c ****     HAL_DMA_DeInit(spiHandle->hdmarx);
 326              		.loc 1 132 5 is_stmt 1 view .LVU100
 327 0020 E06C     		ldr	r0, [r4, #76]
 328 0022 FFF7FEFF 		bl	HAL_DMA_DeInit
 329              	.LVL12:
 133:Core/Src/spi.c ****   /* USER CODE BEGIN SPI1_MspDeInit 1 */
 134:Core/Src/spi.c **** 
 135:Core/Src/spi.c ****   /* USER CODE END SPI1_MspDeInit 1 */
 136:Core/Src/spi.c ****   }
ARM GAS  /tmp/cc6Zq9dN.s 			page 10


 137:Core/Src/spi.c **** }
 330              		.loc 1 137 1 is_stmt 0 view .LVU101
 331 0026 10BD     		pop	{r4, pc}
 332              	.LVL13:
 333              	.L23:
 334              		.loc 1 137 1 view .LVU102
 335              		.align	2
 336              	.L22:
 337 0028 00300140 		.word	1073819648
 338 002c 00380240 		.word	1073887232
 339 0030 00040240 		.word	1073873920
 340              		.cfi_endproc
 341              	.LFE132:
 343              		.global	hdma_spi1_rx
 344              		.global	hspi1
 345              		.section	.bss.hdma_spi1_rx,"aw",%nobits
 346              		.align	2
 347              		.set	.LANCHOR1,. + 0
 350              	hdma_spi1_rx:
 351 0000 00000000 		.space	96
 351      00000000 
 351      00000000 
 351      00000000 
 351      00000000 
 352              		.section	.bss.hspi1,"aw",%nobits
 353              		.align	2
 354              		.set	.LANCHOR0,. + 0
 357              	hspi1:
 358 0000 00000000 		.space	88
 358      00000000 
 358      00000000 
 358      00000000 
 358      00000000 
 359              		.text
 360              	.Letext0:
 361              		.file 2 "/home/akinya/gcc-arm-none-eabi/arm-none-eabi/include/machine/_default_types.h"
 362              		.file 3 "/home/akinya/gcc-arm-none-eabi/arm-none-eabi/include/sys/_stdint.h"
 363              		.file 4 "Drivers/CMSIS/Device/ST/STM32F4xx/Include/stm32f407xx.h"
 364              		.file 5 "Drivers/STM32F4xx_HAL_Driver/Inc/stm32f4xx_hal_def.h"
 365              		.file 6 "Drivers/STM32F4xx_HAL_Driver/Inc/stm32f4xx_hal_gpio.h"
 366              		.file 7 "Drivers/STM32F4xx_HAL_Driver/Inc/stm32f4xx_hal_dma.h"
 367              		.file 8 "Drivers/STM32F4xx_HAL_Driver/Inc/stm32f4xx_hal_spi.h"
 368              		.file 9 "Core/Inc/spi.h"
 369              		.file 10 "Core/Inc/main.h"
ARM GAS  /tmp/cc6Zq9dN.s 			page 11


DEFINED SYMBOLS
                            *ABS*:0000000000000000 spi.c
     /tmp/cc6Zq9dN.s:20     .text.MX_SPI1_Init:0000000000000000 $t
     /tmp/cc6Zq9dN.s:26     .text.MX_SPI1_Init:0000000000000000 MX_SPI1_Init
     /tmp/cc6Zq9dN.s:100    .text.MX_SPI1_Init:0000000000000040 $d
     /tmp/cc6Zq9dN.s:106    .text.HAL_SPI_MspInit:0000000000000000 $t
     /tmp/cc6Zq9dN.s:112    .text.HAL_SPI_MspInit:0000000000000000 HAL_SPI_MspInit
     /tmp/cc6Zq9dN.s:277    .text.HAL_SPI_MspInit:00000000000000a0 $d
     /tmp/cc6Zq9dN.s:285    .text.HAL_SPI_MspDeInit:0000000000000000 $t
     /tmp/cc6Zq9dN.s:291    .text.HAL_SPI_MspDeInit:0000000000000000 HAL_SPI_MspDeInit
     /tmp/cc6Zq9dN.s:337    .text.HAL_SPI_MspDeInit:0000000000000028 $d
     /tmp/cc6Zq9dN.s:350    .bss.hdma_spi1_rx:0000000000000000 hdma_spi1_rx
     /tmp/cc6Zq9dN.s:357    .bss.hspi1:0000000000000000 hspi1
     /tmp/cc6Zq9dN.s:346    .bss.hdma_spi1_rx:0000000000000000 $d
     /tmp/cc6Zq9dN.s:353    .bss.hspi1:0000000000000000 $d

UNDEFINED SYMBOLS
HAL_SPI_Init
Error_Handler
HAL_GPIO_Init
HAL_DMA_Init
HAL_GPIO_DeInit
HAL_DMA_DeInit
