ARM GAS  /tmp/ccBsP472.s 			page 1


   1              		.cpu cortex-m4
   2              		.eabi_attribute 27, 1
   3              		.eabi_attribute 28, 1
   4              		.eabi_attribute 20, 1
   5              		.eabi_attribute 21, 1
   6              		.eabi_attribute 23, 3
   7              		.eabi_attribute 24, 1
   8              		.eabi_attribute 25, 1
   9              		.eabi_attribute 26, 1
  10              		.eabi_attribute 30, 1
  11              		.eabi_attribute 34, 1
  12              		.eabi_attribute 18, 4
  13              		.file	"tim.c"
  14              		.text
  15              	.Ltext0:
  16              		.cfi_sections	.debug_frame
  17              		.section	.text.MX_TIM2_Init,"ax",%progbits
  18              		.align	1
  19              		.global	MX_TIM2_Init
  20              		.arch armv7e-m
  21              		.syntax unified
  22              		.thumb
  23              		.thumb_func
  24              		.fpu fpv4-sp-d16
  26              	MX_TIM2_Init:
  27              	.LFB235:
  28              		.file 1 "Core/Src/tim.c"
   1:Core/Src/tim.c **** /**
   2:Core/Src/tim.c ****   ******************************************************************************
   3:Core/Src/tim.c ****   * @file    tim.c
   4:Core/Src/tim.c ****   * @brief   This file provides code for the configuration
   5:Core/Src/tim.c ****   *          of the TIM instances.
   6:Core/Src/tim.c ****   ******************************************************************************
   7:Core/Src/tim.c ****   * @attention
   8:Core/Src/tim.c ****   *
   9:Core/Src/tim.c ****   * <h2><center>&copy; Copyright (c) 2021 STMicroelectronics.
  10:Core/Src/tim.c ****   * All rights reserved.</center></h2>
  11:Core/Src/tim.c ****   *
  12:Core/Src/tim.c ****   * This software component is licensed by ST under Ultimate Liberty license
  13:Core/Src/tim.c ****   * SLA0044, the "License"; You may not use this file except in compliance with
  14:Core/Src/tim.c ****   * the License. You may obtain a copy of the License at:
  15:Core/Src/tim.c ****   *                             www.st.com/SLA0044
  16:Core/Src/tim.c ****   *
  17:Core/Src/tim.c ****   ******************************************************************************
  18:Core/Src/tim.c ****   */
  19:Core/Src/tim.c **** 
  20:Core/Src/tim.c **** /* Includes ------------------------------------------------------------------*/
  21:Core/Src/tim.c **** #include "tim.h"
  22:Core/Src/tim.c **** 
  23:Core/Src/tim.c **** /* USER CODE BEGIN 0 */
  24:Core/Src/tim.c **** 
  25:Core/Src/tim.c **** /* USER CODE END 0 */
  26:Core/Src/tim.c **** 
  27:Core/Src/tim.c **** TIM_HandleTypeDef htim2;
  28:Core/Src/tim.c **** 
  29:Core/Src/tim.c **** /* TIM2 init function */
  30:Core/Src/tim.c **** void MX_TIM2_Init(void)
ARM GAS  /tmp/ccBsP472.s 			page 2


  31:Core/Src/tim.c **** {
  29              		.loc 1 31 1 view -0
  30              		.cfi_startproc
  31              		@ args = 0, pretend = 0, frame = 24
  32              		@ frame_needed = 0, uses_anonymous_args = 0
  33 0000 00B5     		push	{lr}
  34              	.LCFI0:
  35              		.cfi_def_cfa_offset 4
  36              		.cfi_offset 14, -4
  37 0002 87B0     		sub	sp, sp, #28
  38              	.LCFI1:
  39              		.cfi_def_cfa_offset 32
  32:Core/Src/tim.c **** 
  33:Core/Src/tim.c ****   /* USER CODE BEGIN TIM2_Init 0 */
  34:Core/Src/tim.c **** 
  35:Core/Src/tim.c ****   /* USER CODE END TIM2_Init 0 */
  36:Core/Src/tim.c **** 
  37:Core/Src/tim.c ****   TIM_ClockConfigTypeDef sClockSourceConfig = {0};
  40              		.loc 1 37 3 view .LVU1
  41              		.loc 1 37 26 is_stmt 0 view .LVU2
  42 0004 0023     		movs	r3, #0
  43 0006 0293     		str	r3, [sp, #8]
  44 0008 0393     		str	r3, [sp, #12]
  45 000a 0493     		str	r3, [sp, #16]
  46 000c 0593     		str	r3, [sp, #20]
  38:Core/Src/tim.c ****   TIM_MasterConfigTypeDef sMasterConfig = {0};
  47              		.loc 1 38 3 is_stmt 1 view .LVU3
  48              		.loc 1 38 27 is_stmt 0 view .LVU4
  49 000e 0093     		str	r3, [sp]
  50 0010 0193     		str	r3, [sp, #4]
  39:Core/Src/tim.c **** 
  40:Core/Src/tim.c ****   /* USER CODE BEGIN TIM2_Init 1 */
  41:Core/Src/tim.c **** 
  42:Core/Src/tim.c ****   /* USER CODE END TIM2_Init 1 */
  43:Core/Src/tim.c ****   htim2.Instance = TIM2;
  51              		.loc 1 43 3 is_stmt 1 view .LVU5
  52              		.loc 1 43 18 is_stmt 0 view .LVU6
  53 0012 1548     		ldr	r0, .L9
  54 0014 4FF08042 		mov	r2, #1073741824
  55 0018 0260     		str	r2, [r0]
  44:Core/Src/tim.c ****   htim2.Init.Prescaler = 84-1;
  56              		.loc 1 44 3 is_stmt 1 view .LVU7
  57              		.loc 1 44 24 is_stmt 0 view .LVU8
  58 001a 5322     		movs	r2, #83
  59 001c 4260     		str	r2, [r0, #4]
  45:Core/Src/tim.c ****   htim2.Init.CounterMode = TIM_COUNTERMODE_UP;
  60              		.loc 1 45 3 is_stmt 1 view .LVU9
  61              		.loc 1 45 26 is_stmt 0 view .LVU10
  62 001e 8360     		str	r3, [r0, #8]
  46:Core/Src/tim.c ****   htim2.Init.Period = 5000-1;
  63              		.loc 1 46 3 is_stmt 1 view .LVU11
  64              		.loc 1 46 21 is_stmt 0 view .LVU12
  65 0020 41F28732 		movw	r2, #4999
  66 0024 C260     		str	r2, [r0, #12]
  47:Core/Src/tim.c ****   htim2.Init.ClockDivision = TIM_CLOCKDIVISION_DIV1;
  67              		.loc 1 47 3 is_stmt 1 view .LVU13
  68              		.loc 1 47 28 is_stmt 0 view .LVU14
ARM GAS  /tmp/ccBsP472.s 			page 3


  69 0026 0361     		str	r3, [r0, #16]
  48:Core/Src/tim.c ****   htim2.Init.AutoReloadPreload = TIM_AUTORELOAD_PRELOAD_DISABLE;
  70              		.loc 1 48 3 is_stmt 1 view .LVU15
  71              		.loc 1 48 32 is_stmt 0 view .LVU16
  72 0028 8361     		str	r3, [r0, #24]
  49:Core/Src/tim.c ****   if (HAL_TIM_Base_Init(&htim2) != HAL_OK)
  73              		.loc 1 49 3 is_stmt 1 view .LVU17
  74              		.loc 1 49 7 is_stmt 0 view .LVU18
  75 002a FFF7FEFF 		bl	HAL_TIM_Base_Init
  76              	.LVL0:
  77              		.loc 1 49 6 view .LVU19
  78 002e 90B9     		cbnz	r0, .L6
  79              	.L2:
  50:Core/Src/tim.c ****   {
  51:Core/Src/tim.c ****     Error_Handler();
  52:Core/Src/tim.c ****   }
  53:Core/Src/tim.c ****   sClockSourceConfig.ClockSource = TIM_CLOCKSOURCE_INTERNAL;
  80              		.loc 1 53 3 is_stmt 1 view .LVU20
  81              		.loc 1 53 34 is_stmt 0 view .LVU21
  82 0030 4FF48053 		mov	r3, #4096
  83 0034 0293     		str	r3, [sp, #8]
  54:Core/Src/tim.c ****   if (HAL_TIM_ConfigClockSource(&htim2, &sClockSourceConfig) != HAL_OK)
  84              		.loc 1 54 3 is_stmt 1 view .LVU22
  85              		.loc 1 54 7 is_stmt 0 view .LVU23
  86 0036 02A9     		add	r1, sp, #8
  87 0038 0B48     		ldr	r0, .L9
  88 003a FFF7FEFF 		bl	HAL_TIM_ConfigClockSource
  89              	.LVL1:
  90              		.loc 1 54 6 view .LVU24
  91 003e 68B9     		cbnz	r0, .L7
  92              	.L3:
  55:Core/Src/tim.c ****   {
  56:Core/Src/tim.c ****     Error_Handler();
  57:Core/Src/tim.c ****   }
  58:Core/Src/tim.c ****   sMasterConfig.MasterOutputTrigger = TIM_TRGO_RESET;
  93              		.loc 1 58 3 is_stmt 1 view .LVU25
  94              		.loc 1 58 37 is_stmt 0 view .LVU26
  95 0040 0023     		movs	r3, #0
  96 0042 0093     		str	r3, [sp]
  59:Core/Src/tim.c ****   sMasterConfig.MasterSlaveMode = TIM_MASTERSLAVEMODE_DISABLE;
  97              		.loc 1 59 3 is_stmt 1 view .LVU27
  98              		.loc 1 59 33 is_stmt 0 view .LVU28
  99 0044 0193     		str	r3, [sp, #4]
  60:Core/Src/tim.c ****   if (HAL_TIMEx_MasterConfigSynchronization(&htim2, &sMasterConfig) != HAL_OK)
 100              		.loc 1 60 3 is_stmt 1 view .LVU29
 101              		.loc 1 60 7 is_stmt 0 view .LVU30
 102 0046 6946     		mov	r1, sp
 103 0048 0748     		ldr	r0, .L9
 104 004a FFF7FEFF 		bl	HAL_TIMEx_MasterConfigSynchronization
 105              	.LVL2:
 106              		.loc 1 60 6 view .LVU31
 107 004e 40B9     		cbnz	r0, .L8
 108              	.L1:
  61:Core/Src/tim.c ****   {
  62:Core/Src/tim.c ****     Error_Handler();
  63:Core/Src/tim.c ****   }
  64:Core/Src/tim.c ****   /* USER CODE BEGIN TIM2_Init 2 */
ARM GAS  /tmp/ccBsP472.s 			page 4


  65:Core/Src/tim.c **** 
  66:Core/Src/tim.c ****   /* USER CODE END TIM2_Init 2 */
  67:Core/Src/tim.c **** 
  68:Core/Src/tim.c **** }
 109              		.loc 1 68 1 view .LVU32
 110 0050 07B0     		add	sp, sp, #28
 111              	.LCFI2:
 112              		.cfi_remember_state
 113              		.cfi_def_cfa_offset 4
 114              		@ sp needed
 115 0052 5DF804FB 		ldr	pc, [sp], #4
 116              	.L6:
 117              	.LCFI3:
 118              		.cfi_restore_state
  51:Core/Src/tim.c ****   }
 119              		.loc 1 51 5 is_stmt 1 view .LVU33
 120 0056 FFF7FEFF 		bl	Error_Handler
 121              	.LVL3:
 122 005a E9E7     		b	.L2
 123              	.L7:
  56:Core/Src/tim.c ****   }
 124              		.loc 1 56 5 view .LVU34
 125 005c FFF7FEFF 		bl	Error_Handler
 126              	.LVL4:
 127 0060 EEE7     		b	.L3
 128              	.L8:
  62:Core/Src/tim.c ****   }
 129              		.loc 1 62 5 view .LVU35
 130 0062 FFF7FEFF 		bl	Error_Handler
 131              	.LVL5:
 132              		.loc 1 68 1 is_stmt 0 view .LVU36
 133 0066 F3E7     		b	.L1
 134              	.L10:
 135              		.align	2
 136              	.L9:
 137 0068 00000000 		.word	.LANCHOR0
 138              		.cfi_endproc
 139              	.LFE235:
 141              		.section	.text.HAL_TIM_Base_MspInit,"ax",%progbits
 142              		.align	1
 143              		.global	HAL_TIM_Base_MspInit
 144              		.syntax unified
 145              		.thumb
 146              		.thumb_func
 147              		.fpu fpv4-sp-d16
 149              	HAL_TIM_Base_MspInit:
 150              	.LVL6:
 151              	.LFB236:
  69:Core/Src/tim.c **** 
  70:Core/Src/tim.c **** void HAL_TIM_Base_MspInit(TIM_HandleTypeDef* tim_baseHandle)
  71:Core/Src/tim.c **** {
 152              		.loc 1 71 1 is_stmt 1 view -0
 153              		.cfi_startproc
 154              		@ args = 0, pretend = 0, frame = 8
 155              		@ frame_needed = 0, uses_anonymous_args = 0
 156              		@ link register save eliminated.
  72:Core/Src/tim.c **** 
ARM GAS  /tmp/ccBsP472.s 			page 5


  73:Core/Src/tim.c ****   if(tim_baseHandle->Instance==TIM2)
 157              		.loc 1 73 3 view .LVU38
 158              		.loc 1 73 20 is_stmt 0 view .LVU39
 159 0000 0368     		ldr	r3, [r0]
 160              		.loc 1 73 5 view .LVU40
 161 0002 B3F1804F 		cmp	r3, #1073741824
 162 0006 00D0     		beq	.L17
 163 0008 7047     		bx	lr
 164              	.L17:
  71:Core/Src/tim.c **** 
 165              		.loc 1 71 1 view .LVU41
 166 000a 82B0     		sub	sp, sp, #8
 167              	.LCFI4:
 168              		.cfi_def_cfa_offset 8
  74:Core/Src/tim.c ****   {
  75:Core/Src/tim.c ****   /* USER CODE BEGIN TIM2_MspInit 0 */
  76:Core/Src/tim.c **** 
  77:Core/Src/tim.c ****   /* USER CODE END TIM2_MspInit 0 */
  78:Core/Src/tim.c ****     /* TIM2 clock enable */
  79:Core/Src/tim.c ****     __HAL_RCC_TIM2_CLK_ENABLE();
 169              		.loc 1 79 5 is_stmt 1 view .LVU42
 170              	.LBB2:
 171              		.loc 1 79 5 view .LVU43
 172 000c 0023     		movs	r3, #0
 173 000e 0193     		str	r3, [sp, #4]
 174              		.loc 1 79 5 view .LVU44
 175 0010 054B     		ldr	r3, .L18
 176 0012 1A6C     		ldr	r2, [r3, #64]
 177 0014 42F00102 		orr	r2, r2, #1
 178 0018 1A64     		str	r2, [r3, #64]
 179              		.loc 1 79 5 view .LVU45
 180 001a 1B6C     		ldr	r3, [r3, #64]
 181 001c 03F00103 		and	r3, r3, #1
 182 0020 0193     		str	r3, [sp, #4]
 183              		.loc 1 79 5 view .LVU46
 184 0022 019B     		ldr	r3, [sp, #4]
 185              	.LBE2:
 186              		.loc 1 79 5 view .LVU47
  80:Core/Src/tim.c ****   /* USER CODE BEGIN TIM2_MspInit 1 */
  81:Core/Src/tim.c **** 
  82:Core/Src/tim.c ****   /* USER CODE END TIM2_MspInit 1 */
  83:Core/Src/tim.c ****   }
  84:Core/Src/tim.c **** }
 187              		.loc 1 84 1 is_stmt 0 view .LVU48
 188 0024 02B0     		add	sp, sp, #8
 189              	.LCFI5:
 190              		.cfi_def_cfa_offset 0
 191              		@ sp needed
 192 0026 7047     		bx	lr
 193              	.L19:
 194              		.align	2
 195              	.L18:
 196 0028 00380240 		.word	1073887232
 197              		.cfi_endproc
 198              	.LFE236:
 200              		.section	.text.HAL_TIM_Base_MspDeInit,"ax",%progbits
 201              		.align	1
ARM GAS  /tmp/ccBsP472.s 			page 6


 202              		.global	HAL_TIM_Base_MspDeInit
 203              		.syntax unified
 204              		.thumb
 205              		.thumb_func
 206              		.fpu fpv4-sp-d16
 208              	HAL_TIM_Base_MspDeInit:
 209              	.LVL7:
 210              	.LFB237:
  85:Core/Src/tim.c **** 
  86:Core/Src/tim.c **** void HAL_TIM_Base_MspDeInit(TIM_HandleTypeDef* tim_baseHandle)
  87:Core/Src/tim.c **** {
 211              		.loc 1 87 1 is_stmt 1 view -0
 212              		.cfi_startproc
 213              		@ args = 0, pretend = 0, frame = 0
 214              		@ frame_needed = 0, uses_anonymous_args = 0
 215              		@ link register save eliminated.
  88:Core/Src/tim.c **** 
  89:Core/Src/tim.c ****   if(tim_baseHandle->Instance==TIM2)
 216              		.loc 1 89 3 view .LVU50
 217              		.loc 1 89 20 is_stmt 0 view .LVU51
 218 0000 0368     		ldr	r3, [r0]
 219              		.loc 1 89 5 view .LVU52
 220 0002 B3F1804F 		cmp	r3, #1073741824
 221 0006 00D0     		beq	.L22
 222              	.L20:
  90:Core/Src/tim.c ****   {
  91:Core/Src/tim.c ****   /* USER CODE BEGIN TIM2_MspDeInit 0 */
  92:Core/Src/tim.c **** 
  93:Core/Src/tim.c ****   /* USER CODE END TIM2_MspDeInit 0 */
  94:Core/Src/tim.c ****     /* Peripheral clock disable */
  95:Core/Src/tim.c ****     __HAL_RCC_TIM2_CLK_DISABLE();
  96:Core/Src/tim.c ****   /* USER CODE BEGIN TIM2_MspDeInit 1 */
  97:Core/Src/tim.c **** 
  98:Core/Src/tim.c ****   /* USER CODE END TIM2_MspDeInit 1 */
  99:Core/Src/tim.c ****   }
 100:Core/Src/tim.c **** }
 223              		.loc 1 100 1 view .LVU53
 224 0008 7047     		bx	lr
 225              	.L22:
  95:Core/Src/tim.c ****   /* USER CODE BEGIN TIM2_MspDeInit 1 */
 226              		.loc 1 95 5 is_stmt 1 view .LVU54
 227 000a 034A     		ldr	r2, .L23
 228 000c 136C     		ldr	r3, [r2, #64]
 229 000e 23F00103 		bic	r3, r3, #1
 230 0012 1364     		str	r3, [r2, #64]
 231              		.loc 1 100 1 is_stmt 0 view .LVU55
 232 0014 F8E7     		b	.L20
 233              	.L24:
 234 0016 00BF     		.align	2
 235              	.L23:
 236 0018 00380240 		.word	1073887232
 237              		.cfi_endproc
 238              	.LFE237:
 240              		.global	htim2
 241              		.section	.bss.htim2,"aw",%nobits
 242              		.align	2
 243              		.set	.LANCHOR0,. + 0
ARM GAS  /tmp/ccBsP472.s 			page 7


 246              	htim2:
 247 0000 00000000 		.space	72
 247      00000000 
 247      00000000 
 247      00000000 
 247      00000000 
 248              		.text
 249              	.Letext0:
 250              		.file 2 "/home/akinya/gcc-arm-none-eabi/arm-none-eabi/include/machine/_default_types.h"
 251              		.file 3 "/home/akinya/gcc-arm-none-eabi/arm-none-eabi/include/sys/_stdint.h"
 252              		.file 4 "Drivers/CMSIS/Device/ST/STM32F4xx/Include/stm32f407xx.h"
 253              		.file 5 "Drivers/STM32F4xx_HAL_Driver/Inc/stm32f4xx_hal_def.h"
 254              		.file 6 "Drivers/STM32F4xx_HAL_Driver/Inc/stm32f4xx_hal_dma.h"
 255              		.file 7 "Drivers/STM32F4xx_HAL_Driver/Inc/stm32f4xx_hal_tim.h"
 256              		.file 8 "Drivers/STM32F4xx_HAL_Driver/Inc/stm32f4xx_hal_tim_ex.h"
 257              		.file 9 "Core/Inc/main.h"
 258              		.file 10 "Core/Inc/tim.h"
ARM GAS  /tmp/ccBsP472.s 			page 8


DEFINED SYMBOLS
                            *ABS*:0000000000000000 tim.c
     /tmp/ccBsP472.s:18     .text.MX_TIM2_Init:0000000000000000 $t
     /tmp/ccBsP472.s:26     .text.MX_TIM2_Init:0000000000000000 MX_TIM2_Init
     /tmp/ccBsP472.s:137    .text.MX_TIM2_Init:0000000000000068 $d
     /tmp/ccBsP472.s:142    .text.HAL_TIM_Base_MspInit:0000000000000000 $t
     /tmp/ccBsP472.s:149    .text.HAL_TIM_Base_MspInit:0000000000000000 HAL_TIM_Base_MspInit
     /tmp/ccBsP472.s:196    .text.HAL_TIM_Base_MspInit:0000000000000028 $d
     /tmp/ccBsP472.s:201    .text.HAL_TIM_Base_MspDeInit:0000000000000000 $t
     /tmp/ccBsP472.s:208    .text.HAL_TIM_Base_MspDeInit:0000000000000000 HAL_TIM_Base_MspDeInit
     /tmp/ccBsP472.s:236    .text.HAL_TIM_Base_MspDeInit:0000000000000018 $d
     /tmp/ccBsP472.s:246    .bss.htim2:0000000000000000 htim2
     /tmp/ccBsP472.s:242    .bss.htim2:0000000000000000 $d

UNDEFINED SYMBOLS
HAL_TIM_Base_Init
HAL_TIM_ConfigClockSource
HAL_TIMEx_MasterConfigSynchronization
Error_Handler
