ARM GAS  /tmp/ccd4fvSj.s 			page 1


   1              		.cpu cortex-m3
   2              		.eabi_attribute 20, 1
   3              		.eabi_attribute 21, 1
   4              		.eabi_attribute 23, 3
   5              		.eabi_attribute 24, 1
   6              		.eabi_attribute 25, 1
   7              		.eabi_attribute 26, 1
   8              		.eabi_attribute 30, 1
   9              		.eabi_attribute 34, 1
  10              		.eabi_attribute 18, 4
  11              		.file	"img_cogwheel_indexed16.c"
  12              		.text
  13              	.Ltext0:
  14              		.cfi_sections	.debug_frame
  15              		.global	img_cogwheel_indexed16
  16              		.global	img_cogwheel_indexed16_map
  17              		.section	.rodata.img_cogwheel_indexed16,"a"
  18              		.align	2
  21              	img_cogwheel_indexed16:
  22 0000 09       		.byte	9
  23 0001 90       		.byte	144
  24 0002 81       		.byte	129
  25 0003 0C       		.byte	12
  26 0004 C8130000 		.word	5064
  27 0008 00000000 		.word	img_cogwheel_indexed16_map
  28              		.section	.rodata.img_cogwheel_indexed16_map,"a"
  29              		.align	2
  32              	img_cogwheel_indexed16_map:
  33 0000 00000000 		.ascii	"\000\000\000\000l^J\377rdP\377le_\377{kX\377\202p`\377"
  33      6C5E4AFF 
  33      726450FF 
  33      6C655FFF 
  33      7B6B58FF 
  34 0018 817568FF 		.ascii	"\201uh\377}tr\377\216xg\377\230\201n\377\215\201s\377"
  34      7D7472FF 
  34      8E7867FF 
  34      98816EFF 
  34      8D8173FF 
  35 002c 89817DFF 		.ascii	"\211\201}\377\247\216|\377\243\226\213\377\235\226\222"
  35      A78E7CFF 
  35      A3968BFF 
  35      9D9692
  36 003b FFB39E8E 		.ascii	"\377\263\236\216\377\000\000\000\000\000\000\000\000"
  36      FF000000 
  36      00000000 
  36      00
  37 0048 00000000 		.ascii	"\000\000\000\000\000\000\000\000\000\000\000\000\000"
  37      00000000 
  37      00000000 
  37      00
  38 0055 0000F988 		.ascii	"\000\000\371\210\210\220\000\000\000\000\000\000\000"
  38      88900000 
  38      00000000 
  38      00
  39 0062 00000000 		.ascii	"\000\000\000\000\000\000\000\000\000\000\000\000\000"
  39      00000000 
  39      00000000 
ARM GAS  /tmp/ccd4fvSj.s 			page 2


  39      00
  40 006f 00000000 		.ascii	"\000\000\000\000\000\000\000\000\000\000\000\000\000"
  40      00000000 
  40      00000000 
  40      00
  41 007c 00000000 		.ascii	"\000\000\000\000\000\000\000\000\000\000\000\000\000"
  41      00000000 
  41      00000000 
  41      00
  42 0089 9889888C 		.ascii	"\230\211\210\214\000\000\000\000\000\000\000\000\000"
  42      00000000 
  42      00000000 
  42      00
  43 0096 00000000 		.ascii	"\000\000\000\000\000\000\000\000\000\000\000\000\000"
  43      00000000 
  43      00000000 
  43      00
  44 00a3 00000000 		.ascii	"\000\000\000\000\000\000\000\000\000\000\000\000\000"
  44      00000000 
  44      00000000 
  44      00
  45 00b0 00000000 		.ascii	"\000\000\000\000\000\000\000\000\000\000\000\231\211"
  45      00000000 
  45      00000099 
  45      89
  46 00bd 88590000 		.ascii	"\210Y\000\000\000\000\000\320\000\000\000\000\000\000"
  46      000000D0 
  46      00000000 
  46      0000
  47 00cb 00000000 		.ascii	"\000\000\000\000\000\000\000\000\000\000\000\000\000"
  47      00000000 
  47      00000000 
  47      00
  48 00d8 00000000 		.ascii	"\000\000\000\000\000\000\000\000\000\000\000\000\000"
  48      00000000 
  48      00000000 
  48      00
  49 00e5 00FCF000 		.ascii	"\000\374\360\000\000\000\000\000\310\231\231\211\000"
  49      00000000 
  49      C8999989 
  49      00
  50 00f2 00000005 		.ascii	"\000\000\000\005U\235\000\000\000\000\000\000\000\000"
  50      559D0000 
  50      00000000 
  50      0000
  51 0100 00000000 		.ascii	"\000\000\000\000\000\000\000\000\000\000\000\000\000"
  51      00000000 
  51      00000000 
  51      00
  52 010d 00000000 		.ascii	"\000\000\000\000\000\000\000\000\000\000\374\231\300"
  52      00000000 
  52      0000FC99 
  52      C0
  53 011a 00000000 		.ascii	"\000\000\000\000\000\231\231\231\211\320\000\000\000"
  53      00999999 
  53      89D00000 
  53      00
ARM GAS  /tmp/ccd4fvSj.s 			page 3


  54 0127 C545569D 		.ascii	"\305EV\235\000\000\000\000\000\000\000\000\000\000\000"
  54      00000000 
  54      00000000 
  54      000000
  55 0136 00000000 		.ascii	"\000\000\000\000\000\000\000\000\000\000\000\000\000"
  55      00000000 
  55      00000000 
  55      00
  56 0143 00000000 		.ascii	"\000\000\000\000\000\014\231\314\234\000\000\000\000"
  56      000C99CC 
  56      9C000000 
  56      00
  57 0150 0F989989 		.ascii	"\017\230\231\211\210\240\000\000\015X\205U$\000\000"
  57      88A00000 
  57      0D588555 
  57      240000
  58 015f 00000000 		.ascii	"\000\000\000\000\000\000\000\000\000\000\000\000\000"
  58      00000000 
  58      00000000 
  58      00
  59 016c 00000000 		.ascii	"\000\000\000\000\000\000\000\000\000\000\000\000\000"
  59      00000000 
  59      00000000 
  59      00
  60 0179 00FCC9C9 		.ascii	"\000\374\311\311\311\000\000\000\000\015\231\211\211"
  60      C9000000 
  60      000D9989 
  60      89
  61 0186 98900000 		.ascii	"\230\220\000\000\012XhXE\000\000\000\000\000\000\000"
  61      0A586858 
  61      45000000 
  61      00000000 
  62 0196 00000000 		.ascii	"\000\000\000\000\000\000\000\000\000\000\000\000\000"
  62      00000000 
  62      00000000 
  62      00
  63 01a3 00000000 		.ascii	"\000\000\000\000\000\000\000\000\000\371\314\234\311"
  63      00000000 
  63      00F9CC9C 
  63      C9
  64 01b0 C0000000 		.ascii	"\300\000\000\000\014\231\231\231\211p\000\000\011\205"
  64      0C999999 
  64      89700000 
  64      0985
  65 01be 848558E0 		.ascii	"\204\205X\340\000\000\000\000\000\000\000\000\000\000"
  65      00000000 
  65      00000000 
  65      0000
  66 01cc 00000000 		.ascii	"\000\000\000\000\000\000\000\000\000\000\000\000\000"
  66      00000000 
  66      00000000 
  66      00
  67 01d9 00000000 		.ascii	"\000\000\000\000\000\374\314\311\311\237\000\000\000"
  67      00FCCCC9 
  67      C99F0000 
  67      00
  68 01e6 09999999 		.ascii	"\011\231\231\231\210\234\000\000\245\210\205XH\340\000"
ARM GAS  /tmp/ccd4fvSj.s 			page 4


  68      889C0000 
  68      A5888558 
  68      48E000
  69 01f5 00000000 		.ascii	"\000\000\000\000\000\000\000\000\000\000\000\000\000"
  69      00000000 
  69      00000000 
  69      00
  70 0202 00000000 		.ascii	"\000\000\000\000\000\000\000\000\000\000\000\000\000"
  70      00000000 
  70      00000000 
  70      00
  71 020f 00FC9CCC 		.ascii	"\000\374\234\314\311\314\360\000\015\230\231\230\231"
  71      C9CCF000 
  71      0D989998 
  71      99
  72 021c 9988900C 		.ascii	"\231\210\220\014X\206\206UW\000\000\000\000\000\000"
  72      58868655 
  72      57000000 
  72      000000
  73 022b 00000000 		.ascii	"\000\000\000\000\000\000\000\000\000\000\000\000\000"
  73      00000000 
  73      00000000 
  73      00
  74 0238 00000000 		.ascii	"\000\000\000\000\000\000\000\000\000\000\014\311\311"
  74      00000000 
  74      00000CC9 
  74      C9
  75 0245 CC99C9C9 		.ascii	"\314\231\311\311\211\231\231\251\230\211\211\205h\211"
  75      899999A9 
  75      98898985 
  75      6889
  76 0253 88886857 		.ascii	"\210\210hW\000\000\000\000\000\000\000\000\000\000\000"
  76      00000000 
  76      00000000 
  76      000000
  77 0262 00000000 		.ascii	"\000\000\000\000\000\000\000\000\000\000\000\000\000"
  77      00000000 
  77      00000000 
  77      00
  78 026f 00000000 		.ascii	"\000\000\000\000\000\017\314\314\311\314\231\231\231"
  78      000FCCCC 
  78      C9CC9999 
  78      99
  79 027c 99899899 		.ascii	"\231\211\230\231\231\210\210\210X\210\205\204W\000\000"
  79      99888888 
  79      58888584 
  79      570000
  80 028b 000000D0 		.ascii	"\000\000\000\320\000\000\000\000\000\000\000\000\000"
  80      00000000 
  80      00000000 
  80      00
  81 0298 00000000 		.ascii	"\000\000\000\000\000\000\000\000\000\000\000\000\000"
  81      00000000 
  81      00000000 
  81      00
  82 02a5 0000C9C9 		.ascii	"\000\000\311\311\314\234\311\311\311\231\231\231\230"
  82      CC9CC9C9 
ARM GAS  /tmp/ccd4fvSj.s 			page 5


  82      C9999999 
  82      98
  83 02b2 9A888988 		.ascii	"\232\210\211\210hX\206\205f\000\000\000\000\012Z\000"
  83      68588685 
  83      66000000 
  83      000A5A00 
  84 02c2 00000000 		.ascii	"\000\000\000\000\000\000\000\000\000\000\000\000\000"
  84      00000000 
  84      00000000 
  84      00
  85 02cf 0000000F 		.ascii	"\000\000\000\017\360\000\000\000\000\017\314\314\234"
  85      F0000000 
  85      000FCCCC 
  85      9C
  86 02dc 999C999C 		.ascii	"\231\234\231\234\231\231\231\232\211\211\210i\210\225"
  86      9999999A 
  86      89898869 
  86      8895
  87 02ea 88588500 		.ascii	"\210X\205\000\000\000\015TAm\000\000\000\000\000\000"
  87      00000D54 
  87      416D0000 
  87      00000000 
  88 02fa 00000000 		.ascii	"\000\000\000\000\000\000\000\000\000\017\314\317\000"
  88      00000000 
  88      000FCCCF 
  88      00
  89 0307 0000000C 		.ascii	"\000\000\000\014\314\234\311\314\234\311\231\311\231"
  89      CC9CC9CC 
  89      9CC999C9 
  89      99
  90 0314 98998989 		.ascii	"\230\231\211\211\211\210h\205\210EU\235\000\000\246"
  90      89886885 
  90      8845559D 
  90      0000A6
  91 0323 444444D0 		.ascii	"DDD\320\000\000\000\000\000\000\000\000\000\000\000"
  91      00000000 
  91      00000000 
  91      000000
  92 0332 0000000F 		.ascii	"\000\000\000\017\314\314\300\000\000\014\314\314\311"
  92      CCCCC000 
  92      000CCCCC 
  92      C9
  93 033f CC99C99C 		.ascii	"\314\231\311\234\231\210\211\231\231\230h\210\211\210"
  93      99888999 
  93      99986888 
  93      8988
  94 034d 68588655 		.ascii	"hX\206UU\220\012\204DTB^\000\000\000\000\000\000\000"
  94      55900A84 
  94      4454425E 
  94      00000000 
  94      000000
  95 0360 00000000 		.ascii	"\000\000\000\000\000\000\000\314\317\314\314\360\000"
  95      000000CC 
  95      CFCCCCF0 
  95      00
  96 036d FCCC9CCC 		.ascii	"\374\314\234\314\234\314\231\205SE\211\231\231\210$"
  96      9CCC9985 
ARM GAS  /tmp/ccd4fvSj.s 			page 6


  96      53458999 
  96      998824
  97 037c 44458898 		.ascii	"DE\210\230\210\205UTY\244D\204TTL\000\000\000\000\000"
  97      88855554 
  97      59A44484 
  97      54544C00 
  97      00000000 
  98 0390 00000000 		.ascii	"\000\000\000\000\000\000\000\000\017\317\314\314\374"
  98      00000000 
  98      0FCFCCCC 
  98      FC
  99 039d CCCC9CCC 		.ascii	"\314\314\234\314\314\234\314\211\205B\021\022\211\231"
  99      CC9CCC89 
  99      85421112 
  99      8999
 100 03ab 89A41111 		.ascii	"\211\244\021\021$EVU\206eUDDDEDB.\000\000\000\000\000"
 100      24455655 
 100      86655544 
 100      44444544 
 100      422E0000 
 101 03c2 00000000 		.ascii	"\000\000\000\000\000\000\000\000\017\314\374\374\314"
 101      00000000 
 101      0FCCFCFC 
 101      CC
 102 03cf CCCCCCCC 		.ascii	"\314\314\314\314\314\311\230R\022!\021\023\211\231\231"
 102      CCC99852 
 102      12211113 
 102      899999
 103 03de 95111111 		.ascii	"\225\021\021\021\021E\204\210UUTHEEDDN\000\000\000\000"
 103      11458488 
 103      55555448 
 103      45454444 
 103      4E000000 
 104 03f3 00000000 		.ascii	"\000\000\000\000\000\000\000\000\000\000\314\314\314"
 104      00000000 
 104      0000CCCC 
 104      CC
 105 0400 CCFCCCCC 		.ascii	"\314\374\314\314\314\314\310T!\021\022\"\022\211\231"
 105      CCCCC854 
 105      21111222 
 105      128999
 106 040f 89852111 		.ascii	"\211\205!\021\021\"\"DEUUETTDTD\260\000\000\000\000"
 106      11222244 
 106      45555545 
 106      54544454 
 106      44B00000 
 107 0425 00000000 		.ascii	"\000\000\000\000\000\000\000\000\000\000\014\314\317"
 107      00000000 
 107      00000CCC 
 107      CF
 108 0432 CCCCCCCC 		.ascii	"\314\314\314\314\314\231R\021\021\"\021\021G\211\231"
 108      CC995211 
 108      11221111 
 108      478999
 109 0441 99841142 		.ascii	"\231\204\021B\021\021\"$EUXDTTTTE\340\000\000\000\000"
 109      11112224 
 109      45555844 
ARM GAS  /tmp/ccd4fvSj.s 			page 7


 109      54545454 
 109      45E00000 
 110 0457 00000000 		.ascii	"\000\000\000\000\000\000\000\000\000\000\000\314\314"
 110      00000000 
 110      000000CC 
 110      CC
 111 0464 CCCCCCCC 		.ascii	"\314\314\314\314\311\224\021!!\0216\276\000\311\231"
 111      C9941121 
 111      211136BE 
 111      00C999
 112 0473 99813000 		.ascii	"\231\2010\000\012R\021DDUUUHEDB'\000\000\000\000\000"
 112      0A521144 
 112      44555555 
 112      48454442 
 112      27000000 
 113 0489 00000000 		.ascii	"\000\000\000\000\000\000\000\000\000\000\000\374\374"
 113      00000000 
 113      000000FC 
 113      FC
 114 0496 CCCCCCCC 		.ascii	"\314\314\314\314\305\"\021\021!6\260\000\000\371\211"
 114      C5221111 
 114      2136B000 
 114      00F989
 115 04a5 9957E000 		.ascii	"\231W\340\000\000\015T\"DDUTDEEA~\000\000\000\000\000"
 115      000D5422 
 115      44445554 
 115      44454541 
 115      7E000000 
 116 04bb 00000000 		.ascii	"\000\000\000\000\000\000\000\000\000\000\000\017\314"
 116      00000000 
 116      0000000F 
 116      CC
 117 04c8 CCCCCCC9 		.ascii	"\314\314\314\311R\021\"\021;\000\000\000\000\331\231"
 117      52112211 
 117      3B000000 
 117      00D999
 118 04d7 89880000 		.ascii	"\211\210\000\000\000\000\000\202$UEE\205TDTp\000\000"
 118      00000082 
 118      24554545 
 118      85544454 
 118      700000
 119 04ea 00000000 		.ascii	"\000\000\000\000\000\000\000\000\000\000\000\000\000"
 119      00000000 
 119      00000000 
 119      00
 120 04f7 000FCCCC 		.ascii	"\000\017\314\314\314\314\305\021\022\0216\000\000\000"
 120      CCCCC511 
 120      12113600 
 120      0000
 121 0505 0000D999 		.ascii	"\000\000\331\231\211Z\000\000\000\000\000\000bDHDDD"
 121      895A0000 
 121      00000000 
 121      62444844 
 121      4444
 122 0517 45449000 		.ascii	"ED\220\000\000\000\000\000\000\000\000\000\000\000\000"
 122      00000000 
 122      00000000 
ARM GAS  /tmp/ccd4fvSj.s 			page 8


 122      000000
 123 0526 00000000 		.ascii	"\000\000\000\000\014\314\314\314\311A\021!#\260\000"
 123      0CCCCCCC 
 123      C9411121 
 123      23B000
 124 0535 00000000 		.ascii	"\000\000\000\000\371\211\231\207\000\000\000\000\000"
 124      F9899987 
 124      00000000 
 124      00
 125 0542 00094455 		.ascii	"\000\011DUU\204\205DBm\000\000\000\000\000\000\000\000"
 125      55848544 
 125      426D0000 
 125      00000000 
 125      0000
 126 0554 00000000 		.ascii	"\000\000\000\000\000\000\000\000\374\314\314\374\304"
 126      00000000 
 126      FCCCCCFC 
 126      C4
 127 0561 11321170 		.ascii	"\0212\021p\000\000\000\000\000\000\371\211\231\207\000"
 127      00000000 
 127      0000F989 
 127      998700
 128 0570 00000000 		.ascii	"\000\000\000\000\000\000\325EUDDE\204%\000\000\000\000"
 128      0000D545 
 128      55444445 
 128      84250000 
 128      0000
 129 0582 A0000000 		.ascii	"\240\000\000\000\000\000\000\000\000\000\000\017\314"
 129      00000000 
 129      0000000F 
 129      CC
 130 058f CCCCC952 		.ascii	"\314\314\311R\022\021;\000\000\000\000\000\000\000\331"
 130      12113B00 
 130      00000000 
 130      0000D9
 131 059e 98988900 		.ascii	"\230\230\211\000\000\000\000\000\000\000\000\225X\210"
 131      00000000 
 131      00000095 
 131      5888
 132 05ac 54444442 		.ascii	"TDDB\320\000\332B*\000\000\000\000\000\000\377\000\000"
 132      D000DA42 
 132      2A000000 
 132      000000FF 
 132      0000
 133 05be 000CCCCC 		.ascii	"\000\014\314\314\314\305\021\022\021p\000\000\000\000"
 133      CCC51112 
 133      11700000 
 133      0000
 134 05cc 000000F9 		.ascii	"\000\000\000\371\231\231x\000\000\000\000\000\000\000"
 134      99997800 
 134      00000000 
 134      0000
 135 05da 00095585 		.ascii	"\000\011U\205TDED&d!B$\320\000\000\000\000\014\314\314"
 135      54444544 
 135      26642142 
 135      24D00000 
 135      00000CCC 
ARM GAS  /tmp/ccd4fvSj.s 			page 9


 136 05ef CF00FCCC 		.ascii	"\317\000\374\314\314\314\201\022!;\000\000\000\000\000"
 136      CCCC8112 
 136      213B0000 
 136      000000
 137 05fe 000000D9 		.ascii	"\000\000\000\331\211\210\213\000\000\000\000\000\000"
 137      89888B00 
 137      00000000 
 137      00
 138 060b 00000098 		.ascii	"\000\000\000\230\211\205TDDB\021\024$!`\000\000\000"
 138      89855444 
 138      44421114 
 138      24216000 
 138      0000
 139 061d 000C9CCC 		.ascii	"\000\014\234\314\314\314\314\314\314\310!2\021p\000"
 139      CCCCCCCC 
 139      CCC82132 
 139      117000
 140 062c 00000000 		.ascii	"\000\000\000\000\000\000\000\371\211\230\212\000\000"
 140      000000F9 
 140      89988A00 
 140      00
 141 0639 00000000 		.ascii	"\000\000\000\000\000\000\000\012\210\230TDBDDB$!@\000"
 141      0000000A 
 141      88985444 
 141      42444442 
 141      24214000 
 142 064d 000000CC 		.ascii	"\000\000\000\314\314\311\314\314\314\314\314\224\022"
 142      CCC9CCCC 
 142      CCCCCC94 
 142      12
 143 065a 12170000 		.ascii	"\022\027\000\000\000\000\000\000\000\000\000\331\230"
 143      00000000 
 143      000000D9 
 143      98
 144 0667 88870000 		.ascii	"\210\207\000\000\000\000\000\000\000\000\000\015\210"
 144      00000000 
 144      0000000D 
 144      88
 145 0674 98844425 		.ascii	"\230\204D%DARBA&\000\000\000\000\231\311\314\311\311"
 145      44415242 
 145      41260000 
 145      000099C9 
 145      CCC9C9
 146 0687 C9CCCC52 		.ascii	"\311\314\314R\022!0\000\000\000\000\000\000\000\000"
 146      12213000 
 146      00000000 
 146      000000
 147 0696 00D99A98 		.ascii	"\000\331\232\230\210\000\000\000\000\000\000\000\000"
 147      88000000 
 147      00000000 
 147      00
 148 06a3 0000C899 		.ascii	"\000\000\310\231\225DD\"BA\"A$\000\000\000\000\231\314"
 148      95444422 
 148      42412241 
 148      24000000 
 148      0099CC
 149 06b6 9C9CCCCC 		.ascii	"\234\234\314\314\311\311A\"\023\340\000\000\000\000"
ARM GAS  /tmp/ccd4fvSj.s 			page 10


 149      C9C94122 
 149      13E00000 
 149      0000
 150 06c4 00000000 		.ascii	"\000\000\000\000\000\331\210\210\207\000\000\000\000"
 150      00D98888 
 150      87000000 
 150      00
 151 06d1 00000000 		.ascii	"\000\000\000\000\000\000\011\211\230T$E$$B\"+\000\000"
 151      00000989 
 151      98542445 
 151      24244222 
 151      2B0000
 152 06e4 0000C99C 		.ascii	"\000\000\311\234\314\234\234\234\314\225!!\033\000\000"
 152      CC9C9C9C 
 152      CC952121 
 152      1B0000
 153 06f3 00000000 		.ascii	"\000\000\000\000\000\000\000\000\331\231\230\207\000"
 153      00000000 
 153      D9999887 
 153      00
 154 0700 00000000 		.ascii	"\000\000\000\000\000\000\000\000\000\017\231\231TD\""
 154      00000000 
 154      000F9999 
 154      544422
 155 070f 41514214 		.ascii	"AQB\024\260\000\000\000\000\014\231\234\311\311\311"
 155      B0000000 
 155      000C999C 
 155      C9C9C9
 156 071e 9C941222 		.ascii	"\234\224\022\"0\000\000\000\000\000\000\000\000\000"
 156      30000000 
 156      00000000 
 156      0000
 157 072c 00D98888 		.ascii	"\000\331\210\210\211\000\000\000\000\000\000\000\000"
 157      89000000 
 157      00000000 
 157      00
 158 0739 000000C8 		.ascii	"\000\000\000\310\234\205BRBBA>\000\000\000\000\000\000"
 158      9C854252 
 158      4242413E 
 158      00000000 
 158      0000
 159 074b FC99C9C9 		.ascii	"\374\231\311\311\314\311Q\022$\260\000\000\000\000\000"
 159      CCC95112 
 159      24B00000 
 159      000000
 160 075a 00000000 		.ascii	"\000\000\000\000\017\210\211\210X\300\000\000\000\000"
 160      0F888988 
 160      58C00000 
 160      0000
 161 0768 00000000 		.ascii	"\000\000\000\000\000\000\011\234\225$\024\025\021\025"
 161      0000099C 
 161      95241415 
 161      1115
 162 0776 E0000000 		.ascii	"\340\000\000\000\000\000\000\000\314\234\234\231\311"
 162      00000000 
 162      CC9C9C99 
 162      C9
ARM GAS  /tmp/ccd4fvSj.s 			page 11


 163 0783 52221700 		.ascii	"R\"\027\000\000\000\000\000\000\000\000\000\015\230"
 163      00000000 
 163      00000000 
 163      0D98
 164 0791 98988889 		.ascii	"\230\230\210\211Y\320\000\000\000\000\000\000\000\000"
 164      59D00000 
 164      00000000 
 164      0000
 165 079f 000CC9C8 		.ascii	"\000\014\311\310RRBQ>\000\000\000\000\000\000\000\000"
 165      52524251 
 165      3E000000 
 165      00000000 
 165      00
 166 07b0 00C99CC9 		.ascii	"\000\311\234\311\305\"!+\000\000\000\000\000\000\000"
 166      C522212B 
 166      00000000 
 166      000000
 167 07bf 00009888 		.ascii	"\000\000\230\210\226\230\230h\205Y\000\000\000\000\000"
 167      96989868 
 167      85590000 
 167      000000
 168 07ce 0000     		.ascii	"\000\000"
 169 07d0 0000009C 		.ascii	"\000\000\000\234\311R%\024\"\340\000\000\000\000\000"
 169      C9522514 
 169      22E00000 
 169      000000
 170 07df 00000000 		.ascii	"\000\000\000\000\311\311\234\225\"$>\000\000\000\000"
 170      C9C99C95 
 170      22243E00 
 170      000000
 171 07ee 00000000 		.ascii	"\000\000\000\000\330X\231\211\212\210\210h\204]\000"
 171      D8589989 
 171      8A888868 
 171      845D00
 172 07fd 00000000 		.ascii	"\000\000\000\000\000\000\000\000\314\311\204BBB\000"
 172      00000000 
 172      CCC98442 
 172      424200
 173 080c 00000000 		.ascii	"\000\000\000\000\000\000\000\000\000\311\234\234\224"
 173      00000000 
 173      00C99C9C 
 173      94
 174 0819 12217000 		.ascii	"\022!p\000\000\000\000\000\000\000\017T\211\210\210"
 174      00000000 
 174      00000F54 
 174      898888
 175 0828 55588884 		.ascii	"UX\210\204TE\320\000\000\000\000\000\000\000\000\314"
 175      5445D000 
 175      00000000 
 175      000000CC 
 176 0838 CC841514 		.ascii	"\314\204\025\024A\340\000\000\000\000\000\000\000\000"
 176      41E00000 
 176      00000000 
 176      0000
 177 0846 0099C999 		.ascii	"\000\231\311\231\204\022$\340\000\000\000\000\000\000"
 177      841224E0 
 177      00000000 
ARM GAS  /tmp/ccd4fvSj.s 			page 12


 177      0000
 178 0854 000824EE 		.ascii	"\000\010$\356\306\205HhXV\252D\200\000\000\000\000\000"
 178      C6854868 
 178      5856AA44 
 178      80000000 
 178      0000
 179 0866 0000000C 		.ascii	"\000\000\000\014\314\224BB!\240\000\000\000\000\000"
 179      CC944242 
 179      21A00000 
 179      000000
 180 0875 00000000 		.ascii	"\000\000\000\000\231\231\311R\022'\000\000\000\000\000"
 180      9999C952 
 180      12270000 
 180      000000
 181 0884 00000098 		.ascii	"\000\000\000\230J\000\012\255\355\320\331\236\000\306"
 181      4A000AAD 
 181      EDD0D99E 
 181      00C6
 182 0892 49000000 		.ascii	"I\000\000\000\000\000\000\000\000\014\317\305\025\025"
 182      00000000 
 182      000CCFC5 
 182      1515
 183 08a0 21600000 		.ascii	"!`\000\000\000\000\000\000\000\000\017\211\311\231R"
 183      00000000 
 183      00000F89 
 183      C99952
 184 08af 21170000 		.ascii	"!\027\000\000\000\000\000\000\000\014\230]\000\000\000"
 184      00000000 
 184      000C985D 
 184      000000
 185 08be 00000000 		.ascii	"\000\000\000\000\000\324U\320\000\000\000\000\000\000"
 185      00D455D0 
 185      00000000 
 185      0000
 186 08cc 000FCCC8 		.ascii	"\000\017\314\310Q\"BK\000\000\000\000\000\000\000\000"
 186      5122424B 
 186      00000000 
 186      00000000 
 187 08dc 0C999999 		.ascii	"\014\231\231\231D$\033\000\000\000\000\000\000\000\011"
 187      44241B00 
 187      00000000 
 187      000009
 188 08eb 89890000 		.ascii	"\211\211\000\000\000\000\000\000\000\000\225T\220\000"
 188      00000000 
 188      00009554 
 188      9000
 189 08f9 00000000 		.ascii	"\000\000\000\000\000\000\017\314\310QBQD\"DJ\000\000"
 189      00000FCC 
 189      C8514251 
 189      4422444A 
 189      0000
 190 090b 000000D9 		.ascii	"\000\000\000\331\231\311\231TT[\000\000\000\000\000"
 190      99C99954 
 190      545B0000 
 190      000000
 191 091a 00000898 		.ascii	"\000\000\010\230\210\220\000\000\000\000\000\000\014"
 191      88900000 
ARM GAS  /tmp/ccd4fvSj.s 			page 13


 191      00000000 
 191      0C
 192 0927 55554D00 		.ascii	"UUM\000\000\000\000\000\000\000\014\314\310RB\024!\021"
 192      00000000 
 192      00000CCC 
 192      C8524214 
 192      2111
 193 0939 11226000 		.ascii	"\021\"`\000\017\374\311\231\231\231\231\210\210\211"
 193      0FFCC999 
 193      99999988 
 193      8889
 194 0947 D0000000 		.ascii	"\320\000\000\000\000\000\015\230\230\224`\000\000\000"
 194      00000D98 
 194      98946000 
 194      0000
 195 0955 00000009 		.ascii	"\000\000\000\011E\204H\335\335\335\335\335\335\335\305"
 195      458448DD 
 195      DDDDDDDD 
 195      DDDDC5
 196 0964 58552242 		.ascii	"XU\"B\"\"\"!\021 \011\210\230\230\231\231\231\231\231"
 196      22222221 
 196      11200988 
 196      98989999 
 196      999999
 197 0977 9999999C 		.ascii	"\231\231\231\234\314\314\311\231\210\211\211U@\000\000"
 197      CCCCC999 
 197      88898955 
 197      400000
 198 0986 00000000 		.ascii	"\000\000\000\000\014\205ETEEDDDDD\"B$\024\"B\"!2\021"
 198      0C854554 
 198      45454444 
 198      44444422 
 198      42241422 
 199 099f 20098899 		.ascii	" \011\210\231\231\211\231\231\231\231\231\230\231\210"
 199      99899999 
 199      99999998 
 199      9988
 200 09ad 88889888 		.ascii	"\210\210\230\210\230i\210\204`\000\000\000\000\000\000"
 200      98698884 
 200      60000000 
 200      000000
 201 09bc 0F945555 		.ascii	"\017\224UUEDDDB\"\"\"\"$\025\024\022\"!\023\021\020"
 201      45444444 
 201      42222222 
 201      22241514 
 201      12222113 
 202 09d2 09899999 		.ascii	"\011\211\231\231\231\231\231\231\231\231\231\231\231"
 202      99999999 
 202      99999999 
 202      99
 203 09df A9A99989 		.ascii	"\251\251\231\211\210\230\230\225`\000\000\000\000\000"
 203      88989895 
 203      60000000 
 203      0000
 204 09ed 000F9455 		.ascii	"\000\017\224UTDEEDDDDDRARBB!\"\021\021+\012\210\230"
 204      54444545 
 204      44444444 
ARM GAS  /tmp/ccd4fvSj.s 			page 14


 204      44524152 
 204      42422122 
 205 0a07 99999999 		.ascii	"\231\231\231\231\231\231\231\231\211\231\230\230\211"
 205      99999999 
 205      89999898 
 205      89
 206 0a14 89988888 		.ascii	"\211\230\210\210\205`\000\000\000\000\000\000\017\224"
 206      85600000 
 206      00000000 
 206      0F94
 207 0a22 55555554 		.ascii	"UUUTDDDTD$\024$\024\022\"!\022\021\021\033\011\212\231"
 207      44444454 
 207      44241424 
 207      14122221 
 207      1211111B 
 208 0a39 98989999 		.ascii	"\230\230\231\231\230\231\231\231\231\210\210\210\210"
 208      98999999 
 208      99888888 
 208      88
 209 0a46 888888A8 		.ascii	"\210\210\210\250e\220\000\000\000\000\000\000\017\205"
 209      65900000 
 209      00000000 
 209      0F85
 210 0a54 55544544 		.ascii	"UTEDBD$\021\021\025$\021QB\"\"!\021\0210\011\210\210"
 210      42442411 
 210      11152411 
 210      51422222 
 210      21111130 
 211 0a6b 89989898 		.ascii	"\211\230\230\230\231\230\230\231\210\231\232\230\211"
 211      99989899 
 211      88999A98 
 211      89
 212 0a78 88898888 		.ascii	"\210\211\210\210\205\220\000\000\000\000\000\000\014"
 212      85900000 
 212      00000000 
 212      0C
 213 0a85 54444445 		.ascii	"TDDEDDDETTABQA\"\022\"\021\0234\260\011\210\211\210"
 213      44444445 
 213      54544142 
 213      51412212 
 213      22111334 
 214 0a9e 89898998 		.ascii	"\211\211\211\230UUT}\000\000\000\000\000\015\245\230"
 214      5555547D 
 214      00000000 
 214      000DA598 
 215 0aae 85A00000 		.ascii	"\205\240\000\000\000\000\000\000\010ET\204E\235\000"
 215      00000000 
 215      08455484 
 215      459D00
 216 0abd 0000000D 		.ascii	"\000\000\000\015\205TU$\"!13\340\000\000\000\017\334"
 216      85545524 
 216      22213133 
 216      E0000000 
 216      0FDC
 217 0acf CA988988 		.ascii	"\312\230\211\210\230A\021\023\000\000\000\000\000\000"
 217      98411113 
 217      00000000 
ARM GAS  /tmp/ccd4fvSj.s 			page 15


 217      0000
 218 0add 00058885 		.ascii	"\000\005\210\205\220\000\000\000\000\000\000\012EEE"
 218      90000000 
 218      0000000A 
 218      454545
 219 0aec 70000000 		.ascii	"p\000\000\000\000\000\000\010\205\204A$\"\021p\000\000"
 219      00000008 
 219      85844124 
 219      22117000 
 219      00
 220 0afd 00000000 		.ascii	"\000\000\000\000\000\331\230\230\225A\021\036\000\000"
 220      00D99898 
 220      9541111E 
 220      0000
 221 0b0b 00000000 		.ascii	"\000\000\000\000\000\011XX\340\000\000\000\000\000\000"
 221      00095858 
 221      E0000000 
 221      000000
 222 0b1a 00945457 		.ascii	"\000\224TW\000\000\000\000\000\000\000\011\210\205B"
 222      00000000 
 222      00000009 
 222      888542
 223 0b29 12111300 		.ascii	"\022\021\023\000\000\000\000\000\000\000\000\011h\211"
 223      00000000 
 223      00000009 
 223      6889
 224 0b37 9841111B 		.ascii	"\230A\021\033\000\000\000\000\000\000\000\015\205J\000"
 224      00000000 
 224      0000000D 
 224      854A00
 225 0b46 00D00000 		.ascii	"\000\320\000\000\000\000\000\324B\200\000\000\000\000"
 225      000000D4 
 225      42800000 
 225      0000
 226 0b54 00000009 		.ascii	"\000\000\000\011X\204$\022\021\033\000\000\000\000\000"
 226      58842412 
 226      111B0000 
 226      000000
 227 0b63 00000000 		.ascii	"\000\000\000\000\211\210\210R\021\033\000\000\000\000"
 227      89888852 
 227      111B0000 
 227      0000
 228 0b71 00000000 		.ascii	"\000\000\000\000\250Z\000\011\231\017\017\331\220\000"
 228      A85A0009 
 228      990F0FD9 
 228      9000
 229 0b7f F8280000 		.ascii	"\370(\000\000\000\000\000\000\000\000\011\210T\022\""
 229      00000000 
 229      00000988 
 229      541222
 230 0b8e 211E0000 		.ascii	"!\036\000\000\000\000\000\000\000\000\000\210\212\210"
 230      00000000 
 230      00000088 
 230      8A88
 231 0b9c 52111600 		.ascii	"R\021\026\000\000\000\000\000\000\000\000\005H\315\244"
 231      00000000 
 231      00000005 
ARM GAS  /tmp/ccd4fvSj.s 			page 16


 231      48CDA4
 232 0bab 55689984 		.ascii	"Uh\231\204J\337\305@\000\000\000\000\000\000\000\000"
 232      4ADFC540 
 232      00000000 
 232      00000000 
 233 0bbb F8995412 		.ascii	"\370\231T\022\"!0\000\000\000\000\000\000\000\000\000"
 233      22213000 
 233      00000000 
 233      00000000 
 234 0bcb 98888982 		.ascii	"\230\210\211\202\021\021\000\000\000\000\000\000\000"
 234      11110000 
 234      00000000 
 234      00
 235 0bd8 00008568 		.ascii	"\000\000\205h\205UUDEEeU\000\000\000\000\000\000\000"
 235      85555544 
 235      45456555 
 235      00000000 
 235      000000
 236 0beb 00009988 		.ascii	"\000\000\231\210R\"\022\021`\000\000\000\000\000\000"
 236      52221211 
 236      60000000 
 236      000000
 237 0bfa 000000D5 		.ascii	"\000\000\000\325\206\210\204\021\021\340\000\000\000"
 237      86888411 
 237      11E00000 
 237      00
 238 0c07 00000000 		.ascii	"\000\000\000\000\000\370TU\205UTUTD\215\000\000\000"
 238      00F85455 
 238      85555455 
 238      54448D00 
 238      0000
 239 0c19 00000000 		.ascii	"\000\000\000\000\000\000\211\230R\"\023\0210\000\000"
 239      00008998 
 239      52221311 
 239      300000
 240 0c28 00000000 		.ascii	"\000\000\000\000\000\000\000\330h\210\244!\021\240\000"
 240      000000D8 
 240      6888A421 
 240      11A000
 241 0c37 00000000 		.ascii	"\000\000\000\000\000\000\000\000\245EEUUEUE\000\000"
 241      00000000 
 241      A5454555 
 241      55455545 
 241      0000
 242 0c49 00000000 		.ascii	"\000\000\000\000\000\000\000\017\231\230\"\"!\021&\000"
 242      0000000F 
 242      99982222 
 242      21112600 
 243 0c59 00000000 		.ascii	"\000\000\000\000\000\000\000\015\250\210\210\210A\021"
 243      0000000D 
 243      A8888888 
 243      4111
 244 0c67 1E000000 		.ascii	"\036\000\000\000\000\000\000\000\000\000\015\252UUT"
 244      00000000 
 244      00000DAA 
 244      555554
 245 0c76 54446000 		.ascii	"TD`\000\000\000\000\000\000\000\000\000\014\211\230"
ARM GAS  /tmp/ccd4fvSj.s 			page 17


 245      00000000 
 245      00000000 
 245      0C8998
 246 0c85 12222311 		.ascii	"\022\"#\021!\026\000\000\000\000\000\000\000\310\210"
 246      21160000 
 246      00000000 
 246      00C888
 247 0c94 88888541 		.ascii	"\210\210\205A\021\032\000\000\000\000\000\000\000\000"
 247      111A0000 
 247      00000000 
 247      0000
 248 0ca2 00000084 		.ascii	"\000\000\000\204THBW\000\000\000\000\000\000\000\000"
 248      54484257 
 248      00000000 
 248      00000000 
 249 0cb2 0000F8C9 		.ascii	"\000\000\370\311\224!!\021\"\021\021&\000\000\000\000"
 249      94212111 
 249      22111126 
 249      00000000 
 250 0cc2 00D55588 		.ascii	"\000\325U\210\206\210\206R\021\024\000\000\000\000\000"
 250      86888652 
 250      11140000 
 250      000000
 251 0cd1 00000000 		.ascii	"\000\000\000\000\000\000\245UEBp\000\000\000\000\000"
 251      0000A555 
 251      45427000 
 251      00000000 
 252 0ce1 00000000 		.ascii	"\000\000\000\000\000\311\311\202!\"!\022\021\021\021"
 252      00C9C982 
 252      21222112 
 252      111111
 253 0cf0 00000000 		.ascii	"\000\000\000\000\010E\210XXX\210\204!\022\240\000\000"
 253      08458858 
 253      58588884 
 253      2112A000 
 253      00
 254 0d01 00000000 		.ascii	"\000\000\000\000\000\000\000\000\325DTS\340\000\000"
 254      00000000 
 254      D5445453 
 254      E00000
 255 0d10 00000000 		.ascii	"\000\000\000\000\000\000\000\014\231\231A\"\"\021!\021"
 255      0000000C 
 255      99994122 
 255      22112111 
 256 0d20 1111E000 		.ascii	"\021\021\340\000\000\000eUXHXF\204\245B! \000\000\000"
 256      00006555 
 256      58485846 
 256      84A54221 
 256      20000000 
 257 0d34 00000000 		.ascii	"\000\000\000\000\000\000\000\325EUE\000\000\000\000"
 257      000000D5 
 257      45554500 
 257      000000
 258 0d43 00000000 		.ascii	"\000\000\000\000\000\000\014\314\230A!\022!#\021\021"
 258      00000CCC 
 258      98412112 
 258      21231111 
ARM GAS  /tmp/ccd4fvSj.s 			page 18


 259 0d53 11E00000 		.ascii	"\021\340\000\000\000\225XU\206\205\210\205\205B\"&\000"
 259      00955855 
 259      86858885 
 259      85422226 
 259      00
 260 0d64 00000000 		.ascii	"\000\000\000\000\000\000\000\000\000\304DDG\000\000"
 260      00000000 
 260      00C44444 
 260      470000
 261 0d73 00000000 		.ascii	"\000\000\000\000\000\000\000\000\311\314\224\022\022"
 261      00000000 
 261      C9CC9412 
 261      12
 262 0d80 21131111 		.ascii	"!\023\021\021\021\022\000\000\000\000\011EUUUU\204V"
 262      11120000 
 262      00000945 
 262      55555555 
 262      8456
 263 0d92 544221A0 		.ascii	"TB!\240\000\000\000\000\000\000\000\000\000\324ET'\000"
 263      00000000 
 263      00000000 
 263      00D44554 
 263      2700
 264 0da4 00000000 		.ascii	"\000\000\000\000\000\000\000\000\017\234\311R\022\021"
 264      00000000 
 264      0F9CC952 
 264      1211
 265 0db2 11111111 		.ascii	"\021\021\021\021\021\027\000\000\000\000\012VV\205U"
 265      11170000 
 265      00000A56 
 265      568555
 266 0dc1 55555855 		.ascii	"UUXUDD*\000\000\000\000\000\000\000\000\000\310$EF\000"
 266      44442A00 
 266      00000000 
 266      00000000 
 266      C8244546 
 267 0dd6 00000000 		.ascii	"\000\000\000\000\000\000\000\000\374\314\311\"!11\023"
 267      00000000 
 267      FCCCC922 
 267      21313113 
 268 0de6 4631113E 		.ascii	"F1\021>\000\000\000\000\015\204TUUUUUURD$\320\000\000"
 268      00000000 
 268      0D845455 
 268      55555555 
 268      55524424 
 269 0dfd 00000000 		.ascii	"\000\000\000\000\000\000\304EE&\000\000\000\000\000"
 269      0000C445 
 269      45260000 
 269      000000
 270 0e0c 0000000F 		.ascii	"\000\000\000\017\314\314\224\021!!\021;\000\346\"\240"
 270      CCCC9411 
 270      2121113B 
 270      00E622A0 
 271 0e1c 00000000 		.ascii	"\000\000\000\000\000\225HZ\256\245VUUTDD]\000\000\000"
 271      0095485A 
 271      AEA55655 
 271      55544444 
ARM GAS  /tmp/ccd4fvSj.s 			page 19


 271      5D000000 
 272 0e30 00000000 		.ascii	"\000\000\000\000\000\324DDG\000\000\000\000\000\000"
 272      00D44444 
 272      47000000 
 272      000000
 273 0e3f 0000FCCC 		.ascii	"\000\000\374\314\311R#\"\021\023\260\000\000\000\000"
 273      C9522322 
 273      1113B000 
 273      000000
 274 0e4e 00000000 		.ascii	"\000\000\000\000\000\017\320\320\000\014EUUUDEE\320"
 274      000FD0D0 
 274      000C4555 
 274      55554445 
 274      45D0
 275 0e60 00000000 		.ascii	"\000\000\000\000\000\000\000\305DT&\000\000\000\000"
 275      000000C5 
 275      44542600 
 275      000000
 276 0e6f 0000000F 		.ascii	"\000\000\000\017\374\314\305!\021\022\021\027\000\000"
 276      FCCCC521 
 276      11121117 
 276      0000
 277 0e7d 00000000 		.ascii	"\000\000\000\000\000\000\000\000\000\000\000\000\000"
 277      00000000 
 277      00000000 
 277      00
 278 0e8a A4555455 		.ascii	"\244UTUTDTI\000\000\000\000\000\000\000\325$DG\000\000"
 278      54445449 
 278      00000000 
 278      000000D5 
 278      24444700 
 279 0e9f 00000000 		.ascii	"\000\000\000\000\000\374\317\314\2011!1\0210\000\000"
 279      00FCCFCC 
 279      81312131 
 279      11300000 
 280 0eaf 00000000 		.ascii	"\000\000\000\000\000\000\000\000\000\000\000\000\000"
 280      00000000 
 280      00000000 
 280      00
 281 0ebc 08445554 		.ascii	"\010DUTUDUU\220\000\000\000\000\000\000\245DB&\000\000"
 281      55445555 
 281      90000000 
 281      000000A5 
 281      44422600 
 282 0ed1 00000000 		.ascii	"\000\000\000\000\017\314\317\310!!!#\023p\000\000\000"
 282      0FCCCFC8 
 282      21212123 
 282      13700000 
 282      00
 283 0ee2 00000000 		.ascii	"\000\000\000\000\000\000\000\000\000\000\000\000\017"
 283      00000000 
 283      00000000 
 283      0F
 284 0eef 44444554 		.ascii	"DDETTUTI\320\000\000\000\000\000\305$DG\000\000\000"
 284      54555449 
 284      D0000000 
 284      0000C524 
ARM GAS  /tmp/ccd4fvSj.s 			page 20


 284      44470000 
 285 0f04 00000FCC 		.ascii	"\000\000\017\314\317\314\202\"\023\022\021\023\000\000"
 285      CFCC8222 
 285      13121113 
 285      0000
 286 0f12 00000000 		.ascii	"\000\000\000\000\000\000\000\000\000\000\000\000\000"
 286      00000000 
 286      00000000 
 286      00
 287 0f1f 00005558 		.ascii	"\000\000UXDTTUUV\210\000\000\000\000\000\324%$\026\000"
 287      44545455 
 287      55568800 
 287      00000000 
 287      D4252416 
 288 0f34 00000000 		.ascii	"\000\000\000\000\314\314\374\305!\022\0221\021\022\000"
 288      CCCCFCC5 
 288      21121231 
 288      111200
 289 0f43 00000000 		.ascii	"\000\000\000\000\000\000\000\000\000\000\000\000\000"
 289      00000000 
 289      00000000 
 289      00
 290 0f50 00000C44 		.ascii	"\000\000\014DDTHDEXh\205\211\300\000\000\000\245\"D"
 290      44544844 
 290      45586885 
 290      89C00000 
 290      00A52244 
 291 0f64 27000000 		.ascii	"'\000\000\000\017\314\314\374\311A\021!\021\021\021"
 291      0FCCCCFC 
 291      C9411121 
 291      111111
 292 0f73 12600000 		.ascii	"\022`\000\000\000\000\000\000\000\000\000\000\000\000"
 292      00000000 
 292      00000000 
 292      0000
 293 0f81 00000004 		.ascii	"\000\000\000\004DD\204DHDU\210\230X\214\360\000\000"
 293      44448444 
 293      48445588 
 293      98588CF0 
 293      0000
 294 0f93 94442415 		.ascii	"\224D$\025\000\000\017\311\314\314\314\205!"
 294      00000FC9 
 294      CCCCCC85 
 294      21
 295 0fa0 22221121 		.ascii	"\"\"\021!\021\021+\000\000\000\000\000\000\000\000\000"
 295      11112B00 
 295      00000000 
 295      00000000 
 296 0fb0 00000000 		.ascii	"\000\000\000\000\000\000DEDEEDDDU\211\231\230\210\234"
 296      00004445 
 296      44454544 
 296      44445589 
 296      9998889C 
 297 0fc4 00522424 		.ascii	"\000R$$&\315\331\211\234\314\314\225A\023\023\023\""
 297      26CDD989 
 297      9CCCCC95 
 297      41131313 
ARM GAS  /tmp/ccd4fvSj.s 			page 21


 297      22
 298 0fd5 12112112 		.ascii	"\022\021!\022\340\000\000\000\000\000\000\000\000\000"
 298      E0000000 
 298      00000000 
 298      0000
 299 0fe3 00000000 		.ascii	"\000\000\000\000\011DDDDDETTDH\211\231\231\231\231T"
 299      09444444 
 299      44444554 
 299      54444889 
 299      99999999 
 300 0ff8 41515489 		.ascii	"AQT\211\231\234\311\311\205!\"\022\021\021\023\022!"
 300      999CC9C9 
 300      85212212 
 300      11111312 
 300      21
 301 1009 11116000 		.ascii	"\021\021`\000\000\000\000\000\000\000\000\000\000\000"
 301      00000000 
 301      00000000 
 301      0000
 302 1017 0000D444 		.ascii	"\000\000\324DTTTTTDDDDU\231\234\234\311D$!E\231\231"
 302      54545454 
 302      54444444 
 302      4455999C 
 302      9CC94424 
 303 102f 99998542 		.ascii	"\231\231\205B\"\021!!\021\021\021\022\021\021`\000\000"
 303      22112121 
 303      11111112 
 303      11116000 
 303      00
 304 1040 00000000 		.ascii	"\000\000\000\000\000\000\000\000\000\000\000\244DDD"
 304      00000000 
 304      000000A4 
 304      444444
 305 104f 44444444 		.ascii	"DDDDDDDDUY\231\311R%$E\211\231\210TA\022\023!\021!\021"
 305      44444444 
 305      555999C9 
 305      52252445 
 305      89998854 
 306 106a 31111211 		.ascii	"1\021\022\021\021`\000\000\000\000\000\000\000\000\000"
 306      11600000 
 306      00000000 
 306      000000
 307 1079 00000000 		.ascii	"\000\000\000\000\325\024DDB\025D$DDBDDEX\210T\024\""
 307      D5144444 
 307      42154424 
 307      44444244 
 307      44455888 
 308 1090 15888554 		.ascii	"\025\210\205T\021\022!!\0222\0217\000\241\021\021\027"
 308      11122121 
 308      12321137 
 308      00A11111 
 308      17
 309 10a1 00000000 		.ascii	"\000\000\000\000\000\000\000\000\000\000\000\000\000"
 309      00000000 
 309      00000000 
 309      00
 310 10ae 00094244 		.ascii	"\000\011BDBE{\332T$DD\"D$D$\024\022TA\"\022\022\"\""
ARM GAS  /tmp/ccd4fvSj.s 			page 22


 310      42457BDA 
 310      54244444 
 310      22442444 
 310      24141254 
 311 10c8 22221111 		.ascii	"\"\"\021\021\023\340\000\012!\021N\000\000\000\000\000"
 311      13E0000A 
 311      21114E00 
 311      00000000 
 312 10d8 00000000 		.ascii	"\000\000\000\000\000\000\000\000\000\000\225\022\024"
 312      00000000 
 312      00009512 
 312      14
 313 10e5 6B000006 		.ascii	"k\000\000\006\"$$D\"B\"!QQ!$!\"\"\"\"\021\023!\0230"
 313      22242444 
 313      22422221 
 313      51512124 
 313      21222222 
 314 10ff 00000001 		.ascii	"\000\000\000\001\026\000\000\000\000\000\000\000\000"
 314      16000000 
 314      00000000 
 314      00
 315 110c 00000000 		.ascii	"\000\000\000\000\000\000\000\000\015U]\000\000\000\000"
 315      00000000 
 315      0D555D00 
 315      000000
 316 111b C4242424 		.ascii	"\304$$$BB%BQQD\024\"\"\"\"\022#\021!\023\000\000\000"
 316      42422542 
 316      51514414 
 316      22222222 
 316      12231121 
 317 1133 00000000 		.ascii	"\000\000\000\000\000\000\000\000\000\000\000\000\000"
 317      00000000 
 317      00000000 
 317      00
 318 1140 00000000 		.ascii	"\000\000\000\000\000\000\000\015\000\000\000\000\000"
 318      0000000D 
 318      00000000 
 318      00
 319 114d 05124222 		.ascii	"\005\022B\"\"BAAB$\"\"\"\"\"\023\023\021\0211\033\000"
 319      22424141 
 319      42242222 
 319      22222213 
 319      13111131 
 320 1163 00000000 		.ascii	"\000\000\000\000\000\000\000\000\000\000\000\000\000"
 320      00000000 
 320      00000000 
 320      00
 321 1170 00000000 		.ascii	"\000\000\000\000\000\000\000\000\000\000\000\000\000"
 321      00000000 
 321      00000000 
 321      00
 322 117d 0000D412 		.ascii	"\000\000\324\022D$BAAQAABA\"!\022\021\021\022\021\021"
 322      44244241 
 322      41514141 
 322      42412221 
 322      12111112 
 323 1193 3B000000 		.ascii	";\000\000\000\000\000\000\000\000\000\000\000\000\000"
ARM GAS  /tmp/ccd4fvSj.s 			page 23


 323      00000000 
 323      00000000 
 323      0000
 324 11a1 00000000 		.ascii	"\000\000\000\000\000\000\000\000\000\000\000\000\000"
 324      00000000 
 324      00000000 
 324      00
 325 11ae 000000A5 		.ascii	"\000\000\000\245$!R$\024\022\024\024\024\021\"\"\022"
 325      24215224 
 325      14121414 
 325      14112222 
 325      12
 326 11bf 11111121 		.ascii	"\021\021\021!!\021\032\000\000\000\000\000\000\000\000"
 326      21111A00 
 326      00000000 
 326      000000
 327 11ce 00000000 		.ascii	"\000\000\000\000\000\000\000\000\000\000\000\000\000"
 327      00000000 
 327      00000000 
 327      00
 328 11db 00000000 		.ascii	"\000\000\000\000\000\000\000\000ABQAA\025UAA\024\022"
 328      00000000 
 328      41425141 
 328      41155541 
 328      411412
 329 11ee 2211133B 		.ascii	"\"\021\023;\273a\021\021\021\026\000\000\000\000\000"
 329      BB611111 
 329      11160000 
 329      000000
 330 11fd 00000000 		.ascii	"\000\000\000\000\000\000\000\000\000\000\000\000\000"
 330      00000000 
 330      00000000 
 330      00
 331 120a 00000000 		.ascii	"\000\000\000\000\000\000\000\000\000\000\000AB$\025"
 331      00000000 
 331      00000041 
 331      422415
 332 1219 117000D5 		.ascii	"\021p\000\325\024!!!\023p\000\000\001\021!\021\026\000"
 332      14212121 
 332      13700000 
 332      01112111 
 332      1600
 333 122b 00000000 		.ascii	"\000\000\000\000\000\000\000\000\000\000\000\000\000"
 333      00000000 
 333      00000000 
 333      00
 334 1238 00000000 		.ascii	"\000\000\000\000\000\000\000\000\000\000\000\000\000"
 334      00000000 
 334      00000000 
 334      00
 335 1245 000D2141 		.ascii	"\000\015!AD\021\027\000\000\006!\"!!\027\000\000\000"
 335      44111700 
 335      00062122 
 335      21211700 
 335      0000
 336 1257 0A112211 		.ascii	"\012\021\"\021\022\340\000\000\000\000\000\000\000\000"
 336      12E00000 
ARM GAS  /tmp/ccd4fvSj.s 			page 24


 336      00000000 
 336      0000
 337 1265 00000000 		.ascii	"\000\000\000\000\000\000\000\000\000\000\000\000\000"
 337      00000000 
 337      00000000 
 337      00
 338 1272 00000000 		.ascii	"\000\000\000\000\000\000\017\021BAA0\000\000\012!\""
 338      00000F11 
 338      42414130 
 338      00000A21 
 338      22
 339 1283 13113E00 		.ascii	"\023\021>\000\000\000\000\021\021\021\026\000\000\000"
 339      00000011 
 339      11111600 
 339      0000
 340 1291 00000000 		.ascii	"\000\000\000\000\000\000\000\000\000\000\000\000\000"
 340      00000000 
 340      00000000 
 340      00
 341 129e 00000000 		.ascii	"\000\000\000\000\000\000\000\000\000\000\000\000\000"
 341      00000000 
 341      00000000 
 341      00
 342 12ab 94111114 		.ascii	"\224\021\021\024\260\000\000\015A\022\022\021p\000\000"
 342      B000000D 
 342      41121211 
 342      700000
 343 12ba 0000A111 		.ascii	"\000\000\241\021\021p\000\000\000\000\000\000\000\000"
 343      11700000 
 343      00000000 
 343      0000
 344 12c8 00000000 		.ascii	"\000\000\000\000\000\000\000\000\000\000\000\000\000"
 344      00000000 
 344      00000000 
 344      00
 345 12d5 00000000 		.ascii	"\000\000\000\000\000\000\000\000\000\230BJ\000\000\000"
 345      00000000 
 345      0098424A 
 345      000000
 346 12e4 0E412121 		.ascii	"\016A!!\021@\000\000\000\000\012F\340\000\000\000\000"
 346      11400000 
 346      00000A46 
 346      E0000000 
 346      00
 347 12f5 00000000 		.ascii	"\000\000\000\000\000\000\000\000\000\000\000\000\000"
 347      00000000 
 347      00000000 
 347      00
 348 1302 00000000 		.ascii	"\000\000\000\000\000\000\000\000\000\000\000\000\000"
 348      00000000 
 348      00000000 
 348      00
 349 130f 0000DA00 		.ascii	"\000\000\332\000\000\000\000\016A\021\021\021p\000\000"
 349      0000000E 
 349      41111111 
 349      700000
 350 131e 00000000 		.ascii	"\000\000\000\000\000\000\000\000\000\000\000\000\000"
ARM GAS  /tmp/ccd4fvSj.s 			page 25


 350      00000000 
 350      00000000 
 350      00
 351 132b 00000000 		.ascii	"\000\000\000\000\000\000\000\000\000\000\000\000\000"
 351      00000000 
 351      00000000 
 351      00
 352 1338 00000000 		.ascii	"\000\000\000\000\000\000\000\000\000\000\000\000\000"
 352      00000000 
 352      00000000 
 352      00
 353 1345 00000000 		.ascii	"\000\000\000\000!\021\021\023\340\000\000\000\000\000"
 353      21111113 
 353      E0000000 
 353      0000
 354 1353 00000000 		.ascii	"\000\000\000\000\000\000\000\000\000\000\000\000\000"
 354      00000000 
 354      00000000 
 354      00
 355 1360 00000000 		.ascii	"\000\000\000\000\000\000\000\000\000\000\000\000\000"
 355      00000000 
 355      00000000 
 355      00
 356 136d 00000000 		.ascii	"\000\000\000\000\000\000\000\000\000\000\000\000\000"
 356      00000000 
 356      00000000 
 356      00
 357 137a 00066A66 		.ascii	"\000\006jfk\000\000\000\000\000\000\000\000\000\000"
 357      6B000000 
 357      00000000 
 357      000000
 358 1389 00000000 		.ascii	"\000\000\000\000\000\000\000\000\000\000\000\000\000"
 358      00000000 
 358      00000000 
 358      00
 359 1396 00000000 		.ascii	"\000\000\000\000\000\000\000\000\000\000\000\000\000"
 359      00000000 
 359      00000000 
 359      00
 360 13a3 00000000 		.ascii	"\000\000\000\000\000\000\000\000\000\000\000\000\000"
 360      00000000 
 360      00000000 
 360      00
 361 13b0 00000000 		.ascii	"\000\000\000\000\000\000\000\000\000\000\000\000\000"
 361      00000000 
 361      00000000 
 361      00
 362 13bd 00000000 		.ascii	"\000\000\000\000\000\000\000\000\000\000\000"
 362      00000000 
 362      000000
 363              		.text
 364              	.Letext0:
 365              		.file 1 "/home/akinya/gcc-arm-none-eabi/arm-none-eabi/include/machine/_default_types.h"
 366              		.file 2 "/home/akinya/gcc-arm-none-eabi/arm-none-eabi/include/sys/_stdint.h"
 367              		.file 3 "Middlewares/lvgl/examples/assets/../../src/core/lv_obj.h"
 368              		.file 4 "Middlewares/lvgl/examples/assets/../../src/core/../draw/lv_img_buf.h"
 369              		.file 5 "Middlewares/lvgl/examples/assets/../../src/widgets/lv_bar.h"
ARM GAS  /tmp/ccd4fvSj.s 			page 26


 370              		.file 6 "Middlewares/lvgl/examples/assets/../../src/extra/widgets/imgbtn/lv_imgbtn.h"
 371              		.file 7 "Middlewares/lvgl/examples/assets/img_cogwheel_indexed16.c"
ARM GAS  /tmp/ccd4fvSj.s 			page 27


DEFINED SYMBOLS
                            *ABS*:0000000000000000 img_cogwheel_indexed16.c
     /tmp/ccd4fvSj.s:21     .rodata.img_cogwheel_indexed16:0000000000000000 img_cogwheel_indexed16
     /tmp/ccd4fvSj.s:32     .rodata.img_cogwheel_indexed16_map:0000000000000000 img_cogwheel_indexed16_map
     /tmp/ccd4fvSj.s:18     .rodata.img_cogwheel_indexed16:0000000000000000 $d
     /tmp/ccd4fvSj.s:29     .rodata.img_cogwheel_indexed16_map:0000000000000000 $d

NO UNDEFINED SYMBOLS
