ARM GAS  /tmp/ccO42orS.s 			page 1


   1              		.cpu cortex-m3
   2              		.eabi_attribute 20, 1
   3              		.eabi_attribute 21, 1
   4              		.eabi_attribute 23, 3
   5              		.eabi_attribute 24, 1
   6              		.eabi_attribute 25, 1
   7              		.eabi_attribute 26, 1
   8              		.eabi_attribute 30, 1
   9              		.eabi_attribute 34, 1
  10              		.eabi_attribute 18, 4
  11              		.file	"img_hand.c"
  12              		.text
  13              	.Ltext0:
  14              		.cfi_sections	.debug_frame
  15              		.global	img_hand
  16              		.global	img_hand_map
  17              		.section	.rodata.img_hand,"a"
  18              		.align	2
  21              	img_hand:
  22 0000 05       		.byte	5
  23 0001 90       		.byte	144
  24 0002 21       		.byte	33
  25 0003 01       		.byte	1
  26 0004 8C0A0000 		.word	2700
  27 0008 00000000 		.word	img_hand_map
  28              		.section	.rodata.img_hand_map,"a"
  29              		.align	2
  32              	img_hand_map:
  33 0000 00000000 		.ascii	"\000\000\000\000\000\000\000\000\000\020\204\004,c\034"
  33      00000000 
  33      00108404 
  33      2C631C
  34 000f 00000000 		.ascii	"\000\000\000\000\000\000\000\000\000\000\000\000\000"
  34      00000000 
  34      00000000 
  34      00
  35 001c 00000000 		.ascii	"\000\000\000\000\000\000\000\000\000\000\000\000\000"
  35      00000000 
  35      00000000 
  35      00
  36 0029 00000000 		.ascii	"\000\000\000\000\000\000\000\000\000\000\000\000\000"
  36      00000000 
  36      00000000 
  36      00
  37 0036 00000000 		.ascii	"\000\000\000\000\000\000\000\000\000\000\000\000\000"
  37      00000000 
  37      00000000 
  37      00
  38 0043 00000000 		.ascii	"\000\000\000\000\000\000\000\000\000\000\000\000\000"
  38      00000000 
  38      00000000 
  38      00
  39 0050 00000000 		.ascii	"\000\000\000\000\000\000\000\000\000\000\000\000\000"
  39      00000000 
  39      00000000 
  39      00
  40 005d 00000000 		.ascii	"\000\000\000\000\000\000\000\000\000\000\000\000\000"
ARM GAS  /tmp/ccO42orS.s 			page 2


  40      00000000 
  40      00000000 
  40      00
  41 006a 00000000 		.ascii	"\000\000\000\000\000\000\000\000\000\000\000\000\000"
  41      00000000 
  41      00000000 
  41      00
  42 0077 00000000 		.ascii	"\000\000\000\000\000\000\000\000\000\000\000\000\000"
  42      00000000 
  42      00000000 
  42      00
  43 0084 00000000 		.ascii	"\000\000\000\000\000\000\000\000\000\000\000\000\000"
  43      00000000 
  43      00000000 
  43      00
  44 0091 00000000 		.ascii	"\000\000\000\000\000\000\000\000\000\000\000\000\000"
  44      00000000 
  44      00000000 
  44      00
  45 009e 00000000 		.ascii	"\000\000\000\000\000\000\000\000\000\000\000\000\000"
  45      00000000 
  45      00000000 
  45      00
  46 00ab 00000000 		.ascii	"\000\000\000\000\000\000\000\000\000\000\000\000\000"
  46      00000000 
  46      00000000 
  46      00
  47 00b8 00000000 		.ascii	"\000\000\000\000\000\000\000\000\000\000\000\000\000"
  47      00000000 
  47      00000000 
  47      00
  48 00c5 00000000 		.ascii	"\000\000\000\000\212RG \000W\004!W\3479\010\000\000"
  48      8A524720 
  48      00570421 
  48      57E73908 
  48      0000
  49 00d7 00000000 		.ascii	"\000\000\000\000\000\000\000\000\000\000\000\000\000"
  49      00000000 
  49      00000000 
  49      00
  50 00e4 00000000 		.ascii	"\000\000\000\000\000\000\000\000\000\000\000\000\000"
  50      00000000 
  50      00000000 
  50      00
  51 00f1 00000000 		.ascii	"\000\000\000\000\000\000\000\000\000\000\000\000\000"
  51      00000000 
  51      00000000 
  51      00
  52 00fe 00000000 		.ascii	"\000\000\000\000\000\000\000\000\000\000\000\000\000"
  52      00000000 
  52      00000000 
  52      00
  53 010b 00000000 		.ascii	"\000\000\000\000\000\000\000\000\000\000\000\000\000"
  53      00000000 
  53      00000000 
  53      00
  54 0118 00000000 		.ascii	"\000\000\000\000\000\000\000\000\000\000\000\000\000"
ARM GAS  /tmp/ccO42orS.s 			page 3


  54      00000000 
  54      00000000 
  54      00
  55 0125 00000000 		.ascii	"\000\000\000\000\000\000\000\000\000\000\353Z\014\307"
  55      00000000 
  55      0000EB5A 
  55      0CC7
  56 0133 3974C318 		.ascii	"9t\303\030\353\303\030\360\3079\274\350A\004\000\000"
  56      EBC318F0 
  56      C739BCE8 
  56      41040000 
  57 0143 00000000 		.ascii	"\000\000\000\000\000\000\000\000\000\000\000\000\000"
  57      00000000 
  57      00000000 
  57      00
  58 0150 00000000 		.ascii	"\000\000\000\000\000\000\000\000\000\000\000\000\000"
  58      00000000 
  58      00000000 
  58      00
  59 015d 00000000 		.ascii	"\000\000\000\000\000\000\000\000\000\000\000\000\000"
  59      00000000 
  59      00000000 
  59      00
  60 016a 00000000 		.ascii	"\000\000\000\000\000\000\000\000\000\000\000\000\000"
  60      00000000 
  60      00000000 
  60      00
  61 0177 00000000 		.ascii	"\000\000\000\000\000\000\000\000\000\000\000\000\000"
  61      00000000 
  61      00000000 
  61      00
  62 0184 00000000 		.ascii	"\000\000\000\000\000\000\000\000\000\000\000\000\000"
  62      00000000 
  62      00000000 
  62      00
  63 0191 00000000 		.ascii	"\000\000\000\000\000\000\000\000\000\000\000\000\000"
  63      00000000 
  63      00000000 
  63      00
  64 019e 00000000 		.ascii	"\000\000\000\000\000\000\000\000\000\000\000\000\000"
  64      00000000 
  64      00000000 
  64      00
  65 01ab 00000000 		.ascii	"\000\000\000\000\000\000\000\000\000\000\000\000\000"
  65      00000000 
  65      00000000 
  65      00
  66 01b8 00000000 		.ascii	"\000\000\000\000\000\000\000\000\000\000\000\000\000"
  66      00000000 
  66      00000000 
  66      00
  67 01c5 00000000 		.ascii	"\000\000\000\000\000\000\000\000\000\000\000\000\000"
  67      00000000 
  67      00000000 
  67      00
  68 01d2 00000000 		.ascii	"\000\000\000\000\000\000\000\000\000\000\000\000\000"
  68      00000000 
ARM GAS  /tmp/ccO42orS.s 			page 4


  68      00000000 
  68      00
  69 01df 00000000 		.ascii	"\000\000\000\000\000\000\000\000\000\000\000\000\000"
  69      00000000 
  69      00000000 
  69      00
  70 01ec 00000082 		.ascii	"\000\000\000\202\020\003\344 \217\243\030\373 \000\377"
  70      1003E420 
  70      8FA318FB 
  70      2000FF
  71 01fb 2108FF61 		.ascii	"!\010\377a\010\354\004!\207IJ\023\000\000\000\000\000"
  71      08EC0421 
  71      87494A13 
  71      00000000 
  71      00
  72 020c 00000000 		.ascii	"\000\000\000\000\000\000\000\000\000\000\000\000\000"
  72      00000000 
  72      00000000 
  72      00
  73 0219 00000000 		.ascii	"\000\000\000\000\000\000\000\000\000\000\000\000\000"
  73      00000000 
  73      00000000 
  73      00
  74 0226 00000000 		.ascii	"\000\000\000\000\000\000\000\000\000\000\000\000\000"
  74      00000000 
  74      00000000 
  74      00
  75 0233 00000000 		.ascii	"\000\000\000\000\000\000\000\000\000\000\000\000\000"
  75      00000000 
  75      00000000 
  75      00
  76 0240 00000000 		.ascii	"\000\000\000\000\000\000\000\000\000\000\000\000\000"
  76      00000000 
  76      00000000 
  76      00
  77 024d 00000000 		.ascii	"\000\000\000\000\000\000\000\000\000\000\000\357{\017"
  77      00000000 
  77      000000EF 
  77      7B0F
  78 025b A739CB20 		.ascii	"\2479\313 \000\377!\010\377 \000\377 \000\377\303\030"
  78      00FF2108 
  78      FF2000FF 
  78      2000FFC3 
  78      18
  79 026c C4D7BD04 		.ascii	"\304\327\275\004\000\000\000\000\000\000\000\000\000"
  79      00000000 
  79      00000000 
  79      00
  80 0279 00000000 		.ascii	"\000\000\000\000\000\000\000\000\000\000\000\000\000"
  80      00000000 
  80      00000000 
  80      00
  81 0286 00000000 		.ascii	"\000\000\000\000\000\000\000\000\000\000\000\000\000"
  81      00000000 
  81      00000000 
  81      00
  82 0293 00000000 		.ascii	"\000\000\000\000\000\000\000\000\000\000\000\000\000"
ARM GAS  /tmp/ccO42orS.s 			page 5


  82      00000000 
  82      00000000 
  82      00
  83 02a0 00000000 		.ascii	"\000\000\000\000\000\000\000\000\000\000\000\000\000"
  83      00000000 
  83      00000000 
  83      00
  84 02ad 00000000 		.ascii	"\000\000\000\000\000\000\000\000\000\000\000\000\000"
  84      00000000 
  84      00000000 
  84      00
  85 02ba 00000000 		.ascii	"\000\000\000\000\000\000\000\000\000\000\000\000\000"
  85      00000000 
  85      00000000 
  85      00
  86 02c7 00000000 		.ascii	"\000\000\000\000\000\000\000\000\000\000\000\000\000"
  86      00000000 
  86      00000000 
  86      00
  87 02d4 00000000 		.ascii	"\000\000\000\000\000\000\000\000\000\000\000\000\000"
  87      00000000 
  87      00000000 
  87      00
  88 02e1 00000000 		.ascii	"\000\000\000\000\000\000\000\000\000\000\000\000\000"
  88      00000000 
  88      00000000 
  88      00
  89 02ee 00000000 		.ascii	"\000\000\000\000\000\000\000\000\000\000\000\000\000"
  89      00000000 
  89      00000000 
  89      00
  90 02fb 00000000 		.ascii	"\000\000\000\000\000\000\000\000\000\000\000\000\000"
  90      00000000 
  90      00000000 
  90      00
  91 0308 00000000 		.ascii	"\000\000\000\000\000\000\000\000\000\000\000\000\000"
  91      00000000 
  91      00000000 
  91      00
  92 0315 00000000 		.ascii	"\000\000\000\000\000\000E)\240\000\000\377\000\000\377"
  92      00004529 
  92      A00000FF 
  92      0000FF
  93 0324 0000FF00 		.ascii	"\000\000\377\000\000\377\000\000\377\000\000\377E)\370"
  93      00FF0000 
  93      FF0000FF 
  93      4529F8
  94 0333 A318A82D 		.ascii	"\243\030\250-kG\000\000\000\000\000\000\000\000\000"
  94      6B470000 
  94      00000000 
  94      000000
  95 0342 00000000 		.ascii	"\000\000\000\000\000\000\000\000\000\000\000\000\000"
  95      00000000 
  95      00000000 
  95      00
  96 034f 00000000 		.ascii	"\000\000\000\000\000\000\000\000\000\000\000\000\000"
  96      00000000 
ARM GAS  /tmp/ccO42orS.s 			page 6


  96      00000000 
  96      00
  97 035c 00000000 		.ascii	"\000\000\000\000\000\000\000\000\000\000\000\000\000"
  97      00000000 
  97      00000000 
  97      00
  98 0369 00000000 		.ascii	"\000\000\000\000\000\000\000\000\000\000\000\000\000"
  98      00000000 
  98      00000000 
  98      00
  99 0376 00000000 		.ascii	"\000\000\000\000\000\000\000\000\000\000\000\000\000"
  99      00000000 
  99      00000000 
  99      00
 100 0383 0062104B 		.ascii	"\000b\020Kb\020\377\303\030\333\014cT\353ZP\202\020"
 100      6210FFC3 
 100      18DB0C63 
 100      54EB5A50 
 100      8210
 101 0395 B82108FF 		.ascii	"\270!\010\377\004!\377\3079\377\3479\377\2061\377\350"
 101      0421FFC7 
 101      39FFE739 
 101      FF8631FF 
 101      E8
 102 03a6 41FFE841 		.ascii	"A\377\350A\377\350A\377\010B\377\010B\373(B\350(B\344"
 102      FFE841FF 
 102      0842FF08 
 102      42FB2842 
 102      E82842E4 
 103 03ba 294ADC29 		.ascii	")J\334)J\327)J\320IJ\263IJ\260IJ\257IJ\253IJ\247)J\207"
 103      4AD7294A 
 103      D0494AB3 
 103      494AB049 
 103      4AAF494A 
 104 03d5 294A8428 		.ascii	")J\204(B\200(B\177\010B{\000\000W\000\000W\000\000W"
 104      42802842 
 104      7F08427B 
 104      00005700 
 104      00570000 
 105 03ea 00005700 		.ascii	"\000\000W\000\000W\000\000W\000\000W\000\000W \000W"
 105      00570000 
 105      57000057 
 105      00005720 
 105      0057
 106 03fc 21085720 		.ascii	"!\010W \000W \000W!\010WA\010WA\010W!\010WA\010WA\010"
 106      00572000 
 106      57210857 
 106      41085741 
 106      08572108 
 107 0416 57410857 		.ascii	"WA\010Wa\010WA\010Wa\010Wa\010W\202\020W\202\020W\202"
 107      61085741 
 107      08576108 
 107      57610857 
 107      82105782 
 108 042d 10578210 		.ascii	"\020W\202\020W\202\020W\242\020W\243\030W\242\020W\242"
 108      57821057 
 108      A21057A3 
ARM GAS  /tmp/ccO42orS.s 			page 7


 108      1857A210 
 108      57A2
 109 043f 1057A318 		.ascii	"\020W\243\030W\2061\234a\010\377!\010\377A\010\377 "
 109      5786319C 
 109      6108FF21 
 109      08FF4108 
 109      FF20
 110 0451 00FF2000 		.ascii	"\000\377 \000\377A\010\377!\010\377 \000\377\000\000"
 110      FF4108FF 
 110      2108FF20 
 110      00FF0000 
 111 0461 FF2000FF 		.ascii	"\377 \000\377%)\377\010B\240\303\030W\3079W\350AW\010"
 111      2529FF08 
 111      42A0C318 
 111      57C73957 
 111      E8415708 
 112 0475 4257E841 		.ascii	"BW\350AW\2479W\2461W\2461W\2479W\2479Wf1W%)W\004!W\004"
 112      57A73957 
 112      A63157A6 
 112      3157A739 
 112      57A73957 
 113 0493 21570421 		.ascii	"!W\004!W\004!W\303\030W\242\020W\243\030W\303\030W\242"
 113      57042157 
 113      C31857A2 
 113      1057A318 
 113      57C31857 
 114 04a8 1057A318 		.ascii	"\020W\243\030W(BPIJ\267 \000\377\2479\214\216s\004\216"
 114      57284250 
 114      494AB720 
 114      00FFA739 
 114      8C8E7304 
 115 04bd 730F0421 		.ascii	"s\017\004!7\202\020\377\000\000\377\000\000\377!\010"
 115      378210FF 
 115      0000FF00 
 115      00FF2108 
 116 04cd FF0000FF 		.ascii	"\377\000\000\377\000\000\377\000\000\377\000\000\377"
 116      0000FF00 
 116      00FF0000 
 116      FF
 117 04da 0000FF00 		.ascii	"\000\000\377\000\000\377\000\000\377\000\000\377\000"
 117      00FF0000 
 117      FF0000FF 
 117      00
 118 04e7 00FF0000 		.ascii	"\000\377\000\000\377\000\000\377\000\000\377\000\000"
 118      FF0000FF 
 118      0000FF00 
 118      00
 119 04f4 FF0000FF 		.ascii	"\377\000\000\377\000\000\377\000\000\377 \000\377\000"
 119      0000FF00 
 119      00FF2000 
 119      FF00
 120 0502 00FF0000 		.ascii	"\000\377\000\000\377\000\000\377\000\000\377\000\000"
 120      FF0000FF 
 120      0000FF00 
 120      00
 121 050f FF0000FF 		.ascii	"\377\000\000\377\000\000\377\000\000\377\000\000\377"
 121      0000FF00 
ARM GAS  /tmp/ccO42orS.s 			page 8


 121      00FF0000 
 121      FF
 122 051c 0000FF00 		.ascii	"\000\000\377\000\000\377\000\000\377\000\000\377\000"
 122      00FF0000 
 122      FF0000FF 
 122      00
 123 0529 00FF0000 		.ascii	"\000\377\000\000\377 \000\377 \000\377\000\000\377\000"
 123      FF2000FF 
 123      2000FF00 
 123      00FF00
 124 0538 00FF0000 		.ascii	"\000\377\000\000\377\000\000\377 \000\377 \000\377\000"
 124      FF0000FF 
 124      2000FF20 
 124      00FF00
 125 0547 00FF0000 		.ascii	"\000\377\000\000\377 \000\377 \000\377\000\000\377\000"
 125      FF2000FF 
 125      2000FF00 
 125      00FF00
 126 0556 00FF2000 		.ascii	"\000\377 \000\377 \000\377 \000\377 \000\377 \000\377"
 126      FF2000FF 
 126      2000FF20 
 126      00FF2000 
 126      FF
 127 0567 2000FF21 		.ascii	" \000\377!\010\377!\010\377!\010\377\000\000\377!\010"
 127      08FF2108 
 127      FF2108FF 
 127      0000FF21 
 127      08
 128 0578 FF0000FF 		.ascii	"\377\000\000\377\000\000\377\000\000\377\000\000\377"
 128      0000FF00 
 128      00FF0000 
 128      FF
 129 0585 0000FF20 		.ascii	"\000\000\377 \000\377\000\000\377\000\000\377\000\000"
 129      00FF0000 
 129      FF0000FF 
 129      0000
 130 0593 FF0000FF 		.ascii	"\377\000\000\377!\010\377a\010\377\202\020\377\243\030"
 130      2108FF61 
 130      08FF8210 
 130      FFA318
 131 05a2 FFA318FF 		.ascii	"\377\243\030\377\242\020\377\243\030\377\303\030\377"
 131      A210FFA3 
 131      18FFC318 
 131      FF
 132 05af C318FCC3 		.ascii	"\303\030\374\303\030\373\303\030\370\243\030\367\243"
 132      18FBC318 
 132      F8A318F7 
 132      A3
 133 05bc 18F4A318 		.ascii	"\030\364\243\030\363\242\020\363\242\020\363\202\020"
 133      F3A210F3 
 133      A210F382 
 133      10
 134 05c9 F04108EC 		.ascii	"\360A\010\354\000\000\353 \000\353!\010\353\000\000"
 134      0000EB20 
 134      00EB2108 
 134      EB0000
 135 05d8 EBE318E8 		.ascii	"\353\343\030\350\3079w\202\020\377\004!\213\020\204"
ARM GAS  /tmp/ccO42orS.s 			page 9


 135      C7397782 
 135      10FF0421 
 135      8B1084
 136 05e7 034D6B14 		.ascii	"\003Mk\024jR\\ \000\377 \000\377 \000\377 \000\377\000"
 136      6A525C20 
 136      00FF2000 
 136      FF2000FF 
 136      2000FF00 
 137 05fb 00FF0000 		.ascii	"\000\377\000\000\377\000\000\377\000\000\377\000\000"
 137      FF0000FF 
 137      0000FF00 
 137      00
 138 0608 FF0000FF 		.ascii	"\377\000\000\377\000\000\377\000\000\377\000\000\377"
 138      0000FF00 
 138      00FF0000 
 138      FF
 139 0615 0000FF00 		.ascii	"\000\000\377\000\000\377\000\000\377\000\000\377\000"
 139      00FF0000 
 139      FF0000FF 
 139      00
 140 0622 00FF0000 		.ascii	"\000\377\000\000\377!\010\377!\010\377!\010\377!\010"
 140      FF2108FF 
 140      2108FF21 
 140      08FF2108 
 141 0632 FF4108FF 		.ascii	"\377A\010\377b\020\377\242\020\377\242\020\377\243\030"
 141      6210FFA2 
 141      10FFA210 
 141      FFA318
 142 0641 FFC318FF 		.ascii	"\377\303\030\377\343\030\377%)\377%)\377%)\377%)\377"
 142      E318FF25 
 142      29FF2529 
 142      FF2529FF 
 142      2529FF
 143 0654 2529FFC7 		.ascii	"%)\377\3079\377\3479\377\350A\377\010B\374\010B\367"
 143      39FFE739 
 143      FFE841FF 
 143      0842FC08 
 143      42F7
 144 0666 494AB749 		.ascii	"IJ\267IJ\250IJ\243IJ\243IJ\250IJ\223(B\177\2479k\004"
 144      4AA8494A 
 144      A3494AA3 
 144      494AA849 
 144      4A932842 
 145 067f 215C4108 		.ascii	"!\\A\010W\000\000W \000WA\010Wa\010Wa\010Wb\020W\242"
 145      57000057 
 145      20005741 
 145      08576108 
 145      57610857 
 146 0697 10578210 		.ascii	"\020W\202\020W\344 \234A\010\377\000\000\377!\010\377"
 146      57E4209C 
 146      4108FF00 
 146      00FF2108 
 146      FF
 147 06a8 2000FF00 		.ascii	" \000\377\000\000\377A\010\377!\010\377\000\000\377"
 147      00FF4108 
 147      FF2108FF 
 147      0000FF
ARM GAS  /tmp/ccO42orS.s 			page 10


 148 06b7 0000FF00 		.ascii	"\000\000\377\000\000\377A\010\377\2061\377)J\220\202"
 148      00FF4108 
 148      FF8631FF 
 148      294A9082 
 149 06c7 10542529 		.ascii	"\020T%)W\2479W\350AW\010BWIJW\212RS\253ZK\313ZD\014"
 149      57A73957 
 149      E8415708 
 149      4257494A 
 149      578A5253 
 150 06e2 63374D6B 		.ascii	"c7Mk/ns'ns$ns$ns$\317{\027U\255\004\000\000\000\000"
 150      2F6E7327 
 150      6E73246E 
 150      73246E73 
 150      24CF7B17 
 151 06fd 00000000 		.ascii	"\000\000\000\000\000\000\000\000\000\000\000$!0a\010"
 151      00000000 
 151      00000024 
 151      21306108 
 152 070d F42108FF 		.ascii	"\364!\010\377\3079\377\2461\377A\010\377\202\020\377"
 152      C739FFA6 
 152      31FF4108 
 152      FF8210FF 
 153 071d C7397000 		.ascii	"\3079p\000\000\000\000\000\000\000\000\000\000\000\000"
 153      00000000 
 153      00000000 
 153      000000
 154 072c 00000000 		.ascii	"\000\000\000\000\000\000\000\000\000\000\000\000\000"
 154      00000000 
 154      00000000 
 154      00
 155 0739 00000000 		.ascii	"\000\000\000\000\000\000\000\000\000\000\000\000\000"
 155      00000000 
 155      00000000 
 155      00
 156 0746 00000000 		.ascii	"\000\000\000\000\000\000\000\000\000\000\000\000\000"
 156      00000000 
 156      00000000 
 156      00
 157 0753 00000000 		.ascii	"\000\000\000\000\000\000\000\000\000\000\000\000\000"
 157      00000000 
 157      00000000 
 157      00
 158 0760 00000000 		.ascii	"\000\000\000\000\000\000\000\000\000\000\000\000\000"
 158      00000000 
 158      00000000 
 158      00
 159 076d 00000000 		.ascii	"\000\000\000\000\000\000\000\000\000\000\000\000\000"
 159      00000000 
 159      00000000 
 159      00
 160 077a 00000000 		.ascii	"\000\000\000\000\000\000\000\000\000\000\000\000\000"
 160      00000000 
 160      00000000 
 160      00
 161 0787 00000000 		.ascii	"\000\000\000\000\000\000\000\000\000\000\000\000\000"
 161      00000000 
 161      00000000 
ARM GAS  /tmp/ccO42orS.s 			page 11


 161      00
 162 0794 00000000 		.ascii	"\000\000\000\000\000\000\000\000\000\000\000\000\000"
 162      00000000 
 162      00000000 
 162      00
 163 07a1 00000000 		.ascii	"\000\000\000\000\000\000\000\000\000\000\000\000\000"
 163      00000000 
 163      00000000 
 163      00
 164 07ae 00000000 		.ascii	"\000\000\000\000\000\000\000\000\000\000\000\000\000"
 164      00000000 
 164      00000000 
 164      00
 165 07bb 00000000 		.ascii	"\000\000\000\000\000\000\000\000\000\000\000\000\000"
 165      00000000 
 165      00000000 
 165      00
 166 07c8 00000086 		.ascii	"\000\000\000\2061\314\000\000"
 166      31CC0000 
 167 07d0 FF0000FF 		.ascii	"\377\000\000\377 \000\377 \000\377\000\000\377\000\000"
 167      2000FF20 
 167      00FF0000 
 167      FF0000
 168 07df FF0421F8 		.ascii	"\377\004!\370\242\020\250\252Rt\000\000\000\000\000"
 168      A210A8AA 
 168      52740000 
 168      000000
 169 07ee 00000000 		.ascii	"\000\000\000\000\000\000\000\000\000\000\000\000\000"
 169      00000000 
 169      00000000 
 169      00
 170 07fb 00000000 		.ascii	"\000\000\000\000\000\000\000\000\000\000\000\000\000"
 170      00000000 
 170      00000000 
 170      00
 171 0808 00000000 		.ascii	"\000\000\000\000\000\000\000\000\000\000\000\000\000"
 171      00000000 
 171      00000000 
 171      00
 172 0815 00000000 		.ascii	"\000\000\000\000\000\000\000\000\000\000\000\000\000"
 172      00000000 
 172      00000000 
 172      00
 173 0822 00000000 		.ascii	"\000\000\000\000\000\000\000\000\000\000\000\000\000"
 173      00000000 
 173      00000000 
 173      00
 174 082f 00000000 		.ascii	"\000\000\000\000\000\000\000\000\252R+b\020\363b\020"
 174      00000000 
 174      AA522B62 
 174      10F36210 
 175 083f FF8210FF 		.ascii	"\377\202\020\377\202\020\363\303\030H\000\000\000\000"
 175      8210F3C3 
 175      18480000 
 175      0000
 176 084d 00000000 		.ascii	"\000\000\000\000\000\000\000\000\000\000\000\000\000"
 176      00000000 
ARM GAS  /tmp/ccO42orS.s 			page 12


 176      00000000 
 176      00
 177 085a 00000000 		.ascii	"\000\000\000\000\000\000\000\000\000\000\000\000\000"
 177      00000000 
 177      00000000 
 177      00
 178 0867 00000000 		.ascii	"\000\000\000\000\000\000\000\000\000\000\000\000\000"
 178      00000000 
 178      00000000 
 178      00
 179 0874 00000000 		.ascii	"\000\000\000\000\000\000\000\000\000\000\000\000\000"
 179      00000000 
 179      00000000 
 179      00
 180 0881 00000000 		.ascii	"\000\000\000\000\000\000\000\000\000\000\000\000\000"
 180      00000000 
 180      00000000 
 180      00
 181 088e 00000000 		.ascii	"\000\000\000\000\000\000\000\000\000\000\000\000\000"
 181      00000000 
 181      00000000 
 181      00
 182 089b 00000000 		.ascii	"\000\000\000\000\000\000\000\000\000\000\000\000\000"
 182      00000000 
 182      00000000 
 182      00
 183 08a8 00000000 		.ascii	"\000\000\000\000\000\000\000\000\000\000\000\000\000"
 183      00000000 
 183      00000000 
 183      00
 184 08b5 00000000 		.ascii	"\000\000\000\000\000\000\000\000\000\000\000\000\000"
 184      00000000 
 184      00000000 
 184      00
 185 08c2 00000000 		.ascii	"\000\000\000\000\000\000\000\000\000\000\000\000\000"
 185      00000000 
 185      00000000 
 185      00
 186 08cf 00000000 		.ascii	"\000\000\000\000\000\000\000\000\000\000\000\000\000"
 186      00000000 
 186      00000000 
 186      00
 187 08dc 00000000 		.ascii	"\000\000\000\000\000\000\000\000\000\000\000\000\000"
 187      00000000 
 187      00000000 
 187      00
 188 08e9 00000000 		.ascii	"\000\000\000\000\000\000\000\000\000\000\000\000\000"
 188      00000000 
 188      00000000 
 188      00
 189 08f6 00CB5A18 		.ascii	"\000\313Z\030\2461\330b\020\377\000\000\377!\010\377"
 189      A631D862 
 189      10FF0000 
 189      FF2108FF 
 190 0906 6108ECC3 		.ascii	"a\010\354\303\030\207\3079\023\000\000\000\000\000\000"
 190      1887C739 
 190      13000000 
ARM GAS  /tmp/ccO42orS.s 			page 13


 190      000000
 191 0915 00000000 		.ascii	"\000\000\000\000\000\000\000\000\000\000\000\000\000"
 191      00000000 
 191      00000000 
 191      00
 192 0922 00000000 		.ascii	"\000\000\000\000\000\000\000\000\000\000\000\000\000"
 192      00000000 
 192      00000000 
 192      00
 193 092f 00000000 		.ascii	"\000\000\000\000\000\000\000\000\000\000\000\000\000"
 193      00000000 
 193      00000000 
 193      00
 194 093c 00000000 		.ascii	"\000\000\000\000\000\000\000\000\000\000\000\000\000"
 194      00000000 
 194      00000000 
 194      00
 195 0949 00000000 		.ascii	"\000\000\000\000\000\000\000\000\000\000\000\000\000"
 195      00000000 
 195      00000000 
 195      00
 196 0956 00000000 		.ascii	"\000\000\000\000\000\000\000\000\000\000\000\000\000"
 196      00000000 
 196      00000000 
 196      00
 197 0963 000000EF 		.ascii	"\000\000\000\357{\014\350A_\010B\214\256s\027\000\000"
 197      7B0CE841 
 197      5F08428C 
 197      AE731700 
 197      00
 198 0974 00000000 		.ascii	"\000\000\000\000\000\000\000\000\000\000\000\000\000"
 198      00000000 
 198      00000000 
 198      00
 199 0981 00000000 		.ascii	"\000\000\000\000\000\000\000\000\000\000\000\000\000"
 199      00000000 
 199      00000000 
 199      00
 200 098e 00000000 		.ascii	"\000\000\000\000\000\000\000\000\000\000\000\000\000"
 200      00000000 
 200      00000000 
 200      00
 201 099b 00000000 		.ascii	"\000\000\000\000\000\000\000\000\000\000\000\000\000"
 201      00000000 
 201      00000000 
 201      00
 202 09a8 00000000 		.ascii	"\000\000\000\000\000\000\000\000\000\000\000\000\000"
 202      00000000 
 202      00000000 
 202      00
 203 09b5 00000000 		.ascii	"\000\000\000\000\000\000\000\000\000\000\000\000\000"
 203      00000000 
 203      00000000 
 203      00
 204 09c2 00000000 		.ascii	"\000\000\000\000\000\000\000\000\000\000\000\000\000"
 204      00000000 
 204      00000000 
ARM GAS  /tmp/ccO42orS.s 			page 14


 204      00
 205 09cf 00000000 		.ascii	"\000\000\000\000\000\000\000\000\000\000\000\000\000"
 205      00000000 
 205      00000000 
 205      00
 206 09dc 00000000 		.ascii	"\000\000\000\000\000\000\000\000\000\000\000\000\000"
 206      00000000 
 206      00000000 
 206      00
 207 09e9 00000000 		.ascii	"\000\000\000\000\000\000\000\000\000\000\000\000\000"
 207      00000000 
 207      00000000 
 207      00
 208 09f6 00000000 		.ascii	"\000\000\000\000\000\000\000\000\000\000\000\000\000"
 208      00000000 
 208      00000000 
 208      00
 209 0a03 00000000 		.ascii	"\000\000\000\000\000\000\000\000\000\000\000\000\000"
 209      00000000 
 209      00000000 
 209      00
 210 0a10 00000000 		.ascii	"\000\000\000\000\000\000\000\000\000\000\000\000\000"
 210      00000000 
 210      00000000 
 210      00
 211 0a1d 00000000 		.ascii	"\000\000\000\000\000\000\000\000\000\000\000\000\307"
 211      00000000 
 211      00000000 
 211      C7
 212 0a2a 39542108 		.ascii	"9T!\010W$!W\3479\013\000\000\000\000\000\000\000\000"
 212      57242157 
 212      E7390B00 
 212      00000000 
 212      000000
 213 0a3d 00000000 		.ascii	"\000\000\000\000\000\000\000\000\000\000\000\000\000"
 213      00000000 
 213      00000000 
 213      00
 214 0a4a 00000000 		.ascii	"\000\000\000\000\000\000\000\000\000\000\000\000\000"
 214      00000000 
 214      00000000 
 214      00
 215 0a57 00000000 		.ascii	"\000\000\000\000\000\000\000\000\000\000\000\000\000"
 215      00000000 
 215      00000000 
 215      00
 216 0a64 00000000 		.ascii	"\000\000\000\000\000\000\000\000\000\000\000\000\000"
 216      00000000 
 216      00000000 
 216      00
 217 0a71 00000000 		.ascii	"\000\000\000\000\000\000\000\000\000\000\000\000\000"
 217      00000000 
 217      00000000 
 217      00
 218 0a7e 00000000 		.ascii	"\000\000\000\000\000\000\000\000\000\000\000\000\000"
 218      00000000 
 218      00000000 
ARM GAS  /tmp/ccO42orS.s 			page 15


 218      00
 219 0a8b 00       		.ascii	"\000"
 220              		.text
 221              	.Letext0:
 222              		.file 1 "/home/akinya/gcc-arm-none-eabi/arm-none-eabi/include/machine/_default_types.h"
 223              		.file 2 "/home/akinya/gcc-arm-none-eabi/arm-none-eabi/include/sys/_stdint.h"
 224              		.file 3 "Middlewares/lvgl/examples/assets/../../src/core/lv_obj.h"
 225              		.file 4 "Middlewares/lvgl/examples/assets/../../src/core/../draw/lv_img_buf.h"
 226              		.file 5 "Middlewares/lvgl/examples/assets/../../src/widgets/lv_bar.h"
 227              		.file 6 "Middlewares/lvgl/examples/assets/../../src/extra/widgets/imgbtn/lv_imgbtn.h"
 228              		.file 7 "Middlewares/lvgl/examples/assets/img_hand.c"
ARM GAS  /tmp/ccO42orS.s 			page 16


DEFINED SYMBOLS
                            *ABS*:0000000000000000 img_hand.c
     /tmp/ccO42orS.s:21     .rodata.img_hand:0000000000000000 img_hand
     /tmp/ccO42orS.s:32     .rodata.img_hand_map:0000000000000000 img_hand_map
     /tmp/ccO42orS.s:18     .rodata.img_hand:0000000000000000 $d
     /tmp/ccO42orS.s:29     .rodata.img_hand_map:0000000000000000 $d

NO UNDEFINED SYMBOLS
