ARM GAS  /tmp/cclllde9.s 			page 1


   1              		.cpu cortex-m3
   2              		.eabi_attribute 20, 1
   3              		.eabi_attribute 21, 1
   4              		.eabi_attribute 23, 3
   5              		.eabi_attribute 24, 1
   6              		.eabi_attribute 25, 1
   7              		.eabi_attribute 26, 1
   8              		.eabi_attribute 30, 1
   9              		.eabi_attribute 34, 1
  10              		.eabi_attribute 18, 4
  11              		.file	"imgbtn_right.c"
  12              		.text
  13              	.Ltext0:
  14              		.cfi_sections	.debug_frame
  15              		.global	imgbtn_right
  16              		.global	imgbtn_right_map
  17              		.section	.rodata.imgbtn_right,"a"
  18              		.align	2
  21              	imgbtn_right:
  22 0000 05       		.byte	5
  23 0001 20       		.byte	32
  24 0002 40       		.byte	64
  25 0003 06       		.byte	6
  26 0004 B0040000 		.word	1200
  27 0008 00000000 		.word	imgbtn_right_map
  28              		.section	.rodata.imgbtn_right_map,"a"
  29              		.align	2
  32              	imgbtn_right_map:
  33 0000 C06123C0 		.ascii	"\300a#\300a\024\300a\004\000\000\000\300a\000\000\000"
  33      6114C061 
  33      04000000 
  33      C0610000 
  33      00
  34 0011 00000000 		.ascii	"\000\000\000\000\000\000\000`Y\377\200Y\337\300a\260"
  34      00000060 
  34      59FF8059 
  34      DFC061B0 
  35 0021 C0613400 		.ascii	"\300a4\000\000\000\300a\000\000\000\000\000\000\000"
  35      0000C061 
  35      00000000 
  35      000000
  36 0030 5CF7FF10 		.ascii	"\\\367\377\020\265\377\001j\377\300a\377\300a\200\000"
  36      B5FF016A 
  36      FFC061FF 
  36      C0618000 
  37 0040 00000000 		.ascii	"\000\000\000\000\000\000\000\000\027\377\377\274\377"
  37      00000000 
  37      17FFFFBC 
  37      FF
  38 004d FFFFFFFF 		.ascii	"\377\377\377\377,\244\377\200Y\377\300aw\000\000\000"
  38      2CA4FF80 
  38      59FFC061 
  38      77000000 
  39 005d C0610005 		.ascii	"\300a\000\005\345\377G\345\377\354\355\377\377\377\377"
  39      E5FF47E5 
  39      FFECEDFF 
  39      FFFFFF
ARM GAS  /tmp/cclllde9.s 			page 2


  40 006c AEACFF80 		.ascii	"\256\254\377\200Y\374\300a#\000\000\000\005\345\377"
  40      59FCC061 
  40      23000000 
  40      05E5FF
  41 007b 05E5FF05 		.ascii	"\005\345\377\005\345\377G\345\377\275\377\377\245z\377"
  41      E5FF47E5 
  41      FFBDFFFF 
  41      A57AFF
  42 008a C061B400 		.ascii	"\300a\264\000\000\000\005\345\377\005\345\377\005\345"
  42      000005E5 
  42      FF05E5FF 
  42      05E5
  43 0098 FF05E5FF 		.ascii	"\377\005\345\377\211\355\377\317\264\377\300a\377\300"
  43      89EDFFCF 
  43      B4FFC061 
  43      FFC0
  44 00a6 610705E5 		.ascii	"a\007\005\345\377\005\345\377\005\345\377\005\345\377"
  44      FF05E5FF 
  44      05E5FF05 
  44      E5FF
  45 00b4 25E5FF0C 		.ascii	"%\345\377\014\315\377\341a\377\300aG\005\345\377\005"
  45      CDFFE161 
  45      FFC06147 
  45      05E5FF05 
  46 00c4 E5FF05E5 		.ascii	"\345\377\005\345\377\005\345\377\005\345\377\247\314"
  46      FF05E5FF 
  46      05E5FFA7 
  46      CC
  47 00d1 FFE061FF 		.ascii	"\377\340a\377\300aT\005\345\377\005\345\377\005\345"
  47      C0615405 
  47      E5FF05E5 
  47      FF05E5
  48 00e0 FF05E5FF 		.ascii	"\377\005\345\377\005\345\377d\304\377\340a\377\300a"
  48      05E5FF64 
  48      C4FFE061 
  48      FFC061
  49 00ef 5705E5FF 		.ascii	"W\005\345\377\005\345\377\005\345\377\005\345\377\005"
  49      05E5FF05 
  49      E5FF05E5 
  49      FF05
  50 00fd E5FF44C4 		.ascii	"\345\377D\304\377\340a\377\300aT\005\345\377\005\345"
  50      FFE061FF 
  50      C0615405 
  50      E5FF05E5 
  51 010d FF05E5FF 		.ascii	"\377\005\345\377\005\345\377\005\345\377d\304\377\340"
  51      05E5FF05 
  51      E5FF64C4 
  51      FFE0
  52 011b 61FFC061 		.ascii	"a\377\300aT\005\345\377\005\345\377\005\345\377\005"
  52      5405E5FF 
  52      05E5FF05 
  52      E5FF05
  53 012a E5FF05E5 		.ascii	"\345\377\005\345\377d\304\377\340a\377\300aT\005\345"
  53      FF64C4FF 
  53      E061FFC0 
  53      615405E5 
  54 013a FF05E5FF 		.ascii	"\377\005\345\377\005\345\377\005\345\377\005\345\377"
ARM GAS  /tmp/cclllde9.s 			page 3


  54      05E5FF05 
  54      E5FF05E5 
  54      FF
  55 0147 64C4FFE0 		.ascii	"d\304\377\340a\377\300aT\005\345\377\005\345\377\005"
  55      61FFC061 
  55      5405E5FF 
  55      05E5FF05 
  56 0157 E5FF05E5 		.ascii	"\345\377\005\345\377\005\345\377d\304\377\340a\377\300"
  56      FF05E5FF 
  56      64C4FFE0 
  56      61FFC0
  57 0166 615405E5 		.ascii	"aT\005\345\377\005\345\377\005\345\377\005\345\377\005"
  57      FF05E5FF 
  57      05E5FF05 
  57      E5FF05
  58 0175 E5FF64C4 		.ascii	"\345\377d\304\377\340a\377\300aT\005\345\377\005\345"
  58      FFE061FF 
  58      C0615405 
  58      E5FF05E5 
  59 0185 FF05E5FF 		.ascii	"\377\005\345\377\005\345\377\005\345\377d\304\377\340"
  59      05E5FF05 
  59      E5FF64C4 
  59      FFE0
  60 0193 61FFC061 		.ascii	"a\377\300aT\005\345\377\005\345\377\005\345\377\005"
  60      5405E5FF 
  60      05E5FF05 
  60      E5FF05
  61 01a2 E5FF05E5 		.ascii	"\345\377\005\345\377d\304\377\340a\377\300aT\005\345"
  61      FF64C4FF 
  61      E061FFC0 
  61      615405E5 
  62 01b2 FF05E5FF 		.ascii	"\377\005\345\377\005\345\377\005\345\377\005\345\377"
  62      05E5FF05 
  62      E5FF05E5 
  62      FF
  63 01bf 64C4FFE0 		.ascii	"d\304\377\340a\377\300aT\005\345\377\005\345\377\005"
  63      61FFC061 
  63      5405E5FF 
  63      05E5FF05 
  64 01cf E5FF05E5 		.ascii	"\345\377\005\345\377\005\345\377d\304\377\340a\377\300"
  64      FF05E5FF 
  64      64C4FFE0 
  64      61FFC0
  65 01de 615405E5 		.ascii	"aT\005\345\377\005\345\377\005\345\377\005\345\377\005"
  65      FF05E5FF 
  65      05E5FF05 
  65      E5FF05
  66 01ed E5FF64C4 		.ascii	"\345\377d\304\377\340a\377\300aT\005\345\377\005\345"
  66      FFE061FF 
  66      C0615405 
  66      E5FF05E5 
  67 01fd FF05E5FF 		.ascii	"\377\005\345\377\005\345\377\005\345\377d\304\377\340"
  67      05E5FF05 
  67      E5FF64C4 
  67      FFE0
  68 020b 61FFC061 		.ascii	"a\377\300aT\005\345\377\005\345\377\005\345\377\005"
  68      5405E5FF 
ARM GAS  /tmp/cclllde9.s 			page 4


  68      05E5FF05 
  68      E5FF05
  69 021a E5FF05E5 		.ascii	"\345\377\005\345\377d\304\377\340a\377\300aT\005\345"
  69      FF64C4FF 
  69      E061FFC0 
  69      615405E5 
  70 022a FF05E5FF 		.ascii	"\377\005\345\377\005\345\377\005\345\377\005\345\377"
  70      05E5FF05 
  70      E5FF05E5 
  70      FF
  71 0237 64C4FFE0 		.ascii	"d\304\377\340a\377\300aT\005\345\377\005\345\377\005"
  71      61FFC061 
  71      5405E5FF 
  71      05E5FF05 
  72 0247 E5FF05E5 		.ascii	"\345\377\005\345\377\005\345\377d\304\377\340a\377\300"
  72      FF05E5FF 
  72      64C4FFE0 
  72      61FFC0
  73 0256 615405E5 		.ascii	"aT\005\345\377\005\345\377\005\345\377\005\345\377\005"
  73      FF05E5FF 
  73      05E5FF05 
  73      E5FF05
  74 0265 E5FF64C4 		.ascii	"\345\377d\304\377\340a\377\300aT\005\345\377\005\345"
  74      FFE061FF 
  74      C0615405 
  74      E5FF05E5 
  75 0275 FF05E5FF 		.ascii	"\377\005\345\377\005\345\377\005\345\377d\304\377\340"
  75      05E5FF05 
  75      E5FF64C4 
  75      FFE0
  76 0283 61FFC061 		.ascii	"a\377\300aT\005\345\377\005\345\377\005\345\377\005"
  76      5405E5FF 
  76      05E5FF05 
  76      E5FF05
  77 0292 E5FF05E5 		.ascii	"\345\377\005\345\377d\304\377\340a\377\300aT\005\345"
  77      FF64C4FF 
  77      E061FFC0 
  77      615405E5 
  78 02a2 FF05E5FF 		.ascii	"\377\005\345\377\005\345\377\005\345\377\005\345\377"
  78      05E5FF05 
  78      E5FF05E5 
  78      FF
  79 02af 64C4FFE0 		.ascii	"d\304\377\340a\377\300aT\005\345\377\005\345\377\005"
  79      61FFC061 
  79      5405E5FF 
  79      05E5FF05 
  80 02bf E5FF05E5 		.ascii	"\345\377\005\345\377\005\345\377D\304\377\340a\377\300"
  80      FF05E5FF 
  80      44C4FFE0 
  80      61FFC0
  81 02ce 615405E5 		.ascii	"aT\005\345\377\005\345\377\005\345\377\005\345\377\005"
  81      FF05E5FF 
  81      05E5FF05 
  81      E5FF05
  82 02dd E5FF64C4 		.ascii	"\345\377d\304\377\340a\377\300aT\005\345\377\005\345"
  82      FFE061FF 
  82      C0615405 
ARM GAS  /tmp/cclllde9.s 			page 5


  82      E5FF05E5 
  83 02ed FF05E5FF 		.ascii	"\377\005\345\377\005\345\377\005\345\377e\314\377\340"
  83      05E5FF05 
  83      E5FF65CC 
  83      FFE0
  84 02fb 61FFC061 		.ascii	"a\377\300aT\005\345\377\005\345\377\005\345\377\005"
  84      5405E5FF 
  84      05E5FF05 
  84      E5FF05
  85 030a E5FF25E5 		.ascii	"\345\377%\345\377e\304\377\340a\377\300aT\005\345\377"
  85      FF65C4FF 
  85      E061FFC0 
  85      615405E5 
  85      FF
  86 031b 05E5FF05 		.ascii	"\005\345\377\005\345\377\005\345\377&\345\377\005\264"
  86      E5FF05E5 
  86      FF26E5FF 
  86      05B4
  87 0329 FFC061FF 		.ascii	"\377\300a\377\300aT\005\345\377\005\345\377\005\345"
  87      C0615405 
  87      E5FF05E5 
  87      FF05E5
  88 0338 FF26E5FF 		.ascii	"\377&\345\377\211\345\377#\223\377\300a\377\300aT\005"
  88      89E5FF23 
  88      93FFC061 
  88      FFC06154 
  88      05
  89 0349 E5FF26E5 		.ascii	"\345\377&\345\377G\345\377\212\355\377%\274\377\201"
  89      FF47E5FF 
  89      8AEDFF25 
  89      BCFF81
  90 0358 82FFC061 		.ascii	"\202\377\300a\377\300aTh\355\377\211\355\377\212\345"
  90      FFC06154 
  90      68EDFF89 
  90      EDFF8AE5 
  91 0368 FFE5B3FF 		.ascii	"\377\345\263\377\341\222\377\342\212\377\300a\377\300"
  91      E192FFE2 
  91      8AFFC061 
  91      FFC0
  92 0376 614449E5 		.ascii	"aDI\345\377f\304\377\002\233\377\341\222\377\"\233\377"
  92      FF66C4FF 
  92      029BFFE1 
  92      92FF229B 
  92      FF
  93 0387 C282FFA0 		.ascii	"\302\202\377\240Y\377\340i\014\301\212\377\341\222\377"
  93      59FFE069 
  93      0CC18AFF 
  93      E192FF
  94 0396 0293FF43 		.ascii	"\002\223\377C\233\377C\233\377\341a\377\240Y\313\000"
  94      9BFF439B 
  94      FFE161FF 
  94      A059CB00 
  95 03a6 0000439B 		.ascii	"\000\000C\233\377C\233\377C\233\377c\233\377\202z\377"
  95      FF439BFF 
  95      439BFF63 
  95      9BFF827A 
  95      FF
ARM GAS  /tmp/cclllde9.s 			page 6


  96 03b7 4049FF60 		.ascii	"@I\377`I@\000\000\000C\233\377c\233\377C\233\377\242"
  96      49400000 
  96      00439BFF 
  96      639BFF43 
  96      9BFFA2
  97 03ca 7AFF0039 		.ascii	"z\377\0009\377 A\260 \010\020\000\000\000C\233\377\302"
  97      FF2041B0 
  97      20081000 
  97      0000439B 
  97      FFC2
  98 03dc 82FFE159 		.ascii	"\202\377\341Y\377 A\377\0009\307@\010D\000\000\014\000"
  98      FF2041FF 
  98      0039C740 
  98      08440000 
  98      0C00
  99 03ee 00002041 		.ascii	"\000\000 A\377 A\377 A\370\240(\223\000\000W\000\000"
  99      FF2041FF 
  99      2041F8A0 
  99      28930000 
  99      570000
 100 0401 34000008 		.ascii	"4\000\000\010\000\000\000\3400\260\240 \214\000\000"
 100      000000E0 
 100      30B0A020 
 100      8C0000
 101 0410 5C000054 		.ascii	"\\\000\000T\000\000P\000\000$\000\000\004\000\000\000"
 101      00005000 
 101      00240000 
 101      04000000 
 102 0420 00005700 		.ascii	"\000\000W\000\000X\000\000X\000\000W\000\000<\000\000"
 102      00580000 
 102      58000057 
 102      00003C00 
 102      00
 103 0431 10000000 		.ascii	"\020\000\000\000\000\000\000\000\000X\000\000X\000\000"
 103      00000000 
 103      00580000 
 103      580000
 104 0440 54000040 		.ascii	"T\000\000@\000\000\033\000\000\003\000\000\000\000\000"
 104      00001B00 
 104      00030000 
 104      000000
 105 044f 00000050 		.ascii	"\000\000\000P\000\000H\000\0004\000\000\030\000\000"
 105      00004800 
 105      00340000 
 105      180000
 106 045e 04000000 		.ascii	"\004\000\000\000\000\000\000\000\000\000\000\000'\000"
 106      00000000 
 106      00000000 
 106      2700
 107 046c 00180000 		.ascii	"\000\030\000\000\013\000\000\003\000\000\000\000\000"
 107      0B000003 
 107      00000000 
 107      00
 108 0479 00000000 		.ascii	"\000\000\000\000\000\000\000\000\000\003\000\000\000"
 108      00000000 
 108      00030000 
 108      00
ARM GAS  /tmp/cclllde9.s 			page 7


 109 0486 00000000 		.ascii	"\000\000\000\000\000\000\000\000\000\000\000\000\000"
 109      00000000 
 109      00000000 
 109      00
 110 0493 00000000 		.ascii	"\000\000\000\000\000\000\000\000\000\000\000\000\000"
 110      00000000 
 110      00000000 
 110      00
 111 04a0 00000000 		.ascii	"\000\000\000\000\000\000\000\000\000\000\000\000\000"
 111      00000000 
 111      00000000 
 111      00
 112 04ad 000000   		.ascii	"\000\000\000"
 113              		.text
 114              	.Letext0:
 115              		.file 1 "/home/akinya/gcc-arm-none-eabi/arm-none-eabi/include/machine/_default_types.h"
 116              		.file 2 "/home/akinya/gcc-arm-none-eabi/arm-none-eabi/include/sys/_stdint.h"
 117              		.file 3 "Middlewares/lvgl/src/core/lv_obj.h"
 118              		.file 4 "Middlewares/lvgl/src/core/../draw/lv_img_buf.h"
 119              		.file 5 "Middlewares/lvgl/src/widgets/lv_bar.h"
 120              		.file 6 "Middlewares/lvgl/src/extra/widgets/imgbtn/lv_imgbtn.h"
 121              		.file 7 "Middlewares/lvgl/examples/assets/imgbtn_right.c"
ARM GAS  /tmp/cclllde9.s 			page 8


DEFINED SYMBOLS
                            *ABS*:0000000000000000 imgbtn_right.c
     /tmp/cclllde9.s:21     .rodata.imgbtn_right:0000000000000000 imgbtn_right
     /tmp/cclllde9.s:32     .rodata.imgbtn_right_map:0000000000000000 imgbtn_right_map
     /tmp/cclllde9.s:18     .rodata.imgbtn_right:0000000000000000 $d
     /tmp/cclllde9.s:29     .rodata.imgbtn_right_map:0000000000000000 $d

NO UNDEFINED SYMBOLS
