ARM GAS  /tmp/ccQZZusF.s 			page 1


   1              		.cpu cortex-m3
   2              		.eabi_attribute 20, 1
   3              		.eabi_attribute 21, 1
   4              		.eabi_attribute 23, 3
   5              		.eabi_attribute 24, 1
   6              		.eabi_attribute 25, 1
   7              		.eabi_attribute 26, 1
   8              		.eabi_attribute 30, 1
   9              		.eabi_attribute 34, 1
  10              		.eabi_attribute 18, 4
  11              		.file	"imgbtn_left.c"
  12              		.text
  13              	.Ltext0:
  14              		.cfi_sections	.debug_frame
  15              		.global	imgbtn_left
  16              		.global	imgbtn_left_map
  17              		.section	.rodata.imgbtn_left,"a"
  18              		.align	2
  21              	imgbtn_left:
  22 0000 05       		.byte	5
  23 0001 20       		.byte	32
  24 0002 40       		.byte	64
  25 0003 06       		.byte	6
  26 0004 B0040000 		.word	1200
  27 0008 00000000 		.word	imgbtn_left_map
  28              		.section	.rodata.imgbtn_left_map,"a"
  29              		.align	2
  32              	imgbtn_left_map:
  33 0000 00000000 		.ascii	"\000\000\000\000\000\000\000\000\000\000j\000\000\000"
  33      00000000 
  33      00006A00 
  33      0000
  34 000e 00C06103 		.ascii	"\000\300a\003\300a\024\300a#\000\000\000\000\000\000"
  34      C06114C0 
  34      61230000 
  34      00000000 
  35 001e C0610000 		.ascii	"\300a\000\000\000\000\300a@\300a\260\200Y\340`Y\377"
  35      0000C061 
  35      40C061B0 
  35      8059E060 
  35      59FF
  36 0030 00000000 		.ascii	"\000\000\000\000\000\000\000\000\000\300ap\300a\374"
  36      00000000 
  36      00C06170 
  36      C061FC
  37 003f 016AFFF0 		.ascii	"\001j\377\360\264\377;\367\377\200i\000\000\000\000"
  37      B4FF3BF7 
  37      FF806900 
  37      000000
  38 004e C06173C0 		.ascii	"\300as\300a\377,\244\377\377\377\377\334\377\377\027"
  38      61FF2CA4 
  38      FFFFFFFF 
  38      DCFFFF17 
  39 005e FFFF0000 		.ascii	"\377\377\000\000\000\300a@\300a\374,\244\377\336\377"
  39      00C06140 
  39      C061FC2C 
  39      A4FFDEFF 
ARM GAS  /tmp/ccQZZusF.s 			page 2


  40 006e FFCCEDFF 		.ascii	"\377\314\355\377G\345\377\005\345\377\240a\003\300a"
  40      47E5FF05 
  40      E5FFA061 
  40      03C061
  41 007d B0016AFF 		.ascii	"\260\001j\377{\377\377G\345\377\005\345\377\005\345"
  41      7BFFFF47 
  41      E5FF05E5 
  41      FF05E5
  42 008c FF05E5FF 		.ascii	"\377\005\345\377\300a\024\200Y\340\020\265\377\354\365"
  42      C0611480 
  42      59E010B5 
  42      FFECF5
  43 009b FF05E5FF 		.ascii	"\377\005\345\377\005\345\377\005\345\377\005\345\377"
  43      05E5FF05 
  43      E5FF05E5 
  43      FF
  44 00a8 C0612460 		.ascii	"\300a$`Y\377S\346\377\004\345\377\005\345\377\005\345"
  44      59FF53E6 
  44      FF04E5FF 
  44      05E5FF05 
  44      E5
  45 00b9 FF05E5FF 		.ascii	"\377\005\345\377\005\345\377\300a'\200Y\377\253\355"
  45      05E5FFC0 
  45      61278059 
  45      FFABED
  46 00c8 FF05E5FF 		.ascii	"\377\005\345\377\005\345\377\005\345\377\005\345\377"
  46      05E5FF05 
  46      E5FF05E5 
  46      FF
  47 00d5 05E5FFC0 		.ascii	"\005\345\377\300a'\200Y\377&\345\377\005\345\377\005"
  47      61278059 
  47      FF26E5FF 
  47      05E5FF05 
  48 00e5 E5FF05E5 		.ascii	"\345\377\005\345\377\005\345\377\005\345\377\300a'\200"
  48      FF05E5FF 
  48      05E5FFC0 
  48      612780
  49 00f4 59FF05E5 		.ascii	"Y\377\005\345\377\005\345\377\005\345\377\005\345\377"
  49      FF05E5FF 
  49      05E5FF05 
  49      E5FF
  50 0102 05E5FF05 		.ascii	"\005\345\377\005\345\377\300a'\200Y\377\005\345\377"
  50      E5FFC061 
  50      278059FF 
  50      05E5FF
  51 0111 05E5FF05 		.ascii	"\005\345\377\005\345\377\005\345\377\005\345\377\005"
  51      E5FF05E5 
  51      FF05E5FF 
  51      05
  52 011e E5FFC061 		.ascii	"\345\377\300a'\200Y\377\005\345\377\005\345\377\005"
  52      278059FF 
  52      05E5FF05 
  52      E5FF05
  53 012d E5FF05E5 		.ascii	"\345\377\005\345\377\005\345\377\005\345\377\300a'\200"
  53      FF05E5FF 
  53      05E5FFC0 
  53      612780
ARM GAS  /tmp/ccQZZusF.s 			page 3


  54 013c 59FF05E5 		.ascii	"Y\377\005\345\377\005\345\377\005\345\377\005\345\377"
  54      FF05E5FF 
  54      05E5FF05 
  54      E5FF
  55 014a 05E5FF05 		.ascii	"\005\345\377\005\345\377\300a'\200Y\377\005\345\377"
  55      E5FFC061 
  55      278059FF 
  55      05E5FF
  56 0159 05E5FF05 		.ascii	"\005\345\377\005\345\377\005\345\377\005\345\377\005"
  56      E5FF05E5 
  56      FF05E5FF 
  56      05
  57 0166 E5FFC061 		.ascii	"\345\377\300a'\200Y\377\005\345\377\005\345\377\005"
  57      278059FF 
  57      05E5FF05 
  57      E5FF05
  58 0175 E5FF05E5 		.ascii	"\345\377\005\345\377\005\345\377\005\345\377\300a'\200"
  58      FF05E5FF 
  58      05E5FFC0 
  58      612780
  59 0184 59FF05E5 		.ascii	"Y\377\005\345\377\005\345\377\005\345\377\005\345\377"
  59      FF05E5FF 
  59      05E5FF05 
  59      E5FF
  60 0192 05E5FF05 		.ascii	"\005\345\377\005\345\377\300a'\200Y\377\005\345\377"
  60      E5FFC061 
  60      278059FF 
  60      05E5FF
  61 01a1 05E5FF05 		.ascii	"\005\345\377\005\345\377\005\345\377\005\345\377\005"
  61      E5FF05E5 
  61      FF05E5FF 
  61      05
  62 01ae E5FFC061 		.ascii	"\345\377\300a'\200Y\377\005\345\377\005\345\377\005"
  62      278059FF 
  62      05E5FF05 
  62      E5FF05
  63 01bd E5FF05E5 		.ascii	"\345\377\005\345\377\005\345\377\005\345\377\300a'\200"
  63      FF05E5FF 
  63      05E5FFC0 
  63      612780
  64 01cc 59FF05E5 		.ascii	"Y\377\005\345\377\005\345\377\005\345\377\005\345\377"
  64      FF05E5FF 
  64      05E5FF05 
  64      E5FF
  65 01da 05E5FF05 		.ascii	"\005\345\377\005\345\377\300a'\200Y\377\005\345\377"
  65      E5FFC061 
  65      278059FF 
  65      05E5FF
  66 01e9 05E5FF05 		.ascii	"\005\345\377\005\345\377\005\345\377\005\345\377\005"
  66      E5FF05E5 
  66      FF05E5FF 
  66      05
  67 01f6 E5FFC061 		.ascii	"\345\377\300a'\200Y\377\005\345\377\005\345\377\005"
  67      278059FF 
  67      05E5FF05 
  67      E5FF05
  68 0205 E5FF05E5 		.ascii	"\345\377\005\345\377\005\345\377\005\345\377\300a'\200"
ARM GAS  /tmp/ccQZZusF.s 			page 4


  68      FF05E5FF 
  68      05E5FFC0 
  68      612780
  69 0214 59FF05E5 		.ascii	"Y\377\005\345\377\005\345\377\005\345\377\005\345\377"
  69      FF05E5FF 
  69      05E5FF05 
  69      E5FF
  70 0222 05E5FF05 		.ascii	"\005\345\377\005\345\377\300a'\200Y\377\005\345\377"
  70      E5FFC061 
  70      278059FF 
  70      05E5FF
  71 0231 05E5FF05 		.ascii	"\005\345\377\005\345\377\005\345\377\005\345\377\005"
  71      E5FF05E5 
  71      FF05E5FF 
  71      05
  72 023e E5FFC061 		.ascii	"\345\377\300a'\200Y\377\005\345\377\005\345\377\005"
  72      278059FF 
  72      05E5FF05 
  72      E5FF05
  73 024d E5FF05E5 		.ascii	"\345\377\005\345\377\005\345\377\005\345\377\300a'\200"
  73      FF05E5FF 
  73      05E5FFC0 
  73      612780
  74 025c 59FF05E5 		.ascii	"Y\377\005\345\377\005\345\377\005\345\377\005\345\377"
  74      FF05E5FF 
  74      05E5FF05 
  74      E5FF
  75 026a 05E5FF05 		.ascii	"\005\345\377\005\345\377\300a'\200Y\377\005\345\377"
  75      E5FFC061 
  75      278059FF 
  75      05E5FF
  76 0279 05E5FF05 		.ascii	"\005\345\377\005\345\377\005\345\377\005\345\377\005"
  76      E5FF05E5 
  76      FF05E5FF 
  76      05
  77 0286 E5FFC061 		.ascii	"\345\377\300a'\200Y\377\005\345\377\005\345\377\005"
  77      278059FF 
  77      05E5FF05 
  77      E5FF05
  78 0295 E5FF05E5 		.ascii	"\345\377\005\345\377\005\345\377\005\345\377\300a'\200"
  78      FF05E5FF 
  78      05E5FFC0 
  78      612780
  79 02a4 59FF05E5 		.ascii	"Y\377\005\345\377\005\345\377\005\345\377\005\345\377"
  79      FF05E5FF 
  79      05E5FF05 
  79      E5FF
  80 02b2 05E5FF05 		.ascii	"\005\345\377\005\345\377\300a'\200Y\377\005\345\377"
  80      E5FFC061 
  80      278059FF 
  80      05E5FF
  81 02c1 05E5FF05 		.ascii	"\005\345\377\005\345\377\005\345\377\005\345\377\005"
  81      E5FF05E5 
  81      FF05E5FF 
  81      05
  82 02ce E5FFC061 		.ascii	"\345\377\300a'\200Y\377%\345\377\005\345\377\005\345"
  82      278059FF 
ARM GAS  /tmp/ccQZZusF.s 			page 5


  82      25E5FF05 
  82      E5FF05E5 
  83 02de FF05E5FF 		.ascii	"\377\005\345\377\005\345\377\005\345\377\300a'\200Y"
  83      05E5FF05 
  83      E5FFC061 
  83      278059
  84 02ed FF26E5FF 		.ascii	"\377&\345\377\005\345\377\005\345\377\005\345\377\005"
  84      05E5FF05 
  84      E5FF05E5 
  84      FF05
  85 02fb E5FF05E5 		.ascii	"\345\377\005\345\377\300a'\200Y\377(\345\377\005\345"
  85      FFC06127 
  85      8059FF28 
  85      E5FF05E5 
  86 030b FF05E5FF 		.ascii	"\377\005\345\377\005\345\377\005\345\377\005\345\377"
  86      05E5FF05 
  86      E5FF05E5 
  86      FF
  87 0318 C0612780 		.ascii	"\300a'\200Y\377f\304\377G\355\377\005\345\377\005\345"
  87      59FF66C4 
  87      FF47EDFF 
  87      05E5FF05 
  87      E5
  88 0329 FF05E5FF 		.ascii	"\377\005\345\377\005\345\377\300a'\240Y\377\002\223"
  88      05E5FFC0 
  88      6127A059 
  88      FF0293
  89 0338 FF89E5FF 		.ascii	"\377\211\345\377&\345\377\005\345\377\005\345\377\005"
  89      26E5FF05 
  89      E5FF05E5 
  89      FF05
  90 0346 E5FFC061 		.ascii	"\345\377\300a'\240Y\377\342\222\377\005\264\377\212"
  90      27A059FF 
  90      E292FF05 
  90      B4FF8A
  91 0355 EDFF47E5 		.ascii	"\355\377G\345\377%\345\377\005\345\377\300a#\200Q\377"
  91      FF25E5FF 
  91      05E5FFC0 
  91      61238051 
  91      FF
  92 0366 429BFFE1 		.ascii	"B\233\377\341\222\377\005\264\377\212\355\377\251\355"
  92      92FF05B4 
  92      FF8AEDFF 
  92      A9ED
  93 0374 FF68EDFF 		.ascii	"\377h\355\377\300a\027\200Q\344\342\212\377C\233\377"
  93      C0611780 
  93      51E4E28A 
  93      FF439BFF 
  94 0384 E292FF02 		.ascii	"\342\222\377\002\223\377f\304\377I\345\377\240a\007"
  94      93FF66C4 
  94      FF49E5FF 
  94      A06107
  95 0393 A059B8A0 		.ascii	"\240Y\270\240Y\377c\233\377C\233\377\002\223\377\341"
  95      59FF639B 
  95      FF439BFF 
  95      0293FFE1 
  96 03a3 92FFC18A 		.ascii	"\222\377\301\212\377\000\000\000\200Q_@I\377br\377c"
ARM GAS  /tmp/ccQZZusF.s 			page 6


  96      FF000000 
  96      80515F40 
  96      49FF6272 
  96      FF63
  97 03b5 9BFF439B 		.ascii	"\233\377C\233\377C\233\377C\233\377\000\000\000\000"
  97      FF439BFF 
  97      439BFF00 
  97      000000
  98 03c4 00042041 		.ascii	"\000\004 A\310 A\377\302\202\377C\233\377c\233\377C"
  98      C82041FF 
  98      C282FF43 
  98      9BFF639B 
  98      FF43
  99 03d6 9BFF4008 		.ascii	"\233\377@\010\000\000\000\014\000\000@\3400\304 A\377"
  99      0000000C 
  99      000040E0 
  99      30C42041 
  99      FF
 100 03e7 E159FFC2 		.ascii	"\341Y\377\302\202\377C\233\377\000\000\000\000\000\010"
 100      82FF439B 
 100      FF000000 
 100      000008
 101 03f6 00003400 		.ascii	"\000\0004\000\000T\300(\233 A\374 A\377 A\377\000\000"
 101      0054C028 
 101      9B2041FC 
 101      2041FF20 
 101      41FF0000 
 102 040a 00000004 		.ascii	"\000\000\000\004\000\000$\000\000O\000\000T\000\000"
 102      00002400 
 102      004F0000 
 102      540000
 103 0419 5BA0208B 		.ascii	"[\240 \213\3400\260\000\000\000\000\000\000\000\000"
 103      E030B000 
 103      00000000 
 103      000000
 104 0428 0F00003B 		.ascii	"\017\000\000;\000\000W\000\000X\000\000X\000\000W\000"
 104      00005700 
 104      00580000 
 104      58000057 
 104      00
 105 0439 00000000 		.ascii	"\000\000\000\000\000\000\000\003\000\000\033\000\000"
 105      00000003 
 105      00001B00 
 105      00
 106 0446 40000054 		.ascii	"@\000\000T\000\000X\000\000X\000\000\000\000\000\000"
 106      00005800 
 106      00580000 
 106      00000000 
 107 0456 00000000 		.ascii	"\000\000\000\000\000\004\000\000\030\000\0004\000\000"
 107      00040000 
 107      18000034 
 107      0000
 108 0464 48000050 		.ascii	"H\000\000P\000\000\000\000\000\000\000\000\000\000\000"
 108      00000000 
 108      00000000 
 108      000000
 109 0473 00000003 		.ascii	"\000\000\000\003\000\000\013\000\000\033\000\000'\000"
ARM GAS  /tmp/ccQZZusF.s 			page 7


 109      00000B00 
 109      001B0000 
 109      2700
 110 0481 00000000 		.ascii	"\000\000\000\000\000\000\000\000\000\000\000\000\000"
 110      00000000 
 110      00000000 
 110      00
 111 048e 00000000 		.ascii	"\000\000\000\000\000\000\000\000\000\003\000\000\000"
 111      00000000 
 111      00030000 
 111      00
 112 049b 00000000 		.ascii	"\000\000\000\000\000\000\000\000\000\000\000\000\000"
 112      00000000 
 112      00000000 
 112      00
 113 04a8 00000000 		.ascii	"\000\000\000\000\000\000\000\000"
 113      00000000 
 114              		.text
 115              	.Letext0:
 116              		.file 1 "/home/akinya/gcc-arm-none-eabi/arm-none-eabi/include/machine/_default_types.h"
 117              		.file 2 "/home/akinya/gcc-arm-none-eabi/arm-none-eabi/include/sys/_stdint.h"
 118              		.file 3 "Middlewares/lvgl/src/core/lv_obj.h"
 119              		.file 4 "Middlewares/lvgl/src/core/../draw/lv_img_buf.h"
 120              		.file 5 "Middlewares/lvgl/src/widgets/lv_bar.h"
 121              		.file 6 "Middlewares/lvgl/src/extra/widgets/imgbtn/lv_imgbtn.h"
 122              		.file 7 "Middlewares/lvgl/examples/assets/imgbtn_left.c"
ARM GAS  /tmp/ccQZZusF.s 			page 8


DEFINED SYMBOLS
                            *ABS*:0000000000000000 imgbtn_left.c
     /tmp/ccQZZusF.s:21     .rodata.imgbtn_left:0000000000000000 imgbtn_left
     /tmp/ccQZZusF.s:32     .rodata.imgbtn_left_map:0000000000000000 imgbtn_left_map
     /tmp/ccQZZusF.s:18     .rodata.imgbtn_left:0000000000000000 $d
     /tmp/ccQZZusF.s:29     .rodata.imgbtn_left_map:0000000000000000 $d

NO UNDEFINED SYMBOLS
