ARM GAS  /tmp/cc6rpjpa.s 			page 1


   1              		.cpu cortex-m3
   2              		.eabi_attribute 20, 1
   3              		.eabi_attribute 21, 1
   4              		.eabi_attribute 23, 3
   5              		.eabi_attribute 24, 1
   6              		.eabi_attribute 25, 1
   7              		.eabi_attribute 26, 1
   8              		.eabi_attribute 30, 1
   9              		.eabi_attribute 34, 1
  10              		.eabi_attribute 18, 4
  11              		.file	"imgbtn_mid.c"
  12              		.text
  13              	.Ltext0:
  14              		.cfi_sections	.debug_frame
  15              		.global	imgbtn_mid
  16              		.global	imgbtn_mid_map
  17              		.section	.rodata.imgbtn_mid,"a"
  18              		.align	2
  21              	imgbtn_mid:
  22 0000 05       		.byte	5
  23 0001 14       		.byte	20
  24 0002 20       		.byte	32
  25 0003 06       		.byte	6
  26 0004 DF020000 		.word	735
  27 0008 00000000 		.word	imgbtn_mid_map
  28              		.section	.rodata.imgbtn_mid_map,"a"
  29              		.align	2
  32              	imgbtn_mid_map:
  33 0000 C06127C0 		.ascii	"\300a'\300a'\300a'\300a'\300a'@Q\377@Q\377@Q\377@Q\377"
  33      6127C061 
  33      27C06127 
  33      C0612740 
  33      51FF4051 
  34 001b 4051FFFF 		.ascii	"@Q\377\377\377\377\377\377\377\377\377\377\377\377\377"
  34      FFFFFFFF 
  34      FFFFFFFF 
  34      FFFFFF
  35 002a FFFFFFF6 		.ascii	"\377\377\377\366\366\377\366\366\377\366\366\377\366"
  35      F6FFF6F6 
  35      FFF6F6FF 
  35      F6
  36 0037 F6FFF6F6 		.ascii	"\366\377\366\366\377\005\345\377\005\345\377\005\345"
  36      FF05E5FF 
  36      05E5FF05 
  36      E5
  37 0044 FF05E5FF 		.ascii	"\377\005\345\377\005\345\377\005\345\377\005\345\377"
  37      05E5FF05 
  37      E5FF05E5 
  37      FF
  38 0051 05E5FF05 		.ascii	"\005\345\377\005\345\377\005\345\377\005\345\377\005"
  38      E5FF05E5 
  38      FF05E5FF 
  38      05
  39 005e E5FF05E5 		.ascii	"\345\377\005\345\377\005\345\377\005\345\377\005\345"
  39      FF05E5FF 
  39      05E5FF05 
  39      E5
ARM GAS  /tmp/cc6rpjpa.s 			page 2


  40 006b FF05E5FF 		.ascii	"\377\005\345\377\005\345\377\005\345\377\005\345\377"
  40      05E5FF05 
  40      E5FF05E5 
  40      FF
  41 0078 05E5FF05 		.ascii	"\005\345\377\005\345\377\005\345\377\005\345\377\005"
  41      E5FF05E5 
  41      FF05E5FF 
  41      05
  42 0085 E5FF05E5 		.ascii	"\345\377\005\345\377\005\345\377\005\345\377\005\345"
  42      FF05E5FF 
  42      05E5FF05 
  42      E5
  43 0092 FF05E5FF 		.ascii	"\377\005\345\377\005\345\377\005\345\377\005\345\377"
  43      05E5FF05 
  43      E5FF05E5 
  43      FF
  44 009f 05E5FF05 		.ascii	"\005\345\377\005\345\377\005\345\377\005\345\377\005"
  44      E5FF05E5 
  44      FF05E5FF 
  44      05
  45 00ac E5FF05E5 		.ascii	"\345\377\005\345\377\005\345\377\005\345\377\005\345"
  45      FF05E5FF 
  45      05E5FF05 
  45      E5
  46 00b9 FF05E5FF 		.ascii	"\377\005\345\377\005\345\377\005\345\377\005\345\377"
  46      05E5FF05 
  46      E5FF05E5 
  46      FF
  47 00c6 05E5FF05 		.ascii	"\005\345\377\005\345\377\005\345\377\005\345\377\005"
  47      E5FF05E5 
  47      FF05E5FF 
  47      05
  48 00d3 E5FF05E5 		.ascii	"\345\377\005\345\377\005\345\377\005\345\377\005\345"
  48      FF05E5FF 
  48      05E5FF05 
  48      E5
  49 00e0 FF05E5FF 		.ascii	"\377\005\345\377\005\345\377\005\345\377\005\345\377"
  49      05E5FF05 
  49      E5FF05E5 
  49      FF
  50 00ed 05E5FF05 		.ascii	"\005\345\377\005\345\377\005\345\377\005\345\377\005"
  50      E5FF05E5 
  50      FF05E5FF 
  50      05
  51 00fa E5FF05E5 		.ascii	"\345\377\005\345\377\005\345\377\005\345\377\005\345"
  51      FF05E5FF 
  51      05E5FF05 
  51      E5
  52 0107 FF05E5FF 		.ascii	"\377\005\345\377\005\345\377\005\345\377\005\345\377"
  52      05E5FF05 
  52      E5FF05E5 
  52      FF
  53 0114 05E5FF05 		.ascii	"\005\345\377\005\345\377\005\345\377\005\345\377\005"
  53      E5FF05E5 
  53      FF05E5FF 
  53      05
  54 0121 E5FF05E5 		.ascii	"\345\377\005\345\377\005\345\377\005\345\377\005\345"
ARM GAS  /tmp/cc6rpjpa.s 			page 3


  54      FF05E5FF 
  54      05E5FF05 
  54      E5
  55 012e FF05E5FF 		.ascii	"\377\005\345\377\005\345\377\005\345\377\005\345\377"
  55      05E5FF05 
  55      E5FF05E5 
  55      FF
  56 013b 05E5FF05 		.ascii	"\005\345\377\005\345\377\005\345\377\005\345\377\005"
  56      E5FF05E5 
  56      FF05E5FF 
  56      05
  57 0148 E5FF05E5 		.ascii	"\345\377\005\345\377\005\345\377\005\345\377\005\345"
  57      FF05E5FF 
  57      05E5FF05 
  57      E5
  58 0155 FF05E5FF 		.ascii	"\377\005\345\377\005\345\377\005\345\377\005\345\377"
  58      05E5FF05 
  58      E5FF05E5 
  58      FF
  59 0162 05E5FF05 		.ascii	"\005\345\377\005\345\377\005\345\377\005\345\377\005"
  59      E5FF05E5 
  59      FF05E5FF 
  59      05
  60 016f E5FF05E5 		.ascii	"\345\377\005\345\377\005\345\377\005\345\377\005\345"
  60      FF05E5FF 
  60      05E5FF05 
  60      E5
  61 017c FF05E5FF 		.ascii	"\377\005\345\377\005\345\377\005\345\377\005\345\377"
  61      05E5FF05 
  61      E5FF05E5 
  61      FF
  62 0189 05E5FF05 		.ascii	"\005\345\377\005\345\377\005\345\377\005\345\377\005"
  62      E5FF05E5 
  62      FF05E5FF 
  62      05
  63 0196 E5FF05E5 		.ascii	"\345\377\005\345\377\005\345\377\005\345\377\005\345"
  63      FF05E5FF 
  63      05E5FF05 
  63      E5
  64 01a3 FF05E5FF 		.ascii	"\377\005\345\377\005\345\377\005\345\377\005\345\377"
  64      05E5FF05 
  64      E5FF05E5 
  64      FF
  65 01b0 05E5FF05 		.ascii	"\005\345\377\005\345\377\005\345\377\005\345\377\005"
  65      E5FF05E5 
  65      FF05E5FF 
  65      05
  66 01bd E5FF05E5 		.ascii	"\345\377\005\345\377\005\345\377\005\345\377\005\345"
  66      FF05E5FF 
  66      05E5FF05 
  66      E5
  67 01ca FF05E5FF 		.ascii	"\377\005\345\377\005\345\377\005\345\377\005\345\377"
  67      05E5FF05 
  67      E5FF05E5 
  67      FF
  68 01d7 05E5FF05 		.ascii	"\005\345\377\005\345\377\005\345\377\005\345\377\005"
  68      E5FF05E5 
ARM GAS  /tmp/cc6rpjpa.s 			page 4


  68      FF05E5FF 
  68      05
  69 01e4 E5FF05E5 		.ascii	"\345\377\005\345\377\005\345\377\005\345\377\005\345"
  69      FF05E5FF 
  69      05E5FF05 
  69      E5
  70 01f1 FF05E5FF 		.ascii	"\377\005\345\377\005\345\377\005\345\377\005\345\377"
  70      05E5FF05 
  70      E5FF05E5 
  70      FF
  71 01fe 05E5FF05 		.ascii	"\005\345\377\005\345\377\005\345\377\005\345\377\005"
  71      E5FF05E5 
  71      FF05E5FF 
  71      05
  72 020b E5FF05E5 		.ascii	"\345\377\005\345\377\005\345\377\005\345\377\005\345"
  72      FF05E5FF 
  72      05E5FF05 
  72      E5
  73 0218 FF05E5FF 		.ascii	"\377\005\345\377h\345\377h\345\377h\345\377h\345\377"
  73      68E5FF68 
  73      E5FF68E5 
  73      FF68E5FF 
  74 0228 68E5FF8A 		.ascii	"h\345\377\212\355\377\212\355\377\212\355\377\212\355"
  74      EDFF8AED 
  74      FF8AEDFF 
  74      8AED
  75 0236 FF8AEDFF 		.ascii	"\377\212\355\377\241\212\377\241\212\377\241\212\377"
  75      A18AFFA1 
  75      8AFFA18A 
  75      FF
  76 0243 A18AFFA1 		.ascii	"\241\212\377\241\212\377C\233\377C\233\377C\233\377"
  76      8AFF439B 
  76      FF439BFF 
  76      439BFF
  77 0252 439BFF43 		.ascii	"C\233\377C\233\377C\233\377C\233\377C\233\377C\233\377"
  77      9BFF439B 
  77      FF439BFF 
  77      439BFF43 
  77      9BFF
  78 0264 439BFF83 		.ascii	"C\233\377\203\243\377\203\243\377\203\243\377\203\243"
  78      A3FF83A3 
  78      FF83A3FF 
  78      83A3
  79 0272 FF83A3FF 		.ascii	"\377\203\243\377 A\377 A\377 A\377 A\377 A\377\3400"
  79      2041FF20 
  79      41FF2041 
  79      FF2041FF 
  79      2041FFE0 
  80 0287 C0E030C0 		.ascii	"\300\3400\300\3400\300\3400\300\3400\300\000\000W\000"
  80      E030C0E0 
  80      30C0E030 
  80      C0000057 
  80      00
  81 0298 00570000 		.ascii	"\000W\000\000W\000\000W\000\000W\000\000X\000\000X\000"
  81      57000057 
  81      00005700 
  81      00580000 
ARM GAS  /tmp/cc6rpjpa.s 			page 5


  81      5800
  82 02aa 00580000 		.ascii	"\000X\000\000X\000\000X\000\000T\000\000T\000\000T\000"
  82      58000058 
  82      00005400 
  82      00540000 
  82      5400
  83 02bc 00540000 		.ascii	"\000T\000\000T\000\000,\000\000,\000\000,\000\000,\000"
  83      5400002C 
  83      00002C00 
  83      002C0000 
  83      2C00
  84 02ce 002C0000 		.ascii	"\000,\000\000\004\000\000\004\000\000\004\000\000\004"
  84      04000004 
  84      00000400 
  84      0004
  85 02dc 000004   		.ascii	"\000\000\004"
  86              		.text
  87              	.Letext0:
  88              		.file 1 "/home/akinya/gcc-arm-none-eabi/arm-none-eabi/include/machine/_default_types.h"
  89              		.file 2 "/home/akinya/gcc-arm-none-eabi/arm-none-eabi/include/sys/_stdint.h"
  90              		.file 3 "Middlewares/lvgl/src/core/lv_obj.h"
  91              		.file 4 "Middlewares/lvgl/src/core/../draw/lv_img_buf.h"
  92              		.file 5 "Middlewares/lvgl/src/widgets/lv_bar.h"
  93              		.file 6 "Middlewares/lvgl/src/extra/widgets/imgbtn/lv_imgbtn.h"
  94              		.file 7 "Middlewares/lvgl/examples/assets/imgbtn_mid.c"
ARM GAS  /tmp/cc6rpjpa.s 			page 6


DEFINED SYMBOLS
                            *ABS*:0000000000000000 imgbtn_mid.c
     /tmp/cc6rpjpa.s:21     .rodata.imgbtn_mid:0000000000000000 imgbtn_mid
     /tmp/cc6rpjpa.s:32     .rodata.imgbtn_mid_map:0000000000000000 imgbtn_mid_map
     /tmp/cc6rpjpa.s:18     .rodata.imgbtn_mid:0000000000000000 $d
     /tmp/cc6rpjpa.s:29     .rodata.imgbtn_mid_map:0000000000000000 $d

NO UNDEFINED SYMBOLS
