ARM GAS  /tmp/ccBVznGv.s 			page 1


   1              		.cpu cortex-m3
   2              		.eabi_attribute 20, 1
   3              		.eabi_attribute 21, 1
   4              		.eabi_attribute 23, 3
   5              		.eabi_attribute 24, 1
   6              		.eabi_attribute 25, 1
   7              		.eabi_attribute 26, 1
   8              		.eabi_attribute 30, 1
   9              		.eabi_attribute 34, 1
  10              		.eabi_attribute 18, 4
  11              		.file	"lv_btn.c"
  12              		.text
  13              	.Ltext0:
  14              		.cfi_sections	.debug_frame
  15              		.section	.text.lv_btn_constructor,"ax",%progbits
  16              		.align	1
  17              		.arch armv7-m
  18              		.syntax unified
  19              		.thumb
  20              		.thumb_func
  21              		.fpu softvfp
  23              	lv_btn_constructor:
  24              	.LVL0:
  25              	.LFB153:
  26              		.file 1 "Middlewares/lvgl/src/widgets/lv_btn.c"
   1:Middlewares/lvgl/src/widgets/lv_btn.c **** /**
   2:Middlewares/lvgl/src/widgets/lv_btn.c ****  * @file lv_btn.c
   3:Middlewares/lvgl/src/widgets/lv_btn.c ****  *
   4:Middlewares/lvgl/src/widgets/lv_btn.c ****  */
   5:Middlewares/lvgl/src/widgets/lv_btn.c **** 
   6:Middlewares/lvgl/src/widgets/lv_btn.c **** /*********************
   7:Middlewares/lvgl/src/widgets/lv_btn.c ****  *      INCLUDES
   8:Middlewares/lvgl/src/widgets/lv_btn.c ****  *********************/
   9:Middlewares/lvgl/src/widgets/lv_btn.c **** 
  10:Middlewares/lvgl/src/widgets/lv_btn.c **** #include "lv_btn.h"
  11:Middlewares/lvgl/src/widgets/lv_btn.c **** #if LV_USE_BTN != 0
  12:Middlewares/lvgl/src/widgets/lv_btn.c **** 
  13:Middlewares/lvgl/src/widgets/lv_btn.c **** #include "../extra/layouts/flex/lv_flex.h"
  14:Middlewares/lvgl/src/widgets/lv_btn.c **** 
  15:Middlewares/lvgl/src/widgets/lv_btn.c **** /*********************
  16:Middlewares/lvgl/src/widgets/lv_btn.c ****  *      DEFINES
  17:Middlewares/lvgl/src/widgets/lv_btn.c ****  *********************/
  18:Middlewares/lvgl/src/widgets/lv_btn.c **** #define MY_CLASS &lv_btn_class
  19:Middlewares/lvgl/src/widgets/lv_btn.c **** 
  20:Middlewares/lvgl/src/widgets/lv_btn.c **** /**********************
  21:Middlewares/lvgl/src/widgets/lv_btn.c ****  *      TYPEDEFS
  22:Middlewares/lvgl/src/widgets/lv_btn.c ****  **********************/
  23:Middlewares/lvgl/src/widgets/lv_btn.c **** 
  24:Middlewares/lvgl/src/widgets/lv_btn.c **** /**********************
  25:Middlewares/lvgl/src/widgets/lv_btn.c ****  *  STATIC PROTOTYPES
  26:Middlewares/lvgl/src/widgets/lv_btn.c ****  **********************/
  27:Middlewares/lvgl/src/widgets/lv_btn.c **** static void lv_btn_constructor(const lv_obj_class_t * class_p, lv_obj_t * obj);
  28:Middlewares/lvgl/src/widgets/lv_btn.c **** 
  29:Middlewares/lvgl/src/widgets/lv_btn.c **** /**********************
  30:Middlewares/lvgl/src/widgets/lv_btn.c ****  *  STATIC VARIABLES
  31:Middlewares/lvgl/src/widgets/lv_btn.c ****  **********************/
  32:Middlewares/lvgl/src/widgets/lv_btn.c **** const lv_obj_class_t lv_btn_class  = {
ARM GAS  /tmp/ccBVznGv.s 			page 2


  33:Middlewares/lvgl/src/widgets/lv_btn.c ****     .constructor_cb = lv_btn_constructor,
  34:Middlewares/lvgl/src/widgets/lv_btn.c ****     .width_def = LV_SIZE_CONTENT,
  35:Middlewares/lvgl/src/widgets/lv_btn.c ****     .height_def = LV_SIZE_CONTENT,
  36:Middlewares/lvgl/src/widgets/lv_btn.c ****     .group_def = LV_OBJ_CLASS_GROUP_DEF_TRUE,
  37:Middlewares/lvgl/src/widgets/lv_btn.c ****     .instance_size = sizeof(lv_btn_t),
  38:Middlewares/lvgl/src/widgets/lv_btn.c ****     .base_class = &lv_obj_class
  39:Middlewares/lvgl/src/widgets/lv_btn.c **** };
  40:Middlewares/lvgl/src/widgets/lv_btn.c **** 
  41:Middlewares/lvgl/src/widgets/lv_btn.c **** /**********************
  42:Middlewares/lvgl/src/widgets/lv_btn.c ****  *      MACROS
  43:Middlewares/lvgl/src/widgets/lv_btn.c ****  **********************/
  44:Middlewares/lvgl/src/widgets/lv_btn.c **** 
  45:Middlewares/lvgl/src/widgets/lv_btn.c **** /**********************
  46:Middlewares/lvgl/src/widgets/lv_btn.c ****  *   GLOBAL FUNCTIONS
  47:Middlewares/lvgl/src/widgets/lv_btn.c ****  **********************/
  48:Middlewares/lvgl/src/widgets/lv_btn.c **** 
  49:Middlewares/lvgl/src/widgets/lv_btn.c **** lv_obj_t * lv_btn_create(lv_obj_t * parent)
  50:Middlewares/lvgl/src/widgets/lv_btn.c **** {
  51:Middlewares/lvgl/src/widgets/lv_btn.c ****     LV_LOG_INFO("begin")
  52:Middlewares/lvgl/src/widgets/lv_btn.c ****     lv_obj_t * obj = lv_obj_class_create_obj(MY_CLASS, parent);
  53:Middlewares/lvgl/src/widgets/lv_btn.c ****     lv_obj_class_init_obj(obj);
  54:Middlewares/lvgl/src/widgets/lv_btn.c ****     return obj;
  55:Middlewares/lvgl/src/widgets/lv_btn.c **** }
  56:Middlewares/lvgl/src/widgets/lv_btn.c **** 
  57:Middlewares/lvgl/src/widgets/lv_btn.c **** /**********************
  58:Middlewares/lvgl/src/widgets/lv_btn.c ****  *   STATIC FUNCTIONS
  59:Middlewares/lvgl/src/widgets/lv_btn.c ****  **********************/
  60:Middlewares/lvgl/src/widgets/lv_btn.c **** 
  61:Middlewares/lvgl/src/widgets/lv_btn.c **** static void lv_btn_constructor(const lv_obj_class_t * class_p, lv_obj_t * obj)
  62:Middlewares/lvgl/src/widgets/lv_btn.c **** {
  27              		.loc 1 62 1 view -0
  28              		.cfi_startproc
  29              		@ args = 0, pretend = 0, frame = 0
  30              		@ frame_needed = 0, uses_anonymous_args = 0
  31              		.loc 1 62 1 is_stmt 0 view .LVU1
  32 0000 10B5     		push	{r4, lr}
  33              	.LCFI0:
  34              		.cfi_def_cfa_offset 8
  35              		.cfi_offset 4, -8
  36              		.cfi_offset 14, -4
  37 0002 0C46     		mov	r4, r1
  63:Middlewares/lvgl/src/widgets/lv_btn.c ****     LV_UNUSED(class_p);
  38              		.loc 1 63 5 is_stmt 1 view .LVU2
  64:Middlewares/lvgl/src/widgets/lv_btn.c ****     LV_TRACE_OBJ_CREATE("begin");
  39              		.loc 1 64 33 view .LVU3
  65:Middlewares/lvgl/src/widgets/lv_btn.c **** 
  66:Middlewares/lvgl/src/widgets/lv_btn.c ****     lv_obj_clear_flag(obj, LV_OBJ_FLAG_SCROLLABLE);
  40              		.loc 1 66 5 view .LVU4
  41 0004 1021     		movs	r1, #16
  42              	.LVL1:
  43              		.loc 1 66 5 is_stmt 0 view .LVU5
  44 0006 2046     		mov	r0, r4
  45              	.LVL2:
  46              		.loc 1 66 5 view .LVU6
  47 0008 FFF7FEFF 		bl	lv_obj_clear_flag
  48              	.LVL3:
  67:Middlewares/lvgl/src/widgets/lv_btn.c ****     lv_obj_add_flag(obj, LV_OBJ_FLAG_SCROLL_ON_FOCUS);
ARM GAS  /tmp/ccBVznGv.s 			page 3


  49              		.loc 1 67 5 is_stmt 1 view .LVU7
  50 000c 4FF40071 		mov	r1, #512
  51 0010 2046     		mov	r0, r4
  52 0012 FFF7FEFF 		bl	lv_obj_add_flag
  53              	.LVL4:
  68:Middlewares/lvgl/src/widgets/lv_btn.c **** 
  69:Middlewares/lvgl/src/widgets/lv_btn.c ****     LV_TRACE_OBJ_CREATE("finished");
  54              		.loc 1 69 36 view .LVU8
  70:Middlewares/lvgl/src/widgets/lv_btn.c **** }
  55              		.loc 1 70 1 is_stmt 0 view .LVU9
  56 0016 10BD     		pop	{r4, pc}
  57              		.loc 1 70 1 view .LVU10
  58              		.cfi_endproc
  59              	.LFE153:
  61              		.section	.text.lv_btn_create,"ax",%progbits
  62              		.align	1
  63              		.global	lv_btn_create
  64              		.syntax unified
  65              		.thumb
  66              		.thumb_func
  67              		.fpu softvfp
  69              	lv_btn_create:
  70              	.LVL5:
  71              	.LFB152:
  50:Middlewares/lvgl/src/widgets/lv_btn.c ****     LV_LOG_INFO("begin")
  72              		.loc 1 50 1 is_stmt 1 view -0
  73              		.cfi_startproc
  74              		@ args = 0, pretend = 0, frame = 0
  75              		@ frame_needed = 0, uses_anonymous_args = 0
  50:Middlewares/lvgl/src/widgets/lv_btn.c ****     LV_LOG_INFO("begin")
  76              		.loc 1 50 1 is_stmt 0 view .LVU12
  77 0000 10B5     		push	{r4, lr}
  78              	.LCFI1:
  79              		.cfi_def_cfa_offset 8
  80              		.cfi_offset 4, -8
  81              		.cfi_offset 14, -4
  82 0002 0146     		mov	r1, r0
  52:Middlewares/lvgl/src/widgets/lv_btn.c ****     lv_obj_class_init_obj(obj);
  83              		.loc 1 52 5 is_stmt 1 view .LVU13
  52:Middlewares/lvgl/src/widgets/lv_btn.c ****     lv_obj_class_init_obj(obj);
  84              		.loc 1 52 22 is_stmt 0 view .LVU14
  85 0004 0348     		ldr	r0, .L5
  86              	.LVL6:
  52:Middlewares/lvgl/src/widgets/lv_btn.c ****     lv_obj_class_init_obj(obj);
  87              		.loc 1 52 22 view .LVU15
  88 0006 FFF7FEFF 		bl	lv_obj_class_create_obj
  89              	.LVL7:
  52:Middlewares/lvgl/src/widgets/lv_btn.c ****     lv_obj_class_init_obj(obj);
  90              		.loc 1 52 22 view .LVU16
  91 000a 0446     		mov	r4, r0
  92              	.LVL8:
  53:Middlewares/lvgl/src/widgets/lv_btn.c ****     return obj;
  93              		.loc 1 53 5 is_stmt 1 view .LVU17
  94 000c FFF7FEFF 		bl	lv_obj_class_init_obj
  95              	.LVL9:
  54:Middlewares/lvgl/src/widgets/lv_btn.c **** }
  96              		.loc 1 54 5 view .LVU18
ARM GAS  /tmp/ccBVznGv.s 			page 4


  55:Middlewares/lvgl/src/widgets/lv_btn.c **** 
  97              		.loc 1 55 1 is_stmt 0 view .LVU19
  98 0010 2046     		mov	r0, r4
  99 0012 10BD     		pop	{r4, pc}
 100              	.LVL10:
 101              	.L6:
  55:Middlewares/lvgl/src/widgets/lv_btn.c **** 
 102              		.loc 1 55 1 view .LVU20
 103              		.align	2
 104              	.L5:
 105 0014 00000000 		.word	.LANCHOR0
 106              		.cfi_endproc
 107              	.LFE152:
 109              		.global	lv_btn_class
 110              		.section	.rodata.lv_btn_class,"a"
 111              		.align	2
 112              		.set	.LANCHOR0,. + 0
 115              	lv_btn_class:
 116 0000 00000000 		.word	lv_obj_class
 117 0004 00000000 		.word	lv_btn_constructor
 118 0008 00000000 		.space	12
 118      00000000 
 118      00000000 
 119 0014 D127     		.short	10193
 120 0016 D127     		.short	10193
 121 0018 44       		.byte	68
 122 0019 02       		.byte	2
 123 001a 00       		.byte	0
 124 001b 00       		.space	1
 125              		.text
 126              	.Letext0:
 127              		.file 2 "/home/akinya/gcc-arm-none-eabi/arm-none-eabi/include/machine/_default_types.h"
 128              		.file 3 "/home/akinya/gcc-arm-none-eabi/arm-none-eabi/include/sys/_stdint.h"
 129              		.file 4 "Middlewares/lvgl/src/widgets/../core/../misc/../font/../misc/lv_area.h"
 130              		.file 5 "Middlewares/lvgl/src/widgets/../core/../misc/lv_color.h"
 131              		.file 6 "Middlewares/lvgl/src/widgets/../core/../misc/lv_style.h"
 132              		.file 7 "Middlewares/lvgl/src/widgets/../core/../hal/../misc/lv_ll.h"
 133              		.file 8 "Middlewares/lvgl/src/widgets/../core/lv_obj.h"
 134              		.file 9 "Middlewares/lvgl/src/widgets/../core/lv_group.h"
 135              		.file 10 "Middlewares/lvgl/src/widgets/../core/lv_obj_scroll.h"
 136              		.file 11 "Middlewares/lvgl/src/widgets/../core/lv_obj_style.h"
 137              		.file 12 "Middlewares/lvgl/src/widgets/../core/lv_obj_class.h"
 138              		.file 13 "Middlewares/lvgl/src/widgets/../core/lv_event.h"
 139              		.file 14 "Middlewares/lvgl/src/widgets/lv_btn.h"
ARM GAS  /tmp/ccBVznGv.s 			page 5


DEFINED SYMBOLS
                            *ABS*:0000000000000000 lv_btn.c
     /tmp/ccBVznGv.s:16     .text.lv_btn_constructor:0000000000000000 $t
     /tmp/ccBVznGv.s:23     .text.lv_btn_constructor:0000000000000000 lv_btn_constructor
     /tmp/ccBVznGv.s:62     .text.lv_btn_create:0000000000000000 $t
     /tmp/ccBVznGv.s:69     .text.lv_btn_create:0000000000000000 lv_btn_create
     /tmp/ccBVznGv.s:105    .text.lv_btn_create:0000000000000014 $d
     /tmp/ccBVznGv.s:115    .rodata.lv_btn_class:0000000000000000 lv_btn_class
     /tmp/ccBVznGv.s:111    .rodata.lv_btn_class:0000000000000000 $d

UNDEFINED SYMBOLS
lv_obj_clear_flag
lv_obj_add_flag
lv_obj_class_create_obj
lv_obj_class_init_obj
lv_obj_class
