ARM GAS  /tmp/cc85CHW6.s 			page 1


   1              		.cpu cortex-m3
   2              		.eabi_attribute 20, 1
   3              		.eabi_attribute 21, 1
   4              		.eabi_attribute 23, 3
   5              		.eabi_attribute 24, 1
   6              		.eabi_attribute 25, 1
   7              		.eabi_attribute 26, 1
   8              		.eabi_attribute 30, 1
   9              		.eabi_attribute 34, 1
  10              		.eabi_attribute 18, 4
  11              		.file	"lv_example_chart_3.c"
  12              		.section	.rodata.str1.4,"aMS",%progbits,1
  13              		.align	2
  14              	.LC0:
  15 0000 4A616E00 		.ascii	"Jan\000"
  16              		.align	2
  17              	.LC1:
  18 0004 46656272 		.ascii	"Febr\000"
  18      00
  19 0009 000000   		.align	2
  20              	.LC2:
  21 000c 4D617263 		.ascii	"March\000"
  21      6800
  22 0012 0000     		.align	2
  23              	.LC3:
  24 0014 41707200 		.ascii	"Apr\000"
  25              		.align	2
  26              	.LC4:
  27 0018 4D617900 		.ascii	"May\000"
  28              		.align	2
  29              	.LC5:
  30 001c 4A756E00 		.ascii	"Jun\000"
  31              		.align	2
  32              	.LC6:
  33 0020 4A756C79 		.ascii	"July\000"
  33      00
  34 0025 000000   		.align	2
  35              	.LC7:
  36 0028 41756700 		.ascii	"Aug\000"
  37              		.align	2
  38              	.LC8:
  39 002c 53657074 		.ascii	"Sept\000"
  39      00
  40 0031 000000   		.align	2
  41              	.LC9:
  42 0034 4F637400 		.ascii	"Oct\000"
  43              		.align	2
  44              	.LC10:
  45 0038 4E6F7600 		.ascii	"Nov\000"
  46              		.align	2
  47              	.LC11:
  48 003c 44656300 		.ascii	"Dec\000"
  49              		.text
  50              	.Ltext0:
  51              		.cfi_sections	.debug_frame
  52              		.section	.rodata.draw_event_cb.str1.4,"aMS",%progbits,1
  53              		.align	2
ARM GAS  /tmp/cc85CHW6.s 			page 2


  54              	.LC14:
  55 0000 257300   		.ascii	"%s\000"
  56              		.section	.text.draw_event_cb,"ax",%progbits
  57              		.align	1
  58              		.arch armv7-m
  59              		.syntax unified
  60              		.thumb
  61              		.thumb_func
  62              		.fpu softvfp
  64              	draw_event_cb:
  65              	.LVL0:
  66              	.LFB184:
  67              		.file 1 "Middlewares/lvgl/examples/widgets/chart/lv_example_chart_3.c"
   1:Middlewares/lvgl/examples/widgets/chart/lv_example_chart_3.c **** #include "../../lv_examples.h"
   2:Middlewares/lvgl/examples/widgets/chart/lv_example_chart_3.c **** #if LV_USE_CHART && LV_BUILD_EXAMPLES
   3:Middlewares/lvgl/examples/widgets/chart/lv_example_chart_3.c **** 
   4:Middlewares/lvgl/examples/widgets/chart/lv_example_chart_3.c **** static void draw_event_cb(lv_event_t * e)
   5:Middlewares/lvgl/examples/widgets/chart/lv_example_chart_3.c **** {
  68              		.loc 1 5 1 view -0
  69              		.cfi_startproc
  70              		@ args = 0, pretend = 0, frame = 48
  71              		@ frame_needed = 0, uses_anonymous_args = 0
  72              		.loc 1 5 1 is_stmt 0 view .LVU1
  73 0000 10B5     		push	{r4, lr}
  74              	.LCFI0:
  75              		.cfi_def_cfa_offset 8
  76              		.cfi_offset 4, -8
  77              		.cfi_offset 14, -4
  78 0002 8CB0     		sub	sp, sp, #48
  79              	.LCFI1:
  80              		.cfi_def_cfa_offset 56
   6:Middlewares/lvgl/examples/widgets/chart/lv_example_chart_3.c ****     lv_obj_draw_part_dsc_t * dsc = lv_event_get_param(e);
  81              		.loc 1 6 5 is_stmt 1 view .LVU2
  82              		.loc 1 6 36 is_stmt 0 view .LVU3
  83 0004 FFF7FEFF 		bl	lv_event_get_param
  84              	.LVL1:
   7:Middlewares/lvgl/examples/widgets/chart/lv_example_chart_3.c ****     if(dsc->part == LV_PART_TICKS && dsc->id == LV_CHART_AXIS_PRIMARY_X) {
  85              		.loc 1 7 5 is_stmt 1 view .LVU4
  86              		.loc 1 7 11 is_stmt 0 view .LVU5
  87 0008 436B     		ldr	r3, [r0, #52]
  88              		.loc 1 7 7 view .LVU6
  89 000a B3F5C02F 		cmp	r3, #393216
  90 000e 01D0     		beq	.L4
  91              	.LVL2:
  92              	.L1:
   8:Middlewares/lvgl/examples/widgets/chart/lv_example_chart_3.c ****         const char * month[] = {"Jan", "Febr", "March", "Apr", "May", "Jun", "July", "Aug", "Sept",
   9:Middlewares/lvgl/examples/widgets/chart/lv_example_chart_3.c ****         lv_snprintf(dsc->text, sizeof(dsc->text), "%s", month[dsc->value]);
  10:Middlewares/lvgl/examples/widgets/chart/lv_example_chart_3.c ****     }
  11:Middlewares/lvgl/examples/widgets/chart/lv_example_chart_3.c **** }
  93              		.loc 1 11 1 view .LVU7
  94 0010 0CB0     		add	sp, sp, #48
  95              	.LCFI2:
  96              		.cfi_remember_state
  97              		.cfi_def_cfa_offset 8
  98              		@ sp needed
  99 0012 10BD     		pop	{r4, pc}
 100              	.LVL3:
ARM GAS  /tmp/cc85CHW6.s 			page 3


 101              	.L4:
 102              	.LCFI3:
 103              		.cfi_restore_state
 104              		.loc 1 11 1 view .LVU8
 105 0014 8446     		mov	ip, r0
   7:Middlewares/lvgl/examples/widgets/chart/lv_example_chart_3.c ****     if(dsc->part == LV_PART_TICKS && dsc->id == LV_CHART_AXIS_PRIMARY_X) {
 106              		.loc 1 7 41 discriminator 1 view .LVU9
 107 0016 836B     		ldr	r3, [r0, #56]
   7:Middlewares/lvgl/examples/widgets/chart/lv_example_chart_3.c ****     if(dsc->part == LV_PART_TICKS && dsc->id == LV_CHART_AXIS_PRIMARY_X) {
 108              		.loc 1 7 35 discriminator 1 view .LVU10
 109 0018 022B     		cmp	r3, #2
 110 001a F9D1     		bne	.L1
 111              	.LBB4:
   8:Middlewares/lvgl/examples/widgets/chart/lv_example_chart_3.c ****         const char * month[] = {"Jan", "Febr", "March", "Apr", "May", "Jun", "July", "Aug", "Sept",
 112              		.loc 1 8 9 is_stmt 1 view .LVU11
   8:Middlewares/lvgl/examples/widgets/chart/lv_example_chart_3.c ****         const char * month[] = {"Jan", "Febr", "March", "Apr", "May", "Jun", "July", "Aug", "Sept",
 113              		.loc 1 8 22 is_stmt 0 view .LVU12
 114 001c EE46     		mov	lr, sp
 115 001e 0C4C     		ldr	r4, .L5
 116 0020 0FCC     		ldmia	r4!, {r0, r1, r2, r3}
 117              	.LVL4:
   8:Middlewares/lvgl/examples/widgets/chart/lv_example_chart_3.c ****         const char * month[] = {"Jan", "Febr", "March", "Apr", "May", "Jun", "July", "Aug", "Sept",
 118              		.loc 1 8 22 view .LVU13
 119 0022 AEE80F00 		stmia	lr!, {r0, r1, r2, r3}
 120 0026 0FCC     		ldmia	r4!, {r0, r1, r2, r3}
 121 0028 AEE80F00 		stmia	lr!, {r0, r1, r2, r3}
 122 002c 94E80F00 		ldm	r4, {r0, r1, r2, r3}
 123 0030 8EE80F00 		stm	lr, {r0, r1, r2, r3}
   9:Middlewares/lvgl/examples/widgets/chart/lv_example_chart_3.c ****     }
 124              		.loc 1 9 9 is_stmt 1 view .LVU14
   9:Middlewares/lvgl/examples/widgets/chart/lv_example_chart_3.c ****     }
 125              		.loc 1 9 66 is_stmt 0 view .LVU15
 126 0034 DCF84030 		ldr	r3, [ip, #64]
   9:Middlewares/lvgl/examples/widgets/chart/lv_example_chart_3.c ****     }
 127              		.loc 1 9 9 view .LVU16
 128 0038 0CAA     		add	r2, sp, #48
 129 003a 02EB8303 		add	r3, r2, r3, lsl #2
 130 003e 53F8303C 		ldr	r3, [r3, #-48]
 131 0042 044A     		ldr	r2, .L5+4
 132 0044 1021     		movs	r1, #16
 133 0046 0CF12400 		add	r0, ip, #36
 134 004a FFF7FEFF 		bl	lv_snprintf
 135              	.LVL5:
   9:Middlewares/lvgl/examples/widgets/chart/lv_example_chart_3.c ****     }
 136              		.loc 1 9 9 view .LVU17
 137              	.LBE4:
 138              		.loc 1 11 1 view .LVU18
 139 004e DFE7     		b	.L1
 140              	.L6:
 141              		.align	2
 142              	.L5:
 143 0050 00000000 		.word	.LANCHOR0
 144 0054 00000000 		.word	.LC14
 145              		.cfi_endproc
 146              	.LFE184:
 148              		.section	.text.lv_example_chart_3,"ax",%progbits
 149              		.align	1
ARM GAS  /tmp/cc85CHW6.s 			page 4


 150              		.global	lv_example_chart_3
 151              		.syntax unified
 152              		.thumb
 153              		.thumb_func
 154              		.fpu softvfp
 156              	lv_example_chart_3:
 157              	.LFB185:
  12:Middlewares/lvgl/examples/widgets/chart/lv_example_chart_3.c **** 
  13:Middlewares/lvgl/examples/widgets/chart/lv_example_chart_3.c **** /**
  14:Middlewares/lvgl/examples/widgets/chart/lv_example_chart_3.c ****  * Add ticks and labels to the axis and demonstrate scrolling
  15:Middlewares/lvgl/examples/widgets/chart/lv_example_chart_3.c ****  */
  16:Middlewares/lvgl/examples/widgets/chart/lv_example_chart_3.c **** void lv_example_chart_3(void)
  17:Middlewares/lvgl/examples/widgets/chart/lv_example_chart_3.c **** {
 158              		.loc 1 17 1 is_stmt 1 view -0
 159              		.cfi_startproc
 160              		@ args = 0, pretend = 0, frame = 0
 161              		@ frame_needed = 0, uses_anonymous_args = 0
 162 0000 2DE9F041 		push	{r4, r5, r6, r7, r8, lr}
 163              	.LCFI4:
 164              		.cfi_def_cfa_offset 24
 165              		.cfi_offset 4, -24
 166              		.cfi_offset 5, -20
 167              		.cfi_offset 6, -16
 168              		.cfi_offset 7, -12
 169              		.cfi_offset 8, -8
 170              		.cfi_offset 14, -4
 171 0004 84B0     		sub	sp, sp, #16
 172              	.LCFI5:
 173              		.cfi_def_cfa_offset 40
  18:Middlewares/lvgl/examples/widgets/chart/lv_example_chart_3.c ****     /*Create a chart*/
  19:Middlewares/lvgl/examples/widgets/chart/lv_example_chart_3.c ****     lv_obj_t * chart;
 174              		.loc 1 19 5 view .LVU20
  20:Middlewares/lvgl/examples/widgets/chart/lv_example_chart_3.c ****     chart = lv_chart_create(lv_scr_act());
 175              		.loc 1 20 5 view .LVU21
 176              	.LBB9:
 177              	.LBI9:
 178              		.file 2 "Middlewares/lvgl/examples/widgets/chart/../../../src/core/lv_disp.h"
   1:Middlewares/lvgl/examples/widgets/chart/../../../src/core/lv_disp.h **** /**
   2:Middlewares/lvgl/examples/widgets/chart/../../../src/core/lv_disp.h ****  * @file lv_disp.h
   3:Middlewares/lvgl/examples/widgets/chart/../../../src/core/lv_disp.h ****  *
   4:Middlewares/lvgl/examples/widgets/chart/../../../src/core/lv_disp.h ****  */
   5:Middlewares/lvgl/examples/widgets/chart/../../../src/core/lv_disp.h **** 
   6:Middlewares/lvgl/examples/widgets/chart/../../../src/core/lv_disp.h **** #ifndef LV_DISP_H
   7:Middlewares/lvgl/examples/widgets/chart/../../../src/core/lv_disp.h **** #define LV_DISP_H
   8:Middlewares/lvgl/examples/widgets/chart/../../../src/core/lv_disp.h **** 
   9:Middlewares/lvgl/examples/widgets/chart/../../../src/core/lv_disp.h **** #ifdef __cplusplus
  10:Middlewares/lvgl/examples/widgets/chart/../../../src/core/lv_disp.h **** extern "C" {
  11:Middlewares/lvgl/examples/widgets/chart/../../../src/core/lv_disp.h **** #endif
  12:Middlewares/lvgl/examples/widgets/chart/../../../src/core/lv_disp.h **** 
  13:Middlewares/lvgl/examples/widgets/chart/../../../src/core/lv_disp.h **** /*********************
  14:Middlewares/lvgl/examples/widgets/chart/../../../src/core/lv_disp.h ****  *      INCLUDES
  15:Middlewares/lvgl/examples/widgets/chart/../../../src/core/lv_disp.h ****  *********************/
  16:Middlewares/lvgl/examples/widgets/chart/../../../src/core/lv_disp.h **** #include "../hal/lv_hal.h"
  17:Middlewares/lvgl/examples/widgets/chart/../../../src/core/lv_disp.h **** #include "lv_obj.h"
  18:Middlewares/lvgl/examples/widgets/chart/../../../src/core/lv_disp.h **** #include "lv_theme.h"
  19:Middlewares/lvgl/examples/widgets/chart/../../../src/core/lv_disp.h **** 
  20:Middlewares/lvgl/examples/widgets/chart/../../../src/core/lv_disp.h **** /*********************
ARM GAS  /tmp/cc85CHW6.s 			page 5


  21:Middlewares/lvgl/examples/widgets/chart/../../../src/core/lv_disp.h ****  *      DEFINES
  22:Middlewares/lvgl/examples/widgets/chart/../../../src/core/lv_disp.h ****  *********************/
  23:Middlewares/lvgl/examples/widgets/chart/../../../src/core/lv_disp.h **** 
  24:Middlewares/lvgl/examples/widgets/chart/../../../src/core/lv_disp.h **** /**********************
  25:Middlewares/lvgl/examples/widgets/chart/../../../src/core/lv_disp.h ****  *      TYPEDEFS
  26:Middlewares/lvgl/examples/widgets/chart/../../../src/core/lv_disp.h ****  **********************/
  27:Middlewares/lvgl/examples/widgets/chart/../../../src/core/lv_disp.h **** 
  28:Middlewares/lvgl/examples/widgets/chart/../../../src/core/lv_disp.h **** typedef enum {
  29:Middlewares/lvgl/examples/widgets/chart/../../../src/core/lv_disp.h ****     LV_SCR_LOAD_ANIM_NONE,
  30:Middlewares/lvgl/examples/widgets/chart/../../../src/core/lv_disp.h ****     LV_SCR_LOAD_ANIM_OVER_LEFT,
  31:Middlewares/lvgl/examples/widgets/chart/../../../src/core/lv_disp.h ****     LV_SCR_LOAD_ANIM_OVER_RIGHT,
  32:Middlewares/lvgl/examples/widgets/chart/../../../src/core/lv_disp.h ****     LV_SCR_LOAD_ANIM_OVER_TOP,
  33:Middlewares/lvgl/examples/widgets/chart/../../../src/core/lv_disp.h ****     LV_SCR_LOAD_ANIM_OVER_BOTTOM,
  34:Middlewares/lvgl/examples/widgets/chart/../../../src/core/lv_disp.h ****     LV_SCR_LOAD_ANIM_MOVE_LEFT,
  35:Middlewares/lvgl/examples/widgets/chart/../../../src/core/lv_disp.h ****     LV_SCR_LOAD_ANIM_MOVE_RIGHT,
  36:Middlewares/lvgl/examples/widgets/chart/../../../src/core/lv_disp.h ****     LV_SCR_LOAD_ANIM_MOVE_TOP,
  37:Middlewares/lvgl/examples/widgets/chart/../../../src/core/lv_disp.h ****     LV_SCR_LOAD_ANIM_MOVE_BOTTOM,
  38:Middlewares/lvgl/examples/widgets/chart/../../../src/core/lv_disp.h ****     LV_SCR_LOAD_ANIM_FADE_ON,
  39:Middlewares/lvgl/examples/widgets/chart/../../../src/core/lv_disp.h **** } lv_scr_load_anim_t;
  40:Middlewares/lvgl/examples/widgets/chart/../../../src/core/lv_disp.h **** 
  41:Middlewares/lvgl/examples/widgets/chart/../../../src/core/lv_disp.h **** /**********************
  42:Middlewares/lvgl/examples/widgets/chart/../../../src/core/lv_disp.h ****  * GLOBAL PROTOTYPES
  43:Middlewares/lvgl/examples/widgets/chart/../../../src/core/lv_disp.h ****  **********************/
  44:Middlewares/lvgl/examples/widgets/chart/../../../src/core/lv_disp.h **** 
  45:Middlewares/lvgl/examples/widgets/chart/../../../src/core/lv_disp.h **** /**
  46:Middlewares/lvgl/examples/widgets/chart/../../../src/core/lv_disp.h ****  * Return with a pointer to the active screen
  47:Middlewares/lvgl/examples/widgets/chart/../../../src/core/lv_disp.h ****  * @param disp pointer to display which active screen should be get. (NULL to use the default
  48:Middlewares/lvgl/examples/widgets/chart/../../../src/core/lv_disp.h ****  * screen)
  49:Middlewares/lvgl/examples/widgets/chart/../../../src/core/lv_disp.h ****  * @return pointer to the active screen object (loaded by 'lv_scr_load()')
  50:Middlewares/lvgl/examples/widgets/chart/../../../src/core/lv_disp.h ****  */
  51:Middlewares/lvgl/examples/widgets/chart/../../../src/core/lv_disp.h **** lv_obj_t * lv_disp_get_scr_act(lv_disp_t * disp);
  52:Middlewares/lvgl/examples/widgets/chart/../../../src/core/lv_disp.h **** 
  53:Middlewares/lvgl/examples/widgets/chart/../../../src/core/lv_disp.h **** /**
  54:Middlewares/lvgl/examples/widgets/chart/../../../src/core/lv_disp.h ****  * Return with a pointer to the previous screen. Only used during screen transitions.
  55:Middlewares/lvgl/examples/widgets/chart/../../../src/core/lv_disp.h ****  * @param disp pointer to display which previous screen should be get. (NULL to use the default
  56:Middlewares/lvgl/examples/widgets/chart/../../../src/core/lv_disp.h ****  * screen)
  57:Middlewares/lvgl/examples/widgets/chart/../../../src/core/lv_disp.h ****  * @return pointer to the previous screen object or NULL if not used now
  58:Middlewares/lvgl/examples/widgets/chart/../../../src/core/lv_disp.h ****  */
  59:Middlewares/lvgl/examples/widgets/chart/../../../src/core/lv_disp.h **** lv_obj_t * lv_disp_get_scr_prev(lv_disp_t * disp);
  60:Middlewares/lvgl/examples/widgets/chart/../../../src/core/lv_disp.h **** 
  61:Middlewares/lvgl/examples/widgets/chart/../../../src/core/lv_disp.h **** /**
  62:Middlewares/lvgl/examples/widgets/chart/../../../src/core/lv_disp.h ****  * Make a screen active
  63:Middlewares/lvgl/examples/widgets/chart/../../../src/core/lv_disp.h ****  * @param scr pointer to a screen
  64:Middlewares/lvgl/examples/widgets/chart/../../../src/core/lv_disp.h ****  */
  65:Middlewares/lvgl/examples/widgets/chart/../../../src/core/lv_disp.h **** void lv_disp_load_scr(lv_obj_t * scr);
  66:Middlewares/lvgl/examples/widgets/chart/../../../src/core/lv_disp.h **** 
  67:Middlewares/lvgl/examples/widgets/chart/../../../src/core/lv_disp.h **** /**
  68:Middlewares/lvgl/examples/widgets/chart/../../../src/core/lv_disp.h ****  * Return with the top layer. (Same on every screen and it is above the normal screen layer)
  69:Middlewares/lvgl/examples/widgets/chart/../../../src/core/lv_disp.h ****  * @param disp pointer to display which top layer should be get. (NULL to use the default screen)
  70:Middlewares/lvgl/examples/widgets/chart/../../../src/core/lv_disp.h ****  * @return pointer to the top layer object  (transparent screen sized lv_obj)
  71:Middlewares/lvgl/examples/widgets/chart/../../../src/core/lv_disp.h ****  */
  72:Middlewares/lvgl/examples/widgets/chart/../../../src/core/lv_disp.h **** lv_obj_t * lv_disp_get_layer_top(lv_disp_t * disp);
  73:Middlewares/lvgl/examples/widgets/chart/../../../src/core/lv_disp.h **** 
  74:Middlewares/lvgl/examples/widgets/chart/../../../src/core/lv_disp.h **** /**
  75:Middlewares/lvgl/examples/widgets/chart/../../../src/core/lv_disp.h ****  * Return with the sys. layer. (Same on every screen and it is above the normal screen and the top
  76:Middlewares/lvgl/examples/widgets/chart/../../../src/core/lv_disp.h ****  * layer)
  77:Middlewares/lvgl/examples/widgets/chart/../../../src/core/lv_disp.h ****  * @param disp pointer to display which sys. layer  should be get. (NULL to use the default screen)
ARM GAS  /tmp/cc85CHW6.s 			page 6


  78:Middlewares/lvgl/examples/widgets/chart/../../../src/core/lv_disp.h ****  * @return pointer to the sys layer object  (transparent screen sized lv_obj)
  79:Middlewares/lvgl/examples/widgets/chart/../../../src/core/lv_disp.h ****  */
  80:Middlewares/lvgl/examples/widgets/chart/../../../src/core/lv_disp.h **** lv_obj_t * lv_disp_get_layer_sys(lv_disp_t * disp);
  81:Middlewares/lvgl/examples/widgets/chart/../../../src/core/lv_disp.h **** 
  82:Middlewares/lvgl/examples/widgets/chart/../../../src/core/lv_disp.h **** /**
  83:Middlewares/lvgl/examples/widgets/chart/../../../src/core/lv_disp.h ****  * Get the theme of a display
  84:Middlewares/lvgl/examples/widgets/chart/../../../src/core/lv_disp.h ****  * @param disp pointer to a display
  85:Middlewares/lvgl/examples/widgets/chart/../../../src/core/lv_disp.h ****  * @return the display's theme (can be NULL)
  86:Middlewares/lvgl/examples/widgets/chart/../../../src/core/lv_disp.h ****  */
  87:Middlewares/lvgl/examples/widgets/chart/../../../src/core/lv_disp.h **** void lv_disp_set_theme(lv_disp_t * disp, lv_theme_t * th);
  88:Middlewares/lvgl/examples/widgets/chart/../../../src/core/lv_disp.h **** 
  89:Middlewares/lvgl/examples/widgets/chart/../../../src/core/lv_disp.h **** /**
  90:Middlewares/lvgl/examples/widgets/chart/../../../src/core/lv_disp.h ****  * Get the theme of a display
  91:Middlewares/lvgl/examples/widgets/chart/../../../src/core/lv_disp.h ****  * @param disp pointer to a display
  92:Middlewares/lvgl/examples/widgets/chart/../../../src/core/lv_disp.h ****  * @return the display's theme (can be NULL)
  93:Middlewares/lvgl/examples/widgets/chart/../../../src/core/lv_disp.h ****  */
  94:Middlewares/lvgl/examples/widgets/chart/../../../src/core/lv_disp.h **** lv_theme_t * lv_disp_get_theme(lv_disp_t * disp);
  95:Middlewares/lvgl/examples/widgets/chart/../../../src/core/lv_disp.h **** 
  96:Middlewares/lvgl/examples/widgets/chart/../../../src/core/lv_disp.h **** /**
  97:Middlewares/lvgl/examples/widgets/chart/../../../src/core/lv_disp.h ****  * Set the background color of a display
  98:Middlewares/lvgl/examples/widgets/chart/../../../src/core/lv_disp.h ****  * @param disp pointer to a display
  99:Middlewares/lvgl/examples/widgets/chart/../../../src/core/lv_disp.h ****  * @param color color of the background
 100:Middlewares/lvgl/examples/widgets/chart/../../../src/core/lv_disp.h ****  */
 101:Middlewares/lvgl/examples/widgets/chart/../../../src/core/lv_disp.h **** void lv_disp_set_bg_color(lv_disp_t * disp, lv_color_t color);
 102:Middlewares/lvgl/examples/widgets/chart/../../../src/core/lv_disp.h **** 
 103:Middlewares/lvgl/examples/widgets/chart/../../../src/core/lv_disp.h **** /**
 104:Middlewares/lvgl/examples/widgets/chart/../../../src/core/lv_disp.h ****  * Set the background image of a display
 105:Middlewares/lvgl/examples/widgets/chart/../../../src/core/lv_disp.h ****  * @param disp pointer to a display
 106:Middlewares/lvgl/examples/widgets/chart/../../../src/core/lv_disp.h ****  * @param img_src path to file or pointer to an `lv_img_dsc_t` variable
 107:Middlewares/lvgl/examples/widgets/chart/../../../src/core/lv_disp.h ****  */
 108:Middlewares/lvgl/examples/widgets/chart/../../../src/core/lv_disp.h **** void lv_disp_set_bg_image(lv_disp_t * disp, const void  * img_src);
 109:Middlewares/lvgl/examples/widgets/chart/../../../src/core/lv_disp.h **** 
 110:Middlewares/lvgl/examples/widgets/chart/../../../src/core/lv_disp.h **** /**
 111:Middlewares/lvgl/examples/widgets/chart/../../../src/core/lv_disp.h ****  * Opacity of the background
 112:Middlewares/lvgl/examples/widgets/chart/../../../src/core/lv_disp.h ****  * @param disp pointer to a display
 113:Middlewares/lvgl/examples/widgets/chart/../../../src/core/lv_disp.h ****  * @param opa opacity (0..255)
 114:Middlewares/lvgl/examples/widgets/chart/../../../src/core/lv_disp.h ****  */
 115:Middlewares/lvgl/examples/widgets/chart/../../../src/core/lv_disp.h **** void lv_disp_set_bg_opa(lv_disp_t * disp, lv_opa_t opa);
 116:Middlewares/lvgl/examples/widgets/chart/../../../src/core/lv_disp.h **** 
 117:Middlewares/lvgl/examples/widgets/chart/../../../src/core/lv_disp.h **** /**
 118:Middlewares/lvgl/examples/widgets/chart/../../../src/core/lv_disp.h ****  * Switch screen with animation
 119:Middlewares/lvgl/examples/widgets/chart/../../../src/core/lv_disp.h ****  * @param scr pointer to the new screen to load
 120:Middlewares/lvgl/examples/widgets/chart/../../../src/core/lv_disp.h ****  * @param anim_type type of the animation from `lv_scr_load_anim_t`. E.g.  `LV_SCR_LOAD_ANIM_MOVE_L
 121:Middlewares/lvgl/examples/widgets/chart/../../../src/core/lv_disp.h ****  * @param time time of the animation
 122:Middlewares/lvgl/examples/widgets/chart/../../../src/core/lv_disp.h ****  * @param delay delay before the transition
 123:Middlewares/lvgl/examples/widgets/chart/../../../src/core/lv_disp.h ****  * @param auto_del true: automatically delete the old screen
 124:Middlewares/lvgl/examples/widgets/chart/../../../src/core/lv_disp.h ****  */
 125:Middlewares/lvgl/examples/widgets/chart/../../../src/core/lv_disp.h **** void lv_scr_load_anim(lv_obj_t * scr, lv_scr_load_anim_t anim_type, uint32_t time, uint32_t delay, 
 126:Middlewares/lvgl/examples/widgets/chart/../../../src/core/lv_disp.h **** 
 127:Middlewares/lvgl/examples/widgets/chart/../../../src/core/lv_disp.h **** /**
 128:Middlewares/lvgl/examples/widgets/chart/../../../src/core/lv_disp.h ****  * Get elapsed time since last user activity on a display (e.g. click)
 129:Middlewares/lvgl/examples/widgets/chart/../../../src/core/lv_disp.h ****  * @param disp pointer to an display (NULL to get the overall smallest inactivity)
 130:Middlewares/lvgl/examples/widgets/chart/../../../src/core/lv_disp.h ****  * @return elapsed ticks (milliseconds) since the last activity
 131:Middlewares/lvgl/examples/widgets/chart/../../../src/core/lv_disp.h ****  */
 132:Middlewares/lvgl/examples/widgets/chart/../../../src/core/lv_disp.h **** uint32_t lv_disp_get_inactive_time(const lv_disp_t * disp);
 133:Middlewares/lvgl/examples/widgets/chart/../../../src/core/lv_disp.h **** 
 134:Middlewares/lvgl/examples/widgets/chart/../../../src/core/lv_disp.h **** /**
ARM GAS  /tmp/cc85CHW6.s 			page 7


 135:Middlewares/lvgl/examples/widgets/chart/../../../src/core/lv_disp.h ****  * Manually trigger an activity on a display
 136:Middlewares/lvgl/examples/widgets/chart/../../../src/core/lv_disp.h ****  * @param disp pointer to an display (NULL to use the default display)
 137:Middlewares/lvgl/examples/widgets/chart/../../../src/core/lv_disp.h ****  */
 138:Middlewares/lvgl/examples/widgets/chart/../../../src/core/lv_disp.h **** void lv_disp_trig_activity(lv_disp_t * disp);
 139:Middlewares/lvgl/examples/widgets/chart/../../../src/core/lv_disp.h **** 
 140:Middlewares/lvgl/examples/widgets/chart/../../../src/core/lv_disp.h **** /**
 141:Middlewares/lvgl/examples/widgets/chart/../../../src/core/lv_disp.h ****  * Clean any CPU cache that is related to the display.
 142:Middlewares/lvgl/examples/widgets/chart/../../../src/core/lv_disp.h ****  * @param disp pointer to an display (NULL to use the default display)
 143:Middlewares/lvgl/examples/widgets/chart/../../../src/core/lv_disp.h ****  */
 144:Middlewares/lvgl/examples/widgets/chart/../../../src/core/lv_disp.h **** void lv_disp_clean_dcache(lv_disp_t * disp);
 145:Middlewares/lvgl/examples/widgets/chart/../../../src/core/lv_disp.h **** 
 146:Middlewares/lvgl/examples/widgets/chart/../../../src/core/lv_disp.h **** /**
 147:Middlewares/lvgl/examples/widgets/chart/../../../src/core/lv_disp.h ****  * Get a pointer to the screen refresher timer to
 148:Middlewares/lvgl/examples/widgets/chart/../../../src/core/lv_disp.h ****  * modify its parameters with `lv_timer_...` functions.
 149:Middlewares/lvgl/examples/widgets/chart/../../../src/core/lv_disp.h ****  * @param disp pointer to a display
 150:Middlewares/lvgl/examples/widgets/chart/../../../src/core/lv_disp.h ****  * @return pointer to the display refresher timer. (NULL on error)
 151:Middlewares/lvgl/examples/widgets/chart/../../../src/core/lv_disp.h ****  */
 152:Middlewares/lvgl/examples/widgets/chart/../../../src/core/lv_disp.h **** lv_timer_t * _lv_disp_get_refr_timer(lv_disp_t * disp);
 153:Middlewares/lvgl/examples/widgets/chart/../../../src/core/lv_disp.h **** 
 154:Middlewares/lvgl/examples/widgets/chart/../../../src/core/lv_disp.h **** /*------------------------------------------------
 155:Middlewares/lvgl/examples/widgets/chart/../../../src/core/lv_disp.h ****  * To improve backward compatibility
 156:Middlewares/lvgl/examples/widgets/chart/../../../src/core/lv_disp.h ****  * Recommended only if you have one display
 157:Middlewares/lvgl/examples/widgets/chart/../../../src/core/lv_disp.h ****  *------------------------------------------------*/
 158:Middlewares/lvgl/examples/widgets/chart/../../../src/core/lv_disp.h **** 
 159:Middlewares/lvgl/examples/widgets/chart/../../../src/core/lv_disp.h **** /**
 160:Middlewares/lvgl/examples/widgets/chart/../../../src/core/lv_disp.h ****  * Get the active screen of the default display
 161:Middlewares/lvgl/examples/widgets/chart/../../../src/core/lv_disp.h ****  * @return pointer to the active screen
 162:Middlewares/lvgl/examples/widgets/chart/../../../src/core/lv_disp.h ****  */
 163:Middlewares/lvgl/examples/widgets/chart/../../../src/core/lv_disp.h **** static inline lv_obj_t * lv_scr_act(void)
 179              		.loc 2 163 26 view .LVU22
 180              	.LBB10:
 164:Middlewares/lvgl/examples/widgets/chart/../../../src/core/lv_disp.h **** {
 165:Middlewares/lvgl/examples/widgets/chart/../../../src/core/lv_disp.h ****     return lv_disp_get_scr_act(lv_disp_get_default());
 181              		.loc 2 165 5 view .LVU23
 182              		.loc 2 165 12 is_stmt 0 view .LVU24
 183 0006 FFF7FEFF 		bl	lv_disp_get_default
 184              	.LVL6:
 185 000a FFF7FEFF 		bl	lv_disp_get_scr_act
 186              	.LVL7:
 187              	.LBE10:
 188              	.LBE9:
 189              		.loc 1 20 13 view .LVU25
 190 000e FFF7FEFF 		bl	lv_chart_create
 191              	.LVL8:
 192 0012 0446     		mov	r4, r0
 193              	.LVL9:
  21:Middlewares/lvgl/examples/widgets/chart/lv_example_chart_3.c ****     lv_obj_set_size(chart, 200, 150);
 194              		.loc 1 21 5 is_stmt 1 view .LVU26
 195 0014 9622     		movs	r2, #150
 196 0016 C821     		movs	r1, #200
 197 0018 FFF7FEFF 		bl	lv_obj_set_size
 198              	.LVL10:
  22:Middlewares/lvgl/examples/widgets/chart/lv_example_chart_3.c ****     lv_obj_center(chart);
 199              		.loc 1 22 5 view .LVU27
 200              	.LBB11:
 201              	.LBI11:
 202              		.file 3 "Middlewares/lvgl/examples/widgets/chart/../../../src/core/lv_obj_pos.h"
ARM GAS  /tmp/cc85CHW6.s 			page 8


   1:Middlewares/lvgl/examples/widgets/chart/../../../src/core/lv_obj_pos.h **** /**
   2:Middlewares/lvgl/examples/widgets/chart/../../../src/core/lv_obj_pos.h ****  * @file lv_obj_pos.h
   3:Middlewares/lvgl/examples/widgets/chart/../../../src/core/lv_obj_pos.h ****  *
   4:Middlewares/lvgl/examples/widgets/chart/../../../src/core/lv_obj_pos.h ****  */
   5:Middlewares/lvgl/examples/widgets/chart/../../../src/core/lv_obj_pos.h **** 
   6:Middlewares/lvgl/examples/widgets/chart/../../../src/core/lv_obj_pos.h **** #ifndef LV_OBJ_POS_H
   7:Middlewares/lvgl/examples/widgets/chart/../../../src/core/lv_obj_pos.h **** #define LV_OBJ_POS_H
   8:Middlewares/lvgl/examples/widgets/chart/../../../src/core/lv_obj_pos.h **** 
   9:Middlewares/lvgl/examples/widgets/chart/../../../src/core/lv_obj_pos.h **** #ifdef __cplusplus
  10:Middlewares/lvgl/examples/widgets/chart/../../../src/core/lv_obj_pos.h **** extern "C" {
  11:Middlewares/lvgl/examples/widgets/chart/../../../src/core/lv_obj_pos.h **** #endif
  12:Middlewares/lvgl/examples/widgets/chart/../../../src/core/lv_obj_pos.h **** 
  13:Middlewares/lvgl/examples/widgets/chart/../../../src/core/lv_obj_pos.h **** /*********************
  14:Middlewares/lvgl/examples/widgets/chart/../../../src/core/lv_obj_pos.h ****  *      INCLUDES
  15:Middlewares/lvgl/examples/widgets/chart/../../../src/core/lv_obj_pos.h ****  *********************/
  16:Middlewares/lvgl/examples/widgets/chart/../../../src/core/lv_obj_pos.h **** #include "../misc/lv_area.h"
  17:Middlewares/lvgl/examples/widgets/chart/../../../src/core/lv_obj_pos.h **** 
  18:Middlewares/lvgl/examples/widgets/chart/../../../src/core/lv_obj_pos.h **** /*********************
  19:Middlewares/lvgl/examples/widgets/chart/../../../src/core/lv_obj_pos.h ****  *      DEFINES
  20:Middlewares/lvgl/examples/widgets/chart/../../../src/core/lv_obj_pos.h ****  *********************/
  21:Middlewares/lvgl/examples/widgets/chart/../../../src/core/lv_obj_pos.h **** 
  22:Middlewares/lvgl/examples/widgets/chart/../../../src/core/lv_obj_pos.h **** /**********************
  23:Middlewares/lvgl/examples/widgets/chart/../../../src/core/lv_obj_pos.h ****  *      TYPEDEFS
  24:Middlewares/lvgl/examples/widgets/chart/../../../src/core/lv_obj_pos.h ****  **********************/
  25:Middlewares/lvgl/examples/widgets/chart/../../../src/core/lv_obj_pos.h **** struct _lv_obj_t;
  26:Middlewares/lvgl/examples/widgets/chart/../../../src/core/lv_obj_pos.h **** 
  27:Middlewares/lvgl/examples/widgets/chart/../../../src/core/lv_obj_pos.h **** typedef void (*lv_layout_update_cb_t)(struct _lv_obj_t *, void * user_data);
  28:Middlewares/lvgl/examples/widgets/chart/../../../src/core/lv_obj_pos.h **** typedef struct {
  29:Middlewares/lvgl/examples/widgets/chart/../../../src/core/lv_obj_pos.h ****     lv_layout_update_cb_t cb;
  30:Middlewares/lvgl/examples/widgets/chart/../../../src/core/lv_obj_pos.h ****     void * user_data;
  31:Middlewares/lvgl/examples/widgets/chart/../../../src/core/lv_obj_pos.h **** }lv_layout_dsc_t;
  32:Middlewares/lvgl/examples/widgets/chart/../../../src/core/lv_obj_pos.h **** 
  33:Middlewares/lvgl/examples/widgets/chart/../../../src/core/lv_obj_pos.h **** /**********************
  34:Middlewares/lvgl/examples/widgets/chart/../../../src/core/lv_obj_pos.h ****  * GLOBAL PROTOTYPES
  35:Middlewares/lvgl/examples/widgets/chart/../../../src/core/lv_obj_pos.h ****  **********************/
  36:Middlewares/lvgl/examples/widgets/chart/../../../src/core/lv_obj_pos.h **** 
  37:Middlewares/lvgl/examples/widgets/chart/../../../src/core/lv_obj_pos.h **** /**
  38:Middlewares/lvgl/examples/widgets/chart/../../../src/core/lv_obj_pos.h ****  * Set the relative the position of an object (relative to the parent's top left corner)
  39:Middlewares/lvgl/examples/widgets/chart/../../../src/core/lv_obj_pos.h ****  * @param obj       pointer to an object
  40:Middlewares/lvgl/examples/widgets/chart/../../../src/core/lv_obj_pos.h ****  * @param x         new distance from the left side of the parent plus the parent's left padding
  41:Middlewares/lvgl/examples/widgets/chart/../../../src/core/lv_obj_pos.h ****  * @param y         new distance from the top side of the parent  plus the parent's right padding
  42:Middlewares/lvgl/examples/widgets/chart/../../../src/core/lv_obj_pos.h ****  */
  43:Middlewares/lvgl/examples/widgets/chart/../../../src/core/lv_obj_pos.h **** void lv_obj_set_pos(struct _lv_obj_t * obj, lv_coord_t x, lv_coord_t y);
  44:Middlewares/lvgl/examples/widgets/chart/../../../src/core/lv_obj_pos.h **** 
  45:Middlewares/lvgl/examples/widgets/chart/../../../src/core/lv_obj_pos.h **** /**
  46:Middlewares/lvgl/examples/widgets/chart/../../../src/core/lv_obj_pos.h ****  * Set the x coordinate of a object
  47:Middlewares/lvgl/examples/widgets/chart/../../../src/core/lv_obj_pos.h ****  * @param obj       pointer to an object
  48:Middlewares/lvgl/examples/widgets/chart/../../../src/core/lv_obj_pos.h ****  * @param x         new distance from the left side from the parent plus the parent's left padding
  49:Middlewares/lvgl/examples/widgets/chart/../../../src/core/lv_obj_pos.h ****  */
  50:Middlewares/lvgl/examples/widgets/chart/../../../src/core/lv_obj_pos.h **** void lv_obj_set_x(struct _lv_obj_t * obj, lv_coord_t x);
  51:Middlewares/lvgl/examples/widgets/chart/../../../src/core/lv_obj_pos.h **** 
  52:Middlewares/lvgl/examples/widgets/chart/../../../src/core/lv_obj_pos.h **** /**
  53:Middlewares/lvgl/examples/widgets/chart/../../../src/core/lv_obj_pos.h ****  * Set the y coordinate of a object
  54:Middlewares/lvgl/examples/widgets/chart/../../../src/core/lv_obj_pos.h ****  * @param obj       pointer to an object
  55:Middlewares/lvgl/examples/widgets/chart/../../../src/core/lv_obj_pos.h ****  * @param y         new distance from the top of the parent  plus the parent's top padding
  56:Middlewares/lvgl/examples/widgets/chart/../../../src/core/lv_obj_pos.h ****  */
  57:Middlewares/lvgl/examples/widgets/chart/../../../src/core/lv_obj_pos.h **** void lv_obj_set_y(struct _lv_obj_t * obj, lv_coord_t y);
ARM GAS  /tmp/cc85CHW6.s 			page 9


  58:Middlewares/lvgl/examples/widgets/chart/../../../src/core/lv_obj_pos.h **** 
  59:Middlewares/lvgl/examples/widgets/chart/../../../src/core/lv_obj_pos.h **** /**
  60:Middlewares/lvgl/examples/widgets/chart/../../../src/core/lv_obj_pos.h ****  * Set the size of an object.
  61:Middlewares/lvgl/examples/widgets/chart/../../../src/core/lv_obj_pos.h ****  * @param obj       pointer to an object
  62:Middlewares/lvgl/examples/widgets/chart/../../../src/core/lv_obj_pos.h ****  * @param w         the new width
  63:Middlewares/lvgl/examples/widgets/chart/../../../src/core/lv_obj_pos.h ****  * @param h         the new height
  64:Middlewares/lvgl/examples/widgets/chart/../../../src/core/lv_obj_pos.h ****  * @note            possible values are:
  65:Middlewares/lvgl/examples/widgets/chart/../../../src/core/lv_obj_pos.h ****  *                  pixel               simple set the size accordingly
  66:Middlewares/lvgl/examples/widgets/chart/../../../src/core/lv_obj_pos.h ****  *                  LV_SIZE_CONTENT     set the size to involve all children in the given direction
  67:Middlewares/lvgl/examples/widgets/chart/../../../src/core/lv_obj_pos.h ****  *                  LV_SIZE_PCT(x)     to set size in percentage of the parent's content area size 
  68:Middlewares/lvgl/examples/widgets/chart/../../../src/core/lv_obj_pos.h ****  *                                      x should be in [0..1000]% range
  69:Middlewares/lvgl/examples/widgets/chart/../../../src/core/lv_obj_pos.h ****  */
  70:Middlewares/lvgl/examples/widgets/chart/../../../src/core/lv_obj_pos.h **** void lv_obj_set_size(struct _lv_obj_t * obj, lv_coord_t w, lv_coord_t h);
  71:Middlewares/lvgl/examples/widgets/chart/../../../src/core/lv_obj_pos.h **** 
  72:Middlewares/lvgl/examples/widgets/chart/../../../src/core/lv_obj_pos.h **** /**
  73:Middlewares/lvgl/examples/widgets/chart/../../../src/core/lv_obj_pos.h ****  * Recalculate the size of the object
  74:Middlewares/lvgl/examples/widgets/chart/../../../src/core/lv_obj_pos.h ****  * @param obj       pointer to an object
  75:Middlewares/lvgl/examples/widgets/chart/../../../src/core/lv_obj_pos.h ****  * @return          true: the size has been changed
  76:Middlewares/lvgl/examples/widgets/chart/../../../src/core/lv_obj_pos.h ****  */
  77:Middlewares/lvgl/examples/widgets/chart/../../../src/core/lv_obj_pos.h **** bool lv_obj_refr_size(struct _lv_obj_t * obj);
  78:Middlewares/lvgl/examples/widgets/chart/../../../src/core/lv_obj_pos.h **** 
  79:Middlewares/lvgl/examples/widgets/chart/../../../src/core/lv_obj_pos.h **** /**
  80:Middlewares/lvgl/examples/widgets/chart/../../../src/core/lv_obj_pos.h ****  * Set the width of an object
  81:Middlewares/lvgl/examples/widgets/chart/../../../src/core/lv_obj_pos.h ****  * @param obj       pointer to an object
  82:Middlewares/lvgl/examples/widgets/chart/../../../src/core/lv_obj_pos.h ****  * @param w         the new width
  83:Middlewares/lvgl/examples/widgets/chart/../../../src/core/lv_obj_pos.h ****  * @note            possible values are:
  84:Middlewares/lvgl/examples/widgets/chart/../../../src/core/lv_obj_pos.h ****  *                  pixel               simple set the size accordingly
  85:Middlewares/lvgl/examples/widgets/chart/../../../src/core/lv_obj_pos.h ****  *                  LV_SIZE_CONTENT     set the size to involve all children in the given direction
  86:Middlewares/lvgl/examples/widgets/chart/../../../src/core/lv_obj_pos.h ****  *                  lv_pct(x)           to set size in percentage of the parent's content area size
  87:Middlewares/lvgl/examples/widgets/chart/../../../src/core/lv_obj_pos.h ****  *                                      x should be in [0..1000]% range
  88:Middlewares/lvgl/examples/widgets/chart/../../../src/core/lv_obj_pos.h ****  */
  89:Middlewares/lvgl/examples/widgets/chart/../../../src/core/lv_obj_pos.h **** void lv_obj_set_width(struct _lv_obj_t * obj, lv_coord_t w);
  90:Middlewares/lvgl/examples/widgets/chart/../../../src/core/lv_obj_pos.h **** 
  91:Middlewares/lvgl/examples/widgets/chart/../../../src/core/lv_obj_pos.h **** /**
  92:Middlewares/lvgl/examples/widgets/chart/../../../src/core/lv_obj_pos.h ****  * Set the height of an object
  93:Middlewares/lvgl/examples/widgets/chart/../../../src/core/lv_obj_pos.h ****  * @param obj       pointer to an object
  94:Middlewares/lvgl/examples/widgets/chart/../../../src/core/lv_obj_pos.h ****  * @param h         the new height
  95:Middlewares/lvgl/examples/widgets/chart/../../../src/core/lv_obj_pos.h ****  * @note            possible values are:
  96:Middlewares/lvgl/examples/widgets/chart/../../../src/core/lv_obj_pos.h ****  *                  pixel               simple set the size accordingly
  97:Middlewares/lvgl/examples/widgets/chart/../../../src/core/lv_obj_pos.h ****  *                  LV_SIZE_CONTENT     set the size to involve all children in the given direction
  98:Middlewares/lvgl/examples/widgets/chart/../../../src/core/lv_obj_pos.h ****  *                  lv_pct(x)           to set size in percentage of the parent's content area size
  99:Middlewares/lvgl/examples/widgets/chart/../../../src/core/lv_obj_pos.h ****  *                                      x should be in [0..1000]% range
 100:Middlewares/lvgl/examples/widgets/chart/../../../src/core/lv_obj_pos.h ****  */
 101:Middlewares/lvgl/examples/widgets/chart/../../../src/core/lv_obj_pos.h **** void lv_obj_set_height(struct _lv_obj_t * obj, lv_coord_t h);
 102:Middlewares/lvgl/examples/widgets/chart/../../../src/core/lv_obj_pos.h **** 
 103:Middlewares/lvgl/examples/widgets/chart/../../../src/core/lv_obj_pos.h **** /**
 104:Middlewares/lvgl/examples/widgets/chart/../../../src/core/lv_obj_pos.h ****  * Set the width reduced by the left and right padding and the border width.
 105:Middlewares/lvgl/examples/widgets/chart/../../../src/core/lv_obj_pos.h ****  * @param obj       pointer to an object
 106:Middlewares/lvgl/examples/widgets/chart/../../../src/core/lv_obj_pos.h ****  * @param w         the width without paddings in pixels
 107:Middlewares/lvgl/examples/widgets/chart/../../../src/core/lv_obj_pos.h ****  */
 108:Middlewares/lvgl/examples/widgets/chart/../../../src/core/lv_obj_pos.h **** void lv_obj_set_content_width(struct _lv_obj_t * obj, lv_coord_t w);
 109:Middlewares/lvgl/examples/widgets/chart/../../../src/core/lv_obj_pos.h **** 
 110:Middlewares/lvgl/examples/widgets/chart/../../../src/core/lv_obj_pos.h **** /**
 111:Middlewares/lvgl/examples/widgets/chart/../../../src/core/lv_obj_pos.h ****  * Set the height reduced by the top and bottom padding and the border width.
 112:Middlewares/lvgl/examples/widgets/chart/../../../src/core/lv_obj_pos.h ****  * @param obj       pointer to an object
 113:Middlewares/lvgl/examples/widgets/chart/../../../src/core/lv_obj_pos.h ****  * @param h         the height without paddings in pixels
 114:Middlewares/lvgl/examples/widgets/chart/../../../src/core/lv_obj_pos.h ****  */
ARM GAS  /tmp/cc85CHW6.s 			page 10


 115:Middlewares/lvgl/examples/widgets/chart/../../../src/core/lv_obj_pos.h **** void lv_obj_set_content_height(struct _lv_obj_t * obj, lv_coord_t h);
 116:Middlewares/lvgl/examples/widgets/chart/../../../src/core/lv_obj_pos.h **** 
 117:Middlewares/lvgl/examples/widgets/chart/../../../src/core/lv_obj_pos.h **** /**
 118:Middlewares/lvgl/examples/widgets/chart/../../../src/core/lv_obj_pos.h ****  * Set a layout for an object
 119:Middlewares/lvgl/examples/widgets/chart/../../../src/core/lv_obj_pos.h ****  * @param obj       pointer to an object
 120:Middlewares/lvgl/examples/widgets/chart/../../../src/core/lv_obj_pos.h ****  * @param layout    pointer to a layout descriptor to set
 121:Middlewares/lvgl/examples/widgets/chart/../../../src/core/lv_obj_pos.h ****  */
 122:Middlewares/lvgl/examples/widgets/chart/../../../src/core/lv_obj_pos.h **** void lv_obj_set_layout(struct _lv_obj_t * obj, uint32_t layout);
 123:Middlewares/lvgl/examples/widgets/chart/../../../src/core/lv_obj_pos.h **** 
 124:Middlewares/lvgl/examples/widgets/chart/../../../src/core/lv_obj_pos.h **** /**
 125:Middlewares/lvgl/examples/widgets/chart/../../../src/core/lv_obj_pos.h ****  * Test whether the and object is positioned by a layout or not
 126:Middlewares/lvgl/examples/widgets/chart/../../../src/core/lv_obj_pos.h ****  * @param obj       pointer to an object to test
 127:Middlewares/lvgl/examples/widgets/chart/../../../src/core/lv_obj_pos.h ****  * @return true:    positioned by a layout; false: not positioned by a layout
 128:Middlewares/lvgl/examples/widgets/chart/../../../src/core/lv_obj_pos.h ****  */
 129:Middlewares/lvgl/examples/widgets/chart/../../../src/core/lv_obj_pos.h **** bool lv_obj_is_layout_positioned(const struct _lv_obj_t * obj);
 130:Middlewares/lvgl/examples/widgets/chart/../../../src/core/lv_obj_pos.h **** 
 131:Middlewares/lvgl/examples/widgets/chart/../../../src/core/lv_obj_pos.h **** /**
 132:Middlewares/lvgl/examples/widgets/chart/../../../src/core/lv_obj_pos.h ****  * Mark the object for layout update.
 133:Middlewares/lvgl/examples/widgets/chart/../../../src/core/lv_obj_pos.h ****  * @param obj      pointer to an object whose children needs to be updated
 134:Middlewares/lvgl/examples/widgets/chart/../../../src/core/lv_obj_pos.h ****  */
 135:Middlewares/lvgl/examples/widgets/chart/../../../src/core/lv_obj_pos.h **** void lv_obj_mark_layout_as_dirty(struct _lv_obj_t * obj);
 136:Middlewares/lvgl/examples/widgets/chart/../../../src/core/lv_obj_pos.h **** 
 137:Middlewares/lvgl/examples/widgets/chart/../../../src/core/lv_obj_pos.h **** /**
 138:Middlewares/lvgl/examples/widgets/chart/../../../src/core/lv_obj_pos.h ****  * Update the layout of an object.
 139:Middlewares/lvgl/examples/widgets/chart/../../../src/core/lv_obj_pos.h ****  * @param obj      pointer to an object whose children needs to be updated
 140:Middlewares/lvgl/examples/widgets/chart/../../../src/core/lv_obj_pos.h ****  */
 141:Middlewares/lvgl/examples/widgets/chart/../../../src/core/lv_obj_pos.h **** void lv_obj_update_layout(const struct _lv_obj_t * obj);
 142:Middlewares/lvgl/examples/widgets/chart/../../../src/core/lv_obj_pos.h **** 
 143:Middlewares/lvgl/examples/widgets/chart/../../../src/core/lv_obj_pos.h **** /**
 144:Middlewares/lvgl/examples/widgets/chart/../../../src/core/lv_obj_pos.h ****  * Regsiter a new layout
 145:Middlewares/lvgl/examples/widgets/chart/../../../src/core/lv_obj_pos.h ****  * @param cb        the layout update callback
 146:Middlewares/lvgl/examples/widgets/chart/../../../src/core/lv_obj_pos.h ****  * @param user_data custom data that will be passed to `cb`
 147:Middlewares/lvgl/examples/widgets/chart/../../../src/core/lv_obj_pos.h ****  * @return          the ID of the new layout
 148:Middlewares/lvgl/examples/widgets/chart/../../../src/core/lv_obj_pos.h ****  */
 149:Middlewares/lvgl/examples/widgets/chart/../../../src/core/lv_obj_pos.h **** uint32_t lv_layout_register(lv_layout_update_cb_t cb, void * user_data);
 150:Middlewares/lvgl/examples/widgets/chart/../../../src/core/lv_obj_pos.h **** 
 151:Middlewares/lvgl/examples/widgets/chart/../../../src/core/lv_obj_pos.h **** /**
 152:Middlewares/lvgl/examples/widgets/chart/../../../src/core/lv_obj_pos.h ****  * Change the alignment of an object.
 153:Middlewares/lvgl/examples/widgets/chart/../../../src/core/lv_obj_pos.h ****  * @param obj       pointer to an object to align
 154:Middlewares/lvgl/examples/widgets/chart/../../../src/core/lv_obj_pos.h ****  * @param align     type of alignment (see 'lv_align_t' enum) `LV_ALIGN_OUT_...` can't be used.
 155:Middlewares/lvgl/examples/widgets/chart/../../../src/core/lv_obj_pos.h ****  */
 156:Middlewares/lvgl/examples/widgets/chart/../../../src/core/lv_obj_pos.h **** void lv_obj_set_align(struct _lv_obj_t * obj, lv_align_t align);
 157:Middlewares/lvgl/examples/widgets/chart/../../../src/core/lv_obj_pos.h **** 
 158:Middlewares/lvgl/examples/widgets/chart/../../../src/core/lv_obj_pos.h **** /**
 159:Middlewares/lvgl/examples/widgets/chart/../../../src/core/lv_obj_pos.h ****  * Change the alignment of an object and set new coordinates.
 160:Middlewares/lvgl/examples/widgets/chart/../../../src/core/lv_obj_pos.h ****  * Equivalent to:
 161:Middlewares/lvgl/examples/widgets/chart/../../../src/core/lv_obj_pos.h ****  * lv_obj_set_align(obj, align);
 162:Middlewares/lvgl/examples/widgets/chart/../../../src/core/lv_obj_pos.h ****  * lv_obj_set_pos(obj, x_ofs, y_ofs);
 163:Middlewares/lvgl/examples/widgets/chart/../../../src/core/lv_obj_pos.h ****  * @param obj       pointer to an object to align
 164:Middlewares/lvgl/examples/widgets/chart/../../../src/core/lv_obj_pos.h ****  * @param align     type of alignment (see 'lv_align_t' enum) `LV_ALIGN_OUT_...` can't be used.
 165:Middlewares/lvgl/examples/widgets/chart/../../../src/core/lv_obj_pos.h ****  * @param x_ofs     x coordinate offset after alignment
 166:Middlewares/lvgl/examples/widgets/chart/../../../src/core/lv_obj_pos.h ****  * @param y_ofs     y coordinate offset after alignment
 167:Middlewares/lvgl/examples/widgets/chart/../../../src/core/lv_obj_pos.h ****  */
 168:Middlewares/lvgl/examples/widgets/chart/../../../src/core/lv_obj_pos.h **** void lv_obj_align(struct _lv_obj_t * obj, lv_align_t align, lv_coord_t x_ofs, lv_coord_t y_ofs);
 169:Middlewares/lvgl/examples/widgets/chart/../../../src/core/lv_obj_pos.h **** 
 170:Middlewares/lvgl/examples/widgets/chart/../../../src/core/lv_obj_pos.h **** /**
 171:Middlewares/lvgl/examples/widgets/chart/../../../src/core/lv_obj_pos.h ****  * Align an object to an other object.
ARM GAS  /tmp/cc85CHW6.s 			page 11


 172:Middlewares/lvgl/examples/widgets/chart/../../../src/core/lv_obj_pos.h ****  * @param obj       pointer to an object to align
 173:Middlewares/lvgl/examples/widgets/chart/../../../src/core/lv_obj_pos.h ****  * @param base      pointer to an other object (if NULL `obj`s parent is used). 'obj' will be align
 174:Middlewares/lvgl/examples/widgets/chart/../../../src/core/lv_obj_pos.h ****  * @param align     type of alignment (see 'lv_align_t' enum)
 175:Middlewares/lvgl/examples/widgets/chart/../../../src/core/lv_obj_pos.h ****  * @param x_ofs     x coordinate offset after alignment
 176:Middlewares/lvgl/examples/widgets/chart/../../../src/core/lv_obj_pos.h ****  * @param y_ofs     y coordinate offset after alignment
 177:Middlewares/lvgl/examples/widgets/chart/../../../src/core/lv_obj_pos.h ****  * @note            if the position or size of `base` changes `obj` needs to be aligned manually ag
 178:Middlewares/lvgl/examples/widgets/chart/../../../src/core/lv_obj_pos.h ****  */
 179:Middlewares/lvgl/examples/widgets/chart/../../../src/core/lv_obj_pos.h **** void lv_obj_align_to(struct _lv_obj_t * obj, const struct _lv_obj_t * base, lv_align_t align, lv_co
 180:Middlewares/lvgl/examples/widgets/chart/../../../src/core/lv_obj_pos.h **** 
 181:Middlewares/lvgl/examples/widgets/chart/../../../src/core/lv_obj_pos.h **** /**
 182:Middlewares/lvgl/examples/widgets/chart/../../../src/core/lv_obj_pos.h ****  * Align an object to the center on its parent.
 183:Middlewares/lvgl/examples/widgets/chart/../../../src/core/lv_obj_pos.h ****  * @param obj       pointer to an object to align
 184:Middlewares/lvgl/examples/widgets/chart/../../../src/core/lv_obj_pos.h ****  * @note            if the parent size changes `obj` needs to be aligned manually again
 185:Middlewares/lvgl/examples/widgets/chart/../../../src/core/lv_obj_pos.h ****  */
 186:Middlewares/lvgl/examples/widgets/chart/../../../src/core/lv_obj_pos.h **** static inline void lv_obj_center(struct _lv_obj_t * obj)
 203              		.loc 3 186 20 view .LVU28
 204              	.LBB12:
 187:Middlewares/lvgl/examples/widgets/chart/../../../src/core/lv_obj_pos.h **** {
 188:Middlewares/lvgl/examples/widgets/chart/../../../src/core/lv_obj_pos.h ****     lv_obj_align(obj, LV_ALIGN_CENTER, 0, 0);
 205              		.loc 3 188 5 view .LVU29
 206 001c 0023     		movs	r3, #0
 207 001e 1A46     		mov	r2, r3
 208 0020 0921     		movs	r1, #9
 209 0022 2046     		mov	r0, r4
 210 0024 FFF7FEFF 		bl	lv_obj_align
 211              	.LVL11:
 212              		.loc 3 188 5 is_stmt 0 view .LVU30
 213              	.LBE12:
 214              	.LBE11:
  23:Middlewares/lvgl/examples/widgets/chart/lv_example_chart_3.c ****     lv_chart_set_type(chart, LV_CHART_TYPE_BAR);
 215              		.loc 1 23 5 is_stmt 1 view .LVU31
 216 0028 0221     		movs	r1, #2
 217 002a 2046     		mov	r0, r4
 218 002c FFF7FEFF 		bl	lv_chart_set_type
 219              	.LVL12:
  24:Middlewares/lvgl/examples/widgets/chart/lv_example_chart_3.c ****     lv_chart_set_range(chart, LV_CHART_AXIS_PRIMARY_Y, 0, 100);
 220              		.loc 1 24 5 view .LVU32
 221 0030 6423     		movs	r3, #100
 222 0032 0022     		movs	r2, #0
 223 0034 1146     		mov	r1, r2
 224 0036 2046     		mov	r0, r4
 225 0038 FFF7FEFF 		bl	lv_chart_set_range
 226              	.LVL13:
  25:Middlewares/lvgl/examples/widgets/chart/lv_example_chart_3.c ****     lv_chart_set_range(chart, LV_CHART_AXIS_SECONDARY_Y, 0, 400);
 227              		.loc 1 25 5 view .LVU33
 228 003c 4FF4C873 		mov	r3, #400
 229 0040 0022     		movs	r2, #0
 230 0042 0121     		movs	r1, #1
 231 0044 2046     		mov	r0, r4
 232 0046 FFF7FEFF 		bl	lv_chart_set_range
 233              	.LVL14:
  26:Middlewares/lvgl/examples/widgets/chart/lv_example_chart_3.c ****     lv_chart_set_point_count(chart, 12);
 234              		.loc 1 26 5 view .LVU34
 235 004a 0C21     		movs	r1, #12
 236 004c 2046     		mov	r0, r4
 237 004e FFF7FEFF 		bl	lv_chart_set_point_count
 238              	.LVL15:
ARM GAS  /tmp/cc85CHW6.s 			page 12


  27:Middlewares/lvgl/examples/widgets/chart/lv_example_chart_3.c ****     lv_obj_add_event_cb(chart, draw_event_cb, LV_EVENT_DRAW_PART_BEGIN, NULL);
 239              		.loc 1 27 5 view .LVU35
 240 0052 0023     		movs	r3, #0
 241 0054 1A22     		movs	r2, #26
 242 0056 5149     		ldr	r1, .L9
 243 0058 2046     		mov	r0, r4
 244 005a FFF7FEFF 		bl	lv_obj_add_event_cb
 245              	.LVL16:
  28:Middlewares/lvgl/examples/widgets/chart/lv_example_chart_3.c **** 
  29:Middlewares/lvgl/examples/widgets/chart/lv_example_chart_3.c ****     /*Add ticks and label to every axis*/
  30:Middlewares/lvgl/examples/widgets/chart/lv_example_chart_3.c ****     lv_chart_set_axis_tick(chart, LV_CHART_AXIS_PRIMARY_X, 10, 5, 12, 3, true, 40);
 246              		.loc 1 30 5 view .LVU36
 247 005e 2823     		movs	r3, #40
 248 0060 0393     		str	r3, [sp, #12]
 249 0062 0126     		movs	r6, #1
 250 0064 0296     		str	r6, [sp, #8]
 251 0066 0325     		movs	r5, #3
 252 0068 0195     		str	r5, [sp, #4]
 253 006a 0C23     		movs	r3, #12
 254 006c 0093     		str	r3, [sp]
 255 006e 0523     		movs	r3, #5
 256 0070 0A22     		movs	r2, #10
 257 0072 0221     		movs	r1, #2
 258 0074 2046     		mov	r0, r4
 259 0076 FFF7FEFF 		bl	lv_chart_set_axis_tick
 260              	.LVL17:
  31:Middlewares/lvgl/examples/widgets/chart/lv_example_chart_3.c ****     lv_chart_set_axis_tick(chart, LV_CHART_AXIS_PRIMARY_Y, 10, 5, 6, 2, true, 50);
 261              		.loc 1 31 5 view .LVU37
 262 007a 4FF03208 		mov	r8, #50
 263 007e CDF80C80 		str	r8, [sp, #12]
 264 0082 0296     		str	r6, [sp, #8]
 265 0084 0227     		movs	r7, #2
 266 0086 0197     		str	r7, [sp, #4]
 267 0088 0623     		movs	r3, #6
 268 008a 0093     		str	r3, [sp]
 269 008c 0523     		movs	r3, #5
 270 008e 0A22     		movs	r2, #10
 271 0090 0021     		movs	r1, #0
 272 0092 2046     		mov	r0, r4
 273 0094 FFF7FEFF 		bl	lv_chart_set_axis_tick
 274              	.LVL18:
  32:Middlewares/lvgl/examples/widgets/chart/lv_example_chart_3.c ****     lv_chart_set_axis_tick(chart, LV_CHART_AXIS_SECONDARY_Y, 10, 5, 3, 4, true, 50);
 275              		.loc 1 32 5 view .LVU38
 276 0098 CDF80C80 		str	r8, [sp, #12]
 277 009c 0296     		str	r6, [sp, #8]
 278 009e 0423     		movs	r3, #4
 279 00a0 0193     		str	r3, [sp, #4]
 280 00a2 0095     		str	r5, [sp]
 281 00a4 0523     		movs	r3, #5
 282 00a6 0A22     		movs	r2, #10
 283 00a8 3146     		mov	r1, r6
 284 00aa 2046     		mov	r0, r4
 285 00ac FFF7FEFF 		bl	lv_chart_set_axis_tick
 286              	.LVL19:
  33:Middlewares/lvgl/examples/widgets/chart/lv_example_chart_3.c **** 
  34:Middlewares/lvgl/examples/widgets/chart/lv_example_chart_3.c ****     /*Zoom in a little in X*/
  35:Middlewares/lvgl/examples/widgets/chart/lv_example_chart_3.c ****     lv_chart_set_zoom_x(chart, 800);
ARM GAS  /tmp/cc85CHW6.s 			page 13


 287              		.loc 1 35 5 view .LVU39
 288 00b0 4FF44871 		mov	r1, #800
 289 00b4 2046     		mov	r0, r4
 290 00b6 FFF7FEFF 		bl	lv_chart_set_zoom_x
 291              	.LVL20:
  36:Middlewares/lvgl/examples/widgets/chart/lv_example_chart_3.c **** 
  37:Middlewares/lvgl/examples/widgets/chart/lv_example_chart_3.c ****     /*Add two data series*/
  38:Middlewares/lvgl/examples/widgets/chart/lv_example_chart_3.c ****     lv_chart_series_t * ser1 = lv_chart_add_series(chart, lv_palette_lighten(LV_PALETTE_GREEN, 2), 
 292              		.loc 1 38 5 view .LVU40
 293              		.loc 1 38 32 is_stmt 0 view .LVU41
 294 00ba 3946     		mov	r1, r7
 295 00bc 0920     		movs	r0, #9
 296 00be FFF7FEFF 		bl	lv_palette_lighten
 297              	.LVL21:
 298 00c2 0146     		mov	r1, r0	@ movhi
 299 00c4 0022     		movs	r2, #0
 300 00c6 2046     		mov	r0, r4
 301 00c8 FFF7FEFF 		bl	lv_chart_add_series
 302              	.LVL22:
 303 00cc 0546     		mov	r5, r0
 304              	.LVL23:
  39:Middlewares/lvgl/examples/widgets/chart/lv_example_chart_3.c ****     lv_chart_series_t * ser2 = lv_chart_add_series(chart, lv_palette_darken(LV_PALETTE_GREEN, 2), L
 305              		.loc 1 39 5 is_stmt 1 view .LVU42
 306              		.loc 1 39 32 is_stmt 0 view .LVU43
 307 00ce 3946     		mov	r1, r7
 308 00d0 0920     		movs	r0, #9
 309              	.LVL24:
 310              		.loc 1 39 32 view .LVU44
 311 00d2 FFF7FEFF 		bl	lv_palette_darken
 312              	.LVL25:
 313 00d6 0146     		mov	r1, r0	@ movhi
 314 00d8 3246     		mov	r2, r6
 315 00da 2046     		mov	r0, r4
 316 00dc FFF7FEFF 		bl	lv_chart_add_series
 317              	.LVL26:
 318 00e0 0646     		mov	r6, r0
 319              	.LVL27:
  40:Middlewares/lvgl/examples/widgets/chart/lv_example_chart_3.c **** 
  41:Middlewares/lvgl/examples/widgets/chart/lv_example_chart_3.c ****     /*Set the next points on 'ser1'*/
  42:Middlewares/lvgl/examples/widgets/chart/lv_example_chart_3.c ****     lv_chart_set_next_value(chart, ser1, 31);
 320              		.loc 1 42 5 is_stmt 1 view .LVU45
 321 00e2 1F22     		movs	r2, #31
 322 00e4 2946     		mov	r1, r5
 323 00e6 2046     		mov	r0, r4
 324              	.LVL28:
 325              		.loc 1 42 5 is_stmt 0 view .LVU46
 326 00e8 FFF7FEFF 		bl	lv_chart_set_next_value
 327              	.LVL29:
  43:Middlewares/lvgl/examples/widgets/chart/lv_example_chart_3.c ****     lv_chart_set_next_value(chart, ser1, 66);
 328              		.loc 1 43 5 is_stmt 1 view .LVU47
 329 00ec 4222     		movs	r2, #66
 330 00ee 2946     		mov	r1, r5
 331 00f0 2046     		mov	r0, r4
 332 00f2 FFF7FEFF 		bl	lv_chart_set_next_value
 333              	.LVL30:
  44:Middlewares/lvgl/examples/widgets/chart/lv_example_chart_3.c ****     lv_chart_set_next_value(chart, ser1, 10);
 334              		.loc 1 44 5 view .LVU48
ARM GAS  /tmp/cc85CHW6.s 			page 14


 335 00f6 0A22     		movs	r2, #10
 336 00f8 2946     		mov	r1, r5
 337 00fa 2046     		mov	r0, r4
 338 00fc FFF7FEFF 		bl	lv_chart_set_next_value
 339              	.LVL31:
  45:Middlewares/lvgl/examples/widgets/chart/lv_example_chart_3.c ****     lv_chart_set_next_value(chart, ser1, 89);
 340              		.loc 1 45 5 view .LVU49
 341 0100 5922     		movs	r2, #89
 342 0102 2946     		mov	r1, r5
 343 0104 2046     		mov	r0, r4
 344 0106 FFF7FEFF 		bl	lv_chart_set_next_value
 345              	.LVL32:
  46:Middlewares/lvgl/examples/widgets/chart/lv_example_chart_3.c ****     lv_chart_set_next_value(chart, ser1, 63);
 346              		.loc 1 46 5 view .LVU50
 347 010a 3F22     		movs	r2, #63
 348 010c 2946     		mov	r1, r5
 349 010e 2046     		mov	r0, r4
 350 0110 FFF7FEFF 		bl	lv_chart_set_next_value
 351              	.LVL33:
  47:Middlewares/lvgl/examples/widgets/chart/lv_example_chart_3.c ****     lv_chart_set_next_value(chart, ser1, 56);
 352              		.loc 1 47 5 view .LVU51
 353 0114 3822     		movs	r2, #56
 354 0116 2946     		mov	r1, r5
 355 0118 2046     		mov	r0, r4
 356 011a FFF7FEFF 		bl	lv_chart_set_next_value
 357              	.LVL34:
  48:Middlewares/lvgl/examples/widgets/chart/lv_example_chart_3.c ****     lv_chart_set_next_value(chart, ser1, 32);
 358              		.loc 1 48 5 view .LVU52
 359 011e 2022     		movs	r2, #32
 360 0120 2946     		mov	r1, r5
 361 0122 2046     		mov	r0, r4
 362 0124 FFF7FEFF 		bl	lv_chart_set_next_value
 363              	.LVL35:
  49:Middlewares/lvgl/examples/widgets/chart/lv_example_chart_3.c ****     lv_chart_set_next_value(chart, ser1, 35);
 364              		.loc 1 49 5 view .LVU53
 365 0128 2322     		movs	r2, #35
 366 012a 2946     		mov	r1, r5
 367 012c 2046     		mov	r0, r4
 368 012e FFF7FEFF 		bl	lv_chart_set_next_value
 369              	.LVL36:
  50:Middlewares/lvgl/examples/widgets/chart/lv_example_chart_3.c ****     lv_chart_set_next_value(chart, ser1, 57);
 370              		.loc 1 50 5 view .LVU54
 371 0132 3922     		movs	r2, #57
 372 0134 2946     		mov	r1, r5
 373 0136 2046     		mov	r0, r4
 374 0138 FFF7FEFF 		bl	lv_chart_set_next_value
 375              	.LVL37:
  51:Middlewares/lvgl/examples/widgets/chart/lv_example_chart_3.c ****     lv_chart_set_next_value(chart, ser1, 85);
 376              		.loc 1 51 5 view .LVU55
 377 013c 5522     		movs	r2, #85
 378 013e 2946     		mov	r1, r5
 379 0140 2046     		mov	r0, r4
 380 0142 FFF7FEFF 		bl	lv_chart_set_next_value
 381              	.LVL38:
  52:Middlewares/lvgl/examples/widgets/chart/lv_example_chart_3.c ****     lv_chart_set_next_value(chart, ser1, 22);
 382              		.loc 1 52 5 view .LVU56
 383 0146 1622     		movs	r2, #22
ARM GAS  /tmp/cc85CHW6.s 			page 15


 384 0148 2946     		mov	r1, r5
 385 014a 2046     		mov	r0, r4
 386 014c FFF7FEFF 		bl	lv_chart_set_next_value
 387              	.LVL39:
  53:Middlewares/lvgl/examples/widgets/chart/lv_example_chart_3.c ****     lv_chart_set_next_value(chart, ser1, 58);
 388              		.loc 1 53 5 view .LVU57
 389 0150 3A22     		movs	r2, #58
 390 0152 2946     		mov	r1, r5
 391 0154 2046     		mov	r0, r4
 392 0156 FFF7FEFF 		bl	lv_chart_set_next_value
 393              	.LVL40:
  54:Middlewares/lvgl/examples/widgets/chart/lv_example_chart_3.c **** 
  55:Middlewares/lvgl/examples/widgets/chart/lv_example_chart_3.c ****     lv_coord_t * ser2_array =  lv_chart_get_y_array(chart, ser2);
 394              		.loc 1 55 5 view .LVU58
 395              		.loc 1 55 32 is_stmt 0 view .LVU59
 396 015a 3146     		mov	r1, r6
 397 015c 2046     		mov	r0, r4
 398 015e FFF7FEFF 		bl	lv_chart_get_y_array
 399              	.LVL41:
  56:Middlewares/lvgl/examples/widgets/chart/lv_example_chart_3.c ****     /*Directly set points on 'ser2'*/
  57:Middlewares/lvgl/examples/widgets/chart/lv_example_chart_3.c ****     ser2_array[0] = 92;
 400              		.loc 1 57 5 is_stmt 1 view .LVU60
 401              		.loc 1 57 19 is_stmt 0 view .LVU61
 402 0162 5C23     		movs	r3, #92
 403 0164 0380     		strh	r3, [r0]	@ movhi
  58:Middlewares/lvgl/examples/widgets/chart/lv_example_chart_3.c ****     ser2_array[1] = 71;
 404              		.loc 1 58 5 is_stmt 1 view .LVU62
 405              		.loc 1 58 19 is_stmt 0 view .LVU63
 406 0166 4723     		movs	r3, #71
 407 0168 4380     		strh	r3, [r0, #2]	@ movhi
  59:Middlewares/lvgl/examples/widgets/chart/lv_example_chart_3.c ****     ser2_array[2] = 61;
 408              		.loc 1 59 5 is_stmt 1 view .LVU64
 409              		.loc 1 59 19 is_stmt 0 view .LVU65
 410 016a 3D23     		movs	r3, #61
 411 016c 8380     		strh	r3, [r0, #4]	@ movhi
  60:Middlewares/lvgl/examples/widgets/chart/lv_example_chart_3.c ****     ser2_array[3] = 15;
 412              		.loc 1 60 5 is_stmt 1 view .LVU66
 413              		.loc 1 60 19 is_stmt 0 view .LVU67
 414 016e 0F23     		movs	r3, #15
 415 0170 C380     		strh	r3, [r0, #6]	@ movhi
  61:Middlewares/lvgl/examples/widgets/chart/lv_example_chart_3.c ****     ser2_array[4] = 21;
 416              		.loc 1 61 5 is_stmt 1 view .LVU68
 417              		.loc 1 61 19 is_stmt 0 view .LVU69
 418 0172 1523     		movs	r3, #21
 419 0174 0381     		strh	r3, [r0, #8]	@ movhi
  62:Middlewares/lvgl/examples/widgets/chart/lv_example_chart_3.c ****     ser2_array[5] = 35;
 420              		.loc 1 62 5 is_stmt 1 view .LVU70
 421              		.loc 1 62 19 is_stmt 0 view .LVU71
 422 0176 2323     		movs	r3, #35
 423 0178 4381     		strh	r3, [r0, #10]	@ movhi
  63:Middlewares/lvgl/examples/widgets/chart/lv_example_chart_3.c ****     ser2_array[6] = 35;
 424              		.loc 1 63 5 is_stmt 1 view .LVU72
 425              		.loc 1 63 19 is_stmt 0 view .LVU73
 426 017a 8381     		strh	r3, [r0, #12]	@ movhi
  64:Middlewares/lvgl/examples/widgets/chart/lv_example_chart_3.c ****     ser2_array[7] = 58;
 427              		.loc 1 64 5 is_stmt 1 view .LVU74
 428              		.loc 1 64 19 is_stmt 0 view .LVU75
ARM GAS  /tmp/cc85CHW6.s 			page 16


 429 017c 3A23     		movs	r3, #58
 430 017e C381     		strh	r3, [r0, #14]	@ movhi
  65:Middlewares/lvgl/examples/widgets/chart/lv_example_chart_3.c ****     ser2_array[8] = 31;
 431              		.loc 1 65 5 is_stmt 1 view .LVU76
 432              		.loc 1 65 19 is_stmt 0 view .LVU77
 433 0180 1F23     		movs	r3, #31
 434 0182 0382     		strh	r3, [r0, #16]	@ movhi
  66:Middlewares/lvgl/examples/widgets/chart/lv_example_chart_3.c ****     ser2_array[9] = 53;
 435              		.loc 1 66 5 is_stmt 1 view .LVU78
 436              		.loc 1 66 19 is_stmt 0 view .LVU79
 437 0184 3523     		movs	r3, #53
 438 0186 4382     		strh	r3, [r0, #18]	@ movhi
  67:Middlewares/lvgl/examples/widgets/chart/lv_example_chart_3.c ****     ser2_array[10] = 33;
 439              		.loc 1 67 5 is_stmt 1 view .LVU80
 440              		.loc 1 67 20 is_stmt 0 view .LVU81
 441 0188 2123     		movs	r3, #33
 442 018a 8382     		strh	r3, [r0, #20]	@ movhi
  68:Middlewares/lvgl/examples/widgets/chart/lv_example_chart_3.c ****     ser2_array[11] = 73;
 443              		.loc 1 68 5 is_stmt 1 view .LVU82
 444              		.loc 1 68 20 is_stmt 0 view .LVU83
 445 018c 4923     		movs	r3, #73
 446 018e C382     		strh	r3, [r0, #22]	@ movhi
  69:Middlewares/lvgl/examples/widgets/chart/lv_example_chart_3.c **** 
  70:Middlewares/lvgl/examples/widgets/chart/lv_example_chart_3.c ****     lv_chart_refresh(chart); /*Required after direct set*/
 447              		.loc 1 70 5 is_stmt 1 view .LVU84
 448 0190 2046     		mov	r0, r4
 449              	.LVL42:
 450              		.loc 1 70 5 is_stmt 0 view .LVU85
 451 0192 FFF7FEFF 		bl	lv_chart_refresh
 452              	.LVL43:
  71:Middlewares/lvgl/examples/widgets/chart/lv_example_chart_3.c **** }
 453              		.loc 1 71 1 view .LVU86
 454 0196 04B0     		add	sp, sp, #16
 455              	.LCFI6:
 456              		.cfi_def_cfa_offset 24
 457              		@ sp needed
 458 0198 BDE8F081 		pop	{r4, r5, r6, r7, r8, pc}
 459              	.LVL44:
 460              	.L10:
 461              		.loc 1 71 1 view .LVU87
 462              		.align	2
 463              	.L9:
 464 019c 00000000 		.word	draw_event_cb
 465              		.cfi_endproc
 466              	.LFE185:
 468              		.section	.rodata
 469              		.align	2
 470              		.set	.LANCHOR0,. + 0
 471              	.LC13:
 472 0000 00000000 		.word	.LC0
 473 0004 04000000 		.word	.LC1
 474 0008 0C000000 		.word	.LC2
 475 000c 14000000 		.word	.LC3
 476 0010 18000000 		.word	.LC4
 477 0014 1C000000 		.word	.LC5
 478 0018 20000000 		.word	.LC6
 479 001c 28000000 		.word	.LC7
ARM GAS  /tmp/cc85CHW6.s 			page 17


 480 0020 2C000000 		.word	.LC8
 481 0024 34000000 		.word	.LC9
 482 0028 38000000 		.word	.LC10
 483 002c 3C000000 		.word	.LC11
 484              		.text
 485              	.Letext0:
 486              		.file 4 "/home/akinya/gcc-arm-none-eabi/arm-none-eabi/include/machine/_default_types.h"
 487              		.file 5 "/home/akinya/gcc-arm-none-eabi/arm-none-eabi/include/sys/_stdint.h"
 488              		.file 6 "Middlewares/lvgl/examples/widgets/chart/../../../src/misc/lv_ll.h"
 489              		.file 7 "Middlewares/lvgl/examples/widgets/chart/../../../src/hal/../misc/lv_color.h"
 490              		.file 8 "Middlewares/lvgl/examples/widgets/chart/../../../src/hal/../misc/lv_area.h"
 491              		.file 9 "Middlewares/lvgl/examples/widgets/chart/../../../src/core/lv_obj.h"
 492              		.file 10 "Middlewares/lvgl/examples/widgets/chart/../../../src/core/lv_group.h"
 493              		.file 11 "Middlewares/lvgl/examples/widgets/chart/../../../src/core/../misc/../font/lv_font.h"
 494              		.file 12 "Middlewares/lvgl/examples/widgets/chart/../../../src/core/../misc/lv_txt.h"
 495              		.file 13 "Middlewares/lvgl/examples/widgets/chart/../../../src/core/../misc/lv_bidi.h"
 496              		.file 14 "Middlewares/lvgl/examples/widgets/chart/../../../src/core/../misc/lv_style.h"
 497              		.file 15 "Middlewares/lvgl/examples/widgets/chart/../../../src/core/lv_obj_scroll.h"
 498              		.file 16 "Middlewares/lvgl/examples/widgets/chart/../../../src/core/lv_obj_style.h"
 499              		.file 17 "Middlewares/lvgl/examples/widgets/chart/../../../src/core/../draw/lv_draw_rect.h"
 500              		.file 18 "Middlewares/lvgl/examples/widgets/chart/../../../src/core/../draw/lv_draw_label.h"
 501              		.file 19 "Middlewares/lvgl/examples/widgets/chart/../../../src/core/../draw/lv_draw_img.h"
 502              		.file 20 "Middlewares/lvgl/examples/widgets/chart/../../../src/core/../draw/lv_draw_line.h"
 503              		.file 21 "Middlewares/lvgl/examples/widgets/chart/../../../src/core/../draw/lv_draw_arc.h"
 504              		.file 22 "Middlewares/lvgl/examples/widgets/chart/../../../src/core/lv_obj_draw.h"
 505              		.file 23 "Middlewares/lvgl/examples/widgets/chart/../../../src/core/lv_obj_class.h"
 506              		.file 24 "Middlewares/lvgl/examples/widgets/chart/../../../src/core/lv_event.h"
 507              		.file 25 "Middlewares/lvgl/examples/widgets/chart/../../../src/extra/widgets/chart/lv_chart.h"
 508              		.file 26 "Middlewares/lvgl/examples/widgets/chart/../../../src/hal/lv_hal_disp.h"
 509              		.file 27 "Middlewares/lvgl/examples/widgets/chart/../../../src/core/../misc/lv_printf.h"
ARM GAS  /tmp/cc85CHW6.s 			page 18


DEFINED SYMBOLS
                            *ABS*:0000000000000000 lv_example_chart_3.c
     /tmp/cc85CHW6.s:13     .rodata.str1.4:0000000000000000 $d
     /tmp/cc85CHW6.s:53     .rodata.draw_event_cb.str1.4:0000000000000000 $d
     /tmp/cc85CHW6.s:57     .text.draw_event_cb:0000000000000000 $t
     /tmp/cc85CHW6.s:64     .text.draw_event_cb:0000000000000000 draw_event_cb
     /tmp/cc85CHW6.s:143    .text.draw_event_cb:0000000000000050 $d
     /tmp/cc85CHW6.s:149    .text.lv_example_chart_3:0000000000000000 $t
     /tmp/cc85CHW6.s:156    .text.lv_example_chart_3:0000000000000000 lv_example_chart_3
     /tmp/cc85CHW6.s:464    .text.lv_example_chart_3:000000000000019c $d
     /tmp/cc85CHW6.s:469    .rodata:0000000000000000 $d

UNDEFINED SYMBOLS
lv_event_get_param
lv_snprintf
lv_disp_get_default
lv_disp_get_scr_act
lv_chart_create
lv_obj_set_size
lv_obj_align
lv_chart_set_type
lv_chart_set_range
lv_chart_set_point_count
lv_obj_add_event_cb
lv_chart_set_axis_tick
lv_chart_set_zoom_x
lv_palette_lighten
lv_chart_add_series
lv_palette_darken
lv_chart_set_next_value
lv_chart_get_y_array
lv_chart_refresh
