ARM GAS  /tmp/cc3JtOlJ.s 			page 1


   1              		.cpu cortex-m3
   2              		.eabi_attribute 20, 1
   3              		.eabi_attribute 21, 1
   4              		.eabi_attribute 23, 3
   5              		.eabi_attribute 24, 1
   6              		.eabi_attribute 25, 1
   7              		.eabi_attribute 26, 1
   8              		.eabi_attribute 30, 1
   9              		.eabi_attribute 34, 1
  10              		.eabi_attribute 18, 4
  11              		.file	"lv_example_flex_2.c"
  12              		.text
  13              	.Ltext0:
  14              		.cfi_sections	.debug_frame
  15              		.section	.rodata.lv_example_flex_2.str1.4,"aMS",%progbits,1
  16              		.align	2
  17              	.LC0:
  18 0000 256400   		.ascii	"%d\000"
  19              		.section	.text.lv_example_flex_2,"ax",%progbits
  20              		.align	1
  21              		.global	lv_example_flex_2
  22              		.arch armv7-m
  23              		.syntax unified
  24              		.thumb
  25              		.thumb_func
  26              		.fpu softvfp
  28              	lv_example_flex_2:
  29              	.LFB184:
  30              		.file 1 "Middlewares/lvgl/examples/layouts/flex/lv_example_flex_2.c"
   1:Middlewares/lvgl/examples/layouts/flex/lv_example_flex_2.c **** #include "../../lv_examples.h"
   2:Middlewares/lvgl/examples/layouts/flex/lv_example_flex_2.c **** #if LV_USE_FLEX && LV_BUILD_EXAMPLES
   3:Middlewares/lvgl/examples/layouts/flex/lv_example_flex_2.c **** 
   4:Middlewares/lvgl/examples/layouts/flex/lv_example_flex_2.c **** /**
   5:Middlewares/lvgl/examples/layouts/flex/lv_example_flex_2.c ****  * Arrange items in rows with wrap and place the items to get even space around them.
   6:Middlewares/lvgl/examples/layouts/flex/lv_example_flex_2.c ****  */
   7:Middlewares/lvgl/examples/layouts/flex/lv_example_flex_2.c **** void lv_example_flex_2(void)
   8:Middlewares/lvgl/examples/layouts/flex/lv_example_flex_2.c **** {
  31              		.loc 1 8 1 view -0
  32              		.cfi_startproc
  33              		@ args = 0, pretend = 0, frame = 0
  34              		@ frame_needed = 0, uses_anonymous_args = 0
  35 0000 70B5     		push	{r4, r5, r6, lr}
  36              	.LCFI0:
  37              		.cfi_def_cfa_offset 16
  38              		.cfi_offset 4, -16
  39              		.cfi_offset 5, -12
  40              		.cfi_offset 6, -8
  41              		.cfi_offset 14, -4
   9:Middlewares/lvgl/examples/layouts/flex/lv_example_flex_2.c ****     static lv_style_t style;
  42              		.loc 1 9 5 view .LVU1
  10:Middlewares/lvgl/examples/layouts/flex/lv_example_flex_2.c ****     lv_style_init(&style);
  43              		.loc 1 10 5 view .LVU2
  44 0002 224C     		ldr	r4, .L5
  45 0004 2046     		mov	r0, r4
  46 0006 FFF7FEFF 		bl	lv_style_init
  47              	.LVL0:
  11:Middlewares/lvgl/examples/layouts/flex/lv_example_flex_2.c ****     lv_style_set_flex_flow(&style, LV_FLEX_FLOW_ROW_WRAP);
ARM GAS  /tmp/cc3JtOlJ.s 			page 2


  48              		.loc 1 11 5 view .LVU3
  49 000a 0421     		movs	r1, #4
  50 000c 2046     		mov	r0, r4
  51 000e FFF7FEFF 		bl	lv_style_set_flex_flow
  52              	.LVL1:
  12:Middlewares/lvgl/examples/layouts/flex/lv_example_flex_2.c ****     lv_style_set_flex_main_place(&style, LV_FLEX_ALIGN_SPACE_EVENLY);
  53              		.loc 1 12 5 view .LVU4
  54 0012 0321     		movs	r1, #3
  55 0014 2046     		mov	r0, r4
  56 0016 FFF7FEFF 		bl	lv_style_set_flex_main_place
  57              	.LVL2:
  13:Middlewares/lvgl/examples/layouts/flex/lv_example_flex_2.c ****     lv_style_set_layout(&style, LV_LAYOUT_FLEX);
  58              		.loc 1 13 5 view .LVU5
  59 001a 1D4B     		ldr	r3, .L5+4
  60 001c 1988     		ldrh	r1, [r3]
  61 001e 2046     		mov	r0, r4
  62 0020 FFF7FEFF 		bl	lv_style_set_layout
  63              	.LVL3:
  14:Middlewares/lvgl/examples/layouts/flex/lv_example_flex_2.c **** 
  15:Middlewares/lvgl/examples/layouts/flex/lv_example_flex_2.c ****     lv_obj_t * cont = lv_obj_create(lv_scr_act());
  64              		.loc 1 15 5 view .LVU6
  65              	.LBB14:
  66              	.LBI14:
  67              		.file 2 "Middlewares/lvgl/examples/layouts/flex/../../../src/core/lv_disp.h"
   1:Middlewares/lvgl/examples/layouts/flex/../../../src/core/lv_disp.h **** /**
   2:Middlewares/lvgl/examples/layouts/flex/../../../src/core/lv_disp.h ****  * @file lv_disp.h
   3:Middlewares/lvgl/examples/layouts/flex/../../../src/core/lv_disp.h ****  *
   4:Middlewares/lvgl/examples/layouts/flex/../../../src/core/lv_disp.h ****  */
   5:Middlewares/lvgl/examples/layouts/flex/../../../src/core/lv_disp.h **** 
   6:Middlewares/lvgl/examples/layouts/flex/../../../src/core/lv_disp.h **** #ifndef LV_DISP_H
   7:Middlewares/lvgl/examples/layouts/flex/../../../src/core/lv_disp.h **** #define LV_DISP_H
   8:Middlewares/lvgl/examples/layouts/flex/../../../src/core/lv_disp.h **** 
   9:Middlewares/lvgl/examples/layouts/flex/../../../src/core/lv_disp.h **** #ifdef __cplusplus
  10:Middlewares/lvgl/examples/layouts/flex/../../../src/core/lv_disp.h **** extern "C" {
  11:Middlewares/lvgl/examples/layouts/flex/../../../src/core/lv_disp.h **** #endif
  12:Middlewares/lvgl/examples/layouts/flex/../../../src/core/lv_disp.h **** 
  13:Middlewares/lvgl/examples/layouts/flex/../../../src/core/lv_disp.h **** /*********************
  14:Middlewares/lvgl/examples/layouts/flex/../../../src/core/lv_disp.h ****  *      INCLUDES
  15:Middlewares/lvgl/examples/layouts/flex/../../../src/core/lv_disp.h ****  *********************/
  16:Middlewares/lvgl/examples/layouts/flex/../../../src/core/lv_disp.h **** #include "../hal/lv_hal.h"
  17:Middlewares/lvgl/examples/layouts/flex/../../../src/core/lv_disp.h **** #include "lv_obj.h"
  18:Middlewares/lvgl/examples/layouts/flex/../../../src/core/lv_disp.h **** #include "lv_theme.h"
  19:Middlewares/lvgl/examples/layouts/flex/../../../src/core/lv_disp.h **** 
  20:Middlewares/lvgl/examples/layouts/flex/../../../src/core/lv_disp.h **** /*********************
  21:Middlewares/lvgl/examples/layouts/flex/../../../src/core/lv_disp.h ****  *      DEFINES
  22:Middlewares/lvgl/examples/layouts/flex/../../../src/core/lv_disp.h ****  *********************/
  23:Middlewares/lvgl/examples/layouts/flex/../../../src/core/lv_disp.h **** 
  24:Middlewares/lvgl/examples/layouts/flex/../../../src/core/lv_disp.h **** /**********************
  25:Middlewares/lvgl/examples/layouts/flex/../../../src/core/lv_disp.h ****  *      TYPEDEFS
  26:Middlewares/lvgl/examples/layouts/flex/../../../src/core/lv_disp.h ****  **********************/
  27:Middlewares/lvgl/examples/layouts/flex/../../../src/core/lv_disp.h **** 
  28:Middlewares/lvgl/examples/layouts/flex/../../../src/core/lv_disp.h **** typedef enum {
  29:Middlewares/lvgl/examples/layouts/flex/../../../src/core/lv_disp.h ****     LV_SCR_LOAD_ANIM_NONE,
  30:Middlewares/lvgl/examples/layouts/flex/../../../src/core/lv_disp.h ****     LV_SCR_LOAD_ANIM_OVER_LEFT,
  31:Middlewares/lvgl/examples/layouts/flex/../../../src/core/lv_disp.h ****     LV_SCR_LOAD_ANIM_OVER_RIGHT,
  32:Middlewares/lvgl/examples/layouts/flex/../../../src/core/lv_disp.h ****     LV_SCR_LOAD_ANIM_OVER_TOP,
  33:Middlewares/lvgl/examples/layouts/flex/../../../src/core/lv_disp.h ****     LV_SCR_LOAD_ANIM_OVER_BOTTOM,
ARM GAS  /tmp/cc3JtOlJ.s 			page 3


  34:Middlewares/lvgl/examples/layouts/flex/../../../src/core/lv_disp.h ****     LV_SCR_LOAD_ANIM_MOVE_LEFT,
  35:Middlewares/lvgl/examples/layouts/flex/../../../src/core/lv_disp.h ****     LV_SCR_LOAD_ANIM_MOVE_RIGHT,
  36:Middlewares/lvgl/examples/layouts/flex/../../../src/core/lv_disp.h ****     LV_SCR_LOAD_ANIM_MOVE_TOP,
  37:Middlewares/lvgl/examples/layouts/flex/../../../src/core/lv_disp.h ****     LV_SCR_LOAD_ANIM_MOVE_BOTTOM,
  38:Middlewares/lvgl/examples/layouts/flex/../../../src/core/lv_disp.h ****     LV_SCR_LOAD_ANIM_FADE_ON,
  39:Middlewares/lvgl/examples/layouts/flex/../../../src/core/lv_disp.h **** } lv_scr_load_anim_t;
  40:Middlewares/lvgl/examples/layouts/flex/../../../src/core/lv_disp.h **** 
  41:Middlewares/lvgl/examples/layouts/flex/../../../src/core/lv_disp.h **** /**********************
  42:Middlewares/lvgl/examples/layouts/flex/../../../src/core/lv_disp.h ****  * GLOBAL PROTOTYPES
  43:Middlewares/lvgl/examples/layouts/flex/../../../src/core/lv_disp.h ****  **********************/
  44:Middlewares/lvgl/examples/layouts/flex/../../../src/core/lv_disp.h **** 
  45:Middlewares/lvgl/examples/layouts/flex/../../../src/core/lv_disp.h **** /**
  46:Middlewares/lvgl/examples/layouts/flex/../../../src/core/lv_disp.h ****  * Return with a pointer to the active screen
  47:Middlewares/lvgl/examples/layouts/flex/../../../src/core/lv_disp.h ****  * @param disp pointer to display which active screen should be get. (NULL to use the default
  48:Middlewares/lvgl/examples/layouts/flex/../../../src/core/lv_disp.h ****  * screen)
  49:Middlewares/lvgl/examples/layouts/flex/../../../src/core/lv_disp.h ****  * @return pointer to the active screen object (loaded by 'lv_scr_load()')
  50:Middlewares/lvgl/examples/layouts/flex/../../../src/core/lv_disp.h ****  */
  51:Middlewares/lvgl/examples/layouts/flex/../../../src/core/lv_disp.h **** lv_obj_t * lv_disp_get_scr_act(lv_disp_t * disp);
  52:Middlewares/lvgl/examples/layouts/flex/../../../src/core/lv_disp.h **** 
  53:Middlewares/lvgl/examples/layouts/flex/../../../src/core/lv_disp.h **** /**
  54:Middlewares/lvgl/examples/layouts/flex/../../../src/core/lv_disp.h ****  * Return with a pointer to the previous screen. Only used during screen transitions.
  55:Middlewares/lvgl/examples/layouts/flex/../../../src/core/lv_disp.h ****  * @param disp pointer to display which previous screen should be get. (NULL to use the default
  56:Middlewares/lvgl/examples/layouts/flex/../../../src/core/lv_disp.h ****  * screen)
  57:Middlewares/lvgl/examples/layouts/flex/../../../src/core/lv_disp.h ****  * @return pointer to the previous screen object or NULL if not used now
  58:Middlewares/lvgl/examples/layouts/flex/../../../src/core/lv_disp.h ****  */
  59:Middlewares/lvgl/examples/layouts/flex/../../../src/core/lv_disp.h **** lv_obj_t * lv_disp_get_scr_prev(lv_disp_t * disp);
  60:Middlewares/lvgl/examples/layouts/flex/../../../src/core/lv_disp.h **** 
  61:Middlewares/lvgl/examples/layouts/flex/../../../src/core/lv_disp.h **** /**
  62:Middlewares/lvgl/examples/layouts/flex/../../../src/core/lv_disp.h ****  * Make a screen active
  63:Middlewares/lvgl/examples/layouts/flex/../../../src/core/lv_disp.h ****  * @param scr pointer to a screen
  64:Middlewares/lvgl/examples/layouts/flex/../../../src/core/lv_disp.h ****  */
  65:Middlewares/lvgl/examples/layouts/flex/../../../src/core/lv_disp.h **** void lv_disp_load_scr(lv_obj_t * scr);
  66:Middlewares/lvgl/examples/layouts/flex/../../../src/core/lv_disp.h **** 
  67:Middlewares/lvgl/examples/layouts/flex/../../../src/core/lv_disp.h **** /**
  68:Middlewares/lvgl/examples/layouts/flex/../../../src/core/lv_disp.h ****  * Return with the top layer. (Same on every screen and it is above the normal screen layer)
  69:Middlewares/lvgl/examples/layouts/flex/../../../src/core/lv_disp.h ****  * @param disp pointer to display which top layer should be get. (NULL to use the default screen)
  70:Middlewares/lvgl/examples/layouts/flex/../../../src/core/lv_disp.h ****  * @return pointer to the top layer object  (transparent screen sized lv_obj)
  71:Middlewares/lvgl/examples/layouts/flex/../../../src/core/lv_disp.h ****  */
  72:Middlewares/lvgl/examples/layouts/flex/../../../src/core/lv_disp.h **** lv_obj_t * lv_disp_get_layer_top(lv_disp_t * disp);
  73:Middlewares/lvgl/examples/layouts/flex/../../../src/core/lv_disp.h **** 
  74:Middlewares/lvgl/examples/layouts/flex/../../../src/core/lv_disp.h **** /**
  75:Middlewares/lvgl/examples/layouts/flex/../../../src/core/lv_disp.h ****  * Return with the sys. layer. (Same on every screen and it is above the normal screen and the top
  76:Middlewares/lvgl/examples/layouts/flex/../../../src/core/lv_disp.h ****  * layer)
  77:Middlewares/lvgl/examples/layouts/flex/../../../src/core/lv_disp.h ****  * @param disp pointer to display which sys. layer  should be get. (NULL to use the default screen)
  78:Middlewares/lvgl/examples/layouts/flex/../../../src/core/lv_disp.h ****  * @return pointer to the sys layer object  (transparent screen sized lv_obj)
  79:Middlewares/lvgl/examples/layouts/flex/../../../src/core/lv_disp.h ****  */
  80:Middlewares/lvgl/examples/layouts/flex/../../../src/core/lv_disp.h **** lv_obj_t * lv_disp_get_layer_sys(lv_disp_t * disp);
  81:Middlewares/lvgl/examples/layouts/flex/../../../src/core/lv_disp.h **** 
  82:Middlewares/lvgl/examples/layouts/flex/../../../src/core/lv_disp.h **** /**
  83:Middlewares/lvgl/examples/layouts/flex/../../../src/core/lv_disp.h ****  * Get the theme of a display
  84:Middlewares/lvgl/examples/layouts/flex/../../../src/core/lv_disp.h ****  * @param disp pointer to a display
  85:Middlewares/lvgl/examples/layouts/flex/../../../src/core/lv_disp.h ****  * @return the display's theme (can be NULL)
  86:Middlewares/lvgl/examples/layouts/flex/../../../src/core/lv_disp.h ****  */
  87:Middlewares/lvgl/examples/layouts/flex/../../../src/core/lv_disp.h **** void lv_disp_set_theme(lv_disp_t * disp, lv_theme_t * th);
  88:Middlewares/lvgl/examples/layouts/flex/../../../src/core/lv_disp.h **** 
  89:Middlewares/lvgl/examples/layouts/flex/../../../src/core/lv_disp.h **** /**
  90:Middlewares/lvgl/examples/layouts/flex/../../../src/core/lv_disp.h ****  * Get the theme of a display
ARM GAS  /tmp/cc3JtOlJ.s 			page 4


  91:Middlewares/lvgl/examples/layouts/flex/../../../src/core/lv_disp.h ****  * @param disp pointer to a display
  92:Middlewares/lvgl/examples/layouts/flex/../../../src/core/lv_disp.h ****  * @return the display's theme (can be NULL)
  93:Middlewares/lvgl/examples/layouts/flex/../../../src/core/lv_disp.h ****  */
  94:Middlewares/lvgl/examples/layouts/flex/../../../src/core/lv_disp.h **** lv_theme_t * lv_disp_get_theme(lv_disp_t * disp);
  95:Middlewares/lvgl/examples/layouts/flex/../../../src/core/lv_disp.h **** 
  96:Middlewares/lvgl/examples/layouts/flex/../../../src/core/lv_disp.h **** /**
  97:Middlewares/lvgl/examples/layouts/flex/../../../src/core/lv_disp.h ****  * Set the background color of a display
  98:Middlewares/lvgl/examples/layouts/flex/../../../src/core/lv_disp.h ****  * @param disp pointer to a display
  99:Middlewares/lvgl/examples/layouts/flex/../../../src/core/lv_disp.h ****  * @param color color of the background
 100:Middlewares/lvgl/examples/layouts/flex/../../../src/core/lv_disp.h ****  */
 101:Middlewares/lvgl/examples/layouts/flex/../../../src/core/lv_disp.h **** void lv_disp_set_bg_color(lv_disp_t * disp, lv_color_t color);
 102:Middlewares/lvgl/examples/layouts/flex/../../../src/core/lv_disp.h **** 
 103:Middlewares/lvgl/examples/layouts/flex/../../../src/core/lv_disp.h **** /**
 104:Middlewares/lvgl/examples/layouts/flex/../../../src/core/lv_disp.h ****  * Set the background image of a display
 105:Middlewares/lvgl/examples/layouts/flex/../../../src/core/lv_disp.h ****  * @param disp pointer to a display
 106:Middlewares/lvgl/examples/layouts/flex/../../../src/core/lv_disp.h ****  * @param img_src path to file or pointer to an `lv_img_dsc_t` variable
 107:Middlewares/lvgl/examples/layouts/flex/../../../src/core/lv_disp.h ****  */
 108:Middlewares/lvgl/examples/layouts/flex/../../../src/core/lv_disp.h **** void lv_disp_set_bg_image(lv_disp_t * disp, const void  * img_src);
 109:Middlewares/lvgl/examples/layouts/flex/../../../src/core/lv_disp.h **** 
 110:Middlewares/lvgl/examples/layouts/flex/../../../src/core/lv_disp.h **** /**
 111:Middlewares/lvgl/examples/layouts/flex/../../../src/core/lv_disp.h ****  * Opacity of the background
 112:Middlewares/lvgl/examples/layouts/flex/../../../src/core/lv_disp.h ****  * @param disp pointer to a display
 113:Middlewares/lvgl/examples/layouts/flex/../../../src/core/lv_disp.h ****  * @param opa opacity (0..255)
 114:Middlewares/lvgl/examples/layouts/flex/../../../src/core/lv_disp.h ****  */
 115:Middlewares/lvgl/examples/layouts/flex/../../../src/core/lv_disp.h **** void lv_disp_set_bg_opa(lv_disp_t * disp, lv_opa_t opa);
 116:Middlewares/lvgl/examples/layouts/flex/../../../src/core/lv_disp.h **** 
 117:Middlewares/lvgl/examples/layouts/flex/../../../src/core/lv_disp.h **** /**
 118:Middlewares/lvgl/examples/layouts/flex/../../../src/core/lv_disp.h ****  * Switch screen with animation
 119:Middlewares/lvgl/examples/layouts/flex/../../../src/core/lv_disp.h ****  * @param scr pointer to the new screen to load
 120:Middlewares/lvgl/examples/layouts/flex/../../../src/core/lv_disp.h ****  * @param anim_type type of the animation from `lv_scr_load_anim_t`. E.g.  `LV_SCR_LOAD_ANIM_MOVE_L
 121:Middlewares/lvgl/examples/layouts/flex/../../../src/core/lv_disp.h ****  * @param time time of the animation
 122:Middlewares/lvgl/examples/layouts/flex/../../../src/core/lv_disp.h ****  * @param delay delay before the transition
 123:Middlewares/lvgl/examples/layouts/flex/../../../src/core/lv_disp.h ****  * @param auto_del true: automatically delete the old screen
 124:Middlewares/lvgl/examples/layouts/flex/../../../src/core/lv_disp.h ****  */
 125:Middlewares/lvgl/examples/layouts/flex/../../../src/core/lv_disp.h **** void lv_scr_load_anim(lv_obj_t * scr, lv_scr_load_anim_t anim_type, uint32_t time, uint32_t delay, 
 126:Middlewares/lvgl/examples/layouts/flex/../../../src/core/lv_disp.h **** 
 127:Middlewares/lvgl/examples/layouts/flex/../../../src/core/lv_disp.h **** /**
 128:Middlewares/lvgl/examples/layouts/flex/../../../src/core/lv_disp.h ****  * Get elapsed time since last user activity on a display (e.g. click)
 129:Middlewares/lvgl/examples/layouts/flex/../../../src/core/lv_disp.h ****  * @param disp pointer to an display (NULL to get the overall smallest inactivity)
 130:Middlewares/lvgl/examples/layouts/flex/../../../src/core/lv_disp.h ****  * @return elapsed ticks (milliseconds) since the last activity
 131:Middlewares/lvgl/examples/layouts/flex/../../../src/core/lv_disp.h ****  */
 132:Middlewares/lvgl/examples/layouts/flex/../../../src/core/lv_disp.h **** uint32_t lv_disp_get_inactive_time(const lv_disp_t * disp);
 133:Middlewares/lvgl/examples/layouts/flex/../../../src/core/lv_disp.h **** 
 134:Middlewares/lvgl/examples/layouts/flex/../../../src/core/lv_disp.h **** /**
 135:Middlewares/lvgl/examples/layouts/flex/../../../src/core/lv_disp.h ****  * Manually trigger an activity on a display
 136:Middlewares/lvgl/examples/layouts/flex/../../../src/core/lv_disp.h ****  * @param disp pointer to an display (NULL to use the default display)
 137:Middlewares/lvgl/examples/layouts/flex/../../../src/core/lv_disp.h ****  */
 138:Middlewares/lvgl/examples/layouts/flex/../../../src/core/lv_disp.h **** void lv_disp_trig_activity(lv_disp_t * disp);
 139:Middlewares/lvgl/examples/layouts/flex/../../../src/core/lv_disp.h **** 
 140:Middlewares/lvgl/examples/layouts/flex/../../../src/core/lv_disp.h **** /**
 141:Middlewares/lvgl/examples/layouts/flex/../../../src/core/lv_disp.h ****  * Clean any CPU cache that is related to the display.
 142:Middlewares/lvgl/examples/layouts/flex/../../../src/core/lv_disp.h ****  * @param disp pointer to an display (NULL to use the default display)
 143:Middlewares/lvgl/examples/layouts/flex/../../../src/core/lv_disp.h ****  */
 144:Middlewares/lvgl/examples/layouts/flex/../../../src/core/lv_disp.h **** void lv_disp_clean_dcache(lv_disp_t * disp);
 145:Middlewares/lvgl/examples/layouts/flex/../../../src/core/lv_disp.h **** 
 146:Middlewares/lvgl/examples/layouts/flex/../../../src/core/lv_disp.h **** /**
 147:Middlewares/lvgl/examples/layouts/flex/../../../src/core/lv_disp.h ****  * Get a pointer to the screen refresher timer to
ARM GAS  /tmp/cc3JtOlJ.s 			page 5


 148:Middlewares/lvgl/examples/layouts/flex/../../../src/core/lv_disp.h ****  * modify its parameters with `lv_timer_...` functions.
 149:Middlewares/lvgl/examples/layouts/flex/../../../src/core/lv_disp.h ****  * @param disp pointer to a display
 150:Middlewares/lvgl/examples/layouts/flex/../../../src/core/lv_disp.h ****  * @return pointer to the display refresher timer. (NULL on error)
 151:Middlewares/lvgl/examples/layouts/flex/../../../src/core/lv_disp.h ****  */
 152:Middlewares/lvgl/examples/layouts/flex/../../../src/core/lv_disp.h **** lv_timer_t * _lv_disp_get_refr_timer(lv_disp_t * disp);
 153:Middlewares/lvgl/examples/layouts/flex/../../../src/core/lv_disp.h **** 
 154:Middlewares/lvgl/examples/layouts/flex/../../../src/core/lv_disp.h **** /*------------------------------------------------
 155:Middlewares/lvgl/examples/layouts/flex/../../../src/core/lv_disp.h ****  * To improve backward compatibility
 156:Middlewares/lvgl/examples/layouts/flex/../../../src/core/lv_disp.h ****  * Recommended only if you have one display
 157:Middlewares/lvgl/examples/layouts/flex/../../../src/core/lv_disp.h ****  *------------------------------------------------*/
 158:Middlewares/lvgl/examples/layouts/flex/../../../src/core/lv_disp.h **** 
 159:Middlewares/lvgl/examples/layouts/flex/../../../src/core/lv_disp.h **** /**
 160:Middlewares/lvgl/examples/layouts/flex/../../../src/core/lv_disp.h ****  * Get the active screen of the default display
 161:Middlewares/lvgl/examples/layouts/flex/../../../src/core/lv_disp.h ****  * @return pointer to the active screen
 162:Middlewares/lvgl/examples/layouts/flex/../../../src/core/lv_disp.h ****  */
 163:Middlewares/lvgl/examples/layouts/flex/../../../src/core/lv_disp.h **** static inline lv_obj_t * lv_scr_act(void)
  68              		.loc 2 163 26 view .LVU7
  69              	.LBB15:
 164:Middlewares/lvgl/examples/layouts/flex/../../../src/core/lv_disp.h **** {
 165:Middlewares/lvgl/examples/layouts/flex/../../../src/core/lv_disp.h ****     return lv_disp_get_scr_act(lv_disp_get_default());
  70              		.loc 2 165 5 view .LVU8
  71              		.loc 2 165 12 is_stmt 0 view .LVU9
  72 0024 FFF7FEFF 		bl	lv_disp_get_default
  73              	.LVL4:
  74 0028 FFF7FEFF 		bl	lv_disp_get_scr_act
  75              	.LVL5:
  76              	.LBE15:
  77              	.LBE14:
  78              		.loc 1 15 23 view .LVU10
  79 002c FFF7FEFF 		bl	lv_obj_create
  80              	.LVL6:
  81 0030 0646     		mov	r6, r0
  82              	.LVL7:
  16:Middlewares/lvgl/examples/layouts/flex/lv_example_flex_2.c ****     lv_obj_set_size(cont, 300, 220);
  83              		.loc 1 16 5 is_stmt 1 view .LVU11
  84 0032 DC22     		movs	r2, #220
  85 0034 4FF49671 		mov	r1, #300
  86 0038 FFF7FEFF 		bl	lv_obj_set_size
  87              	.LVL8:
  17:Middlewares/lvgl/examples/layouts/flex/lv_example_flex_2.c ****     lv_obj_center(cont);
  88              		.loc 1 17 5 view .LVU12
  89              	.LBB16:
  90              	.LBI16:
  91              		.file 3 "Middlewares/lvgl/examples/layouts/flex/../../../src/core/lv_obj_pos.h"
   1:Middlewares/lvgl/examples/layouts/flex/../../../src/core/lv_obj_pos.h **** /**
   2:Middlewares/lvgl/examples/layouts/flex/../../../src/core/lv_obj_pos.h ****  * @file lv_obj_pos.h
   3:Middlewares/lvgl/examples/layouts/flex/../../../src/core/lv_obj_pos.h ****  *
   4:Middlewares/lvgl/examples/layouts/flex/../../../src/core/lv_obj_pos.h ****  */
   5:Middlewares/lvgl/examples/layouts/flex/../../../src/core/lv_obj_pos.h **** 
   6:Middlewares/lvgl/examples/layouts/flex/../../../src/core/lv_obj_pos.h **** #ifndef LV_OBJ_POS_H
   7:Middlewares/lvgl/examples/layouts/flex/../../../src/core/lv_obj_pos.h **** #define LV_OBJ_POS_H
   8:Middlewares/lvgl/examples/layouts/flex/../../../src/core/lv_obj_pos.h **** 
   9:Middlewares/lvgl/examples/layouts/flex/../../../src/core/lv_obj_pos.h **** #ifdef __cplusplus
  10:Middlewares/lvgl/examples/layouts/flex/../../../src/core/lv_obj_pos.h **** extern "C" {
  11:Middlewares/lvgl/examples/layouts/flex/../../../src/core/lv_obj_pos.h **** #endif
  12:Middlewares/lvgl/examples/layouts/flex/../../../src/core/lv_obj_pos.h **** 
  13:Middlewares/lvgl/examples/layouts/flex/../../../src/core/lv_obj_pos.h **** /*********************
ARM GAS  /tmp/cc3JtOlJ.s 			page 6


  14:Middlewares/lvgl/examples/layouts/flex/../../../src/core/lv_obj_pos.h ****  *      INCLUDES
  15:Middlewares/lvgl/examples/layouts/flex/../../../src/core/lv_obj_pos.h ****  *********************/
  16:Middlewares/lvgl/examples/layouts/flex/../../../src/core/lv_obj_pos.h **** #include "../misc/lv_area.h"
  17:Middlewares/lvgl/examples/layouts/flex/../../../src/core/lv_obj_pos.h **** 
  18:Middlewares/lvgl/examples/layouts/flex/../../../src/core/lv_obj_pos.h **** /*********************
  19:Middlewares/lvgl/examples/layouts/flex/../../../src/core/lv_obj_pos.h ****  *      DEFINES
  20:Middlewares/lvgl/examples/layouts/flex/../../../src/core/lv_obj_pos.h ****  *********************/
  21:Middlewares/lvgl/examples/layouts/flex/../../../src/core/lv_obj_pos.h **** 
  22:Middlewares/lvgl/examples/layouts/flex/../../../src/core/lv_obj_pos.h **** /**********************
  23:Middlewares/lvgl/examples/layouts/flex/../../../src/core/lv_obj_pos.h ****  *      TYPEDEFS
  24:Middlewares/lvgl/examples/layouts/flex/../../../src/core/lv_obj_pos.h ****  **********************/
  25:Middlewares/lvgl/examples/layouts/flex/../../../src/core/lv_obj_pos.h **** struct _lv_obj_t;
  26:Middlewares/lvgl/examples/layouts/flex/../../../src/core/lv_obj_pos.h **** 
  27:Middlewares/lvgl/examples/layouts/flex/../../../src/core/lv_obj_pos.h **** typedef void (*lv_layout_update_cb_t)(struct _lv_obj_t *, void * user_data);
  28:Middlewares/lvgl/examples/layouts/flex/../../../src/core/lv_obj_pos.h **** typedef struct {
  29:Middlewares/lvgl/examples/layouts/flex/../../../src/core/lv_obj_pos.h ****     lv_layout_update_cb_t cb;
  30:Middlewares/lvgl/examples/layouts/flex/../../../src/core/lv_obj_pos.h ****     void * user_data;
  31:Middlewares/lvgl/examples/layouts/flex/../../../src/core/lv_obj_pos.h **** }lv_layout_dsc_t;
  32:Middlewares/lvgl/examples/layouts/flex/../../../src/core/lv_obj_pos.h **** 
  33:Middlewares/lvgl/examples/layouts/flex/../../../src/core/lv_obj_pos.h **** /**********************
  34:Middlewares/lvgl/examples/layouts/flex/../../../src/core/lv_obj_pos.h ****  * GLOBAL PROTOTYPES
  35:Middlewares/lvgl/examples/layouts/flex/../../../src/core/lv_obj_pos.h ****  **********************/
  36:Middlewares/lvgl/examples/layouts/flex/../../../src/core/lv_obj_pos.h **** 
  37:Middlewares/lvgl/examples/layouts/flex/../../../src/core/lv_obj_pos.h **** /**
  38:Middlewares/lvgl/examples/layouts/flex/../../../src/core/lv_obj_pos.h ****  * Set the relative the position of an object (relative to the parent's top left corner)
  39:Middlewares/lvgl/examples/layouts/flex/../../../src/core/lv_obj_pos.h ****  * @param obj       pointer to an object
  40:Middlewares/lvgl/examples/layouts/flex/../../../src/core/lv_obj_pos.h ****  * @param x         new distance from the left side of the parent plus the parent's left padding
  41:Middlewares/lvgl/examples/layouts/flex/../../../src/core/lv_obj_pos.h ****  * @param y         new distance from the top side of the parent  plus the parent's right padding
  42:Middlewares/lvgl/examples/layouts/flex/../../../src/core/lv_obj_pos.h ****  */
  43:Middlewares/lvgl/examples/layouts/flex/../../../src/core/lv_obj_pos.h **** void lv_obj_set_pos(struct _lv_obj_t * obj, lv_coord_t x, lv_coord_t y);
  44:Middlewares/lvgl/examples/layouts/flex/../../../src/core/lv_obj_pos.h **** 
  45:Middlewares/lvgl/examples/layouts/flex/../../../src/core/lv_obj_pos.h **** /**
  46:Middlewares/lvgl/examples/layouts/flex/../../../src/core/lv_obj_pos.h ****  * Set the x coordinate of a object
  47:Middlewares/lvgl/examples/layouts/flex/../../../src/core/lv_obj_pos.h ****  * @param obj       pointer to an object
  48:Middlewares/lvgl/examples/layouts/flex/../../../src/core/lv_obj_pos.h ****  * @param x         new distance from the left side from the parent plus the parent's left padding
  49:Middlewares/lvgl/examples/layouts/flex/../../../src/core/lv_obj_pos.h ****  */
  50:Middlewares/lvgl/examples/layouts/flex/../../../src/core/lv_obj_pos.h **** void lv_obj_set_x(struct _lv_obj_t * obj, lv_coord_t x);
  51:Middlewares/lvgl/examples/layouts/flex/../../../src/core/lv_obj_pos.h **** 
  52:Middlewares/lvgl/examples/layouts/flex/../../../src/core/lv_obj_pos.h **** /**
  53:Middlewares/lvgl/examples/layouts/flex/../../../src/core/lv_obj_pos.h ****  * Set the y coordinate of a object
  54:Middlewares/lvgl/examples/layouts/flex/../../../src/core/lv_obj_pos.h ****  * @param obj       pointer to an object
  55:Middlewares/lvgl/examples/layouts/flex/../../../src/core/lv_obj_pos.h ****  * @param y         new distance from the top of the parent  plus the parent's top padding
  56:Middlewares/lvgl/examples/layouts/flex/../../../src/core/lv_obj_pos.h ****  */
  57:Middlewares/lvgl/examples/layouts/flex/../../../src/core/lv_obj_pos.h **** void lv_obj_set_y(struct _lv_obj_t * obj, lv_coord_t y);
  58:Middlewares/lvgl/examples/layouts/flex/../../../src/core/lv_obj_pos.h **** 
  59:Middlewares/lvgl/examples/layouts/flex/../../../src/core/lv_obj_pos.h **** /**
  60:Middlewares/lvgl/examples/layouts/flex/../../../src/core/lv_obj_pos.h ****  * Set the size of an object.
  61:Middlewares/lvgl/examples/layouts/flex/../../../src/core/lv_obj_pos.h ****  * @param obj       pointer to an object
  62:Middlewares/lvgl/examples/layouts/flex/../../../src/core/lv_obj_pos.h ****  * @param w         the new width
  63:Middlewares/lvgl/examples/layouts/flex/../../../src/core/lv_obj_pos.h ****  * @param h         the new height
  64:Middlewares/lvgl/examples/layouts/flex/../../../src/core/lv_obj_pos.h ****  * @note            possible values are:
  65:Middlewares/lvgl/examples/layouts/flex/../../../src/core/lv_obj_pos.h ****  *                  pixel               simple set the size accordingly
  66:Middlewares/lvgl/examples/layouts/flex/../../../src/core/lv_obj_pos.h ****  *                  LV_SIZE_CONTENT     set the size to involve all children in the given direction
  67:Middlewares/lvgl/examples/layouts/flex/../../../src/core/lv_obj_pos.h ****  *                  LV_SIZE_PCT(x)     to set size in percentage of the parent's content area size 
  68:Middlewares/lvgl/examples/layouts/flex/../../../src/core/lv_obj_pos.h ****  *                                      x should be in [0..1000]% range
  69:Middlewares/lvgl/examples/layouts/flex/../../../src/core/lv_obj_pos.h ****  */
  70:Middlewares/lvgl/examples/layouts/flex/../../../src/core/lv_obj_pos.h **** void lv_obj_set_size(struct _lv_obj_t * obj, lv_coord_t w, lv_coord_t h);
ARM GAS  /tmp/cc3JtOlJ.s 			page 7


  71:Middlewares/lvgl/examples/layouts/flex/../../../src/core/lv_obj_pos.h **** 
  72:Middlewares/lvgl/examples/layouts/flex/../../../src/core/lv_obj_pos.h **** /**
  73:Middlewares/lvgl/examples/layouts/flex/../../../src/core/lv_obj_pos.h ****  * Recalculate the size of the object
  74:Middlewares/lvgl/examples/layouts/flex/../../../src/core/lv_obj_pos.h ****  * @param obj       pointer to an object
  75:Middlewares/lvgl/examples/layouts/flex/../../../src/core/lv_obj_pos.h ****  * @return          true: the size has been changed
  76:Middlewares/lvgl/examples/layouts/flex/../../../src/core/lv_obj_pos.h ****  */
  77:Middlewares/lvgl/examples/layouts/flex/../../../src/core/lv_obj_pos.h **** bool lv_obj_refr_size(struct _lv_obj_t * obj);
  78:Middlewares/lvgl/examples/layouts/flex/../../../src/core/lv_obj_pos.h **** 
  79:Middlewares/lvgl/examples/layouts/flex/../../../src/core/lv_obj_pos.h **** /**
  80:Middlewares/lvgl/examples/layouts/flex/../../../src/core/lv_obj_pos.h ****  * Set the width of an object
  81:Middlewares/lvgl/examples/layouts/flex/../../../src/core/lv_obj_pos.h ****  * @param obj       pointer to an object
  82:Middlewares/lvgl/examples/layouts/flex/../../../src/core/lv_obj_pos.h ****  * @param w         the new width
  83:Middlewares/lvgl/examples/layouts/flex/../../../src/core/lv_obj_pos.h ****  * @note            possible values are:
  84:Middlewares/lvgl/examples/layouts/flex/../../../src/core/lv_obj_pos.h ****  *                  pixel               simple set the size accordingly
  85:Middlewares/lvgl/examples/layouts/flex/../../../src/core/lv_obj_pos.h ****  *                  LV_SIZE_CONTENT     set the size to involve all children in the given direction
  86:Middlewares/lvgl/examples/layouts/flex/../../../src/core/lv_obj_pos.h ****  *                  lv_pct(x)           to set size in percentage of the parent's content area size
  87:Middlewares/lvgl/examples/layouts/flex/../../../src/core/lv_obj_pos.h ****  *                                      x should be in [0..1000]% range
  88:Middlewares/lvgl/examples/layouts/flex/../../../src/core/lv_obj_pos.h ****  */
  89:Middlewares/lvgl/examples/layouts/flex/../../../src/core/lv_obj_pos.h **** void lv_obj_set_width(struct _lv_obj_t * obj, lv_coord_t w);
  90:Middlewares/lvgl/examples/layouts/flex/../../../src/core/lv_obj_pos.h **** 
  91:Middlewares/lvgl/examples/layouts/flex/../../../src/core/lv_obj_pos.h **** /**
  92:Middlewares/lvgl/examples/layouts/flex/../../../src/core/lv_obj_pos.h ****  * Set the height of an object
  93:Middlewares/lvgl/examples/layouts/flex/../../../src/core/lv_obj_pos.h ****  * @param obj       pointer to an object
  94:Middlewares/lvgl/examples/layouts/flex/../../../src/core/lv_obj_pos.h ****  * @param h         the new height
  95:Middlewares/lvgl/examples/layouts/flex/../../../src/core/lv_obj_pos.h ****  * @note            possible values are:
  96:Middlewares/lvgl/examples/layouts/flex/../../../src/core/lv_obj_pos.h ****  *                  pixel               simple set the size accordingly
  97:Middlewares/lvgl/examples/layouts/flex/../../../src/core/lv_obj_pos.h ****  *                  LV_SIZE_CONTENT     set the size to involve all children in the given direction
  98:Middlewares/lvgl/examples/layouts/flex/../../../src/core/lv_obj_pos.h ****  *                  lv_pct(x)           to set size in percentage of the parent's content area size
  99:Middlewares/lvgl/examples/layouts/flex/../../../src/core/lv_obj_pos.h ****  *                                      x should be in [0..1000]% range
 100:Middlewares/lvgl/examples/layouts/flex/../../../src/core/lv_obj_pos.h ****  */
 101:Middlewares/lvgl/examples/layouts/flex/../../../src/core/lv_obj_pos.h **** void lv_obj_set_height(struct _lv_obj_t * obj, lv_coord_t h);
 102:Middlewares/lvgl/examples/layouts/flex/../../../src/core/lv_obj_pos.h **** 
 103:Middlewares/lvgl/examples/layouts/flex/../../../src/core/lv_obj_pos.h **** /**
 104:Middlewares/lvgl/examples/layouts/flex/../../../src/core/lv_obj_pos.h ****  * Set the width reduced by the left and right padding and the border width.
 105:Middlewares/lvgl/examples/layouts/flex/../../../src/core/lv_obj_pos.h ****  * @param obj       pointer to an object
 106:Middlewares/lvgl/examples/layouts/flex/../../../src/core/lv_obj_pos.h ****  * @param w         the width without paddings in pixels
 107:Middlewares/lvgl/examples/layouts/flex/../../../src/core/lv_obj_pos.h ****  */
 108:Middlewares/lvgl/examples/layouts/flex/../../../src/core/lv_obj_pos.h **** void lv_obj_set_content_width(struct _lv_obj_t * obj, lv_coord_t w);
 109:Middlewares/lvgl/examples/layouts/flex/../../../src/core/lv_obj_pos.h **** 
 110:Middlewares/lvgl/examples/layouts/flex/../../../src/core/lv_obj_pos.h **** /**
 111:Middlewares/lvgl/examples/layouts/flex/../../../src/core/lv_obj_pos.h ****  * Set the height reduced by the top and bottom padding and the border width.
 112:Middlewares/lvgl/examples/layouts/flex/../../../src/core/lv_obj_pos.h ****  * @param obj       pointer to an object
 113:Middlewares/lvgl/examples/layouts/flex/../../../src/core/lv_obj_pos.h ****  * @param h         the height without paddings in pixels
 114:Middlewares/lvgl/examples/layouts/flex/../../../src/core/lv_obj_pos.h ****  */
 115:Middlewares/lvgl/examples/layouts/flex/../../../src/core/lv_obj_pos.h **** void lv_obj_set_content_height(struct _lv_obj_t * obj, lv_coord_t h);
 116:Middlewares/lvgl/examples/layouts/flex/../../../src/core/lv_obj_pos.h **** 
 117:Middlewares/lvgl/examples/layouts/flex/../../../src/core/lv_obj_pos.h **** /**
 118:Middlewares/lvgl/examples/layouts/flex/../../../src/core/lv_obj_pos.h ****  * Set a layout for an object
 119:Middlewares/lvgl/examples/layouts/flex/../../../src/core/lv_obj_pos.h ****  * @param obj       pointer to an object
 120:Middlewares/lvgl/examples/layouts/flex/../../../src/core/lv_obj_pos.h ****  * @param layout    pointer to a layout descriptor to set
 121:Middlewares/lvgl/examples/layouts/flex/../../../src/core/lv_obj_pos.h ****  */
 122:Middlewares/lvgl/examples/layouts/flex/../../../src/core/lv_obj_pos.h **** void lv_obj_set_layout(struct _lv_obj_t * obj, uint32_t layout);
 123:Middlewares/lvgl/examples/layouts/flex/../../../src/core/lv_obj_pos.h **** 
 124:Middlewares/lvgl/examples/layouts/flex/../../../src/core/lv_obj_pos.h **** /**
 125:Middlewares/lvgl/examples/layouts/flex/../../../src/core/lv_obj_pos.h ****  * Test whether the and object is positioned by a layout or not
 126:Middlewares/lvgl/examples/layouts/flex/../../../src/core/lv_obj_pos.h ****  * @param obj       pointer to an object to test
 127:Middlewares/lvgl/examples/layouts/flex/../../../src/core/lv_obj_pos.h ****  * @return true:    positioned by a layout; false: not positioned by a layout
ARM GAS  /tmp/cc3JtOlJ.s 			page 8


 128:Middlewares/lvgl/examples/layouts/flex/../../../src/core/lv_obj_pos.h ****  */
 129:Middlewares/lvgl/examples/layouts/flex/../../../src/core/lv_obj_pos.h **** bool lv_obj_is_layout_positioned(const struct _lv_obj_t * obj);
 130:Middlewares/lvgl/examples/layouts/flex/../../../src/core/lv_obj_pos.h **** 
 131:Middlewares/lvgl/examples/layouts/flex/../../../src/core/lv_obj_pos.h **** /**
 132:Middlewares/lvgl/examples/layouts/flex/../../../src/core/lv_obj_pos.h ****  * Mark the object for layout update.
 133:Middlewares/lvgl/examples/layouts/flex/../../../src/core/lv_obj_pos.h ****  * @param obj      pointer to an object whose children needs to be updated
 134:Middlewares/lvgl/examples/layouts/flex/../../../src/core/lv_obj_pos.h ****  */
 135:Middlewares/lvgl/examples/layouts/flex/../../../src/core/lv_obj_pos.h **** void lv_obj_mark_layout_as_dirty(struct _lv_obj_t * obj);
 136:Middlewares/lvgl/examples/layouts/flex/../../../src/core/lv_obj_pos.h **** 
 137:Middlewares/lvgl/examples/layouts/flex/../../../src/core/lv_obj_pos.h **** /**
 138:Middlewares/lvgl/examples/layouts/flex/../../../src/core/lv_obj_pos.h ****  * Update the layout of an object.
 139:Middlewares/lvgl/examples/layouts/flex/../../../src/core/lv_obj_pos.h ****  * @param obj      pointer to an object whose children needs to be updated
 140:Middlewares/lvgl/examples/layouts/flex/../../../src/core/lv_obj_pos.h ****  */
 141:Middlewares/lvgl/examples/layouts/flex/../../../src/core/lv_obj_pos.h **** void lv_obj_update_layout(const struct _lv_obj_t * obj);
 142:Middlewares/lvgl/examples/layouts/flex/../../../src/core/lv_obj_pos.h **** 
 143:Middlewares/lvgl/examples/layouts/flex/../../../src/core/lv_obj_pos.h **** /**
 144:Middlewares/lvgl/examples/layouts/flex/../../../src/core/lv_obj_pos.h ****  * Regsiter a new layout
 145:Middlewares/lvgl/examples/layouts/flex/../../../src/core/lv_obj_pos.h ****  * @param cb        the layout update callback
 146:Middlewares/lvgl/examples/layouts/flex/../../../src/core/lv_obj_pos.h ****  * @param user_data custom data that will be passed to `cb`
 147:Middlewares/lvgl/examples/layouts/flex/../../../src/core/lv_obj_pos.h ****  * @return          the ID of the new layout
 148:Middlewares/lvgl/examples/layouts/flex/../../../src/core/lv_obj_pos.h ****  */
 149:Middlewares/lvgl/examples/layouts/flex/../../../src/core/lv_obj_pos.h **** uint32_t lv_layout_register(lv_layout_update_cb_t cb, void * user_data);
 150:Middlewares/lvgl/examples/layouts/flex/../../../src/core/lv_obj_pos.h **** 
 151:Middlewares/lvgl/examples/layouts/flex/../../../src/core/lv_obj_pos.h **** /**
 152:Middlewares/lvgl/examples/layouts/flex/../../../src/core/lv_obj_pos.h ****  * Change the alignment of an object.
 153:Middlewares/lvgl/examples/layouts/flex/../../../src/core/lv_obj_pos.h ****  * @param obj       pointer to an object to align
 154:Middlewares/lvgl/examples/layouts/flex/../../../src/core/lv_obj_pos.h ****  * @param align     type of alignment (see 'lv_align_t' enum) `LV_ALIGN_OUT_...` can't be used.
 155:Middlewares/lvgl/examples/layouts/flex/../../../src/core/lv_obj_pos.h ****  */
 156:Middlewares/lvgl/examples/layouts/flex/../../../src/core/lv_obj_pos.h **** void lv_obj_set_align(struct _lv_obj_t * obj, lv_align_t align);
 157:Middlewares/lvgl/examples/layouts/flex/../../../src/core/lv_obj_pos.h **** 
 158:Middlewares/lvgl/examples/layouts/flex/../../../src/core/lv_obj_pos.h **** /**
 159:Middlewares/lvgl/examples/layouts/flex/../../../src/core/lv_obj_pos.h ****  * Change the alignment of an object and set new coordinates.
 160:Middlewares/lvgl/examples/layouts/flex/../../../src/core/lv_obj_pos.h ****  * Equivalent to:
 161:Middlewares/lvgl/examples/layouts/flex/../../../src/core/lv_obj_pos.h ****  * lv_obj_set_align(obj, align);
 162:Middlewares/lvgl/examples/layouts/flex/../../../src/core/lv_obj_pos.h ****  * lv_obj_set_pos(obj, x_ofs, y_ofs);
 163:Middlewares/lvgl/examples/layouts/flex/../../../src/core/lv_obj_pos.h ****  * @param obj       pointer to an object to align
 164:Middlewares/lvgl/examples/layouts/flex/../../../src/core/lv_obj_pos.h ****  * @param align     type of alignment (see 'lv_align_t' enum) `LV_ALIGN_OUT_...` can't be used.
 165:Middlewares/lvgl/examples/layouts/flex/../../../src/core/lv_obj_pos.h ****  * @param x_ofs     x coordinate offset after alignment
 166:Middlewares/lvgl/examples/layouts/flex/../../../src/core/lv_obj_pos.h ****  * @param y_ofs     y coordinate offset after alignment
 167:Middlewares/lvgl/examples/layouts/flex/../../../src/core/lv_obj_pos.h ****  */
 168:Middlewares/lvgl/examples/layouts/flex/../../../src/core/lv_obj_pos.h **** void lv_obj_align(struct _lv_obj_t * obj, lv_align_t align, lv_coord_t x_ofs, lv_coord_t y_ofs);
 169:Middlewares/lvgl/examples/layouts/flex/../../../src/core/lv_obj_pos.h **** 
 170:Middlewares/lvgl/examples/layouts/flex/../../../src/core/lv_obj_pos.h **** /**
 171:Middlewares/lvgl/examples/layouts/flex/../../../src/core/lv_obj_pos.h ****  * Align an object to an other object.
 172:Middlewares/lvgl/examples/layouts/flex/../../../src/core/lv_obj_pos.h ****  * @param obj       pointer to an object to align
 173:Middlewares/lvgl/examples/layouts/flex/../../../src/core/lv_obj_pos.h ****  * @param base      pointer to an other object (if NULL `obj`s parent is used). 'obj' will be align
 174:Middlewares/lvgl/examples/layouts/flex/../../../src/core/lv_obj_pos.h ****  * @param align     type of alignment (see 'lv_align_t' enum)
 175:Middlewares/lvgl/examples/layouts/flex/../../../src/core/lv_obj_pos.h ****  * @param x_ofs     x coordinate offset after alignment
 176:Middlewares/lvgl/examples/layouts/flex/../../../src/core/lv_obj_pos.h ****  * @param y_ofs     y coordinate offset after alignment
 177:Middlewares/lvgl/examples/layouts/flex/../../../src/core/lv_obj_pos.h ****  * @note            if the position or size of `base` changes `obj` needs to be aligned manually ag
 178:Middlewares/lvgl/examples/layouts/flex/../../../src/core/lv_obj_pos.h ****  */
 179:Middlewares/lvgl/examples/layouts/flex/../../../src/core/lv_obj_pos.h **** void lv_obj_align_to(struct _lv_obj_t * obj, const struct _lv_obj_t * base, lv_align_t align, lv_co
 180:Middlewares/lvgl/examples/layouts/flex/../../../src/core/lv_obj_pos.h **** 
 181:Middlewares/lvgl/examples/layouts/flex/../../../src/core/lv_obj_pos.h **** /**
 182:Middlewares/lvgl/examples/layouts/flex/../../../src/core/lv_obj_pos.h ****  * Align an object to the center on its parent.
 183:Middlewares/lvgl/examples/layouts/flex/../../../src/core/lv_obj_pos.h ****  * @param obj       pointer to an object to align
 184:Middlewares/lvgl/examples/layouts/flex/../../../src/core/lv_obj_pos.h ****  * @note            if the parent size changes `obj` needs to be aligned manually again
ARM GAS  /tmp/cc3JtOlJ.s 			page 9


 185:Middlewares/lvgl/examples/layouts/flex/../../../src/core/lv_obj_pos.h ****  */
 186:Middlewares/lvgl/examples/layouts/flex/../../../src/core/lv_obj_pos.h **** static inline void lv_obj_center(struct _lv_obj_t * obj)
  92              		.loc 3 186 20 view .LVU13
  93              	.LBB17:
 187:Middlewares/lvgl/examples/layouts/flex/../../../src/core/lv_obj_pos.h **** {
 188:Middlewares/lvgl/examples/layouts/flex/../../../src/core/lv_obj_pos.h ****     lv_obj_align(obj, LV_ALIGN_CENTER, 0, 0);
  94              		.loc 3 188 5 view .LVU14
  95 003c 0023     		movs	r3, #0
  96 003e 1A46     		mov	r2, r3
  97 0040 0921     		movs	r1, #9
  98 0042 3046     		mov	r0, r6
  99 0044 FFF7FEFF 		bl	lv_obj_align
 100              	.LVL9:
 101              		.loc 3 188 5 is_stmt 0 view .LVU15
 102              	.LBE17:
 103              	.LBE16:
  18:Middlewares/lvgl/examples/layouts/flex/lv_example_flex_2.c ****     lv_obj_add_style(cont, &style, 0);
 104              		.loc 1 18 5 is_stmt 1 view .LVU16
 105 0048 0022     		movs	r2, #0
 106 004a 2146     		mov	r1, r4
 107 004c 3046     		mov	r0, r6
 108 004e FFF7FEFF 		bl	lv_obj_add_style
 109              	.LVL10:
  19:Middlewares/lvgl/examples/layouts/flex/lv_example_flex_2.c **** 
  20:Middlewares/lvgl/examples/layouts/flex/lv_example_flex_2.c ****     uint32_t i;
 110              		.loc 1 20 5 view .LVU17
  21:Middlewares/lvgl/examples/layouts/flex/lv_example_flex_2.c ****     for(i = 0; i < 8; i++) {
 111              		.loc 1 21 5 view .LVU18
 112              		.loc 1 21 11 is_stmt 0 view .LVU19
 113 0052 0024     		movs	r4, #0
 114              		.loc 1 21 5 view .LVU20
 115 0054 17E0     		b	.L2
 116              	.LVL11:
 117              	.L3:
 118              	.LBB18:
  22:Middlewares/lvgl/examples/layouts/flex/lv_example_flex_2.c ****         lv_obj_t * obj = lv_obj_create(cont);
 119              		.loc 1 22 9 is_stmt 1 discriminator 3 view .LVU21
 120              		.loc 1 22 26 is_stmt 0 discriminator 3 view .LVU22
 121 0056 3046     		mov	r0, r6
 122 0058 FFF7FEFF 		bl	lv_obj_create
 123              	.LVL12:
 124 005c 0546     		mov	r5, r0
 125              	.LVL13:
  23:Middlewares/lvgl/examples/layouts/flex/lv_example_flex_2.c ****         lv_obj_set_size(obj, 70, LV_SIZE_CONTENT);
 126              		.loc 1 23 9 is_stmt 1 discriminator 3 view .LVU23
 127 005e 42F2D172 		movw	r2, #10193
 128 0062 4621     		movs	r1, #70
 129 0064 FFF7FEFF 		bl	lv_obj_set_size
 130              	.LVL14:
  24:Middlewares/lvgl/examples/layouts/flex/lv_example_flex_2.c **** 
  25:Middlewares/lvgl/examples/layouts/flex/lv_example_flex_2.c ****         lv_obj_t * label = lv_label_create(obj);
 131              		.loc 1 25 9 discriminator 3 view .LVU24
 132              		.loc 1 25 28 is_stmt 0 discriminator 3 view .LVU25
 133 0068 2846     		mov	r0, r5
 134 006a FFF7FEFF 		bl	lv_label_create
 135              	.LVL15:
 136 006e 0546     		mov	r5, r0
ARM GAS  /tmp/cc3JtOlJ.s 			page 10


 137              	.LVL16:
  26:Middlewares/lvgl/examples/layouts/flex/lv_example_flex_2.c ****         lv_label_set_text_fmt(label, "%d", i);
 138              		.loc 1 26 9 is_stmt 1 discriminator 3 view .LVU26
 139 0070 2246     		mov	r2, r4
 140 0072 0849     		ldr	r1, .L5+8
 141 0074 FFF7FEFF 		bl	lv_label_set_text_fmt
 142              	.LVL17:
  27:Middlewares/lvgl/examples/layouts/flex/lv_example_flex_2.c ****         lv_obj_center(label);
 143              		.loc 1 27 9 discriminator 3 view .LVU27
 144              	.LBB19:
 145              	.LBI19:
 186:Middlewares/lvgl/examples/layouts/flex/../../../src/core/lv_obj_pos.h **** {
 146              		.loc 3 186 20 discriminator 3 view .LVU28
 147              	.LBB20:
 148              		.loc 3 188 5 discriminator 3 view .LVU29
 149 0078 0023     		movs	r3, #0
 150 007a 1A46     		mov	r2, r3
 151 007c 0921     		movs	r1, #9
 152 007e 2846     		mov	r0, r5
 153 0080 FFF7FEFF 		bl	lv_obj_align
 154              	.LVL18:
 155              		.loc 3 188 5 is_stmt 0 discriminator 3 view .LVU30
 156              	.LBE20:
 157              	.LBE19:
 158              	.LBE18:
  21:Middlewares/lvgl/examples/layouts/flex/lv_example_flex_2.c ****         lv_obj_t * obj = lv_obj_create(cont);
 159              		.loc 1 21 23 is_stmt 1 discriminator 3 view .LVU31
  21:Middlewares/lvgl/examples/layouts/flex/lv_example_flex_2.c ****         lv_obj_t * obj = lv_obj_create(cont);
 160              		.loc 1 21 24 is_stmt 0 discriminator 3 view .LVU32
 161 0084 0134     		adds	r4, r4, #1
 162              	.LVL19:
 163              	.L2:
  21:Middlewares/lvgl/examples/layouts/flex/lv_example_flex_2.c ****         lv_obj_t * obj = lv_obj_create(cont);
 164              		.loc 1 21 16 is_stmt 1 discriminator 1 view .LVU33
  21:Middlewares/lvgl/examples/layouts/flex/lv_example_flex_2.c ****         lv_obj_t * obj = lv_obj_create(cont);
 165              		.loc 1 21 5 is_stmt 0 discriminator 1 view .LVU34
 166 0086 072C     		cmp	r4, #7
 167 0088 E5D9     		bls	.L3
  28:Middlewares/lvgl/examples/layouts/flex/lv_example_flex_2.c ****     }
  29:Middlewares/lvgl/examples/layouts/flex/lv_example_flex_2.c **** }
 168              		.loc 1 29 1 view .LVU35
 169 008a 70BD     		pop	{r4, r5, r6, pc}
 170              	.LVL20:
 171              	.L6:
 172              		.loc 1 29 1 view .LVU36
 173              		.align	2
 174              	.L5:
 175 008c 00000000 		.word	.LANCHOR0
 176 0090 00000000 		.word	LV_LAYOUT_FLEX
 177 0094 00000000 		.word	.LC0
 178              		.cfi_endproc
 179              	.LFE184:
 181              		.section	.bss.style.0,"aw",%nobits
 182              		.align	2
 183              		.set	.LANCHOR0,. + 0
 186              	style.0:
 187 0000 00000000 		.space	8
ARM GAS  /tmp/cc3JtOlJ.s 			page 11


 187      00000000 
 188              		.text
 189              	.Letext0:
 190              		.file 4 "/home/akinya/gcc-arm-none-eabi/arm-none-eabi/include/machine/_default_types.h"
 191              		.file 5 "/home/akinya/gcc-arm-none-eabi/arm-none-eabi/include/sys/_stdint.h"
 192              		.file 6 "Middlewares/lvgl/examples/layouts/flex/../../../src/misc/lv_ll.h"
 193              		.file 7 "Middlewares/lvgl/examples/layouts/flex/../../../src/hal/../misc/lv_color.h"
 194              		.file 8 "Middlewares/lvgl/examples/layouts/flex/../../../src/hal/../misc/lv_area.h"
 195              		.file 9 "Middlewares/lvgl/examples/layouts/flex/../../../src/core/lv_obj.h"
 196              		.file 10 "Middlewares/lvgl/examples/layouts/flex/../../../src/core/lv_group.h"
 197              		.file 11 "Middlewares/lvgl/examples/layouts/flex/../../../src/core/../misc/lv_style.h"
 198              		.file 12 "Middlewares/lvgl/examples/layouts/flex/../../../src/core/lv_obj_scroll.h"
 199              		.file 13 "Middlewares/lvgl/examples/layouts/flex/../../../src/core/lv_obj_style.h"
 200              		.file 14 "Middlewares/lvgl/examples/layouts/flex/../../../src/core/lv_obj_class.h"
 201              		.file 15 "Middlewares/lvgl/examples/layouts/flex/../../../src/core/lv_event.h"
 202              		.file 16 "Middlewares/lvgl/examples/layouts/flex/../../../src/extra/widgets/list/../../layouts/fle
 203              		.file 17 "Middlewares/lvgl/examples/layouts/flex/../../../src/widgets/lv_label.h"
 204              		.file 18 "Middlewares/lvgl/examples/layouts/flex/../../../src/hal/lv_hal_disp.h"
 205              		.file 19 "Middlewares/lvgl/examples/layouts/flex/../../../src/core/../misc/lv_style_gen.h"
ARM GAS  /tmp/cc3JtOlJ.s 			page 12


DEFINED SYMBOLS
                            *ABS*:0000000000000000 lv_example_flex_2.c
     /tmp/cc3JtOlJ.s:16     .rodata.lv_example_flex_2.str1.4:0000000000000000 $d
     /tmp/cc3JtOlJ.s:20     .text.lv_example_flex_2:0000000000000000 $t
     /tmp/cc3JtOlJ.s:28     .text.lv_example_flex_2:0000000000000000 lv_example_flex_2
     /tmp/cc3JtOlJ.s:175    .text.lv_example_flex_2:000000000000008c $d
     /tmp/cc3JtOlJ.s:182    .bss.style.0:0000000000000000 $d
     /tmp/cc3JtOlJ.s:186    .bss.style.0:0000000000000000 style.0

UNDEFINED SYMBOLS
lv_style_init
lv_style_set_flex_flow
lv_style_set_flex_main_place
lv_style_set_layout
lv_disp_get_default
lv_disp_get_scr_act
lv_obj_create
lv_obj_set_size
lv_obj_align
lv_obj_add_style
lv_label_create
lv_label_set_text_fmt
LV_LAYOUT_FLEX
