ARM GAS  /tmp/cc22ld1j.s 			page 1


   1              		.cpu cortex-m3
   2              		.eabi_attribute 20, 1
   3              		.eabi_attribute 21, 1
   4              		.eabi_attribute 23, 3
   5              		.eabi_attribute 24, 1
   6              		.eabi_attribute 25, 1
   7              		.eabi_attribute 26, 1
   8              		.eabi_attribute 30, 1
   9              		.eabi_attribute 34, 1
  10              		.eabi_attribute 18, 4
  11              		.file	"lv_example_flex_1.c"
  12              		.text
  13              	.Ltext0:
  14              		.cfi_sections	.debug_frame
  15              		.section	.rodata.lv_example_flex_1.str1.4,"aMS",%progbits,1
  16              		.align	2
  17              	.LC0:
  18 0000 4974656D 		.ascii	"Item: %d\000"
  18      3A202564 
  18      00
  19              		.section	.text.lv_example_flex_1,"ax",%progbits
  20              		.align	1
  21              		.global	lv_example_flex_1
  22              		.arch armv7-m
  23              		.syntax unified
  24              		.thumb
  25              		.thumb_func
  26              		.fpu softvfp
  28              	lv_example_flex_1:
  29              	.LFB184:
  30              		.file 1 "Middlewares/lvgl/examples/layouts/flex/lv_example_flex_1.c"
   1:Middlewares/lvgl/examples/layouts/flex/lv_example_flex_1.c **** #include "../../lv_examples.h"
   2:Middlewares/lvgl/examples/layouts/flex/lv_example_flex_1.c **** #if LV_USE_FLEX && LV_BUILD_EXAMPLES
   3:Middlewares/lvgl/examples/layouts/flex/lv_example_flex_1.c **** 
   4:Middlewares/lvgl/examples/layouts/flex/lv_example_flex_1.c **** /**
   5:Middlewares/lvgl/examples/layouts/flex/lv_example_flex_1.c ****  * A simple row and a column layout with flexbox
   6:Middlewares/lvgl/examples/layouts/flex/lv_example_flex_1.c ****  */
   7:Middlewares/lvgl/examples/layouts/flex/lv_example_flex_1.c **** void lv_example_flex_1(void)
   8:Middlewares/lvgl/examples/layouts/flex/lv_example_flex_1.c **** {
  31              		.loc 1 8 1 view -0
  32              		.cfi_startproc
  33              		@ args = 0, pretend = 0, frame = 0
  34              		@ frame_needed = 0, uses_anonymous_args = 0
  35 0000 2DE9F041 		push	{r4, r5, r6, r7, r8, lr}
  36              	.LCFI0:
  37              		.cfi_def_cfa_offset 24
  38              		.cfi_offset 4, -24
  39              		.cfi_offset 5, -20
  40              		.cfi_offset 6, -16
  41              		.cfi_offset 7, -12
  42              		.cfi_offset 8, -8
  43              		.cfi_offset 14, -4
  44 0004 82B0     		sub	sp, sp, #8
  45              	.LCFI1:
  46              		.cfi_def_cfa_offset 32
   9:Middlewares/lvgl/examples/layouts/flex/lv_example_flex_1.c ****     /*Create a container with ROW flex direction*/
  10:Middlewares/lvgl/examples/layouts/flex/lv_example_flex_1.c ****     lv_obj_t * cont_row = lv_obj_create(lv_scr_act());
ARM GAS  /tmp/cc22ld1j.s 			page 2


  47              		.loc 1 10 5 view .LVU1
  48              	.LBB16:
  49              	.LBI16:
  50              		.file 2 "Middlewares/lvgl/examples/layouts/flex/../../../src/core/lv_disp.h"
   1:Middlewares/lvgl/examples/layouts/flex/../../../src/core/lv_disp.h **** /**
   2:Middlewares/lvgl/examples/layouts/flex/../../../src/core/lv_disp.h ****  * @file lv_disp.h
   3:Middlewares/lvgl/examples/layouts/flex/../../../src/core/lv_disp.h ****  *
   4:Middlewares/lvgl/examples/layouts/flex/../../../src/core/lv_disp.h ****  */
   5:Middlewares/lvgl/examples/layouts/flex/../../../src/core/lv_disp.h **** 
   6:Middlewares/lvgl/examples/layouts/flex/../../../src/core/lv_disp.h **** #ifndef LV_DISP_H
   7:Middlewares/lvgl/examples/layouts/flex/../../../src/core/lv_disp.h **** #define LV_DISP_H
   8:Middlewares/lvgl/examples/layouts/flex/../../../src/core/lv_disp.h **** 
   9:Middlewares/lvgl/examples/layouts/flex/../../../src/core/lv_disp.h **** #ifdef __cplusplus
  10:Middlewares/lvgl/examples/layouts/flex/../../../src/core/lv_disp.h **** extern "C" {
  11:Middlewares/lvgl/examples/layouts/flex/../../../src/core/lv_disp.h **** #endif
  12:Middlewares/lvgl/examples/layouts/flex/../../../src/core/lv_disp.h **** 
  13:Middlewares/lvgl/examples/layouts/flex/../../../src/core/lv_disp.h **** /*********************
  14:Middlewares/lvgl/examples/layouts/flex/../../../src/core/lv_disp.h ****  *      INCLUDES
  15:Middlewares/lvgl/examples/layouts/flex/../../../src/core/lv_disp.h ****  *********************/
  16:Middlewares/lvgl/examples/layouts/flex/../../../src/core/lv_disp.h **** #include "../hal/lv_hal.h"
  17:Middlewares/lvgl/examples/layouts/flex/../../../src/core/lv_disp.h **** #include "lv_obj.h"
  18:Middlewares/lvgl/examples/layouts/flex/../../../src/core/lv_disp.h **** #include "lv_theme.h"
  19:Middlewares/lvgl/examples/layouts/flex/../../../src/core/lv_disp.h **** 
  20:Middlewares/lvgl/examples/layouts/flex/../../../src/core/lv_disp.h **** /*********************
  21:Middlewares/lvgl/examples/layouts/flex/../../../src/core/lv_disp.h ****  *      DEFINES
  22:Middlewares/lvgl/examples/layouts/flex/../../../src/core/lv_disp.h ****  *********************/
  23:Middlewares/lvgl/examples/layouts/flex/../../../src/core/lv_disp.h **** 
  24:Middlewares/lvgl/examples/layouts/flex/../../../src/core/lv_disp.h **** /**********************
  25:Middlewares/lvgl/examples/layouts/flex/../../../src/core/lv_disp.h ****  *      TYPEDEFS
  26:Middlewares/lvgl/examples/layouts/flex/../../../src/core/lv_disp.h ****  **********************/
  27:Middlewares/lvgl/examples/layouts/flex/../../../src/core/lv_disp.h **** 
  28:Middlewares/lvgl/examples/layouts/flex/../../../src/core/lv_disp.h **** typedef enum {
  29:Middlewares/lvgl/examples/layouts/flex/../../../src/core/lv_disp.h ****     LV_SCR_LOAD_ANIM_NONE,
  30:Middlewares/lvgl/examples/layouts/flex/../../../src/core/lv_disp.h ****     LV_SCR_LOAD_ANIM_OVER_LEFT,
  31:Middlewares/lvgl/examples/layouts/flex/../../../src/core/lv_disp.h ****     LV_SCR_LOAD_ANIM_OVER_RIGHT,
  32:Middlewares/lvgl/examples/layouts/flex/../../../src/core/lv_disp.h ****     LV_SCR_LOAD_ANIM_OVER_TOP,
  33:Middlewares/lvgl/examples/layouts/flex/../../../src/core/lv_disp.h ****     LV_SCR_LOAD_ANIM_OVER_BOTTOM,
  34:Middlewares/lvgl/examples/layouts/flex/../../../src/core/lv_disp.h ****     LV_SCR_LOAD_ANIM_MOVE_LEFT,
  35:Middlewares/lvgl/examples/layouts/flex/../../../src/core/lv_disp.h ****     LV_SCR_LOAD_ANIM_MOVE_RIGHT,
  36:Middlewares/lvgl/examples/layouts/flex/../../../src/core/lv_disp.h ****     LV_SCR_LOAD_ANIM_MOVE_TOP,
  37:Middlewares/lvgl/examples/layouts/flex/../../../src/core/lv_disp.h ****     LV_SCR_LOAD_ANIM_MOVE_BOTTOM,
  38:Middlewares/lvgl/examples/layouts/flex/../../../src/core/lv_disp.h ****     LV_SCR_LOAD_ANIM_FADE_ON,
  39:Middlewares/lvgl/examples/layouts/flex/../../../src/core/lv_disp.h **** } lv_scr_load_anim_t;
  40:Middlewares/lvgl/examples/layouts/flex/../../../src/core/lv_disp.h **** 
  41:Middlewares/lvgl/examples/layouts/flex/../../../src/core/lv_disp.h **** /**********************
  42:Middlewares/lvgl/examples/layouts/flex/../../../src/core/lv_disp.h ****  * GLOBAL PROTOTYPES
  43:Middlewares/lvgl/examples/layouts/flex/../../../src/core/lv_disp.h ****  **********************/
  44:Middlewares/lvgl/examples/layouts/flex/../../../src/core/lv_disp.h **** 
  45:Middlewares/lvgl/examples/layouts/flex/../../../src/core/lv_disp.h **** /**
  46:Middlewares/lvgl/examples/layouts/flex/../../../src/core/lv_disp.h ****  * Return with a pointer to the active screen
  47:Middlewares/lvgl/examples/layouts/flex/../../../src/core/lv_disp.h ****  * @param disp pointer to display which active screen should be get. (NULL to use the default
  48:Middlewares/lvgl/examples/layouts/flex/../../../src/core/lv_disp.h ****  * screen)
  49:Middlewares/lvgl/examples/layouts/flex/../../../src/core/lv_disp.h ****  * @return pointer to the active screen object (loaded by 'lv_scr_load()')
  50:Middlewares/lvgl/examples/layouts/flex/../../../src/core/lv_disp.h ****  */
  51:Middlewares/lvgl/examples/layouts/flex/../../../src/core/lv_disp.h **** lv_obj_t * lv_disp_get_scr_act(lv_disp_t * disp);
  52:Middlewares/lvgl/examples/layouts/flex/../../../src/core/lv_disp.h **** 
  53:Middlewares/lvgl/examples/layouts/flex/../../../src/core/lv_disp.h **** /**
ARM GAS  /tmp/cc22ld1j.s 			page 3


  54:Middlewares/lvgl/examples/layouts/flex/../../../src/core/lv_disp.h ****  * Return with a pointer to the previous screen. Only used during screen transitions.
  55:Middlewares/lvgl/examples/layouts/flex/../../../src/core/lv_disp.h ****  * @param disp pointer to display which previous screen should be get. (NULL to use the default
  56:Middlewares/lvgl/examples/layouts/flex/../../../src/core/lv_disp.h ****  * screen)
  57:Middlewares/lvgl/examples/layouts/flex/../../../src/core/lv_disp.h ****  * @return pointer to the previous screen object or NULL if not used now
  58:Middlewares/lvgl/examples/layouts/flex/../../../src/core/lv_disp.h ****  */
  59:Middlewares/lvgl/examples/layouts/flex/../../../src/core/lv_disp.h **** lv_obj_t * lv_disp_get_scr_prev(lv_disp_t * disp);
  60:Middlewares/lvgl/examples/layouts/flex/../../../src/core/lv_disp.h **** 
  61:Middlewares/lvgl/examples/layouts/flex/../../../src/core/lv_disp.h **** /**
  62:Middlewares/lvgl/examples/layouts/flex/../../../src/core/lv_disp.h ****  * Make a screen active
  63:Middlewares/lvgl/examples/layouts/flex/../../../src/core/lv_disp.h ****  * @param scr pointer to a screen
  64:Middlewares/lvgl/examples/layouts/flex/../../../src/core/lv_disp.h ****  */
  65:Middlewares/lvgl/examples/layouts/flex/../../../src/core/lv_disp.h **** void lv_disp_load_scr(lv_obj_t * scr);
  66:Middlewares/lvgl/examples/layouts/flex/../../../src/core/lv_disp.h **** 
  67:Middlewares/lvgl/examples/layouts/flex/../../../src/core/lv_disp.h **** /**
  68:Middlewares/lvgl/examples/layouts/flex/../../../src/core/lv_disp.h ****  * Return with the top layer. (Same on every screen and it is above the normal screen layer)
  69:Middlewares/lvgl/examples/layouts/flex/../../../src/core/lv_disp.h ****  * @param disp pointer to display which top layer should be get. (NULL to use the default screen)
  70:Middlewares/lvgl/examples/layouts/flex/../../../src/core/lv_disp.h ****  * @return pointer to the top layer object  (transparent screen sized lv_obj)
  71:Middlewares/lvgl/examples/layouts/flex/../../../src/core/lv_disp.h ****  */
  72:Middlewares/lvgl/examples/layouts/flex/../../../src/core/lv_disp.h **** lv_obj_t * lv_disp_get_layer_top(lv_disp_t * disp);
  73:Middlewares/lvgl/examples/layouts/flex/../../../src/core/lv_disp.h **** 
  74:Middlewares/lvgl/examples/layouts/flex/../../../src/core/lv_disp.h **** /**
  75:Middlewares/lvgl/examples/layouts/flex/../../../src/core/lv_disp.h ****  * Return with the sys. layer. (Same on every screen and it is above the normal screen and the top
  76:Middlewares/lvgl/examples/layouts/flex/../../../src/core/lv_disp.h ****  * layer)
  77:Middlewares/lvgl/examples/layouts/flex/../../../src/core/lv_disp.h ****  * @param disp pointer to display which sys. layer  should be get. (NULL to use the default screen)
  78:Middlewares/lvgl/examples/layouts/flex/../../../src/core/lv_disp.h ****  * @return pointer to the sys layer object  (transparent screen sized lv_obj)
  79:Middlewares/lvgl/examples/layouts/flex/../../../src/core/lv_disp.h ****  */
  80:Middlewares/lvgl/examples/layouts/flex/../../../src/core/lv_disp.h **** lv_obj_t * lv_disp_get_layer_sys(lv_disp_t * disp);
  81:Middlewares/lvgl/examples/layouts/flex/../../../src/core/lv_disp.h **** 
  82:Middlewares/lvgl/examples/layouts/flex/../../../src/core/lv_disp.h **** /**
  83:Middlewares/lvgl/examples/layouts/flex/../../../src/core/lv_disp.h ****  * Get the theme of a display
  84:Middlewares/lvgl/examples/layouts/flex/../../../src/core/lv_disp.h ****  * @param disp pointer to a display
  85:Middlewares/lvgl/examples/layouts/flex/../../../src/core/lv_disp.h ****  * @return the display's theme (can be NULL)
  86:Middlewares/lvgl/examples/layouts/flex/../../../src/core/lv_disp.h ****  */
  87:Middlewares/lvgl/examples/layouts/flex/../../../src/core/lv_disp.h **** void lv_disp_set_theme(lv_disp_t * disp, lv_theme_t * th);
  88:Middlewares/lvgl/examples/layouts/flex/../../../src/core/lv_disp.h **** 
  89:Middlewares/lvgl/examples/layouts/flex/../../../src/core/lv_disp.h **** /**
  90:Middlewares/lvgl/examples/layouts/flex/../../../src/core/lv_disp.h ****  * Get the theme of a display
  91:Middlewares/lvgl/examples/layouts/flex/../../../src/core/lv_disp.h ****  * @param disp pointer to a display
  92:Middlewares/lvgl/examples/layouts/flex/../../../src/core/lv_disp.h ****  * @return the display's theme (can be NULL)
  93:Middlewares/lvgl/examples/layouts/flex/../../../src/core/lv_disp.h ****  */
  94:Middlewares/lvgl/examples/layouts/flex/../../../src/core/lv_disp.h **** lv_theme_t * lv_disp_get_theme(lv_disp_t * disp);
  95:Middlewares/lvgl/examples/layouts/flex/../../../src/core/lv_disp.h **** 
  96:Middlewares/lvgl/examples/layouts/flex/../../../src/core/lv_disp.h **** /**
  97:Middlewares/lvgl/examples/layouts/flex/../../../src/core/lv_disp.h ****  * Set the background color of a display
  98:Middlewares/lvgl/examples/layouts/flex/../../../src/core/lv_disp.h ****  * @param disp pointer to a display
  99:Middlewares/lvgl/examples/layouts/flex/../../../src/core/lv_disp.h ****  * @param color color of the background
 100:Middlewares/lvgl/examples/layouts/flex/../../../src/core/lv_disp.h ****  */
 101:Middlewares/lvgl/examples/layouts/flex/../../../src/core/lv_disp.h **** void lv_disp_set_bg_color(lv_disp_t * disp, lv_color_t color);
 102:Middlewares/lvgl/examples/layouts/flex/../../../src/core/lv_disp.h **** 
 103:Middlewares/lvgl/examples/layouts/flex/../../../src/core/lv_disp.h **** /**
 104:Middlewares/lvgl/examples/layouts/flex/../../../src/core/lv_disp.h ****  * Set the background image of a display
 105:Middlewares/lvgl/examples/layouts/flex/../../../src/core/lv_disp.h ****  * @param disp pointer to a display
 106:Middlewares/lvgl/examples/layouts/flex/../../../src/core/lv_disp.h ****  * @param img_src path to file or pointer to an `lv_img_dsc_t` variable
 107:Middlewares/lvgl/examples/layouts/flex/../../../src/core/lv_disp.h ****  */
 108:Middlewares/lvgl/examples/layouts/flex/../../../src/core/lv_disp.h **** void lv_disp_set_bg_image(lv_disp_t * disp, const void  * img_src);
 109:Middlewares/lvgl/examples/layouts/flex/../../../src/core/lv_disp.h **** 
 110:Middlewares/lvgl/examples/layouts/flex/../../../src/core/lv_disp.h **** /**
ARM GAS  /tmp/cc22ld1j.s 			page 4


 111:Middlewares/lvgl/examples/layouts/flex/../../../src/core/lv_disp.h ****  * Opacity of the background
 112:Middlewares/lvgl/examples/layouts/flex/../../../src/core/lv_disp.h ****  * @param disp pointer to a display
 113:Middlewares/lvgl/examples/layouts/flex/../../../src/core/lv_disp.h ****  * @param opa opacity (0..255)
 114:Middlewares/lvgl/examples/layouts/flex/../../../src/core/lv_disp.h ****  */
 115:Middlewares/lvgl/examples/layouts/flex/../../../src/core/lv_disp.h **** void lv_disp_set_bg_opa(lv_disp_t * disp, lv_opa_t opa);
 116:Middlewares/lvgl/examples/layouts/flex/../../../src/core/lv_disp.h **** 
 117:Middlewares/lvgl/examples/layouts/flex/../../../src/core/lv_disp.h **** /**
 118:Middlewares/lvgl/examples/layouts/flex/../../../src/core/lv_disp.h ****  * Switch screen with animation
 119:Middlewares/lvgl/examples/layouts/flex/../../../src/core/lv_disp.h ****  * @param scr pointer to the new screen to load
 120:Middlewares/lvgl/examples/layouts/flex/../../../src/core/lv_disp.h ****  * @param anim_type type of the animation from `lv_scr_load_anim_t`. E.g.  `LV_SCR_LOAD_ANIM_MOVE_L
 121:Middlewares/lvgl/examples/layouts/flex/../../../src/core/lv_disp.h ****  * @param time time of the animation
 122:Middlewares/lvgl/examples/layouts/flex/../../../src/core/lv_disp.h ****  * @param delay delay before the transition
 123:Middlewares/lvgl/examples/layouts/flex/../../../src/core/lv_disp.h ****  * @param auto_del true: automatically delete the old screen
 124:Middlewares/lvgl/examples/layouts/flex/../../../src/core/lv_disp.h ****  */
 125:Middlewares/lvgl/examples/layouts/flex/../../../src/core/lv_disp.h **** void lv_scr_load_anim(lv_obj_t * scr, lv_scr_load_anim_t anim_type, uint32_t time, uint32_t delay, 
 126:Middlewares/lvgl/examples/layouts/flex/../../../src/core/lv_disp.h **** 
 127:Middlewares/lvgl/examples/layouts/flex/../../../src/core/lv_disp.h **** /**
 128:Middlewares/lvgl/examples/layouts/flex/../../../src/core/lv_disp.h ****  * Get elapsed time since last user activity on a display (e.g. click)
 129:Middlewares/lvgl/examples/layouts/flex/../../../src/core/lv_disp.h ****  * @param disp pointer to an display (NULL to get the overall smallest inactivity)
 130:Middlewares/lvgl/examples/layouts/flex/../../../src/core/lv_disp.h ****  * @return elapsed ticks (milliseconds) since the last activity
 131:Middlewares/lvgl/examples/layouts/flex/../../../src/core/lv_disp.h ****  */
 132:Middlewares/lvgl/examples/layouts/flex/../../../src/core/lv_disp.h **** uint32_t lv_disp_get_inactive_time(const lv_disp_t * disp);
 133:Middlewares/lvgl/examples/layouts/flex/../../../src/core/lv_disp.h **** 
 134:Middlewares/lvgl/examples/layouts/flex/../../../src/core/lv_disp.h **** /**
 135:Middlewares/lvgl/examples/layouts/flex/../../../src/core/lv_disp.h ****  * Manually trigger an activity on a display
 136:Middlewares/lvgl/examples/layouts/flex/../../../src/core/lv_disp.h ****  * @param disp pointer to an display (NULL to use the default display)
 137:Middlewares/lvgl/examples/layouts/flex/../../../src/core/lv_disp.h ****  */
 138:Middlewares/lvgl/examples/layouts/flex/../../../src/core/lv_disp.h **** void lv_disp_trig_activity(lv_disp_t * disp);
 139:Middlewares/lvgl/examples/layouts/flex/../../../src/core/lv_disp.h **** 
 140:Middlewares/lvgl/examples/layouts/flex/../../../src/core/lv_disp.h **** /**
 141:Middlewares/lvgl/examples/layouts/flex/../../../src/core/lv_disp.h ****  * Clean any CPU cache that is related to the display.
 142:Middlewares/lvgl/examples/layouts/flex/../../../src/core/lv_disp.h ****  * @param disp pointer to an display (NULL to use the default display)
 143:Middlewares/lvgl/examples/layouts/flex/../../../src/core/lv_disp.h ****  */
 144:Middlewares/lvgl/examples/layouts/flex/../../../src/core/lv_disp.h **** void lv_disp_clean_dcache(lv_disp_t * disp);
 145:Middlewares/lvgl/examples/layouts/flex/../../../src/core/lv_disp.h **** 
 146:Middlewares/lvgl/examples/layouts/flex/../../../src/core/lv_disp.h **** /**
 147:Middlewares/lvgl/examples/layouts/flex/../../../src/core/lv_disp.h ****  * Get a pointer to the screen refresher timer to
 148:Middlewares/lvgl/examples/layouts/flex/../../../src/core/lv_disp.h ****  * modify its parameters with `lv_timer_...` functions.
 149:Middlewares/lvgl/examples/layouts/flex/../../../src/core/lv_disp.h ****  * @param disp pointer to a display
 150:Middlewares/lvgl/examples/layouts/flex/../../../src/core/lv_disp.h ****  * @return pointer to the display refresher timer. (NULL on error)
 151:Middlewares/lvgl/examples/layouts/flex/../../../src/core/lv_disp.h ****  */
 152:Middlewares/lvgl/examples/layouts/flex/../../../src/core/lv_disp.h **** lv_timer_t * _lv_disp_get_refr_timer(lv_disp_t * disp);
 153:Middlewares/lvgl/examples/layouts/flex/../../../src/core/lv_disp.h **** 
 154:Middlewares/lvgl/examples/layouts/flex/../../../src/core/lv_disp.h **** /*------------------------------------------------
 155:Middlewares/lvgl/examples/layouts/flex/../../../src/core/lv_disp.h ****  * To improve backward compatibility
 156:Middlewares/lvgl/examples/layouts/flex/../../../src/core/lv_disp.h ****  * Recommended only if you have one display
 157:Middlewares/lvgl/examples/layouts/flex/../../../src/core/lv_disp.h ****  *------------------------------------------------*/
 158:Middlewares/lvgl/examples/layouts/flex/../../../src/core/lv_disp.h **** 
 159:Middlewares/lvgl/examples/layouts/flex/../../../src/core/lv_disp.h **** /**
 160:Middlewares/lvgl/examples/layouts/flex/../../../src/core/lv_disp.h ****  * Get the active screen of the default display
 161:Middlewares/lvgl/examples/layouts/flex/../../../src/core/lv_disp.h ****  * @return pointer to the active screen
 162:Middlewares/lvgl/examples/layouts/flex/../../../src/core/lv_disp.h ****  */
 163:Middlewares/lvgl/examples/layouts/flex/../../../src/core/lv_disp.h **** static inline lv_obj_t * lv_scr_act(void)
  51              		.loc 2 163 26 view .LVU2
  52              	.LBB17:
 164:Middlewares/lvgl/examples/layouts/flex/../../../src/core/lv_disp.h **** {
 165:Middlewares/lvgl/examples/layouts/flex/../../../src/core/lv_disp.h ****     return lv_disp_get_scr_act(lv_disp_get_default());
ARM GAS  /tmp/cc22ld1j.s 			page 5


  53              		.loc 2 165 5 view .LVU3
  54              		.loc 2 165 12 is_stmt 0 view .LVU4
  55 0006 FFF7FEFF 		bl	lv_disp_get_default
  56              	.LVL0:
  57 000a FFF7FEFF 		bl	lv_disp_get_scr_act
  58              	.LVL1:
  59              	.LBE17:
  60              	.LBE16:
  61              		.loc 1 10 27 view .LVU5
  62 000e FFF7FEFF 		bl	lv_obj_create
  63              	.LVL2:
  64 0012 0746     		mov	r7, r0
  65              	.LVL3:
  11:Middlewares/lvgl/examples/layouts/flex/lv_example_flex_1.c ****     lv_obj_set_size(cont_row, 300, 75);
  66              		.loc 1 11 5 is_stmt 1 view .LVU6
  67 0014 4B22     		movs	r2, #75
  68 0016 4FF49671 		mov	r1, #300
  69 001a FFF7FEFF 		bl	lv_obj_set_size
  70              	.LVL4:
  12:Middlewares/lvgl/examples/layouts/flex/lv_example_flex_1.c ****     lv_obj_align(cont_row, LV_ALIGN_TOP_MID, 0, 5);
  71              		.loc 1 12 5 view .LVU7
  72 001e 0523     		movs	r3, #5
  73 0020 0022     		movs	r2, #0
  74 0022 0221     		movs	r1, #2
  75 0024 3846     		mov	r0, r7
  76 0026 FFF7FEFF 		bl	lv_obj_align
  77              	.LVL5:
  13:Middlewares/lvgl/examples/layouts/flex/lv_example_flex_1.c ****     lv_obj_set_flex_flow(cont_row, LV_FLEX_FLOW_ROW);
  78              		.loc 1 13 5 view .LVU8
  79 002a 0021     		movs	r1, #0
  80 002c 3846     		mov	r0, r7
  81 002e FFF7FEFF 		bl	lv_obj_set_flex_flow
  82              	.LVL6:
  14:Middlewares/lvgl/examples/layouts/flex/lv_example_flex_1.c **** 
  15:Middlewares/lvgl/examples/layouts/flex/lv_example_flex_1.c ****     /*Create a container with COLUMN flex direction*/
  16:Middlewares/lvgl/examples/layouts/flex/lv_example_flex_1.c ****     lv_obj_t * cont_col = lv_obj_create(lv_scr_act());
  83              		.loc 1 16 5 view .LVU9
  84              	.LBB18:
  85              	.LBI18:
 163:Middlewares/lvgl/examples/layouts/flex/../../../src/core/lv_disp.h **** {
  86              		.loc 2 163 26 view .LVU10
  87              	.LBB19:
  88              		.loc 2 165 5 view .LVU11
  89              		.loc 2 165 12 is_stmt 0 view .LVU12
  90 0032 FFF7FEFF 		bl	lv_disp_get_default
  91              	.LVL7:
  92 0036 FFF7FEFF 		bl	lv_disp_get_scr_act
  93              	.LVL8:
  94              	.LBE19:
  95              	.LBE18:
  96              		.loc 1 16 27 view .LVU13
  97 003a FFF7FEFF 		bl	lv_obj_create
  98              	.LVL9:
  99 003e 8046     		mov	r8, r0
 100              	.LVL10:
  17:Middlewares/lvgl/examples/layouts/flex/lv_example_flex_1.c ****     lv_obj_set_size(cont_col, 200, 150);
 101              		.loc 1 17 5 is_stmt 1 view .LVU14
ARM GAS  /tmp/cc22ld1j.s 			page 6


 102 0040 9622     		movs	r2, #150
 103 0042 C821     		movs	r1, #200
 104 0044 FFF7FEFF 		bl	lv_obj_set_size
 105              	.LVL11:
  18:Middlewares/lvgl/examples/layouts/flex/lv_example_flex_1.c ****     lv_obj_align_to(cont_col, cont_row, LV_ALIGN_OUT_BOTTOM_MID, 0, 5);
 106              		.loc 1 18 5 view .LVU15
 107 0048 0523     		movs	r3, #5
 108 004a 0093     		str	r3, [sp]
 109 004c 0023     		movs	r3, #0
 110 004e 0E22     		movs	r2, #14
 111 0050 3946     		mov	r1, r7
 112 0052 4046     		mov	r0, r8
 113 0054 FFF7FEFF 		bl	lv_obj_align_to
 114              	.LVL12:
  19:Middlewares/lvgl/examples/layouts/flex/lv_example_flex_1.c ****     lv_obj_set_flex_flow(cont_col, LV_FLEX_FLOW_COLUMN);
 115              		.loc 1 19 5 view .LVU16
 116 0058 0121     		movs	r1, #1
 117 005a 4046     		mov	r0, r8
 118 005c FFF7FEFF 		bl	lv_obj_set_flex_flow
 119              	.LVL13:
  20:Middlewares/lvgl/examples/layouts/flex/lv_example_flex_1.c **** 
  21:Middlewares/lvgl/examples/layouts/flex/lv_example_flex_1.c ****     uint32_t i;
 120              		.loc 1 21 5 view .LVU17
  22:Middlewares/lvgl/examples/layouts/flex/lv_example_flex_1.c ****     for(i = 0; i < 10; i++) {
 121              		.loc 1 22 5 view .LVU18
 122              		.loc 1 22 11 is_stmt 0 view .LVU19
 123 0060 0024     		movs	r4, #0
 124              		.loc 1 22 5 view .LVU20
 125 0062 30E0     		b	.L2
 126              	.LVL14:
 127              	.L3:
 128              	.LBB20:
  23:Middlewares/lvgl/examples/layouts/flex/lv_example_flex_1.c ****         lv_obj_t * obj;
 129              		.loc 1 23 9 is_stmt 1 discriminator 3 view .LVU21
  24:Middlewares/lvgl/examples/layouts/flex/lv_example_flex_1.c ****         lv_obj_t * label;
 130              		.loc 1 24 9 discriminator 3 view .LVU22
  25:Middlewares/lvgl/examples/layouts/flex/lv_example_flex_1.c **** 
  26:Middlewares/lvgl/examples/layouts/flex/lv_example_flex_1.c ****         /*Add items to the row*/
  27:Middlewares/lvgl/examples/layouts/flex/lv_example_flex_1.c ****         obj= lv_btn_create(cont_row);
 131              		.loc 1 27 9 discriminator 3 view .LVU23
 132              		.loc 1 27 14 is_stmt 0 discriminator 3 view .LVU24
 133 0064 3846     		mov	r0, r7
 134 0066 FFF7FEFF 		bl	lv_btn_create
 135              	.LVL15:
 136 006a 0546     		mov	r5, r0
 137              	.LVL16:
  28:Middlewares/lvgl/examples/layouts/flex/lv_example_flex_1.c ****         lv_obj_set_size(obj, 100, LV_PCT(100));
 138              		.loc 1 28 9 is_stmt 1 discriminator 3 view .LVU25
 139 006c 42F26402 		movw	r2, #8292
 140 0070 6421     		movs	r1, #100
 141 0072 FFF7FEFF 		bl	lv_obj_set_size
 142              	.LVL17:
  29:Middlewares/lvgl/examples/layouts/flex/lv_example_flex_1.c **** 
  30:Middlewares/lvgl/examples/layouts/flex/lv_example_flex_1.c ****         label = lv_label_create(obj);
 143              		.loc 1 30 9 discriminator 3 view .LVU26
 144              		.loc 1 30 17 is_stmt 0 discriminator 3 view .LVU27
 145 0076 2846     		mov	r0, r5
ARM GAS  /tmp/cc22ld1j.s 			page 7


 146 0078 FFF7FEFF 		bl	lv_label_create
 147              	.LVL18:
 148 007c 0546     		mov	r5, r0
 149              	.LVL19:
  31:Middlewares/lvgl/examples/layouts/flex/lv_example_flex_1.c ****         lv_label_set_text_fmt(label, "Item: %d", i);
 150              		.loc 1 31 9 is_stmt 1 discriminator 3 view .LVU28
 151 007e 144E     		ldr	r6, .L5
 152 0080 2246     		mov	r2, r4
 153 0082 3146     		mov	r1, r6
 154 0084 FFF7FEFF 		bl	lv_label_set_text_fmt
 155              	.LVL20:
  32:Middlewares/lvgl/examples/layouts/flex/lv_example_flex_1.c ****         lv_obj_center(label);
 156              		.loc 1 32 9 discriminator 3 view .LVU29
 157              	.LBB21:
 158              	.LBI21:
 159              		.file 3 "Middlewares/lvgl/examples/layouts/flex/../../../src/core/lv_obj_pos.h"
   1:Middlewares/lvgl/examples/layouts/flex/../../../src/core/lv_obj_pos.h **** /**
   2:Middlewares/lvgl/examples/layouts/flex/../../../src/core/lv_obj_pos.h ****  * @file lv_obj_pos.h
   3:Middlewares/lvgl/examples/layouts/flex/../../../src/core/lv_obj_pos.h ****  *
   4:Middlewares/lvgl/examples/layouts/flex/../../../src/core/lv_obj_pos.h ****  */
   5:Middlewares/lvgl/examples/layouts/flex/../../../src/core/lv_obj_pos.h **** 
   6:Middlewares/lvgl/examples/layouts/flex/../../../src/core/lv_obj_pos.h **** #ifndef LV_OBJ_POS_H
   7:Middlewares/lvgl/examples/layouts/flex/../../../src/core/lv_obj_pos.h **** #define LV_OBJ_POS_H
   8:Middlewares/lvgl/examples/layouts/flex/../../../src/core/lv_obj_pos.h **** 
   9:Middlewares/lvgl/examples/layouts/flex/../../../src/core/lv_obj_pos.h **** #ifdef __cplusplus
  10:Middlewares/lvgl/examples/layouts/flex/../../../src/core/lv_obj_pos.h **** extern "C" {
  11:Middlewares/lvgl/examples/layouts/flex/../../../src/core/lv_obj_pos.h **** #endif
  12:Middlewares/lvgl/examples/layouts/flex/../../../src/core/lv_obj_pos.h **** 
  13:Middlewares/lvgl/examples/layouts/flex/../../../src/core/lv_obj_pos.h **** /*********************
  14:Middlewares/lvgl/examples/layouts/flex/../../../src/core/lv_obj_pos.h ****  *      INCLUDES
  15:Middlewares/lvgl/examples/layouts/flex/../../../src/core/lv_obj_pos.h ****  *********************/
  16:Middlewares/lvgl/examples/layouts/flex/../../../src/core/lv_obj_pos.h **** #include "../misc/lv_area.h"
  17:Middlewares/lvgl/examples/layouts/flex/../../../src/core/lv_obj_pos.h **** 
  18:Middlewares/lvgl/examples/layouts/flex/../../../src/core/lv_obj_pos.h **** /*********************
  19:Middlewares/lvgl/examples/layouts/flex/../../../src/core/lv_obj_pos.h ****  *      DEFINES
  20:Middlewares/lvgl/examples/layouts/flex/../../../src/core/lv_obj_pos.h ****  *********************/
  21:Middlewares/lvgl/examples/layouts/flex/../../../src/core/lv_obj_pos.h **** 
  22:Middlewares/lvgl/examples/layouts/flex/../../../src/core/lv_obj_pos.h **** /**********************
  23:Middlewares/lvgl/examples/layouts/flex/../../../src/core/lv_obj_pos.h ****  *      TYPEDEFS
  24:Middlewares/lvgl/examples/layouts/flex/../../../src/core/lv_obj_pos.h ****  **********************/
  25:Middlewares/lvgl/examples/layouts/flex/../../../src/core/lv_obj_pos.h **** struct _lv_obj_t;
  26:Middlewares/lvgl/examples/layouts/flex/../../../src/core/lv_obj_pos.h **** 
  27:Middlewares/lvgl/examples/layouts/flex/../../../src/core/lv_obj_pos.h **** typedef void (*lv_layout_update_cb_t)(struct _lv_obj_t *, void * user_data);
  28:Middlewares/lvgl/examples/layouts/flex/../../../src/core/lv_obj_pos.h **** typedef struct {
  29:Middlewares/lvgl/examples/layouts/flex/../../../src/core/lv_obj_pos.h ****     lv_layout_update_cb_t cb;
  30:Middlewares/lvgl/examples/layouts/flex/../../../src/core/lv_obj_pos.h ****     void * user_data;
  31:Middlewares/lvgl/examples/layouts/flex/../../../src/core/lv_obj_pos.h **** }lv_layout_dsc_t;
  32:Middlewares/lvgl/examples/layouts/flex/../../../src/core/lv_obj_pos.h **** 
  33:Middlewares/lvgl/examples/layouts/flex/../../../src/core/lv_obj_pos.h **** /**********************
  34:Middlewares/lvgl/examples/layouts/flex/../../../src/core/lv_obj_pos.h ****  * GLOBAL PROTOTYPES
  35:Middlewares/lvgl/examples/layouts/flex/../../../src/core/lv_obj_pos.h ****  **********************/
  36:Middlewares/lvgl/examples/layouts/flex/../../../src/core/lv_obj_pos.h **** 
  37:Middlewares/lvgl/examples/layouts/flex/../../../src/core/lv_obj_pos.h **** /**
  38:Middlewares/lvgl/examples/layouts/flex/../../../src/core/lv_obj_pos.h ****  * Set the relative the position of an object (relative to the parent's top left corner)
  39:Middlewares/lvgl/examples/layouts/flex/../../../src/core/lv_obj_pos.h ****  * @param obj       pointer to an object
  40:Middlewares/lvgl/examples/layouts/flex/../../../src/core/lv_obj_pos.h ****  * @param x         new distance from the left side of the parent plus the parent's left padding
  41:Middlewares/lvgl/examples/layouts/flex/../../../src/core/lv_obj_pos.h ****  * @param y         new distance from the top side of the parent  plus the parent's right padding
ARM GAS  /tmp/cc22ld1j.s 			page 8


  42:Middlewares/lvgl/examples/layouts/flex/../../../src/core/lv_obj_pos.h ****  */
  43:Middlewares/lvgl/examples/layouts/flex/../../../src/core/lv_obj_pos.h **** void lv_obj_set_pos(struct _lv_obj_t * obj, lv_coord_t x, lv_coord_t y);
  44:Middlewares/lvgl/examples/layouts/flex/../../../src/core/lv_obj_pos.h **** 
  45:Middlewares/lvgl/examples/layouts/flex/../../../src/core/lv_obj_pos.h **** /**
  46:Middlewares/lvgl/examples/layouts/flex/../../../src/core/lv_obj_pos.h ****  * Set the x coordinate of a object
  47:Middlewares/lvgl/examples/layouts/flex/../../../src/core/lv_obj_pos.h ****  * @param obj       pointer to an object
  48:Middlewares/lvgl/examples/layouts/flex/../../../src/core/lv_obj_pos.h ****  * @param x         new distance from the left side from the parent plus the parent's left padding
  49:Middlewares/lvgl/examples/layouts/flex/../../../src/core/lv_obj_pos.h ****  */
  50:Middlewares/lvgl/examples/layouts/flex/../../../src/core/lv_obj_pos.h **** void lv_obj_set_x(struct _lv_obj_t * obj, lv_coord_t x);
  51:Middlewares/lvgl/examples/layouts/flex/../../../src/core/lv_obj_pos.h **** 
  52:Middlewares/lvgl/examples/layouts/flex/../../../src/core/lv_obj_pos.h **** /**
  53:Middlewares/lvgl/examples/layouts/flex/../../../src/core/lv_obj_pos.h ****  * Set the y coordinate of a object
  54:Middlewares/lvgl/examples/layouts/flex/../../../src/core/lv_obj_pos.h ****  * @param obj       pointer to an object
  55:Middlewares/lvgl/examples/layouts/flex/../../../src/core/lv_obj_pos.h ****  * @param y         new distance from the top of the parent  plus the parent's top padding
  56:Middlewares/lvgl/examples/layouts/flex/../../../src/core/lv_obj_pos.h ****  */
  57:Middlewares/lvgl/examples/layouts/flex/../../../src/core/lv_obj_pos.h **** void lv_obj_set_y(struct _lv_obj_t * obj, lv_coord_t y);
  58:Middlewares/lvgl/examples/layouts/flex/../../../src/core/lv_obj_pos.h **** 
  59:Middlewares/lvgl/examples/layouts/flex/../../../src/core/lv_obj_pos.h **** /**
  60:Middlewares/lvgl/examples/layouts/flex/../../../src/core/lv_obj_pos.h ****  * Set the size of an object.
  61:Middlewares/lvgl/examples/layouts/flex/../../../src/core/lv_obj_pos.h ****  * @param obj       pointer to an object
  62:Middlewares/lvgl/examples/layouts/flex/../../../src/core/lv_obj_pos.h ****  * @param w         the new width
  63:Middlewares/lvgl/examples/layouts/flex/../../../src/core/lv_obj_pos.h ****  * @param h         the new height
  64:Middlewares/lvgl/examples/layouts/flex/../../../src/core/lv_obj_pos.h ****  * @note            possible values are:
  65:Middlewares/lvgl/examples/layouts/flex/../../../src/core/lv_obj_pos.h ****  *                  pixel               simple set the size accordingly
  66:Middlewares/lvgl/examples/layouts/flex/../../../src/core/lv_obj_pos.h ****  *                  LV_SIZE_CONTENT     set the size to involve all children in the given direction
  67:Middlewares/lvgl/examples/layouts/flex/../../../src/core/lv_obj_pos.h ****  *                  LV_SIZE_PCT(x)     to set size in percentage of the parent's content area size 
  68:Middlewares/lvgl/examples/layouts/flex/../../../src/core/lv_obj_pos.h ****  *                                      x should be in [0..1000]% range
  69:Middlewares/lvgl/examples/layouts/flex/../../../src/core/lv_obj_pos.h ****  */
  70:Middlewares/lvgl/examples/layouts/flex/../../../src/core/lv_obj_pos.h **** void lv_obj_set_size(struct _lv_obj_t * obj, lv_coord_t w, lv_coord_t h);
  71:Middlewares/lvgl/examples/layouts/flex/../../../src/core/lv_obj_pos.h **** 
  72:Middlewares/lvgl/examples/layouts/flex/../../../src/core/lv_obj_pos.h **** /**
  73:Middlewares/lvgl/examples/layouts/flex/../../../src/core/lv_obj_pos.h ****  * Recalculate the size of the object
  74:Middlewares/lvgl/examples/layouts/flex/../../../src/core/lv_obj_pos.h ****  * @param obj       pointer to an object
  75:Middlewares/lvgl/examples/layouts/flex/../../../src/core/lv_obj_pos.h ****  * @return          true: the size has been changed
  76:Middlewares/lvgl/examples/layouts/flex/../../../src/core/lv_obj_pos.h ****  */
  77:Middlewares/lvgl/examples/layouts/flex/../../../src/core/lv_obj_pos.h **** bool lv_obj_refr_size(struct _lv_obj_t * obj);
  78:Middlewares/lvgl/examples/layouts/flex/../../../src/core/lv_obj_pos.h **** 
  79:Middlewares/lvgl/examples/layouts/flex/../../../src/core/lv_obj_pos.h **** /**
  80:Middlewares/lvgl/examples/layouts/flex/../../../src/core/lv_obj_pos.h ****  * Set the width of an object
  81:Middlewares/lvgl/examples/layouts/flex/../../../src/core/lv_obj_pos.h ****  * @param obj       pointer to an object
  82:Middlewares/lvgl/examples/layouts/flex/../../../src/core/lv_obj_pos.h ****  * @param w         the new width
  83:Middlewares/lvgl/examples/layouts/flex/../../../src/core/lv_obj_pos.h ****  * @note            possible values are:
  84:Middlewares/lvgl/examples/layouts/flex/../../../src/core/lv_obj_pos.h ****  *                  pixel               simple set the size accordingly
  85:Middlewares/lvgl/examples/layouts/flex/../../../src/core/lv_obj_pos.h ****  *                  LV_SIZE_CONTENT     set the size to involve all children in the given direction
  86:Middlewares/lvgl/examples/layouts/flex/../../../src/core/lv_obj_pos.h ****  *                  lv_pct(x)           to set size in percentage of the parent's content area size
  87:Middlewares/lvgl/examples/layouts/flex/../../../src/core/lv_obj_pos.h ****  *                                      x should be in [0..1000]% range
  88:Middlewares/lvgl/examples/layouts/flex/../../../src/core/lv_obj_pos.h ****  */
  89:Middlewares/lvgl/examples/layouts/flex/../../../src/core/lv_obj_pos.h **** void lv_obj_set_width(struct _lv_obj_t * obj, lv_coord_t w);
  90:Middlewares/lvgl/examples/layouts/flex/../../../src/core/lv_obj_pos.h **** 
  91:Middlewares/lvgl/examples/layouts/flex/../../../src/core/lv_obj_pos.h **** /**
  92:Middlewares/lvgl/examples/layouts/flex/../../../src/core/lv_obj_pos.h ****  * Set the height of an object
  93:Middlewares/lvgl/examples/layouts/flex/../../../src/core/lv_obj_pos.h ****  * @param obj       pointer to an object
  94:Middlewares/lvgl/examples/layouts/flex/../../../src/core/lv_obj_pos.h ****  * @param h         the new height
  95:Middlewares/lvgl/examples/layouts/flex/../../../src/core/lv_obj_pos.h ****  * @note            possible values are:
  96:Middlewares/lvgl/examples/layouts/flex/../../../src/core/lv_obj_pos.h ****  *                  pixel               simple set the size accordingly
  97:Middlewares/lvgl/examples/layouts/flex/../../../src/core/lv_obj_pos.h ****  *                  LV_SIZE_CONTENT     set the size to involve all children in the given direction
  98:Middlewares/lvgl/examples/layouts/flex/../../../src/core/lv_obj_pos.h ****  *                  lv_pct(x)           to set size in percentage of the parent's content area size
ARM GAS  /tmp/cc22ld1j.s 			page 9


  99:Middlewares/lvgl/examples/layouts/flex/../../../src/core/lv_obj_pos.h ****  *                                      x should be in [0..1000]% range
 100:Middlewares/lvgl/examples/layouts/flex/../../../src/core/lv_obj_pos.h ****  */
 101:Middlewares/lvgl/examples/layouts/flex/../../../src/core/lv_obj_pos.h **** void lv_obj_set_height(struct _lv_obj_t * obj, lv_coord_t h);
 102:Middlewares/lvgl/examples/layouts/flex/../../../src/core/lv_obj_pos.h **** 
 103:Middlewares/lvgl/examples/layouts/flex/../../../src/core/lv_obj_pos.h **** /**
 104:Middlewares/lvgl/examples/layouts/flex/../../../src/core/lv_obj_pos.h ****  * Set the width reduced by the left and right padding and the border width.
 105:Middlewares/lvgl/examples/layouts/flex/../../../src/core/lv_obj_pos.h ****  * @param obj       pointer to an object
 106:Middlewares/lvgl/examples/layouts/flex/../../../src/core/lv_obj_pos.h ****  * @param w         the width without paddings in pixels
 107:Middlewares/lvgl/examples/layouts/flex/../../../src/core/lv_obj_pos.h ****  */
 108:Middlewares/lvgl/examples/layouts/flex/../../../src/core/lv_obj_pos.h **** void lv_obj_set_content_width(struct _lv_obj_t * obj, lv_coord_t w);
 109:Middlewares/lvgl/examples/layouts/flex/../../../src/core/lv_obj_pos.h **** 
 110:Middlewares/lvgl/examples/layouts/flex/../../../src/core/lv_obj_pos.h **** /**
 111:Middlewares/lvgl/examples/layouts/flex/../../../src/core/lv_obj_pos.h ****  * Set the height reduced by the top and bottom padding and the border width.
 112:Middlewares/lvgl/examples/layouts/flex/../../../src/core/lv_obj_pos.h ****  * @param obj       pointer to an object
 113:Middlewares/lvgl/examples/layouts/flex/../../../src/core/lv_obj_pos.h ****  * @param h         the height without paddings in pixels
 114:Middlewares/lvgl/examples/layouts/flex/../../../src/core/lv_obj_pos.h ****  */
 115:Middlewares/lvgl/examples/layouts/flex/../../../src/core/lv_obj_pos.h **** void lv_obj_set_content_height(struct _lv_obj_t * obj, lv_coord_t h);
 116:Middlewares/lvgl/examples/layouts/flex/../../../src/core/lv_obj_pos.h **** 
 117:Middlewares/lvgl/examples/layouts/flex/../../../src/core/lv_obj_pos.h **** /**
 118:Middlewares/lvgl/examples/layouts/flex/../../../src/core/lv_obj_pos.h ****  * Set a layout for an object
 119:Middlewares/lvgl/examples/layouts/flex/../../../src/core/lv_obj_pos.h ****  * @param obj       pointer to an object
 120:Middlewares/lvgl/examples/layouts/flex/../../../src/core/lv_obj_pos.h ****  * @param layout    pointer to a layout descriptor to set
 121:Middlewares/lvgl/examples/layouts/flex/../../../src/core/lv_obj_pos.h ****  */
 122:Middlewares/lvgl/examples/layouts/flex/../../../src/core/lv_obj_pos.h **** void lv_obj_set_layout(struct _lv_obj_t * obj, uint32_t layout);
 123:Middlewares/lvgl/examples/layouts/flex/../../../src/core/lv_obj_pos.h **** 
 124:Middlewares/lvgl/examples/layouts/flex/../../../src/core/lv_obj_pos.h **** /**
 125:Middlewares/lvgl/examples/layouts/flex/../../../src/core/lv_obj_pos.h ****  * Test whether the and object is positioned by a layout or not
 126:Middlewares/lvgl/examples/layouts/flex/../../../src/core/lv_obj_pos.h ****  * @param obj       pointer to an object to test
 127:Middlewares/lvgl/examples/layouts/flex/../../../src/core/lv_obj_pos.h ****  * @return true:    positioned by a layout; false: not positioned by a layout
 128:Middlewares/lvgl/examples/layouts/flex/../../../src/core/lv_obj_pos.h ****  */
 129:Middlewares/lvgl/examples/layouts/flex/../../../src/core/lv_obj_pos.h **** bool lv_obj_is_layout_positioned(const struct _lv_obj_t * obj);
 130:Middlewares/lvgl/examples/layouts/flex/../../../src/core/lv_obj_pos.h **** 
 131:Middlewares/lvgl/examples/layouts/flex/../../../src/core/lv_obj_pos.h **** /**
 132:Middlewares/lvgl/examples/layouts/flex/../../../src/core/lv_obj_pos.h ****  * Mark the object for layout update.
 133:Middlewares/lvgl/examples/layouts/flex/../../../src/core/lv_obj_pos.h ****  * @param obj      pointer to an object whose children needs to be updated
 134:Middlewares/lvgl/examples/layouts/flex/../../../src/core/lv_obj_pos.h ****  */
 135:Middlewares/lvgl/examples/layouts/flex/../../../src/core/lv_obj_pos.h **** void lv_obj_mark_layout_as_dirty(struct _lv_obj_t * obj);
 136:Middlewares/lvgl/examples/layouts/flex/../../../src/core/lv_obj_pos.h **** 
 137:Middlewares/lvgl/examples/layouts/flex/../../../src/core/lv_obj_pos.h **** /**
 138:Middlewares/lvgl/examples/layouts/flex/../../../src/core/lv_obj_pos.h ****  * Update the layout of an object.
 139:Middlewares/lvgl/examples/layouts/flex/../../../src/core/lv_obj_pos.h ****  * @param obj      pointer to an object whose children needs to be updated
 140:Middlewares/lvgl/examples/layouts/flex/../../../src/core/lv_obj_pos.h ****  */
 141:Middlewares/lvgl/examples/layouts/flex/../../../src/core/lv_obj_pos.h **** void lv_obj_update_layout(const struct _lv_obj_t * obj);
 142:Middlewares/lvgl/examples/layouts/flex/../../../src/core/lv_obj_pos.h **** 
 143:Middlewares/lvgl/examples/layouts/flex/../../../src/core/lv_obj_pos.h **** /**
 144:Middlewares/lvgl/examples/layouts/flex/../../../src/core/lv_obj_pos.h ****  * Regsiter a new layout
 145:Middlewares/lvgl/examples/layouts/flex/../../../src/core/lv_obj_pos.h ****  * @param cb        the layout update callback
 146:Middlewares/lvgl/examples/layouts/flex/../../../src/core/lv_obj_pos.h ****  * @param user_data custom data that will be passed to `cb`
 147:Middlewares/lvgl/examples/layouts/flex/../../../src/core/lv_obj_pos.h ****  * @return          the ID of the new layout
 148:Middlewares/lvgl/examples/layouts/flex/../../../src/core/lv_obj_pos.h ****  */
 149:Middlewares/lvgl/examples/layouts/flex/../../../src/core/lv_obj_pos.h **** uint32_t lv_layout_register(lv_layout_update_cb_t cb, void * user_data);
 150:Middlewares/lvgl/examples/layouts/flex/../../../src/core/lv_obj_pos.h **** 
 151:Middlewares/lvgl/examples/layouts/flex/../../../src/core/lv_obj_pos.h **** /**
 152:Middlewares/lvgl/examples/layouts/flex/../../../src/core/lv_obj_pos.h ****  * Change the alignment of an object.
 153:Middlewares/lvgl/examples/layouts/flex/../../../src/core/lv_obj_pos.h ****  * @param obj       pointer to an object to align
 154:Middlewares/lvgl/examples/layouts/flex/../../../src/core/lv_obj_pos.h ****  * @param align     type of alignment (see 'lv_align_t' enum) `LV_ALIGN_OUT_...` can't be used.
 155:Middlewares/lvgl/examples/layouts/flex/../../../src/core/lv_obj_pos.h ****  */
ARM GAS  /tmp/cc22ld1j.s 			page 10


 156:Middlewares/lvgl/examples/layouts/flex/../../../src/core/lv_obj_pos.h **** void lv_obj_set_align(struct _lv_obj_t * obj, lv_align_t align);
 157:Middlewares/lvgl/examples/layouts/flex/../../../src/core/lv_obj_pos.h **** 
 158:Middlewares/lvgl/examples/layouts/flex/../../../src/core/lv_obj_pos.h **** /**
 159:Middlewares/lvgl/examples/layouts/flex/../../../src/core/lv_obj_pos.h ****  * Change the alignment of an object and set new coordinates.
 160:Middlewares/lvgl/examples/layouts/flex/../../../src/core/lv_obj_pos.h ****  * Equivalent to:
 161:Middlewares/lvgl/examples/layouts/flex/../../../src/core/lv_obj_pos.h ****  * lv_obj_set_align(obj, align);
 162:Middlewares/lvgl/examples/layouts/flex/../../../src/core/lv_obj_pos.h ****  * lv_obj_set_pos(obj, x_ofs, y_ofs);
 163:Middlewares/lvgl/examples/layouts/flex/../../../src/core/lv_obj_pos.h ****  * @param obj       pointer to an object to align
 164:Middlewares/lvgl/examples/layouts/flex/../../../src/core/lv_obj_pos.h ****  * @param align     type of alignment (see 'lv_align_t' enum) `LV_ALIGN_OUT_...` can't be used.
 165:Middlewares/lvgl/examples/layouts/flex/../../../src/core/lv_obj_pos.h ****  * @param x_ofs     x coordinate offset after alignment
 166:Middlewares/lvgl/examples/layouts/flex/../../../src/core/lv_obj_pos.h ****  * @param y_ofs     y coordinate offset after alignment
 167:Middlewares/lvgl/examples/layouts/flex/../../../src/core/lv_obj_pos.h ****  */
 168:Middlewares/lvgl/examples/layouts/flex/../../../src/core/lv_obj_pos.h **** void lv_obj_align(struct _lv_obj_t * obj, lv_align_t align, lv_coord_t x_ofs, lv_coord_t y_ofs);
 169:Middlewares/lvgl/examples/layouts/flex/../../../src/core/lv_obj_pos.h **** 
 170:Middlewares/lvgl/examples/layouts/flex/../../../src/core/lv_obj_pos.h **** /**
 171:Middlewares/lvgl/examples/layouts/flex/../../../src/core/lv_obj_pos.h ****  * Align an object to an other object.
 172:Middlewares/lvgl/examples/layouts/flex/../../../src/core/lv_obj_pos.h ****  * @param obj       pointer to an object to align
 173:Middlewares/lvgl/examples/layouts/flex/../../../src/core/lv_obj_pos.h ****  * @param base      pointer to an other object (if NULL `obj`s parent is used). 'obj' will be align
 174:Middlewares/lvgl/examples/layouts/flex/../../../src/core/lv_obj_pos.h ****  * @param align     type of alignment (see 'lv_align_t' enum)
 175:Middlewares/lvgl/examples/layouts/flex/../../../src/core/lv_obj_pos.h ****  * @param x_ofs     x coordinate offset after alignment
 176:Middlewares/lvgl/examples/layouts/flex/../../../src/core/lv_obj_pos.h ****  * @param y_ofs     y coordinate offset after alignment
 177:Middlewares/lvgl/examples/layouts/flex/../../../src/core/lv_obj_pos.h ****  * @note            if the position or size of `base` changes `obj` needs to be aligned manually ag
 178:Middlewares/lvgl/examples/layouts/flex/../../../src/core/lv_obj_pos.h ****  */
 179:Middlewares/lvgl/examples/layouts/flex/../../../src/core/lv_obj_pos.h **** void lv_obj_align_to(struct _lv_obj_t * obj, const struct _lv_obj_t * base, lv_align_t align, lv_co
 180:Middlewares/lvgl/examples/layouts/flex/../../../src/core/lv_obj_pos.h **** 
 181:Middlewares/lvgl/examples/layouts/flex/../../../src/core/lv_obj_pos.h **** /**
 182:Middlewares/lvgl/examples/layouts/flex/../../../src/core/lv_obj_pos.h ****  * Align an object to the center on its parent.
 183:Middlewares/lvgl/examples/layouts/flex/../../../src/core/lv_obj_pos.h ****  * @param obj       pointer to an object to align
 184:Middlewares/lvgl/examples/layouts/flex/../../../src/core/lv_obj_pos.h ****  * @note            if the parent size changes `obj` needs to be aligned manually again
 185:Middlewares/lvgl/examples/layouts/flex/../../../src/core/lv_obj_pos.h ****  */
 186:Middlewares/lvgl/examples/layouts/flex/../../../src/core/lv_obj_pos.h **** static inline void lv_obj_center(struct _lv_obj_t * obj)
 160              		.loc 3 186 20 discriminator 3 view .LVU30
 161              	.LBB22:
 187:Middlewares/lvgl/examples/layouts/flex/../../../src/core/lv_obj_pos.h **** {
 188:Middlewares/lvgl/examples/layouts/flex/../../../src/core/lv_obj_pos.h ****     lv_obj_align(obj, LV_ALIGN_CENTER, 0, 0);
 162              		.loc 3 188 5 discriminator 3 view .LVU31
 163 0088 0023     		movs	r3, #0
 164 008a 1A46     		mov	r2, r3
 165 008c 0921     		movs	r1, #9
 166 008e 2846     		mov	r0, r5
 167 0090 FFF7FEFF 		bl	lv_obj_align
 168              	.LVL21:
 169              		.loc 3 188 5 is_stmt 0 discriminator 3 view .LVU32
 170              	.LBE22:
 171              	.LBE21:
  33:Middlewares/lvgl/examples/layouts/flex/lv_example_flex_1.c **** 
  34:Middlewares/lvgl/examples/layouts/flex/lv_example_flex_1.c ****         /*Add items to the column*/
  35:Middlewares/lvgl/examples/layouts/flex/lv_example_flex_1.c ****         obj = lv_btn_create(cont_col);
 172              		.loc 1 35 9 is_stmt 1 discriminator 3 view .LVU33
 173              		.loc 1 35 15 is_stmt 0 discriminator 3 view .LVU34
 174 0094 4046     		mov	r0, r8
 175 0096 FFF7FEFF 		bl	lv_btn_create
 176              	.LVL22:
 177 009a 0546     		mov	r5, r0
 178              	.LVL23:
  36:Middlewares/lvgl/examples/layouts/flex/lv_example_flex_1.c ****         lv_obj_set_size(obj, LV_PCT(100), LV_SIZE_CONTENT);
 179              		.loc 1 36 9 is_stmt 1 discriminator 3 view .LVU35
ARM GAS  /tmp/cc22ld1j.s 			page 11


 180 009c 42F2D172 		movw	r2, #10193
 181 00a0 42F26401 		movw	r1, #8292
 182 00a4 FFF7FEFF 		bl	lv_obj_set_size
 183              	.LVL24:
  37:Middlewares/lvgl/examples/layouts/flex/lv_example_flex_1.c **** 
  38:Middlewares/lvgl/examples/layouts/flex/lv_example_flex_1.c ****         label = lv_label_create(obj);
 184              		.loc 1 38 9 discriminator 3 view .LVU36
 185              		.loc 1 38 17 is_stmt 0 discriminator 3 view .LVU37
 186 00a8 2846     		mov	r0, r5
 187 00aa FFF7FEFF 		bl	lv_label_create
 188              	.LVL25:
 189 00ae 0546     		mov	r5, r0
 190              	.LVL26:
  39:Middlewares/lvgl/examples/layouts/flex/lv_example_flex_1.c ****         lv_label_set_text_fmt(label, "Item: %d", i);
 191              		.loc 1 39 9 is_stmt 1 discriminator 3 view .LVU38
 192 00b0 2246     		mov	r2, r4
 193 00b2 3146     		mov	r1, r6
 194 00b4 FFF7FEFF 		bl	lv_label_set_text_fmt
 195              	.LVL27:
  40:Middlewares/lvgl/examples/layouts/flex/lv_example_flex_1.c ****         lv_obj_center(label);
 196              		.loc 1 40 9 discriminator 3 view .LVU39
 197              	.LBB23:
 198              	.LBI23:
 186:Middlewares/lvgl/examples/layouts/flex/../../../src/core/lv_obj_pos.h **** {
 199              		.loc 3 186 20 discriminator 3 view .LVU40
 200              	.LBB24:
 201              		.loc 3 188 5 discriminator 3 view .LVU41
 202 00b8 0023     		movs	r3, #0
 203 00ba 1A46     		mov	r2, r3
 204 00bc 0921     		movs	r1, #9
 205 00be 2846     		mov	r0, r5
 206 00c0 FFF7FEFF 		bl	lv_obj_align
 207              	.LVL28:
 208              		.loc 3 188 5 is_stmt 0 discriminator 3 view .LVU42
 209              	.LBE24:
 210              	.LBE23:
 211              	.LBE20:
  22:Middlewares/lvgl/examples/layouts/flex/lv_example_flex_1.c ****         lv_obj_t * obj;
 212              		.loc 1 22 24 is_stmt 1 discriminator 3 view .LVU43
  22:Middlewares/lvgl/examples/layouts/flex/lv_example_flex_1.c ****         lv_obj_t * obj;
 213              		.loc 1 22 25 is_stmt 0 discriminator 3 view .LVU44
 214 00c4 0134     		adds	r4, r4, #1
 215              	.LVL29:
 216              	.L2:
  22:Middlewares/lvgl/examples/layouts/flex/lv_example_flex_1.c ****         lv_obj_t * obj;
 217              		.loc 1 22 16 is_stmt 1 discriminator 1 view .LVU45
  22:Middlewares/lvgl/examples/layouts/flex/lv_example_flex_1.c ****         lv_obj_t * obj;
 218              		.loc 1 22 5 is_stmt 0 discriminator 1 view .LVU46
 219 00c6 092C     		cmp	r4, #9
 220 00c8 CCD9     		bls	.L3
  41:Middlewares/lvgl/examples/layouts/flex/lv_example_flex_1.c ****     }
  42:Middlewares/lvgl/examples/layouts/flex/lv_example_flex_1.c **** }
 221              		.loc 1 42 1 view .LVU47
 222 00ca 02B0     		add	sp, sp, #8
 223              	.LCFI2:
 224              		.cfi_def_cfa_offset 24
 225              		@ sp needed
ARM GAS  /tmp/cc22ld1j.s 			page 12


 226 00cc BDE8F081 		pop	{r4, r5, r6, r7, r8, pc}
 227              	.LVL30:
 228              	.L6:
 229              		.loc 1 42 1 view .LVU48
 230              		.align	2
 231              	.L5:
 232 00d0 00000000 		.word	.LC0
 233              		.cfi_endproc
 234              	.LFE184:
 236              		.text
 237              	.Letext0:
 238              		.file 4 "/home/akinya/gcc-arm-none-eabi/arm-none-eabi/include/machine/_default_types.h"
 239              		.file 5 "/home/akinya/gcc-arm-none-eabi/arm-none-eabi/include/sys/_stdint.h"
 240              		.file 6 "Middlewares/lvgl/examples/layouts/flex/../../../src/misc/lv_ll.h"
 241              		.file 7 "Middlewares/lvgl/examples/layouts/flex/../../../src/hal/../misc/lv_color.h"
 242              		.file 8 "Middlewares/lvgl/examples/layouts/flex/../../../src/hal/../misc/lv_area.h"
 243              		.file 9 "Middlewares/lvgl/examples/layouts/flex/../../../src/core/lv_obj.h"
 244              		.file 10 "Middlewares/lvgl/examples/layouts/flex/../../../src/core/lv_group.h"
 245              		.file 11 "Middlewares/lvgl/examples/layouts/flex/../../../src/core/../misc/lv_style.h"
 246              		.file 12 "Middlewares/lvgl/examples/layouts/flex/../../../src/core/lv_obj_scroll.h"
 247              		.file 13 "Middlewares/lvgl/examples/layouts/flex/../../../src/core/lv_obj_style.h"
 248              		.file 14 "Middlewares/lvgl/examples/layouts/flex/../../../src/core/lv_obj_class.h"
 249              		.file 15 "Middlewares/lvgl/examples/layouts/flex/../../../src/core/lv_event.h"
 250              		.file 16 "Middlewares/lvgl/examples/layouts/flex/../../../src/extra/widgets/list/../../layouts/fle
 251              		.file 17 "Middlewares/lvgl/examples/layouts/flex/../../../src/widgets/lv_btn.h"
 252              		.file 18 "Middlewares/lvgl/examples/layouts/flex/../../../src/widgets/lv_label.h"
 253              		.file 19 "Middlewares/lvgl/examples/layouts/flex/../../../src/hal/lv_hal_disp.h"
ARM GAS  /tmp/cc22ld1j.s 			page 13


DEFINED SYMBOLS
                            *ABS*:0000000000000000 lv_example_flex_1.c
     /tmp/cc22ld1j.s:16     .rodata.lv_example_flex_1.str1.4:0000000000000000 $d
     /tmp/cc22ld1j.s:20     .text.lv_example_flex_1:0000000000000000 $t
     /tmp/cc22ld1j.s:28     .text.lv_example_flex_1:0000000000000000 lv_example_flex_1
     /tmp/cc22ld1j.s:232    .text.lv_example_flex_1:00000000000000d0 $d

UNDEFINED SYMBOLS
lv_disp_get_default
lv_disp_get_scr_act
lv_obj_create
lv_obj_set_size
lv_obj_align
lv_obj_set_flex_flow
lv_obj_align_to
lv_btn_create
lv_label_create
lv_label_set_text_fmt
