ARM GAS  /tmp/ccImcXuY.s 			page 1


   1              		.cpu cortex-m3
   2              		.eabi_attribute 20, 1
   3              		.eabi_attribute 21, 1
   4              		.eabi_attribute 23, 3
   5              		.eabi_attribute 24, 1
   6              		.eabi_attribute 25, 1
   7              		.eabi_attribute 26, 1
   8              		.eabi_attribute 30, 1
   9              		.eabi_attribute 34, 1
  10              		.eabi_attribute 18, 4
  11              		.file	"lv_example_led_1.c"
  12              		.text
  13              	.Ltext0:
  14              		.cfi_sections	.debug_frame
  15              		.section	.text.lv_example_led_1,"ax",%progbits
  16              		.align	1
  17              		.global	lv_example_led_1
  18              		.arch armv7-m
  19              		.syntax unified
  20              		.thumb
  21              		.thumb_func
  22              		.fpu softvfp
  24              	lv_example_led_1:
  25              	.LFB184:
  26              		.file 1 "Middlewares/lvgl/examples/widgets/led/lv_example_led_1.c"
   1:Middlewares/lvgl/examples/widgets/led/lv_example_led_1.c **** #include "../../lv_examples.h"
   2:Middlewares/lvgl/examples/widgets/led/lv_example_led_1.c **** #if LV_USE_LED && LV_BUILD_EXAMPLES
   3:Middlewares/lvgl/examples/widgets/led/lv_example_led_1.c **** 
   4:Middlewares/lvgl/examples/widgets/led/lv_example_led_1.c **** /**
   5:Middlewares/lvgl/examples/widgets/led/lv_example_led_1.c ****  * Create LED's with different brightness and color
   6:Middlewares/lvgl/examples/widgets/led/lv_example_led_1.c ****  */
   7:Middlewares/lvgl/examples/widgets/led/lv_example_led_1.c **** void lv_example_led_1(void)
   8:Middlewares/lvgl/examples/widgets/led/lv_example_led_1.c **** {
  27              		.loc 1 8 1 view -0
  28              		.cfi_startproc
  29              		@ args = 0, pretend = 0, frame = 0
  30              		@ frame_needed = 0, uses_anonymous_args = 0
  31 0000 10B5     		push	{r4, lr}
  32              	.LCFI0:
  33              		.cfi_def_cfa_offset 8
  34              		.cfi_offset 4, -8
  35              		.cfi_offset 14, -4
   9:Middlewares/lvgl/examples/widgets/led/lv_example_led_1.c ****     /*Create a LED and switch it OFF*/
  10:Middlewares/lvgl/examples/widgets/led/lv_example_led_1.c ****     lv_obj_t * led1  = lv_led_create(lv_scr_act());
  36              		.loc 1 10 5 view .LVU1
  37              	.LBB8:
  38              	.LBI8:
  39              		.file 2 "Middlewares/lvgl/examples/widgets/led/../../../src/core/lv_disp.h"
   1:Middlewares/lvgl/examples/widgets/led/../../../src/core/lv_disp.h **** /**
   2:Middlewares/lvgl/examples/widgets/led/../../../src/core/lv_disp.h ****  * @file lv_disp.h
   3:Middlewares/lvgl/examples/widgets/led/../../../src/core/lv_disp.h ****  *
   4:Middlewares/lvgl/examples/widgets/led/../../../src/core/lv_disp.h ****  */
   5:Middlewares/lvgl/examples/widgets/led/../../../src/core/lv_disp.h **** 
   6:Middlewares/lvgl/examples/widgets/led/../../../src/core/lv_disp.h **** #ifndef LV_DISP_H
   7:Middlewares/lvgl/examples/widgets/led/../../../src/core/lv_disp.h **** #define LV_DISP_H
   8:Middlewares/lvgl/examples/widgets/led/../../../src/core/lv_disp.h **** 
   9:Middlewares/lvgl/examples/widgets/led/../../../src/core/lv_disp.h **** #ifdef __cplusplus
ARM GAS  /tmp/ccImcXuY.s 			page 2


  10:Middlewares/lvgl/examples/widgets/led/../../../src/core/lv_disp.h **** extern "C" {
  11:Middlewares/lvgl/examples/widgets/led/../../../src/core/lv_disp.h **** #endif
  12:Middlewares/lvgl/examples/widgets/led/../../../src/core/lv_disp.h **** 
  13:Middlewares/lvgl/examples/widgets/led/../../../src/core/lv_disp.h **** /*********************
  14:Middlewares/lvgl/examples/widgets/led/../../../src/core/lv_disp.h ****  *      INCLUDES
  15:Middlewares/lvgl/examples/widgets/led/../../../src/core/lv_disp.h ****  *********************/
  16:Middlewares/lvgl/examples/widgets/led/../../../src/core/lv_disp.h **** #include "../hal/lv_hal.h"
  17:Middlewares/lvgl/examples/widgets/led/../../../src/core/lv_disp.h **** #include "lv_obj.h"
  18:Middlewares/lvgl/examples/widgets/led/../../../src/core/lv_disp.h **** #include "lv_theme.h"
  19:Middlewares/lvgl/examples/widgets/led/../../../src/core/lv_disp.h **** 
  20:Middlewares/lvgl/examples/widgets/led/../../../src/core/lv_disp.h **** /*********************
  21:Middlewares/lvgl/examples/widgets/led/../../../src/core/lv_disp.h ****  *      DEFINES
  22:Middlewares/lvgl/examples/widgets/led/../../../src/core/lv_disp.h ****  *********************/
  23:Middlewares/lvgl/examples/widgets/led/../../../src/core/lv_disp.h **** 
  24:Middlewares/lvgl/examples/widgets/led/../../../src/core/lv_disp.h **** /**********************
  25:Middlewares/lvgl/examples/widgets/led/../../../src/core/lv_disp.h ****  *      TYPEDEFS
  26:Middlewares/lvgl/examples/widgets/led/../../../src/core/lv_disp.h ****  **********************/
  27:Middlewares/lvgl/examples/widgets/led/../../../src/core/lv_disp.h **** 
  28:Middlewares/lvgl/examples/widgets/led/../../../src/core/lv_disp.h **** typedef enum {
  29:Middlewares/lvgl/examples/widgets/led/../../../src/core/lv_disp.h ****     LV_SCR_LOAD_ANIM_NONE,
  30:Middlewares/lvgl/examples/widgets/led/../../../src/core/lv_disp.h ****     LV_SCR_LOAD_ANIM_OVER_LEFT,
  31:Middlewares/lvgl/examples/widgets/led/../../../src/core/lv_disp.h ****     LV_SCR_LOAD_ANIM_OVER_RIGHT,
  32:Middlewares/lvgl/examples/widgets/led/../../../src/core/lv_disp.h ****     LV_SCR_LOAD_ANIM_OVER_TOP,
  33:Middlewares/lvgl/examples/widgets/led/../../../src/core/lv_disp.h ****     LV_SCR_LOAD_ANIM_OVER_BOTTOM,
  34:Middlewares/lvgl/examples/widgets/led/../../../src/core/lv_disp.h ****     LV_SCR_LOAD_ANIM_MOVE_LEFT,
  35:Middlewares/lvgl/examples/widgets/led/../../../src/core/lv_disp.h ****     LV_SCR_LOAD_ANIM_MOVE_RIGHT,
  36:Middlewares/lvgl/examples/widgets/led/../../../src/core/lv_disp.h ****     LV_SCR_LOAD_ANIM_MOVE_TOP,
  37:Middlewares/lvgl/examples/widgets/led/../../../src/core/lv_disp.h ****     LV_SCR_LOAD_ANIM_MOVE_BOTTOM,
  38:Middlewares/lvgl/examples/widgets/led/../../../src/core/lv_disp.h ****     LV_SCR_LOAD_ANIM_FADE_ON,
  39:Middlewares/lvgl/examples/widgets/led/../../../src/core/lv_disp.h **** } lv_scr_load_anim_t;
  40:Middlewares/lvgl/examples/widgets/led/../../../src/core/lv_disp.h **** 
  41:Middlewares/lvgl/examples/widgets/led/../../../src/core/lv_disp.h **** /**********************
  42:Middlewares/lvgl/examples/widgets/led/../../../src/core/lv_disp.h ****  * GLOBAL PROTOTYPES
  43:Middlewares/lvgl/examples/widgets/led/../../../src/core/lv_disp.h ****  **********************/
  44:Middlewares/lvgl/examples/widgets/led/../../../src/core/lv_disp.h **** 
  45:Middlewares/lvgl/examples/widgets/led/../../../src/core/lv_disp.h **** /**
  46:Middlewares/lvgl/examples/widgets/led/../../../src/core/lv_disp.h ****  * Return with a pointer to the active screen
  47:Middlewares/lvgl/examples/widgets/led/../../../src/core/lv_disp.h ****  * @param disp pointer to display which active screen should be get. (NULL to use the default
  48:Middlewares/lvgl/examples/widgets/led/../../../src/core/lv_disp.h ****  * screen)
  49:Middlewares/lvgl/examples/widgets/led/../../../src/core/lv_disp.h ****  * @return pointer to the active screen object (loaded by 'lv_scr_load()')
  50:Middlewares/lvgl/examples/widgets/led/../../../src/core/lv_disp.h ****  */
  51:Middlewares/lvgl/examples/widgets/led/../../../src/core/lv_disp.h **** lv_obj_t * lv_disp_get_scr_act(lv_disp_t * disp);
  52:Middlewares/lvgl/examples/widgets/led/../../../src/core/lv_disp.h **** 
  53:Middlewares/lvgl/examples/widgets/led/../../../src/core/lv_disp.h **** /**
  54:Middlewares/lvgl/examples/widgets/led/../../../src/core/lv_disp.h ****  * Return with a pointer to the previous screen. Only used during screen transitions.
  55:Middlewares/lvgl/examples/widgets/led/../../../src/core/lv_disp.h ****  * @param disp pointer to display which previous screen should be get. (NULL to use the default
  56:Middlewares/lvgl/examples/widgets/led/../../../src/core/lv_disp.h ****  * screen)
  57:Middlewares/lvgl/examples/widgets/led/../../../src/core/lv_disp.h ****  * @return pointer to the previous screen object or NULL if not used now
  58:Middlewares/lvgl/examples/widgets/led/../../../src/core/lv_disp.h ****  */
  59:Middlewares/lvgl/examples/widgets/led/../../../src/core/lv_disp.h **** lv_obj_t * lv_disp_get_scr_prev(lv_disp_t * disp);
  60:Middlewares/lvgl/examples/widgets/led/../../../src/core/lv_disp.h **** 
  61:Middlewares/lvgl/examples/widgets/led/../../../src/core/lv_disp.h **** /**
  62:Middlewares/lvgl/examples/widgets/led/../../../src/core/lv_disp.h ****  * Make a screen active
  63:Middlewares/lvgl/examples/widgets/led/../../../src/core/lv_disp.h ****  * @param scr pointer to a screen
  64:Middlewares/lvgl/examples/widgets/led/../../../src/core/lv_disp.h ****  */
  65:Middlewares/lvgl/examples/widgets/led/../../../src/core/lv_disp.h **** void lv_disp_load_scr(lv_obj_t * scr);
  66:Middlewares/lvgl/examples/widgets/led/../../../src/core/lv_disp.h **** 
ARM GAS  /tmp/ccImcXuY.s 			page 3


  67:Middlewares/lvgl/examples/widgets/led/../../../src/core/lv_disp.h **** /**
  68:Middlewares/lvgl/examples/widgets/led/../../../src/core/lv_disp.h ****  * Return with the top layer. (Same on every screen and it is above the normal screen layer)
  69:Middlewares/lvgl/examples/widgets/led/../../../src/core/lv_disp.h ****  * @param disp pointer to display which top layer should be get. (NULL to use the default screen)
  70:Middlewares/lvgl/examples/widgets/led/../../../src/core/lv_disp.h ****  * @return pointer to the top layer object  (transparent screen sized lv_obj)
  71:Middlewares/lvgl/examples/widgets/led/../../../src/core/lv_disp.h ****  */
  72:Middlewares/lvgl/examples/widgets/led/../../../src/core/lv_disp.h **** lv_obj_t * lv_disp_get_layer_top(lv_disp_t * disp);
  73:Middlewares/lvgl/examples/widgets/led/../../../src/core/lv_disp.h **** 
  74:Middlewares/lvgl/examples/widgets/led/../../../src/core/lv_disp.h **** /**
  75:Middlewares/lvgl/examples/widgets/led/../../../src/core/lv_disp.h ****  * Return with the sys. layer. (Same on every screen and it is above the normal screen and the top
  76:Middlewares/lvgl/examples/widgets/led/../../../src/core/lv_disp.h ****  * layer)
  77:Middlewares/lvgl/examples/widgets/led/../../../src/core/lv_disp.h ****  * @param disp pointer to display which sys. layer  should be get. (NULL to use the default screen)
  78:Middlewares/lvgl/examples/widgets/led/../../../src/core/lv_disp.h ****  * @return pointer to the sys layer object  (transparent screen sized lv_obj)
  79:Middlewares/lvgl/examples/widgets/led/../../../src/core/lv_disp.h ****  */
  80:Middlewares/lvgl/examples/widgets/led/../../../src/core/lv_disp.h **** lv_obj_t * lv_disp_get_layer_sys(lv_disp_t * disp);
  81:Middlewares/lvgl/examples/widgets/led/../../../src/core/lv_disp.h **** 
  82:Middlewares/lvgl/examples/widgets/led/../../../src/core/lv_disp.h **** /**
  83:Middlewares/lvgl/examples/widgets/led/../../../src/core/lv_disp.h ****  * Get the theme of a display
  84:Middlewares/lvgl/examples/widgets/led/../../../src/core/lv_disp.h ****  * @param disp pointer to a display
  85:Middlewares/lvgl/examples/widgets/led/../../../src/core/lv_disp.h ****  * @return the display's theme (can be NULL)
  86:Middlewares/lvgl/examples/widgets/led/../../../src/core/lv_disp.h ****  */
  87:Middlewares/lvgl/examples/widgets/led/../../../src/core/lv_disp.h **** void lv_disp_set_theme(lv_disp_t * disp, lv_theme_t * th);
  88:Middlewares/lvgl/examples/widgets/led/../../../src/core/lv_disp.h **** 
  89:Middlewares/lvgl/examples/widgets/led/../../../src/core/lv_disp.h **** /**
  90:Middlewares/lvgl/examples/widgets/led/../../../src/core/lv_disp.h ****  * Get the theme of a display
  91:Middlewares/lvgl/examples/widgets/led/../../../src/core/lv_disp.h ****  * @param disp pointer to a display
  92:Middlewares/lvgl/examples/widgets/led/../../../src/core/lv_disp.h ****  * @return the display's theme (can be NULL)
  93:Middlewares/lvgl/examples/widgets/led/../../../src/core/lv_disp.h ****  */
  94:Middlewares/lvgl/examples/widgets/led/../../../src/core/lv_disp.h **** lv_theme_t * lv_disp_get_theme(lv_disp_t * disp);
  95:Middlewares/lvgl/examples/widgets/led/../../../src/core/lv_disp.h **** 
  96:Middlewares/lvgl/examples/widgets/led/../../../src/core/lv_disp.h **** /**
  97:Middlewares/lvgl/examples/widgets/led/../../../src/core/lv_disp.h ****  * Set the background color of a display
  98:Middlewares/lvgl/examples/widgets/led/../../../src/core/lv_disp.h ****  * @param disp pointer to a display
  99:Middlewares/lvgl/examples/widgets/led/../../../src/core/lv_disp.h ****  * @param color color of the background
 100:Middlewares/lvgl/examples/widgets/led/../../../src/core/lv_disp.h ****  */
 101:Middlewares/lvgl/examples/widgets/led/../../../src/core/lv_disp.h **** void lv_disp_set_bg_color(lv_disp_t * disp, lv_color_t color);
 102:Middlewares/lvgl/examples/widgets/led/../../../src/core/lv_disp.h **** 
 103:Middlewares/lvgl/examples/widgets/led/../../../src/core/lv_disp.h **** /**
 104:Middlewares/lvgl/examples/widgets/led/../../../src/core/lv_disp.h ****  * Set the background image of a display
 105:Middlewares/lvgl/examples/widgets/led/../../../src/core/lv_disp.h ****  * @param disp pointer to a display
 106:Middlewares/lvgl/examples/widgets/led/../../../src/core/lv_disp.h ****  * @param img_src path to file or pointer to an `lv_img_dsc_t` variable
 107:Middlewares/lvgl/examples/widgets/led/../../../src/core/lv_disp.h ****  */
 108:Middlewares/lvgl/examples/widgets/led/../../../src/core/lv_disp.h **** void lv_disp_set_bg_image(lv_disp_t * disp, const void  * img_src);
 109:Middlewares/lvgl/examples/widgets/led/../../../src/core/lv_disp.h **** 
 110:Middlewares/lvgl/examples/widgets/led/../../../src/core/lv_disp.h **** /**
 111:Middlewares/lvgl/examples/widgets/led/../../../src/core/lv_disp.h ****  * Opacity of the background
 112:Middlewares/lvgl/examples/widgets/led/../../../src/core/lv_disp.h ****  * @param disp pointer to a display
 113:Middlewares/lvgl/examples/widgets/led/../../../src/core/lv_disp.h ****  * @param opa opacity (0..255)
 114:Middlewares/lvgl/examples/widgets/led/../../../src/core/lv_disp.h ****  */
 115:Middlewares/lvgl/examples/widgets/led/../../../src/core/lv_disp.h **** void lv_disp_set_bg_opa(lv_disp_t * disp, lv_opa_t opa);
 116:Middlewares/lvgl/examples/widgets/led/../../../src/core/lv_disp.h **** 
 117:Middlewares/lvgl/examples/widgets/led/../../../src/core/lv_disp.h **** /**
 118:Middlewares/lvgl/examples/widgets/led/../../../src/core/lv_disp.h ****  * Switch screen with animation
 119:Middlewares/lvgl/examples/widgets/led/../../../src/core/lv_disp.h ****  * @param scr pointer to the new screen to load
 120:Middlewares/lvgl/examples/widgets/led/../../../src/core/lv_disp.h ****  * @param anim_type type of the animation from `lv_scr_load_anim_t`. E.g.  `LV_SCR_LOAD_ANIM_MOVE_L
 121:Middlewares/lvgl/examples/widgets/led/../../../src/core/lv_disp.h ****  * @param time time of the animation
 122:Middlewares/lvgl/examples/widgets/led/../../../src/core/lv_disp.h ****  * @param delay delay before the transition
 123:Middlewares/lvgl/examples/widgets/led/../../../src/core/lv_disp.h ****  * @param auto_del true: automatically delete the old screen
ARM GAS  /tmp/ccImcXuY.s 			page 4


 124:Middlewares/lvgl/examples/widgets/led/../../../src/core/lv_disp.h ****  */
 125:Middlewares/lvgl/examples/widgets/led/../../../src/core/lv_disp.h **** void lv_scr_load_anim(lv_obj_t * scr, lv_scr_load_anim_t anim_type, uint32_t time, uint32_t delay, 
 126:Middlewares/lvgl/examples/widgets/led/../../../src/core/lv_disp.h **** 
 127:Middlewares/lvgl/examples/widgets/led/../../../src/core/lv_disp.h **** /**
 128:Middlewares/lvgl/examples/widgets/led/../../../src/core/lv_disp.h ****  * Get elapsed time since last user activity on a display (e.g. click)
 129:Middlewares/lvgl/examples/widgets/led/../../../src/core/lv_disp.h ****  * @param disp pointer to an display (NULL to get the overall smallest inactivity)
 130:Middlewares/lvgl/examples/widgets/led/../../../src/core/lv_disp.h ****  * @return elapsed ticks (milliseconds) since the last activity
 131:Middlewares/lvgl/examples/widgets/led/../../../src/core/lv_disp.h ****  */
 132:Middlewares/lvgl/examples/widgets/led/../../../src/core/lv_disp.h **** uint32_t lv_disp_get_inactive_time(const lv_disp_t * disp);
 133:Middlewares/lvgl/examples/widgets/led/../../../src/core/lv_disp.h **** 
 134:Middlewares/lvgl/examples/widgets/led/../../../src/core/lv_disp.h **** /**
 135:Middlewares/lvgl/examples/widgets/led/../../../src/core/lv_disp.h ****  * Manually trigger an activity on a display
 136:Middlewares/lvgl/examples/widgets/led/../../../src/core/lv_disp.h ****  * @param disp pointer to an display (NULL to use the default display)
 137:Middlewares/lvgl/examples/widgets/led/../../../src/core/lv_disp.h ****  */
 138:Middlewares/lvgl/examples/widgets/led/../../../src/core/lv_disp.h **** void lv_disp_trig_activity(lv_disp_t * disp);
 139:Middlewares/lvgl/examples/widgets/led/../../../src/core/lv_disp.h **** 
 140:Middlewares/lvgl/examples/widgets/led/../../../src/core/lv_disp.h **** /**
 141:Middlewares/lvgl/examples/widgets/led/../../../src/core/lv_disp.h ****  * Clean any CPU cache that is related to the display.
 142:Middlewares/lvgl/examples/widgets/led/../../../src/core/lv_disp.h ****  * @param disp pointer to an display (NULL to use the default display)
 143:Middlewares/lvgl/examples/widgets/led/../../../src/core/lv_disp.h ****  */
 144:Middlewares/lvgl/examples/widgets/led/../../../src/core/lv_disp.h **** void lv_disp_clean_dcache(lv_disp_t * disp);
 145:Middlewares/lvgl/examples/widgets/led/../../../src/core/lv_disp.h **** 
 146:Middlewares/lvgl/examples/widgets/led/../../../src/core/lv_disp.h **** /**
 147:Middlewares/lvgl/examples/widgets/led/../../../src/core/lv_disp.h ****  * Get a pointer to the screen refresher timer to
 148:Middlewares/lvgl/examples/widgets/led/../../../src/core/lv_disp.h ****  * modify its parameters with `lv_timer_...` functions.
 149:Middlewares/lvgl/examples/widgets/led/../../../src/core/lv_disp.h ****  * @param disp pointer to a display
 150:Middlewares/lvgl/examples/widgets/led/../../../src/core/lv_disp.h ****  * @return pointer to the display refresher timer. (NULL on error)
 151:Middlewares/lvgl/examples/widgets/led/../../../src/core/lv_disp.h ****  */
 152:Middlewares/lvgl/examples/widgets/led/../../../src/core/lv_disp.h **** lv_timer_t * _lv_disp_get_refr_timer(lv_disp_t * disp);
 153:Middlewares/lvgl/examples/widgets/led/../../../src/core/lv_disp.h **** 
 154:Middlewares/lvgl/examples/widgets/led/../../../src/core/lv_disp.h **** /*------------------------------------------------
 155:Middlewares/lvgl/examples/widgets/led/../../../src/core/lv_disp.h ****  * To improve backward compatibility
 156:Middlewares/lvgl/examples/widgets/led/../../../src/core/lv_disp.h ****  * Recommended only if you have one display
 157:Middlewares/lvgl/examples/widgets/led/../../../src/core/lv_disp.h ****  *------------------------------------------------*/
 158:Middlewares/lvgl/examples/widgets/led/../../../src/core/lv_disp.h **** 
 159:Middlewares/lvgl/examples/widgets/led/../../../src/core/lv_disp.h **** /**
 160:Middlewares/lvgl/examples/widgets/led/../../../src/core/lv_disp.h ****  * Get the active screen of the default display
 161:Middlewares/lvgl/examples/widgets/led/../../../src/core/lv_disp.h ****  * @return pointer to the active screen
 162:Middlewares/lvgl/examples/widgets/led/../../../src/core/lv_disp.h ****  */
 163:Middlewares/lvgl/examples/widgets/led/../../../src/core/lv_disp.h **** static inline lv_obj_t * lv_scr_act(void)
  40              		.loc 2 163 26 view .LVU2
  41              	.LBB9:
 164:Middlewares/lvgl/examples/widgets/led/../../../src/core/lv_disp.h **** {
 165:Middlewares/lvgl/examples/widgets/led/../../../src/core/lv_disp.h ****     return lv_disp_get_scr_act(lv_disp_get_default());
  42              		.loc 2 165 5 view .LVU3
  43              		.loc 2 165 12 is_stmt 0 view .LVU4
  44 0002 FFF7FEFF 		bl	lv_disp_get_default
  45              	.LVL0:
  46 0006 FFF7FEFF 		bl	lv_disp_get_scr_act
  47              	.LVL1:
  48              	.LBE9:
  49              	.LBE8:
  50              		.loc 1 10 24 view .LVU5
  51 000a FFF7FEFF 		bl	lv_led_create
  52              	.LVL2:
  53 000e 0446     		mov	r4, r0
  54              	.LVL3:
ARM GAS  /tmp/ccImcXuY.s 			page 5


  11:Middlewares/lvgl/examples/widgets/led/lv_example_led_1.c ****     lv_obj_align(led1, LV_ALIGN_CENTER, -80, 0);
  55              		.loc 1 11 5 is_stmt 1 view .LVU6
  56 0010 0023     		movs	r3, #0
  57 0012 6FF04F02 		mvn	r2, #79
  58 0016 0921     		movs	r1, #9
  59 0018 FFF7FEFF 		bl	lv_obj_align
  60              	.LVL4:
  12:Middlewares/lvgl/examples/widgets/led/lv_example_led_1.c ****     lv_led_off(led1);
  61              		.loc 1 12 5 view .LVU7
  62 001c 2046     		mov	r0, r4
  63 001e FFF7FEFF 		bl	lv_led_off
  64              	.LVL5:
  13:Middlewares/lvgl/examples/widgets/led/lv_example_led_1.c **** 
  14:Middlewares/lvgl/examples/widgets/led/lv_example_led_1.c ****     /*Copy the previous LED and set a brightness*/
  15:Middlewares/lvgl/examples/widgets/led/lv_example_led_1.c ****     lv_obj_t * led2  = lv_led_create(lv_scr_act());
  65              		.loc 1 15 5 view .LVU8
  66              	.LBB10:
  67              	.LBI10:
 163:Middlewares/lvgl/examples/widgets/led/../../../src/core/lv_disp.h **** {
  68              		.loc 2 163 26 view .LVU9
  69              	.LBB11:
  70              		.loc 2 165 5 view .LVU10
  71              		.loc 2 165 12 is_stmt 0 view .LVU11
  72 0022 FFF7FEFF 		bl	lv_disp_get_default
  73              	.LVL6:
  74 0026 FFF7FEFF 		bl	lv_disp_get_scr_act
  75              	.LVL7:
  76              	.LBE11:
  77              	.LBE10:
  78              		.loc 1 15 24 view .LVU12
  79 002a FFF7FEFF 		bl	lv_led_create
  80              	.LVL8:
  81 002e 0446     		mov	r4, r0
  82              	.LVL9:
  16:Middlewares/lvgl/examples/widgets/led/lv_example_led_1.c ****     lv_obj_align(led2, LV_ALIGN_CENTER, 0, 0);
  83              		.loc 1 16 5 is_stmt 1 view .LVU13
  84 0030 0023     		movs	r3, #0
  85 0032 1A46     		mov	r2, r3
  86 0034 0921     		movs	r1, #9
  87 0036 FFF7FEFF 		bl	lv_obj_align
  88              	.LVL10:
  17:Middlewares/lvgl/examples/widgets/led/lv_example_led_1.c ****     lv_led_set_brightness(led2, 150);
  89              		.loc 1 17 5 view .LVU14
  90 003a 9621     		movs	r1, #150
  91 003c 2046     		mov	r0, r4
  92 003e FFF7FEFF 		bl	lv_led_set_brightness
  93              	.LVL11:
  18:Middlewares/lvgl/examples/widgets/led/lv_example_led_1.c ****     lv_led_set_color(led2, lv_palette_main(LV_PALETTE_RED));
  94              		.loc 1 18 5 view .LVU15
  95 0042 0020     		movs	r0, #0
  96 0044 FFF7FEFF 		bl	lv_palette_main
  97              	.LVL12:
  98 0048 0146     		mov	r1, r0	@ movhi
  99 004a 2046     		mov	r0, r4
 100 004c FFF7FEFF 		bl	lv_led_set_color
 101              	.LVL13:
  19:Middlewares/lvgl/examples/widgets/led/lv_example_led_1.c **** 
ARM GAS  /tmp/ccImcXuY.s 			page 6


  20:Middlewares/lvgl/examples/widgets/led/lv_example_led_1.c ****     /*Copy the previous LED and switch it ON*/
  21:Middlewares/lvgl/examples/widgets/led/lv_example_led_1.c ****     lv_obj_t * led3  = lv_led_create(lv_scr_act());
 102              		.loc 1 21 5 view .LVU16
 103              	.LBB12:
 104              	.LBI12:
 163:Middlewares/lvgl/examples/widgets/led/../../../src/core/lv_disp.h **** {
 105              		.loc 2 163 26 view .LVU17
 106              	.LBB13:
 107              		.loc 2 165 5 view .LVU18
 108              		.loc 2 165 12 is_stmt 0 view .LVU19
 109 0050 FFF7FEFF 		bl	lv_disp_get_default
 110              	.LVL14:
 111 0054 FFF7FEFF 		bl	lv_disp_get_scr_act
 112              	.LVL15:
 113              	.LBE13:
 114              	.LBE12:
 115              		.loc 1 21 24 view .LVU20
 116 0058 FFF7FEFF 		bl	lv_led_create
 117              	.LVL16:
 118 005c 0446     		mov	r4, r0
 119              	.LVL17:
  22:Middlewares/lvgl/examples/widgets/led/lv_example_led_1.c ****     lv_obj_align(led3, LV_ALIGN_CENTER, 80, 0);
 120              		.loc 1 22 5 is_stmt 1 view .LVU21
 121 005e 0023     		movs	r3, #0
 122 0060 5022     		movs	r2, #80
 123 0062 0921     		movs	r1, #9
 124 0064 FFF7FEFF 		bl	lv_obj_align
 125              	.LVL18:
  23:Middlewares/lvgl/examples/widgets/led/lv_example_led_1.c ****     lv_led_on(led3);
 126              		.loc 1 23 5 view .LVU22
 127 0068 2046     		mov	r0, r4
 128 006a FFF7FEFF 		bl	lv_led_on
 129              	.LVL19:
  24:Middlewares/lvgl/examples/widgets/led/lv_example_led_1.c **** }
 130              		.loc 1 24 1 is_stmt 0 view .LVU23
 131 006e 10BD     		pop	{r4, pc}
 132              		.loc 1 24 1 view .LVU24
 133              		.cfi_endproc
 134              	.LFE184:
 136              		.text
 137              	.Letext0:
 138              		.file 3 "/home/akinya/gcc-arm-none-eabi/arm-none-eabi/include/machine/_default_types.h"
 139              		.file 4 "/home/akinya/gcc-arm-none-eabi/arm-none-eabi/include/sys/_stdint.h"
 140              		.file 5 "Middlewares/lvgl/examples/widgets/led/../../../src/misc/lv_ll.h"
 141              		.file 6 "Middlewares/lvgl/examples/widgets/led/../../../src/hal/../misc/lv_color.h"
 142              		.file 7 "Middlewares/lvgl/examples/widgets/led/../../../src/hal/../misc/lv_area.h"
 143              		.file 8 "Middlewares/lvgl/examples/widgets/led/../../../src/core/lv_obj.h"
 144              		.file 9 "Middlewares/lvgl/examples/widgets/led/../../../src/core/lv_group.h"
 145              		.file 10 "Middlewares/lvgl/examples/widgets/led/../../../src/core/../misc/lv_style.h"
 146              		.file 11 "Middlewares/lvgl/examples/widgets/led/../../../src/core/lv_obj_scroll.h"
 147              		.file 12 "Middlewares/lvgl/examples/widgets/led/../../../src/core/lv_obj_style.h"
 148              		.file 13 "Middlewares/lvgl/examples/widgets/led/../../../src/core/lv_obj_class.h"
 149              		.file 14 "Middlewares/lvgl/examples/widgets/led/../../../src/core/lv_event.h"
 150              		.file 15 "Middlewares/lvgl/examples/widgets/led/../../../src/hal/lv_hal_disp.h"
 151              		.file 16 "Middlewares/lvgl/examples/widgets/led/../../../src/extra/widgets/led/lv_led.h"
 152              		.file 17 "Middlewares/lvgl/examples/widgets/led/../../../src/core/lv_obj_pos.h"
ARM GAS  /tmp/ccImcXuY.s 			page 7


DEFINED SYMBOLS
                            *ABS*:0000000000000000 lv_example_led_1.c
     /tmp/ccImcXuY.s:16     .text.lv_example_led_1:0000000000000000 $t
     /tmp/ccImcXuY.s:24     .text.lv_example_led_1:0000000000000000 lv_example_led_1

UNDEFINED SYMBOLS
lv_disp_get_default
lv_disp_get_scr_act
lv_led_create
lv_obj_align
lv_led_off
lv_led_set_brightness
lv_palette_main
lv_led_set_color
lv_led_on
