ARM GAS  /tmp/cc5pojC7.s 			page 1


   1              		.cpu cortex-m3
   2              		.eabi_attribute 20, 1
   3              		.eabi_attribute 21, 1
   4              		.eabi_attribute 23, 3
   5              		.eabi_attribute 24, 1
   6              		.eabi_attribute 25, 1
   7              		.eabi_attribute 26, 1
   8              		.eabi_attribute 30, 1
   9              		.eabi_attribute 34, 1
  10              		.eabi_attribute 18, 4
  11              		.file	"lv_example_msgbox_1.c"
  12              		.text
  13              	.Ltext0:
  14              		.cfi_sections	.debug_frame
  15              		.section	.text.event_cb,"ax",%progbits
  16              		.align	1
  17              		.arch armv7-m
  18              		.syntax unified
  19              		.thumb
  20              		.thumb_func
  21              		.fpu softvfp
  23              	event_cb:
  24              	.LVL0:
  25              	.LFB184:
  26              		.file 1 "Middlewares/lvgl/examples/widgets/msgbox/lv_example_msgbox_1.c"
   1:Middlewares/lvgl/examples/widgets/msgbox/lv_example_msgbox_1.c **** #include "../../lv_examples.h"
   2:Middlewares/lvgl/examples/widgets/msgbox/lv_example_msgbox_1.c **** #if LV_USE_MSGBOX && LV_BUILD_EXAMPLES
   3:Middlewares/lvgl/examples/widgets/msgbox/lv_example_msgbox_1.c **** 
   4:Middlewares/lvgl/examples/widgets/msgbox/lv_example_msgbox_1.c **** static void event_cb(lv_event_t * e)
   5:Middlewares/lvgl/examples/widgets/msgbox/lv_example_msgbox_1.c **** {
  27              		.loc 1 5 1 view -0
  28              		.cfi_startproc
  29              		@ args = 0, pretend = 0, frame = 0
  30              		@ frame_needed = 0, uses_anonymous_args = 0
  31              		.loc 1 5 1 is_stmt 0 view .LVU1
  32 0000 08B5     		push	{r3, lr}
  33              	.LCFI0:
  34              		.cfi_def_cfa_offset 8
  35              		.cfi_offset 3, -8
  36              		.cfi_offset 14, -4
   6:Middlewares/lvgl/examples/widgets/msgbox/lv_example_msgbox_1.c ****     lv_obj_t * obj = lv_event_get_current_target(e);
  37              		.loc 1 6 5 is_stmt 1 view .LVU2
  38              		.loc 1 6 22 is_stmt 0 view .LVU3
  39 0002 FFF7FEFF 		bl	lv_event_get_current_target
  40              	.LVL1:
   7:Middlewares/lvgl/examples/widgets/msgbox/lv_example_msgbox_1.c ****     LV_LOG_USER("Button %s clicked", lv_msgbox_get_active_btn_text(obj));
  41              		.loc 1 7 73 is_stmt 1 view .LVU4
   8:Middlewares/lvgl/examples/widgets/msgbox/lv_example_msgbox_1.c **** }
  42              		.loc 1 8 1 is_stmt 0 view .LVU5
  43 0006 08BD     		pop	{r3, pc}
  44              		.cfi_endproc
  45              	.LFE184:
  47              		.section	.rodata.lv_example_msgbox_1.str1.4,"aMS",%progbits,1
  48              		.align	2
  49              	.LC0:
  50 0000 54686973 		.ascii	"This is a message box with two buttons.\000"
  50      20697320 
ARM GAS  /tmp/cc5pojC7.s 			page 2


  50      61206D65 
  50      73736167 
  50      6520626F 
  51              		.align	2
  52              	.LC1:
  53 0028 48656C6C 		.ascii	"Hello\000"
  53      6F00
  54              		.section	.text.lv_example_msgbox_1,"ax",%progbits
  55              		.align	1
  56              		.global	lv_example_msgbox_1
  57              		.syntax unified
  58              		.thumb
  59              		.thumb_func
  60              		.fpu softvfp
  62              	lv_example_msgbox_1:
  63              	.LFB185:
   9:Middlewares/lvgl/examples/widgets/msgbox/lv_example_msgbox_1.c **** 
  10:Middlewares/lvgl/examples/widgets/msgbox/lv_example_msgbox_1.c **** void lv_example_msgbox_1(void)
  11:Middlewares/lvgl/examples/widgets/msgbox/lv_example_msgbox_1.c **** {
  64              		.loc 1 11 1 is_stmt 1 view -0
  65              		.cfi_startproc
  66              		@ args = 0, pretend = 0, frame = 0
  67              		@ frame_needed = 0, uses_anonymous_args = 0
  68 0000 10B5     		push	{r4, lr}
  69              	.LCFI1:
  70              		.cfi_def_cfa_offset 8
  71              		.cfi_offset 4, -8
  72              		.cfi_offset 14, -4
  73 0002 82B0     		sub	sp, sp, #8
  74              	.LCFI2:
  75              		.cfi_def_cfa_offset 16
  12:Middlewares/lvgl/examples/widgets/msgbox/lv_example_msgbox_1.c ****     static const char * btns[] ={"Apply", "Close", ""};
  76              		.loc 1 12 5 view .LVU7
  13:Middlewares/lvgl/examples/widgets/msgbox/lv_example_msgbox_1.c **** 
  14:Middlewares/lvgl/examples/widgets/msgbox/lv_example_msgbox_1.c ****     lv_obj_t * mbox1 = lv_msgbox_create(NULL, "Hello", "This is a message box with two buttons.", b
  77              		.loc 1 14 5 view .LVU8
  78              		.loc 1 14 24 is_stmt 0 view .LVU9
  79 0004 0123     		movs	r3, #1
  80 0006 0093     		str	r3, [sp]
  81 0008 094B     		ldr	r3, .L5
  82 000a 0A4A     		ldr	r2, .L5+4
  83 000c 0A49     		ldr	r1, .L5+8
  84 000e 0020     		movs	r0, #0
  85 0010 FFF7FEFF 		bl	lv_msgbox_create
  86              	.LVL2:
  87 0014 0446     		mov	r4, r0
  88              	.LVL3:
  15:Middlewares/lvgl/examples/widgets/msgbox/lv_example_msgbox_1.c ****     lv_obj_add_event_cb(mbox1, event_cb, LV_EVENT_VALUE_CHANGED, NULL);
  89              		.loc 1 15 5 is_stmt 1 view .LVU10
  90 0016 0023     		movs	r3, #0
  91 0018 1C22     		movs	r2, #28
  92 001a 0849     		ldr	r1, .L5+12
  93 001c FFF7FEFF 		bl	lv_obj_add_event_cb
  94              	.LVL4:
  16:Middlewares/lvgl/examples/widgets/msgbox/lv_example_msgbox_1.c ****     lv_obj_center(mbox1);
  95              		.loc 1 16 5 view .LVU11
  96              	.LBB4:
ARM GAS  /tmp/cc5pojC7.s 			page 3


  97              	.LBI4:
  98              		.file 2 "Middlewares/lvgl/examples/widgets/msgbox/../../../src/core/lv_obj_pos.h"
   1:Middlewares/lvgl/examples/widgets/msgbox/../../../src/core/lv_obj_pos.h **** /**
   2:Middlewares/lvgl/examples/widgets/msgbox/../../../src/core/lv_obj_pos.h ****  * @file lv_obj_pos.h
   3:Middlewares/lvgl/examples/widgets/msgbox/../../../src/core/lv_obj_pos.h ****  *
   4:Middlewares/lvgl/examples/widgets/msgbox/../../../src/core/lv_obj_pos.h ****  */
   5:Middlewares/lvgl/examples/widgets/msgbox/../../../src/core/lv_obj_pos.h **** 
   6:Middlewares/lvgl/examples/widgets/msgbox/../../../src/core/lv_obj_pos.h **** #ifndef LV_OBJ_POS_H
   7:Middlewares/lvgl/examples/widgets/msgbox/../../../src/core/lv_obj_pos.h **** #define LV_OBJ_POS_H
   8:Middlewares/lvgl/examples/widgets/msgbox/../../../src/core/lv_obj_pos.h **** 
   9:Middlewares/lvgl/examples/widgets/msgbox/../../../src/core/lv_obj_pos.h **** #ifdef __cplusplus
  10:Middlewares/lvgl/examples/widgets/msgbox/../../../src/core/lv_obj_pos.h **** extern "C" {
  11:Middlewares/lvgl/examples/widgets/msgbox/../../../src/core/lv_obj_pos.h **** #endif
  12:Middlewares/lvgl/examples/widgets/msgbox/../../../src/core/lv_obj_pos.h **** 
  13:Middlewares/lvgl/examples/widgets/msgbox/../../../src/core/lv_obj_pos.h **** /*********************
  14:Middlewares/lvgl/examples/widgets/msgbox/../../../src/core/lv_obj_pos.h ****  *      INCLUDES
  15:Middlewares/lvgl/examples/widgets/msgbox/../../../src/core/lv_obj_pos.h ****  *********************/
  16:Middlewares/lvgl/examples/widgets/msgbox/../../../src/core/lv_obj_pos.h **** #include "../misc/lv_area.h"
  17:Middlewares/lvgl/examples/widgets/msgbox/../../../src/core/lv_obj_pos.h **** 
  18:Middlewares/lvgl/examples/widgets/msgbox/../../../src/core/lv_obj_pos.h **** /*********************
  19:Middlewares/lvgl/examples/widgets/msgbox/../../../src/core/lv_obj_pos.h ****  *      DEFINES
  20:Middlewares/lvgl/examples/widgets/msgbox/../../../src/core/lv_obj_pos.h ****  *********************/
  21:Middlewares/lvgl/examples/widgets/msgbox/../../../src/core/lv_obj_pos.h **** 
  22:Middlewares/lvgl/examples/widgets/msgbox/../../../src/core/lv_obj_pos.h **** /**********************
  23:Middlewares/lvgl/examples/widgets/msgbox/../../../src/core/lv_obj_pos.h ****  *      TYPEDEFS
  24:Middlewares/lvgl/examples/widgets/msgbox/../../../src/core/lv_obj_pos.h ****  **********************/
  25:Middlewares/lvgl/examples/widgets/msgbox/../../../src/core/lv_obj_pos.h **** struct _lv_obj_t;
  26:Middlewares/lvgl/examples/widgets/msgbox/../../../src/core/lv_obj_pos.h **** 
  27:Middlewares/lvgl/examples/widgets/msgbox/../../../src/core/lv_obj_pos.h **** typedef void (*lv_layout_update_cb_t)(struct _lv_obj_t *, void * user_data);
  28:Middlewares/lvgl/examples/widgets/msgbox/../../../src/core/lv_obj_pos.h **** typedef struct {
  29:Middlewares/lvgl/examples/widgets/msgbox/../../../src/core/lv_obj_pos.h ****     lv_layout_update_cb_t cb;
  30:Middlewares/lvgl/examples/widgets/msgbox/../../../src/core/lv_obj_pos.h ****     void * user_data;
  31:Middlewares/lvgl/examples/widgets/msgbox/../../../src/core/lv_obj_pos.h **** }lv_layout_dsc_t;
  32:Middlewares/lvgl/examples/widgets/msgbox/../../../src/core/lv_obj_pos.h **** 
  33:Middlewares/lvgl/examples/widgets/msgbox/../../../src/core/lv_obj_pos.h **** /**********************
  34:Middlewares/lvgl/examples/widgets/msgbox/../../../src/core/lv_obj_pos.h ****  * GLOBAL PROTOTYPES
  35:Middlewares/lvgl/examples/widgets/msgbox/../../../src/core/lv_obj_pos.h ****  **********************/
  36:Middlewares/lvgl/examples/widgets/msgbox/../../../src/core/lv_obj_pos.h **** 
  37:Middlewares/lvgl/examples/widgets/msgbox/../../../src/core/lv_obj_pos.h **** /**
  38:Middlewares/lvgl/examples/widgets/msgbox/../../../src/core/lv_obj_pos.h ****  * Set the relative the position of an object (relative to the parent's top left corner)
  39:Middlewares/lvgl/examples/widgets/msgbox/../../../src/core/lv_obj_pos.h ****  * @param obj       pointer to an object
  40:Middlewares/lvgl/examples/widgets/msgbox/../../../src/core/lv_obj_pos.h ****  * @param x         new distance from the left side of the parent plus the parent's left padding
  41:Middlewares/lvgl/examples/widgets/msgbox/../../../src/core/lv_obj_pos.h ****  * @param y         new distance from the top side of the parent  plus the parent's right padding
  42:Middlewares/lvgl/examples/widgets/msgbox/../../../src/core/lv_obj_pos.h ****  */
  43:Middlewares/lvgl/examples/widgets/msgbox/../../../src/core/lv_obj_pos.h **** void lv_obj_set_pos(struct _lv_obj_t * obj, lv_coord_t x, lv_coord_t y);
  44:Middlewares/lvgl/examples/widgets/msgbox/../../../src/core/lv_obj_pos.h **** 
  45:Middlewares/lvgl/examples/widgets/msgbox/../../../src/core/lv_obj_pos.h **** /**
  46:Middlewares/lvgl/examples/widgets/msgbox/../../../src/core/lv_obj_pos.h ****  * Set the x coordinate of a object
  47:Middlewares/lvgl/examples/widgets/msgbox/../../../src/core/lv_obj_pos.h ****  * @param obj       pointer to an object
  48:Middlewares/lvgl/examples/widgets/msgbox/../../../src/core/lv_obj_pos.h ****  * @param x         new distance from the left side from the parent plus the parent's left padding
  49:Middlewares/lvgl/examples/widgets/msgbox/../../../src/core/lv_obj_pos.h ****  */
  50:Middlewares/lvgl/examples/widgets/msgbox/../../../src/core/lv_obj_pos.h **** void lv_obj_set_x(struct _lv_obj_t * obj, lv_coord_t x);
  51:Middlewares/lvgl/examples/widgets/msgbox/../../../src/core/lv_obj_pos.h **** 
  52:Middlewares/lvgl/examples/widgets/msgbox/../../../src/core/lv_obj_pos.h **** /**
  53:Middlewares/lvgl/examples/widgets/msgbox/../../../src/core/lv_obj_pos.h ****  * Set the y coordinate of a object
  54:Middlewares/lvgl/examples/widgets/msgbox/../../../src/core/lv_obj_pos.h ****  * @param obj       pointer to an object
  55:Middlewares/lvgl/examples/widgets/msgbox/../../../src/core/lv_obj_pos.h ****  * @param y         new distance from the top of the parent  plus the parent's top padding
ARM GAS  /tmp/cc5pojC7.s 			page 4


  56:Middlewares/lvgl/examples/widgets/msgbox/../../../src/core/lv_obj_pos.h ****  */
  57:Middlewares/lvgl/examples/widgets/msgbox/../../../src/core/lv_obj_pos.h **** void lv_obj_set_y(struct _lv_obj_t * obj, lv_coord_t y);
  58:Middlewares/lvgl/examples/widgets/msgbox/../../../src/core/lv_obj_pos.h **** 
  59:Middlewares/lvgl/examples/widgets/msgbox/../../../src/core/lv_obj_pos.h **** /**
  60:Middlewares/lvgl/examples/widgets/msgbox/../../../src/core/lv_obj_pos.h ****  * Set the size of an object.
  61:Middlewares/lvgl/examples/widgets/msgbox/../../../src/core/lv_obj_pos.h ****  * @param obj       pointer to an object
  62:Middlewares/lvgl/examples/widgets/msgbox/../../../src/core/lv_obj_pos.h ****  * @param w         the new width
  63:Middlewares/lvgl/examples/widgets/msgbox/../../../src/core/lv_obj_pos.h ****  * @param h         the new height
  64:Middlewares/lvgl/examples/widgets/msgbox/../../../src/core/lv_obj_pos.h ****  * @note            possible values are:
  65:Middlewares/lvgl/examples/widgets/msgbox/../../../src/core/lv_obj_pos.h ****  *                  pixel               simple set the size accordingly
  66:Middlewares/lvgl/examples/widgets/msgbox/../../../src/core/lv_obj_pos.h ****  *                  LV_SIZE_CONTENT     set the size to involve all children in the given direction
  67:Middlewares/lvgl/examples/widgets/msgbox/../../../src/core/lv_obj_pos.h ****  *                  LV_SIZE_PCT(x)     to set size in percentage of the parent's content area size 
  68:Middlewares/lvgl/examples/widgets/msgbox/../../../src/core/lv_obj_pos.h ****  *                                      x should be in [0..1000]% range
  69:Middlewares/lvgl/examples/widgets/msgbox/../../../src/core/lv_obj_pos.h ****  */
  70:Middlewares/lvgl/examples/widgets/msgbox/../../../src/core/lv_obj_pos.h **** void lv_obj_set_size(struct _lv_obj_t * obj, lv_coord_t w, lv_coord_t h);
  71:Middlewares/lvgl/examples/widgets/msgbox/../../../src/core/lv_obj_pos.h **** 
  72:Middlewares/lvgl/examples/widgets/msgbox/../../../src/core/lv_obj_pos.h **** /**
  73:Middlewares/lvgl/examples/widgets/msgbox/../../../src/core/lv_obj_pos.h ****  * Recalculate the size of the object
  74:Middlewares/lvgl/examples/widgets/msgbox/../../../src/core/lv_obj_pos.h ****  * @param obj       pointer to an object
  75:Middlewares/lvgl/examples/widgets/msgbox/../../../src/core/lv_obj_pos.h ****  * @return          true: the size has been changed
  76:Middlewares/lvgl/examples/widgets/msgbox/../../../src/core/lv_obj_pos.h ****  */
  77:Middlewares/lvgl/examples/widgets/msgbox/../../../src/core/lv_obj_pos.h **** bool lv_obj_refr_size(struct _lv_obj_t * obj);
  78:Middlewares/lvgl/examples/widgets/msgbox/../../../src/core/lv_obj_pos.h **** 
  79:Middlewares/lvgl/examples/widgets/msgbox/../../../src/core/lv_obj_pos.h **** /**
  80:Middlewares/lvgl/examples/widgets/msgbox/../../../src/core/lv_obj_pos.h ****  * Set the width of an object
  81:Middlewares/lvgl/examples/widgets/msgbox/../../../src/core/lv_obj_pos.h ****  * @param obj       pointer to an object
  82:Middlewares/lvgl/examples/widgets/msgbox/../../../src/core/lv_obj_pos.h ****  * @param w         the new width
  83:Middlewares/lvgl/examples/widgets/msgbox/../../../src/core/lv_obj_pos.h ****  * @note            possible values are:
  84:Middlewares/lvgl/examples/widgets/msgbox/../../../src/core/lv_obj_pos.h ****  *                  pixel               simple set the size accordingly
  85:Middlewares/lvgl/examples/widgets/msgbox/../../../src/core/lv_obj_pos.h ****  *                  LV_SIZE_CONTENT     set the size to involve all children in the given direction
  86:Middlewares/lvgl/examples/widgets/msgbox/../../../src/core/lv_obj_pos.h ****  *                  lv_pct(x)           to set size in percentage of the parent's content area size
  87:Middlewares/lvgl/examples/widgets/msgbox/../../../src/core/lv_obj_pos.h ****  *                                      x should be in [0..1000]% range
  88:Middlewares/lvgl/examples/widgets/msgbox/../../../src/core/lv_obj_pos.h ****  */
  89:Middlewares/lvgl/examples/widgets/msgbox/../../../src/core/lv_obj_pos.h **** void lv_obj_set_width(struct _lv_obj_t * obj, lv_coord_t w);
  90:Middlewares/lvgl/examples/widgets/msgbox/../../../src/core/lv_obj_pos.h **** 
  91:Middlewares/lvgl/examples/widgets/msgbox/../../../src/core/lv_obj_pos.h **** /**
  92:Middlewares/lvgl/examples/widgets/msgbox/../../../src/core/lv_obj_pos.h ****  * Set the height of an object
  93:Middlewares/lvgl/examples/widgets/msgbox/../../../src/core/lv_obj_pos.h ****  * @param obj       pointer to an object
  94:Middlewares/lvgl/examples/widgets/msgbox/../../../src/core/lv_obj_pos.h ****  * @param h         the new height
  95:Middlewares/lvgl/examples/widgets/msgbox/../../../src/core/lv_obj_pos.h ****  * @note            possible values are:
  96:Middlewares/lvgl/examples/widgets/msgbox/../../../src/core/lv_obj_pos.h ****  *                  pixel               simple set the size accordingly
  97:Middlewares/lvgl/examples/widgets/msgbox/../../../src/core/lv_obj_pos.h ****  *                  LV_SIZE_CONTENT     set the size to involve all children in the given direction
  98:Middlewares/lvgl/examples/widgets/msgbox/../../../src/core/lv_obj_pos.h ****  *                  lv_pct(x)           to set size in percentage of the parent's content area size
  99:Middlewares/lvgl/examples/widgets/msgbox/../../../src/core/lv_obj_pos.h ****  *                                      x should be in [0..1000]% range
 100:Middlewares/lvgl/examples/widgets/msgbox/../../../src/core/lv_obj_pos.h ****  */
 101:Middlewares/lvgl/examples/widgets/msgbox/../../../src/core/lv_obj_pos.h **** void lv_obj_set_height(struct _lv_obj_t * obj, lv_coord_t h);
 102:Middlewares/lvgl/examples/widgets/msgbox/../../../src/core/lv_obj_pos.h **** 
 103:Middlewares/lvgl/examples/widgets/msgbox/../../../src/core/lv_obj_pos.h **** /**
 104:Middlewares/lvgl/examples/widgets/msgbox/../../../src/core/lv_obj_pos.h ****  * Set the width reduced by the left and right padding and the border width.
 105:Middlewares/lvgl/examples/widgets/msgbox/../../../src/core/lv_obj_pos.h ****  * @param obj       pointer to an object
 106:Middlewares/lvgl/examples/widgets/msgbox/../../../src/core/lv_obj_pos.h ****  * @param w         the width without paddings in pixels
 107:Middlewares/lvgl/examples/widgets/msgbox/../../../src/core/lv_obj_pos.h ****  */
 108:Middlewares/lvgl/examples/widgets/msgbox/../../../src/core/lv_obj_pos.h **** void lv_obj_set_content_width(struct _lv_obj_t * obj, lv_coord_t w);
 109:Middlewares/lvgl/examples/widgets/msgbox/../../../src/core/lv_obj_pos.h **** 
 110:Middlewares/lvgl/examples/widgets/msgbox/../../../src/core/lv_obj_pos.h **** /**
 111:Middlewares/lvgl/examples/widgets/msgbox/../../../src/core/lv_obj_pos.h ****  * Set the height reduced by the top and bottom padding and the border width.
 112:Middlewares/lvgl/examples/widgets/msgbox/../../../src/core/lv_obj_pos.h ****  * @param obj       pointer to an object
ARM GAS  /tmp/cc5pojC7.s 			page 5


 113:Middlewares/lvgl/examples/widgets/msgbox/../../../src/core/lv_obj_pos.h ****  * @param h         the height without paddings in pixels
 114:Middlewares/lvgl/examples/widgets/msgbox/../../../src/core/lv_obj_pos.h ****  */
 115:Middlewares/lvgl/examples/widgets/msgbox/../../../src/core/lv_obj_pos.h **** void lv_obj_set_content_height(struct _lv_obj_t * obj, lv_coord_t h);
 116:Middlewares/lvgl/examples/widgets/msgbox/../../../src/core/lv_obj_pos.h **** 
 117:Middlewares/lvgl/examples/widgets/msgbox/../../../src/core/lv_obj_pos.h **** /**
 118:Middlewares/lvgl/examples/widgets/msgbox/../../../src/core/lv_obj_pos.h ****  * Set a layout for an object
 119:Middlewares/lvgl/examples/widgets/msgbox/../../../src/core/lv_obj_pos.h ****  * @param obj       pointer to an object
 120:Middlewares/lvgl/examples/widgets/msgbox/../../../src/core/lv_obj_pos.h ****  * @param layout    pointer to a layout descriptor to set
 121:Middlewares/lvgl/examples/widgets/msgbox/../../../src/core/lv_obj_pos.h ****  */
 122:Middlewares/lvgl/examples/widgets/msgbox/../../../src/core/lv_obj_pos.h **** void lv_obj_set_layout(struct _lv_obj_t * obj, uint32_t layout);
 123:Middlewares/lvgl/examples/widgets/msgbox/../../../src/core/lv_obj_pos.h **** 
 124:Middlewares/lvgl/examples/widgets/msgbox/../../../src/core/lv_obj_pos.h **** /**
 125:Middlewares/lvgl/examples/widgets/msgbox/../../../src/core/lv_obj_pos.h ****  * Test whether the and object is positioned by a layout or not
 126:Middlewares/lvgl/examples/widgets/msgbox/../../../src/core/lv_obj_pos.h ****  * @param obj       pointer to an object to test
 127:Middlewares/lvgl/examples/widgets/msgbox/../../../src/core/lv_obj_pos.h ****  * @return true:    positioned by a layout; false: not positioned by a layout
 128:Middlewares/lvgl/examples/widgets/msgbox/../../../src/core/lv_obj_pos.h ****  */
 129:Middlewares/lvgl/examples/widgets/msgbox/../../../src/core/lv_obj_pos.h **** bool lv_obj_is_layout_positioned(const struct _lv_obj_t * obj);
 130:Middlewares/lvgl/examples/widgets/msgbox/../../../src/core/lv_obj_pos.h **** 
 131:Middlewares/lvgl/examples/widgets/msgbox/../../../src/core/lv_obj_pos.h **** /**
 132:Middlewares/lvgl/examples/widgets/msgbox/../../../src/core/lv_obj_pos.h ****  * Mark the object for layout update.
 133:Middlewares/lvgl/examples/widgets/msgbox/../../../src/core/lv_obj_pos.h ****  * @param obj      pointer to an object whose children needs to be updated
 134:Middlewares/lvgl/examples/widgets/msgbox/../../../src/core/lv_obj_pos.h ****  */
 135:Middlewares/lvgl/examples/widgets/msgbox/../../../src/core/lv_obj_pos.h **** void lv_obj_mark_layout_as_dirty(struct _lv_obj_t * obj);
 136:Middlewares/lvgl/examples/widgets/msgbox/../../../src/core/lv_obj_pos.h **** 
 137:Middlewares/lvgl/examples/widgets/msgbox/../../../src/core/lv_obj_pos.h **** /**
 138:Middlewares/lvgl/examples/widgets/msgbox/../../../src/core/lv_obj_pos.h ****  * Update the layout of an object.
 139:Middlewares/lvgl/examples/widgets/msgbox/../../../src/core/lv_obj_pos.h ****  * @param obj      pointer to an object whose children needs to be updated
 140:Middlewares/lvgl/examples/widgets/msgbox/../../../src/core/lv_obj_pos.h ****  */
 141:Middlewares/lvgl/examples/widgets/msgbox/../../../src/core/lv_obj_pos.h **** void lv_obj_update_layout(const struct _lv_obj_t * obj);
 142:Middlewares/lvgl/examples/widgets/msgbox/../../../src/core/lv_obj_pos.h **** 
 143:Middlewares/lvgl/examples/widgets/msgbox/../../../src/core/lv_obj_pos.h **** /**
 144:Middlewares/lvgl/examples/widgets/msgbox/../../../src/core/lv_obj_pos.h ****  * Regsiter a new layout
 145:Middlewares/lvgl/examples/widgets/msgbox/../../../src/core/lv_obj_pos.h ****  * @param cb        the layout update callback
 146:Middlewares/lvgl/examples/widgets/msgbox/../../../src/core/lv_obj_pos.h ****  * @param user_data custom data that will be passed to `cb`
 147:Middlewares/lvgl/examples/widgets/msgbox/../../../src/core/lv_obj_pos.h ****  * @return          the ID of the new layout
 148:Middlewares/lvgl/examples/widgets/msgbox/../../../src/core/lv_obj_pos.h ****  */
 149:Middlewares/lvgl/examples/widgets/msgbox/../../../src/core/lv_obj_pos.h **** uint32_t lv_layout_register(lv_layout_update_cb_t cb, void * user_data);
 150:Middlewares/lvgl/examples/widgets/msgbox/../../../src/core/lv_obj_pos.h **** 
 151:Middlewares/lvgl/examples/widgets/msgbox/../../../src/core/lv_obj_pos.h **** /**
 152:Middlewares/lvgl/examples/widgets/msgbox/../../../src/core/lv_obj_pos.h ****  * Change the alignment of an object.
 153:Middlewares/lvgl/examples/widgets/msgbox/../../../src/core/lv_obj_pos.h ****  * @param obj       pointer to an object to align
 154:Middlewares/lvgl/examples/widgets/msgbox/../../../src/core/lv_obj_pos.h ****  * @param align     type of alignment (see 'lv_align_t' enum) `LV_ALIGN_OUT_...` can't be used.
 155:Middlewares/lvgl/examples/widgets/msgbox/../../../src/core/lv_obj_pos.h ****  */
 156:Middlewares/lvgl/examples/widgets/msgbox/../../../src/core/lv_obj_pos.h **** void lv_obj_set_align(struct _lv_obj_t * obj, lv_align_t align);
 157:Middlewares/lvgl/examples/widgets/msgbox/../../../src/core/lv_obj_pos.h **** 
 158:Middlewares/lvgl/examples/widgets/msgbox/../../../src/core/lv_obj_pos.h **** /**
 159:Middlewares/lvgl/examples/widgets/msgbox/../../../src/core/lv_obj_pos.h ****  * Change the alignment of an object and set new coordinates.
 160:Middlewares/lvgl/examples/widgets/msgbox/../../../src/core/lv_obj_pos.h ****  * Equivalent to:
 161:Middlewares/lvgl/examples/widgets/msgbox/../../../src/core/lv_obj_pos.h ****  * lv_obj_set_align(obj, align);
 162:Middlewares/lvgl/examples/widgets/msgbox/../../../src/core/lv_obj_pos.h ****  * lv_obj_set_pos(obj, x_ofs, y_ofs);
 163:Middlewares/lvgl/examples/widgets/msgbox/../../../src/core/lv_obj_pos.h ****  * @param obj       pointer to an object to align
 164:Middlewares/lvgl/examples/widgets/msgbox/../../../src/core/lv_obj_pos.h ****  * @param align     type of alignment (see 'lv_align_t' enum) `LV_ALIGN_OUT_...` can't be used.
 165:Middlewares/lvgl/examples/widgets/msgbox/../../../src/core/lv_obj_pos.h ****  * @param x_ofs     x coordinate offset after alignment
 166:Middlewares/lvgl/examples/widgets/msgbox/../../../src/core/lv_obj_pos.h ****  * @param y_ofs     y coordinate offset after alignment
 167:Middlewares/lvgl/examples/widgets/msgbox/../../../src/core/lv_obj_pos.h ****  */
 168:Middlewares/lvgl/examples/widgets/msgbox/../../../src/core/lv_obj_pos.h **** void lv_obj_align(struct _lv_obj_t * obj, lv_align_t align, lv_coord_t x_ofs, lv_coord_t y_ofs);
 169:Middlewares/lvgl/examples/widgets/msgbox/../../../src/core/lv_obj_pos.h **** 
ARM GAS  /tmp/cc5pojC7.s 			page 6


 170:Middlewares/lvgl/examples/widgets/msgbox/../../../src/core/lv_obj_pos.h **** /**
 171:Middlewares/lvgl/examples/widgets/msgbox/../../../src/core/lv_obj_pos.h ****  * Align an object to an other object.
 172:Middlewares/lvgl/examples/widgets/msgbox/../../../src/core/lv_obj_pos.h ****  * @param obj       pointer to an object to align
 173:Middlewares/lvgl/examples/widgets/msgbox/../../../src/core/lv_obj_pos.h ****  * @param base      pointer to an other object (if NULL `obj`s parent is used). 'obj' will be align
 174:Middlewares/lvgl/examples/widgets/msgbox/../../../src/core/lv_obj_pos.h ****  * @param align     type of alignment (see 'lv_align_t' enum)
 175:Middlewares/lvgl/examples/widgets/msgbox/../../../src/core/lv_obj_pos.h ****  * @param x_ofs     x coordinate offset after alignment
 176:Middlewares/lvgl/examples/widgets/msgbox/../../../src/core/lv_obj_pos.h ****  * @param y_ofs     y coordinate offset after alignment
 177:Middlewares/lvgl/examples/widgets/msgbox/../../../src/core/lv_obj_pos.h ****  * @note            if the position or size of `base` changes `obj` needs to be aligned manually ag
 178:Middlewares/lvgl/examples/widgets/msgbox/../../../src/core/lv_obj_pos.h ****  */
 179:Middlewares/lvgl/examples/widgets/msgbox/../../../src/core/lv_obj_pos.h **** void lv_obj_align_to(struct _lv_obj_t * obj, const struct _lv_obj_t * base, lv_align_t align, lv_co
 180:Middlewares/lvgl/examples/widgets/msgbox/../../../src/core/lv_obj_pos.h **** 
 181:Middlewares/lvgl/examples/widgets/msgbox/../../../src/core/lv_obj_pos.h **** /**
 182:Middlewares/lvgl/examples/widgets/msgbox/../../../src/core/lv_obj_pos.h ****  * Align an object to the center on its parent.
 183:Middlewares/lvgl/examples/widgets/msgbox/../../../src/core/lv_obj_pos.h ****  * @param obj       pointer to an object to align
 184:Middlewares/lvgl/examples/widgets/msgbox/../../../src/core/lv_obj_pos.h ****  * @note            if the parent size changes `obj` needs to be aligned manually again
 185:Middlewares/lvgl/examples/widgets/msgbox/../../../src/core/lv_obj_pos.h ****  */
 186:Middlewares/lvgl/examples/widgets/msgbox/../../../src/core/lv_obj_pos.h **** static inline void lv_obj_center(struct _lv_obj_t * obj)
  99              		.loc 2 186 20 view .LVU12
 100              	.LBB5:
 187:Middlewares/lvgl/examples/widgets/msgbox/../../../src/core/lv_obj_pos.h **** {
 188:Middlewares/lvgl/examples/widgets/msgbox/../../../src/core/lv_obj_pos.h ****     lv_obj_align(obj, LV_ALIGN_CENTER, 0, 0);
 101              		.loc 2 188 5 view .LVU13
 102 0020 0023     		movs	r3, #0
 103 0022 1A46     		mov	r2, r3
 104 0024 0921     		movs	r1, #9
 105 0026 2046     		mov	r0, r4
 106 0028 FFF7FEFF 		bl	lv_obj_align
 107              	.LVL5:
 108              		.loc 2 188 5 is_stmt 0 view .LVU14
 109              	.LBE5:
 110              	.LBE4:
  17:Middlewares/lvgl/examples/widgets/msgbox/lv_example_msgbox_1.c **** }
 111              		.loc 1 17 1 view .LVU15
 112 002c 02B0     		add	sp, sp, #8
 113              	.LCFI3:
 114              		.cfi_def_cfa_offset 8
 115              		@ sp needed
 116 002e 10BD     		pop	{r4, pc}
 117              	.LVL6:
 118              	.L6:
 119              		.loc 1 17 1 view .LVU16
 120              		.align	2
 121              	.L5:
 122 0030 00000000 		.word	.LANCHOR0
 123 0034 00000000 		.word	.LC0
 124 0038 28000000 		.word	.LC1
 125 003c 00000000 		.word	event_cb
 126              		.cfi_endproc
 127              	.LFE185:
 129              		.section	.rodata.str1.4,"aMS",%progbits,1
 130              		.align	2
 131              	.LC2:
 132 0000 4170706C 		.ascii	"Apply\000"
 132      7900
 133 0006 0000     		.align	2
 134              	.LC3:
 135 0008 436C6F73 		.ascii	"Close\000"
ARM GAS  /tmp/cc5pojC7.s 			page 7


 135      6500
 136 000e 0000     		.align	2
 137              	.LC4:
 138 0010 00       		.ascii	"\000"
 139              		.section	.data.btns.0,"aw"
 140              		.align	2
 141              		.set	.LANCHOR0,. + 0
 144              	btns.0:
 145 0000 00000000 		.word	.LC2
 146 0004 08000000 		.word	.LC3
 147 0008 10000000 		.word	.LC4
 148              		.text
 149              	.Letext0:
 150              		.file 3 "/home/akinya/gcc-arm-none-eabi/arm-none-eabi/include/machine/_default_types.h"
 151              		.file 4 "/home/akinya/gcc-arm-none-eabi/arm-none-eabi/include/sys/_stdint.h"
 152              		.file 5 "Middlewares/lvgl/examples/widgets/msgbox/../../../src/misc/lv_ll.h"
 153              		.file 6 "Middlewares/lvgl/examples/widgets/msgbox/../../../src/hal/../misc/lv_color.h"
 154              		.file 7 "Middlewares/lvgl/examples/widgets/msgbox/../../../src/hal/../misc/lv_area.h"
 155              		.file 8 "Middlewares/lvgl/examples/widgets/msgbox/../../../src/core/lv_obj.h"
 156              		.file 9 "Middlewares/lvgl/examples/widgets/msgbox/../../../src/core/lv_group.h"
 157              		.file 10 "Middlewares/lvgl/examples/widgets/msgbox/../../../src/core/../misc/lv_style.h"
 158              		.file 11 "Middlewares/lvgl/examples/widgets/msgbox/../../../src/core/lv_obj_scroll.h"
 159              		.file 12 "Middlewares/lvgl/examples/widgets/msgbox/../../../src/core/lv_obj_style.h"
 160              		.file 13 "Middlewares/lvgl/examples/widgets/msgbox/../../../src/core/lv_obj_class.h"
 161              		.file 14 "Middlewares/lvgl/examples/widgets/msgbox/../../../src/core/lv_event.h"
 162              		.file 15 "Middlewares/lvgl/examples/widgets/msgbox/../../../src/extra/widgets/msgbox/lv_msgbox.h"
ARM GAS  /tmp/cc5pojC7.s 			page 8


DEFINED SYMBOLS
                            *ABS*:0000000000000000 lv_example_msgbox_1.c
     /tmp/cc5pojC7.s:16     .text.event_cb:0000000000000000 $t
     /tmp/cc5pojC7.s:23     .text.event_cb:0000000000000000 event_cb
     /tmp/cc5pojC7.s:48     .rodata.lv_example_msgbox_1.str1.4:0000000000000000 $d
     /tmp/cc5pojC7.s:55     .text.lv_example_msgbox_1:0000000000000000 $t
     /tmp/cc5pojC7.s:62     .text.lv_example_msgbox_1:0000000000000000 lv_example_msgbox_1
     /tmp/cc5pojC7.s:122    .text.lv_example_msgbox_1:0000000000000030 $d
     /tmp/cc5pojC7.s:130    .rodata.str1.4:0000000000000000 $d
     /tmp/cc5pojC7.s:140    .data.btns.0:0000000000000000 $d
     /tmp/cc5pojC7.s:144    .data.btns.0:0000000000000000 btns.0

UNDEFINED SYMBOLS
lv_event_get_current_target
lv_msgbox_create
lv_obj_add_event_cb
lv_obj_align
