ARM GAS  /tmp/cc8evWSc.s 			page 1


   1              		.cpu cortex-m3
   2              		.eabi_attribute 20, 1
   3              		.eabi_attribute 21, 1
   4              		.eabi_attribute 23, 3
   5              		.eabi_attribute 24, 1
   6              		.eabi_attribute 25, 1
   7              		.eabi_attribute 26, 1
   8              		.eabi_attribute 30, 1
   9              		.eabi_attribute 34, 1
  10              		.eabi_attribute 18, 4
  11              		.file	"lv_example_chart_1.c"
  12              		.text
  13              	.Ltext0:
  14              		.cfi_sections	.debug_frame
  15              		.section	.text.lv_example_chart_1,"ax",%progbits
  16              		.align	1
  17              		.global	lv_example_chart_1
  18              		.arch armv7-m
  19              		.syntax unified
  20              		.thumb
  21              		.thumb_func
  22              		.fpu softvfp
  24              	lv_example_chart_1:
  25              	.LFB184:
  26              		.file 1 "Middlewares/lvgl/examples/widgets/chart/lv_example_chart_1.c"
   1:Middlewares/lvgl/examples/widgets/chart/lv_example_chart_1.c **** #include "../../lv_examples.h"
   2:Middlewares/lvgl/examples/widgets/chart/lv_example_chart_1.c **** #if LV_USE_CHART && LV_BUILD_EXAMPLES
   3:Middlewares/lvgl/examples/widgets/chart/lv_example_chart_1.c **** 
   4:Middlewares/lvgl/examples/widgets/chart/lv_example_chart_1.c **** void lv_example_chart_1(void)
   5:Middlewares/lvgl/examples/widgets/chart/lv_example_chart_1.c **** {
  27              		.loc 1 5 1 view -0
  28              		.cfi_startproc
  29              		@ args = 0, pretend = 0, frame = 0
  30              		@ frame_needed = 0, uses_anonymous_args = 0
  31 0000 70B5     		push	{r4, r5, r6, lr}
  32              	.LCFI0:
  33              		.cfi_def_cfa_offset 16
  34              		.cfi_offset 4, -16
  35              		.cfi_offset 5, -12
  36              		.cfi_offset 6, -8
  37              		.cfi_offset 14, -4
   6:Middlewares/lvgl/examples/widgets/chart/lv_example_chart_1.c ****     /*Create a chart*/
   7:Middlewares/lvgl/examples/widgets/chart/lv_example_chart_1.c ****     lv_obj_t * chart;
  38              		.loc 1 7 5 view .LVU1
   8:Middlewares/lvgl/examples/widgets/chart/lv_example_chart_1.c ****     chart = lv_chart_create(lv_scr_act());
  39              		.loc 1 8 5 view .LVU2
  40              	.LBB8:
  41              	.LBI8:
  42              		.file 2 "Middlewares/lvgl/examples/widgets/chart/../../../src/core/lv_disp.h"
   1:Middlewares/lvgl/examples/widgets/chart/../../../src/core/lv_disp.h **** /**
   2:Middlewares/lvgl/examples/widgets/chart/../../../src/core/lv_disp.h ****  * @file lv_disp.h
   3:Middlewares/lvgl/examples/widgets/chart/../../../src/core/lv_disp.h ****  *
   4:Middlewares/lvgl/examples/widgets/chart/../../../src/core/lv_disp.h ****  */
   5:Middlewares/lvgl/examples/widgets/chart/../../../src/core/lv_disp.h **** 
   6:Middlewares/lvgl/examples/widgets/chart/../../../src/core/lv_disp.h **** #ifndef LV_DISP_H
   7:Middlewares/lvgl/examples/widgets/chart/../../../src/core/lv_disp.h **** #define LV_DISP_H
   8:Middlewares/lvgl/examples/widgets/chart/../../../src/core/lv_disp.h **** 
ARM GAS  /tmp/cc8evWSc.s 			page 2


   9:Middlewares/lvgl/examples/widgets/chart/../../../src/core/lv_disp.h **** #ifdef __cplusplus
  10:Middlewares/lvgl/examples/widgets/chart/../../../src/core/lv_disp.h **** extern "C" {
  11:Middlewares/lvgl/examples/widgets/chart/../../../src/core/lv_disp.h **** #endif
  12:Middlewares/lvgl/examples/widgets/chart/../../../src/core/lv_disp.h **** 
  13:Middlewares/lvgl/examples/widgets/chart/../../../src/core/lv_disp.h **** /*********************
  14:Middlewares/lvgl/examples/widgets/chart/../../../src/core/lv_disp.h ****  *      INCLUDES
  15:Middlewares/lvgl/examples/widgets/chart/../../../src/core/lv_disp.h ****  *********************/
  16:Middlewares/lvgl/examples/widgets/chart/../../../src/core/lv_disp.h **** #include "../hal/lv_hal.h"
  17:Middlewares/lvgl/examples/widgets/chart/../../../src/core/lv_disp.h **** #include "lv_obj.h"
  18:Middlewares/lvgl/examples/widgets/chart/../../../src/core/lv_disp.h **** #include "lv_theme.h"
  19:Middlewares/lvgl/examples/widgets/chart/../../../src/core/lv_disp.h **** 
  20:Middlewares/lvgl/examples/widgets/chart/../../../src/core/lv_disp.h **** /*********************
  21:Middlewares/lvgl/examples/widgets/chart/../../../src/core/lv_disp.h ****  *      DEFINES
  22:Middlewares/lvgl/examples/widgets/chart/../../../src/core/lv_disp.h ****  *********************/
  23:Middlewares/lvgl/examples/widgets/chart/../../../src/core/lv_disp.h **** 
  24:Middlewares/lvgl/examples/widgets/chart/../../../src/core/lv_disp.h **** /**********************
  25:Middlewares/lvgl/examples/widgets/chart/../../../src/core/lv_disp.h ****  *      TYPEDEFS
  26:Middlewares/lvgl/examples/widgets/chart/../../../src/core/lv_disp.h ****  **********************/
  27:Middlewares/lvgl/examples/widgets/chart/../../../src/core/lv_disp.h **** 
  28:Middlewares/lvgl/examples/widgets/chart/../../../src/core/lv_disp.h **** typedef enum {
  29:Middlewares/lvgl/examples/widgets/chart/../../../src/core/lv_disp.h ****     LV_SCR_LOAD_ANIM_NONE,
  30:Middlewares/lvgl/examples/widgets/chart/../../../src/core/lv_disp.h ****     LV_SCR_LOAD_ANIM_OVER_LEFT,
  31:Middlewares/lvgl/examples/widgets/chart/../../../src/core/lv_disp.h ****     LV_SCR_LOAD_ANIM_OVER_RIGHT,
  32:Middlewares/lvgl/examples/widgets/chart/../../../src/core/lv_disp.h ****     LV_SCR_LOAD_ANIM_OVER_TOP,
  33:Middlewares/lvgl/examples/widgets/chart/../../../src/core/lv_disp.h ****     LV_SCR_LOAD_ANIM_OVER_BOTTOM,
  34:Middlewares/lvgl/examples/widgets/chart/../../../src/core/lv_disp.h ****     LV_SCR_LOAD_ANIM_MOVE_LEFT,
  35:Middlewares/lvgl/examples/widgets/chart/../../../src/core/lv_disp.h ****     LV_SCR_LOAD_ANIM_MOVE_RIGHT,
  36:Middlewares/lvgl/examples/widgets/chart/../../../src/core/lv_disp.h ****     LV_SCR_LOAD_ANIM_MOVE_TOP,
  37:Middlewares/lvgl/examples/widgets/chart/../../../src/core/lv_disp.h ****     LV_SCR_LOAD_ANIM_MOVE_BOTTOM,
  38:Middlewares/lvgl/examples/widgets/chart/../../../src/core/lv_disp.h ****     LV_SCR_LOAD_ANIM_FADE_ON,
  39:Middlewares/lvgl/examples/widgets/chart/../../../src/core/lv_disp.h **** } lv_scr_load_anim_t;
  40:Middlewares/lvgl/examples/widgets/chart/../../../src/core/lv_disp.h **** 
  41:Middlewares/lvgl/examples/widgets/chart/../../../src/core/lv_disp.h **** /**********************
  42:Middlewares/lvgl/examples/widgets/chart/../../../src/core/lv_disp.h ****  * GLOBAL PROTOTYPES
  43:Middlewares/lvgl/examples/widgets/chart/../../../src/core/lv_disp.h ****  **********************/
  44:Middlewares/lvgl/examples/widgets/chart/../../../src/core/lv_disp.h **** 
  45:Middlewares/lvgl/examples/widgets/chart/../../../src/core/lv_disp.h **** /**
  46:Middlewares/lvgl/examples/widgets/chart/../../../src/core/lv_disp.h ****  * Return with a pointer to the active screen
  47:Middlewares/lvgl/examples/widgets/chart/../../../src/core/lv_disp.h ****  * @param disp pointer to display which active screen should be get. (NULL to use the default
  48:Middlewares/lvgl/examples/widgets/chart/../../../src/core/lv_disp.h ****  * screen)
  49:Middlewares/lvgl/examples/widgets/chart/../../../src/core/lv_disp.h ****  * @return pointer to the active screen object (loaded by 'lv_scr_load()')
  50:Middlewares/lvgl/examples/widgets/chart/../../../src/core/lv_disp.h ****  */
  51:Middlewares/lvgl/examples/widgets/chart/../../../src/core/lv_disp.h **** lv_obj_t * lv_disp_get_scr_act(lv_disp_t * disp);
  52:Middlewares/lvgl/examples/widgets/chart/../../../src/core/lv_disp.h **** 
  53:Middlewares/lvgl/examples/widgets/chart/../../../src/core/lv_disp.h **** /**
  54:Middlewares/lvgl/examples/widgets/chart/../../../src/core/lv_disp.h ****  * Return with a pointer to the previous screen. Only used during screen transitions.
  55:Middlewares/lvgl/examples/widgets/chart/../../../src/core/lv_disp.h ****  * @param disp pointer to display which previous screen should be get. (NULL to use the default
  56:Middlewares/lvgl/examples/widgets/chart/../../../src/core/lv_disp.h ****  * screen)
  57:Middlewares/lvgl/examples/widgets/chart/../../../src/core/lv_disp.h ****  * @return pointer to the previous screen object or NULL if not used now
  58:Middlewares/lvgl/examples/widgets/chart/../../../src/core/lv_disp.h ****  */
  59:Middlewares/lvgl/examples/widgets/chart/../../../src/core/lv_disp.h **** lv_obj_t * lv_disp_get_scr_prev(lv_disp_t * disp);
  60:Middlewares/lvgl/examples/widgets/chart/../../../src/core/lv_disp.h **** 
  61:Middlewares/lvgl/examples/widgets/chart/../../../src/core/lv_disp.h **** /**
  62:Middlewares/lvgl/examples/widgets/chart/../../../src/core/lv_disp.h ****  * Make a screen active
  63:Middlewares/lvgl/examples/widgets/chart/../../../src/core/lv_disp.h ****  * @param scr pointer to a screen
  64:Middlewares/lvgl/examples/widgets/chart/../../../src/core/lv_disp.h ****  */
  65:Middlewares/lvgl/examples/widgets/chart/../../../src/core/lv_disp.h **** void lv_disp_load_scr(lv_obj_t * scr);
ARM GAS  /tmp/cc8evWSc.s 			page 3


  66:Middlewares/lvgl/examples/widgets/chart/../../../src/core/lv_disp.h **** 
  67:Middlewares/lvgl/examples/widgets/chart/../../../src/core/lv_disp.h **** /**
  68:Middlewares/lvgl/examples/widgets/chart/../../../src/core/lv_disp.h ****  * Return with the top layer. (Same on every screen and it is above the normal screen layer)
  69:Middlewares/lvgl/examples/widgets/chart/../../../src/core/lv_disp.h ****  * @param disp pointer to display which top layer should be get. (NULL to use the default screen)
  70:Middlewares/lvgl/examples/widgets/chart/../../../src/core/lv_disp.h ****  * @return pointer to the top layer object  (transparent screen sized lv_obj)
  71:Middlewares/lvgl/examples/widgets/chart/../../../src/core/lv_disp.h ****  */
  72:Middlewares/lvgl/examples/widgets/chart/../../../src/core/lv_disp.h **** lv_obj_t * lv_disp_get_layer_top(lv_disp_t * disp);
  73:Middlewares/lvgl/examples/widgets/chart/../../../src/core/lv_disp.h **** 
  74:Middlewares/lvgl/examples/widgets/chart/../../../src/core/lv_disp.h **** /**
  75:Middlewares/lvgl/examples/widgets/chart/../../../src/core/lv_disp.h ****  * Return with the sys. layer. (Same on every screen and it is above the normal screen and the top
  76:Middlewares/lvgl/examples/widgets/chart/../../../src/core/lv_disp.h ****  * layer)
  77:Middlewares/lvgl/examples/widgets/chart/../../../src/core/lv_disp.h ****  * @param disp pointer to display which sys. layer  should be get. (NULL to use the default screen)
  78:Middlewares/lvgl/examples/widgets/chart/../../../src/core/lv_disp.h ****  * @return pointer to the sys layer object  (transparent screen sized lv_obj)
  79:Middlewares/lvgl/examples/widgets/chart/../../../src/core/lv_disp.h ****  */
  80:Middlewares/lvgl/examples/widgets/chart/../../../src/core/lv_disp.h **** lv_obj_t * lv_disp_get_layer_sys(lv_disp_t * disp);
  81:Middlewares/lvgl/examples/widgets/chart/../../../src/core/lv_disp.h **** 
  82:Middlewares/lvgl/examples/widgets/chart/../../../src/core/lv_disp.h **** /**
  83:Middlewares/lvgl/examples/widgets/chart/../../../src/core/lv_disp.h ****  * Get the theme of a display
  84:Middlewares/lvgl/examples/widgets/chart/../../../src/core/lv_disp.h ****  * @param disp pointer to a display
  85:Middlewares/lvgl/examples/widgets/chart/../../../src/core/lv_disp.h ****  * @return the display's theme (can be NULL)
  86:Middlewares/lvgl/examples/widgets/chart/../../../src/core/lv_disp.h ****  */
  87:Middlewares/lvgl/examples/widgets/chart/../../../src/core/lv_disp.h **** void lv_disp_set_theme(lv_disp_t * disp, lv_theme_t * th);
  88:Middlewares/lvgl/examples/widgets/chart/../../../src/core/lv_disp.h **** 
  89:Middlewares/lvgl/examples/widgets/chart/../../../src/core/lv_disp.h **** /**
  90:Middlewares/lvgl/examples/widgets/chart/../../../src/core/lv_disp.h ****  * Get the theme of a display
  91:Middlewares/lvgl/examples/widgets/chart/../../../src/core/lv_disp.h ****  * @param disp pointer to a display
  92:Middlewares/lvgl/examples/widgets/chart/../../../src/core/lv_disp.h ****  * @return the display's theme (can be NULL)
  93:Middlewares/lvgl/examples/widgets/chart/../../../src/core/lv_disp.h ****  */
  94:Middlewares/lvgl/examples/widgets/chart/../../../src/core/lv_disp.h **** lv_theme_t * lv_disp_get_theme(lv_disp_t * disp);
  95:Middlewares/lvgl/examples/widgets/chart/../../../src/core/lv_disp.h **** 
  96:Middlewares/lvgl/examples/widgets/chart/../../../src/core/lv_disp.h **** /**
  97:Middlewares/lvgl/examples/widgets/chart/../../../src/core/lv_disp.h ****  * Set the background color of a display
  98:Middlewares/lvgl/examples/widgets/chart/../../../src/core/lv_disp.h ****  * @param disp pointer to a display
  99:Middlewares/lvgl/examples/widgets/chart/../../../src/core/lv_disp.h ****  * @param color color of the background
 100:Middlewares/lvgl/examples/widgets/chart/../../../src/core/lv_disp.h ****  */
 101:Middlewares/lvgl/examples/widgets/chart/../../../src/core/lv_disp.h **** void lv_disp_set_bg_color(lv_disp_t * disp, lv_color_t color);
 102:Middlewares/lvgl/examples/widgets/chart/../../../src/core/lv_disp.h **** 
 103:Middlewares/lvgl/examples/widgets/chart/../../../src/core/lv_disp.h **** /**
 104:Middlewares/lvgl/examples/widgets/chart/../../../src/core/lv_disp.h ****  * Set the background image of a display
 105:Middlewares/lvgl/examples/widgets/chart/../../../src/core/lv_disp.h ****  * @param disp pointer to a display
 106:Middlewares/lvgl/examples/widgets/chart/../../../src/core/lv_disp.h ****  * @param img_src path to file or pointer to an `lv_img_dsc_t` variable
 107:Middlewares/lvgl/examples/widgets/chart/../../../src/core/lv_disp.h ****  */
 108:Middlewares/lvgl/examples/widgets/chart/../../../src/core/lv_disp.h **** void lv_disp_set_bg_image(lv_disp_t * disp, const void  * img_src);
 109:Middlewares/lvgl/examples/widgets/chart/../../../src/core/lv_disp.h **** 
 110:Middlewares/lvgl/examples/widgets/chart/../../../src/core/lv_disp.h **** /**
 111:Middlewares/lvgl/examples/widgets/chart/../../../src/core/lv_disp.h ****  * Opacity of the background
 112:Middlewares/lvgl/examples/widgets/chart/../../../src/core/lv_disp.h ****  * @param disp pointer to a display
 113:Middlewares/lvgl/examples/widgets/chart/../../../src/core/lv_disp.h ****  * @param opa opacity (0..255)
 114:Middlewares/lvgl/examples/widgets/chart/../../../src/core/lv_disp.h ****  */
 115:Middlewares/lvgl/examples/widgets/chart/../../../src/core/lv_disp.h **** void lv_disp_set_bg_opa(lv_disp_t * disp, lv_opa_t opa);
 116:Middlewares/lvgl/examples/widgets/chart/../../../src/core/lv_disp.h **** 
 117:Middlewares/lvgl/examples/widgets/chart/../../../src/core/lv_disp.h **** /**
 118:Middlewares/lvgl/examples/widgets/chart/../../../src/core/lv_disp.h ****  * Switch screen with animation
 119:Middlewares/lvgl/examples/widgets/chart/../../../src/core/lv_disp.h ****  * @param scr pointer to the new screen to load
 120:Middlewares/lvgl/examples/widgets/chart/../../../src/core/lv_disp.h ****  * @param anim_type type of the animation from `lv_scr_load_anim_t`. E.g.  `LV_SCR_LOAD_ANIM_MOVE_L
 121:Middlewares/lvgl/examples/widgets/chart/../../../src/core/lv_disp.h ****  * @param time time of the animation
 122:Middlewares/lvgl/examples/widgets/chart/../../../src/core/lv_disp.h ****  * @param delay delay before the transition
ARM GAS  /tmp/cc8evWSc.s 			page 4


 123:Middlewares/lvgl/examples/widgets/chart/../../../src/core/lv_disp.h ****  * @param auto_del true: automatically delete the old screen
 124:Middlewares/lvgl/examples/widgets/chart/../../../src/core/lv_disp.h ****  */
 125:Middlewares/lvgl/examples/widgets/chart/../../../src/core/lv_disp.h **** void lv_scr_load_anim(lv_obj_t * scr, lv_scr_load_anim_t anim_type, uint32_t time, uint32_t delay, 
 126:Middlewares/lvgl/examples/widgets/chart/../../../src/core/lv_disp.h **** 
 127:Middlewares/lvgl/examples/widgets/chart/../../../src/core/lv_disp.h **** /**
 128:Middlewares/lvgl/examples/widgets/chart/../../../src/core/lv_disp.h ****  * Get elapsed time since last user activity on a display (e.g. click)
 129:Middlewares/lvgl/examples/widgets/chart/../../../src/core/lv_disp.h ****  * @param disp pointer to an display (NULL to get the overall smallest inactivity)
 130:Middlewares/lvgl/examples/widgets/chart/../../../src/core/lv_disp.h ****  * @return elapsed ticks (milliseconds) since the last activity
 131:Middlewares/lvgl/examples/widgets/chart/../../../src/core/lv_disp.h ****  */
 132:Middlewares/lvgl/examples/widgets/chart/../../../src/core/lv_disp.h **** uint32_t lv_disp_get_inactive_time(const lv_disp_t * disp);
 133:Middlewares/lvgl/examples/widgets/chart/../../../src/core/lv_disp.h **** 
 134:Middlewares/lvgl/examples/widgets/chart/../../../src/core/lv_disp.h **** /**
 135:Middlewares/lvgl/examples/widgets/chart/../../../src/core/lv_disp.h ****  * Manually trigger an activity on a display
 136:Middlewares/lvgl/examples/widgets/chart/../../../src/core/lv_disp.h ****  * @param disp pointer to an display (NULL to use the default display)
 137:Middlewares/lvgl/examples/widgets/chart/../../../src/core/lv_disp.h ****  */
 138:Middlewares/lvgl/examples/widgets/chart/../../../src/core/lv_disp.h **** void lv_disp_trig_activity(lv_disp_t * disp);
 139:Middlewares/lvgl/examples/widgets/chart/../../../src/core/lv_disp.h **** 
 140:Middlewares/lvgl/examples/widgets/chart/../../../src/core/lv_disp.h **** /**
 141:Middlewares/lvgl/examples/widgets/chart/../../../src/core/lv_disp.h ****  * Clean any CPU cache that is related to the display.
 142:Middlewares/lvgl/examples/widgets/chart/../../../src/core/lv_disp.h ****  * @param disp pointer to an display (NULL to use the default display)
 143:Middlewares/lvgl/examples/widgets/chart/../../../src/core/lv_disp.h ****  */
 144:Middlewares/lvgl/examples/widgets/chart/../../../src/core/lv_disp.h **** void lv_disp_clean_dcache(lv_disp_t * disp);
 145:Middlewares/lvgl/examples/widgets/chart/../../../src/core/lv_disp.h **** 
 146:Middlewares/lvgl/examples/widgets/chart/../../../src/core/lv_disp.h **** /**
 147:Middlewares/lvgl/examples/widgets/chart/../../../src/core/lv_disp.h ****  * Get a pointer to the screen refresher timer to
 148:Middlewares/lvgl/examples/widgets/chart/../../../src/core/lv_disp.h ****  * modify its parameters with `lv_timer_...` functions.
 149:Middlewares/lvgl/examples/widgets/chart/../../../src/core/lv_disp.h ****  * @param disp pointer to a display
 150:Middlewares/lvgl/examples/widgets/chart/../../../src/core/lv_disp.h ****  * @return pointer to the display refresher timer. (NULL on error)
 151:Middlewares/lvgl/examples/widgets/chart/../../../src/core/lv_disp.h ****  */
 152:Middlewares/lvgl/examples/widgets/chart/../../../src/core/lv_disp.h **** lv_timer_t * _lv_disp_get_refr_timer(lv_disp_t * disp);
 153:Middlewares/lvgl/examples/widgets/chart/../../../src/core/lv_disp.h **** 
 154:Middlewares/lvgl/examples/widgets/chart/../../../src/core/lv_disp.h **** /*------------------------------------------------
 155:Middlewares/lvgl/examples/widgets/chart/../../../src/core/lv_disp.h ****  * To improve backward compatibility
 156:Middlewares/lvgl/examples/widgets/chart/../../../src/core/lv_disp.h ****  * Recommended only if you have one display
 157:Middlewares/lvgl/examples/widgets/chart/../../../src/core/lv_disp.h ****  *------------------------------------------------*/
 158:Middlewares/lvgl/examples/widgets/chart/../../../src/core/lv_disp.h **** 
 159:Middlewares/lvgl/examples/widgets/chart/../../../src/core/lv_disp.h **** /**
 160:Middlewares/lvgl/examples/widgets/chart/../../../src/core/lv_disp.h ****  * Get the active screen of the default display
 161:Middlewares/lvgl/examples/widgets/chart/../../../src/core/lv_disp.h ****  * @return pointer to the active screen
 162:Middlewares/lvgl/examples/widgets/chart/../../../src/core/lv_disp.h ****  */
 163:Middlewares/lvgl/examples/widgets/chart/../../../src/core/lv_disp.h **** static inline lv_obj_t * lv_scr_act(void)
  43              		.loc 2 163 26 view .LVU3
  44              	.LBB9:
 164:Middlewares/lvgl/examples/widgets/chart/../../../src/core/lv_disp.h **** {
 165:Middlewares/lvgl/examples/widgets/chart/../../../src/core/lv_disp.h ****     return lv_disp_get_scr_act(lv_disp_get_default());
  45              		.loc 2 165 5 view .LVU4
  46              		.loc 2 165 12 is_stmt 0 view .LVU5
  47 0002 FFF7FEFF 		bl	lv_disp_get_default
  48              	.LVL0:
  49 0006 FFF7FEFF 		bl	lv_disp_get_scr_act
  50              	.LVL1:
  51              	.LBE9:
  52              	.LBE8:
  53              		.loc 1 8 13 view .LVU6
  54 000a FFF7FEFF 		bl	lv_chart_create
  55              	.LVL2:
  56 000e 0446     		mov	r4, r0
ARM GAS  /tmp/cc8evWSc.s 			page 5


  57              	.LVL3:
   9:Middlewares/lvgl/examples/widgets/chart/lv_example_chart_1.c ****     lv_obj_set_size(chart, 200, 150);
  58              		.loc 1 9 5 is_stmt 1 view .LVU7
  59 0010 9622     		movs	r2, #150
  60 0012 C821     		movs	r1, #200
  61 0014 FFF7FEFF 		bl	lv_obj_set_size
  62              	.LVL4:
  10:Middlewares/lvgl/examples/widgets/chart/lv_example_chart_1.c ****     lv_obj_center(chart);
  63              		.loc 1 10 5 view .LVU8
  64              	.LBB10:
  65              	.LBI10:
  66              		.file 3 "Middlewares/lvgl/examples/widgets/chart/../../../src/core/lv_obj_pos.h"
   1:Middlewares/lvgl/examples/widgets/chart/../../../src/core/lv_obj_pos.h **** /**
   2:Middlewares/lvgl/examples/widgets/chart/../../../src/core/lv_obj_pos.h ****  * @file lv_obj_pos.h
   3:Middlewares/lvgl/examples/widgets/chart/../../../src/core/lv_obj_pos.h ****  *
   4:Middlewares/lvgl/examples/widgets/chart/../../../src/core/lv_obj_pos.h ****  */
   5:Middlewares/lvgl/examples/widgets/chart/../../../src/core/lv_obj_pos.h **** 
   6:Middlewares/lvgl/examples/widgets/chart/../../../src/core/lv_obj_pos.h **** #ifndef LV_OBJ_POS_H
   7:Middlewares/lvgl/examples/widgets/chart/../../../src/core/lv_obj_pos.h **** #define LV_OBJ_POS_H
   8:Middlewares/lvgl/examples/widgets/chart/../../../src/core/lv_obj_pos.h **** 
   9:Middlewares/lvgl/examples/widgets/chart/../../../src/core/lv_obj_pos.h **** #ifdef __cplusplus
  10:Middlewares/lvgl/examples/widgets/chart/../../../src/core/lv_obj_pos.h **** extern "C" {
  11:Middlewares/lvgl/examples/widgets/chart/../../../src/core/lv_obj_pos.h **** #endif
  12:Middlewares/lvgl/examples/widgets/chart/../../../src/core/lv_obj_pos.h **** 
  13:Middlewares/lvgl/examples/widgets/chart/../../../src/core/lv_obj_pos.h **** /*********************
  14:Middlewares/lvgl/examples/widgets/chart/../../../src/core/lv_obj_pos.h ****  *      INCLUDES
  15:Middlewares/lvgl/examples/widgets/chart/../../../src/core/lv_obj_pos.h ****  *********************/
  16:Middlewares/lvgl/examples/widgets/chart/../../../src/core/lv_obj_pos.h **** #include "../misc/lv_area.h"
  17:Middlewares/lvgl/examples/widgets/chart/../../../src/core/lv_obj_pos.h **** 
  18:Middlewares/lvgl/examples/widgets/chart/../../../src/core/lv_obj_pos.h **** /*********************
  19:Middlewares/lvgl/examples/widgets/chart/../../../src/core/lv_obj_pos.h ****  *      DEFINES
  20:Middlewares/lvgl/examples/widgets/chart/../../../src/core/lv_obj_pos.h ****  *********************/
  21:Middlewares/lvgl/examples/widgets/chart/../../../src/core/lv_obj_pos.h **** 
  22:Middlewares/lvgl/examples/widgets/chart/../../../src/core/lv_obj_pos.h **** /**********************
  23:Middlewares/lvgl/examples/widgets/chart/../../../src/core/lv_obj_pos.h ****  *      TYPEDEFS
  24:Middlewares/lvgl/examples/widgets/chart/../../../src/core/lv_obj_pos.h ****  **********************/
  25:Middlewares/lvgl/examples/widgets/chart/../../../src/core/lv_obj_pos.h **** struct _lv_obj_t;
  26:Middlewares/lvgl/examples/widgets/chart/../../../src/core/lv_obj_pos.h **** 
  27:Middlewares/lvgl/examples/widgets/chart/../../../src/core/lv_obj_pos.h **** typedef void (*lv_layout_update_cb_t)(struct _lv_obj_t *, void * user_data);
  28:Middlewares/lvgl/examples/widgets/chart/../../../src/core/lv_obj_pos.h **** typedef struct {
  29:Middlewares/lvgl/examples/widgets/chart/../../../src/core/lv_obj_pos.h ****     lv_layout_update_cb_t cb;
  30:Middlewares/lvgl/examples/widgets/chart/../../../src/core/lv_obj_pos.h ****     void * user_data;
  31:Middlewares/lvgl/examples/widgets/chart/../../../src/core/lv_obj_pos.h **** }lv_layout_dsc_t;
  32:Middlewares/lvgl/examples/widgets/chart/../../../src/core/lv_obj_pos.h **** 
  33:Middlewares/lvgl/examples/widgets/chart/../../../src/core/lv_obj_pos.h **** /**********************
  34:Middlewares/lvgl/examples/widgets/chart/../../../src/core/lv_obj_pos.h ****  * GLOBAL PROTOTYPES
  35:Middlewares/lvgl/examples/widgets/chart/../../../src/core/lv_obj_pos.h ****  **********************/
  36:Middlewares/lvgl/examples/widgets/chart/../../../src/core/lv_obj_pos.h **** 
  37:Middlewares/lvgl/examples/widgets/chart/../../../src/core/lv_obj_pos.h **** /**
  38:Middlewares/lvgl/examples/widgets/chart/../../../src/core/lv_obj_pos.h ****  * Set the relative the position of an object (relative to the parent's top left corner)
  39:Middlewares/lvgl/examples/widgets/chart/../../../src/core/lv_obj_pos.h ****  * @param obj       pointer to an object
  40:Middlewares/lvgl/examples/widgets/chart/../../../src/core/lv_obj_pos.h ****  * @param x         new distance from the left side of the parent plus the parent's left padding
  41:Middlewares/lvgl/examples/widgets/chart/../../../src/core/lv_obj_pos.h ****  * @param y         new distance from the top side of the parent  plus the parent's right padding
  42:Middlewares/lvgl/examples/widgets/chart/../../../src/core/lv_obj_pos.h ****  */
  43:Middlewares/lvgl/examples/widgets/chart/../../../src/core/lv_obj_pos.h **** void lv_obj_set_pos(struct _lv_obj_t * obj, lv_coord_t x, lv_coord_t y);
  44:Middlewares/lvgl/examples/widgets/chart/../../../src/core/lv_obj_pos.h **** 
  45:Middlewares/lvgl/examples/widgets/chart/../../../src/core/lv_obj_pos.h **** /**
ARM GAS  /tmp/cc8evWSc.s 			page 6


  46:Middlewares/lvgl/examples/widgets/chart/../../../src/core/lv_obj_pos.h ****  * Set the x coordinate of a object
  47:Middlewares/lvgl/examples/widgets/chart/../../../src/core/lv_obj_pos.h ****  * @param obj       pointer to an object
  48:Middlewares/lvgl/examples/widgets/chart/../../../src/core/lv_obj_pos.h ****  * @param x         new distance from the left side from the parent plus the parent's left padding
  49:Middlewares/lvgl/examples/widgets/chart/../../../src/core/lv_obj_pos.h ****  */
  50:Middlewares/lvgl/examples/widgets/chart/../../../src/core/lv_obj_pos.h **** void lv_obj_set_x(struct _lv_obj_t * obj, lv_coord_t x);
  51:Middlewares/lvgl/examples/widgets/chart/../../../src/core/lv_obj_pos.h **** 
  52:Middlewares/lvgl/examples/widgets/chart/../../../src/core/lv_obj_pos.h **** /**
  53:Middlewares/lvgl/examples/widgets/chart/../../../src/core/lv_obj_pos.h ****  * Set the y coordinate of a object
  54:Middlewares/lvgl/examples/widgets/chart/../../../src/core/lv_obj_pos.h ****  * @param obj       pointer to an object
  55:Middlewares/lvgl/examples/widgets/chart/../../../src/core/lv_obj_pos.h ****  * @param y         new distance from the top of the parent  plus the parent's top padding
  56:Middlewares/lvgl/examples/widgets/chart/../../../src/core/lv_obj_pos.h ****  */
  57:Middlewares/lvgl/examples/widgets/chart/../../../src/core/lv_obj_pos.h **** void lv_obj_set_y(struct _lv_obj_t * obj, lv_coord_t y);
  58:Middlewares/lvgl/examples/widgets/chart/../../../src/core/lv_obj_pos.h **** 
  59:Middlewares/lvgl/examples/widgets/chart/../../../src/core/lv_obj_pos.h **** /**
  60:Middlewares/lvgl/examples/widgets/chart/../../../src/core/lv_obj_pos.h ****  * Set the size of an object.
  61:Middlewares/lvgl/examples/widgets/chart/../../../src/core/lv_obj_pos.h ****  * @param obj       pointer to an object
  62:Middlewares/lvgl/examples/widgets/chart/../../../src/core/lv_obj_pos.h ****  * @param w         the new width
  63:Middlewares/lvgl/examples/widgets/chart/../../../src/core/lv_obj_pos.h ****  * @param h         the new height
  64:Middlewares/lvgl/examples/widgets/chart/../../../src/core/lv_obj_pos.h ****  * @note            possible values are:
  65:Middlewares/lvgl/examples/widgets/chart/../../../src/core/lv_obj_pos.h ****  *                  pixel               simple set the size accordingly
  66:Middlewares/lvgl/examples/widgets/chart/../../../src/core/lv_obj_pos.h ****  *                  LV_SIZE_CONTENT     set the size to involve all children in the given direction
  67:Middlewares/lvgl/examples/widgets/chart/../../../src/core/lv_obj_pos.h ****  *                  LV_SIZE_PCT(x)     to set size in percentage of the parent's content area size 
  68:Middlewares/lvgl/examples/widgets/chart/../../../src/core/lv_obj_pos.h ****  *                                      x should be in [0..1000]% range
  69:Middlewares/lvgl/examples/widgets/chart/../../../src/core/lv_obj_pos.h ****  */
  70:Middlewares/lvgl/examples/widgets/chart/../../../src/core/lv_obj_pos.h **** void lv_obj_set_size(struct _lv_obj_t * obj, lv_coord_t w, lv_coord_t h);
  71:Middlewares/lvgl/examples/widgets/chart/../../../src/core/lv_obj_pos.h **** 
  72:Middlewares/lvgl/examples/widgets/chart/../../../src/core/lv_obj_pos.h **** /**
  73:Middlewares/lvgl/examples/widgets/chart/../../../src/core/lv_obj_pos.h ****  * Recalculate the size of the object
  74:Middlewares/lvgl/examples/widgets/chart/../../../src/core/lv_obj_pos.h ****  * @param obj       pointer to an object
  75:Middlewares/lvgl/examples/widgets/chart/../../../src/core/lv_obj_pos.h ****  * @return          true: the size has been changed
  76:Middlewares/lvgl/examples/widgets/chart/../../../src/core/lv_obj_pos.h ****  */
  77:Middlewares/lvgl/examples/widgets/chart/../../../src/core/lv_obj_pos.h **** bool lv_obj_refr_size(struct _lv_obj_t * obj);
  78:Middlewares/lvgl/examples/widgets/chart/../../../src/core/lv_obj_pos.h **** 
  79:Middlewares/lvgl/examples/widgets/chart/../../../src/core/lv_obj_pos.h **** /**
  80:Middlewares/lvgl/examples/widgets/chart/../../../src/core/lv_obj_pos.h ****  * Set the width of an object
  81:Middlewares/lvgl/examples/widgets/chart/../../../src/core/lv_obj_pos.h ****  * @param obj       pointer to an object
  82:Middlewares/lvgl/examples/widgets/chart/../../../src/core/lv_obj_pos.h ****  * @param w         the new width
  83:Middlewares/lvgl/examples/widgets/chart/../../../src/core/lv_obj_pos.h ****  * @note            possible values are:
  84:Middlewares/lvgl/examples/widgets/chart/../../../src/core/lv_obj_pos.h ****  *                  pixel               simple set the size accordingly
  85:Middlewares/lvgl/examples/widgets/chart/../../../src/core/lv_obj_pos.h ****  *                  LV_SIZE_CONTENT     set the size to involve all children in the given direction
  86:Middlewares/lvgl/examples/widgets/chart/../../../src/core/lv_obj_pos.h ****  *                  lv_pct(x)           to set size in percentage of the parent's content area size
  87:Middlewares/lvgl/examples/widgets/chart/../../../src/core/lv_obj_pos.h ****  *                                      x should be in [0..1000]% range
  88:Middlewares/lvgl/examples/widgets/chart/../../../src/core/lv_obj_pos.h ****  */
  89:Middlewares/lvgl/examples/widgets/chart/../../../src/core/lv_obj_pos.h **** void lv_obj_set_width(struct _lv_obj_t * obj, lv_coord_t w);
  90:Middlewares/lvgl/examples/widgets/chart/../../../src/core/lv_obj_pos.h **** 
  91:Middlewares/lvgl/examples/widgets/chart/../../../src/core/lv_obj_pos.h **** /**
  92:Middlewares/lvgl/examples/widgets/chart/../../../src/core/lv_obj_pos.h ****  * Set the height of an object
  93:Middlewares/lvgl/examples/widgets/chart/../../../src/core/lv_obj_pos.h ****  * @param obj       pointer to an object
  94:Middlewares/lvgl/examples/widgets/chart/../../../src/core/lv_obj_pos.h ****  * @param h         the new height
  95:Middlewares/lvgl/examples/widgets/chart/../../../src/core/lv_obj_pos.h ****  * @note            possible values are:
  96:Middlewares/lvgl/examples/widgets/chart/../../../src/core/lv_obj_pos.h ****  *                  pixel               simple set the size accordingly
  97:Middlewares/lvgl/examples/widgets/chart/../../../src/core/lv_obj_pos.h ****  *                  LV_SIZE_CONTENT     set the size to involve all children in the given direction
  98:Middlewares/lvgl/examples/widgets/chart/../../../src/core/lv_obj_pos.h ****  *                  lv_pct(x)           to set size in percentage of the parent's content area size
  99:Middlewares/lvgl/examples/widgets/chart/../../../src/core/lv_obj_pos.h ****  *                                      x should be in [0..1000]% range
 100:Middlewares/lvgl/examples/widgets/chart/../../../src/core/lv_obj_pos.h ****  */
 101:Middlewares/lvgl/examples/widgets/chart/../../../src/core/lv_obj_pos.h **** void lv_obj_set_height(struct _lv_obj_t * obj, lv_coord_t h);
 102:Middlewares/lvgl/examples/widgets/chart/../../../src/core/lv_obj_pos.h **** 
ARM GAS  /tmp/cc8evWSc.s 			page 7


 103:Middlewares/lvgl/examples/widgets/chart/../../../src/core/lv_obj_pos.h **** /**
 104:Middlewares/lvgl/examples/widgets/chart/../../../src/core/lv_obj_pos.h ****  * Set the width reduced by the left and right padding and the border width.
 105:Middlewares/lvgl/examples/widgets/chart/../../../src/core/lv_obj_pos.h ****  * @param obj       pointer to an object
 106:Middlewares/lvgl/examples/widgets/chart/../../../src/core/lv_obj_pos.h ****  * @param w         the width without paddings in pixels
 107:Middlewares/lvgl/examples/widgets/chart/../../../src/core/lv_obj_pos.h ****  */
 108:Middlewares/lvgl/examples/widgets/chart/../../../src/core/lv_obj_pos.h **** void lv_obj_set_content_width(struct _lv_obj_t * obj, lv_coord_t w);
 109:Middlewares/lvgl/examples/widgets/chart/../../../src/core/lv_obj_pos.h **** 
 110:Middlewares/lvgl/examples/widgets/chart/../../../src/core/lv_obj_pos.h **** /**
 111:Middlewares/lvgl/examples/widgets/chart/../../../src/core/lv_obj_pos.h ****  * Set the height reduced by the top and bottom padding and the border width.
 112:Middlewares/lvgl/examples/widgets/chart/../../../src/core/lv_obj_pos.h ****  * @param obj       pointer to an object
 113:Middlewares/lvgl/examples/widgets/chart/../../../src/core/lv_obj_pos.h ****  * @param h         the height without paddings in pixels
 114:Middlewares/lvgl/examples/widgets/chart/../../../src/core/lv_obj_pos.h ****  */
 115:Middlewares/lvgl/examples/widgets/chart/../../../src/core/lv_obj_pos.h **** void lv_obj_set_content_height(struct _lv_obj_t * obj, lv_coord_t h);
 116:Middlewares/lvgl/examples/widgets/chart/../../../src/core/lv_obj_pos.h **** 
 117:Middlewares/lvgl/examples/widgets/chart/../../../src/core/lv_obj_pos.h **** /**
 118:Middlewares/lvgl/examples/widgets/chart/../../../src/core/lv_obj_pos.h ****  * Set a layout for an object
 119:Middlewares/lvgl/examples/widgets/chart/../../../src/core/lv_obj_pos.h ****  * @param obj       pointer to an object
 120:Middlewares/lvgl/examples/widgets/chart/../../../src/core/lv_obj_pos.h ****  * @param layout    pointer to a layout descriptor to set
 121:Middlewares/lvgl/examples/widgets/chart/../../../src/core/lv_obj_pos.h ****  */
 122:Middlewares/lvgl/examples/widgets/chart/../../../src/core/lv_obj_pos.h **** void lv_obj_set_layout(struct _lv_obj_t * obj, uint32_t layout);
 123:Middlewares/lvgl/examples/widgets/chart/../../../src/core/lv_obj_pos.h **** 
 124:Middlewares/lvgl/examples/widgets/chart/../../../src/core/lv_obj_pos.h **** /**
 125:Middlewares/lvgl/examples/widgets/chart/../../../src/core/lv_obj_pos.h ****  * Test whether the and object is positioned by a layout or not
 126:Middlewares/lvgl/examples/widgets/chart/../../../src/core/lv_obj_pos.h ****  * @param obj       pointer to an object to test
 127:Middlewares/lvgl/examples/widgets/chart/../../../src/core/lv_obj_pos.h ****  * @return true:    positioned by a layout; false: not positioned by a layout
 128:Middlewares/lvgl/examples/widgets/chart/../../../src/core/lv_obj_pos.h ****  */
 129:Middlewares/lvgl/examples/widgets/chart/../../../src/core/lv_obj_pos.h **** bool lv_obj_is_layout_positioned(const struct _lv_obj_t * obj);
 130:Middlewares/lvgl/examples/widgets/chart/../../../src/core/lv_obj_pos.h **** 
 131:Middlewares/lvgl/examples/widgets/chart/../../../src/core/lv_obj_pos.h **** /**
 132:Middlewares/lvgl/examples/widgets/chart/../../../src/core/lv_obj_pos.h ****  * Mark the object for layout update.
 133:Middlewares/lvgl/examples/widgets/chart/../../../src/core/lv_obj_pos.h ****  * @param obj      pointer to an object whose children needs to be updated
 134:Middlewares/lvgl/examples/widgets/chart/../../../src/core/lv_obj_pos.h ****  */
 135:Middlewares/lvgl/examples/widgets/chart/../../../src/core/lv_obj_pos.h **** void lv_obj_mark_layout_as_dirty(struct _lv_obj_t * obj);
 136:Middlewares/lvgl/examples/widgets/chart/../../../src/core/lv_obj_pos.h **** 
 137:Middlewares/lvgl/examples/widgets/chart/../../../src/core/lv_obj_pos.h **** /**
 138:Middlewares/lvgl/examples/widgets/chart/../../../src/core/lv_obj_pos.h ****  * Update the layout of an object.
 139:Middlewares/lvgl/examples/widgets/chart/../../../src/core/lv_obj_pos.h ****  * @param obj      pointer to an object whose children needs to be updated
 140:Middlewares/lvgl/examples/widgets/chart/../../../src/core/lv_obj_pos.h ****  */
 141:Middlewares/lvgl/examples/widgets/chart/../../../src/core/lv_obj_pos.h **** void lv_obj_update_layout(const struct _lv_obj_t * obj);
 142:Middlewares/lvgl/examples/widgets/chart/../../../src/core/lv_obj_pos.h **** 
 143:Middlewares/lvgl/examples/widgets/chart/../../../src/core/lv_obj_pos.h **** /**
 144:Middlewares/lvgl/examples/widgets/chart/../../../src/core/lv_obj_pos.h ****  * Regsiter a new layout
 145:Middlewares/lvgl/examples/widgets/chart/../../../src/core/lv_obj_pos.h ****  * @param cb        the layout update callback
 146:Middlewares/lvgl/examples/widgets/chart/../../../src/core/lv_obj_pos.h ****  * @param user_data custom data that will be passed to `cb`
 147:Middlewares/lvgl/examples/widgets/chart/../../../src/core/lv_obj_pos.h ****  * @return          the ID of the new layout
 148:Middlewares/lvgl/examples/widgets/chart/../../../src/core/lv_obj_pos.h ****  */
 149:Middlewares/lvgl/examples/widgets/chart/../../../src/core/lv_obj_pos.h **** uint32_t lv_layout_register(lv_layout_update_cb_t cb, void * user_data);
 150:Middlewares/lvgl/examples/widgets/chart/../../../src/core/lv_obj_pos.h **** 
 151:Middlewares/lvgl/examples/widgets/chart/../../../src/core/lv_obj_pos.h **** /**
 152:Middlewares/lvgl/examples/widgets/chart/../../../src/core/lv_obj_pos.h ****  * Change the alignment of an object.
 153:Middlewares/lvgl/examples/widgets/chart/../../../src/core/lv_obj_pos.h ****  * @param obj       pointer to an object to align
 154:Middlewares/lvgl/examples/widgets/chart/../../../src/core/lv_obj_pos.h ****  * @param align     type of alignment (see 'lv_align_t' enum) `LV_ALIGN_OUT_...` can't be used.
 155:Middlewares/lvgl/examples/widgets/chart/../../../src/core/lv_obj_pos.h ****  */
 156:Middlewares/lvgl/examples/widgets/chart/../../../src/core/lv_obj_pos.h **** void lv_obj_set_align(struct _lv_obj_t * obj, lv_align_t align);
 157:Middlewares/lvgl/examples/widgets/chart/../../../src/core/lv_obj_pos.h **** 
 158:Middlewares/lvgl/examples/widgets/chart/../../../src/core/lv_obj_pos.h **** /**
 159:Middlewares/lvgl/examples/widgets/chart/../../../src/core/lv_obj_pos.h ****  * Change the alignment of an object and set new coordinates.
ARM GAS  /tmp/cc8evWSc.s 			page 8


 160:Middlewares/lvgl/examples/widgets/chart/../../../src/core/lv_obj_pos.h ****  * Equivalent to:
 161:Middlewares/lvgl/examples/widgets/chart/../../../src/core/lv_obj_pos.h ****  * lv_obj_set_align(obj, align);
 162:Middlewares/lvgl/examples/widgets/chart/../../../src/core/lv_obj_pos.h ****  * lv_obj_set_pos(obj, x_ofs, y_ofs);
 163:Middlewares/lvgl/examples/widgets/chart/../../../src/core/lv_obj_pos.h ****  * @param obj       pointer to an object to align
 164:Middlewares/lvgl/examples/widgets/chart/../../../src/core/lv_obj_pos.h ****  * @param align     type of alignment (see 'lv_align_t' enum) `LV_ALIGN_OUT_...` can't be used.
 165:Middlewares/lvgl/examples/widgets/chart/../../../src/core/lv_obj_pos.h ****  * @param x_ofs     x coordinate offset after alignment
 166:Middlewares/lvgl/examples/widgets/chart/../../../src/core/lv_obj_pos.h ****  * @param y_ofs     y coordinate offset after alignment
 167:Middlewares/lvgl/examples/widgets/chart/../../../src/core/lv_obj_pos.h ****  */
 168:Middlewares/lvgl/examples/widgets/chart/../../../src/core/lv_obj_pos.h **** void lv_obj_align(struct _lv_obj_t * obj, lv_align_t align, lv_coord_t x_ofs, lv_coord_t y_ofs);
 169:Middlewares/lvgl/examples/widgets/chart/../../../src/core/lv_obj_pos.h **** 
 170:Middlewares/lvgl/examples/widgets/chart/../../../src/core/lv_obj_pos.h **** /**
 171:Middlewares/lvgl/examples/widgets/chart/../../../src/core/lv_obj_pos.h ****  * Align an object to an other object.
 172:Middlewares/lvgl/examples/widgets/chart/../../../src/core/lv_obj_pos.h ****  * @param obj       pointer to an object to align
 173:Middlewares/lvgl/examples/widgets/chart/../../../src/core/lv_obj_pos.h ****  * @param base      pointer to an other object (if NULL `obj`s parent is used). 'obj' will be align
 174:Middlewares/lvgl/examples/widgets/chart/../../../src/core/lv_obj_pos.h ****  * @param align     type of alignment (see 'lv_align_t' enum)
 175:Middlewares/lvgl/examples/widgets/chart/../../../src/core/lv_obj_pos.h ****  * @param x_ofs     x coordinate offset after alignment
 176:Middlewares/lvgl/examples/widgets/chart/../../../src/core/lv_obj_pos.h ****  * @param y_ofs     y coordinate offset after alignment
 177:Middlewares/lvgl/examples/widgets/chart/../../../src/core/lv_obj_pos.h ****  * @note            if the position or size of `base` changes `obj` needs to be aligned manually ag
 178:Middlewares/lvgl/examples/widgets/chart/../../../src/core/lv_obj_pos.h ****  */
 179:Middlewares/lvgl/examples/widgets/chart/../../../src/core/lv_obj_pos.h **** void lv_obj_align_to(struct _lv_obj_t * obj, const struct _lv_obj_t * base, lv_align_t align, lv_co
 180:Middlewares/lvgl/examples/widgets/chart/../../../src/core/lv_obj_pos.h **** 
 181:Middlewares/lvgl/examples/widgets/chart/../../../src/core/lv_obj_pos.h **** /**
 182:Middlewares/lvgl/examples/widgets/chart/../../../src/core/lv_obj_pos.h ****  * Align an object to the center on its parent.
 183:Middlewares/lvgl/examples/widgets/chart/../../../src/core/lv_obj_pos.h ****  * @param obj       pointer to an object to align
 184:Middlewares/lvgl/examples/widgets/chart/../../../src/core/lv_obj_pos.h ****  * @note            if the parent size changes `obj` needs to be aligned manually again
 185:Middlewares/lvgl/examples/widgets/chart/../../../src/core/lv_obj_pos.h ****  */
 186:Middlewares/lvgl/examples/widgets/chart/../../../src/core/lv_obj_pos.h **** static inline void lv_obj_center(struct _lv_obj_t * obj)
  67              		.loc 3 186 20 view .LVU9
  68              	.LBB11:
 187:Middlewares/lvgl/examples/widgets/chart/../../../src/core/lv_obj_pos.h **** {
 188:Middlewares/lvgl/examples/widgets/chart/../../../src/core/lv_obj_pos.h ****     lv_obj_align(obj, LV_ALIGN_CENTER, 0, 0);
  69              		.loc 3 188 5 view .LVU10
  70 0018 0023     		movs	r3, #0
  71 001a 1A46     		mov	r2, r3
  72 001c 0921     		movs	r1, #9
  73 001e 2046     		mov	r0, r4
  74 0020 FFF7FEFF 		bl	lv_obj_align
  75              	.LVL5:
  76              		.loc 3 188 5 is_stmt 0 view .LVU11
  77              	.LBE11:
  78              	.LBE10:
  11:Middlewares/lvgl/examples/widgets/chart/lv_example_chart_1.c ****     lv_chart_set_type(chart, LV_CHART_TYPE_LINE);   /*Show lines and points too*/
  79              		.loc 1 11 5 is_stmt 1 view .LVU12
  80 0024 0121     		movs	r1, #1
  81 0026 2046     		mov	r0, r4
  82 0028 FFF7FEFF 		bl	lv_chart_set_type
  83              	.LVL6:
  12:Middlewares/lvgl/examples/widgets/chart/lv_example_chart_1.c **** 
  13:Middlewares/lvgl/examples/widgets/chart/lv_example_chart_1.c ****     /*Add two data series*/
  14:Middlewares/lvgl/examples/widgets/chart/lv_example_chart_1.c ****     lv_chart_series_t * ser1 = lv_chart_add_series(chart, lv_palette_main(LV_PALETTE_RED), LV_CHART
  84              		.loc 1 14 5 view .LVU13
  85              		.loc 1 14 32 is_stmt 0 view .LVU14
  86 002c 0020     		movs	r0, #0
  87 002e FFF7FEFF 		bl	lv_palette_main
  88              	.LVL7:
  89 0032 0146     		mov	r1, r0	@ movhi
  90 0034 0022     		movs	r2, #0
ARM GAS  /tmp/cc8evWSc.s 			page 9


  91 0036 2046     		mov	r0, r4
  92 0038 FFF7FEFF 		bl	lv_chart_add_series
  93              	.LVL8:
  94 003c 0646     		mov	r6, r0
  95              	.LVL9:
  15:Middlewares/lvgl/examples/widgets/chart/lv_example_chart_1.c ****     lv_chart_series_t * ser2 = lv_chart_add_series(chart, lv_palette_main(LV_PALETTE_GREEN), LV_CHA
  96              		.loc 1 15 5 is_stmt 1 view .LVU15
  97              		.loc 1 15 32 is_stmt 0 view .LVU16
  98 003e 0920     		movs	r0, #9
  99              	.LVL10:
 100              		.loc 1 15 32 view .LVU17
 101 0040 FFF7FEFF 		bl	lv_palette_main
 102              	.LVL11:
 103 0044 0146     		mov	r1, r0	@ movhi
 104 0046 0122     		movs	r2, #1
 105 0048 2046     		mov	r0, r4
 106 004a FFF7FEFF 		bl	lv_chart_add_series
 107              	.LVL12:
 108 004e 0546     		mov	r5, r0
 109              	.LVL13:
  16:Middlewares/lvgl/examples/widgets/chart/lv_example_chart_1.c **** 
  17:Middlewares/lvgl/examples/widgets/chart/lv_example_chart_1.c ****     /*Set the next points on 'ser1'*/
  18:Middlewares/lvgl/examples/widgets/chart/lv_example_chart_1.c ****     lv_chart_set_next_value(chart, ser1, 10);
 110              		.loc 1 18 5 is_stmt 1 view .LVU18
 111 0050 0A22     		movs	r2, #10
 112 0052 3146     		mov	r1, r6
 113 0054 2046     		mov	r0, r4
 114              	.LVL14:
 115              		.loc 1 18 5 is_stmt 0 view .LVU19
 116 0056 FFF7FEFF 		bl	lv_chart_set_next_value
 117              	.LVL15:
  19:Middlewares/lvgl/examples/widgets/chart/lv_example_chart_1.c ****     lv_chart_set_next_value(chart, ser1, 10);
 118              		.loc 1 19 5 is_stmt 1 view .LVU20
 119 005a 0A22     		movs	r2, #10
 120 005c 3146     		mov	r1, r6
 121 005e 2046     		mov	r0, r4
 122 0060 FFF7FEFF 		bl	lv_chart_set_next_value
 123              	.LVL16:
  20:Middlewares/lvgl/examples/widgets/chart/lv_example_chart_1.c ****     lv_chart_set_next_value(chart, ser1, 10);
 124              		.loc 1 20 5 view .LVU21
 125 0064 0A22     		movs	r2, #10
 126 0066 3146     		mov	r1, r6
 127 0068 2046     		mov	r0, r4
 128 006a FFF7FEFF 		bl	lv_chart_set_next_value
 129              	.LVL17:
  21:Middlewares/lvgl/examples/widgets/chart/lv_example_chart_1.c ****     lv_chart_set_next_value(chart, ser1, 10);
 130              		.loc 1 21 5 view .LVU22
 131 006e 0A22     		movs	r2, #10
 132 0070 3146     		mov	r1, r6
 133 0072 2046     		mov	r0, r4
 134 0074 FFF7FEFF 		bl	lv_chart_set_next_value
 135              	.LVL18:
  22:Middlewares/lvgl/examples/widgets/chart/lv_example_chart_1.c ****     lv_chart_set_next_value(chart, ser1, 10);
 136              		.loc 1 22 5 view .LVU23
 137 0078 0A22     		movs	r2, #10
 138 007a 3146     		mov	r1, r6
 139 007c 2046     		mov	r0, r4
ARM GAS  /tmp/cc8evWSc.s 			page 10


 140 007e FFF7FEFF 		bl	lv_chart_set_next_value
 141              	.LVL19:
  23:Middlewares/lvgl/examples/widgets/chart/lv_example_chart_1.c ****     lv_chart_set_next_value(chart, ser1, 10);
 142              		.loc 1 23 5 view .LVU24
 143 0082 0A22     		movs	r2, #10
 144 0084 3146     		mov	r1, r6
 145 0086 2046     		mov	r0, r4
 146 0088 FFF7FEFF 		bl	lv_chart_set_next_value
 147              	.LVL20:
  24:Middlewares/lvgl/examples/widgets/chart/lv_example_chart_1.c ****     lv_chart_set_next_value(chart, ser1, 10);
 148              		.loc 1 24 5 view .LVU25
 149 008c 0A22     		movs	r2, #10
 150 008e 3146     		mov	r1, r6
 151 0090 2046     		mov	r0, r4
 152 0092 FFF7FEFF 		bl	lv_chart_set_next_value
 153              	.LVL21:
  25:Middlewares/lvgl/examples/widgets/chart/lv_example_chart_1.c ****     lv_chart_set_next_value(chart, ser1, 30);
 154              		.loc 1 25 5 view .LVU26
 155 0096 1E22     		movs	r2, #30
 156 0098 3146     		mov	r1, r6
 157 009a 2046     		mov	r0, r4
 158 009c FFF7FEFF 		bl	lv_chart_set_next_value
 159              	.LVL22:
  26:Middlewares/lvgl/examples/widgets/chart/lv_example_chart_1.c ****     lv_chart_set_next_value(chart, ser1, 70);
 160              		.loc 1 26 5 view .LVU27
 161 00a0 4622     		movs	r2, #70
 162 00a2 3146     		mov	r1, r6
 163 00a4 2046     		mov	r0, r4
 164 00a6 FFF7FEFF 		bl	lv_chart_set_next_value
 165              	.LVL23:
  27:Middlewares/lvgl/examples/widgets/chart/lv_example_chart_1.c ****     lv_chart_set_next_value(chart, ser1, 90);
 166              		.loc 1 27 5 view .LVU28
 167 00aa 5A22     		movs	r2, #90
 168 00ac 3146     		mov	r1, r6
 169 00ae 2046     		mov	r0, r4
 170 00b0 FFF7FEFF 		bl	lv_chart_set_next_value
 171              	.LVL24:
  28:Middlewares/lvgl/examples/widgets/chart/lv_example_chart_1.c **** 
  29:Middlewares/lvgl/examples/widgets/chart/lv_example_chart_1.c ****     /*Directly set points on 'ser2'*/
  30:Middlewares/lvgl/examples/widgets/chart/lv_example_chart_1.c ****     ser2->y_points[0] = 90;
 172              		.loc 1 30 5 view .LVU29
 173              		.loc 1 30 9 is_stmt 0 view .LVU30
 174 00b4 6B68     		ldr	r3, [r5, #4]
 175              		.loc 1 30 23 view .LVU31
 176 00b6 5A22     		movs	r2, #90
 177 00b8 1A80     		strh	r2, [r3]	@ movhi
  31:Middlewares/lvgl/examples/widgets/chart/lv_example_chart_1.c ****     ser2->y_points[1] = 70;
 178              		.loc 1 31 5 is_stmt 1 view .LVU32
 179              		.loc 1 31 9 is_stmt 0 view .LVU33
 180 00ba 6B68     		ldr	r3, [r5, #4]
 181              		.loc 1 31 23 view .LVU34
 182 00bc 4622     		movs	r2, #70
 183 00be 5A80     		strh	r2, [r3, #2]	@ movhi
  32:Middlewares/lvgl/examples/widgets/chart/lv_example_chart_1.c ****     ser2->y_points[2] = 65;
 184              		.loc 1 32 5 is_stmt 1 view .LVU35
 185              		.loc 1 32 9 is_stmt 0 view .LVU36
 186 00c0 6A68     		ldr	r2, [r5, #4]
ARM GAS  /tmp/cc8evWSc.s 			page 11


 187              		.loc 1 32 23 view .LVU37
 188 00c2 4123     		movs	r3, #65
 189 00c4 9380     		strh	r3, [r2, #4]	@ movhi
  33:Middlewares/lvgl/examples/widgets/chart/lv_example_chart_1.c ****     ser2->y_points[3] = 65;
 190              		.loc 1 33 5 is_stmt 1 view .LVU38
 191              		.loc 1 33 9 is_stmt 0 view .LVU39
 192 00c6 6A68     		ldr	r2, [r5, #4]
 193              		.loc 1 33 23 view .LVU40
 194 00c8 D380     		strh	r3, [r2, #6]	@ movhi
  34:Middlewares/lvgl/examples/widgets/chart/lv_example_chart_1.c ****     ser2->y_points[4] = 65;
 195              		.loc 1 34 5 is_stmt 1 view .LVU41
 196              		.loc 1 34 9 is_stmt 0 view .LVU42
 197 00ca 6A68     		ldr	r2, [r5, #4]
 198              		.loc 1 34 23 view .LVU43
 199 00cc 1381     		strh	r3, [r2, #8]	@ movhi
  35:Middlewares/lvgl/examples/widgets/chart/lv_example_chart_1.c ****     ser2->y_points[5] = 65;
 200              		.loc 1 35 5 is_stmt 1 view .LVU44
 201              		.loc 1 35 9 is_stmt 0 view .LVU45
 202 00ce 6A68     		ldr	r2, [r5, #4]
 203              		.loc 1 35 23 view .LVU46
 204 00d0 5381     		strh	r3, [r2, #10]	@ movhi
  36:Middlewares/lvgl/examples/widgets/chart/lv_example_chart_1.c ****     ser2->y_points[6] = 65;
 205              		.loc 1 36 5 is_stmt 1 view .LVU47
 206              		.loc 1 36 9 is_stmt 0 view .LVU48
 207 00d2 6A68     		ldr	r2, [r5, #4]
 208              		.loc 1 36 23 view .LVU49
 209 00d4 9381     		strh	r3, [r2, #12]	@ movhi
  37:Middlewares/lvgl/examples/widgets/chart/lv_example_chart_1.c ****     ser2->y_points[7] = 65;
 210              		.loc 1 37 5 is_stmt 1 view .LVU50
 211              		.loc 1 37 9 is_stmt 0 view .LVU51
 212 00d6 6A68     		ldr	r2, [r5, #4]
 213              		.loc 1 37 23 view .LVU52
 214 00d8 D381     		strh	r3, [r2, #14]	@ movhi
  38:Middlewares/lvgl/examples/widgets/chart/lv_example_chart_1.c ****     ser2->y_points[8] = 65;
 215              		.loc 1 38 5 is_stmt 1 view .LVU53
 216              		.loc 1 38 9 is_stmt 0 view .LVU54
 217 00da 6A68     		ldr	r2, [r5, #4]
 218              		.loc 1 38 23 view .LVU55
 219 00dc 1382     		strh	r3, [r2, #16]	@ movhi
  39:Middlewares/lvgl/examples/widgets/chart/lv_example_chart_1.c ****     ser2->y_points[9] = 65;
 220              		.loc 1 39 5 is_stmt 1 view .LVU56
 221              		.loc 1 39 9 is_stmt 0 view .LVU57
 222 00de 6A68     		ldr	r2, [r5, #4]
 223              		.loc 1 39 23 view .LVU58
 224 00e0 5382     		strh	r3, [r2, #18]	@ movhi
  40:Middlewares/lvgl/examples/widgets/chart/lv_example_chart_1.c **** 
  41:Middlewares/lvgl/examples/widgets/chart/lv_example_chart_1.c ****     lv_chart_refresh(chart); /*Required after direct set*/
 225              		.loc 1 41 5 is_stmt 1 view .LVU59
 226 00e2 2046     		mov	r0, r4
 227 00e4 FFF7FEFF 		bl	lv_chart_refresh
 228              	.LVL25:
  42:Middlewares/lvgl/examples/widgets/chart/lv_example_chart_1.c **** }
 229              		.loc 1 42 1 is_stmt 0 view .LVU60
 230 00e8 70BD     		pop	{r4, r5, r6, pc}
 231              		.loc 1 42 1 view .LVU61
 232              		.cfi_endproc
 233              	.LFE184:
ARM GAS  /tmp/cc8evWSc.s 			page 12


 235              		.text
 236              	.Letext0:
 237              		.file 4 "/home/akinya/gcc-arm-none-eabi/arm-none-eabi/include/machine/_default_types.h"
 238              		.file 5 "/home/akinya/gcc-arm-none-eabi/arm-none-eabi/include/sys/_stdint.h"
 239              		.file 6 "Middlewares/lvgl/examples/widgets/chart/../../../src/misc/lv_ll.h"
 240              		.file 7 "Middlewares/lvgl/examples/widgets/chart/../../../src/hal/../misc/lv_color.h"
 241              		.file 8 "Middlewares/lvgl/examples/widgets/chart/../../../src/hal/../misc/lv_area.h"
 242              		.file 9 "Middlewares/lvgl/examples/widgets/chart/../../../src/core/lv_obj.h"
 243              		.file 10 "Middlewares/lvgl/examples/widgets/chart/../../../src/core/lv_group.h"
 244              		.file 11 "Middlewares/lvgl/examples/widgets/chart/../../../src/core/../misc/lv_style.h"
 245              		.file 12 "Middlewares/lvgl/examples/widgets/chart/../../../src/core/lv_obj_scroll.h"
 246              		.file 13 "Middlewares/lvgl/examples/widgets/chart/../../../src/core/lv_obj_style.h"
 247              		.file 14 "Middlewares/lvgl/examples/widgets/chart/../../../src/core/lv_obj_class.h"
 248              		.file 15 "Middlewares/lvgl/examples/widgets/chart/../../../src/core/lv_event.h"
 249              		.file 16 "Middlewares/lvgl/examples/widgets/chart/../../../src/extra/widgets/chart/lv_chart.h"
 250              		.file 17 "Middlewares/lvgl/examples/widgets/chart/../../../src/hal/lv_hal_disp.h"
ARM GAS  /tmp/cc8evWSc.s 			page 13


DEFINED SYMBOLS
                            *ABS*:0000000000000000 lv_example_chart_1.c
     /tmp/cc8evWSc.s:16     .text.lv_example_chart_1:0000000000000000 $t
     /tmp/cc8evWSc.s:24     .text.lv_example_chart_1:0000000000000000 lv_example_chart_1

UNDEFINED SYMBOLS
lv_disp_get_default
lv_disp_get_scr_act
lv_chart_create
lv_obj_set_size
lv_obj_align
lv_chart_set_type
lv_palette_main
lv_chart_add_series
lv_chart_set_next_value
lv_chart_refresh
