ARM GAS  /tmp/ccPhX7WI.s 			page 1


   1              		.cpu cortex-m3
   2              		.eabi_attribute 20, 1
   3              		.eabi_attribute 21, 1
   4              		.eabi_attribute 23, 3
   5              		.eabi_attribute 24, 1
   6              		.eabi_attribute 25, 1
   7              		.eabi_attribute 26, 1
   8              		.eabi_attribute 30, 1
   9              		.eabi_attribute 34, 1
  10              		.eabi_attribute 18, 4
  11              		.file	"lv_example_spinbox_1.c"
  12              		.text
  13              	.Ltext0:
  14              		.cfi_sections	.debug_frame
  15              		.section	.text.lv_spinbox_decrement_event_cb,"ax",%progbits
  16              		.align	1
  17              		.arch armv7-m
  18              		.syntax unified
  19              		.thumb
  20              		.thumb_func
  21              		.fpu softvfp
  23              	lv_spinbox_decrement_event_cb:
  24              	.LVL0:
  25              	.LFB185:
  26              		.file 1 "Middlewares/lvgl/examples/widgets/spinbox/lv_example_spinbox_1.c"
   1:Middlewares/lvgl/examples/widgets/spinbox/lv_example_spinbox_1.c **** #include "../../lv_examples.h"
   2:Middlewares/lvgl/examples/widgets/spinbox/lv_example_spinbox_1.c **** #if LV_USE_SPINBOX && LV_BUILD_EXAMPLES
   3:Middlewares/lvgl/examples/widgets/spinbox/lv_example_spinbox_1.c **** 
   4:Middlewares/lvgl/examples/widgets/spinbox/lv_example_spinbox_1.c **** static lv_obj_t * spinbox;
   5:Middlewares/lvgl/examples/widgets/spinbox/lv_example_spinbox_1.c **** 
   6:Middlewares/lvgl/examples/widgets/spinbox/lv_example_spinbox_1.c **** 
   7:Middlewares/lvgl/examples/widgets/spinbox/lv_example_spinbox_1.c **** static void lv_spinbox_increment_event_cb(lv_event_t * e)
   8:Middlewares/lvgl/examples/widgets/spinbox/lv_example_spinbox_1.c **** {
   9:Middlewares/lvgl/examples/widgets/spinbox/lv_example_spinbox_1.c ****     lv_event_code_t code = lv_event_get_code(e);
  10:Middlewares/lvgl/examples/widgets/spinbox/lv_example_spinbox_1.c ****     if(code == LV_EVENT_SHORT_CLICKED || code  == LV_EVENT_LONG_PRESSED_REPEAT) {
  11:Middlewares/lvgl/examples/widgets/spinbox/lv_example_spinbox_1.c ****         lv_spinbox_increment(spinbox);
  12:Middlewares/lvgl/examples/widgets/spinbox/lv_example_spinbox_1.c ****     }
  13:Middlewares/lvgl/examples/widgets/spinbox/lv_example_spinbox_1.c **** }
  14:Middlewares/lvgl/examples/widgets/spinbox/lv_example_spinbox_1.c **** 
  15:Middlewares/lvgl/examples/widgets/spinbox/lv_example_spinbox_1.c **** static void lv_spinbox_decrement_event_cb(lv_event_t * e)
  16:Middlewares/lvgl/examples/widgets/spinbox/lv_example_spinbox_1.c **** {
  27              		.loc 1 16 1 view -0
  28              		.cfi_startproc
  29              		@ args = 0, pretend = 0, frame = 0
  30              		@ frame_needed = 0, uses_anonymous_args = 0
  31              		.loc 1 16 1 is_stmt 0 view .LVU1
  32 0000 08B5     		push	{r3, lr}
  33              	.LCFI0:
  34              		.cfi_def_cfa_offset 8
  35              		.cfi_offset 3, -8
  36              		.cfi_offset 14, -4
  17:Middlewares/lvgl/examples/widgets/spinbox/lv_example_spinbox_1.c ****     lv_event_code_t code = lv_event_get_code(e);
  37              		.loc 1 17 5 is_stmt 1 view .LVU2
  38              		.loc 1 17 28 is_stmt 0 view .LVU3
  39 0002 FFF7FEFF 		bl	lv_event_get_code
  40              	.LVL1:
  18:Middlewares/lvgl/examples/widgets/spinbox/lv_example_spinbox_1.c ****     if(code == LV_EVENT_SHORT_CLICKED || code == LV_EVENT_LONG_PRESSED_REPEAT) {
ARM GAS  /tmp/ccPhX7WI.s 			page 2


  41              		.loc 1 18 5 is_stmt 1 view .LVU4
  42              		.loc 1 18 7 is_stmt 0 view .LVU5
  43 0006 0428     		cmp	r0, #4
  44 0008 02D0     		beq	.L2
  45              		.loc 1 18 39 discriminator 1 view .LVU6
  46 000a 0628     		cmp	r0, #6
  47 000c 00D0     		beq	.L2
  48              	.LVL2:
  49              	.L1:
  19:Middlewares/lvgl/examples/widgets/spinbox/lv_example_spinbox_1.c ****         lv_spinbox_decrement(spinbox);
  20:Middlewares/lvgl/examples/widgets/spinbox/lv_example_spinbox_1.c ****     }
  21:Middlewares/lvgl/examples/widgets/spinbox/lv_example_spinbox_1.c **** }
  50              		.loc 1 21 1 view .LVU7
  51 000e 08BD     		pop	{r3, pc}
  52              	.LVL3:
  53              	.L2:
  19:Middlewares/lvgl/examples/widgets/spinbox/lv_example_spinbox_1.c ****         lv_spinbox_decrement(spinbox);
  54              		.loc 1 19 9 is_stmt 1 view .LVU8
  55 0010 024B     		ldr	r3, .L5
  56 0012 1868     		ldr	r0, [r3]
  57              	.LVL4:
  19:Middlewares/lvgl/examples/widgets/spinbox/lv_example_spinbox_1.c ****         lv_spinbox_decrement(spinbox);
  58              		.loc 1 19 9 is_stmt 0 view .LVU9
  59 0014 FFF7FEFF 		bl	lv_spinbox_decrement
  60              	.LVL5:
  61              		.loc 1 21 1 view .LVU10
  62 0018 F9E7     		b	.L1
  63              	.L6:
  64 001a 00BF     		.align	2
  65              	.L5:
  66 001c 00000000 		.word	.LANCHOR0
  67              		.cfi_endproc
  68              	.LFE185:
  70              		.section	.text.lv_spinbox_increment_event_cb,"ax",%progbits
  71              		.align	1
  72              		.syntax unified
  73              		.thumb
  74              		.thumb_func
  75              		.fpu softvfp
  77              	lv_spinbox_increment_event_cb:
  78              	.LVL6:
  79              	.LFB184:
   8:Middlewares/lvgl/examples/widgets/spinbox/lv_example_spinbox_1.c ****     lv_event_code_t code = lv_event_get_code(e);
  80              		.loc 1 8 1 is_stmt 1 view -0
  81              		.cfi_startproc
  82              		@ args = 0, pretend = 0, frame = 0
  83              		@ frame_needed = 0, uses_anonymous_args = 0
   8:Middlewares/lvgl/examples/widgets/spinbox/lv_example_spinbox_1.c ****     lv_event_code_t code = lv_event_get_code(e);
  84              		.loc 1 8 1 is_stmt 0 view .LVU12
  85 0000 08B5     		push	{r3, lr}
  86              	.LCFI1:
  87              		.cfi_def_cfa_offset 8
  88              		.cfi_offset 3, -8
  89              		.cfi_offset 14, -4
   9:Middlewares/lvgl/examples/widgets/spinbox/lv_example_spinbox_1.c ****     if(code == LV_EVENT_SHORT_CLICKED || code  == LV_EVENT_LONG_PRESSED_REPEAT) {
  90              		.loc 1 9 5 is_stmt 1 view .LVU13
   9:Middlewares/lvgl/examples/widgets/spinbox/lv_example_spinbox_1.c ****     if(code == LV_EVENT_SHORT_CLICKED || code  == LV_EVENT_LONG_PRESSED_REPEAT) {
ARM GAS  /tmp/ccPhX7WI.s 			page 3


  91              		.loc 1 9 28 is_stmt 0 view .LVU14
  92 0002 FFF7FEFF 		bl	lv_event_get_code
  93              	.LVL7:
  10:Middlewares/lvgl/examples/widgets/spinbox/lv_example_spinbox_1.c ****         lv_spinbox_increment(spinbox);
  94              		.loc 1 10 5 is_stmt 1 view .LVU15
  10:Middlewares/lvgl/examples/widgets/spinbox/lv_example_spinbox_1.c ****         lv_spinbox_increment(spinbox);
  95              		.loc 1 10 7 is_stmt 0 view .LVU16
  96 0006 0428     		cmp	r0, #4
  97 0008 02D0     		beq	.L8
  10:Middlewares/lvgl/examples/widgets/spinbox/lv_example_spinbox_1.c ****         lv_spinbox_increment(spinbox);
  98              		.loc 1 10 39 discriminator 1 view .LVU17
  99 000a 0628     		cmp	r0, #6
 100 000c 00D0     		beq	.L8
 101              	.LVL8:
 102              	.L7:
  13:Middlewares/lvgl/examples/widgets/spinbox/lv_example_spinbox_1.c **** 
 103              		.loc 1 13 1 view .LVU18
 104 000e 08BD     		pop	{r3, pc}
 105              	.LVL9:
 106              	.L8:
  11:Middlewares/lvgl/examples/widgets/spinbox/lv_example_spinbox_1.c ****     }
 107              		.loc 1 11 9 is_stmt 1 view .LVU19
 108 0010 024B     		ldr	r3, .L11
 109 0012 1868     		ldr	r0, [r3]
 110              	.LVL10:
  11:Middlewares/lvgl/examples/widgets/spinbox/lv_example_spinbox_1.c ****     }
 111              		.loc 1 11 9 is_stmt 0 view .LVU20
 112 0014 FFF7FEFF 		bl	lv_spinbox_increment
 113              	.LVL11:
  13:Middlewares/lvgl/examples/widgets/spinbox/lv_example_spinbox_1.c **** 
 114              		.loc 1 13 1 view .LVU21
 115 0018 F9E7     		b	.L7
 116              	.L12:
 117 001a 00BF     		.align	2
 118              	.L11:
 119 001c 00000000 		.word	.LANCHOR0
 120              		.cfi_endproc
 121              	.LFE184:
 123              		.section	.rodata.lv_example_spinbox_1.str1.4,"aMS",%progbits,1
 124              		.align	2
 125              	.LC0:
 126 0000 EF81A700 		.ascii	"\357\201\247\000"
 127              		.align	2
 128              	.LC1:
 129 0004 EF81A800 		.ascii	"\357\201\250\000"
 130              		.section	.text.lv_example_spinbox_1,"ax",%progbits
 131              		.align	1
 132              		.global	lv_example_spinbox_1
 133              		.syntax unified
 134              		.thumb
 135              		.thumb_func
 136              		.fpu softvfp
 138              	lv_example_spinbox_1:
 139              	.LFB186:
  22:Middlewares/lvgl/examples/widgets/spinbox/lv_example_spinbox_1.c **** 
  23:Middlewares/lvgl/examples/widgets/spinbox/lv_example_spinbox_1.c **** 
  24:Middlewares/lvgl/examples/widgets/spinbox/lv_example_spinbox_1.c **** void lv_example_spinbox_1(void)
ARM GAS  /tmp/ccPhX7WI.s 			page 4


  25:Middlewares/lvgl/examples/widgets/spinbox/lv_example_spinbox_1.c **** {
 140              		.loc 1 25 1 is_stmt 1 view -0
 141              		.cfi_startproc
 142              		@ args = 0, pretend = 0, frame = 0
 143              		@ frame_needed = 0, uses_anonymous_args = 0
 144 0000 F0B5     		push	{r4, r5, r6, r7, lr}
 145              	.LCFI2:
 146              		.cfi_def_cfa_offset 20
 147              		.cfi_offset 4, -20
 148              		.cfi_offset 5, -16
 149              		.cfi_offset 6, -12
 150              		.cfi_offset 7, -8
 151              		.cfi_offset 14, -4
 152 0002 83B0     		sub	sp, sp, #12
 153              	.LCFI3:
 154              		.cfi_def_cfa_offset 32
  26:Middlewares/lvgl/examples/widgets/spinbox/lv_example_spinbox_1.c ****     spinbox = lv_spinbox_create(lv_scr_act());
 155              		.loc 1 26 5 view .LVU23
 156              	.LBB12:
 157              	.LBI12:
 158              		.file 2 "Middlewares/lvgl/examples/widgets/spinbox/../../../src/core/lv_disp.h"
   1:Middlewares/lvgl/examples/widgets/spinbox/../../../src/core/lv_disp.h **** /**
   2:Middlewares/lvgl/examples/widgets/spinbox/../../../src/core/lv_disp.h ****  * @file lv_disp.h
   3:Middlewares/lvgl/examples/widgets/spinbox/../../../src/core/lv_disp.h ****  *
   4:Middlewares/lvgl/examples/widgets/spinbox/../../../src/core/lv_disp.h ****  */
   5:Middlewares/lvgl/examples/widgets/spinbox/../../../src/core/lv_disp.h **** 
   6:Middlewares/lvgl/examples/widgets/spinbox/../../../src/core/lv_disp.h **** #ifndef LV_DISP_H
   7:Middlewares/lvgl/examples/widgets/spinbox/../../../src/core/lv_disp.h **** #define LV_DISP_H
   8:Middlewares/lvgl/examples/widgets/spinbox/../../../src/core/lv_disp.h **** 
   9:Middlewares/lvgl/examples/widgets/spinbox/../../../src/core/lv_disp.h **** #ifdef __cplusplus
  10:Middlewares/lvgl/examples/widgets/spinbox/../../../src/core/lv_disp.h **** extern "C" {
  11:Middlewares/lvgl/examples/widgets/spinbox/../../../src/core/lv_disp.h **** #endif
  12:Middlewares/lvgl/examples/widgets/spinbox/../../../src/core/lv_disp.h **** 
  13:Middlewares/lvgl/examples/widgets/spinbox/../../../src/core/lv_disp.h **** /*********************
  14:Middlewares/lvgl/examples/widgets/spinbox/../../../src/core/lv_disp.h ****  *      INCLUDES
  15:Middlewares/lvgl/examples/widgets/spinbox/../../../src/core/lv_disp.h ****  *********************/
  16:Middlewares/lvgl/examples/widgets/spinbox/../../../src/core/lv_disp.h **** #include "../hal/lv_hal.h"
  17:Middlewares/lvgl/examples/widgets/spinbox/../../../src/core/lv_disp.h **** #include "lv_obj.h"
  18:Middlewares/lvgl/examples/widgets/spinbox/../../../src/core/lv_disp.h **** #include "lv_theme.h"
  19:Middlewares/lvgl/examples/widgets/spinbox/../../../src/core/lv_disp.h **** 
  20:Middlewares/lvgl/examples/widgets/spinbox/../../../src/core/lv_disp.h **** /*********************
  21:Middlewares/lvgl/examples/widgets/spinbox/../../../src/core/lv_disp.h ****  *      DEFINES
  22:Middlewares/lvgl/examples/widgets/spinbox/../../../src/core/lv_disp.h ****  *********************/
  23:Middlewares/lvgl/examples/widgets/spinbox/../../../src/core/lv_disp.h **** 
  24:Middlewares/lvgl/examples/widgets/spinbox/../../../src/core/lv_disp.h **** /**********************
  25:Middlewares/lvgl/examples/widgets/spinbox/../../../src/core/lv_disp.h ****  *      TYPEDEFS
  26:Middlewares/lvgl/examples/widgets/spinbox/../../../src/core/lv_disp.h ****  **********************/
  27:Middlewares/lvgl/examples/widgets/spinbox/../../../src/core/lv_disp.h **** 
  28:Middlewares/lvgl/examples/widgets/spinbox/../../../src/core/lv_disp.h **** typedef enum {
  29:Middlewares/lvgl/examples/widgets/spinbox/../../../src/core/lv_disp.h ****     LV_SCR_LOAD_ANIM_NONE,
  30:Middlewares/lvgl/examples/widgets/spinbox/../../../src/core/lv_disp.h ****     LV_SCR_LOAD_ANIM_OVER_LEFT,
  31:Middlewares/lvgl/examples/widgets/spinbox/../../../src/core/lv_disp.h ****     LV_SCR_LOAD_ANIM_OVER_RIGHT,
  32:Middlewares/lvgl/examples/widgets/spinbox/../../../src/core/lv_disp.h ****     LV_SCR_LOAD_ANIM_OVER_TOP,
  33:Middlewares/lvgl/examples/widgets/spinbox/../../../src/core/lv_disp.h ****     LV_SCR_LOAD_ANIM_OVER_BOTTOM,
  34:Middlewares/lvgl/examples/widgets/spinbox/../../../src/core/lv_disp.h ****     LV_SCR_LOAD_ANIM_MOVE_LEFT,
  35:Middlewares/lvgl/examples/widgets/spinbox/../../../src/core/lv_disp.h ****     LV_SCR_LOAD_ANIM_MOVE_RIGHT,
  36:Middlewares/lvgl/examples/widgets/spinbox/../../../src/core/lv_disp.h ****     LV_SCR_LOAD_ANIM_MOVE_TOP,
ARM GAS  /tmp/ccPhX7WI.s 			page 5


  37:Middlewares/lvgl/examples/widgets/spinbox/../../../src/core/lv_disp.h ****     LV_SCR_LOAD_ANIM_MOVE_BOTTOM,
  38:Middlewares/lvgl/examples/widgets/spinbox/../../../src/core/lv_disp.h ****     LV_SCR_LOAD_ANIM_FADE_ON,
  39:Middlewares/lvgl/examples/widgets/spinbox/../../../src/core/lv_disp.h **** } lv_scr_load_anim_t;
  40:Middlewares/lvgl/examples/widgets/spinbox/../../../src/core/lv_disp.h **** 
  41:Middlewares/lvgl/examples/widgets/spinbox/../../../src/core/lv_disp.h **** /**********************
  42:Middlewares/lvgl/examples/widgets/spinbox/../../../src/core/lv_disp.h ****  * GLOBAL PROTOTYPES
  43:Middlewares/lvgl/examples/widgets/spinbox/../../../src/core/lv_disp.h ****  **********************/
  44:Middlewares/lvgl/examples/widgets/spinbox/../../../src/core/lv_disp.h **** 
  45:Middlewares/lvgl/examples/widgets/spinbox/../../../src/core/lv_disp.h **** /**
  46:Middlewares/lvgl/examples/widgets/spinbox/../../../src/core/lv_disp.h ****  * Return with a pointer to the active screen
  47:Middlewares/lvgl/examples/widgets/spinbox/../../../src/core/lv_disp.h ****  * @param disp pointer to display which active screen should be get. (NULL to use the default
  48:Middlewares/lvgl/examples/widgets/spinbox/../../../src/core/lv_disp.h ****  * screen)
  49:Middlewares/lvgl/examples/widgets/spinbox/../../../src/core/lv_disp.h ****  * @return pointer to the active screen object (loaded by 'lv_scr_load()')
  50:Middlewares/lvgl/examples/widgets/spinbox/../../../src/core/lv_disp.h ****  */
  51:Middlewares/lvgl/examples/widgets/spinbox/../../../src/core/lv_disp.h **** lv_obj_t * lv_disp_get_scr_act(lv_disp_t * disp);
  52:Middlewares/lvgl/examples/widgets/spinbox/../../../src/core/lv_disp.h **** 
  53:Middlewares/lvgl/examples/widgets/spinbox/../../../src/core/lv_disp.h **** /**
  54:Middlewares/lvgl/examples/widgets/spinbox/../../../src/core/lv_disp.h ****  * Return with a pointer to the previous screen. Only used during screen transitions.
  55:Middlewares/lvgl/examples/widgets/spinbox/../../../src/core/lv_disp.h ****  * @param disp pointer to display which previous screen should be get. (NULL to use the default
  56:Middlewares/lvgl/examples/widgets/spinbox/../../../src/core/lv_disp.h ****  * screen)
  57:Middlewares/lvgl/examples/widgets/spinbox/../../../src/core/lv_disp.h ****  * @return pointer to the previous screen object or NULL if not used now
  58:Middlewares/lvgl/examples/widgets/spinbox/../../../src/core/lv_disp.h ****  */
  59:Middlewares/lvgl/examples/widgets/spinbox/../../../src/core/lv_disp.h **** lv_obj_t * lv_disp_get_scr_prev(lv_disp_t * disp);
  60:Middlewares/lvgl/examples/widgets/spinbox/../../../src/core/lv_disp.h **** 
  61:Middlewares/lvgl/examples/widgets/spinbox/../../../src/core/lv_disp.h **** /**
  62:Middlewares/lvgl/examples/widgets/spinbox/../../../src/core/lv_disp.h ****  * Make a screen active
  63:Middlewares/lvgl/examples/widgets/spinbox/../../../src/core/lv_disp.h ****  * @param scr pointer to a screen
  64:Middlewares/lvgl/examples/widgets/spinbox/../../../src/core/lv_disp.h ****  */
  65:Middlewares/lvgl/examples/widgets/spinbox/../../../src/core/lv_disp.h **** void lv_disp_load_scr(lv_obj_t * scr);
  66:Middlewares/lvgl/examples/widgets/spinbox/../../../src/core/lv_disp.h **** 
  67:Middlewares/lvgl/examples/widgets/spinbox/../../../src/core/lv_disp.h **** /**
  68:Middlewares/lvgl/examples/widgets/spinbox/../../../src/core/lv_disp.h ****  * Return with the top layer. (Same on every screen and it is above the normal screen layer)
  69:Middlewares/lvgl/examples/widgets/spinbox/../../../src/core/lv_disp.h ****  * @param disp pointer to display which top layer should be get. (NULL to use the default screen)
  70:Middlewares/lvgl/examples/widgets/spinbox/../../../src/core/lv_disp.h ****  * @return pointer to the top layer object  (transparent screen sized lv_obj)
  71:Middlewares/lvgl/examples/widgets/spinbox/../../../src/core/lv_disp.h ****  */
  72:Middlewares/lvgl/examples/widgets/spinbox/../../../src/core/lv_disp.h **** lv_obj_t * lv_disp_get_layer_top(lv_disp_t * disp);
  73:Middlewares/lvgl/examples/widgets/spinbox/../../../src/core/lv_disp.h **** 
  74:Middlewares/lvgl/examples/widgets/spinbox/../../../src/core/lv_disp.h **** /**
  75:Middlewares/lvgl/examples/widgets/spinbox/../../../src/core/lv_disp.h ****  * Return with the sys. layer. (Same on every screen and it is above the normal screen and the top
  76:Middlewares/lvgl/examples/widgets/spinbox/../../../src/core/lv_disp.h ****  * layer)
  77:Middlewares/lvgl/examples/widgets/spinbox/../../../src/core/lv_disp.h ****  * @param disp pointer to display which sys. layer  should be get. (NULL to use the default screen)
  78:Middlewares/lvgl/examples/widgets/spinbox/../../../src/core/lv_disp.h ****  * @return pointer to the sys layer object  (transparent screen sized lv_obj)
  79:Middlewares/lvgl/examples/widgets/spinbox/../../../src/core/lv_disp.h ****  */
  80:Middlewares/lvgl/examples/widgets/spinbox/../../../src/core/lv_disp.h **** lv_obj_t * lv_disp_get_layer_sys(lv_disp_t * disp);
  81:Middlewares/lvgl/examples/widgets/spinbox/../../../src/core/lv_disp.h **** 
  82:Middlewares/lvgl/examples/widgets/spinbox/../../../src/core/lv_disp.h **** /**
  83:Middlewares/lvgl/examples/widgets/spinbox/../../../src/core/lv_disp.h ****  * Get the theme of a display
  84:Middlewares/lvgl/examples/widgets/spinbox/../../../src/core/lv_disp.h ****  * @param disp pointer to a display
  85:Middlewares/lvgl/examples/widgets/spinbox/../../../src/core/lv_disp.h ****  * @return the display's theme (can be NULL)
  86:Middlewares/lvgl/examples/widgets/spinbox/../../../src/core/lv_disp.h ****  */
  87:Middlewares/lvgl/examples/widgets/spinbox/../../../src/core/lv_disp.h **** void lv_disp_set_theme(lv_disp_t * disp, lv_theme_t * th);
  88:Middlewares/lvgl/examples/widgets/spinbox/../../../src/core/lv_disp.h **** 
  89:Middlewares/lvgl/examples/widgets/spinbox/../../../src/core/lv_disp.h **** /**
  90:Middlewares/lvgl/examples/widgets/spinbox/../../../src/core/lv_disp.h ****  * Get the theme of a display
  91:Middlewares/lvgl/examples/widgets/spinbox/../../../src/core/lv_disp.h ****  * @param disp pointer to a display
  92:Middlewares/lvgl/examples/widgets/spinbox/../../../src/core/lv_disp.h ****  * @return the display's theme (can be NULL)
  93:Middlewares/lvgl/examples/widgets/spinbox/../../../src/core/lv_disp.h ****  */
ARM GAS  /tmp/ccPhX7WI.s 			page 6


  94:Middlewares/lvgl/examples/widgets/spinbox/../../../src/core/lv_disp.h **** lv_theme_t * lv_disp_get_theme(lv_disp_t * disp);
  95:Middlewares/lvgl/examples/widgets/spinbox/../../../src/core/lv_disp.h **** 
  96:Middlewares/lvgl/examples/widgets/spinbox/../../../src/core/lv_disp.h **** /**
  97:Middlewares/lvgl/examples/widgets/spinbox/../../../src/core/lv_disp.h ****  * Set the background color of a display
  98:Middlewares/lvgl/examples/widgets/spinbox/../../../src/core/lv_disp.h ****  * @param disp pointer to a display
  99:Middlewares/lvgl/examples/widgets/spinbox/../../../src/core/lv_disp.h ****  * @param color color of the background
 100:Middlewares/lvgl/examples/widgets/spinbox/../../../src/core/lv_disp.h ****  */
 101:Middlewares/lvgl/examples/widgets/spinbox/../../../src/core/lv_disp.h **** void lv_disp_set_bg_color(lv_disp_t * disp, lv_color_t color);
 102:Middlewares/lvgl/examples/widgets/spinbox/../../../src/core/lv_disp.h **** 
 103:Middlewares/lvgl/examples/widgets/spinbox/../../../src/core/lv_disp.h **** /**
 104:Middlewares/lvgl/examples/widgets/spinbox/../../../src/core/lv_disp.h ****  * Set the background image of a display
 105:Middlewares/lvgl/examples/widgets/spinbox/../../../src/core/lv_disp.h ****  * @param disp pointer to a display
 106:Middlewares/lvgl/examples/widgets/spinbox/../../../src/core/lv_disp.h ****  * @param img_src path to file or pointer to an `lv_img_dsc_t` variable
 107:Middlewares/lvgl/examples/widgets/spinbox/../../../src/core/lv_disp.h ****  */
 108:Middlewares/lvgl/examples/widgets/spinbox/../../../src/core/lv_disp.h **** void lv_disp_set_bg_image(lv_disp_t * disp, const void  * img_src);
 109:Middlewares/lvgl/examples/widgets/spinbox/../../../src/core/lv_disp.h **** 
 110:Middlewares/lvgl/examples/widgets/spinbox/../../../src/core/lv_disp.h **** /**
 111:Middlewares/lvgl/examples/widgets/spinbox/../../../src/core/lv_disp.h ****  * Opacity of the background
 112:Middlewares/lvgl/examples/widgets/spinbox/../../../src/core/lv_disp.h ****  * @param disp pointer to a display
 113:Middlewares/lvgl/examples/widgets/spinbox/../../../src/core/lv_disp.h ****  * @param opa opacity (0..255)
 114:Middlewares/lvgl/examples/widgets/spinbox/../../../src/core/lv_disp.h ****  */
 115:Middlewares/lvgl/examples/widgets/spinbox/../../../src/core/lv_disp.h **** void lv_disp_set_bg_opa(lv_disp_t * disp, lv_opa_t opa);
 116:Middlewares/lvgl/examples/widgets/spinbox/../../../src/core/lv_disp.h **** 
 117:Middlewares/lvgl/examples/widgets/spinbox/../../../src/core/lv_disp.h **** /**
 118:Middlewares/lvgl/examples/widgets/spinbox/../../../src/core/lv_disp.h ****  * Switch screen with animation
 119:Middlewares/lvgl/examples/widgets/spinbox/../../../src/core/lv_disp.h ****  * @param scr pointer to the new screen to load
 120:Middlewares/lvgl/examples/widgets/spinbox/../../../src/core/lv_disp.h ****  * @param anim_type type of the animation from `lv_scr_load_anim_t`. E.g.  `LV_SCR_LOAD_ANIM_MOVE_L
 121:Middlewares/lvgl/examples/widgets/spinbox/../../../src/core/lv_disp.h ****  * @param time time of the animation
 122:Middlewares/lvgl/examples/widgets/spinbox/../../../src/core/lv_disp.h ****  * @param delay delay before the transition
 123:Middlewares/lvgl/examples/widgets/spinbox/../../../src/core/lv_disp.h ****  * @param auto_del true: automatically delete the old screen
 124:Middlewares/lvgl/examples/widgets/spinbox/../../../src/core/lv_disp.h ****  */
 125:Middlewares/lvgl/examples/widgets/spinbox/../../../src/core/lv_disp.h **** void lv_scr_load_anim(lv_obj_t * scr, lv_scr_load_anim_t anim_type, uint32_t time, uint32_t delay, 
 126:Middlewares/lvgl/examples/widgets/spinbox/../../../src/core/lv_disp.h **** 
 127:Middlewares/lvgl/examples/widgets/spinbox/../../../src/core/lv_disp.h **** /**
 128:Middlewares/lvgl/examples/widgets/spinbox/../../../src/core/lv_disp.h ****  * Get elapsed time since last user activity on a display (e.g. click)
 129:Middlewares/lvgl/examples/widgets/spinbox/../../../src/core/lv_disp.h ****  * @param disp pointer to an display (NULL to get the overall smallest inactivity)
 130:Middlewares/lvgl/examples/widgets/spinbox/../../../src/core/lv_disp.h ****  * @return elapsed ticks (milliseconds) since the last activity
 131:Middlewares/lvgl/examples/widgets/spinbox/../../../src/core/lv_disp.h ****  */
 132:Middlewares/lvgl/examples/widgets/spinbox/../../../src/core/lv_disp.h **** uint32_t lv_disp_get_inactive_time(const lv_disp_t * disp);
 133:Middlewares/lvgl/examples/widgets/spinbox/../../../src/core/lv_disp.h **** 
 134:Middlewares/lvgl/examples/widgets/spinbox/../../../src/core/lv_disp.h **** /**
 135:Middlewares/lvgl/examples/widgets/spinbox/../../../src/core/lv_disp.h ****  * Manually trigger an activity on a display
 136:Middlewares/lvgl/examples/widgets/spinbox/../../../src/core/lv_disp.h ****  * @param disp pointer to an display (NULL to use the default display)
 137:Middlewares/lvgl/examples/widgets/spinbox/../../../src/core/lv_disp.h ****  */
 138:Middlewares/lvgl/examples/widgets/spinbox/../../../src/core/lv_disp.h **** void lv_disp_trig_activity(lv_disp_t * disp);
 139:Middlewares/lvgl/examples/widgets/spinbox/../../../src/core/lv_disp.h **** 
 140:Middlewares/lvgl/examples/widgets/spinbox/../../../src/core/lv_disp.h **** /**
 141:Middlewares/lvgl/examples/widgets/spinbox/../../../src/core/lv_disp.h ****  * Clean any CPU cache that is related to the display.
 142:Middlewares/lvgl/examples/widgets/spinbox/../../../src/core/lv_disp.h ****  * @param disp pointer to an display (NULL to use the default display)
 143:Middlewares/lvgl/examples/widgets/spinbox/../../../src/core/lv_disp.h ****  */
 144:Middlewares/lvgl/examples/widgets/spinbox/../../../src/core/lv_disp.h **** void lv_disp_clean_dcache(lv_disp_t * disp);
 145:Middlewares/lvgl/examples/widgets/spinbox/../../../src/core/lv_disp.h **** 
 146:Middlewares/lvgl/examples/widgets/spinbox/../../../src/core/lv_disp.h **** /**
 147:Middlewares/lvgl/examples/widgets/spinbox/../../../src/core/lv_disp.h ****  * Get a pointer to the screen refresher timer to
 148:Middlewares/lvgl/examples/widgets/spinbox/../../../src/core/lv_disp.h ****  * modify its parameters with `lv_timer_...` functions.
 149:Middlewares/lvgl/examples/widgets/spinbox/../../../src/core/lv_disp.h ****  * @param disp pointer to a display
 150:Middlewares/lvgl/examples/widgets/spinbox/../../../src/core/lv_disp.h ****  * @return pointer to the display refresher timer. (NULL on error)
ARM GAS  /tmp/ccPhX7WI.s 			page 7


 151:Middlewares/lvgl/examples/widgets/spinbox/../../../src/core/lv_disp.h ****  */
 152:Middlewares/lvgl/examples/widgets/spinbox/../../../src/core/lv_disp.h **** lv_timer_t * _lv_disp_get_refr_timer(lv_disp_t * disp);
 153:Middlewares/lvgl/examples/widgets/spinbox/../../../src/core/lv_disp.h **** 
 154:Middlewares/lvgl/examples/widgets/spinbox/../../../src/core/lv_disp.h **** /*------------------------------------------------
 155:Middlewares/lvgl/examples/widgets/spinbox/../../../src/core/lv_disp.h ****  * To improve backward compatibility
 156:Middlewares/lvgl/examples/widgets/spinbox/../../../src/core/lv_disp.h ****  * Recommended only if you have one display
 157:Middlewares/lvgl/examples/widgets/spinbox/../../../src/core/lv_disp.h ****  *------------------------------------------------*/
 158:Middlewares/lvgl/examples/widgets/spinbox/../../../src/core/lv_disp.h **** 
 159:Middlewares/lvgl/examples/widgets/spinbox/../../../src/core/lv_disp.h **** /**
 160:Middlewares/lvgl/examples/widgets/spinbox/../../../src/core/lv_disp.h ****  * Get the active screen of the default display
 161:Middlewares/lvgl/examples/widgets/spinbox/../../../src/core/lv_disp.h ****  * @return pointer to the active screen
 162:Middlewares/lvgl/examples/widgets/spinbox/../../../src/core/lv_disp.h ****  */
 163:Middlewares/lvgl/examples/widgets/spinbox/../../../src/core/lv_disp.h **** static inline lv_obj_t * lv_scr_act(void)
 159              		.loc 2 163 26 view .LVU24
 160              	.LBB13:
 164:Middlewares/lvgl/examples/widgets/spinbox/../../../src/core/lv_disp.h **** {
 165:Middlewares/lvgl/examples/widgets/spinbox/../../../src/core/lv_disp.h ****     return lv_disp_get_scr_act(lv_disp_get_default());
 161              		.loc 2 165 5 view .LVU25
 162              		.loc 2 165 12 is_stmt 0 view .LVU26
 163 0004 FFF7FEFF 		bl	lv_disp_get_default
 164              	.LVL12:
 165 0008 FFF7FEFF 		bl	lv_disp_get_scr_act
 166              	.LVL13:
 167              	.LBE13:
 168              	.LBE12:
 169              		.loc 1 26 15 view .LVU27
 170 000c FFF7FEFF 		bl	lv_spinbox_create
 171              	.LVL14:
 172              		.loc 1 26 13 view .LVU28
 173 0010 2D4D     		ldr	r5, .L15
 174 0012 2860     		str	r0, [r5]
  27:Middlewares/lvgl/examples/widgets/spinbox/lv_example_spinbox_1.c ****     lv_spinbox_set_range(spinbox, -1000, 25000);
 175              		.loc 1 27 5 is_stmt 1 view .LVU29
 176 0014 46F2A812 		movw	r2, #25000
 177 0018 2C49     		ldr	r1, .L15+4
 178 001a FFF7FEFF 		bl	lv_spinbox_set_range
 179              	.LVL15:
  28:Middlewares/lvgl/examples/widgets/spinbox/lv_example_spinbox_1.c ****     lv_spinbox_set_digit_format(spinbox, 5, 2);
 180              		.loc 1 28 5 view .LVU30
 181 001e 0222     		movs	r2, #2
 182 0020 0521     		movs	r1, #5
 183 0022 2868     		ldr	r0, [r5]
 184 0024 FFF7FEFF 		bl	lv_spinbox_set_digit_format
 185              	.LVL16:
  29:Middlewares/lvgl/examples/widgets/spinbox/lv_example_spinbox_1.c ****     lv_spinbox_step_prev(spinbox);
 186              		.loc 1 29 5 view .LVU31
 187 0028 2868     		ldr	r0, [r5]
 188 002a FFF7FEFF 		bl	lv_spinbox_step_prev
 189              	.LVL17:
  30:Middlewares/lvgl/examples/widgets/spinbox/lv_example_spinbox_1.c ****     lv_obj_set_width(spinbox, 100);
 190              		.loc 1 30 5 view .LVU32
 191 002e 6421     		movs	r1, #100
 192 0030 2868     		ldr	r0, [r5]
 193 0032 FFF7FEFF 		bl	lv_obj_set_width
 194              	.LVL18:
  31:Middlewares/lvgl/examples/widgets/spinbox/lv_example_spinbox_1.c ****     lv_obj_center(spinbox);
 195              		.loc 1 31 5 view .LVU33
ARM GAS  /tmp/ccPhX7WI.s 			page 8


 196              	.LBB14:
 197              	.LBI14:
 198              		.file 3 "Middlewares/lvgl/examples/widgets/spinbox/../../../src/core/lv_obj_pos.h"
   1:Middlewares/lvgl/examples/widgets/spinbox/../../../src/core/lv_obj_pos.h **** /**
   2:Middlewares/lvgl/examples/widgets/spinbox/../../../src/core/lv_obj_pos.h ****  * @file lv_obj_pos.h
   3:Middlewares/lvgl/examples/widgets/spinbox/../../../src/core/lv_obj_pos.h ****  *
   4:Middlewares/lvgl/examples/widgets/spinbox/../../../src/core/lv_obj_pos.h ****  */
   5:Middlewares/lvgl/examples/widgets/spinbox/../../../src/core/lv_obj_pos.h **** 
   6:Middlewares/lvgl/examples/widgets/spinbox/../../../src/core/lv_obj_pos.h **** #ifndef LV_OBJ_POS_H
   7:Middlewares/lvgl/examples/widgets/spinbox/../../../src/core/lv_obj_pos.h **** #define LV_OBJ_POS_H
   8:Middlewares/lvgl/examples/widgets/spinbox/../../../src/core/lv_obj_pos.h **** 
   9:Middlewares/lvgl/examples/widgets/spinbox/../../../src/core/lv_obj_pos.h **** #ifdef __cplusplus
  10:Middlewares/lvgl/examples/widgets/spinbox/../../../src/core/lv_obj_pos.h **** extern "C" {
  11:Middlewares/lvgl/examples/widgets/spinbox/../../../src/core/lv_obj_pos.h **** #endif
  12:Middlewares/lvgl/examples/widgets/spinbox/../../../src/core/lv_obj_pos.h **** 
  13:Middlewares/lvgl/examples/widgets/spinbox/../../../src/core/lv_obj_pos.h **** /*********************
  14:Middlewares/lvgl/examples/widgets/spinbox/../../../src/core/lv_obj_pos.h ****  *      INCLUDES
  15:Middlewares/lvgl/examples/widgets/spinbox/../../../src/core/lv_obj_pos.h ****  *********************/
  16:Middlewares/lvgl/examples/widgets/spinbox/../../../src/core/lv_obj_pos.h **** #include "../misc/lv_area.h"
  17:Middlewares/lvgl/examples/widgets/spinbox/../../../src/core/lv_obj_pos.h **** 
  18:Middlewares/lvgl/examples/widgets/spinbox/../../../src/core/lv_obj_pos.h **** /*********************
  19:Middlewares/lvgl/examples/widgets/spinbox/../../../src/core/lv_obj_pos.h ****  *      DEFINES
  20:Middlewares/lvgl/examples/widgets/spinbox/../../../src/core/lv_obj_pos.h ****  *********************/
  21:Middlewares/lvgl/examples/widgets/spinbox/../../../src/core/lv_obj_pos.h **** 
  22:Middlewares/lvgl/examples/widgets/spinbox/../../../src/core/lv_obj_pos.h **** /**********************
  23:Middlewares/lvgl/examples/widgets/spinbox/../../../src/core/lv_obj_pos.h ****  *      TYPEDEFS
  24:Middlewares/lvgl/examples/widgets/spinbox/../../../src/core/lv_obj_pos.h ****  **********************/
  25:Middlewares/lvgl/examples/widgets/spinbox/../../../src/core/lv_obj_pos.h **** struct _lv_obj_t;
  26:Middlewares/lvgl/examples/widgets/spinbox/../../../src/core/lv_obj_pos.h **** 
  27:Middlewares/lvgl/examples/widgets/spinbox/../../../src/core/lv_obj_pos.h **** typedef void (*lv_layout_update_cb_t)(struct _lv_obj_t *, void * user_data);
  28:Middlewares/lvgl/examples/widgets/spinbox/../../../src/core/lv_obj_pos.h **** typedef struct {
  29:Middlewares/lvgl/examples/widgets/spinbox/../../../src/core/lv_obj_pos.h ****     lv_layout_update_cb_t cb;
  30:Middlewares/lvgl/examples/widgets/spinbox/../../../src/core/lv_obj_pos.h ****     void * user_data;
  31:Middlewares/lvgl/examples/widgets/spinbox/../../../src/core/lv_obj_pos.h **** }lv_layout_dsc_t;
  32:Middlewares/lvgl/examples/widgets/spinbox/../../../src/core/lv_obj_pos.h **** 
  33:Middlewares/lvgl/examples/widgets/spinbox/../../../src/core/lv_obj_pos.h **** /**********************
  34:Middlewares/lvgl/examples/widgets/spinbox/../../../src/core/lv_obj_pos.h ****  * GLOBAL PROTOTYPES
  35:Middlewares/lvgl/examples/widgets/spinbox/../../../src/core/lv_obj_pos.h ****  **********************/
  36:Middlewares/lvgl/examples/widgets/spinbox/../../../src/core/lv_obj_pos.h **** 
  37:Middlewares/lvgl/examples/widgets/spinbox/../../../src/core/lv_obj_pos.h **** /**
  38:Middlewares/lvgl/examples/widgets/spinbox/../../../src/core/lv_obj_pos.h ****  * Set the relative the position of an object (relative to the parent's top left corner)
  39:Middlewares/lvgl/examples/widgets/spinbox/../../../src/core/lv_obj_pos.h ****  * @param obj       pointer to an object
  40:Middlewares/lvgl/examples/widgets/spinbox/../../../src/core/lv_obj_pos.h ****  * @param x         new distance from the left side of the parent plus the parent's left padding
  41:Middlewares/lvgl/examples/widgets/spinbox/../../../src/core/lv_obj_pos.h ****  * @param y         new distance from the top side of the parent  plus the parent's right padding
  42:Middlewares/lvgl/examples/widgets/spinbox/../../../src/core/lv_obj_pos.h ****  */
  43:Middlewares/lvgl/examples/widgets/spinbox/../../../src/core/lv_obj_pos.h **** void lv_obj_set_pos(struct _lv_obj_t * obj, lv_coord_t x, lv_coord_t y);
  44:Middlewares/lvgl/examples/widgets/spinbox/../../../src/core/lv_obj_pos.h **** 
  45:Middlewares/lvgl/examples/widgets/spinbox/../../../src/core/lv_obj_pos.h **** /**
  46:Middlewares/lvgl/examples/widgets/spinbox/../../../src/core/lv_obj_pos.h ****  * Set the x coordinate of a object
  47:Middlewares/lvgl/examples/widgets/spinbox/../../../src/core/lv_obj_pos.h ****  * @param obj       pointer to an object
  48:Middlewares/lvgl/examples/widgets/spinbox/../../../src/core/lv_obj_pos.h ****  * @param x         new distance from the left side from the parent plus the parent's left padding
  49:Middlewares/lvgl/examples/widgets/spinbox/../../../src/core/lv_obj_pos.h ****  */
  50:Middlewares/lvgl/examples/widgets/spinbox/../../../src/core/lv_obj_pos.h **** void lv_obj_set_x(struct _lv_obj_t * obj, lv_coord_t x);
  51:Middlewares/lvgl/examples/widgets/spinbox/../../../src/core/lv_obj_pos.h **** 
  52:Middlewares/lvgl/examples/widgets/spinbox/../../../src/core/lv_obj_pos.h **** /**
  53:Middlewares/lvgl/examples/widgets/spinbox/../../../src/core/lv_obj_pos.h ****  * Set the y coordinate of a object
  54:Middlewares/lvgl/examples/widgets/spinbox/../../../src/core/lv_obj_pos.h ****  * @param obj       pointer to an object
ARM GAS  /tmp/ccPhX7WI.s 			page 9


  55:Middlewares/lvgl/examples/widgets/spinbox/../../../src/core/lv_obj_pos.h ****  * @param y         new distance from the top of the parent  plus the parent's top padding
  56:Middlewares/lvgl/examples/widgets/spinbox/../../../src/core/lv_obj_pos.h ****  */
  57:Middlewares/lvgl/examples/widgets/spinbox/../../../src/core/lv_obj_pos.h **** void lv_obj_set_y(struct _lv_obj_t * obj, lv_coord_t y);
  58:Middlewares/lvgl/examples/widgets/spinbox/../../../src/core/lv_obj_pos.h **** 
  59:Middlewares/lvgl/examples/widgets/spinbox/../../../src/core/lv_obj_pos.h **** /**
  60:Middlewares/lvgl/examples/widgets/spinbox/../../../src/core/lv_obj_pos.h ****  * Set the size of an object.
  61:Middlewares/lvgl/examples/widgets/spinbox/../../../src/core/lv_obj_pos.h ****  * @param obj       pointer to an object
  62:Middlewares/lvgl/examples/widgets/spinbox/../../../src/core/lv_obj_pos.h ****  * @param w         the new width
  63:Middlewares/lvgl/examples/widgets/spinbox/../../../src/core/lv_obj_pos.h ****  * @param h         the new height
  64:Middlewares/lvgl/examples/widgets/spinbox/../../../src/core/lv_obj_pos.h ****  * @note            possible values are:
  65:Middlewares/lvgl/examples/widgets/spinbox/../../../src/core/lv_obj_pos.h ****  *                  pixel               simple set the size accordingly
  66:Middlewares/lvgl/examples/widgets/spinbox/../../../src/core/lv_obj_pos.h ****  *                  LV_SIZE_CONTENT     set the size to involve all children in the given direction
  67:Middlewares/lvgl/examples/widgets/spinbox/../../../src/core/lv_obj_pos.h ****  *                  LV_SIZE_PCT(x)     to set size in percentage of the parent's content area size 
  68:Middlewares/lvgl/examples/widgets/spinbox/../../../src/core/lv_obj_pos.h ****  *                                      x should be in [0..1000]% range
  69:Middlewares/lvgl/examples/widgets/spinbox/../../../src/core/lv_obj_pos.h ****  */
  70:Middlewares/lvgl/examples/widgets/spinbox/../../../src/core/lv_obj_pos.h **** void lv_obj_set_size(struct _lv_obj_t * obj, lv_coord_t w, lv_coord_t h);
  71:Middlewares/lvgl/examples/widgets/spinbox/../../../src/core/lv_obj_pos.h **** 
  72:Middlewares/lvgl/examples/widgets/spinbox/../../../src/core/lv_obj_pos.h **** /**
  73:Middlewares/lvgl/examples/widgets/spinbox/../../../src/core/lv_obj_pos.h ****  * Recalculate the size of the object
  74:Middlewares/lvgl/examples/widgets/spinbox/../../../src/core/lv_obj_pos.h ****  * @param obj       pointer to an object
  75:Middlewares/lvgl/examples/widgets/spinbox/../../../src/core/lv_obj_pos.h ****  * @return          true: the size has been changed
  76:Middlewares/lvgl/examples/widgets/spinbox/../../../src/core/lv_obj_pos.h ****  */
  77:Middlewares/lvgl/examples/widgets/spinbox/../../../src/core/lv_obj_pos.h **** bool lv_obj_refr_size(struct _lv_obj_t * obj);
  78:Middlewares/lvgl/examples/widgets/spinbox/../../../src/core/lv_obj_pos.h **** 
  79:Middlewares/lvgl/examples/widgets/spinbox/../../../src/core/lv_obj_pos.h **** /**
  80:Middlewares/lvgl/examples/widgets/spinbox/../../../src/core/lv_obj_pos.h ****  * Set the width of an object
  81:Middlewares/lvgl/examples/widgets/spinbox/../../../src/core/lv_obj_pos.h ****  * @param obj       pointer to an object
  82:Middlewares/lvgl/examples/widgets/spinbox/../../../src/core/lv_obj_pos.h ****  * @param w         the new width
  83:Middlewares/lvgl/examples/widgets/spinbox/../../../src/core/lv_obj_pos.h ****  * @note            possible values are:
  84:Middlewares/lvgl/examples/widgets/spinbox/../../../src/core/lv_obj_pos.h ****  *                  pixel               simple set the size accordingly
  85:Middlewares/lvgl/examples/widgets/spinbox/../../../src/core/lv_obj_pos.h ****  *                  LV_SIZE_CONTENT     set the size to involve all children in the given direction
  86:Middlewares/lvgl/examples/widgets/spinbox/../../../src/core/lv_obj_pos.h ****  *                  lv_pct(x)           to set size in percentage of the parent's content area size
  87:Middlewares/lvgl/examples/widgets/spinbox/../../../src/core/lv_obj_pos.h ****  *                                      x should be in [0..1000]% range
  88:Middlewares/lvgl/examples/widgets/spinbox/../../../src/core/lv_obj_pos.h ****  */
  89:Middlewares/lvgl/examples/widgets/spinbox/../../../src/core/lv_obj_pos.h **** void lv_obj_set_width(struct _lv_obj_t * obj, lv_coord_t w);
  90:Middlewares/lvgl/examples/widgets/spinbox/../../../src/core/lv_obj_pos.h **** 
  91:Middlewares/lvgl/examples/widgets/spinbox/../../../src/core/lv_obj_pos.h **** /**
  92:Middlewares/lvgl/examples/widgets/spinbox/../../../src/core/lv_obj_pos.h ****  * Set the height of an object
  93:Middlewares/lvgl/examples/widgets/spinbox/../../../src/core/lv_obj_pos.h ****  * @param obj       pointer to an object
  94:Middlewares/lvgl/examples/widgets/spinbox/../../../src/core/lv_obj_pos.h ****  * @param h         the new height
  95:Middlewares/lvgl/examples/widgets/spinbox/../../../src/core/lv_obj_pos.h ****  * @note            possible values are:
  96:Middlewares/lvgl/examples/widgets/spinbox/../../../src/core/lv_obj_pos.h ****  *                  pixel               simple set the size accordingly
  97:Middlewares/lvgl/examples/widgets/spinbox/../../../src/core/lv_obj_pos.h ****  *                  LV_SIZE_CONTENT     set the size to involve all children in the given direction
  98:Middlewares/lvgl/examples/widgets/spinbox/../../../src/core/lv_obj_pos.h ****  *                  lv_pct(x)           to set size in percentage of the parent's content area size
  99:Middlewares/lvgl/examples/widgets/spinbox/../../../src/core/lv_obj_pos.h ****  *                                      x should be in [0..1000]% range
 100:Middlewares/lvgl/examples/widgets/spinbox/../../../src/core/lv_obj_pos.h ****  */
 101:Middlewares/lvgl/examples/widgets/spinbox/../../../src/core/lv_obj_pos.h **** void lv_obj_set_height(struct _lv_obj_t * obj, lv_coord_t h);
 102:Middlewares/lvgl/examples/widgets/spinbox/../../../src/core/lv_obj_pos.h **** 
 103:Middlewares/lvgl/examples/widgets/spinbox/../../../src/core/lv_obj_pos.h **** /**
 104:Middlewares/lvgl/examples/widgets/spinbox/../../../src/core/lv_obj_pos.h ****  * Set the width reduced by the left and right padding and the border width.
 105:Middlewares/lvgl/examples/widgets/spinbox/../../../src/core/lv_obj_pos.h ****  * @param obj       pointer to an object
 106:Middlewares/lvgl/examples/widgets/spinbox/../../../src/core/lv_obj_pos.h ****  * @param w         the width without paddings in pixels
 107:Middlewares/lvgl/examples/widgets/spinbox/../../../src/core/lv_obj_pos.h ****  */
 108:Middlewares/lvgl/examples/widgets/spinbox/../../../src/core/lv_obj_pos.h **** void lv_obj_set_content_width(struct _lv_obj_t * obj, lv_coord_t w);
 109:Middlewares/lvgl/examples/widgets/spinbox/../../../src/core/lv_obj_pos.h **** 
 110:Middlewares/lvgl/examples/widgets/spinbox/../../../src/core/lv_obj_pos.h **** /**
 111:Middlewares/lvgl/examples/widgets/spinbox/../../../src/core/lv_obj_pos.h ****  * Set the height reduced by the top and bottom padding and the border width.
ARM GAS  /tmp/ccPhX7WI.s 			page 10


 112:Middlewares/lvgl/examples/widgets/spinbox/../../../src/core/lv_obj_pos.h ****  * @param obj       pointer to an object
 113:Middlewares/lvgl/examples/widgets/spinbox/../../../src/core/lv_obj_pos.h ****  * @param h         the height without paddings in pixels
 114:Middlewares/lvgl/examples/widgets/spinbox/../../../src/core/lv_obj_pos.h ****  */
 115:Middlewares/lvgl/examples/widgets/spinbox/../../../src/core/lv_obj_pos.h **** void lv_obj_set_content_height(struct _lv_obj_t * obj, lv_coord_t h);
 116:Middlewares/lvgl/examples/widgets/spinbox/../../../src/core/lv_obj_pos.h **** 
 117:Middlewares/lvgl/examples/widgets/spinbox/../../../src/core/lv_obj_pos.h **** /**
 118:Middlewares/lvgl/examples/widgets/spinbox/../../../src/core/lv_obj_pos.h ****  * Set a layout for an object
 119:Middlewares/lvgl/examples/widgets/spinbox/../../../src/core/lv_obj_pos.h ****  * @param obj       pointer to an object
 120:Middlewares/lvgl/examples/widgets/spinbox/../../../src/core/lv_obj_pos.h ****  * @param layout    pointer to a layout descriptor to set
 121:Middlewares/lvgl/examples/widgets/spinbox/../../../src/core/lv_obj_pos.h ****  */
 122:Middlewares/lvgl/examples/widgets/spinbox/../../../src/core/lv_obj_pos.h **** void lv_obj_set_layout(struct _lv_obj_t * obj, uint32_t layout);
 123:Middlewares/lvgl/examples/widgets/spinbox/../../../src/core/lv_obj_pos.h **** 
 124:Middlewares/lvgl/examples/widgets/spinbox/../../../src/core/lv_obj_pos.h **** /**
 125:Middlewares/lvgl/examples/widgets/spinbox/../../../src/core/lv_obj_pos.h ****  * Test whether the and object is positioned by a layout or not
 126:Middlewares/lvgl/examples/widgets/spinbox/../../../src/core/lv_obj_pos.h ****  * @param obj       pointer to an object to test
 127:Middlewares/lvgl/examples/widgets/spinbox/../../../src/core/lv_obj_pos.h ****  * @return true:    positioned by a layout; false: not positioned by a layout
 128:Middlewares/lvgl/examples/widgets/spinbox/../../../src/core/lv_obj_pos.h ****  */
 129:Middlewares/lvgl/examples/widgets/spinbox/../../../src/core/lv_obj_pos.h **** bool lv_obj_is_layout_positioned(const struct _lv_obj_t * obj);
 130:Middlewares/lvgl/examples/widgets/spinbox/../../../src/core/lv_obj_pos.h **** 
 131:Middlewares/lvgl/examples/widgets/spinbox/../../../src/core/lv_obj_pos.h **** /**
 132:Middlewares/lvgl/examples/widgets/spinbox/../../../src/core/lv_obj_pos.h ****  * Mark the object for layout update.
 133:Middlewares/lvgl/examples/widgets/spinbox/../../../src/core/lv_obj_pos.h ****  * @param obj      pointer to an object whose children needs to be updated
 134:Middlewares/lvgl/examples/widgets/spinbox/../../../src/core/lv_obj_pos.h ****  */
 135:Middlewares/lvgl/examples/widgets/spinbox/../../../src/core/lv_obj_pos.h **** void lv_obj_mark_layout_as_dirty(struct _lv_obj_t * obj);
 136:Middlewares/lvgl/examples/widgets/spinbox/../../../src/core/lv_obj_pos.h **** 
 137:Middlewares/lvgl/examples/widgets/spinbox/../../../src/core/lv_obj_pos.h **** /**
 138:Middlewares/lvgl/examples/widgets/spinbox/../../../src/core/lv_obj_pos.h ****  * Update the layout of an object.
 139:Middlewares/lvgl/examples/widgets/spinbox/../../../src/core/lv_obj_pos.h ****  * @param obj      pointer to an object whose children needs to be updated
 140:Middlewares/lvgl/examples/widgets/spinbox/../../../src/core/lv_obj_pos.h ****  */
 141:Middlewares/lvgl/examples/widgets/spinbox/../../../src/core/lv_obj_pos.h **** void lv_obj_update_layout(const struct _lv_obj_t * obj);
 142:Middlewares/lvgl/examples/widgets/spinbox/../../../src/core/lv_obj_pos.h **** 
 143:Middlewares/lvgl/examples/widgets/spinbox/../../../src/core/lv_obj_pos.h **** /**
 144:Middlewares/lvgl/examples/widgets/spinbox/../../../src/core/lv_obj_pos.h ****  * Regsiter a new layout
 145:Middlewares/lvgl/examples/widgets/spinbox/../../../src/core/lv_obj_pos.h ****  * @param cb        the layout update callback
 146:Middlewares/lvgl/examples/widgets/spinbox/../../../src/core/lv_obj_pos.h ****  * @param user_data custom data that will be passed to `cb`
 147:Middlewares/lvgl/examples/widgets/spinbox/../../../src/core/lv_obj_pos.h ****  * @return          the ID of the new layout
 148:Middlewares/lvgl/examples/widgets/spinbox/../../../src/core/lv_obj_pos.h ****  */
 149:Middlewares/lvgl/examples/widgets/spinbox/../../../src/core/lv_obj_pos.h **** uint32_t lv_layout_register(lv_layout_update_cb_t cb, void * user_data);
 150:Middlewares/lvgl/examples/widgets/spinbox/../../../src/core/lv_obj_pos.h **** 
 151:Middlewares/lvgl/examples/widgets/spinbox/../../../src/core/lv_obj_pos.h **** /**
 152:Middlewares/lvgl/examples/widgets/spinbox/../../../src/core/lv_obj_pos.h ****  * Change the alignment of an object.
 153:Middlewares/lvgl/examples/widgets/spinbox/../../../src/core/lv_obj_pos.h ****  * @param obj       pointer to an object to align
 154:Middlewares/lvgl/examples/widgets/spinbox/../../../src/core/lv_obj_pos.h ****  * @param align     type of alignment (see 'lv_align_t' enum) `LV_ALIGN_OUT_...` can't be used.
 155:Middlewares/lvgl/examples/widgets/spinbox/../../../src/core/lv_obj_pos.h ****  */
 156:Middlewares/lvgl/examples/widgets/spinbox/../../../src/core/lv_obj_pos.h **** void lv_obj_set_align(struct _lv_obj_t * obj, lv_align_t align);
 157:Middlewares/lvgl/examples/widgets/spinbox/../../../src/core/lv_obj_pos.h **** 
 158:Middlewares/lvgl/examples/widgets/spinbox/../../../src/core/lv_obj_pos.h **** /**
 159:Middlewares/lvgl/examples/widgets/spinbox/../../../src/core/lv_obj_pos.h ****  * Change the alignment of an object and set new coordinates.
 160:Middlewares/lvgl/examples/widgets/spinbox/../../../src/core/lv_obj_pos.h ****  * Equivalent to:
 161:Middlewares/lvgl/examples/widgets/spinbox/../../../src/core/lv_obj_pos.h ****  * lv_obj_set_align(obj, align);
 162:Middlewares/lvgl/examples/widgets/spinbox/../../../src/core/lv_obj_pos.h ****  * lv_obj_set_pos(obj, x_ofs, y_ofs);
 163:Middlewares/lvgl/examples/widgets/spinbox/../../../src/core/lv_obj_pos.h ****  * @param obj       pointer to an object to align
 164:Middlewares/lvgl/examples/widgets/spinbox/../../../src/core/lv_obj_pos.h ****  * @param align     type of alignment (see 'lv_align_t' enum) `LV_ALIGN_OUT_...` can't be used.
 165:Middlewares/lvgl/examples/widgets/spinbox/../../../src/core/lv_obj_pos.h ****  * @param x_ofs     x coordinate offset after alignment
 166:Middlewares/lvgl/examples/widgets/spinbox/../../../src/core/lv_obj_pos.h ****  * @param y_ofs     y coordinate offset after alignment
 167:Middlewares/lvgl/examples/widgets/spinbox/../../../src/core/lv_obj_pos.h ****  */
 168:Middlewares/lvgl/examples/widgets/spinbox/../../../src/core/lv_obj_pos.h **** void lv_obj_align(struct _lv_obj_t * obj, lv_align_t align, lv_coord_t x_ofs, lv_coord_t y_ofs);
ARM GAS  /tmp/ccPhX7WI.s 			page 11


 169:Middlewares/lvgl/examples/widgets/spinbox/../../../src/core/lv_obj_pos.h **** 
 170:Middlewares/lvgl/examples/widgets/spinbox/../../../src/core/lv_obj_pos.h **** /**
 171:Middlewares/lvgl/examples/widgets/spinbox/../../../src/core/lv_obj_pos.h ****  * Align an object to an other object.
 172:Middlewares/lvgl/examples/widgets/spinbox/../../../src/core/lv_obj_pos.h ****  * @param obj       pointer to an object to align
 173:Middlewares/lvgl/examples/widgets/spinbox/../../../src/core/lv_obj_pos.h ****  * @param base      pointer to an other object (if NULL `obj`s parent is used). 'obj' will be align
 174:Middlewares/lvgl/examples/widgets/spinbox/../../../src/core/lv_obj_pos.h ****  * @param align     type of alignment (see 'lv_align_t' enum)
 175:Middlewares/lvgl/examples/widgets/spinbox/../../../src/core/lv_obj_pos.h ****  * @param x_ofs     x coordinate offset after alignment
 176:Middlewares/lvgl/examples/widgets/spinbox/../../../src/core/lv_obj_pos.h ****  * @param y_ofs     y coordinate offset after alignment
 177:Middlewares/lvgl/examples/widgets/spinbox/../../../src/core/lv_obj_pos.h ****  * @note            if the position or size of `base` changes `obj` needs to be aligned manually ag
 178:Middlewares/lvgl/examples/widgets/spinbox/../../../src/core/lv_obj_pos.h ****  */
 179:Middlewares/lvgl/examples/widgets/spinbox/../../../src/core/lv_obj_pos.h **** void lv_obj_align_to(struct _lv_obj_t * obj, const struct _lv_obj_t * base, lv_align_t align, lv_co
 180:Middlewares/lvgl/examples/widgets/spinbox/../../../src/core/lv_obj_pos.h **** 
 181:Middlewares/lvgl/examples/widgets/spinbox/../../../src/core/lv_obj_pos.h **** /**
 182:Middlewares/lvgl/examples/widgets/spinbox/../../../src/core/lv_obj_pos.h ****  * Align an object to the center on its parent.
 183:Middlewares/lvgl/examples/widgets/spinbox/../../../src/core/lv_obj_pos.h ****  * @param obj       pointer to an object to align
 184:Middlewares/lvgl/examples/widgets/spinbox/../../../src/core/lv_obj_pos.h ****  * @note            if the parent size changes `obj` needs to be aligned manually again
 185:Middlewares/lvgl/examples/widgets/spinbox/../../../src/core/lv_obj_pos.h ****  */
 186:Middlewares/lvgl/examples/widgets/spinbox/../../../src/core/lv_obj_pos.h **** static inline void lv_obj_center(struct _lv_obj_t * obj)
 199              		.loc 3 186 20 view .LVU34
 200              	.LBB15:
 187:Middlewares/lvgl/examples/widgets/spinbox/../../../src/core/lv_obj_pos.h **** {
 188:Middlewares/lvgl/examples/widgets/spinbox/../../../src/core/lv_obj_pos.h ****     lv_obj_align(obj, LV_ALIGN_CENTER, 0, 0);
 201              		.loc 3 188 5 view .LVU35
 202 0036 0023     		movs	r3, #0
 203 0038 1A46     		mov	r2, r3
 204 003a 0921     		movs	r1, #9
 205 003c 2868     		ldr	r0, [r5]
 206 003e FFF7FEFF 		bl	lv_obj_align
 207              	.LVL19:
 208              		.loc 3 188 5 is_stmt 0 view .LVU36
 209              	.LBE15:
 210              	.LBE14:
  32:Middlewares/lvgl/examples/widgets/spinbox/lv_example_spinbox_1.c **** 
  33:Middlewares/lvgl/examples/widgets/spinbox/lv_example_spinbox_1.c ****     lv_coord_t h = lv_obj_get_height(spinbox);
 211              		.loc 1 33 5 is_stmt 1 view .LVU37
 212              		.loc 1 33 20 is_stmt 0 view .LVU38
 213 0042 2868     		ldr	r0, [r5]
 214 0044 FFF7FEFF 		bl	lv_obj_get_height
 215              	.LVL20:
 216 0048 0646     		mov	r6, r0
 217              	.LVL21:
  34:Middlewares/lvgl/examples/widgets/spinbox/lv_example_spinbox_1.c **** 
  35:Middlewares/lvgl/examples/widgets/spinbox/lv_example_spinbox_1.c ****     lv_obj_t * btn = lv_btn_create(lv_scr_act());
 218              		.loc 1 35 5 is_stmt 1 view .LVU39
 219              	.LBB16:
 220              	.LBI16:
 163:Middlewares/lvgl/examples/widgets/spinbox/../../../src/core/lv_disp.h **** {
 221              		.loc 2 163 26 view .LVU40
 222              	.LBB17:
 223              		.loc 2 165 5 view .LVU41
 224              		.loc 2 165 12 is_stmt 0 view .LVU42
 225 004a FFF7FEFF 		bl	lv_disp_get_default
 226              	.LVL22:
 227 004e FFF7FEFF 		bl	lv_disp_get_scr_act
 228              	.LVL23:
 229              	.LBE17:
 230              	.LBE16:
ARM GAS  /tmp/ccPhX7WI.s 			page 12


 231              		.loc 1 35 22 view .LVU43
 232 0052 FFF7FEFF 		bl	lv_btn_create
 233              	.LVL24:
 234 0056 0746     		mov	r7, r0
 235              	.LVL25:
  36:Middlewares/lvgl/examples/widgets/spinbox/lv_example_spinbox_1.c ****     lv_obj_set_size(btn, h, h);
 236              		.loc 1 36 5 is_stmt 1 view .LVU44
 237 0058 3246     		mov	r2, r6
 238 005a 3146     		mov	r1, r6
 239 005c FFF7FEFF 		bl	lv_obj_set_size
 240              	.LVL26:
  37:Middlewares/lvgl/examples/widgets/spinbox/lv_example_spinbox_1.c ****     lv_obj_align_to(btn, spinbox, LV_ALIGN_OUT_RIGHT_MID, 5, 0);
 241              		.loc 1 37 5 view .LVU45
 242 0060 0024     		movs	r4, #0
 243 0062 0094     		str	r4, [sp]
 244 0064 0523     		movs	r3, #5
 245 0066 1422     		movs	r2, #20
 246 0068 2968     		ldr	r1, [r5]
 247 006a 3846     		mov	r0, r7
 248 006c FFF7FEFF 		bl	lv_obj_align_to
 249              	.LVL27:
  38:Middlewares/lvgl/examples/widgets/spinbox/lv_example_spinbox_1.c ****     lv_obj_set_style_bg_img_src(btn, LV_SYMBOL_PLUS, 0);
 250              		.loc 1 38 5 view .LVU46
 251 0070 2246     		mov	r2, r4
 252 0072 1749     		ldr	r1, .L15+8
 253 0074 3846     		mov	r0, r7
 254 0076 FFF7FEFF 		bl	lv_obj_set_style_bg_img_src
 255              	.LVL28:
  39:Middlewares/lvgl/examples/widgets/spinbox/lv_example_spinbox_1.c ****     lv_obj_add_event_cb(btn, lv_spinbox_increment_event_cb, LV_EVENT_ALL,  NULL);
 256              		.loc 1 39 5 view .LVU47
 257 007a 2346     		mov	r3, r4
 258 007c 2246     		mov	r2, r4
 259 007e 1549     		ldr	r1, .L15+12
 260 0080 3846     		mov	r0, r7
 261 0082 FFF7FEFF 		bl	lv_obj_add_event_cb
 262              	.LVL29:
  40:Middlewares/lvgl/examples/widgets/spinbox/lv_example_spinbox_1.c **** 
  41:Middlewares/lvgl/examples/widgets/spinbox/lv_example_spinbox_1.c ****     btn = lv_btn_create(lv_scr_act());
 263              		.loc 1 41 5 view .LVU48
 264              	.LBB18:
 265              	.LBI18:
 163:Middlewares/lvgl/examples/widgets/spinbox/../../../src/core/lv_disp.h **** {
 266              		.loc 2 163 26 view .LVU49
 267              	.LBB19:
 268              		.loc 2 165 5 view .LVU50
 269              		.loc 2 165 12 is_stmt 0 view .LVU51
 270 0086 FFF7FEFF 		bl	lv_disp_get_default
 271              	.LVL30:
 272 008a FFF7FEFF 		bl	lv_disp_get_scr_act
 273              	.LVL31:
 274              	.LBE19:
 275              	.LBE18:
 276              		.loc 1 41 11 view .LVU52
 277 008e FFF7FEFF 		bl	lv_btn_create
 278              	.LVL32:
 279 0092 0746     		mov	r7, r0
 280              	.LVL33:
ARM GAS  /tmp/ccPhX7WI.s 			page 13


  42:Middlewares/lvgl/examples/widgets/spinbox/lv_example_spinbox_1.c ****     lv_obj_set_size(btn, h, h);
 281              		.loc 1 42 5 is_stmt 1 view .LVU53
 282 0094 3246     		mov	r2, r6
 283 0096 3146     		mov	r1, r6
 284 0098 FFF7FEFF 		bl	lv_obj_set_size
 285              	.LVL34:
  43:Middlewares/lvgl/examples/widgets/spinbox/lv_example_spinbox_1.c ****     lv_obj_align_to(btn, spinbox, LV_ALIGN_OUT_LEFT_MID, -5, 0);
 286              		.loc 1 43 5 view .LVU54
 287 009c 0094     		str	r4, [sp]
 288 009e 6FF00403 		mvn	r3, #4
 289 00a2 1122     		movs	r2, #17
 290 00a4 2968     		ldr	r1, [r5]
 291 00a6 3846     		mov	r0, r7
 292 00a8 FFF7FEFF 		bl	lv_obj_align_to
 293              	.LVL35:
  44:Middlewares/lvgl/examples/widgets/spinbox/lv_example_spinbox_1.c ****     lv_obj_set_style_bg_img_src(btn, LV_SYMBOL_MINUS, 0);
 294              		.loc 1 44 5 view .LVU55
 295 00ac 2246     		mov	r2, r4
 296 00ae 0A49     		ldr	r1, .L15+16
 297 00b0 3846     		mov	r0, r7
 298 00b2 FFF7FEFF 		bl	lv_obj_set_style_bg_img_src
 299              	.LVL36:
  45:Middlewares/lvgl/examples/widgets/spinbox/lv_example_spinbox_1.c ****     lv_obj_add_event_cb(btn, lv_spinbox_decrement_event_cb, LV_EVENT_ALL, NULL);
 300              		.loc 1 45 5 view .LVU56
 301 00b6 2346     		mov	r3, r4
 302 00b8 2246     		mov	r2, r4
 303 00ba 0849     		ldr	r1, .L15+20
 304 00bc 3846     		mov	r0, r7
 305 00be FFF7FEFF 		bl	lv_obj_add_event_cb
 306              	.LVL37:
  46:Middlewares/lvgl/examples/widgets/spinbox/lv_example_spinbox_1.c **** }
 307              		.loc 1 46 1 is_stmt 0 view .LVU57
 308 00c2 03B0     		add	sp, sp, #12
 309              	.LCFI4:
 310              		.cfi_def_cfa_offset 20
 311              		@ sp needed
 312 00c4 F0BD     		pop	{r4, r5, r6, r7, pc}
 313              	.LVL38:
 314              	.L16:
 315              		.loc 1 46 1 view .LVU58
 316 00c6 00BF     		.align	2
 317              	.L15:
 318 00c8 00000000 		.word	.LANCHOR0
 319 00cc 18FCFFFF 		.word	-1000
 320 00d0 00000000 		.word	.LC0
 321 00d4 00000000 		.word	lv_spinbox_increment_event_cb
 322 00d8 04000000 		.word	.LC1
 323 00dc 00000000 		.word	lv_spinbox_decrement_event_cb
 324              		.cfi_endproc
 325              	.LFE186:
 327              		.section	.bss.spinbox,"aw",%nobits
 328              		.align	2
 329              		.set	.LANCHOR0,. + 0
 332              	spinbox:
 333 0000 00000000 		.space	4
 334              		.text
 335              	.Letext0:
ARM GAS  /tmp/ccPhX7WI.s 			page 14


 336              		.file 4 "/home/akinya/gcc-arm-none-eabi/arm-none-eabi/include/machine/_default_types.h"
 337              		.file 5 "/home/akinya/gcc-arm-none-eabi/arm-none-eabi/include/sys/_stdint.h"
 338              		.file 6 "Middlewares/lvgl/examples/widgets/spinbox/../../../src/misc/lv_ll.h"
 339              		.file 7 "Middlewares/lvgl/examples/widgets/spinbox/../../../src/hal/../misc/lv_color.h"
 340              		.file 8 "Middlewares/lvgl/examples/widgets/spinbox/../../../src/hal/../misc/lv_area.h"
 341              		.file 9 "Middlewares/lvgl/examples/widgets/spinbox/../../../src/core/lv_obj.h"
 342              		.file 10 "Middlewares/lvgl/examples/widgets/spinbox/../../../src/core/lv_group.h"
 343              		.file 11 "Middlewares/lvgl/examples/widgets/spinbox/../../../src/core/../misc/lv_style.h"
 344              		.file 12 "Middlewares/lvgl/examples/widgets/spinbox/../../../src/core/lv_obj_scroll.h"
 345              		.file 13 "Middlewares/lvgl/examples/widgets/spinbox/../../../src/core/lv_obj_style.h"
 346              		.file 14 "Middlewares/lvgl/examples/widgets/spinbox/../../../src/core/lv_obj_class.h"
 347              		.file 15 "Middlewares/lvgl/examples/widgets/spinbox/../../../src/core/lv_event.h"
 348              		.file 16 "Middlewares/lvgl/examples/widgets/spinbox/../../../src/widgets/lv_bar.h"
 349              		.file 17 "Middlewares/lvgl/examples/widgets/spinbox/../../../src/extra/widgets/imgbtn/lv_imgbtn.h"
 350              		.file 18 "Middlewares/lvgl/examples/widgets/spinbox/../../../src/hal/lv_hal_disp.h"
 351              		.file 19 "Middlewares/lvgl/examples/widgets/spinbox/../../../src/extra/widgets/spinbox/lv_spinbox.
 352              		.file 20 "Middlewares/lvgl/examples/widgets/spinbox/../../../src/widgets/lv_btn.h"
 353              		.file 21 "Middlewares/lvgl/examples/widgets/spinbox/../../../src/core/lv_obj_style_gen.h"
ARM GAS  /tmp/ccPhX7WI.s 			page 15


DEFINED SYMBOLS
                            *ABS*:0000000000000000 lv_example_spinbox_1.c
     /tmp/ccPhX7WI.s:16     .text.lv_spinbox_decrement_event_cb:0000000000000000 $t
     /tmp/ccPhX7WI.s:23     .text.lv_spinbox_decrement_event_cb:0000000000000000 lv_spinbox_decrement_event_cb
     /tmp/ccPhX7WI.s:66     .text.lv_spinbox_decrement_event_cb:000000000000001c $d
     /tmp/ccPhX7WI.s:71     .text.lv_spinbox_increment_event_cb:0000000000000000 $t
     /tmp/ccPhX7WI.s:77     .text.lv_spinbox_increment_event_cb:0000000000000000 lv_spinbox_increment_event_cb
     /tmp/ccPhX7WI.s:119    .text.lv_spinbox_increment_event_cb:000000000000001c $d
     /tmp/ccPhX7WI.s:124    .rodata.lv_example_spinbox_1.str1.4:0000000000000000 $d
     /tmp/ccPhX7WI.s:131    .text.lv_example_spinbox_1:0000000000000000 $t
     /tmp/ccPhX7WI.s:138    .text.lv_example_spinbox_1:0000000000000000 lv_example_spinbox_1
     /tmp/ccPhX7WI.s:318    .text.lv_example_spinbox_1:00000000000000c8 $d
     /tmp/ccPhX7WI.s:328    .bss.spinbox:0000000000000000 $d
     /tmp/ccPhX7WI.s:332    .bss.spinbox:0000000000000000 spinbox

UNDEFINED SYMBOLS
lv_event_get_code
lv_spinbox_decrement
lv_spinbox_increment
lv_disp_get_default
lv_disp_get_scr_act
lv_spinbox_create
lv_spinbox_set_range
lv_spinbox_set_digit_format
lv_spinbox_step_prev
lv_obj_set_width
lv_obj_align
lv_obj_get_height
lv_btn_create
lv_obj_set_size
lv_obj_align_to
lv_obj_set_style_bg_img_src
lv_obj_add_event_cb
