ARM GAS  /tmp/ccG7URRH.s 			page 1


   1              		.cpu cortex-m3
   2              		.eabi_attribute 20, 1
   3              		.eabi_attribute 21, 1
   4              		.eabi_attribute 23, 3
   5              		.eabi_attribute 24, 1
   6              		.eabi_attribute 25, 1
   7              		.eabi_attribute 26, 1
   8              		.eabi_attribute 30, 1
   9              		.eabi_attribute 34, 1
  10              		.eabi_attribute 18, 4
  11              		.file	"lv_tileview.c"
  12              		.text
  13              	.Ltext0:
  14              		.cfi_sections	.debug_frame
  15              		.section	.text.lv_tileview_constructor,"ax",%progbits
  16              		.align	1
  17              		.arch armv7-m
  18              		.syntax unified
  19              		.thumb
  20              		.thumb_func
  21              		.fpu softvfp
  23              	lv_tileview_constructor:
  24              	.LVL0:
  25              	.LFB152:
  26              		.file 1 "Middlewares/lvgl/src/extra/widgets/tileview/lv_tileview.c"
   1:Middlewares/lvgl/src/extra/widgets/tileview/lv_tileview.c **** /**
   2:Middlewares/lvgl/src/extra/widgets/tileview/lv_tileview.c ****  * @file lv_tileview.c
   3:Middlewares/lvgl/src/extra/widgets/tileview/lv_tileview.c ****  *
   4:Middlewares/lvgl/src/extra/widgets/tileview/lv_tileview.c ****  */
   5:Middlewares/lvgl/src/extra/widgets/tileview/lv_tileview.c **** 
   6:Middlewares/lvgl/src/extra/widgets/tileview/lv_tileview.c **** /*********************
   7:Middlewares/lvgl/src/extra/widgets/tileview/lv_tileview.c ****  *      INCLUDES
   8:Middlewares/lvgl/src/extra/widgets/tileview/lv_tileview.c ****  *********************/
   9:Middlewares/lvgl/src/extra/widgets/tileview/lv_tileview.c **** #include "lv_tileview.h"
  10:Middlewares/lvgl/src/extra/widgets/tileview/lv_tileview.c **** #if LV_USE_TILEVIEW
  11:Middlewares/lvgl/src/extra/widgets/tileview/lv_tileview.c **** 
  12:Middlewares/lvgl/src/extra/widgets/tileview/lv_tileview.c **** /*********************
  13:Middlewares/lvgl/src/extra/widgets/tileview/lv_tileview.c ****  *      DEFINES
  14:Middlewares/lvgl/src/extra/widgets/tileview/lv_tileview.c ****  *********************/
  15:Middlewares/lvgl/src/extra/widgets/tileview/lv_tileview.c **** 
  16:Middlewares/lvgl/src/extra/widgets/tileview/lv_tileview.c **** /**********************
  17:Middlewares/lvgl/src/extra/widgets/tileview/lv_tileview.c ****  *      TYPEDEFS
  18:Middlewares/lvgl/src/extra/widgets/tileview/lv_tileview.c ****  **********************/
  19:Middlewares/lvgl/src/extra/widgets/tileview/lv_tileview.c **** 
  20:Middlewares/lvgl/src/extra/widgets/tileview/lv_tileview.c **** /**********************
  21:Middlewares/lvgl/src/extra/widgets/tileview/lv_tileview.c ****  *  STATIC PROTOTYPES
  22:Middlewares/lvgl/src/extra/widgets/tileview/lv_tileview.c ****  **********************/
  23:Middlewares/lvgl/src/extra/widgets/tileview/lv_tileview.c **** static void lv_tileview_constructor(const lv_obj_class_t * class_p, lv_obj_t * obj);
  24:Middlewares/lvgl/src/extra/widgets/tileview/lv_tileview.c **** static void lv_tileview_tile_constructor(const lv_obj_class_t * class_p, lv_obj_t * obj);
  25:Middlewares/lvgl/src/extra/widgets/tileview/lv_tileview.c **** static void tileview_event_cb(lv_event_t * e);
  26:Middlewares/lvgl/src/extra/widgets/tileview/lv_tileview.c **** 
  27:Middlewares/lvgl/src/extra/widgets/tileview/lv_tileview.c **** /**********************
  28:Middlewares/lvgl/src/extra/widgets/tileview/lv_tileview.c ****  *  STATIC VARIABLES
  29:Middlewares/lvgl/src/extra/widgets/tileview/lv_tileview.c ****  **********************/
  30:Middlewares/lvgl/src/extra/widgets/tileview/lv_tileview.c **** 
  31:Middlewares/lvgl/src/extra/widgets/tileview/lv_tileview.c **** const lv_obj_class_t lv_tileview_class = {.constructor_cb = lv_tileview_constructor,
  32:Middlewares/lvgl/src/extra/widgets/tileview/lv_tileview.c ****                                     .base_class = &lv_obj_class,
ARM GAS  /tmp/ccG7URRH.s 			page 2


  33:Middlewares/lvgl/src/extra/widgets/tileview/lv_tileview.c ****                                     .instance_size = sizeof(lv_tileview_t)};
  34:Middlewares/lvgl/src/extra/widgets/tileview/lv_tileview.c **** 
  35:Middlewares/lvgl/src/extra/widgets/tileview/lv_tileview.c **** const lv_obj_class_t lv_tileview_tile_class = {.constructor_cb = lv_tileview_tile_constructor,
  36:Middlewares/lvgl/src/extra/widgets/tileview/lv_tileview.c ****                                          .base_class = &lv_obj_class,
  37:Middlewares/lvgl/src/extra/widgets/tileview/lv_tileview.c ****                                          .instance_size = sizeof(lv_tileview_tile_t)};
  38:Middlewares/lvgl/src/extra/widgets/tileview/lv_tileview.c **** 
  39:Middlewares/lvgl/src/extra/widgets/tileview/lv_tileview.c **** static lv_dir_t create_dir;
  40:Middlewares/lvgl/src/extra/widgets/tileview/lv_tileview.c **** static uint32_t create_col_id;
  41:Middlewares/lvgl/src/extra/widgets/tileview/lv_tileview.c **** static uint32_t create_row_id;
  42:Middlewares/lvgl/src/extra/widgets/tileview/lv_tileview.c **** 
  43:Middlewares/lvgl/src/extra/widgets/tileview/lv_tileview.c **** /**********************
  44:Middlewares/lvgl/src/extra/widgets/tileview/lv_tileview.c ****  *      MACROS
  45:Middlewares/lvgl/src/extra/widgets/tileview/lv_tileview.c ****  **********************/
  46:Middlewares/lvgl/src/extra/widgets/tileview/lv_tileview.c **** 
  47:Middlewares/lvgl/src/extra/widgets/tileview/lv_tileview.c **** /**********************
  48:Middlewares/lvgl/src/extra/widgets/tileview/lv_tileview.c ****  *   GLOBAL FUNCTIONS
  49:Middlewares/lvgl/src/extra/widgets/tileview/lv_tileview.c ****  **********************/
  50:Middlewares/lvgl/src/extra/widgets/tileview/lv_tileview.c **** 
  51:Middlewares/lvgl/src/extra/widgets/tileview/lv_tileview.c **** lv_obj_t * lv_tileview_create(lv_obj_t * parent)
  52:Middlewares/lvgl/src/extra/widgets/tileview/lv_tileview.c **** {
  53:Middlewares/lvgl/src/extra/widgets/tileview/lv_tileview.c ****     LV_LOG_INFO("begin")
  54:Middlewares/lvgl/src/extra/widgets/tileview/lv_tileview.c ****     lv_obj_t * obj = lv_obj_class_create_obj(&lv_tileview_class, parent);
  55:Middlewares/lvgl/src/extra/widgets/tileview/lv_tileview.c ****     lv_obj_class_init_obj(obj);
  56:Middlewares/lvgl/src/extra/widgets/tileview/lv_tileview.c ****     return obj;
  57:Middlewares/lvgl/src/extra/widgets/tileview/lv_tileview.c **** }
  58:Middlewares/lvgl/src/extra/widgets/tileview/lv_tileview.c **** 
  59:Middlewares/lvgl/src/extra/widgets/tileview/lv_tileview.c **** /*======================
  60:Middlewares/lvgl/src/extra/widgets/tileview/lv_tileview.c ****  * Add/remove functions
  61:Middlewares/lvgl/src/extra/widgets/tileview/lv_tileview.c ****  *=====================*/
  62:Middlewares/lvgl/src/extra/widgets/tileview/lv_tileview.c **** 
  63:Middlewares/lvgl/src/extra/widgets/tileview/lv_tileview.c **** lv_obj_t * lv_tileview_add_tile(lv_obj_t * tv, uint8_t col_id, uint8_t row_id, lv_dir_t dir)
  64:Middlewares/lvgl/src/extra/widgets/tileview/lv_tileview.c **** {
  65:Middlewares/lvgl/src/extra/widgets/tileview/lv_tileview.c ****     LV_LOG_INFO("begin")
  66:Middlewares/lvgl/src/extra/widgets/tileview/lv_tileview.c ****     create_dir = dir;
  67:Middlewares/lvgl/src/extra/widgets/tileview/lv_tileview.c ****     create_col_id = col_id;
  68:Middlewares/lvgl/src/extra/widgets/tileview/lv_tileview.c ****     create_row_id = row_id;
  69:Middlewares/lvgl/src/extra/widgets/tileview/lv_tileview.c **** 
  70:Middlewares/lvgl/src/extra/widgets/tileview/lv_tileview.c ****     lv_obj_t * obj = lv_obj_class_create_obj(&lv_tileview_tile_class, tv);
  71:Middlewares/lvgl/src/extra/widgets/tileview/lv_tileview.c ****     lv_obj_class_init_obj(obj);
  72:Middlewares/lvgl/src/extra/widgets/tileview/lv_tileview.c ****     return obj;
  73:Middlewares/lvgl/src/extra/widgets/tileview/lv_tileview.c **** }
  74:Middlewares/lvgl/src/extra/widgets/tileview/lv_tileview.c **** 
  75:Middlewares/lvgl/src/extra/widgets/tileview/lv_tileview.c **** void lv_obj_set_tile(lv_obj_t * obj, lv_obj_t * tile_obj, lv_anim_enable_t anim_en)
  76:Middlewares/lvgl/src/extra/widgets/tileview/lv_tileview.c **** {
  77:Middlewares/lvgl/src/extra/widgets/tileview/lv_tileview.c ****     lv_coord_t tx = lv_obj_get_x(tile_obj);
  78:Middlewares/lvgl/src/extra/widgets/tileview/lv_tileview.c ****     lv_coord_t ty = lv_obj_get_y(tile_obj);
  79:Middlewares/lvgl/src/extra/widgets/tileview/lv_tileview.c **** 
  80:Middlewares/lvgl/src/extra/widgets/tileview/lv_tileview.c ****     lv_tileview_tile_t * tile = (lv_tileview_tile_t *)tile_obj;
  81:Middlewares/lvgl/src/extra/widgets/tileview/lv_tileview.c ****     lv_tileview_t * tv = (lv_tileview_t *) obj;
  82:Middlewares/lvgl/src/extra/widgets/tileview/lv_tileview.c ****     tv->tile_act = (lv_obj_t *)tile;
  83:Middlewares/lvgl/src/extra/widgets/tileview/lv_tileview.c **** 
  84:Middlewares/lvgl/src/extra/widgets/tileview/lv_tileview.c ****     lv_obj_set_scroll_dir(obj, tile->dir);
  85:Middlewares/lvgl/src/extra/widgets/tileview/lv_tileview.c ****     lv_obj_scroll_to(obj, tx, ty, anim_en);
  86:Middlewares/lvgl/src/extra/widgets/tileview/lv_tileview.c **** }
  87:Middlewares/lvgl/src/extra/widgets/tileview/lv_tileview.c **** 
  88:Middlewares/lvgl/src/extra/widgets/tileview/lv_tileview.c **** void lv_obj_set_tile_id(lv_obj_t * tv, uint32_t col_id, uint32_t row_id, lv_anim_enable_t anim_en)
  89:Middlewares/lvgl/src/extra/widgets/tileview/lv_tileview.c **** {
ARM GAS  /tmp/ccG7URRH.s 			page 3


  90:Middlewares/lvgl/src/extra/widgets/tileview/lv_tileview.c ****     lv_coord_t w = lv_obj_get_content_width(tv);
  91:Middlewares/lvgl/src/extra/widgets/tileview/lv_tileview.c ****     lv_coord_t h = lv_obj_get_content_height(tv);
  92:Middlewares/lvgl/src/extra/widgets/tileview/lv_tileview.c **** 
  93:Middlewares/lvgl/src/extra/widgets/tileview/lv_tileview.c ****     lv_coord_t tx = col_id * w;
  94:Middlewares/lvgl/src/extra/widgets/tileview/lv_tileview.c ****     lv_coord_t ty = row_id * h;
  95:Middlewares/lvgl/src/extra/widgets/tileview/lv_tileview.c **** 
  96:Middlewares/lvgl/src/extra/widgets/tileview/lv_tileview.c ****     uint32_t i;
  97:Middlewares/lvgl/src/extra/widgets/tileview/lv_tileview.c ****     for(i = 0; i < lv_obj_get_child_cnt(tv); i++) {
  98:Middlewares/lvgl/src/extra/widgets/tileview/lv_tileview.c ****         lv_obj_t * tile_obj = lv_obj_get_child(tv, i);
  99:Middlewares/lvgl/src/extra/widgets/tileview/lv_tileview.c ****         lv_coord_t x = lv_obj_get_x(tile_obj);
 100:Middlewares/lvgl/src/extra/widgets/tileview/lv_tileview.c ****         lv_coord_t y = lv_obj_get_y(tile_obj);
 101:Middlewares/lvgl/src/extra/widgets/tileview/lv_tileview.c ****         if(x == tx && y == ty) {
 102:Middlewares/lvgl/src/extra/widgets/tileview/lv_tileview.c ****             lv_obj_set_tile(tv, tile_obj, anim_en);
 103:Middlewares/lvgl/src/extra/widgets/tileview/lv_tileview.c ****             return;
 104:Middlewares/lvgl/src/extra/widgets/tileview/lv_tileview.c ****         }
 105:Middlewares/lvgl/src/extra/widgets/tileview/lv_tileview.c ****     }
 106:Middlewares/lvgl/src/extra/widgets/tileview/lv_tileview.c **** 
 107:Middlewares/lvgl/src/extra/widgets/tileview/lv_tileview.c ****     LV_LOG_WARN("No tile found with at (%d,%d) index", col_id, row_id);
 108:Middlewares/lvgl/src/extra/widgets/tileview/lv_tileview.c **** }
 109:Middlewares/lvgl/src/extra/widgets/tileview/lv_tileview.c **** 
 110:Middlewares/lvgl/src/extra/widgets/tileview/lv_tileview.c **** lv_obj_t * lv_tileview_get_tile_act(lv_obj_t * obj)
 111:Middlewares/lvgl/src/extra/widgets/tileview/lv_tileview.c **** {
 112:Middlewares/lvgl/src/extra/widgets/tileview/lv_tileview.c ****     lv_tileview_t * tv = (lv_tileview_t *) obj;
 113:Middlewares/lvgl/src/extra/widgets/tileview/lv_tileview.c ****     return tv->tile_act;
 114:Middlewares/lvgl/src/extra/widgets/tileview/lv_tileview.c **** }
 115:Middlewares/lvgl/src/extra/widgets/tileview/lv_tileview.c **** 
 116:Middlewares/lvgl/src/extra/widgets/tileview/lv_tileview.c **** /**********************
 117:Middlewares/lvgl/src/extra/widgets/tileview/lv_tileview.c ****  *   STATIC FUNCTIONS
 118:Middlewares/lvgl/src/extra/widgets/tileview/lv_tileview.c ****  **********************/
 119:Middlewares/lvgl/src/extra/widgets/tileview/lv_tileview.c **** 
 120:Middlewares/lvgl/src/extra/widgets/tileview/lv_tileview.c **** static void lv_tileview_constructor(const lv_obj_class_t * class_p, lv_obj_t * obj)
 121:Middlewares/lvgl/src/extra/widgets/tileview/lv_tileview.c **** {
  27              		.loc 1 121 1 view -0
  28              		.cfi_startproc
  29              		@ args = 0, pretend = 0, frame = 0
  30              		@ frame_needed = 0, uses_anonymous_args = 0
  31              		.loc 1 121 1 is_stmt 0 view .LVU1
  32 0000 10B5     		push	{r4, lr}
  33              	.LCFI0:
  34              		.cfi_def_cfa_offset 8
  35              		.cfi_offset 4, -8
  36              		.cfi_offset 14, -4
  37 0002 0C46     		mov	r4, r1
 122:Middlewares/lvgl/src/extra/widgets/tileview/lv_tileview.c ****     LV_UNUSED(class_p);
  38              		.loc 1 122 5 is_stmt 1 view .LVU2
 123:Middlewares/lvgl/src/extra/widgets/tileview/lv_tileview.c ****     lv_obj_set_size(obj, LV_PCT(100), LV_PCT(100));
  39              		.loc 1 123 5 view .LVU3
  40 0004 42F26402 		movw	r2, #8292
  41 0008 1146     		mov	r1, r2
  42              	.LVL1:
  43              		.loc 1 123 5 is_stmt 0 view .LVU4
  44 000a 2046     		mov	r0, r4
  45              	.LVL2:
  46              		.loc 1 123 5 view .LVU5
  47 000c FFF7FEFF 		bl	lv_obj_set_size
  48              	.LVL3:
 124:Middlewares/lvgl/src/extra/widgets/tileview/lv_tileview.c ****     lv_obj_add_event_cb(obj, tileview_event_cb, LV_EVENT_ALL, NULL);
ARM GAS  /tmp/ccG7URRH.s 			page 4


  49              		.loc 1 124 5 is_stmt 1 view .LVU6
  50 0010 0023     		movs	r3, #0
  51 0012 1A46     		mov	r2, r3
  52 0014 0849     		ldr	r1, .L3
  53 0016 2046     		mov	r0, r4
  54 0018 FFF7FEFF 		bl	lv_obj_add_event_cb
  55              	.LVL4:
 125:Middlewares/lvgl/src/extra/widgets/tileview/lv_tileview.c ****     lv_obj_add_flag(obj, LV_OBJ_FLAG_SCROLL_ONE);
  56              		.loc 1 125 5 view .LVU7
  57 001c 8021     		movs	r1, #128
  58 001e 2046     		mov	r0, r4
  59 0020 FFF7FEFF 		bl	lv_obj_add_flag
  60              	.LVL5:
 126:Middlewares/lvgl/src/extra/widgets/tileview/lv_tileview.c ****     lv_obj_set_scroll_snap_x(obj, LV_SCROLL_SNAP_CENTER);
  61              		.loc 1 126 5 view .LVU8
  62 0024 0321     		movs	r1, #3
  63 0026 2046     		mov	r0, r4
  64 0028 FFF7FEFF 		bl	lv_obj_set_scroll_snap_x
  65              	.LVL6:
 127:Middlewares/lvgl/src/extra/widgets/tileview/lv_tileview.c ****     lv_obj_set_scroll_snap_y(obj, LV_SCROLL_SNAP_CENTER);
  66              		.loc 1 127 5 view .LVU9
  67 002c 0321     		movs	r1, #3
  68 002e 2046     		mov	r0, r4
  69 0030 FFF7FEFF 		bl	lv_obj_set_scroll_snap_y
  70              	.LVL7:
 128:Middlewares/lvgl/src/extra/widgets/tileview/lv_tileview.c **** 
 129:Middlewares/lvgl/src/extra/widgets/tileview/lv_tileview.c **** }
  71              		.loc 1 129 1 is_stmt 0 view .LVU10
  72 0034 10BD     		pop	{r4, pc}
  73              	.LVL8:
  74              	.L4:
  75              		.loc 1 129 1 view .LVU11
  76 0036 00BF     		.align	2
  77              	.L3:
  78 0038 00000000 		.word	tileview_event_cb
  79              		.cfi_endproc
  80              	.LFE152:
  82              		.section	.text.tileview_event_cb,"ax",%progbits
  83              		.align	1
  84              		.syntax unified
  85              		.thumb
  86              		.thumb_func
  87              		.fpu softvfp
  89              	tileview_event_cb:
  90              	.LVL9:
  91              	.LFB154:
 130:Middlewares/lvgl/src/extra/widgets/tileview/lv_tileview.c **** 
 131:Middlewares/lvgl/src/extra/widgets/tileview/lv_tileview.c **** static void lv_tileview_tile_constructor(const lv_obj_class_t * class_p, lv_obj_t * obj)
 132:Middlewares/lvgl/src/extra/widgets/tileview/lv_tileview.c **** {
 133:Middlewares/lvgl/src/extra/widgets/tileview/lv_tileview.c **** 
 134:Middlewares/lvgl/src/extra/widgets/tileview/lv_tileview.c ****     LV_UNUSED(class_p);
 135:Middlewares/lvgl/src/extra/widgets/tileview/lv_tileview.c ****     lv_obj_t * parent = lv_obj_get_parent(obj);
 136:Middlewares/lvgl/src/extra/widgets/tileview/lv_tileview.c ****     lv_obj_set_size(obj, LV_PCT(100), LV_PCT(100));
 137:Middlewares/lvgl/src/extra/widgets/tileview/lv_tileview.c ****     lv_obj_update_layout(obj);  /*Be sure the size is correct*/
 138:Middlewares/lvgl/src/extra/widgets/tileview/lv_tileview.c ****     lv_obj_set_pos(obj, create_col_id * lv_obj_get_content_width(parent),  create_row_id * lv_obj_g
 139:Middlewares/lvgl/src/extra/widgets/tileview/lv_tileview.c **** 
 140:Middlewares/lvgl/src/extra/widgets/tileview/lv_tileview.c ****     lv_tileview_tile_t * tile = (lv_tileview_tile_t *)obj;
ARM GAS  /tmp/ccG7URRH.s 			page 5


 141:Middlewares/lvgl/src/extra/widgets/tileview/lv_tileview.c ****     tile->dir = create_dir;
 142:Middlewares/lvgl/src/extra/widgets/tileview/lv_tileview.c **** 
 143:Middlewares/lvgl/src/extra/widgets/tileview/lv_tileview.c ****     if(create_col_id == 0 && create_row_id == 0) {
 144:Middlewares/lvgl/src/extra/widgets/tileview/lv_tileview.c ****         lv_obj_set_scroll_dir(parent, create_dir);
 145:Middlewares/lvgl/src/extra/widgets/tileview/lv_tileview.c ****     }
 146:Middlewares/lvgl/src/extra/widgets/tileview/lv_tileview.c **** }
 147:Middlewares/lvgl/src/extra/widgets/tileview/lv_tileview.c **** 
 148:Middlewares/lvgl/src/extra/widgets/tileview/lv_tileview.c **** static void tileview_event_cb(lv_event_t * e)
 149:Middlewares/lvgl/src/extra/widgets/tileview/lv_tileview.c **** {
  92              		.loc 1 149 1 is_stmt 1 view -0
  93              		.cfi_startproc
  94              		@ args = 0, pretend = 0, frame = 8
  95              		@ frame_needed = 0, uses_anonymous_args = 0
  96              		.loc 1 149 1 is_stmt 0 view .LVU13
  97 0000 2DE9F043 		push	{r4, r5, r6, r7, r8, r9, lr}
  98              	.LCFI1:
  99              		.cfi_def_cfa_offset 28
 100              		.cfi_offset 4, -28
 101              		.cfi_offset 5, -24
 102              		.cfi_offset 6, -20
 103              		.cfi_offset 7, -16
 104              		.cfi_offset 8, -12
 105              		.cfi_offset 9, -8
 106              		.cfi_offset 14, -4
 107 0004 83B0     		sub	sp, sp, #12
 108              	.LCFI2:
 109              		.cfi_def_cfa_offset 40
 110 0006 0546     		mov	r5, r0
 150:Middlewares/lvgl/src/extra/widgets/tileview/lv_tileview.c ****     lv_event_code_t code = lv_event_get_code(e);
 111              		.loc 1 150 5 is_stmt 1 view .LVU14
 112              		.loc 1 150 28 is_stmt 0 view .LVU15
 113 0008 FFF7FEFF 		bl	lv_event_get_code
 114              	.LVL10:
 115              		.loc 1 150 28 view .LVU16
 116 000c 0446     		mov	r4, r0
 117              	.LVL11:
 151:Middlewares/lvgl/src/extra/widgets/tileview/lv_tileview.c ****     lv_obj_t * obj = lv_event_get_target(e);
 118              		.loc 1 151 5 is_stmt 1 view .LVU17
 119              		.loc 1 151 22 is_stmt 0 view .LVU18
 120 000e 2846     		mov	r0, r5
 121 0010 FFF7FEFF 		bl	lv_event_get_target
 122              	.LVL12:
 152:Middlewares/lvgl/src/extra/widgets/tileview/lv_tileview.c ****     lv_tileview_t * tv = (lv_tileview_t *) obj;
 123              		.loc 1 152 5 is_stmt 1 view .LVU19
 153:Middlewares/lvgl/src/extra/widgets/tileview/lv_tileview.c **** 
 154:Middlewares/lvgl/src/extra/widgets/tileview/lv_tileview.c ****     if(code == LV_EVENT_SCROLL_END) {
 124              		.loc 1 154 5 view .LVU20
 125              		.loc 1 154 7 is_stmt 0 view .LVU21
 126 0014 0A2C     		cmp	r4, #10
 127 0016 02D0     		beq	.L12
 128              	.LVL13:
 129              	.L5:
 155:Middlewares/lvgl/src/extra/widgets/tileview/lv_tileview.c ****         lv_coord_t w = lv_obj_get_content_width(obj);
 156:Middlewares/lvgl/src/extra/widgets/tileview/lv_tileview.c ****         lv_coord_t h = lv_obj_get_content_height(obj);
 157:Middlewares/lvgl/src/extra/widgets/tileview/lv_tileview.c **** 
 158:Middlewares/lvgl/src/extra/widgets/tileview/lv_tileview.c ****         lv_point_t scroll_end;
 159:Middlewares/lvgl/src/extra/widgets/tileview/lv_tileview.c ****         lv_obj_get_scroll_end(obj, &scroll_end);
ARM GAS  /tmp/ccG7URRH.s 			page 6


 160:Middlewares/lvgl/src/extra/widgets/tileview/lv_tileview.c ****         lv_coord_t left = scroll_end.x;
 161:Middlewares/lvgl/src/extra/widgets/tileview/lv_tileview.c ****         lv_coord_t top = scroll_end.y;
 162:Middlewares/lvgl/src/extra/widgets/tileview/lv_tileview.c **** 
 163:Middlewares/lvgl/src/extra/widgets/tileview/lv_tileview.c ****         lv_coord_t tx = ((left + (w / 2)) / w) * w;
 164:Middlewares/lvgl/src/extra/widgets/tileview/lv_tileview.c ****         lv_coord_t ty = ((top + (h / 2)) / h) * h;
 165:Middlewares/lvgl/src/extra/widgets/tileview/lv_tileview.c **** 
 166:Middlewares/lvgl/src/extra/widgets/tileview/lv_tileview.c ****         lv_dir_t dir = LV_DIR_ALL;
 167:Middlewares/lvgl/src/extra/widgets/tileview/lv_tileview.c ****         uint32_t i;
 168:Middlewares/lvgl/src/extra/widgets/tileview/lv_tileview.c ****         for(i = 0; i < lv_obj_get_child_cnt(obj); i++) {
 169:Middlewares/lvgl/src/extra/widgets/tileview/lv_tileview.c ****             lv_obj_t * tile_obj = lv_obj_get_child(obj, i);
 170:Middlewares/lvgl/src/extra/widgets/tileview/lv_tileview.c ****             lv_coord_t x = lv_obj_get_x(tile_obj);
 171:Middlewares/lvgl/src/extra/widgets/tileview/lv_tileview.c ****             lv_coord_t y = lv_obj_get_y(tile_obj);
 172:Middlewares/lvgl/src/extra/widgets/tileview/lv_tileview.c ****             if(x == tx && y == ty) {
 173:Middlewares/lvgl/src/extra/widgets/tileview/lv_tileview.c ****                 lv_tileview_tile_t * tile = (lv_tileview_tile_t *)tile_obj;
 174:Middlewares/lvgl/src/extra/widgets/tileview/lv_tileview.c ****                 tv->tile_act = (lv_obj_t *)tile;
 175:Middlewares/lvgl/src/extra/widgets/tileview/lv_tileview.c ****                 dir = tile->dir;
 176:Middlewares/lvgl/src/extra/widgets/tileview/lv_tileview.c ****                 lv_event_send(obj, LV_EVENT_VALUE_CHANGED, NULL);
 177:Middlewares/lvgl/src/extra/widgets/tileview/lv_tileview.c ****                 break;
 178:Middlewares/lvgl/src/extra/widgets/tileview/lv_tileview.c ****             }
 179:Middlewares/lvgl/src/extra/widgets/tileview/lv_tileview.c ****         }
 180:Middlewares/lvgl/src/extra/widgets/tileview/lv_tileview.c ****         lv_obj_set_scroll_dir(obj, dir);
 181:Middlewares/lvgl/src/extra/widgets/tileview/lv_tileview.c ****     }
 182:Middlewares/lvgl/src/extra/widgets/tileview/lv_tileview.c **** }
 130              		.loc 1 182 1 view .LVU22
 131 0018 03B0     		add	sp, sp, #12
 132              	.LCFI3:
 133              		.cfi_remember_state
 134              		.cfi_def_cfa_offset 28
 135              		@ sp needed
 136 001a BDE8F083 		pop	{r4, r5, r6, r7, r8, r9, pc}
 137              	.LVL14:
 138              	.L12:
 139              	.LCFI4:
 140              		.cfi_restore_state
 141              		.loc 1 182 1 view .LVU23
 142 001e 0746     		mov	r7, r0
 143              	.LBB2:
 155:Middlewares/lvgl/src/extra/widgets/tileview/lv_tileview.c ****         lv_coord_t w = lv_obj_get_content_width(obj);
 144              		.loc 1 155 9 is_stmt 1 view .LVU24
 155:Middlewares/lvgl/src/extra/widgets/tileview/lv_tileview.c ****         lv_coord_t w = lv_obj_get_content_width(obj);
 145              		.loc 1 155 24 is_stmt 0 view .LVU25
 146 0020 FFF7FEFF 		bl	lv_obj_get_content_width
 147              	.LVL15:
 155:Middlewares/lvgl/src/extra/widgets/tileview/lv_tileview.c ****         lv_coord_t w = lv_obj_get_content_width(obj);
 148              		.loc 1 155 24 view .LVU26
 149 0024 8046     		mov	r8, r0
 150              	.LVL16:
 156:Middlewares/lvgl/src/extra/widgets/tileview/lv_tileview.c **** 
 151              		.loc 1 156 9 is_stmt 1 view .LVU27
 156:Middlewares/lvgl/src/extra/widgets/tileview/lv_tileview.c **** 
 152              		.loc 1 156 24 is_stmt 0 view .LVU28
 153 0026 3846     		mov	r0, r7
 154 0028 FFF7FEFF 		bl	lv_obj_get_content_height
 155              	.LVL17:
 156 002c 8146     		mov	r9, r0
 157              	.LVL18:
 158:Middlewares/lvgl/src/extra/widgets/tileview/lv_tileview.c ****         lv_obj_get_scroll_end(obj, &scroll_end);
ARM GAS  /tmp/ccG7URRH.s 			page 7


 158              		.loc 1 158 9 is_stmt 1 view .LVU29
 159:Middlewares/lvgl/src/extra/widgets/tileview/lv_tileview.c ****         lv_coord_t left = scroll_end.x;
 159              		.loc 1 159 9 view .LVU30
 160 002e 01A9     		add	r1, sp, #4
 161 0030 3846     		mov	r0, r7
 162 0032 FFF7FEFF 		bl	lv_obj_get_scroll_end
 163              	.LVL19:
 160:Middlewares/lvgl/src/extra/widgets/tileview/lv_tileview.c ****         lv_coord_t top = scroll_end.y;
 164              		.loc 1 160 9 view .LVU31
 160:Middlewares/lvgl/src/extra/widgets/tileview/lv_tileview.c ****         lv_coord_t top = scroll_end.y;
 165              		.loc 1 160 20 is_stmt 0 view .LVU32
 166 0036 BDF90430 		ldrsh	r3, [sp, #4]
 167              	.LVL20:
 161:Middlewares/lvgl/src/extra/widgets/tileview/lv_tileview.c **** 
 168              		.loc 1 161 9 is_stmt 1 view .LVU33
 161:Middlewares/lvgl/src/extra/widgets/tileview/lv_tileview.c **** 
 169              		.loc 1 161 20 is_stmt 0 view .LVU34
 170 003a BDF90600 		ldrsh	r0, [sp, #6]
 171              	.LVL21:
 163:Middlewares/lvgl/src/extra/widgets/tileview/lv_tileview.c ****         lv_coord_t ty = ((top + (h / 2)) / h) * h;
 172              		.loc 1 163 9 is_stmt 1 view .LVU35
 163:Middlewares/lvgl/src/extra/widgets/tileview/lv_tileview.c ****         lv_coord_t ty = ((top + (h / 2)) / h) * h;
 173              		.loc 1 163 37 is_stmt 0 view .LVU36
 174 003e 08EBD872 		add	r2, r8, r8, lsr #31
 175 0042 42F34F02 		sbfx	r2, r2, #1, #16
 163:Middlewares/lvgl/src/extra/widgets/tileview/lv_tileview.c ****         lv_coord_t ty = ((top + (h / 2)) / h) * h;
 176              		.loc 1 163 32 view .LVU37
 177 0046 1344     		add	r3, r3, r2
 178              	.LVL22:
 163:Middlewares/lvgl/src/extra/widgets/tileview/lv_tileview.c ****         lv_coord_t ty = ((top + (h / 2)) / h) * h;
 179              		.loc 1 163 43 view .LVU38
 180 0048 93FBF8F3 		sdiv	r3, r3, r8
 163:Middlewares/lvgl/src/extra/widgets/tileview/lv_tileview.c ****         lv_coord_t ty = ((top + (h / 2)) / h) * h;
 181              		.loc 1 163 20 view .LVU39
 182 004c 03FB08F8 		mul	r8, r3, r8
 183              	.LVL23:
 163:Middlewares/lvgl/src/extra/widgets/tileview/lv_tileview.c ****         lv_coord_t ty = ((top + (h / 2)) / h) * h;
 184              		.loc 1 163 20 view .LVU40
 185 0050 0FFA88F8 		sxth	r8, r8
 186              	.LVL24:
 164:Middlewares/lvgl/src/extra/widgets/tileview/lv_tileview.c **** 
 187              		.loc 1 164 9 is_stmt 1 view .LVU41
 164:Middlewares/lvgl/src/extra/widgets/tileview/lv_tileview.c **** 
 188              		.loc 1 164 36 is_stmt 0 view .LVU42
 189 0054 09EBD973 		add	r3, r9, r9, lsr #31
 190 0058 43F34F03 		sbfx	r3, r3, #1, #16
 164:Middlewares/lvgl/src/extra/widgets/tileview/lv_tileview.c **** 
 191              		.loc 1 164 31 view .LVU43
 192 005c 1844     		add	r0, r0, r3
 193              	.LVL25:
 164:Middlewares/lvgl/src/extra/widgets/tileview/lv_tileview.c **** 
 194              		.loc 1 164 42 view .LVU44
 195 005e 90FBF9F0 		sdiv	r0, r0, r9
 164:Middlewares/lvgl/src/extra/widgets/tileview/lv_tileview.c **** 
 196              		.loc 1 164 20 view .LVU45
 197 0062 00FB09F9 		mul	r9, r0, r9
 198              	.LVL26:
ARM GAS  /tmp/ccG7URRH.s 			page 8


 164:Middlewares/lvgl/src/extra/widgets/tileview/lv_tileview.c **** 
 199              		.loc 1 164 20 view .LVU46
 200 0066 0FFA89F9 		sxth	r9, r9
 201              	.LVL27:
 166:Middlewares/lvgl/src/extra/widgets/tileview/lv_tileview.c ****         uint32_t i;
 202              		.loc 1 166 9 is_stmt 1 view .LVU47
 167:Middlewares/lvgl/src/extra/widgets/tileview/lv_tileview.c ****         for(i = 0; i < lv_obj_get_child_cnt(obj); i++) {
 203              		.loc 1 167 9 view .LVU48
 168:Middlewares/lvgl/src/extra/widgets/tileview/lv_tileview.c ****             lv_obj_t * tile_obj = lv_obj_get_child(obj, i);
 204              		.loc 1 168 9 view .LVU49
 168:Middlewares/lvgl/src/extra/widgets/tileview/lv_tileview.c ****             lv_obj_t * tile_obj = lv_obj_get_child(obj, i);
 205              		.loc 1 168 15 is_stmt 0 view .LVU50
 206 006a 0024     		movs	r4, #0
 207              	.LVL28:
 168:Middlewares/lvgl/src/extra/widgets/tileview/lv_tileview.c ****             lv_obj_t * tile_obj = lv_obj_get_child(obj, i);
 208              		.loc 1 168 9 view .LVU51
 209 006c 00E0     		b	.L7
 210              	.LVL29:
 211              	.L8:
 168:Middlewares/lvgl/src/extra/widgets/tileview/lv_tileview.c ****             lv_obj_t * tile_obj = lv_obj_get_child(obj, i);
 212              		.loc 1 168 51 is_stmt 1 discriminator 2 view .LVU52
 168:Middlewares/lvgl/src/extra/widgets/tileview/lv_tileview.c ****             lv_obj_t * tile_obj = lv_obj_get_child(obj, i);
 213              		.loc 1 168 52 is_stmt 0 discriminator 2 view .LVU53
 214 006e 0134     		adds	r4, r4, #1
 215              	.LVL30:
 216              	.L7:
 168:Middlewares/lvgl/src/extra/widgets/tileview/lv_tileview.c ****             lv_obj_t * tile_obj = lv_obj_get_child(obj, i);
 217              		.loc 1 168 20 is_stmt 1 discriminator 1 view .LVU54
 168:Middlewares/lvgl/src/extra/widgets/tileview/lv_tileview.c ****             lv_obj_t * tile_obj = lv_obj_get_child(obj, i);
 218              		.loc 1 168 24 is_stmt 0 discriminator 1 view .LVU55
 219 0070 3846     		mov	r0, r7
 220 0072 FFF7FEFF 		bl	lv_obj_get_child_cnt
 221              	.LVL31:
 168:Middlewares/lvgl/src/extra/widgets/tileview/lv_tileview.c ****             lv_obj_t * tile_obj = lv_obj_get_child(obj, i);
 222              		.loc 1 168 9 discriminator 1 view .LVU56
 223 0076 A042     		cmp	r0, r4
 224 0078 17D9     		bls	.L13
 225              	.LBB3:
 169:Middlewares/lvgl/src/extra/widgets/tileview/lv_tileview.c ****             lv_coord_t x = lv_obj_get_x(tile_obj);
 226              		.loc 1 169 13 is_stmt 1 view .LVU57
 169:Middlewares/lvgl/src/extra/widgets/tileview/lv_tileview.c ****             lv_coord_t x = lv_obj_get_x(tile_obj);
 227              		.loc 1 169 35 is_stmt 0 view .LVU58
 228 007a 2146     		mov	r1, r4
 229 007c 3846     		mov	r0, r7
 230 007e FFF7FEFF 		bl	lv_obj_get_child
 231              	.LVL32:
 232 0082 0546     		mov	r5, r0
 233              	.LVL33:
 170:Middlewares/lvgl/src/extra/widgets/tileview/lv_tileview.c ****             lv_coord_t y = lv_obj_get_y(tile_obj);
 234              		.loc 1 170 13 is_stmt 1 view .LVU59
 170:Middlewares/lvgl/src/extra/widgets/tileview/lv_tileview.c ****             lv_coord_t y = lv_obj_get_y(tile_obj);
 235              		.loc 1 170 28 is_stmt 0 view .LVU60
 236 0084 FFF7FEFF 		bl	lv_obj_get_x
 237              	.LVL34:
 170:Middlewares/lvgl/src/extra/widgets/tileview/lv_tileview.c ****             lv_coord_t y = lv_obj_get_y(tile_obj);
 238              		.loc 1 170 28 view .LVU61
 239 0088 0646     		mov	r6, r0
ARM GAS  /tmp/ccG7URRH.s 			page 9


 240              	.LVL35:
 171:Middlewares/lvgl/src/extra/widgets/tileview/lv_tileview.c ****             if(x == tx && y == ty) {
 241              		.loc 1 171 13 is_stmt 1 view .LVU62
 171:Middlewares/lvgl/src/extra/widgets/tileview/lv_tileview.c ****             if(x == tx && y == ty) {
 242              		.loc 1 171 28 is_stmt 0 view .LVU63
 243 008a 2846     		mov	r0, r5
 244 008c FFF7FEFF 		bl	lv_obj_get_y
 245              	.LVL36:
 172:Middlewares/lvgl/src/extra/widgets/tileview/lv_tileview.c ****                 lv_tileview_tile_t * tile = (lv_tileview_tile_t *)tile_obj;
 246              		.loc 1 172 13 is_stmt 1 view .LVU64
 172:Middlewares/lvgl/src/extra/widgets/tileview/lv_tileview.c ****                 lv_tileview_tile_t * tile = (lv_tileview_tile_t *)tile_obj;
 247              		.loc 1 172 15 is_stmt 0 view .LVU65
 248 0090 B045     		cmp	r8, r6
 249 0092 ECD1     		bne	.L8
 172:Middlewares/lvgl/src/extra/widgets/tileview/lv_tileview.c ****                 lv_tileview_tile_t * tile = (lv_tileview_tile_t *)tile_obj;
 250              		.loc 1 172 24 discriminator 1 view .LVU66
 251 0094 8145     		cmp	r9, r0
 252 0096 EAD1     		bne	.L8
 253              	.LBB4:
 173:Middlewares/lvgl/src/extra/widgets/tileview/lv_tileview.c ****                 tv->tile_act = (lv_obj_t *)tile;
 254              		.loc 1 173 17 is_stmt 1 view .LVU67
 255              	.LVL37:
 174:Middlewares/lvgl/src/extra/widgets/tileview/lv_tileview.c ****                 dir = tile->dir;
 256              		.loc 1 174 17 view .LVU68
 174:Middlewares/lvgl/src/extra/widgets/tileview/lv_tileview.c ****                 dir = tile->dir;
 257              		.loc 1 174 30 is_stmt 0 view .LVU69
 258 0098 7D62     		str	r5, [r7, #36]
 175:Middlewares/lvgl/src/extra/widgets/tileview/lv_tileview.c ****                 lv_event_send(obj, LV_EVENT_VALUE_CHANGED, NULL);
 259              		.loc 1 175 17 is_stmt 1 view .LVU70
 175:Middlewares/lvgl/src/extra/widgets/tileview/lv_tileview.c ****                 lv_event_send(obj, LV_EVENT_VALUE_CHANGED, NULL);
 260              		.loc 1 175 21 is_stmt 0 view .LVU71
 261 009a 95F82440 		ldrb	r4, [r5, #36]	@ zero_extendqisi2
 262              	.LVL38:
 176:Middlewares/lvgl/src/extra/widgets/tileview/lv_tileview.c ****                 break;
 263              		.loc 1 176 17 is_stmt 1 view .LVU72
 264 009e 0022     		movs	r2, #0
 265 00a0 1C21     		movs	r1, #28
 266 00a2 3846     		mov	r0, r7
 267              	.LVL39:
 176:Middlewares/lvgl/src/extra/widgets/tileview/lv_tileview.c ****                 break;
 268              		.loc 1 176 17 is_stmt 0 view .LVU73
 269 00a4 FFF7FEFF 		bl	lv_event_send
 270              	.LVL40:
 177:Middlewares/lvgl/src/extra/widgets/tileview/lv_tileview.c ****             }
 271              		.loc 1 177 17 is_stmt 1 view .LVU74
 272 00a8 00E0     		b	.L9
 273              	.LVL41:
 274              	.L13:
 177:Middlewares/lvgl/src/extra/widgets/tileview/lv_tileview.c ****             }
 275              		.loc 1 177 17 is_stmt 0 view .LVU75
 276              	.LBE4:
 277              	.LBE3:
 166:Middlewares/lvgl/src/extra/widgets/tileview/lv_tileview.c ****         uint32_t i;
 278              		.loc 1 166 18 view .LVU76
 279 00aa 0F24     		movs	r4, #15
 280              	.LVL42:
 281              	.L9:
ARM GAS  /tmp/ccG7URRH.s 			page 10


 180:Middlewares/lvgl/src/extra/widgets/tileview/lv_tileview.c ****     }
 282              		.loc 1 180 9 is_stmt 1 view .LVU77
 283 00ac 2146     		mov	r1, r4
 284 00ae 3846     		mov	r0, r7
 285 00b0 FFF7FEFF 		bl	lv_obj_set_scroll_dir
 286              	.LVL43:
 287              	.LBE2:
 288              		.loc 1 182 1 is_stmt 0 view .LVU78
 289 00b4 B0E7     		b	.L5
 290              		.cfi_endproc
 291              	.LFE154:
 293              		.section	.text.lv_tileview_tile_constructor,"ax",%progbits
 294              		.align	1
 295              		.syntax unified
 296              		.thumb
 297              		.thumb_func
 298              		.fpu softvfp
 300              	lv_tileview_tile_constructor:
 301              	.LVL44:
 302              	.LFB153:
 132:Middlewares/lvgl/src/extra/widgets/tileview/lv_tileview.c **** 
 303              		.loc 1 132 1 is_stmt 1 view -0
 304              		.cfi_startproc
 305              		@ args = 0, pretend = 0, frame = 0
 306              		@ frame_needed = 0, uses_anonymous_args = 0
 132:Middlewares/lvgl/src/extra/widgets/tileview/lv_tileview.c **** 
 307              		.loc 1 132 1 is_stmt 0 view .LVU80
 308 0000 F8B5     		push	{r3, r4, r5, r6, r7, lr}
 309              	.LCFI5:
 310              		.cfi_def_cfa_offset 24
 311              		.cfi_offset 3, -24
 312              		.cfi_offset 4, -20
 313              		.cfi_offset 5, -16
 314              		.cfi_offset 6, -12
 315              		.cfi_offset 7, -8
 316              		.cfi_offset 14, -4
 317 0002 0C46     		mov	r4, r1
 134:Middlewares/lvgl/src/extra/widgets/tileview/lv_tileview.c ****     lv_obj_t * parent = lv_obj_get_parent(obj);
 318              		.loc 1 134 5 is_stmt 1 view .LVU81
 135:Middlewares/lvgl/src/extra/widgets/tileview/lv_tileview.c ****     lv_obj_set_size(obj, LV_PCT(100), LV_PCT(100));
 319              		.loc 1 135 5 view .LVU82
 135:Middlewares/lvgl/src/extra/widgets/tileview/lv_tileview.c ****     lv_obj_set_size(obj, LV_PCT(100), LV_PCT(100));
 320              		.loc 1 135 25 is_stmt 0 view .LVU83
 321 0004 0846     		mov	r0, r1
 322              	.LVL45:
 135:Middlewares/lvgl/src/extra/widgets/tileview/lv_tileview.c ****     lv_obj_set_size(obj, LV_PCT(100), LV_PCT(100));
 323              		.loc 1 135 25 view .LVU84
 324 0006 FFF7FEFF 		bl	lv_obj_get_parent
 325              	.LVL46:
 135:Middlewares/lvgl/src/extra/widgets/tileview/lv_tileview.c ****     lv_obj_set_size(obj, LV_PCT(100), LV_PCT(100));
 326              		.loc 1 135 25 view .LVU85
 327 000a 0646     		mov	r6, r0
 328              	.LVL47:
 136:Middlewares/lvgl/src/extra/widgets/tileview/lv_tileview.c ****     lv_obj_update_layout(obj);  /*Be sure the size is correct*/
 329              		.loc 1 136 5 is_stmt 1 view .LVU86
 330 000c 42F26402 		movw	r2, #8292
 331 0010 1146     		mov	r1, r2
ARM GAS  /tmp/ccG7URRH.s 			page 11


 332 0012 2046     		mov	r0, r4
 333              	.LVL48:
 136:Middlewares/lvgl/src/extra/widgets/tileview/lv_tileview.c ****     lv_obj_update_layout(obj);  /*Be sure the size is correct*/
 334              		.loc 1 136 5 is_stmt 0 view .LVU87
 335 0014 FFF7FEFF 		bl	lv_obj_set_size
 336              	.LVL49:
 137:Middlewares/lvgl/src/extra/widgets/tileview/lv_tileview.c ****     lv_obj_set_pos(obj, create_col_id * lv_obj_get_content_width(parent),  create_row_id * lv_obj_g
 337              		.loc 1 137 5 is_stmt 1 view .LVU88
 338 0018 2046     		mov	r0, r4
 339 001a FFF7FEFF 		bl	lv_obj_update_layout
 340              	.LVL50:
 138:Middlewares/lvgl/src/extra/widgets/tileview/lv_tileview.c **** 
 341              		.loc 1 138 5 view .LVU89
 138:Middlewares/lvgl/src/extra/widgets/tileview/lv_tileview.c **** 
 342              		.loc 1 138 41 is_stmt 0 view .LVU90
 343 001e 3046     		mov	r0, r6
 344 0020 FFF7FEFF 		bl	lv_obj_get_content_width
 345              	.LVL51:
 138:Middlewares/lvgl/src/extra/widgets/tileview/lv_tileview.c **** 
 346              		.loc 1 138 5 view .LVU91
 347 0024 0F4F     		ldr	r7, .L18
 348 0026 3D68     		ldr	r5, [r7]
 349 0028 00FB05F5 		mul	r5, r0, r5
 350 002c 2DB2     		sxth	r5, r5
 138:Middlewares/lvgl/src/extra/widgets/tileview/lv_tileview.c **** 
 351              		.loc 1 138 92 view .LVU92
 352 002e 3046     		mov	r0, r6
 353 0030 FFF7FEFF 		bl	lv_obj_get_content_height
 354              	.LVL52:
 138:Middlewares/lvgl/src/extra/widgets/tileview/lv_tileview.c **** 
 355              		.loc 1 138 5 view .LVU93
 356 0034 0C4B     		ldr	r3, .L18+4
 357 0036 1A68     		ldr	r2, [r3]
 358 0038 00FB02F2 		mul	r2, r0, r2
 359 003c 12B2     		sxth	r2, r2
 360 003e 2946     		mov	r1, r5
 361 0040 2046     		mov	r0, r4
 362 0042 FFF7FEFF 		bl	lv_obj_set_pos
 363              	.LVL53:
 140:Middlewares/lvgl/src/extra/widgets/tileview/lv_tileview.c ****     tile->dir = create_dir;
 364              		.loc 1 140 5 is_stmt 1 view .LVU94
 141:Middlewares/lvgl/src/extra/widgets/tileview/lv_tileview.c **** 
 365              		.loc 1 141 5 view .LVU95
 141:Middlewares/lvgl/src/extra/widgets/tileview/lv_tileview.c **** 
 366              		.loc 1 141 15 is_stmt 0 view .LVU96
 367 0046 094B     		ldr	r3, .L18+8
 368 0048 1978     		ldrb	r1, [r3]	@ zero_extendqisi2
 369 004a 84F82410 		strb	r1, [r4, #36]
 143:Middlewares/lvgl/src/extra/widgets/tileview/lv_tileview.c ****         lv_obj_set_scroll_dir(parent, create_dir);
 370              		.loc 1 143 5 is_stmt 1 view .LVU97
 143:Middlewares/lvgl/src/extra/widgets/tileview/lv_tileview.c ****         lv_obj_set_scroll_dir(parent, create_dir);
 371              		.loc 1 143 22 is_stmt 0 view .LVU98
 372 004e 3B68     		ldr	r3, [r7]
 143:Middlewares/lvgl/src/extra/widgets/tileview/lv_tileview.c ****         lv_obj_set_scroll_dir(parent, create_dir);
 373              		.loc 1 143 7 view .LVU99
 374 0050 13B9     		cbnz	r3, .L14
 143:Middlewares/lvgl/src/extra/widgets/tileview/lv_tileview.c ****         lv_obj_set_scroll_dir(parent, create_dir);
ARM GAS  /tmp/ccG7URRH.s 			page 12


 375              		.loc 1 143 44 discriminator 1 view .LVU100
 376 0052 054B     		ldr	r3, .L18+4
 377 0054 1B68     		ldr	r3, [r3]
 143:Middlewares/lvgl/src/extra/widgets/tileview/lv_tileview.c ****         lv_obj_set_scroll_dir(parent, create_dir);
 378              		.loc 1 143 27 discriminator 1 view .LVU101
 379 0056 03B1     		cbz	r3, .L17
 380              	.L14:
 146:Middlewares/lvgl/src/extra/widgets/tileview/lv_tileview.c **** 
 381              		.loc 1 146 1 view .LVU102
 382 0058 F8BD     		pop	{r3, r4, r5, r6, r7, pc}
 383              	.LVL54:
 384              	.L17:
 144:Middlewares/lvgl/src/extra/widgets/tileview/lv_tileview.c ****     }
 385              		.loc 1 144 9 is_stmt 1 view .LVU103
 386 005a 3046     		mov	r0, r6
 387 005c FFF7FEFF 		bl	lv_obj_set_scroll_dir
 388              	.LVL55:
 146:Middlewares/lvgl/src/extra/widgets/tileview/lv_tileview.c **** 
 389              		.loc 1 146 1 is_stmt 0 view .LVU104
 390 0060 FAE7     		b	.L14
 391              	.L19:
 392 0062 00BF     		.align	2
 393              	.L18:
 394 0064 00000000 		.word	.LANCHOR0
 395 0068 00000000 		.word	.LANCHOR1
 396 006c 00000000 		.word	.LANCHOR2
 397              		.cfi_endproc
 398              	.LFE153:
 400              		.section	.text.lv_tileview_create,"ax",%progbits
 401              		.align	1
 402              		.global	lv_tileview_create
 403              		.syntax unified
 404              		.thumb
 405              		.thumb_func
 406              		.fpu softvfp
 408              	lv_tileview_create:
 409              	.LVL56:
 410              	.LFB147:
  52:Middlewares/lvgl/src/extra/widgets/tileview/lv_tileview.c ****     LV_LOG_INFO("begin")
 411              		.loc 1 52 1 is_stmt 1 view -0
 412              		.cfi_startproc
 413              		@ args = 0, pretend = 0, frame = 0
 414              		@ frame_needed = 0, uses_anonymous_args = 0
  52:Middlewares/lvgl/src/extra/widgets/tileview/lv_tileview.c ****     LV_LOG_INFO("begin")
 415              		.loc 1 52 1 is_stmt 0 view .LVU106
 416 0000 10B5     		push	{r4, lr}
 417              	.LCFI6:
 418              		.cfi_def_cfa_offset 8
 419              		.cfi_offset 4, -8
 420              		.cfi_offset 14, -4
 421 0002 0146     		mov	r1, r0
  54:Middlewares/lvgl/src/extra/widgets/tileview/lv_tileview.c ****     lv_obj_class_init_obj(obj);
 422              		.loc 1 54 5 is_stmt 1 view .LVU107
  54:Middlewares/lvgl/src/extra/widgets/tileview/lv_tileview.c ****     lv_obj_class_init_obj(obj);
 423              		.loc 1 54 22 is_stmt 0 view .LVU108
 424 0004 0348     		ldr	r0, .L22
 425              	.LVL57:
ARM GAS  /tmp/ccG7URRH.s 			page 13


  54:Middlewares/lvgl/src/extra/widgets/tileview/lv_tileview.c ****     lv_obj_class_init_obj(obj);
 426              		.loc 1 54 22 view .LVU109
 427 0006 FFF7FEFF 		bl	lv_obj_class_create_obj
 428              	.LVL58:
  54:Middlewares/lvgl/src/extra/widgets/tileview/lv_tileview.c ****     lv_obj_class_init_obj(obj);
 429              		.loc 1 54 22 view .LVU110
 430 000a 0446     		mov	r4, r0
 431              	.LVL59:
  55:Middlewares/lvgl/src/extra/widgets/tileview/lv_tileview.c ****     return obj;
 432              		.loc 1 55 5 is_stmt 1 view .LVU111
 433 000c FFF7FEFF 		bl	lv_obj_class_init_obj
 434              	.LVL60:
  56:Middlewares/lvgl/src/extra/widgets/tileview/lv_tileview.c **** }
 435              		.loc 1 56 5 view .LVU112
  57:Middlewares/lvgl/src/extra/widgets/tileview/lv_tileview.c **** 
 436              		.loc 1 57 1 is_stmt 0 view .LVU113
 437 0010 2046     		mov	r0, r4
 438 0012 10BD     		pop	{r4, pc}
 439              	.LVL61:
 440              	.L23:
  57:Middlewares/lvgl/src/extra/widgets/tileview/lv_tileview.c **** 
 441              		.loc 1 57 1 view .LVU114
 442              		.align	2
 443              	.L22:
 444 0014 00000000 		.word	.LANCHOR3
 445              		.cfi_endproc
 446              	.LFE147:
 448              		.section	.text.lv_tileview_add_tile,"ax",%progbits
 449              		.align	1
 450              		.global	lv_tileview_add_tile
 451              		.syntax unified
 452              		.thumb
 453              		.thumb_func
 454              		.fpu softvfp
 456              	lv_tileview_add_tile:
 457              	.LVL62:
 458              	.LFB148:
  64:Middlewares/lvgl/src/extra/widgets/tileview/lv_tileview.c ****     LV_LOG_INFO("begin")
 459              		.loc 1 64 1 is_stmt 1 view -0
 460              		.cfi_startproc
 461              		@ args = 0, pretend = 0, frame = 0
 462              		@ frame_needed = 0, uses_anonymous_args = 0
  64:Middlewares/lvgl/src/extra/widgets/tileview/lv_tileview.c ****     LV_LOG_INFO("begin")
 463              		.loc 1 64 1 is_stmt 0 view .LVU116
 464 0000 10B5     		push	{r4, lr}
 465              	.LCFI7:
 466              		.cfi_def_cfa_offset 8
 467              		.cfi_offset 4, -8
 468              		.cfi_offset 14, -4
  66:Middlewares/lvgl/src/extra/widgets/tileview/lv_tileview.c ****     create_col_id = col_id;
 469              		.loc 1 66 5 is_stmt 1 view .LVU117
  66:Middlewares/lvgl/src/extra/widgets/tileview/lv_tileview.c ****     create_col_id = col_id;
 470              		.loc 1 66 16 is_stmt 0 view .LVU118
 471 0002 074C     		ldr	r4, .L26
 472 0004 2370     		strb	r3, [r4]
  67:Middlewares/lvgl/src/extra/widgets/tileview/lv_tileview.c ****     create_row_id = row_id;
 473              		.loc 1 67 5 is_stmt 1 view .LVU119
ARM GAS  /tmp/ccG7URRH.s 			page 14


  67:Middlewares/lvgl/src/extra/widgets/tileview/lv_tileview.c ****     create_row_id = row_id;
 474              		.loc 1 67 19 is_stmt 0 view .LVU120
 475 0006 074B     		ldr	r3, .L26+4
 476              	.LVL63:
  67:Middlewares/lvgl/src/extra/widgets/tileview/lv_tileview.c ****     create_row_id = row_id;
 477              		.loc 1 67 19 view .LVU121
 478 0008 1960     		str	r1, [r3]
  68:Middlewares/lvgl/src/extra/widgets/tileview/lv_tileview.c **** 
 479              		.loc 1 68 5 is_stmt 1 view .LVU122
  68:Middlewares/lvgl/src/extra/widgets/tileview/lv_tileview.c **** 
 480              		.loc 1 68 19 is_stmt 0 view .LVU123
 481 000a 074B     		ldr	r3, .L26+8
 482 000c 1A60     		str	r2, [r3]
  70:Middlewares/lvgl/src/extra/widgets/tileview/lv_tileview.c ****     lv_obj_class_init_obj(obj);
 483              		.loc 1 70 5 is_stmt 1 view .LVU124
  70:Middlewares/lvgl/src/extra/widgets/tileview/lv_tileview.c ****     lv_obj_class_init_obj(obj);
 484              		.loc 1 70 22 is_stmt 0 view .LVU125
 485 000e 0146     		mov	r1, r0
 486              	.LVL64:
  70:Middlewares/lvgl/src/extra/widgets/tileview/lv_tileview.c ****     lv_obj_class_init_obj(obj);
 487              		.loc 1 70 22 view .LVU126
 488 0010 0648     		ldr	r0, .L26+12
 489              	.LVL65:
  70:Middlewares/lvgl/src/extra/widgets/tileview/lv_tileview.c ****     lv_obj_class_init_obj(obj);
 490              		.loc 1 70 22 view .LVU127
 491 0012 FFF7FEFF 		bl	lv_obj_class_create_obj
 492              	.LVL66:
  70:Middlewares/lvgl/src/extra/widgets/tileview/lv_tileview.c ****     lv_obj_class_init_obj(obj);
 493              		.loc 1 70 22 view .LVU128
 494 0016 0446     		mov	r4, r0
 495              	.LVL67:
  71:Middlewares/lvgl/src/extra/widgets/tileview/lv_tileview.c ****     return obj;
 496              		.loc 1 71 5 is_stmt 1 view .LVU129
 497 0018 FFF7FEFF 		bl	lv_obj_class_init_obj
 498              	.LVL68:
  72:Middlewares/lvgl/src/extra/widgets/tileview/lv_tileview.c **** }
 499              		.loc 1 72 5 view .LVU130
  73:Middlewares/lvgl/src/extra/widgets/tileview/lv_tileview.c **** 
 500              		.loc 1 73 1 is_stmt 0 view .LVU131
 501 001c 2046     		mov	r0, r4
 502 001e 10BD     		pop	{r4, pc}
 503              	.LVL69:
 504              	.L27:
  73:Middlewares/lvgl/src/extra/widgets/tileview/lv_tileview.c **** 
 505              		.loc 1 73 1 view .LVU132
 506              		.align	2
 507              	.L26:
 508 0020 00000000 		.word	.LANCHOR2
 509 0024 00000000 		.word	.LANCHOR0
 510 0028 00000000 		.word	.LANCHOR1
 511 002c 00000000 		.word	.LANCHOR4
 512              		.cfi_endproc
 513              	.LFE148:
 515              		.section	.text.lv_obj_set_tile,"ax",%progbits
 516              		.align	1
 517              		.global	lv_obj_set_tile
 518              		.syntax unified
ARM GAS  /tmp/ccG7URRH.s 			page 15


 519              		.thumb
 520              		.thumb_func
 521              		.fpu softvfp
 523              	lv_obj_set_tile:
 524              	.LVL70:
 525              	.LFB149:
  76:Middlewares/lvgl/src/extra/widgets/tileview/lv_tileview.c ****     lv_coord_t tx = lv_obj_get_x(tile_obj);
 526              		.loc 1 76 1 is_stmt 1 view -0
 527              		.cfi_startproc
 528              		@ args = 0, pretend = 0, frame = 0
 529              		@ frame_needed = 0, uses_anonymous_args = 0
  76:Middlewares/lvgl/src/extra/widgets/tileview/lv_tileview.c ****     lv_coord_t tx = lv_obj_get_x(tile_obj);
 530              		.loc 1 76 1 is_stmt 0 view .LVU134
 531 0000 2DE9F041 		push	{r4, r5, r6, r7, r8, lr}
 532              	.LCFI8:
 533              		.cfi_def_cfa_offset 24
 534              		.cfi_offset 4, -24
 535              		.cfi_offset 5, -20
 536              		.cfi_offset 6, -16
 537              		.cfi_offset 7, -12
 538              		.cfi_offset 8, -8
 539              		.cfi_offset 14, -4
 540 0004 0546     		mov	r5, r0
 541 0006 0C46     		mov	r4, r1
 542 0008 9046     		mov	r8, r2
  77:Middlewares/lvgl/src/extra/widgets/tileview/lv_tileview.c ****     lv_coord_t ty = lv_obj_get_y(tile_obj);
 543              		.loc 1 77 5 is_stmt 1 view .LVU135
  77:Middlewares/lvgl/src/extra/widgets/tileview/lv_tileview.c ****     lv_coord_t ty = lv_obj_get_y(tile_obj);
 544              		.loc 1 77 21 is_stmt 0 view .LVU136
 545 000a 0846     		mov	r0, r1
 546              	.LVL71:
  77:Middlewares/lvgl/src/extra/widgets/tileview/lv_tileview.c ****     lv_coord_t ty = lv_obj_get_y(tile_obj);
 547              		.loc 1 77 21 view .LVU137
 548 000c FFF7FEFF 		bl	lv_obj_get_x
 549              	.LVL72:
  77:Middlewares/lvgl/src/extra/widgets/tileview/lv_tileview.c ****     lv_coord_t ty = lv_obj_get_y(tile_obj);
 550              		.loc 1 77 21 view .LVU138
 551 0010 0646     		mov	r6, r0
 552              	.LVL73:
  78:Middlewares/lvgl/src/extra/widgets/tileview/lv_tileview.c **** 
 553              		.loc 1 78 5 is_stmt 1 view .LVU139
  78:Middlewares/lvgl/src/extra/widgets/tileview/lv_tileview.c **** 
 554              		.loc 1 78 21 is_stmt 0 view .LVU140
 555 0012 2046     		mov	r0, r4
 556 0014 FFF7FEFF 		bl	lv_obj_get_y
 557              	.LVL74:
 558 0018 0746     		mov	r7, r0
 559              	.LVL75:
  80:Middlewares/lvgl/src/extra/widgets/tileview/lv_tileview.c ****     lv_tileview_t * tv = (lv_tileview_t *) obj;
 560              		.loc 1 80 5 is_stmt 1 view .LVU141
  81:Middlewares/lvgl/src/extra/widgets/tileview/lv_tileview.c ****     tv->tile_act = (lv_obj_t *)tile;
 561              		.loc 1 81 5 view .LVU142
  82:Middlewares/lvgl/src/extra/widgets/tileview/lv_tileview.c **** 
 562              		.loc 1 82 5 view .LVU143
  82:Middlewares/lvgl/src/extra/widgets/tileview/lv_tileview.c **** 
 563              		.loc 1 82 18 is_stmt 0 view .LVU144
 564 001a 6C62     		str	r4, [r5, #36]
ARM GAS  /tmp/ccG7URRH.s 			page 16


  84:Middlewares/lvgl/src/extra/widgets/tileview/lv_tileview.c ****     lv_obj_scroll_to(obj, tx, ty, anim_en);
 565              		.loc 1 84 5 is_stmt 1 view .LVU145
 566 001c 94F82410 		ldrb	r1, [r4, #36]	@ zero_extendqisi2
 567 0020 2846     		mov	r0, r5
 568 0022 FFF7FEFF 		bl	lv_obj_set_scroll_dir
 569              	.LVL76:
  85:Middlewares/lvgl/src/extra/widgets/tileview/lv_tileview.c **** }
 570              		.loc 1 85 5 view .LVU146
 571 0026 4346     		mov	r3, r8
 572 0028 3A46     		mov	r2, r7
 573 002a 3146     		mov	r1, r6
 574 002c 2846     		mov	r0, r5
 575 002e FFF7FEFF 		bl	lv_obj_scroll_to
 576              	.LVL77:
  86:Middlewares/lvgl/src/extra/widgets/tileview/lv_tileview.c **** 
 577              		.loc 1 86 1 is_stmt 0 view .LVU147
 578 0032 BDE8F081 		pop	{r4, r5, r6, r7, r8, pc}
  86:Middlewares/lvgl/src/extra/widgets/tileview/lv_tileview.c **** 
 579              		.loc 1 86 1 view .LVU148
 580              		.cfi_endproc
 581              	.LFE149:
 583              		.section	.text.lv_obj_set_tile_id,"ax",%progbits
 584              		.align	1
 585              		.global	lv_obj_set_tile_id
 586              		.syntax unified
 587              		.thumb
 588              		.thumb_func
 589              		.fpu softvfp
 591              	lv_obj_set_tile_id:
 592              	.LVL78:
 593              	.LFB150:
  89:Middlewares/lvgl/src/extra/widgets/tileview/lv_tileview.c ****     lv_coord_t w = lv_obj_get_content_width(tv);
 594              		.loc 1 89 1 is_stmt 1 view -0
 595              		.cfi_startproc
 596              		@ args = 0, pretend = 0, frame = 0
 597              		@ frame_needed = 0, uses_anonymous_args = 0
  89:Middlewares/lvgl/src/extra/widgets/tileview/lv_tileview.c ****     lv_coord_t w = lv_obj_get_content_width(tv);
 598              		.loc 1 89 1 is_stmt 0 view .LVU150
 599 0000 2DE9F047 		push	{r4, r5, r6, r7, r8, r9, r10, lr}
 600              	.LCFI9:
 601              		.cfi_def_cfa_offset 32
 602              		.cfi_offset 4, -32
 603              		.cfi_offset 5, -28
 604              		.cfi_offset 6, -24
 605              		.cfi_offset 7, -20
 606              		.cfi_offset 8, -16
 607              		.cfi_offset 9, -12
 608              		.cfi_offset 10, -8
 609              		.cfi_offset 14, -4
 610 0004 0746     		mov	r7, r0
 611 0006 0C46     		mov	r4, r1
 612 0008 9146     		mov	r9, r2
 613 000a 9A46     		mov	r10, r3
  90:Middlewares/lvgl/src/extra/widgets/tileview/lv_tileview.c ****     lv_coord_t h = lv_obj_get_content_height(tv);
 614              		.loc 1 90 5 is_stmt 1 view .LVU151
  90:Middlewares/lvgl/src/extra/widgets/tileview/lv_tileview.c ****     lv_coord_t h = lv_obj_get_content_height(tv);
 615              		.loc 1 90 20 is_stmt 0 view .LVU152
ARM GAS  /tmp/ccG7URRH.s 			page 17


 616 000c FFF7FEFF 		bl	lv_obj_get_content_width
 617              	.LVL79:
  90:Middlewares/lvgl/src/extra/widgets/tileview/lv_tileview.c ****     lv_coord_t h = lv_obj_get_content_height(tv);
 618              		.loc 1 90 20 view .LVU153
 619 0010 8046     		mov	r8, r0
 620              	.LVL80:
  91:Middlewares/lvgl/src/extra/widgets/tileview/lv_tileview.c **** 
 621              		.loc 1 91 5 is_stmt 1 view .LVU154
  91:Middlewares/lvgl/src/extra/widgets/tileview/lv_tileview.c **** 
 622              		.loc 1 91 20 is_stmt 0 view .LVU155
 623 0012 3846     		mov	r0, r7
 624 0014 FFF7FEFF 		bl	lv_obj_get_content_height
 625              	.LVL81:
  93:Middlewares/lvgl/src/extra/widgets/tileview/lv_tileview.c ****     lv_coord_t ty = row_id * h;
 626              		.loc 1 93 5 is_stmt 1 view .LVU156
  93:Middlewares/lvgl/src/extra/widgets/tileview/lv_tileview.c ****     lv_coord_t ty = row_id * h;
 627              		.loc 1 93 16 is_stmt 0 view .LVU157
 628 0018 08FB04F8 		mul	r8, r8, r4
 629              	.LVL82:
  93:Middlewares/lvgl/src/extra/widgets/tileview/lv_tileview.c ****     lv_coord_t ty = row_id * h;
 630              		.loc 1 93 16 view .LVU158
 631 001c 0FFA88F8 		sxth	r8, r8
 632              	.LVL83:
  94:Middlewares/lvgl/src/extra/widgets/tileview/lv_tileview.c **** 
 633              		.loc 1 94 5 is_stmt 1 view .LVU159
  94:Middlewares/lvgl/src/extra/widgets/tileview/lv_tileview.c **** 
 634              		.loc 1 94 16 is_stmt 0 view .LVU160
 635 0020 00FB09F9 		mul	r9, r0, r9
 636              	.LVL84:
  94:Middlewares/lvgl/src/extra/widgets/tileview/lv_tileview.c **** 
 637              		.loc 1 94 16 view .LVU161
 638 0024 0FFA89F9 		sxth	r9, r9
 639              	.LVL85:
  96:Middlewares/lvgl/src/extra/widgets/tileview/lv_tileview.c ****     for(i = 0; i < lv_obj_get_child_cnt(tv); i++) {
 640              		.loc 1 96 5 is_stmt 1 view .LVU162
  97:Middlewares/lvgl/src/extra/widgets/tileview/lv_tileview.c ****         lv_obj_t * tile_obj = lv_obj_get_child(tv, i);
 641              		.loc 1 97 5 view .LVU163
  97:Middlewares/lvgl/src/extra/widgets/tileview/lv_tileview.c ****         lv_obj_t * tile_obj = lv_obj_get_child(tv, i);
 642              		.loc 1 97 11 is_stmt 0 view .LVU164
 643 0028 0024     		movs	r4, #0
 644              	.LVL86:
  97:Middlewares/lvgl/src/extra/widgets/tileview/lv_tileview.c ****         lv_obj_t * tile_obj = lv_obj_get_child(tv, i);
 645              		.loc 1 97 5 view .LVU165
 646 002a 00E0     		b	.L31
 647              	.LVL87:
 648              	.L32:
  97:Middlewares/lvgl/src/extra/widgets/tileview/lv_tileview.c ****         lv_obj_t * tile_obj = lv_obj_get_child(tv, i);
 649              		.loc 1 97 46 is_stmt 1 discriminator 2 view .LVU166
  97:Middlewares/lvgl/src/extra/widgets/tileview/lv_tileview.c ****         lv_obj_t * tile_obj = lv_obj_get_child(tv, i);
 650              		.loc 1 97 47 is_stmt 0 discriminator 2 view .LVU167
 651 002c 0134     		adds	r4, r4, #1
 652              	.LVL88:
 653              	.L31:
  97:Middlewares/lvgl/src/extra/widgets/tileview/lv_tileview.c ****         lv_obj_t * tile_obj = lv_obj_get_child(tv, i);
 654              		.loc 1 97 16 is_stmt 1 discriminator 1 view .LVU168
  97:Middlewares/lvgl/src/extra/widgets/tileview/lv_tileview.c ****         lv_obj_t * tile_obj = lv_obj_get_child(tv, i);
 655              		.loc 1 97 20 is_stmt 0 discriminator 1 view .LVU169
ARM GAS  /tmp/ccG7URRH.s 			page 18


 656 002e 3846     		mov	r0, r7
 657 0030 FFF7FEFF 		bl	lv_obj_get_child_cnt
 658              	.LVL89:
  97:Middlewares/lvgl/src/extra/widgets/tileview/lv_tileview.c ****         lv_obj_t * tile_obj = lv_obj_get_child(tv, i);
 659              		.loc 1 97 5 discriminator 1 view .LVU170
 660 0034 A042     		cmp	r0, r4
 661 0036 13D9     		bls	.L30
 662              	.LBB5:
  98:Middlewares/lvgl/src/extra/widgets/tileview/lv_tileview.c ****         lv_coord_t x = lv_obj_get_x(tile_obj);
 663              		.loc 1 98 9 is_stmt 1 view .LVU171
  98:Middlewares/lvgl/src/extra/widgets/tileview/lv_tileview.c ****         lv_coord_t x = lv_obj_get_x(tile_obj);
 664              		.loc 1 98 31 is_stmt 0 view .LVU172
 665 0038 2146     		mov	r1, r4
 666 003a 3846     		mov	r0, r7
 667 003c FFF7FEFF 		bl	lv_obj_get_child
 668              	.LVL90:
 669 0040 0546     		mov	r5, r0
 670              	.LVL91:
  99:Middlewares/lvgl/src/extra/widgets/tileview/lv_tileview.c ****         lv_coord_t y = lv_obj_get_y(tile_obj);
 671              		.loc 1 99 9 is_stmt 1 view .LVU173
  99:Middlewares/lvgl/src/extra/widgets/tileview/lv_tileview.c ****         lv_coord_t y = lv_obj_get_y(tile_obj);
 672              		.loc 1 99 24 is_stmt 0 view .LVU174
 673 0042 FFF7FEFF 		bl	lv_obj_get_x
 674              	.LVL92:
  99:Middlewares/lvgl/src/extra/widgets/tileview/lv_tileview.c ****         lv_coord_t y = lv_obj_get_y(tile_obj);
 675              		.loc 1 99 24 view .LVU175
 676 0046 0646     		mov	r6, r0
 677              	.LVL93:
 100:Middlewares/lvgl/src/extra/widgets/tileview/lv_tileview.c ****         if(x == tx && y == ty) {
 678              		.loc 1 100 9 is_stmt 1 view .LVU176
 100:Middlewares/lvgl/src/extra/widgets/tileview/lv_tileview.c ****         if(x == tx && y == ty) {
 679              		.loc 1 100 24 is_stmt 0 view .LVU177
 680 0048 2846     		mov	r0, r5
 681 004a FFF7FEFF 		bl	lv_obj_get_y
 682              	.LVL94:
 101:Middlewares/lvgl/src/extra/widgets/tileview/lv_tileview.c ****             lv_obj_set_tile(tv, tile_obj, anim_en);
 683              		.loc 1 101 9 is_stmt 1 view .LVU178
 101:Middlewares/lvgl/src/extra/widgets/tileview/lv_tileview.c ****             lv_obj_set_tile(tv, tile_obj, anim_en);
 684              		.loc 1 101 11 is_stmt 0 view .LVU179
 685 004e B045     		cmp	r8, r6
 686 0050 ECD1     		bne	.L32
 101:Middlewares/lvgl/src/extra/widgets/tileview/lv_tileview.c ****             lv_obj_set_tile(tv, tile_obj, anim_en);
 687              		.loc 1 101 20 discriminator 1 view .LVU180
 688 0052 8145     		cmp	r9, r0
 689 0054 EAD1     		bne	.L32
 102:Middlewares/lvgl/src/extra/widgets/tileview/lv_tileview.c ****             return;
 690              		.loc 1 102 13 is_stmt 1 view .LVU181
 691 0056 5246     		mov	r2, r10
 692 0058 2946     		mov	r1, r5
 693 005a 3846     		mov	r0, r7
 694              	.LVL95:
 102:Middlewares/lvgl/src/extra/widgets/tileview/lv_tileview.c ****             return;
 695              		.loc 1 102 13 is_stmt 0 view .LVU182
 696 005c FFF7FEFF 		bl	lv_obj_set_tile
 697              	.LVL96:
 103:Middlewares/lvgl/src/extra/widgets/tileview/lv_tileview.c ****         }
 698              		.loc 1 103 13 is_stmt 1 view .LVU183
ARM GAS  /tmp/ccG7URRH.s 			page 19


 699              	.L30:
 103:Middlewares/lvgl/src/extra/widgets/tileview/lv_tileview.c ****         }
 700              		.loc 1 103 13 is_stmt 0 view .LVU184
 701              	.LBE5:
 108:Middlewares/lvgl/src/extra/widgets/tileview/lv_tileview.c **** 
 702              		.loc 1 108 1 view .LVU185
 703 0060 BDE8F087 		pop	{r4, r5, r6, r7, r8, r9, r10, pc}
 108:Middlewares/lvgl/src/extra/widgets/tileview/lv_tileview.c **** 
 704              		.loc 1 108 1 view .LVU186
 705              		.cfi_endproc
 706              	.LFE150:
 708              		.section	.text.lv_tileview_get_tile_act,"ax",%progbits
 709              		.align	1
 710              		.global	lv_tileview_get_tile_act
 711              		.syntax unified
 712              		.thumb
 713              		.thumb_func
 714              		.fpu softvfp
 716              	lv_tileview_get_tile_act:
 717              	.LVL97:
 718              	.LFB151:
 111:Middlewares/lvgl/src/extra/widgets/tileview/lv_tileview.c ****     lv_tileview_t * tv = (lv_tileview_t *) obj;
 719              		.loc 1 111 1 is_stmt 1 view -0
 720              		.cfi_startproc
 721              		@ args = 0, pretend = 0, frame = 0
 722              		@ frame_needed = 0, uses_anonymous_args = 0
 723              		@ link register save eliminated.
 112:Middlewares/lvgl/src/extra/widgets/tileview/lv_tileview.c ****     return tv->tile_act;
 724              		.loc 1 112 5 view .LVU188
 113:Middlewares/lvgl/src/extra/widgets/tileview/lv_tileview.c **** }
 725              		.loc 1 113 5 view .LVU189
 114:Middlewares/lvgl/src/extra/widgets/tileview/lv_tileview.c **** 
 726              		.loc 1 114 1 is_stmt 0 view .LVU190
 727 0000 406A     		ldr	r0, [r0, #36]
 728              	.LVL98:
 114:Middlewares/lvgl/src/extra/widgets/tileview/lv_tileview.c **** 
 729              		.loc 1 114 1 view .LVU191
 730 0002 7047     		bx	lr
 731              		.cfi_endproc
 732              	.LFE151:
 734              		.global	lv_tileview_tile_class
 735              		.global	lv_tileview_class
 736              		.section	.bss.create_col_id,"aw",%nobits
 737              		.align	2
 738              		.set	.LANCHOR0,. + 0
 741              	create_col_id:
 742 0000 00000000 		.space	4
 743              		.section	.bss.create_dir,"aw",%nobits
 744              		.set	.LANCHOR2,. + 0
 747              	create_dir:
 748 0000 00       		.space	1
 749              		.section	.bss.create_row_id,"aw",%nobits
 750              		.align	2
 751              		.set	.LANCHOR1,. + 0
 754              	create_row_id:
 755 0000 00000000 		.space	4
 756              		.section	.rodata.lv_tileview_class,"a"
ARM GAS  /tmp/ccG7URRH.s 			page 20


 757              		.align	2
 758              		.set	.LANCHOR3,. + 0
 761              	lv_tileview_class:
 762 0000 00000000 		.word	lv_obj_class
 763 0004 00000000 		.word	lv_tileview_constructor
 764 0008 00000000 		.space	16
 764      00000000 
 764      00000000 
 764      00000000 
 765 0018 80       		.byte	128
 766 0019 02       		.byte	2
 767 001a 00       		.byte	0
 768 001b 00       		.space	1
 769              		.section	.rodata.lv_tileview_tile_class,"a"
 770              		.align	2
 771              		.set	.LANCHOR4,. + 0
 774              	lv_tileview_tile_class:
 775 0000 00000000 		.word	lv_obj_class
 776 0004 00000000 		.word	lv_tileview_tile_constructor
 777 0008 00000000 		.space	16
 777      00000000 
 777      00000000 
 777      00000000 
 778 0018 80       		.byte	128
 779 0019 02       		.byte	2
 780 001a 00       		.byte	0
 781 001b 00       		.space	1
 782              		.text
 783              	.Letext0:
 784              		.file 2 "/home/akinya/gcc-arm-none-eabi/arm-none-eabi/include/machine/_default_types.h"
 785              		.file 3 "/home/akinya/gcc-arm-none-eabi/arm-none-eabi/include/sys/_stdint.h"
 786              		.file 4 "Middlewares/lvgl/src/extra/widgets/tileview/../../../core/../misc/../font/../misc/lv_area
 787              		.file 5 "Middlewares/lvgl/src/extra/widgets/tileview/../../../core/../misc/lv_color.h"
 788              		.file 6 "Middlewares/lvgl/src/extra/widgets/tileview/../../../core/../misc/lv_anim.h"
 789              		.file 7 "Middlewares/lvgl/src/extra/widgets/tileview/../../../core/../misc/lv_style.h"
 790              		.file 8 "Middlewares/lvgl/src/extra/widgets/tileview/../../../core/../hal/../misc/lv_ll.h"
 791              		.file 9 "Middlewares/lvgl/src/extra/widgets/tileview/../../../core/lv_obj.h"
 792              		.file 10 "Middlewares/lvgl/src/extra/widgets/tileview/../../../core/lv_group.h"
 793              		.file 11 "Middlewares/lvgl/src/extra/widgets/tileview/../../../core/lv_obj_scroll.h"
 794              		.file 12 "Middlewares/lvgl/src/extra/widgets/tileview/../../../core/lv_obj_style.h"
 795              		.file 13 "Middlewares/lvgl/src/extra/widgets/tileview/../../../core/lv_obj_class.h"
 796              		.file 14 "Middlewares/lvgl/src/extra/widgets/tileview/../../../core/lv_event.h"
 797              		.file 15 "Middlewares/lvgl/src/extra/widgets/tileview/lv_tileview.h"
 798              		.file 16 "Middlewares/lvgl/src/extra/widgets/tileview/../../../core/lv_obj_tree.h"
 799              		.file 17 "Middlewares/lvgl/src/extra/widgets/tileview/../../../core/lv_obj_pos.h"
ARM GAS  /tmp/ccG7URRH.s 			page 21


DEFINED SYMBOLS
                            *ABS*:0000000000000000 lv_tileview.c
     /tmp/ccG7URRH.s:16     .text.lv_tileview_constructor:0000000000000000 $t
     /tmp/ccG7URRH.s:23     .text.lv_tileview_constructor:0000000000000000 lv_tileview_constructor
     /tmp/ccG7URRH.s:78     .text.lv_tileview_constructor:0000000000000038 $d
     /tmp/ccG7URRH.s:89     .text.tileview_event_cb:0000000000000000 tileview_event_cb
     /tmp/ccG7URRH.s:83     .text.tileview_event_cb:0000000000000000 $t
     /tmp/ccG7URRH.s:294    .text.lv_tileview_tile_constructor:0000000000000000 $t
     /tmp/ccG7URRH.s:300    .text.lv_tileview_tile_constructor:0000000000000000 lv_tileview_tile_constructor
     /tmp/ccG7URRH.s:394    .text.lv_tileview_tile_constructor:0000000000000064 $d
     /tmp/ccG7URRH.s:401    .text.lv_tileview_create:0000000000000000 $t
     /tmp/ccG7URRH.s:408    .text.lv_tileview_create:0000000000000000 lv_tileview_create
     /tmp/ccG7URRH.s:444    .text.lv_tileview_create:0000000000000014 $d
     /tmp/ccG7URRH.s:449    .text.lv_tileview_add_tile:0000000000000000 $t
     /tmp/ccG7URRH.s:456    .text.lv_tileview_add_tile:0000000000000000 lv_tileview_add_tile
     /tmp/ccG7URRH.s:508    .text.lv_tileview_add_tile:0000000000000020 $d
     /tmp/ccG7URRH.s:516    .text.lv_obj_set_tile:0000000000000000 $t
     /tmp/ccG7URRH.s:523    .text.lv_obj_set_tile:0000000000000000 lv_obj_set_tile
     /tmp/ccG7URRH.s:584    .text.lv_obj_set_tile_id:0000000000000000 $t
     /tmp/ccG7URRH.s:591    .text.lv_obj_set_tile_id:0000000000000000 lv_obj_set_tile_id
     /tmp/ccG7URRH.s:709    .text.lv_tileview_get_tile_act:0000000000000000 $t
     /tmp/ccG7URRH.s:716    .text.lv_tileview_get_tile_act:0000000000000000 lv_tileview_get_tile_act
     /tmp/ccG7URRH.s:774    .rodata.lv_tileview_tile_class:0000000000000000 lv_tileview_tile_class
     /tmp/ccG7URRH.s:761    .rodata.lv_tileview_class:0000000000000000 lv_tileview_class
     /tmp/ccG7URRH.s:737    .bss.create_col_id:0000000000000000 $d
     /tmp/ccG7URRH.s:741    .bss.create_col_id:0000000000000000 create_col_id
     /tmp/ccG7URRH.s:747    .bss.create_dir:0000000000000000 create_dir
     /tmp/ccG7URRH.s:748    .bss.create_dir:0000000000000000 $d
     /tmp/ccG7URRH.s:750    .bss.create_row_id:0000000000000000 $d
     /tmp/ccG7URRH.s:754    .bss.create_row_id:0000000000000000 create_row_id
     /tmp/ccG7URRH.s:757    .rodata.lv_tileview_class:0000000000000000 $d
     /tmp/ccG7URRH.s:770    .rodata.lv_tileview_tile_class:0000000000000000 $d

UNDEFINED SYMBOLS
lv_obj_set_size
lv_obj_add_event_cb
lv_obj_add_flag
lv_obj_set_scroll_snap_x
lv_obj_set_scroll_snap_y
lv_event_get_code
lv_event_get_target
lv_obj_get_content_width
lv_obj_get_content_height
lv_obj_get_scroll_end
lv_obj_get_child_cnt
lv_obj_get_child
lv_obj_get_x
lv_obj_get_y
lv_event_send
lv_obj_set_scroll_dir
lv_obj_get_parent
lv_obj_update_layout
lv_obj_set_pos
lv_obj_class_create_obj
lv_obj_class_init_obj
lv_obj_scroll_to
lv_obj_class
ARM GAS  /tmp/ccG7URRH.s 			page 22


