ARM GAS  /tmp/ccKyCnQt.s 			page 1


   1              		.cpu cortex-m3
   2              		.eabi_attribute 20, 1
   3              		.eabi_attribute 21, 1
   4              		.eabi_attribute 23, 3
   5              		.eabi_attribute 24, 1
   6              		.eabi_attribute 25, 1
   7              		.eabi_attribute 26, 1
   8              		.eabi_attribute 30, 1
   9              		.eabi_attribute 34, 1
  10              		.eabi_attribute 18, 4
  11              		.file	"lv_utils.c"
  12              		.text
  13              	.Ltext0:
  14              		.cfi_sections	.debug_frame
  15              		.section	.text._lv_utils_bsearch,"ax",%progbits
  16              		.align	1
  17              		.global	_lv_utils_bsearch
  18              		.arch armv7-m
  19              		.syntax unified
  20              		.thumb
  21              		.thumb_func
  22              		.fpu softvfp
  24              	_lv_utils_bsearch:
  25              	.LVL0:
  26              	.LFB8:
  27              		.file 1 "Middlewares/lvgl/src/misc/lv_utils.c"
   1:Middlewares/lvgl/src/misc/lv_utils.c **** /**
   2:Middlewares/lvgl/src/misc/lv_utils.c ****  * @file lv_utils.c
   3:Middlewares/lvgl/src/misc/lv_utils.c ****  *
   4:Middlewares/lvgl/src/misc/lv_utils.c ****  */
   5:Middlewares/lvgl/src/misc/lv_utils.c **** 
   6:Middlewares/lvgl/src/misc/lv_utils.c **** /*********************
   7:Middlewares/lvgl/src/misc/lv_utils.c ****  *      INCLUDES
   8:Middlewares/lvgl/src/misc/lv_utils.c ****  *********************/
   9:Middlewares/lvgl/src/misc/lv_utils.c **** #include <stdbool.h>
  10:Middlewares/lvgl/src/misc/lv_utils.c **** 
  11:Middlewares/lvgl/src/misc/lv_utils.c **** #include "lv_utils.h"
  12:Middlewares/lvgl/src/misc/lv_utils.c **** #include "lv_math.h"
  13:Middlewares/lvgl/src/misc/lv_utils.c **** #include "lv_printf.h"
  14:Middlewares/lvgl/src/misc/lv_utils.c **** #include "lv_txt.h"
  15:Middlewares/lvgl/src/misc/lv_utils.c **** 
  16:Middlewares/lvgl/src/misc/lv_utils.c **** /*********************
  17:Middlewares/lvgl/src/misc/lv_utils.c ****  *      DEFINES
  18:Middlewares/lvgl/src/misc/lv_utils.c ****  *********************/
  19:Middlewares/lvgl/src/misc/lv_utils.c **** 
  20:Middlewares/lvgl/src/misc/lv_utils.c **** /**********************
  21:Middlewares/lvgl/src/misc/lv_utils.c ****  *      TYPEDEFS
  22:Middlewares/lvgl/src/misc/lv_utils.c ****  **********************/
  23:Middlewares/lvgl/src/misc/lv_utils.c **** 
  24:Middlewares/lvgl/src/misc/lv_utils.c **** /**********************
  25:Middlewares/lvgl/src/misc/lv_utils.c ****  *  STATIC PROTOTYPES
  26:Middlewares/lvgl/src/misc/lv_utils.c ****  **********************/
  27:Middlewares/lvgl/src/misc/lv_utils.c **** 
  28:Middlewares/lvgl/src/misc/lv_utils.c **** /**********************
  29:Middlewares/lvgl/src/misc/lv_utils.c ****  *  STATIC VARIABLES
  30:Middlewares/lvgl/src/misc/lv_utils.c ****  **********************/
  31:Middlewares/lvgl/src/misc/lv_utils.c **** 
ARM GAS  /tmp/ccKyCnQt.s 			page 2


  32:Middlewares/lvgl/src/misc/lv_utils.c **** /**********************
  33:Middlewares/lvgl/src/misc/lv_utils.c ****  *      MACROS
  34:Middlewares/lvgl/src/misc/lv_utils.c ****  **********************/
  35:Middlewares/lvgl/src/misc/lv_utils.c **** 
  36:Middlewares/lvgl/src/misc/lv_utils.c **** /**********************
  37:Middlewares/lvgl/src/misc/lv_utils.c ****  *   GLOBAL FUNCTIONS
  38:Middlewares/lvgl/src/misc/lv_utils.c ****  **********************/
  39:Middlewares/lvgl/src/misc/lv_utils.c **** 
  40:Middlewares/lvgl/src/misc/lv_utils.c **** /** Searches base[0] to base[n - 1] for an item that matches *key.
  41:Middlewares/lvgl/src/misc/lv_utils.c ****  *
  42:Middlewares/lvgl/src/misc/lv_utils.c ****  * @note The function cmp must return negative if its first
  43:Middlewares/lvgl/src/misc/lv_utils.c ****  *  argument (the search key) is less that its second (a table entry),
  44:Middlewares/lvgl/src/misc/lv_utils.c ****  *  zero if equal, and positive if greater.
  45:Middlewares/lvgl/src/misc/lv_utils.c ****  *
  46:Middlewares/lvgl/src/misc/lv_utils.c ****  *  @note Items in the array must be in ascending order.
  47:Middlewares/lvgl/src/misc/lv_utils.c ****  *
  48:Middlewares/lvgl/src/misc/lv_utils.c ****  * @param key    Pointer to item being searched for
  49:Middlewares/lvgl/src/misc/lv_utils.c ****  * @param base   Pointer to first element to search
  50:Middlewares/lvgl/src/misc/lv_utils.c ****  * @param n      Number of elements
  51:Middlewares/lvgl/src/misc/lv_utils.c ****  * @param size   Size of each element
  52:Middlewares/lvgl/src/misc/lv_utils.c ****  * @param cmp    Pointer to comparison function (see #lv_font_codeCompare as a comparison function
  53:Middlewares/lvgl/src/misc/lv_utils.c ****  * example)
  54:Middlewares/lvgl/src/misc/lv_utils.c ****  *
  55:Middlewares/lvgl/src/misc/lv_utils.c ****  * @return a pointer to a matching item, or NULL if none exists.
  56:Middlewares/lvgl/src/misc/lv_utils.c ****  */
  57:Middlewares/lvgl/src/misc/lv_utils.c **** void * _lv_utils_bsearch(const void * key, const void * base, uint32_t n, uint32_t size,
  58:Middlewares/lvgl/src/misc/lv_utils.c ****                          int32_t (*cmp)(const void * pRef, const void * pElement))
  59:Middlewares/lvgl/src/misc/lv_utils.c **** {
  28              		.loc 1 59 1 view -0
  29              		.cfi_startproc
  30              		@ args = 4, pretend = 0, frame = 0
  31              		@ frame_needed = 0, uses_anonymous_args = 0
  32              		.loc 1 59 1 is_stmt 0 view .LVU1
  33 0000 2DE9F047 		push	{r4, r5, r6, r7, r8, r9, r10, lr}
  34              	.LCFI0:
  35              		.cfi_def_cfa_offset 32
  36              		.cfi_offset 4, -32
  37              		.cfi_offset 5, -28
  38              		.cfi_offset 6, -24
  39              		.cfi_offset 7, -20
  40              		.cfi_offset 8, -16
  41              		.cfi_offset 9, -12
  42              		.cfi_offset 10, -8
  43              		.cfi_offset 14, -4
  44 0004 8146     		mov	r9, r0
  45 0006 8846     		mov	r8, r1
  46 0008 1446     		mov	r4, r2
  47 000a 1F46     		mov	r7, r3
  48 000c DDF820A0 		ldr	r10, [sp, #32]
  60:Middlewares/lvgl/src/misc/lv_utils.c ****     const char * middle;
  49              		.loc 1 60 5 is_stmt 1 view .LVU2
  61:Middlewares/lvgl/src/misc/lv_utils.c ****     int32_t c;
  50              		.loc 1 61 5 view .LVU3
  62:Middlewares/lvgl/src/misc/lv_utils.c **** 
  63:Middlewares/lvgl/src/misc/lv_utils.c ****     for(middle = base; n != 0;) {
  51              		.loc 1 63 5 view .LVU4
  52              	.LVL1:
ARM GAS  /tmp/ccKyCnQt.s 			page 3


  53              		.loc 1 63 5 is_stmt 0 view .LVU5
  54 0010 07E0     		b	.L2
  55              	.LVL2:
  56              	.L9:
  64:Middlewares/lvgl/src/misc/lv_utils.c ****         middle += (n / 2) * size;
  65:Middlewares/lvgl/src/misc/lv_utils.c ****         if((c = (*cmp)(key, middle)) > 0) {
  66:Middlewares/lvgl/src/misc/lv_utils.c ****             n    = (n / 2) - ((n & 1) == 0);
  57              		.loc 1 66 13 is_stmt 1 view .LVU6
  58              		.loc 1 66 39 is_stmt 0 view .LVU7
  59 0012 14F0010F 		tst	r4, #1
  60 0016 0CBF     		ite	eq
  61 0018 0124     		moveq	r4, #1
  62              	.LVL3:
  63              		.loc 1 66 39 view .LVU8
  64 001a 0024     		movne	r4, #0
  65              		.loc 1 66 18 view .LVU9
  66 001c 2C1B     		subs	r4, r5, r4
  67              	.LVL4:
  67:Middlewares/lvgl/src/misc/lv_utils.c ****             base = (middle += size);
  68              		.loc 1 67 13 is_stmt 1 view .LVU10
  69              		.loc 1 67 28 is_stmt 0 view .LVU11
  70 001e 06EB0708 		add	r8, r6, r7
  71              	.LVL5:
  72              	.L2:
  63:Middlewares/lvgl/src/misc/lv_utils.c ****         middle += (n / 2) * size;
  73              		.loc 1 63 24 is_stmt 1 discriminator 1 view .LVU12
  63:Middlewares/lvgl/src/misc/lv_utils.c ****         middle += (n / 2) * size;
  74              		.loc 1 63 5 is_stmt 0 discriminator 1 view .LVU13
  75 0022 5CB1     		cbz	r4, .L8
  64:Middlewares/lvgl/src/misc/lv_utils.c ****         middle += (n / 2) * size;
  76              		.loc 1 64 9 is_stmt 1 view .LVU14
  64:Middlewares/lvgl/src/misc/lv_utils.c ****         middle += (n / 2) * size;
  77              		.loc 1 64 22 is_stmt 0 view .LVU15
  78 0024 6508     		lsrs	r5, r4, #1
  64:Middlewares/lvgl/src/misc/lv_utils.c ****         middle += (n / 2) * size;
  79              		.loc 1 64 16 view .LVU16
  80 0026 07FB0586 		mla	r6, r7, r5, r8
  81              	.LVL6:
  65:Middlewares/lvgl/src/misc/lv_utils.c ****             n    = (n / 2) - ((n & 1) == 0);
  82              		.loc 1 65 9 is_stmt 1 view .LVU17
  65:Middlewares/lvgl/src/misc/lv_utils.c ****             n    = (n / 2) - ((n & 1) == 0);
  83              		.loc 1 65 18 is_stmt 0 view .LVU18
  84 002a 3146     		mov	r1, r6
  85 002c 4846     		mov	r0, r9
  86 002e D047     		blx	r10
  87              	.LVL7:
  65:Middlewares/lvgl/src/misc/lv_utils.c ****             n    = (n / 2) - ((n & 1) == 0);
  88              		.loc 1 65 11 view .LVU19
  89 0030 0028     		cmp	r0, #0
  65:Middlewares/lvgl/src/misc/lv_utils.c ****             n    = (n / 2) - ((n & 1) == 0);
  90              		.loc 1 65 11 view .LVU20
  91 0032 EEDC     		bgt	.L9
  68:Middlewares/lvgl/src/misc/lv_utils.c ****         }
  69:Middlewares/lvgl/src/misc/lv_utils.c ****         else if(c < 0) {
  92              		.loc 1 69 14 is_stmt 1 view .LVU21
  93              		.loc 1 69 16 is_stmt 0 view .LVU22
  94 0034 0028     		cmp	r0, #0
ARM GAS  /tmp/ccKyCnQt.s 			page 4


  95 0036 02DA     		bge	.L1
  70:Middlewares/lvgl/src/misc/lv_utils.c ****             n /= 2;
  96              		.loc 1 70 15 view .LVU23
  97 0038 2C46     		mov	r4, r5
  98              	.LVL8:
  99              		.loc 1 70 15 view .LVU24
 100 003a F2E7     		b	.L2
 101              	.LVL9:
 102              	.L8:
  71:Middlewares/lvgl/src/misc/lv_utils.c ****             middle = base;
  72:Middlewares/lvgl/src/misc/lv_utils.c ****         }
  73:Middlewares/lvgl/src/misc/lv_utils.c ****         else {
  74:Middlewares/lvgl/src/misc/lv_utils.c ****             return (char *)middle;
  75:Middlewares/lvgl/src/misc/lv_utils.c ****         }
  76:Middlewares/lvgl/src/misc/lv_utils.c ****     }
  77:Middlewares/lvgl/src/misc/lv_utils.c ****     return NULL;
 103              		.loc 1 77 12 view .LVU25
 104 003c 0026     		movs	r6, #0
 105              	.LVL10:
 106              	.L1:
  78:Middlewares/lvgl/src/misc/lv_utils.c **** }
 107              		.loc 1 78 1 view .LVU26
 108 003e 3046     		mov	r0, r6
 109 0040 BDE8F087 		pop	{r4, r5, r6, r7, r8, r9, r10, pc}
 110              		.loc 1 78 1 view .LVU27
 111              		.cfi_endproc
 112              	.LFE8:
 114              		.text
 115              	.Letext0:
 116              		.file 2 "/home/akinya/gcc-arm-none-eabi/arm-none-eabi/include/machine/_default_types.h"
 117              		.file 3 "/home/akinya/gcc-arm-none-eabi/arm-none-eabi/include/sys/_stdint.h"
ARM GAS  /tmp/ccKyCnQt.s 			page 5


DEFINED SYMBOLS
                            *ABS*:0000000000000000 lv_utils.c
     /tmp/ccKyCnQt.s:16     .text._lv_utils_bsearch:0000000000000000 $t
     /tmp/ccKyCnQt.s:24     .text._lv_utils_bsearch:0000000000000000 _lv_utils_bsearch

NO UNDEFINED SYMBOLS
