ARM GAS  /tmp/cc6RqHKs.s 			page 1


   1              		.cpu cortex-m4
   2              		.eabi_attribute 27, 1
   3              		.eabi_attribute 28, 1
   4              		.eabi_attribute 20, 1
   5              		.eabi_attribute 21, 1
   6              		.eabi_attribute 23, 3
   7              		.eabi_attribute 24, 1
   8              		.eabi_attribute 25, 1
   9              		.eabi_attribute 26, 1
  10              		.eabi_attribute 30, 1
  11              		.eabi_attribute 34, 1
  12              		.eabi_attribute 18, 4
  13              		.file	"lv_example_style_12.c"
  14              		.text
  15              	.Ltext0:
  16              		.cfi_sections	.debug_frame
  17              		.section	.text.lv_example_style_12,"ax",%progbits
  18              		.align	1
  19              		.global	lv_example_style_12
  20              		.arch armv7e-m
  21              		.syntax unified
  22              		.thumb
  23              		.thumb_func
  24              		.fpu fpv4-sp-d16
  26              	lv_example_style_12:
  27              	.LFB184:
  28              		.file 1 "Middlewares/lvgl/examples/styles/lv_example_style_12.c"
   1:Middlewares/lvgl/examples/styles/lv_example_style_12.c **** #include "../lv_examples.h"
   2:Middlewares/lvgl/examples/styles/lv_example_style_12.c **** #if LV_BUILD_EXAMPLES && LV_USE_IMG
   3:Middlewares/lvgl/examples/styles/lv_example_style_12.c **** 
   4:Middlewares/lvgl/examples/styles/lv_example_style_12.c **** /**
   5:Middlewares/lvgl/examples/styles/lv_example_style_12.c ****  * Local styles
   6:Middlewares/lvgl/examples/styles/lv_example_style_12.c ****  */
   7:Middlewares/lvgl/examples/styles/lv_example_style_12.c **** void lv_example_style_12(void)
   8:Middlewares/lvgl/examples/styles/lv_example_style_12.c **** {
  29              		.loc 1 8 1 view -0
  30              		.cfi_startproc
  31              		@ args = 0, pretend = 0, frame = 0
  32              		@ frame_needed = 0, uses_anonymous_args = 0
  33 0000 38B5     		push	{r3, r4, r5, lr}
  34              	.LCFI0:
  35              		.cfi_def_cfa_offset 16
  36              		.cfi_offset 3, -16
  37              		.cfi_offset 4, -12
  38              		.cfi_offset 5, -8
  39              		.cfi_offset 14, -4
   9:Middlewares/lvgl/examples/styles/lv_example_style_12.c ****     static lv_style_t style;
  40              		.loc 1 9 5 view .LVU1
  10:Middlewares/lvgl/examples/styles/lv_example_style_12.c ****     lv_style_init(&style);
  41              		.loc 1 10 5 view .LVU2
  42 0002 184C     		ldr	r4, .L3
  43 0004 2046     		mov	r0, r4
  44 0006 FFF7FEFF 		bl	lv_style_init
  45              	.LVL0:
  11:Middlewares/lvgl/examples/styles/lv_example_style_12.c ****     lv_style_set_bg_color(&style, lv_palette_main(LV_PALETTE_GREEN));
  46              		.loc 1 11 5 view .LVU3
  47 000a 0920     		movs	r0, #9
ARM GAS  /tmp/cc6RqHKs.s 			page 2


  48 000c FFF7FEFF 		bl	lv_palette_main
  49              	.LVL1:
  50 0010 0146     		mov	r1, r0	@ movhi
  51 0012 2046     		mov	r0, r4
  52 0014 FFF7FEFF 		bl	lv_style_set_bg_color
  53              	.LVL2:
  12:Middlewares/lvgl/examples/styles/lv_example_style_12.c ****     lv_style_set_border_color(&style, lv_palette_lighten(LV_PALETTE_GREEN, 3));
  54              		.loc 1 12 5 view .LVU4
  55 0018 0321     		movs	r1, #3
  56 001a 0920     		movs	r0, #9
  57 001c FFF7FEFF 		bl	lv_palette_lighten
  58              	.LVL3:
  59 0020 0146     		mov	r1, r0	@ movhi
  60 0022 2046     		mov	r0, r4
  61 0024 FFF7FEFF 		bl	lv_style_set_border_color
  62              	.LVL4:
  13:Middlewares/lvgl/examples/styles/lv_example_style_12.c ****     lv_style_set_border_width(&style, 3);
  63              		.loc 1 13 5 view .LVU5
  64 0028 0321     		movs	r1, #3
  65 002a 2046     		mov	r0, r4
  66 002c FFF7FEFF 		bl	lv_style_set_border_width
  67              	.LVL5:
  14:Middlewares/lvgl/examples/styles/lv_example_style_12.c **** 
  15:Middlewares/lvgl/examples/styles/lv_example_style_12.c ****     lv_obj_t * obj = lv_obj_create(lv_scr_act());
  68              		.loc 1 15 5 view .LVU6
  69              	.LBB8:
  70              	.LBI8:
  71              		.file 2 "Middlewares/lvgl/examples/styles/../../src/core/lv_disp.h"
   1:Middlewares/lvgl/examples/styles/../../src/core/lv_disp.h **** /**
   2:Middlewares/lvgl/examples/styles/../../src/core/lv_disp.h ****  * @file lv_disp.h
   3:Middlewares/lvgl/examples/styles/../../src/core/lv_disp.h ****  *
   4:Middlewares/lvgl/examples/styles/../../src/core/lv_disp.h ****  */
   5:Middlewares/lvgl/examples/styles/../../src/core/lv_disp.h **** 
   6:Middlewares/lvgl/examples/styles/../../src/core/lv_disp.h **** #ifndef LV_DISP_H
   7:Middlewares/lvgl/examples/styles/../../src/core/lv_disp.h **** #define LV_DISP_H
   8:Middlewares/lvgl/examples/styles/../../src/core/lv_disp.h **** 
   9:Middlewares/lvgl/examples/styles/../../src/core/lv_disp.h **** #ifdef __cplusplus
  10:Middlewares/lvgl/examples/styles/../../src/core/lv_disp.h **** extern "C" {
  11:Middlewares/lvgl/examples/styles/../../src/core/lv_disp.h **** #endif
  12:Middlewares/lvgl/examples/styles/../../src/core/lv_disp.h **** 
  13:Middlewares/lvgl/examples/styles/../../src/core/lv_disp.h **** /*********************
  14:Middlewares/lvgl/examples/styles/../../src/core/lv_disp.h ****  *      INCLUDES
  15:Middlewares/lvgl/examples/styles/../../src/core/lv_disp.h ****  *********************/
  16:Middlewares/lvgl/examples/styles/../../src/core/lv_disp.h **** #include "../hal/lv_hal.h"
  17:Middlewares/lvgl/examples/styles/../../src/core/lv_disp.h **** #include "lv_obj.h"
  18:Middlewares/lvgl/examples/styles/../../src/core/lv_disp.h **** #include "lv_theme.h"
  19:Middlewares/lvgl/examples/styles/../../src/core/lv_disp.h **** 
  20:Middlewares/lvgl/examples/styles/../../src/core/lv_disp.h **** /*********************
  21:Middlewares/lvgl/examples/styles/../../src/core/lv_disp.h ****  *      DEFINES
  22:Middlewares/lvgl/examples/styles/../../src/core/lv_disp.h ****  *********************/
  23:Middlewares/lvgl/examples/styles/../../src/core/lv_disp.h **** 
  24:Middlewares/lvgl/examples/styles/../../src/core/lv_disp.h **** /**********************
  25:Middlewares/lvgl/examples/styles/../../src/core/lv_disp.h ****  *      TYPEDEFS
  26:Middlewares/lvgl/examples/styles/../../src/core/lv_disp.h ****  **********************/
  27:Middlewares/lvgl/examples/styles/../../src/core/lv_disp.h **** 
  28:Middlewares/lvgl/examples/styles/../../src/core/lv_disp.h **** typedef enum {
  29:Middlewares/lvgl/examples/styles/../../src/core/lv_disp.h ****     LV_SCR_LOAD_ANIM_NONE,
ARM GAS  /tmp/cc6RqHKs.s 			page 3


  30:Middlewares/lvgl/examples/styles/../../src/core/lv_disp.h ****     LV_SCR_LOAD_ANIM_OVER_LEFT,
  31:Middlewares/lvgl/examples/styles/../../src/core/lv_disp.h ****     LV_SCR_LOAD_ANIM_OVER_RIGHT,
  32:Middlewares/lvgl/examples/styles/../../src/core/lv_disp.h ****     LV_SCR_LOAD_ANIM_OVER_TOP,
  33:Middlewares/lvgl/examples/styles/../../src/core/lv_disp.h ****     LV_SCR_LOAD_ANIM_OVER_BOTTOM,
  34:Middlewares/lvgl/examples/styles/../../src/core/lv_disp.h ****     LV_SCR_LOAD_ANIM_MOVE_LEFT,
  35:Middlewares/lvgl/examples/styles/../../src/core/lv_disp.h ****     LV_SCR_LOAD_ANIM_MOVE_RIGHT,
  36:Middlewares/lvgl/examples/styles/../../src/core/lv_disp.h ****     LV_SCR_LOAD_ANIM_MOVE_TOP,
  37:Middlewares/lvgl/examples/styles/../../src/core/lv_disp.h ****     LV_SCR_LOAD_ANIM_MOVE_BOTTOM,
  38:Middlewares/lvgl/examples/styles/../../src/core/lv_disp.h ****     LV_SCR_LOAD_ANIM_FADE_ON,
  39:Middlewares/lvgl/examples/styles/../../src/core/lv_disp.h **** } lv_scr_load_anim_t;
  40:Middlewares/lvgl/examples/styles/../../src/core/lv_disp.h **** 
  41:Middlewares/lvgl/examples/styles/../../src/core/lv_disp.h **** /**********************
  42:Middlewares/lvgl/examples/styles/../../src/core/lv_disp.h ****  * GLOBAL PROTOTYPES
  43:Middlewares/lvgl/examples/styles/../../src/core/lv_disp.h ****  **********************/
  44:Middlewares/lvgl/examples/styles/../../src/core/lv_disp.h **** 
  45:Middlewares/lvgl/examples/styles/../../src/core/lv_disp.h **** /**
  46:Middlewares/lvgl/examples/styles/../../src/core/lv_disp.h ****  * Return with a pointer to the active screen
  47:Middlewares/lvgl/examples/styles/../../src/core/lv_disp.h ****  * @param disp pointer to display which active screen should be get. (NULL to use the default
  48:Middlewares/lvgl/examples/styles/../../src/core/lv_disp.h ****  * screen)
  49:Middlewares/lvgl/examples/styles/../../src/core/lv_disp.h ****  * @return pointer to the active screen object (loaded by 'lv_scr_load()')
  50:Middlewares/lvgl/examples/styles/../../src/core/lv_disp.h ****  */
  51:Middlewares/lvgl/examples/styles/../../src/core/lv_disp.h **** lv_obj_t * lv_disp_get_scr_act(lv_disp_t * disp);
  52:Middlewares/lvgl/examples/styles/../../src/core/lv_disp.h **** 
  53:Middlewares/lvgl/examples/styles/../../src/core/lv_disp.h **** /**
  54:Middlewares/lvgl/examples/styles/../../src/core/lv_disp.h ****  * Return with a pointer to the previous screen. Only used during screen transitions.
  55:Middlewares/lvgl/examples/styles/../../src/core/lv_disp.h ****  * @param disp pointer to display which previous screen should be get. (NULL to use the default
  56:Middlewares/lvgl/examples/styles/../../src/core/lv_disp.h ****  * screen)
  57:Middlewares/lvgl/examples/styles/../../src/core/lv_disp.h ****  * @return pointer to the previous screen object or NULL if not used now
  58:Middlewares/lvgl/examples/styles/../../src/core/lv_disp.h ****  */
  59:Middlewares/lvgl/examples/styles/../../src/core/lv_disp.h **** lv_obj_t * lv_disp_get_scr_prev(lv_disp_t * disp);
  60:Middlewares/lvgl/examples/styles/../../src/core/lv_disp.h **** 
  61:Middlewares/lvgl/examples/styles/../../src/core/lv_disp.h **** /**
  62:Middlewares/lvgl/examples/styles/../../src/core/lv_disp.h ****  * Make a screen active
  63:Middlewares/lvgl/examples/styles/../../src/core/lv_disp.h ****  * @param scr pointer to a screen
  64:Middlewares/lvgl/examples/styles/../../src/core/lv_disp.h ****  */
  65:Middlewares/lvgl/examples/styles/../../src/core/lv_disp.h **** void lv_disp_load_scr(lv_obj_t * scr);
  66:Middlewares/lvgl/examples/styles/../../src/core/lv_disp.h **** 
  67:Middlewares/lvgl/examples/styles/../../src/core/lv_disp.h **** /**
  68:Middlewares/lvgl/examples/styles/../../src/core/lv_disp.h ****  * Return with the top layer. (Same on every screen and it is above the normal screen layer)
  69:Middlewares/lvgl/examples/styles/../../src/core/lv_disp.h ****  * @param disp pointer to display which top layer should be get. (NULL to use the default screen)
  70:Middlewares/lvgl/examples/styles/../../src/core/lv_disp.h ****  * @return pointer to the top layer object  (transparent screen sized lv_obj)
  71:Middlewares/lvgl/examples/styles/../../src/core/lv_disp.h ****  */
  72:Middlewares/lvgl/examples/styles/../../src/core/lv_disp.h **** lv_obj_t * lv_disp_get_layer_top(lv_disp_t * disp);
  73:Middlewares/lvgl/examples/styles/../../src/core/lv_disp.h **** 
  74:Middlewares/lvgl/examples/styles/../../src/core/lv_disp.h **** /**
  75:Middlewares/lvgl/examples/styles/../../src/core/lv_disp.h ****  * Return with the sys. layer. (Same on every screen and it is above the normal screen and the top
  76:Middlewares/lvgl/examples/styles/../../src/core/lv_disp.h ****  * layer)
  77:Middlewares/lvgl/examples/styles/../../src/core/lv_disp.h ****  * @param disp pointer to display which sys. layer  should be get. (NULL to use the default screen)
  78:Middlewares/lvgl/examples/styles/../../src/core/lv_disp.h ****  * @return pointer to the sys layer object  (transparent screen sized lv_obj)
  79:Middlewares/lvgl/examples/styles/../../src/core/lv_disp.h ****  */
  80:Middlewares/lvgl/examples/styles/../../src/core/lv_disp.h **** lv_obj_t * lv_disp_get_layer_sys(lv_disp_t * disp);
  81:Middlewares/lvgl/examples/styles/../../src/core/lv_disp.h **** 
  82:Middlewares/lvgl/examples/styles/../../src/core/lv_disp.h **** /**
  83:Middlewares/lvgl/examples/styles/../../src/core/lv_disp.h ****  * Get the theme of a display
  84:Middlewares/lvgl/examples/styles/../../src/core/lv_disp.h ****  * @param disp pointer to a display
  85:Middlewares/lvgl/examples/styles/../../src/core/lv_disp.h ****  * @return the display's theme (can be NULL)
  86:Middlewares/lvgl/examples/styles/../../src/core/lv_disp.h ****  */
ARM GAS  /tmp/cc6RqHKs.s 			page 4


  87:Middlewares/lvgl/examples/styles/../../src/core/lv_disp.h **** void lv_disp_set_theme(lv_disp_t * disp, lv_theme_t * th);
  88:Middlewares/lvgl/examples/styles/../../src/core/lv_disp.h **** 
  89:Middlewares/lvgl/examples/styles/../../src/core/lv_disp.h **** /**
  90:Middlewares/lvgl/examples/styles/../../src/core/lv_disp.h ****  * Get the theme of a display
  91:Middlewares/lvgl/examples/styles/../../src/core/lv_disp.h ****  * @param disp pointer to a display
  92:Middlewares/lvgl/examples/styles/../../src/core/lv_disp.h ****  * @return the display's theme (can be NULL)
  93:Middlewares/lvgl/examples/styles/../../src/core/lv_disp.h ****  */
  94:Middlewares/lvgl/examples/styles/../../src/core/lv_disp.h **** lv_theme_t * lv_disp_get_theme(lv_disp_t * disp);
  95:Middlewares/lvgl/examples/styles/../../src/core/lv_disp.h **** 
  96:Middlewares/lvgl/examples/styles/../../src/core/lv_disp.h **** /**
  97:Middlewares/lvgl/examples/styles/../../src/core/lv_disp.h ****  * Set the background color of a display
  98:Middlewares/lvgl/examples/styles/../../src/core/lv_disp.h ****  * @param disp pointer to a display
  99:Middlewares/lvgl/examples/styles/../../src/core/lv_disp.h ****  * @param color color of the background
 100:Middlewares/lvgl/examples/styles/../../src/core/lv_disp.h ****  */
 101:Middlewares/lvgl/examples/styles/../../src/core/lv_disp.h **** void lv_disp_set_bg_color(lv_disp_t * disp, lv_color_t color);
 102:Middlewares/lvgl/examples/styles/../../src/core/lv_disp.h **** 
 103:Middlewares/lvgl/examples/styles/../../src/core/lv_disp.h **** /**
 104:Middlewares/lvgl/examples/styles/../../src/core/lv_disp.h ****  * Set the background image of a display
 105:Middlewares/lvgl/examples/styles/../../src/core/lv_disp.h ****  * @param disp pointer to a display
 106:Middlewares/lvgl/examples/styles/../../src/core/lv_disp.h ****  * @param img_src path to file or pointer to an `lv_img_dsc_t` variable
 107:Middlewares/lvgl/examples/styles/../../src/core/lv_disp.h ****  */
 108:Middlewares/lvgl/examples/styles/../../src/core/lv_disp.h **** void lv_disp_set_bg_image(lv_disp_t * disp, const void  * img_src);
 109:Middlewares/lvgl/examples/styles/../../src/core/lv_disp.h **** 
 110:Middlewares/lvgl/examples/styles/../../src/core/lv_disp.h **** /**
 111:Middlewares/lvgl/examples/styles/../../src/core/lv_disp.h ****  * Opacity of the background
 112:Middlewares/lvgl/examples/styles/../../src/core/lv_disp.h ****  * @param disp pointer to a display
 113:Middlewares/lvgl/examples/styles/../../src/core/lv_disp.h ****  * @param opa opacity (0..255)
 114:Middlewares/lvgl/examples/styles/../../src/core/lv_disp.h ****  */
 115:Middlewares/lvgl/examples/styles/../../src/core/lv_disp.h **** void lv_disp_set_bg_opa(lv_disp_t * disp, lv_opa_t opa);
 116:Middlewares/lvgl/examples/styles/../../src/core/lv_disp.h **** 
 117:Middlewares/lvgl/examples/styles/../../src/core/lv_disp.h **** /**
 118:Middlewares/lvgl/examples/styles/../../src/core/lv_disp.h ****  * Switch screen with animation
 119:Middlewares/lvgl/examples/styles/../../src/core/lv_disp.h ****  * @param scr pointer to the new screen to load
 120:Middlewares/lvgl/examples/styles/../../src/core/lv_disp.h ****  * @param anim_type type of the animation from `lv_scr_load_anim_t`. E.g.  `LV_SCR_LOAD_ANIM_MOVE_L
 121:Middlewares/lvgl/examples/styles/../../src/core/lv_disp.h ****  * @param time time of the animation
 122:Middlewares/lvgl/examples/styles/../../src/core/lv_disp.h ****  * @param delay delay before the transition
 123:Middlewares/lvgl/examples/styles/../../src/core/lv_disp.h ****  * @param auto_del true: automatically delete the old screen
 124:Middlewares/lvgl/examples/styles/../../src/core/lv_disp.h ****  */
 125:Middlewares/lvgl/examples/styles/../../src/core/lv_disp.h **** void lv_scr_load_anim(lv_obj_t * scr, lv_scr_load_anim_t anim_type, uint32_t time, uint32_t delay, 
 126:Middlewares/lvgl/examples/styles/../../src/core/lv_disp.h **** 
 127:Middlewares/lvgl/examples/styles/../../src/core/lv_disp.h **** /**
 128:Middlewares/lvgl/examples/styles/../../src/core/lv_disp.h ****  * Get elapsed time since last user activity on a display (e.g. click)
 129:Middlewares/lvgl/examples/styles/../../src/core/lv_disp.h ****  * @param disp pointer to an display (NULL to get the overall smallest inactivity)
 130:Middlewares/lvgl/examples/styles/../../src/core/lv_disp.h ****  * @return elapsed ticks (milliseconds) since the last activity
 131:Middlewares/lvgl/examples/styles/../../src/core/lv_disp.h ****  */
 132:Middlewares/lvgl/examples/styles/../../src/core/lv_disp.h **** uint32_t lv_disp_get_inactive_time(const lv_disp_t * disp);
 133:Middlewares/lvgl/examples/styles/../../src/core/lv_disp.h **** 
 134:Middlewares/lvgl/examples/styles/../../src/core/lv_disp.h **** /**
 135:Middlewares/lvgl/examples/styles/../../src/core/lv_disp.h ****  * Manually trigger an activity on a display
 136:Middlewares/lvgl/examples/styles/../../src/core/lv_disp.h ****  * @param disp pointer to an display (NULL to use the default display)
 137:Middlewares/lvgl/examples/styles/../../src/core/lv_disp.h ****  */
 138:Middlewares/lvgl/examples/styles/../../src/core/lv_disp.h **** void lv_disp_trig_activity(lv_disp_t * disp);
 139:Middlewares/lvgl/examples/styles/../../src/core/lv_disp.h **** 
 140:Middlewares/lvgl/examples/styles/../../src/core/lv_disp.h **** /**
 141:Middlewares/lvgl/examples/styles/../../src/core/lv_disp.h ****  * Clean any CPU cache that is related to the display.
 142:Middlewares/lvgl/examples/styles/../../src/core/lv_disp.h ****  * @param disp pointer to an display (NULL to use the default display)
 143:Middlewares/lvgl/examples/styles/../../src/core/lv_disp.h ****  */
ARM GAS  /tmp/cc6RqHKs.s 			page 5


 144:Middlewares/lvgl/examples/styles/../../src/core/lv_disp.h **** void lv_disp_clean_dcache(lv_disp_t * disp);
 145:Middlewares/lvgl/examples/styles/../../src/core/lv_disp.h **** 
 146:Middlewares/lvgl/examples/styles/../../src/core/lv_disp.h **** /**
 147:Middlewares/lvgl/examples/styles/../../src/core/lv_disp.h ****  * Get a pointer to the screen refresher timer to
 148:Middlewares/lvgl/examples/styles/../../src/core/lv_disp.h ****  * modify its parameters with `lv_timer_...` functions.
 149:Middlewares/lvgl/examples/styles/../../src/core/lv_disp.h ****  * @param disp pointer to a display
 150:Middlewares/lvgl/examples/styles/../../src/core/lv_disp.h ****  * @return pointer to the display refresher timer. (NULL on error)
 151:Middlewares/lvgl/examples/styles/../../src/core/lv_disp.h ****  */
 152:Middlewares/lvgl/examples/styles/../../src/core/lv_disp.h **** lv_timer_t * _lv_disp_get_refr_timer(lv_disp_t * disp);
 153:Middlewares/lvgl/examples/styles/../../src/core/lv_disp.h **** 
 154:Middlewares/lvgl/examples/styles/../../src/core/lv_disp.h **** /*------------------------------------------------
 155:Middlewares/lvgl/examples/styles/../../src/core/lv_disp.h ****  * To improve backward compatibility
 156:Middlewares/lvgl/examples/styles/../../src/core/lv_disp.h ****  * Recommended only if you have one display
 157:Middlewares/lvgl/examples/styles/../../src/core/lv_disp.h ****  *------------------------------------------------*/
 158:Middlewares/lvgl/examples/styles/../../src/core/lv_disp.h **** 
 159:Middlewares/lvgl/examples/styles/../../src/core/lv_disp.h **** /**
 160:Middlewares/lvgl/examples/styles/../../src/core/lv_disp.h ****  * Get the active screen of the default display
 161:Middlewares/lvgl/examples/styles/../../src/core/lv_disp.h ****  * @return pointer to the active screen
 162:Middlewares/lvgl/examples/styles/../../src/core/lv_disp.h ****  */
 163:Middlewares/lvgl/examples/styles/../../src/core/lv_disp.h **** static inline lv_obj_t * lv_scr_act(void)
  72              		.loc 2 163 26 view .LVU7
  73              	.LBB9:
 164:Middlewares/lvgl/examples/styles/../../src/core/lv_disp.h **** {
 165:Middlewares/lvgl/examples/styles/../../src/core/lv_disp.h ****     return lv_disp_get_scr_act(lv_disp_get_default());
  74              		.loc 2 165 5 view .LVU8
  75              		.loc 2 165 12 is_stmt 0 view .LVU9
  76 0030 FFF7FEFF 		bl	lv_disp_get_default
  77              	.LVL6:
  78 0034 FFF7FEFF 		bl	lv_disp_get_scr_act
  79              	.LVL7:
  80              	.LBE9:
  81              	.LBE8:
  82              		.loc 1 15 22 view .LVU10
  83 0038 FFF7FEFF 		bl	lv_obj_create
  84              	.LVL8:
  85 003c 0546     		mov	r5, r0
  86              	.LVL9:
  16:Middlewares/lvgl/examples/styles/lv_example_style_12.c ****     lv_obj_add_style(obj, &style, 0);
  87              		.loc 1 16 5 is_stmt 1 view .LVU11
  88 003e 0022     		movs	r2, #0
  89 0040 2146     		mov	r1, r4
  90 0042 FFF7FEFF 		bl	lv_obj_add_style
  91              	.LVL10:
  17:Middlewares/lvgl/examples/styles/lv_example_style_12.c **** 
  18:Middlewares/lvgl/examples/styles/lv_example_style_12.c ****     /*Overwrite the background color locally*/
  19:Middlewares/lvgl/examples/styles/lv_example_style_12.c ****     lv_obj_set_style_bg_color(obj,lv_palette_main(LV_PALETTE_ORANGE), LV_PART_MAIN);
  92              		.loc 1 19 5 view .LVU12
  93 0046 0E20     		movs	r0, #14
  94 0048 FFF7FEFF 		bl	lv_palette_main
  95              	.LVL11:
  96 004c 0146     		mov	r1, r0	@ movhi
  97 004e 0022     		movs	r2, #0
  98 0050 2846     		mov	r0, r5
  99 0052 FFF7FEFF 		bl	lv_obj_set_style_bg_color
 100              	.LVL12:
  20:Middlewares/lvgl/examples/styles/lv_example_style_12.c **** 
  21:Middlewares/lvgl/examples/styles/lv_example_style_12.c ****     lv_obj_center(obj);
ARM GAS  /tmp/cc6RqHKs.s 			page 6


 101              		.loc 1 21 5 view .LVU13
 102              	.LBB10:
 103              	.LBI10:
 104              		.file 3 "Middlewares/lvgl/examples/styles/../../src/core/lv_obj_pos.h"
   1:Middlewares/lvgl/examples/styles/../../src/core/lv_obj_pos.h **** /**
   2:Middlewares/lvgl/examples/styles/../../src/core/lv_obj_pos.h ****  * @file lv_obj_pos.h
   3:Middlewares/lvgl/examples/styles/../../src/core/lv_obj_pos.h ****  *
   4:Middlewares/lvgl/examples/styles/../../src/core/lv_obj_pos.h ****  */
   5:Middlewares/lvgl/examples/styles/../../src/core/lv_obj_pos.h **** 
   6:Middlewares/lvgl/examples/styles/../../src/core/lv_obj_pos.h **** #ifndef LV_OBJ_POS_H
   7:Middlewares/lvgl/examples/styles/../../src/core/lv_obj_pos.h **** #define LV_OBJ_POS_H
   8:Middlewares/lvgl/examples/styles/../../src/core/lv_obj_pos.h **** 
   9:Middlewares/lvgl/examples/styles/../../src/core/lv_obj_pos.h **** #ifdef __cplusplus
  10:Middlewares/lvgl/examples/styles/../../src/core/lv_obj_pos.h **** extern "C" {
  11:Middlewares/lvgl/examples/styles/../../src/core/lv_obj_pos.h **** #endif
  12:Middlewares/lvgl/examples/styles/../../src/core/lv_obj_pos.h **** 
  13:Middlewares/lvgl/examples/styles/../../src/core/lv_obj_pos.h **** /*********************
  14:Middlewares/lvgl/examples/styles/../../src/core/lv_obj_pos.h ****  *      INCLUDES
  15:Middlewares/lvgl/examples/styles/../../src/core/lv_obj_pos.h ****  *********************/
  16:Middlewares/lvgl/examples/styles/../../src/core/lv_obj_pos.h **** #include "../misc/lv_area.h"
  17:Middlewares/lvgl/examples/styles/../../src/core/lv_obj_pos.h **** 
  18:Middlewares/lvgl/examples/styles/../../src/core/lv_obj_pos.h **** /*********************
  19:Middlewares/lvgl/examples/styles/../../src/core/lv_obj_pos.h ****  *      DEFINES
  20:Middlewares/lvgl/examples/styles/../../src/core/lv_obj_pos.h ****  *********************/
  21:Middlewares/lvgl/examples/styles/../../src/core/lv_obj_pos.h **** 
  22:Middlewares/lvgl/examples/styles/../../src/core/lv_obj_pos.h **** /**********************
  23:Middlewares/lvgl/examples/styles/../../src/core/lv_obj_pos.h ****  *      TYPEDEFS
  24:Middlewares/lvgl/examples/styles/../../src/core/lv_obj_pos.h ****  **********************/
  25:Middlewares/lvgl/examples/styles/../../src/core/lv_obj_pos.h **** struct _lv_obj_t;
  26:Middlewares/lvgl/examples/styles/../../src/core/lv_obj_pos.h **** 
  27:Middlewares/lvgl/examples/styles/../../src/core/lv_obj_pos.h **** typedef void (*lv_layout_update_cb_t)(struct _lv_obj_t *, void * user_data);
  28:Middlewares/lvgl/examples/styles/../../src/core/lv_obj_pos.h **** typedef struct {
  29:Middlewares/lvgl/examples/styles/../../src/core/lv_obj_pos.h ****     lv_layout_update_cb_t cb;
  30:Middlewares/lvgl/examples/styles/../../src/core/lv_obj_pos.h ****     void * user_data;
  31:Middlewares/lvgl/examples/styles/../../src/core/lv_obj_pos.h **** }lv_layout_dsc_t;
  32:Middlewares/lvgl/examples/styles/../../src/core/lv_obj_pos.h **** 
  33:Middlewares/lvgl/examples/styles/../../src/core/lv_obj_pos.h **** /**********************
  34:Middlewares/lvgl/examples/styles/../../src/core/lv_obj_pos.h ****  * GLOBAL PROTOTYPES
  35:Middlewares/lvgl/examples/styles/../../src/core/lv_obj_pos.h ****  **********************/
  36:Middlewares/lvgl/examples/styles/../../src/core/lv_obj_pos.h **** 
  37:Middlewares/lvgl/examples/styles/../../src/core/lv_obj_pos.h **** /**
  38:Middlewares/lvgl/examples/styles/../../src/core/lv_obj_pos.h ****  * Set the relative the position of an object (relative to the parent's top left corner)
  39:Middlewares/lvgl/examples/styles/../../src/core/lv_obj_pos.h ****  * @param obj       pointer to an object
  40:Middlewares/lvgl/examples/styles/../../src/core/lv_obj_pos.h ****  * @param x         new distance from the left side of the parent plus the parent's left padding
  41:Middlewares/lvgl/examples/styles/../../src/core/lv_obj_pos.h ****  * @param y         new distance from the top side of the parent  plus the parent's right padding
  42:Middlewares/lvgl/examples/styles/../../src/core/lv_obj_pos.h ****  */
  43:Middlewares/lvgl/examples/styles/../../src/core/lv_obj_pos.h **** void lv_obj_set_pos(struct _lv_obj_t * obj, lv_coord_t x, lv_coord_t y);
  44:Middlewares/lvgl/examples/styles/../../src/core/lv_obj_pos.h **** 
  45:Middlewares/lvgl/examples/styles/../../src/core/lv_obj_pos.h **** /**
  46:Middlewares/lvgl/examples/styles/../../src/core/lv_obj_pos.h ****  * Set the x coordinate of a object
  47:Middlewares/lvgl/examples/styles/../../src/core/lv_obj_pos.h ****  * @param obj       pointer to an object
  48:Middlewares/lvgl/examples/styles/../../src/core/lv_obj_pos.h ****  * @param x         new distance from the left side from the parent plus the parent's left padding
  49:Middlewares/lvgl/examples/styles/../../src/core/lv_obj_pos.h ****  */
  50:Middlewares/lvgl/examples/styles/../../src/core/lv_obj_pos.h **** void lv_obj_set_x(struct _lv_obj_t * obj, lv_coord_t x);
  51:Middlewares/lvgl/examples/styles/../../src/core/lv_obj_pos.h **** 
  52:Middlewares/lvgl/examples/styles/../../src/core/lv_obj_pos.h **** /**
  53:Middlewares/lvgl/examples/styles/../../src/core/lv_obj_pos.h ****  * Set the y coordinate of a object
ARM GAS  /tmp/cc6RqHKs.s 			page 7


  54:Middlewares/lvgl/examples/styles/../../src/core/lv_obj_pos.h ****  * @param obj       pointer to an object
  55:Middlewares/lvgl/examples/styles/../../src/core/lv_obj_pos.h ****  * @param y         new distance from the top of the parent  plus the parent's top padding
  56:Middlewares/lvgl/examples/styles/../../src/core/lv_obj_pos.h ****  */
  57:Middlewares/lvgl/examples/styles/../../src/core/lv_obj_pos.h **** void lv_obj_set_y(struct _lv_obj_t * obj, lv_coord_t y);
  58:Middlewares/lvgl/examples/styles/../../src/core/lv_obj_pos.h **** 
  59:Middlewares/lvgl/examples/styles/../../src/core/lv_obj_pos.h **** /**
  60:Middlewares/lvgl/examples/styles/../../src/core/lv_obj_pos.h ****  * Set the size of an object.
  61:Middlewares/lvgl/examples/styles/../../src/core/lv_obj_pos.h ****  * @param obj       pointer to an object
  62:Middlewares/lvgl/examples/styles/../../src/core/lv_obj_pos.h ****  * @param w         the new width
  63:Middlewares/lvgl/examples/styles/../../src/core/lv_obj_pos.h ****  * @param h         the new height
  64:Middlewares/lvgl/examples/styles/../../src/core/lv_obj_pos.h ****  * @note            possible values are:
  65:Middlewares/lvgl/examples/styles/../../src/core/lv_obj_pos.h ****  *                  pixel               simple set the size accordingly
  66:Middlewares/lvgl/examples/styles/../../src/core/lv_obj_pos.h ****  *                  LV_SIZE_CONTENT     set the size to involve all children in the given direction
  67:Middlewares/lvgl/examples/styles/../../src/core/lv_obj_pos.h ****  *                  LV_SIZE_PCT(x)     to set size in percentage of the parent's content area size 
  68:Middlewares/lvgl/examples/styles/../../src/core/lv_obj_pos.h ****  *                                      x should be in [0..1000]% range
  69:Middlewares/lvgl/examples/styles/../../src/core/lv_obj_pos.h ****  */
  70:Middlewares/lvgl/examples/styles/../../src/core/lv_obj_pos.h **** void lv_obj_set_size(struct _lv_obj_t * obj, lv_coord_t w, lv_coord_t h);
  71:Middlewares/lvgl/examples/styles/../../src/core/lv_obj_pos.h **** 
  72:Middlewares/lvgl/examples/styles/../../src/core/lv_obj_pos.h **** /**
  73:Middlewares/lvgl/examples/styles/../../src/core/lv_obj_pos.h ****  * Recalculate the size of the object
  74:Middlewares/lvgl/examples/styles/../../src/core/lv_obj_pos.h ****  * @param obj       pointer to an object
  75:Middlewares/lvgl/examples/styles/../../src/core/lv_obj_pos.h ****  * @return          true: the size has been changed
  76:Middlewares/lvgl/examples/styles/../../src/core/lv_obj_pos.h ****  */
  77:Middlewares/lvgl/examples/styles/../../src/core/lv_obj_pos.h **** bool lv_obj_refr_size(struct _lv_obj_t * obj);
  78:Middlewares/lvgl/examples/styles/../../src/core/lv_obj_pos.h **** 
  79:Middlewares/lvgl/examples/styles/../../src/core/lv_obj_pos.h **** /**
  80:Middlewares/lvgl/examples/styles/../../src/core/lv_obj_pos.h ****  * Set the width of an object
  81:Middlewares/lvgl/examples/styles/../../src/core/lv_obj_pos.h ****  * @param obj       pointer to an object
  82:Middlewares/lvgl/examples/styles/../../src/core/lv_obj_pos.h ****  * @param w         the new width
  83:Middlewares/lvgl/examples/styles/../../src/core/lv_obj_pos.h ****  * @note            possible values are:
  84:Middlewares/lvgl/examples/styles/../../src/core/lv_obj_pos.h ****  *                  pixel               simple set the size accordingly
  85:Middlewares/lvgl/examples/styles/../../src/core/lv_obj_pos.h ****  *                  LV_SIZE_CONTENT     set the size to involve all children in the given direction
  86:Middlewares/lvgl/examples/styles/../../src/core/lv_obj_pos.h ****  *                  lv_pct(x)           to set size in percentage of the parent's content area size
  87:Middlewares/lvgl/examples/styles/../../src/core/lv_obj_pos.h ****  *                                      x should be in [0..1000]% range
  88:Middlewares/lvgl/examples/styles/../../src/core/lv_obj_pos.h ****  */
  89:Middlewares/lvgl/examples/styles/../../src/core/lv_obj_pos.h **** void lv_obj_set_width(struct _lv_obj_t * obj, lv_coord_t w);
  90:Middlewares/lvgl/examples/styles/../../src/core/lv_obj_pos.h **** 
  91:Middlewares/lvgl/examples/styles/../../src/core/lv_obj_pos.h **** /**
  92:Middlewares/lvgl/examples/styles/../../src/core/lv_obj_pos.h ****  * Set the height of an object
  93:Middlewares/lvgl/examples/styles/../../src/core/lv_obj_pos.h ****  * @param obj       pointer to an object
  94:Middlewares/lvgl/examples/styles/../../src/core/lv_obj_pos.h ****  * @param h         the new height
  95:Middlewares/lvgl/examples/styles/../../src/core/lv_obj_pos.h ****  * @note            possible values are:
  96:Middlewares/lvgl/examples/styles/../../src/core/lv_obj_pos.h ****  *                  pixel               simple set the size accordingly
  97:Middlewares/lvgl/examples/styles/../../src/core/lv_obj_pos.h ****  *                  LV_SIZE_CONTENT     set the size to involve all children in the given direction
  98:Middlewares/lvgl/examples/styles/../../src/core/lv_obj_pos.h ****  *                  lv_pct(x)           to set size in percentage of the parent's content area size
  99:Middlewares/lvgl/examples/styles/../../src/core/lv_obj_pos.h ****  *                                      x should be in [0..1000]% range
 100:Middlewares/lvgl/examples/styles/../../src/core/lv_obj_pos.h ****  */
 101:Middlewares/lvgl/examples/styles/../../src/core/lv_obj_pos.h **** void lv_obj_set_height(struct _lv_obj_t * obj, lv_coord_t h);
 102:Middlewares/lvgl/examples/styles/../../src/core/lv_obj_pos.h **** 
 103:Middlewares/lvgl/examples/styles/../../src/core/lv_obj_pos.h **** /**
 104:Middlewares/lvgl/examples/styles/../../src/core/lv_obj_pos.h ****  * Set the width reduced by the left and right padding and the border width.
 105:Middlewares/lvgl/examples/styles/../../src/core/lv_obj_pos.h ****  * @param obj       pointer to an object
 106:Middlewares/lvgl/examples/styles/../../src/core/lv_obj_pos.h ****  * @param w         the width without paddings in pixels
 107:Middlewares/lvgl/examples/styles/../../src/core/lv_obj_pos.h ****  */
 108:Middlewares/lvgl/examples/styles/../../src/core/lv_obj_pos.h **** void lv_obj_set_content_width(struct _lv_obj_t * obj, lv_coord_t w);
 109:Middlewares/lvgl/examples/styles/../../src/core/lv_obj_pos.h **** 
 110:Middlewares/lvgl/examples/styles/../../src/core/lv_obj_pos.h **** /**
ARM GAS  /tmp/cc6RqHKs.s 			page 8


 111:Middlewares/lvgl/examples/styles/../../src/core/lv_obj_pos.h ****  * Set the height reduced by the top and bottom padding and the border width.
 112:Middlewares/lvgl/examples/styles/../../src/core/lv_obj_pos.h ****  * @param obj       pointer to an object
 113:Middlewares/lvgl/examples/styles/../../src/core/lv_obj_pos.h ****  * @param h         the height without paddings in pixels
 114:Middlewares/lvgl/examples/styles/../../src/core/lv_obj_pos.h ****  */
 115:Middlewares/lvgl/examples/styles/../../src/core/lv_obj_pos.h **** void lv_obj_set_content_height(struct _lv_obj_t * obj, lv_coord_t h);
 116:Middlewares/lvgl/examples/styles/../../src/core/lv_obj_pos.h **** 
 117:Middlewares/lvgl/examples/styles/../../src/core/lv_obj_pos.h **** /**
 118:Middlewares/lvgl/examples/styles/../../src/core/lv_obj_pos.h ****  * Set a layout for an object
 119:Middlewares/lvgl/examples/styles/../../src/core/lv_obj_pos.h ****  * @param obj       pointer to an object
 120:Middlewares/lvgl/examples/styles/../../src/core/lv_obj_pos.h ****  * @param layout    pointer to a layout descriptor to set
 121:Middlewares/lvgl/examples/styles/../../src/core/lv_obj_pos.h ****  */
 122:Middlewares/lvgl/examples/styles/../../src/core/lv_obj_pos.h **** void lv_obj_set_layout(struct _lv_obj_t * obj, uint32_t layout);
 123:Middlewares/lvgl/examples/styles/../../src/core/lv_obj_pos.h **** 
 124:Middlewares/lvgl/examples/styles/../../src/core/lv_obj_pos.h **** /**
 125:Middlewares/lvgl/examples/styles/../../src/core/lv_obj_pos.h ****  * Test whether the and object is positioned by a layout or not
 126:Middlewares/lvgl/examples/styles/../../src/core/lv_obj_pos.h ****  * @param obj       pointer to an object to test
 127:Middlewares/lvgl/examples/styles/../../src/core/lv_obj_pos.h ****  * @return true:    positioned by a layout; false: not positioned by a layout
 128:Middlewares/lvgl/examples/styles/../../src/core/lv_obj_pos.h ****  */
 129:Middlewares/lvgl/examples/styles/../../src/core/lv_obj_pos.h **** bool lv_obj_is_layout_positioned(const struct _lv_obj_t * obj);
 130:Middlewares/lvgl/examples/styles/../../src/core/lv_obj_pos.h **** 
 131:Middlewares/lvgl/examples/styles/../../src/core/lv_obj_pos.h **** /**
 132:Middlewares/lvgl/examples/styles/../../src/core/lv_obj_pos.h ****  * Mark the object for layout update.
 133:Middlewares/lvgl/examples/styles/../../src/core/lv_obj_pos.h ****  * @param obj      pointer to an object whose children needs to be updated
 134:Middlewares/lvgl/examples/styles/../../src/core/lv_obj_pos.h ****  */
 135:Middlewares/lvgl/examples/styles/../../src/core/lv_obj_pos.h **** void lv_obj_mark_layout_as_dirty(struct _lv_obj_t * obj);
 136:Middlewares/lvgl/examples/styles/../../src/core/lv_obj_pos.h **** 
 137:Middlewares/lvgl/examples/styles/../../src/core/lv_obj_pos.h **** /**
 138:Middlewares/lvgl/examples/styles/../../src/core/lv_obj_pos.h ****  * Update the layout of an object.
 139:Middlewares/lvgl/examples/styles/../../src/core/lv_obj_pos.h ****  * @param obj      pointer to an object whose children needs to be updated
 140:Middlewares/lvgl/examples/styles/../../src/core/lv_obj_pos.h ****  */
 141:Middlewares/lvgl/examples/styles/../../src/core/lv_obj_pos.h **** void lv_obj_update_layout(const struct _lv_obj_t * obj);
 142:Middlewares/lvgl/examples/styles/../../src/core/lv_obj_pos.h **** 
 143:Middlewares/lvgl/examples/styles/../../src/core/lv_obj_pos.h **** /**
 144:Middlewares/lvgl/examples/styles/../../src/core/lv_obj_pos.h ****  * Regsiter a new layout
 145:Middlewares/lvgl/examples/styles/../../src/core/lv_obj_pos.h ****  * @param cb        the layout update callback
 146:Middlewares/lvgl/examples/styles/../../src/core/lv_obj_pos.h ****  * @param user_data custom data that will be passed to `cb`
 147:Middlewares/lvgl/examples/styles/../../src/core/lv_obj_pos.h ****  * @return          the ID of the new layout
 148:Middlewares/lvgl/examples/styles/../../src/core/lv_obj_pos.h ****  */
 149:Middlewares/lvgl/examples/styles/../../src/core/lv_obj_pos.h **** uint32_t lv_layout_register(lv_layout_update_cb_t cb, void * user_data);
 150:Middlewares/lvgl/examples/styles/../../src/core/lv_obj_pos.h **** 
 151:Middlewares/lvgl/examples/styles/../../src/core/lv_obj_pos.h **** /**
 152:Middlewares/lvgl/examples/styles/../../src/core/lv_obj_pos.h ****  * Change the alignment of an object.
 153:Middlewares/lvgl/examples/styles/../../src/core/lv_obj_pos.h ****  * @param obj       pointer to an object to align
 154:Middlewares/lvgl/examples/styles/../../src/core/lv_obj_pos.h ****  * @param align     type of alignment (see 'lv_align_t' enum) `LV_ALIGN_OUT_...` can't be used.
 155:Middlewares/lvgl/examples/styles/../../src/core/lv_obj_pos.h ****  */
 156:Middlewares/lvgl/examples/styles/../../src/core/lv_obj_pos.h **** void lv_obj_set_align(struct _lv_obj_t * obj, lv_align_t align);
 157:Middlewares/lvgl/examples/styles/../../src/core/lv_obj_pos.h **** 
 158:Middlewares/lvgl/examples/styles/../../src/core/lv_obj_pos.h **** /**
 159:Middlewares/lvgl/examples/styles/../../src/core/lv_obj_pos.h ****  * Change the alignment of an object and set new coordinates.
 160:Middlewares/lvgl/examples/styles/../../src/core/lv_obj_pos.h ****  * Equivalent to:
 161:Middlewares/lvgl/examples/styles/../../src/core/lv_obj_pos.h ****  * lv_obj_set_align(obj, align);
 162:Middlewares/lvgl/examples/styles/../../src/core/lv_obj_pos.h ****  * lv_obj_set_pos(obj, x_ofs, y_ofs);
 163:Middlewares/lvgl/examples/styles/../../src/core/lv_obj_pos.h ****  * @param obj       pointer to an object to align
 164:Middlewares/lvgl/examples/styles/../../src/core/lv_obj_pos.h ****  * @param align     type of alignment (see 'lv_align_t' enum) `LV_ALIGN_OUT_...` can't be used.
 165:Middlewares/lvgl/examples/styles/../../src/core/lv_obj_pos.h ****  * @param x_ofs     x coordinate offset after alignment
 166:Middlewares/lvgl/examples/styles/../../src/core/lv_obj_pos.h ****  * @param y_ofs     y coordinate offset after alignment
 167:Middlewares/lvgl/examples/styles/../../src/core/lv_obj_pos.h ****  */
ARM GAS  /tmp/cc6RqHKs.s 			page 9


 168:Middlewares/lvgl/examples/styles/../../src/core/lv_obj_pos.h **** void lv_obj_align(struct _lv_obj_t * obj, lv_align_t align, lv_coord_t x_ofs, lv_coord_t y_ofs);
 169:Middlewares/lvgl/examples/styles/../../src/core/lv_obj_pos.h **** 
 170:Middlewares/lvgl/examples/styles/../../src/core/lv_obj_pos.h **** /**
 171:Middlewares/lvgl/examples/styles/../../src/core/lv_obj_pos.h ****  * Align an object to an other object.
 172:Middlewares/lvgl/examples/styles/../../src/core/lv_obj_pos.h ****  * @param obj       pointer to an object to align
 173:Middlewares/lvgl/examples/styles/../../src/core/lv_obj_pos.h ****  * @param base      pointer to an other object (if NULL `obj`s parent is used). 'obj' will be align
 174:Middlewares/lvgl/examples/styles/../../src/core/lv_obj_pos.h ****  * @param align     type of alignment (see 'lv_align_t' enum)
 175:Middlewares/lvgl/examples/styles/../../src/core/lv_obj_pos.h ****  * @param x_ofs     x coordinate offset after alignment
 176:Middlewares/lvgl/examples/styles/../../src/core/lv_obj_pos.h ****  * @param y_ofs     y coordinate offset after alignment
 177:Middlewares/lvgl/examples/styles/../../src/core/lv_obj_pos.h ****  * @note            if the position or size of `base` changes `obj` needs to be aligned manually ag
 178:Middlewares/lvgl/examples/styles/../../src/core/lv_obj_pos.h ****  */
 179:Middlewares/lvgl/examples/styles/../../src/core/lv_obj_pos.h **** void lv_obj_align_to(struct _lv_obj_t * obj, const struct _lv_obj_t * base, lv_align_t align, lv_co
 180:Middlewares/lvgl/examples/styles/../../src/core/lv_obj_pos.h **** 
 181:Middlewares/lvgl/examples/styles/../../src/core/lv_obj_pos.h **** /**
 182:Middlewares/lvgl/examples/styles/../../src/core/lv_obj_pos.h ****  * Align an object to the center on its parent.
 183:Middlewares/lvgl/examples/styles/../../src/core/lv_obj_pos.h ****  * @param obj       pointer to an object to align
 184:Middlewares/lvgl/examples/styles/../../src/core/lv_obj_pos.h ****  * @note            if the parent size changes `obj` needs to be aligned manually again
 185:Middlewares/lvgl/examples/styles/../../src/core/lv_obj_pos.h ****  */
 186:Middlewares/lvgl/examples/styles/../../src/core/lv_obj_pos.h **** static inline void lv_obj_center(struct _lv_obj_t * obj)
 105              		.loc 3 186 20 view .LVU14
 106              	.LBB11:
 187:Middlewares/lvgl/examples/styles/../../src/core/lv_obj_pos.h **** {
 188:Middlewares/lvgl/examples/styles/../../src/core/lv_obj_pos.h ****     lv_obj_align(obj, LV_ALIGN_CENTER, 0, 0);
 107              		.loc 3 188 5 view .LVU15
 108 0056 0023     		movs	r3, #0
 109 0058 1A46     		mov	r2, r3
 110 005a 0921     		movs	r1, #9
 111 005c 2846     		mov	r0, r5
 112 005e FFF7FEFF 		bl	lv_obj_align
 113              	.LVL13:
 114              		.loc 3 188 5 is_stmt 0 view .LVU16
 115              	.LBE11:
 116              	.LBE10:
  22:Middlewares/lvgl/examples/styles/lv_example_style_12.c **** }
 117              		.loc 1 22 1 view .LVU17
 118 0062 38BD     		pop	{r3, r4, r5, pc}
 119              	.LVL14:
 120              	.L4:
 121              		.loc 1 22 1 view .LVU18
 122              		.align	2
 123              	.L3:
 124 0064 00000000 		.word	.LANCHOR0
 125              		.cfi_endproc
 126              	.LFE184:
 128              		.section	.bss.style.0,"aw",%nobits
 129              		.align	2
 130              		.set	.LANCHOR0,. + 0
 133              	style.0:
 134 0000 00000000 		.space	8
 134      00000000 
 135              		.text
 136              	.Letext0:
 137              		.file 4 "/home/akinya/gcc-arm-none-eabi/arm-none-eabi/include/machine/_default_types.h"
 138              		.file 5 "/home/akinya/gcc-arm-none-eabi/arm-none-eabi/include/sys/_stdint.h"
 139              		.file 6 "Middlewares/lvgl/examples/styles/../../src/misc/lv_ll.h"
 140              		.file 7 "Middlewares/lvgl/examples/styles/../../src/hal/../misc/lv_color.h"
 141              		.file 8 "Middlewares/lvgl/examples/styles/../../src/hal/../misc/lv_area.h"
ARM GAS  /tmp/cc6RqHKs.s 			page 10


 142              		.file 9 "Middlewares/lvgl/examples/styles/../../src/core/lv_obj.h"
 143              		.file 10 "Middlewares/lvgl/examples/styles/../../src/core/lv_group.h"
 144              		.file 11 "Middlewares/lvgl/examples/styles/../../src/core/../misc/lv_style.h"
 145              		.file 12 "Middlewares/lvgl/examples/styles/../../src/core/lv_obj_scroll.h"
 146              		.file 13 "Middlewares/lvgl/examples/styles/../../src/core/lv_obj_style.h"
 147              		.file 14 "Middlewares/lvgl/examples/styles/../../src/core/lv_obj_class.h"
 148              		.file 15 "Middlewares/lvgl/examples/styles/../../src/core/lv_event.h"
 149              		.file 16 "Middlewares/lvgl/examples/styles/../../src/hal/lv_hal_disp.h"
 150              		.file 17 "Middlewares/lvgl/examples/styles/../../src/core/../misc/lv_style_gen.h"
 151              		.file 18 "Middlewares/lvgl/examples/styles/../../src/core/lv_obj_style_gen.h"
ARM GAS  /tmp/cc6RqHKs.s 			page 11


DEFINED SYMBOLS
                            *ABS*:0000000000000000 lv_example_style_12.c
     /tmp/cc6RqHKs.s:18     .text.lv_example_style_12:0000000000000000 $t
     /tmp/cc6RqHKs.s:26     .text.lv_example_style_12:0000000000000000 lv_example_style_12
     /tmp/cc6RqHKs.s:124    .text.lv_example_style_12:0000000000000064 $d
     /tmp/cc6RqHKs.s:129    .bss.style.0:0000000000000000 $d
     /tmp/cc6RqHKs.s:133    .bss.style.0:0000000000000000 style.0

UNDEFINED SYMBOLS
lv_style_init
lv_palette_main
lv_style_set_bg_color
lv_palette_lighten
lv_style_set_border_color
lv_style_set_border_width
lv_disp_get_default
lv_disp_get_scr_act
lv_obj_create
lv_obj_add_style
lv_obj_set_style_bg_color
lv_obj_align
