ARM GAS  /tmp/ccxgCiWQ.s 			page 1


   1              		.cpu cortex-m4
   2              		.eabi_attribute 27, 1
   3              		.eabi_attribute 28, 1
   4              		.eabi_attribute 20, 1
   5              		.eabi_attribute 21, 1
   6              		.eabi_attribute 23, 3
   7              		.eabi_attribute 24, 1
   8              		.eabi_attribute 25, 1
   9              		.eabi_attribute 26, 1
  10              		.eabi_attribute 30, 1
  11              		.eabi_attribute 34, 1
  12              		.eabi_attribute 18, 4
  13              		.file	"lv_timer.c"
  14              		.text
  15              	.Ltext0:
  16              		.cfi_sections	.debug_frame
  17              		.section	.text.lv_timer_time_remaining,"ax",%progbits
  18              		.align	1
  19              		.arch armv7e-m
  20              		.syntax unified
  21              		.thumb
  22              		.thumb_func
  23              		.fpu fpv4-sp-d16
  25              	lv_timer_time_remaining:
  26              	.LVL0:
  27              	.LFB39:
  28              		.file 1 "Middlewares/lvgl/src/misc/lv_timer.c"
   1:Middlewares/lvgl/src/misc/lv_timer.c **** /**
   2:Middlewares/lvgl/src/misc/lv_timer.c ****  * @file lv_timer.c
   3:Middlewares/lvgl/src/misc/lv_timer.c ****  */
   4:Middlewares/lvgl/src/misc/lv_timer.c **** 
   5:Middlewares/lvgl/src/misc/lv_timer.c **** /*********************
   6:Middlewares/lvgl/src/misc/lv_timer.c ****  *      INCLUDES
   7:Middlewares/lvgl/src/misc/lv_timer.c ****  *********************/
   8:Middlewares/lvgl/src/misc/lv_timer.c **** #include "lv_timer.h"
   9:Middlewares/lvgl/src/misc/lv_timer.c **** #include <stddef.h>
  10:Middlewares/lvgl/src/misc/lv_timer.c **** #include "../misc/lv_assert.h"
  11:Middlewares/lvgl/src/misc/lv_timer.c **** #include "../hal/lv_hal_tick.h"
  12:Middlewares/lvgl/src/misc/lv_timer.c **** #include "lv_gc.h"
  13:Middlewares/lvgl/src/misc/lv_timer.c **** 
  14:Middlewares/lvgl/src/misc/lv_timer.c **** /*********************
  15:Middlewares/lvgl/src/misc/lv_timer.c ****  *      DEFINES
  16:Middlewares/lvgl/src/misc/lv_timer.c ****  *********************/
  17:Middlewares/lvgl/src/misc/lv_timer.c **** #define IDLE_MEAS_PERIOD 500 /*[ms]*/
  18:Middlewares/lvgl/src/misc/lv_timer.c **** #define DEF_PERIOD 500
  19:Middlewares/lvgl/src/misc/lv_timer.c **** 
  20:Middlewares/lvgl/src/misc/lv_timer.c **** /**********************
  21:Middlewares/lvgl/src/misc/lv_timer.c ****  *      TYPEDEFS
  22:Middlewares/lvgl/src/misc/lv_timer.c ****  **********************/
  23:Middlewares/lvgl/src/misc/lv_timer.c **** 
  24:Middlewares/lvgl/src/misc/lv_timer.c **** /**********************
  25:Middlewares/lvgl/src/misc/lv_timer.c ****  *  STATIC PROTOTYPES
  26:Middlewares/lvgl/src/misc/lv_timer.c ****  **********************/
  27:Middlewares/lvgl/src/misc/lv_timer.c **** static bool lv_timer_exec(lv_timer_t * timer);
  28:Middlewares/lvgl/src/misc/lv_timer.c **** static uint32_t lv_timer_time_remaining(lv_timer_t * timer);
  29:Middlewares/lvgl/src/misc/lv_timer.c **** 
  30:Middlewares/lvgl/src/misc/lv_timer.c **** /**********************
ARM GAS  /tmp/ccxgCiWQ.s 			page 2


  31:Middlewares/lvgl/src/misc/lv_timer.c ****  *  STATIC VARIABLES
  32:Middlewares/lvgl/src/misc/lv_timer.c ****  **********************/
  33:Middlewares/lvgl/src/misc/lv_timer.c **** static bool lv_timer_run = false;
  34:Middlewares/lvgl/src/misc/lv_timer.c **** static uint8_t idle_last = 0;
  35:Middlewares/lvgl/src/misc/lv_timer.c **** static bool timer_deleted;
  36:Middlewares/lvgl/src/misc/lv_timer.c **** static bool timer_created;
  37:Middlewares/lvgl/src/misc/lv_timer.c **** 
  38:Middlewares/lvgl/src/misc/lv_timer.c **** /**********************
  39:Middlewares/lvgl/src/misc/lv_timer.c ****  *      MACROS
  40:Middlewares/lvgl/src/misc/lv_timer.c ****  **********************/
  41:Middlewares/lvgl/src/misc/lv_timer.c **** #if LV_LOG_TRACE_TIMER
  42:Middlewares/lvgl/src/misc/lv_timer.c **** #  define TIMER_TRACE(...) LV_LOG_TRACE( __VA_ARGS__)
  43:Middlewares/lvgl/src/misc/lv_timer.c **** #else
  44:Middlewares/lvgl/src/misc/lv_timer.c **** #  define TIMER_TRACE(...)
  45:Middlewares/lvgl/src/misc/lv_timer.c **** #endif
  46:Middlewares/lvgl/src/misc/lv_timer.c **** 
  47:Middlewares/lvgl/src/misc/lv_timer.c **** /**********************
  48:Middlewares/lvgl/src/misc/lv_timer.c ****  *   GLOBAL FUNCTIONS
  49:Middlewares/lvgl/src/misc/lv_timer.c ****  **********************/
  50:Middlewares/lvgl/src/misc/lv_timer.c **** 
  51:Middlewares/lvgl/src/misc/lv_timer.c **** /**
  52:Middlewares/lvgl/src/misc/lv_timer.c ****  * Init the lv_timer module
  53:Middlewares/lvgl/src/misc/lv_timer.c ****  */
  54:Middlewares/lvgl/src/misc/lv_timer.c **** void _lv_timer_core_init(void)
  55:Middlewares/lvgl/src/misc/lv_timer.c **** {
  56:Middlewares/lvgl/src/misc/lv_timer.c ****     _lv_ll_init(&LV_GC_ROOT(_lv_timer_ll), sizeof(lv_timer_t));
  57:Middlewares/lvgl/src/misc/lv_timer.c **** 
  58:Middlewares/lvgl/src/misc/lv_timer.c ****     /*Initially enable the lv_timer handling*/
  59:Middlewares/lvgl/src/misc/lv_timer.c ****     lv_timer_enable(true);
  60:Middlewares/lvgl/src/misc/lv_timer.c **** }
  61:Middlewares/lvgl/src/misc/lv_timer.c **** 
  62:Middlewares/lvgl/src/misc/lv_timer.c **** /**
  63:Middlewares/lvgl/src/misc/lv_timer.c ****  * Call it  periodically to handle lv_timers.
  64:Middlewares/lvgl/src/misc/lv_timer.c ****  * @return the time after which it must be called again
  65:Middlewares/lvgl/src/misc/lv_timer.c ****  */
  66:Middlewares/lvgl/src/misc/lv_timer.c **** LV_ATTRIBUTE_TIMER_HANDLER uint32_t lv_timer_handler(void)
  67:Middlewares/lvgl/src/misc/lv_timer.c **** {
  68:Middlewares/lvgl/src/misc/lv_timer.c ****     TIMER_TRACE("begin");
  69:Middlewares/lvgl/src/misc/lv_timer.c **** 
  70:Middlewares/lvgl/src/misc/lv_timer.c ****     /*Avoid concurrent running of the timer handler*/
  71:Middlewares/lvgl/src/misc/lv_timer.c ****     static bool already_running = false;
  72:Middlewares/lvgl/src/misc/lv_timer.c ****     if(already_running) return 1;
  73:Middlewares/lvgl/src/misc/lv_timer.c ****     already_running = true;
  74:Middlewares/lvgl/src/misc/lv_timer.c **** 
  75:Middlewares/lvgl/src/misc/lv_timer.c ****     if(lv_timer_run == false) {
  76:Middlewares/lvgl/src/misc/lv_timer.c ****         already_running = false; /*Release mutex*/
  77:Middlewares/lvgl/src/misc/lv_timer.c ****         TIMER_TRACE("already running, concurrent calls are not allow, returning");
  78:Middlewares/lvgl/src/misc/lv_timer.c ****         return 1;
  79:Middlewares/lvgl/src/misc/lv_timer.c ****     }
  80:Middlewares/lvgl/src/misc/lv_timer.c **** 
  81:Middlewares/lvgl/src/misc/lv_timer.c ****     static uint32_t idle_period_start = 0;
  82:Middlewares/lvgl/src/misc/lv_timer.c ****     static uint32_t busy_time         = 0;
  83:Middlewares/lvgl/src/misc/lv_timer.c **** 
  84:Middlewares/lvgl/src/misc/lv_timer.c ****     uint32_t handler_start = lv_tick_get();
  85:Middlewares/lvgl/src/misc/lv_timer.c **** 
  86:Middlewares/lvgl/src/misc/lv_timer.c ****     if(handler_start == 0) {
  87:Middlewares/lvgl/src/misc/lv_timer.c ****         static uint32_t run_cnt = 0;
ARM GAS  /tmp/ccxgCiWQ.s 			page 3


  88:Middlewares/lvgl/src/misc/lv_timer.c ****         run_cnt ++;
  89:Middlewares/lvgl/src/misc/lv_timer.c ****         if(run_cnt > 100) {
  90:Middlewares/lvgl/src/misc/lv_timer.c ****             run_cnt = 0;
  91:Middlewares/lvgl/src/misc/lv_timer.c ****             LV_LOG_WARN("It seems lv_tick_inc() is not called.");
  92:Middlewares/lvgl/src/misc/lv_timer.c ****         }
  93:Middlewares/lvgl/src/misc/lv_timer.c ****     }
  94:Middlewares/lvgl/src/misc/lv_timer.c **** 
  95:Middlewares/lvgl/src/misc/lv_timer.c ****     /*Run all timer from the list*/
  96:Middlewares/lvgl/src/misc/lv_timer.c ****     lv_timer_t * next;
  97:Middlewares/lvgl/src/misc/lv_timer.c ****     do {
  98:Middlewares/lvgl/src/misc/lv_timer.c ****         timer_deleted             = false;
  99:Middlewares/lvgl/src/misc/lv_timer.c ****         timer_created             = false;
 100:Middlewares/lvgl/src/misc/lv_timer.c ****         LV_GC_ROOT(_lv_timer_act) = _lv_ll_get_head(&LV_GC_ROOT(_lv_timer_ll));
 101:Middlewares/lvgl/src/misc/lv_timer.c ****         while(LV_GC_ROOT(_lv_timer_act)) {
 102:Middlewares/lvgl/src/misc/lv_timer.c ****             /*The timer might be deleted if it runs only once ('repeat_count = 1')
 103:Middlewares/lvgl/src/misc/lv_timer.c ****              *So get next element until the current is surely valid*/
 104:Middlewares/lvgl/src/misc/lv_timer.c ****             next = _lv_ll_get_next(&LV_GC_ROOT(_lv_timer_ll), LV_GC_ROOT(_lv_timer_act));
 105:Middlewares/lvgl/src/misc/lv_timer.c **** 
 106:Middlewares/lvgl/src/misc/lv_timer.c ****             if(lv_timer_exec(LV_GC_ROOT(_lv_timer_act))) {
 107:Middlewares/lvgl/src/misc/lv_timer.c ****                 /*If a timer was created or deleted then this or the next item might be corrupted*/
 108:Middlewares/lvgl/src/misc/lv_timer.c ****                 if(timer_created || timer_deleted) {
 109:Middlewares/lvgl/src/misc/lv_timer.c ****                     TIMER_TRACE("Start from the first timer again because a timer was created or de
 110:Middlewares/lvgl/src/misc/lv_timer.c ****                     break;
 111:Middlewares/lvgl/src/misc/lv_timer.c ****                 }
 112:Middlewares/lvgl/src/misc/lv_timer.c ****             }
 113:Middlewares/lvgl/src/misc/lv_timer.c **** 
 114:Middlewares/lvgl/src/misc/lv_timer.c ****             LV_GC_ROOT(_lv_timer_act) = next; /*Load the next timer*/
 115:Middlewares/lvgl/src/misc/lv_timer.c ****         }
 116:Middlewares/lvgl/src/misc/lv_timer.c ****     } while(LV_GC_ROOT(_lv_timer_act));
 117:Middlewares/lvgl/src/misc/lv_timer.c **** 
 118:Middlewares/lvgl/src/misc/lv_timer.c ****     uint32_t time_till_next = LV_NO_TIMER_READY;
 119:Middlewares/lvgl/src/misc/lv_timer.c ****     next = _lv_ll_get_head(&LV_GC_ROOT(_lv_timer_ll));
 120:Middlewares/lvgl/src/misc/lv_timer.c ****     while(next) {
 121:Middlewares/lvgl/src/misc/lv_timer.c ****         if(!next->paused) {
 122:Middlewares/lvgl/src/misc/lv_timer.c ****             uint32_t delay = lv_timer_time_remaining(next);
 123:Middlewares/lvgl/src/misc/lv_timer.c ****             if(delay < time_till_next)
 124:Middlewares/lvgl/src/misc/lv_timer.c ****                 time_till_next = delay;
 125:Middlewares/lvgl/src/misc/lv_timer.c ****         }
 126:Middlewares/lvgl/src/misc/lv_timer.c **** 
 127:Middlewares/lvgl/src/misc/lv_timer.c ****         next = _lv_ll_get_next(&LV_GC_ROOT(_lv_timer_ll), next); /*Find the next timer*/
 128:Middlewares/lvgl/src/misc/lv_timer.c ****     }
 129:Middlewares/lvgl/src/misc/lv_timer.c **** 
 130:Middlewares/lvgl/src/misc/lv_timer.c ****     busy_time += lv_tick_elaps(handler_start);
 131:Middlewares/lvgl/src/misc/lv_timer.c ****     uint32_t idle_period_time = lv_tick_elaps(idle_period_start);
 132:Middlewares/lvgl/src/misc/lv_timer.c ****     if(idle_period_time >= IDLE_MEAS_PERIOD) {
 133:Middlewares/lvgl/src/misc/lv_timer.c ****         idle_last         = (busy_time * 100) / idle_period_time;  /*Calculate the busy percentage*
 134:Middlewares/lvgl/src/misc/lv_timer.c ****         idle_last         = idle_last > 100 ? 0 : 100 - idle_last; /*But we need idle time*/
 135:Middlewares/lvgl/src/misc/lv_timer.c ****         busy_time         = 0;
 136:Middlewares/lvgl/src/misc/lv_timer.c ****         idle_period_start = lv_tick_get();
 137:Middlewares/lvgl/src/misc/lv_timer.c ****     }
 138:Middlewares/lvgl/src/misc/lv_timer.c **** 
 139:Middlewares/lvgl/src/misc/lv_timer.c ****     already_running = false; /*Release the mutex*/
 140:Middlewares/lvgl/src/misc/lv_timer.c **** 
 141:Middlewares/lvgl/src/misc/lv_timer.c ****     TIMER_TRACE("finished (%d ms until the next timer call)", time_till_next);
 142:Middlewares/lvgl/src/misc/lv_timer.c ****     return time_till_next;
 143:Middlewares/lvgl/src/misc/lv_timer.c **** }
 144:Middlewares/lvgl/src/misc/lv_timer.c **** /**
ARM GAS  /tmp/ccxgCiWQ.s 			page 4


 145:Middlewares/lvgl/src/misc/lv_timer.c ****  * Create an "empty" timer. It needs to initialized with at least
 146:Middlewares/lvgl/src/misc/lv_timer.c ****  * `lv_timer_set_cb` and `lv_timer_set_period`
 147:Middlewares/lvgl/src/misc/lv_timer.c ****  * @return pointer to the created timer
 148:Middlewares/lvgl/src/misc/lv_timer.c ****  */
 149:Middlewares/lvgl/src/misc/lv_timer.c **** lv_timer_t * lv_timer_create_basic(void)
 150:Middlewares/lvgl/src/misc/lv_timer.c **** {
 151:Middlewares/lvgl/src/misc/lv_timer.c ****     return lv_timer_create(NULL, DEF_PERIOD, NULL);
 152:Middlewares/lvgl/src/misc/lv_timer.c **** }
 153:Middlewares/lvgl/src/misc/lv_timer.c **** 
 154:Middlewares/lvgl/src/misc/lv_timer.c **** /**
 155:Middlewares/lvgl/src/misc/lv_timer.c ****  * Create a new lv_timer
 156:Middlewares/lvgl/src/misc/lv_timer.c ****  * @param timer_xcb a callback which is the timer itself. It will be called periodically.
 157:Middlewares/lvgl/src/misc/lv_timer.c ****  *                 (the 'x' in the argument name indicates that its not a fully generic function be
 158:Middlewares/lvgl/src/misc/lv_timer.c ****  *                  the `func_name(object, callback, ...)` convention)
 159:Middlewares/lvgl/src/misc/lv_timer.c ****  * @param period call period in ms unit
 160:Middlewares/lvgl/src/misc/lv_timer.c ****  * @param user_data custom parameter
 161:Middlewares/lvgl/src/misc/lv_timer.c ****  * @return pointer to the new timer
 162:Middlewares/lvgl/src/misc/lv_timer.c ****  */
 163:Middlewares/lvgl/src/misc/lv_timer.c **** lv_timer_t * lv_timer_create(lv_timer_cb_t timer_xcb, uint32_t period, void * user_data)
 164:Middlewares/lvgl/src/misc/lv_timer.c **** {
 165:Middlewares/lvgl/src/misc/lv_timer.c ****     lv_timer_t * new_timer = NULL;
 166:Middlewares/lvgl/src/misc/lv_timer.c **** 
 167:Middlewares/lvgl/src/misc/lv_timer.c ****     new_timer = _lv_ll_ins_head(&LV_GC_ROOT(_lv_timer_ll));
 168:Middlewares/lvgl/src/misc/lv_timer.c ****     LV_ASSERT_MALLOC(new_timer);
 169:Middlewares/lvgl/src/misc/lv_timer.c ****     if(new_timer == NULL) return NULL;
 170:Middlewares/lvgl/src/misc/lv_timer.c **** 
 171:Middlewares/lvgl/src/misc/lv_timer.c ****     new_timer->period  = period;
 172:Middlewares/lvgl/src/misc/lv_timer.c ****     new_timer->timer_cb = timer_xcb;
 173:Middlewares/lvgl/src/misc/lv_timer.c ****     new_timer->repeat_count = -1;
 174:Middlewares/lvgl/src/misc/lv_timer.c ****     new_timer->paused = 0;
 175:Middlewares/lvgl/src/misc/lv_timer.c ****     new_timer->last_run = lv_tick_get();
 176:Middlewares/lvgl/src/misc/lv_timer.c ****     new_timer->user_data = user_data;
 177:Middlewares/lvgl/src/misc/lv_timer.c **** 
 178:Middlewares/lvgl/src/misc/lv_timer.c ****     timer_created = true;
 179:Middlewares/lvgl/src/misc/lv_timer.c **** 
 180:Middlewares/lvgl/src/misc/lv_timer.c ****     return new_timer;
 181:Middlewares/lvgl/src/misc/lv_timer.c **** }
 182:Middlewares/lvgl/src/misc/lv_timer.c **** 
 183:Middlewares/lvgl/src/misc/lv_timer.c **** /**
 184:Middlewares/lvgl/src/misc/lv_timer.c ****  * Set the callback the timer (the function to call periodically)
 185:Middlewares/lvgl/src/misc/lv_timer.c ****  * @param timer pointer to a timer
 186:Middlewares/lvgl/src/misc/lv_timer.c ****  * @param timer_cb the function to call periodically
 187:Middlewares/lvgl/src/misc/lv_timer.c ****  */
 188:Middlewares/lvgl/src/misc/lv_timer.c **** void lv_timer_set_cb(lv_timer_t * timer, lv_timer_cb_t timer_cb)
 189:Middlewares/lvgl/src/misc/lv_timer.c **** {
 190:Middlewares/lvgl/src/misc/lv_timer.c ****     timer->timer_cb = timer_cb;
 191:Middlewares/lvgl/src/misc/lv_timer.c **** }
 192:Middlewares/lvgl/src/misc/lv_timer.c **** 
 193:Middlewares/lvgl/src/misc/lv_timer.c **** /**
 194:Middlewares/lvgl/src/misc/lv_timer.c ****  * Delete a lv_timer
 195:Middlewares/lvgl/src/misc/lv_timer.c ****  * @param timer pointer to timer created by timer
 196:Middlewares/lvgl/src/misc/lv_timer.c ****  */
 197:Middlewares/lvgl/src/misc/lv_timer.c **** void lv_timer_del(lv_timer_t * timer)
 198:Middlewares/lvgl/src/misc/lv_timer.c **** {
 199:Middlewares/lvgl/src/misc/lv_timer.c ****     _lv_ll_remove(&LV_GC_ROOT(_lv_timer_ll), timer);
 200:Middlewares/lvgl/src/misc/lv_timer.c ****     timer_deleted = true;
 201:Middlewares/lvgl/src/misc/lv_timer.c **** 
ARM GAS  /tmp/ccxgCiWQ.s 			page 5


 202:Middlewares/lvgl/src/misc/lv_timer.c ****     lv_mem_free(timer);
 203:Middlewares/lvgl/src/misc/lv_timer.c **** }
 204:Middlewares/lvgl/src/misc/lv_timer.c **** 
 205:Middlewares/lvgl/src/misc/lv_timer.c **** /**
 206:Middlewares/lvgl/src/misc/lv_timer.c ****  * Pause/resume a timer.
 207:Middlewares/lvgl/src/misc/lv_timer.c ****  * @param timer pointer to an lv_timer
 208:Middlewares/lvgl/src/misc/lv_timer.c ****  */
 209:Middlewares/lvgl/src/misc/lv_timer.c **** void lv_timer_pause(lv_timer_t * timer)
 210:Middlewares/lvgl/src/misc/lv_timer.c **** {
 211:Middlewares/lvgl/src/misc/lv_timer.c ****     timer->paused = true;
 212:Middlewares/lvgl/src/misc/lv_timer.c **** }
 213:Middlewares/lvgl/src/misc/lv_timer.c **** 
 214:Middlewares/lvgl/src/misc/lv_timer.c **** void lv_timer_resume(lv_timer_t * timer)
 215:Middlewares/lvgl/src/misc/lv_timer.c **** {
 216:Middlewares/lvgl/src/misc/lv_timer.c ****     timer->paused = false;
 217:Middlewares/lvgl/src/misc/lv_timer.c **** }
 218:Middlewares/lvgl/src/misc/lv_timer.c **** 
 219:Middlewares/lvgl/src/misc/lv_timer.c **** /**
 220:Middlewares/lvgl/src/misc/lv_timer.c ****  * Set new period for a lv_timer
 221:Middlewares/lvgl/src/misc/lv_timer.c ****  * @param timer pointer to a lv_timer
 222:Middlewares/lvgl/src/misc/lv_timer.c ****  * @param period the new period
 223:Middlewares/lvgl/src/misc/lv_timer.c ****  */
 224:Middlewares/lvgl/src/misc/lv_timer.c **** void lv_timer_set_period(lv_timer_t * timer, uint32_t period)
 225:Middlewares/lvgl/src/misc/lv_timer.c **** {
 226:Middlewares/lvgl/src/misc/lv_timer.c ****     timer->period = period;
 227:Middlewares/lvgl/src/misc/lv_timer.c **** }
 228:Middlewares/lvgl/src/misc/lv_timer.c **** 
 229:Middlewares/lvgl/src/misc/lv_timer.c **** /**
 230:Middlewares/lvgl/src/misc/lv_timer.c ****  * Make a lv_timer ready. It will not wait its period.
 231:Middlewares/lvgl/src/misc/lv_timer.c ****  * @param timer pointer to a lv_timer.
 232:Middlewares/lvgl/src/misc/lv_timer.c ****  */
 233:Middlewares/lvgl/src/misc/lv_timer.c **** void lv_timer_ready(lv_timer_t * timer)
 234:Middlewares/lvgl/src/misc/lv_timer.c **** {
 235:Middlewares/lvgl/src/misc/lv_timer.c ****     timer->last_run = lv_tick_get() - timer->period - 1;
 236:Middlewares/lvgl/src/misc/lv_timer.c **** }
 237:Middlewares/lvgl/src/misc/lv_timer.c **** 
 238:Middlewares/lvgl/src/misc/lv_timer.c **** /**
 239:Middlewares/lvgl/src/misc/lv_timer.c ****  * Set the number of times a timer will repeat.
 240:Middlewares/lvgl/src/misc/lv_timer.c ****  * @param timer pointer to a lv_timer.
 241:Middlewares/lvgl/src/misc/lv_timer.c ****  * @param repeat_count -1 : infinity;  0 : stop ;  n >0: residual times
 242:Middlewares/lvgl/src/misc/lv_timer.c ****  */
 243:Middlewares/lvgl/src/misc/lv_timer.c **** void lv_timer_set_repeat_count(lv_timer_t * timer, int32_t repeat_count)
 244:Middlewares/lvgl/src/misc/lv_timer.c **** {
 245:Middlewares/lvgl/src/misc/lv_timer.c ****     timer->repeat_count = repeat_count;
 246:Middlewares/lvgl/src/misc/lv_timer.c **** }
 247:Middlewares/lvgl/src/misc/lv_timer.c **** 
 248:Middlewares/lvgl/src/misc/lv_timer.c **** /**
 249:Middlewares/lvgl/src/misc/lv_timer.c ****  * Reset a lv_timer.
 250:Middlewares/lvgl/src/misc/lv_timer.c ****  * It will be called the previously set period milliseconds later.
 251:Middlewares/lvgl/src/misc/lv_timer.c ****  * @param timer pointer to a lv_timer.
 252:Middlewares/lvgl/src/misc/lv_timer.c ****  */
 253:Middlewares/lvgl/src/misc/lv_timer.c **** void lv_timer_reset(lv_timer_t * timer)
 254:Middlewares/lvgl/src/misc/lv_timer.c **** {
 255:Middlewares/lvgl/src/misc/lv_timer.c ****     timer->last_run = lv_tick_get();
 256:Middlewares/lvgl/src/misc/lv_timer.c **** }
 257:Middlewares/lvgl/src/misc/lv_timer.c **** 
 258:Middlewares/lvgl/src/misc/lv_timer.c **** /**
ARM GAS  /tmp/ccxgCiWQ.s 			page 6


 259:Middlewares/lvgl/src/misc/lv_timer.c ****  * Enable or disable the whole lv_timer handling
 260:Middlewares/lvgl/src/misc/lv_timer.c ****  * @param en true: lv_timer handling is running, false: lv_timer handling is suspended
 261:Middlewares/lvgl/src/misc/lv_timer.c ****  */
 262:Middlewares/lvgl/src/misc/lv_timer.c **** void lv_timer_enable(bool en)
 263:Middlewares/lvgl/src/misc/lv_timer.c **** {
 264:Middlewares/lvgl/src/misc/lv_timer.c ****     lv_timer_run = en;
 265:Middlewares/lvgl/src/misc/lv_timer.c **** }
 266:Middlewares/lvgl/src/misc/lv_timer.c **** 
 267:Middlewares/lvgl/src/misc/lv_timer.c **** /**
 268:Middlewares/lvgl/src/misc/lv_timer.c ****  * Get idle percentage
 269:Middlewares/lvgl/src/misc/lv_timer.c ****  * @return the lv_timer idle in percentage
 270:Middlewares/lvgl/src/misc/lv_timer.c ****  */
 271:Middlewares/lvgl/src/misc/lv_timer.c **** uint8_t lv_timer_get_idle(void)
 272:Middlewares/lvgl/src/misc/lv_timer.c **** {
 273:Middlewares/lvgl/src/misc/lv_timer.c ****     return idle_last;
 274:Middlewares/lvgl/src/misc/lv_timer.c **** }
 275:Middlewares/lvgl/src/misc/lv_timer.c **** 
 276:Middlewares/lvgl/src/misc/lv_timer.c **** /**
 277:Middlewares/lvgl/src/misc/lv_timer.c ****  * Iterate through the timers
 278:Middlewares/lvgl/src/misc/lv_timer.c ****  * @param timer NULL to start iteration or the previous return value to get the next timer
 279:Middlewares/lvgl/src/misc/lv_timer.c ****  * @return the next timer or NULL if there is no more timer
 280:Middlewares/lvgl/src/misc/lv_timer.c ****  */
 281:Middlewares/lvgl/src/misc/lv_timer.c **** lv_timer_t * lv_timer_get_next(lv_timer_t * timer)
 282:Middlewares/lvgl/src/misc/lv_timer.c **** {
 283:Middlewares/lvgl/src/misc/lv_timer.c ****     if(timer == NULL) return _lv_ll_get_head(&LV_GC_ROOT(_lv_timer_ll));
 284:Middlewares/lvgl/src/misc/lv_timer.c ****     else return _lv_ll_get_next(&LV_GC_ROOT(_lv_timer_ll), timer);
 285:Middlewares/lvgl/src/misc/lv_timer.c **** }
 286:Middlewares/lvgl/src/misc/lv_timer.c **** 
 287:Middlewares/lvgl/src/misc/lv_timer.c **** /**********************
 288:Middlewares/lvgl/src/misc/lv_timer.c ****  *   STATIC FUNCTIONS
 289:Middlewares/lvgl/src/misc/lv_timer.c ****  **********************/
 290:Middlewares/lvgl/src/misc/lv_timer.c **** 
 291:Middlewares/lvgl/src/misc/lv_timer.c **** /**
 292:Middlewares/lvgl/src/misc/lv_timer.c ****  * Execute timer if its the priority is appropriate
 293:Middlewares/lvgl/src/misc/lv_timer.c ****  * @param timer pointer to lv_timer
 294:Middlewares/lvgl/src/misc/lv_timer.c ****  * @return true: execute, false: not executed
 295:Middlewares/lvgl/src/misc/lv_timer.c ****  */
 296:Middlewares/lvgl/src/misc/lv_timer.c **** static bool lv_timer_exec(lv_timer_t * timer)
 297:Middlewares/lvgl/src/misc/lv_timer.c **** {
 298:Middlewares/lvgl/src/misc/lv_timer.c ****     if(timer->paused) return false;
 299:Middlewares/lvgl/src/misc/lv_timer.c **** 
 300:Middlewares/lvgl/src/misc/lv_timer.c ****     if(timer->repeat_count == 0) {
 301:Middlewares/lvgl/src/misc/lv_timer.c ****         TIMER_TRACE("deleting timer with %p callback because the repeat count is over", timer->time
 302:Middlewares/lvgl/src/misc/lv_timer.c ****         lv_timer_del(timer);
 303:Middlewares/lvgl/src/misc/lv_timer.c ****         return false;
 304:Middlewares/lvgl/src/misc/lv_timer.c ****     }
 305:Middlewares/lvgl/src/misc/lv_timer.c **** 
 306:Middlewares/lvgl/src/misc/lv_timer.c ****     bool exec = false;
 307:Middlewares/lvgl/src/misc/lv_timer.c ****     if(lv_timer_time_remaining(timer) == 0) {
 308:Middlewares/lvgl/src/misc/lv_timer.c ****         /* Decrement the repeat count before executing the timer_cb.
 309:Middlewares/lvgl/src/misc/lv_timer.c ****          * If any timer is deleted `if(timer->repeat_count == 0)` is not executed below
 310:Middlewares/lvgl/src/misc/lv_timer.c ****          * but at least the repeat count is zero and the timer can be deleted in the next round*/
 311:Middlewares/lvgl/src/misc/lv_timer.c ****         int32_t original_repeat_count = timer->repeat_count;
 312:Middlewares/lvgl/src/misc/lv_timer.c ****         if(timer->repeat_count > 0) timer->repeat_count--;
 313:Middlewares/lvgl/src/misc/lv_timer.c ****         timer->last_run = lv_tick_get();
 314:Middlewares/lvgl/src/misc/lv_timer.c ****         TIMER_TRACE("calling timer callback: %p", timer->timer_cb);
 315:Middlewares/lvgl/src/misc/lv_timer.c ****         if(timer->timer_cb && original_repeat_count != 0) timer->timer_cb(timer);
ARM GAS  /tmp/ccxgCiWQ.s 			page 7


 316:Middlewares/lvgl/src/misc/lv_timer.c ****         TIMER_TRACE("timer callback %p finished", timer->timer_cb);
 317:Middlewares/lvgl/src/misc/lv_timer.c ****         LV_ASSERT_MEM_INTEGRITY();
 318:Middlewares/lvgl/src/misc/lv_timer.c **** 
 319:Middlewares/lvgl/src/misc/lv_timer.c ****         /*Delete if it was a one shot lv_timer*/
 320:Middlewares/lvgl/src/misc/lv_timer.c ****         if(timer_deleted == false) { /*The timer might be deleted by itself as well*/
 321:Middlewares/lvgl/src/misc/lv_timer.c ****             if(timer->repeat_count == 0) {
 322:Middlewares/lvgl/src/misc/lv_timer.c ****                 TIMER_TRACE("deleting timer with %p callback because the repeat count is over", tim
 323:Middlewares/lvgl/src/misc/lv_timer.c ****                 lv_timer_del(timer);
 324:Middlewares/lvgl/src/misc/lv_timer.c ****             }
 325:Middlewares/lvgl/src/misc/lv_timer.c ****         }
 326:Middlewares/lvgl/src/misc/lv_timer.c ****         exec = true;
 327:Middlewares/lvgl/src/misc/lv_timer.c ****     }
 328:Middlewares/lvgl/src/misc/lv_timer.c **** 
 329:Middlewares/lvgl/src/misc/lv_timer.c ****     return exec;
 330:Middlewares/lvgl/src/misc/lv_timer.c **** }
 331:Middlewares/lvgl/src/misc/lv_timer.c **** 
 332:Middlewares/lvgl/src/misc/lv_timer.c **** /**
 333:Middlewares/lvgl/src/misc/lv_timer.c ****  * Find out how much time remains before a timer must be run.
 334:Middlewares/lvgl/src/misc/lv_timer.c ****  * @param timer pointer to lv_timer
 335:Middlewares/lvgl/src/misc/lv_timer.c ****  * @return the time remaining, or 0 if it needs to be run again
 336:Middlewares/lvgl/src/misc/lv_timer.c ****  */
 337:Middlewares/lvgl/src/misc/lv_timer.c **** static uint32_t lv_timer_time_remaining(lv_timer_t * timer)
 338:Middlewares/lvgl/src/misc/lv_timer.c **** {
  29              		.loc 1 338 1 view -0
  30              		.cfi_startproc
  31              		@ args = 0, pretend = 0, frame = 0
  32              		@ frame_needed = 0, uses_anonymous_args = 0
  33              		.loc 1 338 1 is_stmt 0 view .LVU1
  34 0000 10B5     		push	{r4, lr}
  35              	.LCFI0:
  36              		.cfi_def_cfa_offset 8
  37              		.cfi_offset 4, -8
  38              		.cfi_offset 14, -4
  39 0002 0446     		mov	r4, r0
 339:Middlewares/lvgl/src/misc/lv_timer.c ****     /*Check if at least 'period' time elapsed*/
 340:Middlewares/lvgl/src/misc/lv_timer.c ****     uint32_t elp = lv_tick_elaps(timer->last_run);
  40              		.loc 1 340 5 is_stmt 1 view .LVU2
  41              		.loc 1 340 20 is_stmt 0 view .LVU3
  42 0004 4068     		ldr	r0, [r0, #4]
  43              	.LVL1:
  44              		.loc 1 340 20 view .LVU4
  45 0006 FFF7FEFF 		bl	lv_tick_elaps
  46              	.LVL2:
 341:Middlewares/lvgl/src/misc/lv_timer.c ****     if(elp >= timer->period)
  47              		.loc 1 341 5 is_stmt 1 view .LVU5
  48              		.loc 1 341 20 is_stmt 0 view .LVU6
  49 000a 2368     		ldr	r3, [r4]
  50              		.loc 1 341 7 view .LVU7
  51 000c 8342     		cmp	r3, r0
  52 000e 01D9     		bls	.L3
 342:Middlewares/lvgl/src/misc/lv_timer.c ****         return 0;
 343:Middlewares/lvgl/src/misc/lv_timer.c ****     return timer->period - elp;
  53              		.loc 1 343 5 is_stmt 1 view .LVU8
  54              		.loc 1 343 26 is_stmt 0 view .LVU9
  55 0010 181A     		subs	r0, r3, r0
  56              	.LVL3:
  57              	.L1:
ARM GAS  /tmp/ccxgCiWQ.s 			page 8


 344:Middlewares/lvgl/src/misc/lv_timer.c **** }
  58              		.loc 1 344 1 view .LVU10
  59 0012 10BD     		pop	{r4, pc}
  60              	.LVL4:
  61              	.L3:
 342:Middlewares/lvgl/src/misc/lv_timer.c ****         return 0;
  62              		.loc 1 342 16 view .LVU11
  63 0014 0020     		movs	r0, #0
  64              	.LVL5:
 342:Middlewares/lvgl/src/misc/lv_timer.c ****         return 0;
  65              		.loc 1 342 16 view .LVU12
  66 0016 FCE7     		b	.L1
  67              		.cfi_endproc
  68              	.LFE39:
  70              		.section	.text.lv_timer_create,"ax",%progbits
  71              		.align	1
  72              		.global	lv_timer_create
  73              		.syntax unified
  74              		.thumb
  75              		.thumb_func
  76              		.fpu fpv4-sp-d16
  78              	lv_timer_create:
  79              	.LVL6:
  80              	.LFB26:
 164:Middlewares/lvgl/src/misc/lv_timer.c ****     lv_timer_t * new_timer = NULL;
  81              		.loc 1 164 1 is_stmt 1 view -0
  82              		.cfi_startproc
  83              		@ args = 0, pretend = 0, frame = 0
  84              		@ frame_needed = 0, uses_anonymous_args = 0
 164:Middlewares/lvgl/src/misc/lv_timer.c ****     lv_timer_t * new_timer = NULL;
  85              		.loc 1 164 1 is_stmt 0 view .LVU14
  86 0000 F8B5     		push	{r3, r4, r5, r6, r7, lr}
  87              	.LCFI1:
  88              		.cfi_def_cfa_offset 24
  89              		.cfi_offset 3, -24
  90              		.cfi_offset 4, -20
  91              		.cfi_offset 5, -16
  92              		.cfi_offset 6, -12
  93              		.cfi_offset 7, -8
  94              		.cfi_offset 14, -4
  95 0002 0646     		mov	r6, r0
  96 0004 0F46     		mov	r7, r1
  97 0006 1546     		mov	r5, r2
 165:Middlewares/lvgl/src/misc/lv_timer.c **** 
  98              		.loc 1 165 5 is_stmt 1 view .LVU15
  99              	.LVL7:
 167:Middlewares/lvgl/src/misc/lv_timer.c ****     LV_ASSERT_MALLOC(new_timer);
 100              		.loc 1 167 5 view .LVU16
 167:Middlewares/lvgl/src/misc/lv_timer.c ****     LV_ASSERT_MALLOC(new_timer);
 101              		.loc 1 167 17 is_stmt 0 view .LVU17
 102 0008 0B48     		ldr	r0, .L9
 103              	.LVL8:
 167:Middlewares/lvgl/src/misc/lv_timer.c ****     LV_ASSERT_MALLOC(new_timer);
 104              		.loc 1 167 17 view .LVU18
 105 000a FFF7FEFF 		bl	_lv_ll_ins_head
 106              	.LVL9:
 168:Middlewares/lvgl/src/misc/lv_timer.c ****     if(new_timer == NULL) return NULL;
ARM GAS  /tmp/ccxgCiWQ.s 			page 9


 107              		.loc 1 168 5 is_stmt 1 view .LVU19
 168:Middlewares/lvgl/src/misc/lv_timer.c ****     if(new_timer == NULL) return NULL;
 108              		.loc 1 168 5 view .LVU20
 109 000e 90B1     		cbz	r0, .L7
 110 0010 0446     		mov	r4, r0
 168:Middlewares/lvgl/src/misc/lv_timer.c ****     if(new_timer == NULL) return NULL;
 111              		.loc 1 168 5 view .LVU21
 168:Middlewares/lvgl/src/misc/lv_timer.c ****     if(new_timer == NULL) return NULL;
 112              		.loc 1 168 32 view .LVU22
 169:Middlewares/lvgl/src/misc/lv_timer.c **** 
 113              		.loc 1 169 5 view .LVU23
 171:Middlewares/lvgl/src/misc/lv_timer.c ****     new_timer->timer_cb = timer_xcb;
 114              		.loc 1 171 5 view .LVU24
 171:Middlewares/lvgl/src/misc/lv_timer.c ****     new_timer->timer_cb = timer_xcb;
 115              		.loc 1 171 24 is_stmt 0 view .LVU25
 116 0012 0760     		str	r7, [r0]
 172:Middlewares/lvgl/src/misc/lv_timer.c ****     new_timer->repeat_count = -1;
 117              		.loc 1 172 5 is_stmt 1 view .LVU26
 172:Middlewares/lvgl/src/misc/lv_timer.c ****     new_timer->repeat_count = -1;
 118              		.loc 1 172 25 is_stmt 0 view .LVU27
 119 0014 8660     		str	r6, [r0, #8]
 173:Middlewares/lvgl/src/misc/lv_timer.c ****     new_timer->paused = 0;
 120              		.loc 1 173 5 is_stmt 1 view .LVU28
 173:Middlewares/lvgl/src/misc/lv_timer.c ****     new_timer->paused = 0;
 121              		.loc 1 173 29 is_stmt 0 view .LVU29
 122 0016 4FF0FF33 		mov	r3, #-1
 123 001a 0361     		str	r3, [r0, #16]
 174:Middlewares/lvgl/src/misc/lv_timer.c ****     new_timer->last_run = lv_tick_get();
 124              		.loc 1 174 5 is_stmt 1 view .LVU30
 174:Middlewares/lvgl/src/misc/lv_timer.c ****     new_timer->last_run = lv_tick_get();
 125              		.loc 1 174 23 is_stmt 0 view .LVU31
 126 001c 037D     		ldrb	r3, [r0, #20]	@ zero_extendqisi2
 127 001e 6FF30003 		bfc	r3, #0, #1
 128 0022 0375     		strb	r3, [r0, #20]
 175:Middlewares/lvgl/src/misc/lv_timer.c ****     new_timer->user_data = user_data;
 129              		.loc 1 175 5 is_stmt 1 view .LVU32
 175:Middlewares/lvgl/src/misc/lv_timer.c ****     new_timer->user_data = user_data;
 130              		.loc 1 175 27 is_stmt 0 view .LVU33
 131 0024 FFF7FEFF 		bl	lv_tick_get
 132              	.LVL10:
 175:Middlewares/lvgl/src/misc/lv_timer.c ****     new_timer->user_data = user_data;
 133              		.loc 1 175 25 view .LVU34
 134 0028 6060     		str	r0, [r4, #4]
 176:Middlewares/lvgl/src/misc/lv_timer.c **** 
 135              		.loc 1 176 5 is_stmt 1 view .LVU35
 176:Middlewares/lvgl/src/misc/lv_timer.c **** 
 136              		.loc 1 176 26 is_stmt 0 view .LVU36
 137 002a E560     		str	r5, [r4, #12]
 178:Middlewares/lvgl/src/misc/lv_timer.c **** 
 138              		.loc 1 178 5 is_stmt 1 view .LVU37
 178:Middlewares/lvgl/src/misc/lv_timer.c **** 
 139              		.loc 1 178 19 is_stmt 0 view .LVU38
 140 002c 034B     		ldr	r3, .L9+4
 141 002e 0122     		movs	r2, #1
 142 0030 1A70     		strb	r2, [r3]
 180:Middlewares/lvgl/src/misc/lv_timer.c **** }
 143              		.loc 1 180 5 is_stmt 1 view .LVU39
ARM GAS  /tmp/ccxgCiWQ.s 			page 10


 181:Middlewares/lvgl/src/misc/lv_timer.c **** 
 144              		.loc 1 181 1 is_stmt 0 view .LVU40
 145 0032 2046     		mov	r0, r4
 146 0034 F8BD     		pop	{r3, r4, r5, r6, r7, pc}
 147              	.LVL11:
 148              	.L7:
 168:Middlewares/lvgl/src/misc/lv_timer.c ****     if(new_timer == NULL) return NULL;
 149              		.loc 1 168 5 is_stmt 1 discriminator 1 view .LVU41
 168:Middlewares/lvgl/src/misc/lv_timer.c ****     if(new_timer == NULL) return NULL;
 150              		.loc 1 168 5 discriminator 1 view .LVU42
 168:Middlewares/lvgl/src/misc/lv_timer.c ****     if(new_timer == NULL) return NULL;
 151              		.loc 1 168 5 discriminator 1 view .LVU43
 168:Middlewares/lvgl/src/misc/lv_timer.c ****     if(new_timer == NULL) return NULL;
 152              		.loc 1 168 5 discriminator 1 view .LVU44
 153 0036 FEE7     		b	.L7
 154              	.L10:
 155              		.align	2
 156              	.L9:
 157 0038 00000000 		.word	_lv_timer_ll
 158 003c 00000000 		.word	.LANCHOR0
 159              		.cfi_endproc
 160              	.LFE26:
 162              		.section	.text.lv_timer_create_basic,"ax",%progbits
 163              		.align	1
 164              		.global	lv_timer_create_basic
 165              		.syntax unified
 166              		.thumb
 167              		.thumb_func
 168              		.fpu fpv4-sp-d16
 170              	lv_timer_create_basic:
 171              	.LFB25:
 150:Middlewares/lvgl/src/misc/lv_timer.c ****     return lv_timer_create(NULL, DEF_PERIOD, NULL);
 172              		.loc 1 150 1 view -0
 173              		.cfi_startproc
 174              		@ args = 0, pretend = 0, frame = 0
 175              		@ frame_needed = 0, uses_anonymous_args = 0
 176 0000 08B5     		push	{r3, lr}
 177              	.LCFI2:
 178              		.cfi_def_cfa_offset 8
 179              		.cfi_offset 3, -8
 180              		.cfi_offset 14, -4
 151:Middlewares/lvgl/src/misc/lv_timer.c **** }
 181              		.loc 1 151 5 view .LVU46
 151:Middlewares/lvgl/src/misc/lv_timer.c **** }
 182              		.loc 1 151 12 is_stmt 0 view .LVU47
 183 0002 0022     		movs	r2, #0
 184 0004 4FF4FA71 		mov	r1, #500
 185 0008 1046     		mov	r0, r2
 186 000a FFF7FEFF 		bl	lv_timer_create
 187              	.LVL12:
 152:Middlewares/lvgl/src/misc/lv_timer.c **** 
 188              		.loc 1 152 1 view .LVU48
 189 000e 08BD     		pop	{r3, pc}
 190              		.cfi_endproc
 191              	.LFE25:
 193              		.section	.text.lv_timer_set_cb,"ax",%progbits
 194              		.align	1
ARM GAS  /tmp/ccxgCiWQ.s 			page 11


 195              		.global	lv_timer_set_cb
 196              		.syntax unified
 197              		.thumb
 198              		.thumb_func
 199              		.fpu fpv4-sp-d16
 201              	lv_timer_set_cb:
 202              	.LVL13:
 203              	.LFB27:
 189:Middlewares/lvgl/src/misc/lv_timer.c ****     timer->timer_cb = timer_cb;
 204              		.loc 1 189 1 is_stmt 1 view -0
 205              		.cfi_startproc
 206              		@ args = 0, pretend = 0, frame = 0
 207              		@ frame_needed = 0, uses_anonymous_args = 0
 208              		@ link register save eliminated.
 190:Middlewares/lvgl/src/misc/lv_timer.c **** }
 209              		.loc 1 190 5 view .LVU50
 190:Middlewares/lvgl/src/misc/lv_timer.c **** }
 210              		.loc 1 190 21 is_stmt 0 view .LVU51
 211 0000 8160     		str	r1, [r0, #8]
 191:Middlewares/lvgl/src/misc/lv_timer.c **** 
 212              		.loc 1 191 1 view .LVU52
 213 0002 7047     		bx	lr
 214              		.cfi_endproc
 215              	.LFE27:
 217              		.section	.text.lv_timer_del,"ax",%progbits
 218              		.align	1
 219              		.global	lv_timer_del
 220              		.syntax unified
 221              		.thumb
 222              		.thumb_func
 223              		.fpu fpv4-sp-d16
 225              	lv_timer_del:
 226              	.LVL14:
 227              	.LFB28:
 198:Middlewares/lvgl/src/misc/lv_timer.c ****     _lv_ll_remove(&LV_GC_ROOT(_lv_timer_ll), timer);
 228              		.loc 1 198 1 is_stmt 1 view -0
 229              		.cfi_startproc
 230              		@ args = 0, pretend = 0, frame = 0
 231              		@ frame_needed = 0, uses_anonymous_args = 0
 198:Middlewares/lvgl/src/misc/lv_timer.c ****     _lv_ll_remove(&LV_GC_ROOT(_lv_timer_ll), timer);
 232              		.loc 1 198 1 is_stmt 0 view .LVU54
 233 0000 10B5     		push	{r4, lr}
 234              	.LCFI3:
 235              		.cfi_def_cfa_offset 8
 236              		.cfi_offset 4, -8
 237              		.cfi_offset 14, -4
 238 0002 0446     		mov	r4, r0
 199:Middlewares/lvgl/src/misc/lv_timer.c ****     timer_deleted = true;
 239              		.loc 1 199 5 is_stmt 1 view .LVU55
 240 0004 0146     		mov	r1, r0
 241 0006 0548     		ldr	r0, .L16
 242              	.LVL15:
 199:Middlewares/lvgl/src/misc/lv_timer.c ****     timer_deleted = true;
 243              		.loc 1 199 5 is_stmt 0 view .LVU56
 244 0008 FFF7FEFF 		bl	_lv_ll_remove
 245              	.LVL16:
 200:Middlewares/lvgl/src/misc/lv_timer.c **** 
ARM GAS  /tmp/ccxgCiWQ.s 			page 12


 246              		.loc 1 200 5 is_stmt 1 view .LVU57
 200:Middlewares/lvgl/src/misc/lv_timer.c **** 
 247              		.loc 1 200 19 is_stmt 0 view .LVU58
 248 000c 044B     		ldr	r3, .L16+4
 249 000e 0122     		movs	r2, #1
 250 0010 1A70     		strb	r2, [r3]
 202:Middlewares/lvgl/src/misc/lv_timer.c **** }
 251              		.loc 1 202 5 is_stmt 1 view .LVU59
 252 0012 2046     		mov	r0, r4
 253 0014 FFF7FEFF 		bl	lv_mem_free
 254              	.LVL17:
 203:Middlewares/lvgl/src/misc/lv_timer.c **** 
 255              		.loc 1 203 1 is_stmt 0 view .LVU60
 256 0018 10BD     		pop	{r4, pc}
 257              	.LVL18:
 258              	.L17:
 203:Middlewares/lvgl/src/misc/lv_timer.c **** 
 259              		.loc 1 203 1 view .LVU61
 260 001a 00BF     		.align	2
 261              	.L16:
 262 001c 00000000 		.word	_lv_timer_ll
 263 0020 00000000 		.word	.LANCHOR1
 264              		.cfi_endproc
 265              	.LFE28:
 267              		.section	.text.lv_timer_exec,"ax",%progbits
 268              		.align	1
 269              		.syntax unified
 270              		.thumb
 271              		.thumb_func
 272              		.fpu fpv4-sp-d16
 274              	lv_timer_exec:
 275              	.LVL19:
 276              	.LFB38:
 297:Middlewares/lvgl/src/misc/lv_timer.c ****     if(timer->paused) return false;
 277              		.loc 1 297 1 is_stmt 1 view -0
 278              		.cfi_startproc
 279              		@ args = 0, pretend = 0, frame = 0
 280              		@ frame_needed = 0, uses_anonymous_args = 0
 297:Middlewares/lvgl/src/misc/lv_timer.c ****     if(timer->paused) return false;
 281              		.loc 1 297 1 is_stmt 0 view .LVU63
 282 0000 38B5     		push	{r3, r4, r5, lr}
 283              	.LCFI4:
 284              		.cfi_def_cfa_offset 16
 285              		.cfi_offset 3, -16
 286              		.cfi_offset 4, -12
 287              		.cfi_offset 5, -8
 288              		.cfi_offset 14, -4
 298:Middlewares/lvgl/src/misc/lv_timer.c **** 
 289              		.loc 1 298 5 is_stmt 1 view .LVU64
 298:Middlewares/lvgl/src/misc/lv_timer.c **** 
 290              		.loc 1 298 8 is_stmt 0 view .LVU65
 291 0002 037D     		ldrb	r3, [r0, #20]	@ zero_extendqisi2
 298:Middlewares/lvgl/src/misc/lv_timer.c **** 
 292              		.loc 1 298 7 view .LVU66
 293 0004 13F0010F 		tst	r3, #1
 294 0008 22D1     		bne	.L23
 295 000a 0446     		mov	r4, r0
ARM GAS  /tmp/ccxgCiWQ.s 			page 13


 300:Middlewares/lvgl/src/misc/lv_timer.c ****         TIMER_TRACE("deleting timer with %p callback because the repeat count is over", timer->time
 296              		.loc 1 300 5 is_stmt 1 view .LVU67
 300:Middlewares/lvgl/src/misc/lv_timer.c ****         TIMER_TRACE("deleting timer with %p callback because the repeat count is over", timer->time
 297              		.loc 1 300 13 is_stmt 0 view .LVU68
 298 000c 0369     		ldr	r3, [r0, #16]
 300:Middlewares/lvgl/src/misc/lv_timer.c ****         TIMER_TRACE("deleting timer with %p callback because the repeat count is over", timer->time
 299              		.loc 1 300 7 view .LVU69
 300 000e B3B1     		cbz	r3, .L27
 306:Middlewares/lvgl/src/misc/lv_timer.c ****     if(lv_timer_time_remaining(timer) == 0) {
 301              		.loc 1 306 5 is_stmt 1 view .LVU70
 302              	.LVL20:
 307:Middlewares/lvgl/src/misc/lv_timer.c ****         /* Decrement the repeat count before executing the timer_cb.
 303              		.loc 1 307 5 view .LVU71
 307:Middlewares/lvgl/src/misc/lv_timer.c ****         /* Decrement the repeat count before executing the timer_cb.
 304              		.loc 1 307 8 is_stmt 0 view .LVU72
 305 0010 FFF7FEFF 		bl	lv_timer_time_remaining
 306              	.LVL21:
 307:Middlewares/lvgl/src/misc/lv_timer.c ****         /* Decrement the repeat count before executing the timer_cb.
 307              		.loc 1 307 7 view .LVU73
 308 0014 F0B9     		cbnz	r0, .L24
 309              	.LBB2:
 311:Middlewares/lvgl/src/misc/lv_timer.c ****         if(timer->repeat_count > 0) timer->repeat_count--;
 310              		.loc 1 311 9 is_stmt 1 view .LVU74
 311:Middlewares/lvgl/src/misc/lv_timer.c ****         if(timer->repeat_count > 0) timer->repeat_count--;
 311              		.loc 1 311 17 is_stmt 0 view .LVU75
 312 0016 2569     		ldr	r5, [r4, #16]
 313              	.LVL22:
 312:Middlewares/lvgl/src/misc/lv_timer.c ****         timer->last_run = lv_tick_get();
 314              		.loc 1 312 9 is_stmt 1 view .LVU76
 312:Middlewares/lvgl/src/misc/lv_timer.c ****         timer->last_run = lv_tick_get();
 315              		.loc 1 312 11 is_stmt 0 view .LVU77
 316 0018 002D     		cmp	r5, #0
 317 001a 01DD     		ble	.L21
 312:Middlewares/lvgl/src/misc/lv_timer.c ****         timer->last_run = lv_tick_get();
 318              		.loc 1 312 37 is_stmt 1 discriminator 1 view .LVU78
 312:Middlewares/lvgl/src/misc/lv_timer.c ****         timer->last_run = lv_tick_get();
 319              		.loc 1 312 56 is_stmt 0 discriminator 1 view .LVU79
 320 001c 6B1E     		subs	r3, r5, #1
 321 001e 2361     		str	r3, [r4, #16]
 322              	.L21:
 313:Middlewares/lvgl/src/misc/lv_timer.c ****         TIMER_TRACE("calling timer callback: %p", timer->timer_cb);
 323              		.loc 1 313 9 is_stmt 1 view .LVU80
 313:Middlewares/lvgl/src/misc/lv_timer.c ****         TIMER_TRACE("calling timer callback: %p", timer->timer_cb);
 324              		.loc 1 313 27 is_stmt 0 view .LVU81
 325 0020 FFF7FEFF 		bl	lv_tick_get
 326              	.LVL23:
 313:Middlewares/lvgl/src/misc/lv_timer.c ****         TIMER_TRACE("calling timer callback: %p", timer->timer_cb);
 327              		.loc 1 313 25 view .LVU82
 328 0024 6060     		str	r0, [r4, #4]
 314:Middlewares/lvgl/src/misc/lv_timer.c ****         if(timer->timer_cb && original_repeat_count != 0) timer->timer_cb(timer);
 329              		.loc 1 314 67 is_stmt 1 view .LVU83
 315:Middlewares/lvgl/src/misc/lv_timer.c ****         TIMER_TRACE("timer callback %p finished", timer->timer_cb);
 330              		.loc 1 315 9 view .LVU84
 315:Middlewares/lvgl/src/misc/lv_timer.c ****         TIMER_TRACE("timer callback %p finished", timer->timer_cb);
 331              		.loc 1 315 17 is_stmt 0 view .LVU85
 332 0026 A368     		ldr	r3, [r4, #8]
 315:Middlewares/lvgl/src/misc/lv_timer.c ****         TIMER_TRACE("timer callback %p finished", timer->timer_cb);
ARM GAS  /tmp/ccxgCiWQ.s 			page 14


 333              		.loc 1 315 11 view .LVU86
 334 0028 13B1     		cbz	r3, .L22
 315:Middlewares/lvgl/src/misc/lv_timer.c ****         TIMER_TRACE("timer callback %p finished", timer->timer_cb);
 335              		.loc 1 315 28 discriminator 1 view .LVU87
 336 002a 0DB1     		cbz	r5, .L22
 315:Middlewares/lvgl/src/misc/lv_timer.c ****         TIMER_TRACE("timer callback %p finished", timer->timer_cb);
 337              		.loc 1 315 59 is_stmt 1 discriminator 2 view .LVU88
 338 002c 2046     		mov	r0, r4
 339 002e 9847     		blx	r3
 340              	.LVL24:
 341              	.L22:
 316:Middlewares/lvgl/src/misc/lv_timer.c ****         LV_ASSERT_MEM_INTEGRITY();
 342              		.loc 1 316 67 view .LVU89
 317:Middlewares/lvgl/src/misc/lv_timer.c **** 
 343              		.loc 1 317 34 view .LVU90
 320:Middlewares/lvgl/src/misc/lv_timer.c ****             if(timer->repeat_count == 0) {
 344              		.loc 1 320 9 view .LVU91
 320:Middlewares/lvgl/src/misc/lv_timer.c ****             if(timer->repeat_count == 0) {
 345              		.loc 1 320 26 is_stmt 0 view .LVU92
 346 0030 094B     		ldr	r3, .L29
 347 0032 1878     		ldrb	r0, [r3]	@ zero_extendqisi2
 320:Middlewares/lvgl/src/misc/lv_timer.c ****             if(timer->repeat_count == 0) {
 348              		.loc 1 320 11 view .LVU93
 349 0034 68B9     		cbnz	r0, .L19
 321:Middlewares/lvgl/src/misc/lv_timer.c ****                 TIMER_TRACE("deleting timer with %p callback because the repeat count is over", tim
 350              		.loc 1 321 13 is_stmt 1 view .LVU94
 321:Middlewares/lvgl/src/misc/lv_timer.c ****                 TIMER_TRACE("deleting timer with %p callback because the repeat count is over", tim
 351              		.loc 1 321 21 is_stmt 0 view .LVU95
 352 0036 2369     		ldr	r3, [r4, #16]
 321:Middlewares/lvgl/src/misc/lv_timer.c ****                 TIMER_TRACE("deleting timer with %p callback because the repeat count is over", tim
 353              		.loc 1 321 15 view .LVU96
 354 0038 2BB1     		cbz	r3, .L28
 326:Middlewares/lvgl/src/misc/lv_timer.c ****     }
 355              		.loc 1 326 14 view .LVU97
 356 003a 0120     		movs	r0, #1
 357 003c 09E0     		b	.L19
 358              	.LVL25:
 359              	.L27:
 326:Middlewares/lvgl/src/misc/lv_timer.c ****     }
 360              		.loc 1 326 14 view .LVU98
 361              	.LBE2:
 301:Middlewares/lvgl/src/misc/lv_timer.c ****         lv_timer_del(timer);
 362              		.loc 1 301 105 is_stmt 1 view .LVU99
 302:Middlewares/lvgl/src/misc/lv_timer.c ****         return false;
 363              		.loc 1 302 9 view .LVU100
 364 003e FFF7FEFF 		bl	lv_timer_del
 365              	.LVL26:
 303:Middlewares/lvgl/src/misc/lv_timer.c ****     }
 366              		.loc 1 303 9 view .LVU101
 303:Middlewares/lvgl/src/misc/lv_timer.c ****     }
 367              		.loc 1 303 16 is_stmt 0 view .LVU102
 368 0042 0020     		movs	r0, #0
 369 0044 05E0     		b	.L19
 370              	.LVL27:
 371              	.L28:
 372              	.LBB3:
 322:Middlewares/lvgl/src/misc/lv_timer.c ****                 lv_timer_del(timer);
ARM GAS  /tmp/ccxgCiWQ.s 			page 15


 373              		.loc 1 322 113 is_stmt 1 view .LVU103
 323:Middlewares/lvgl/src/misc/lv_timer.c ****             }
 374              		.loc 1 323 17 view .LVU104
 375 0046 2046     		mov	r0, r4
 376 0048 FFF7FEFF 		bl	lv_timer_del
 377              	.LVL28:
 326:Middlewares/lvgl/src/misc/lv_timer.c ****     }
 378              		.loc 1 326 14 is_stmt 0 view .LVU105
 379 004c 0120     		movs	r0, #1
 380 004e 00E0     		b	.L19
 381              	.LVL29:
 382              	.L23:
 326:Middlewares/lvgl/src/misc/lv_timer.c ****     }
 383              		.loc 1 326 14 view .LVU106
 384              	.LBE3:
 298:Middlewares/lvgl/src/misc/lv_timer.c **** 
 385              		.loc 1 298 30 view .LVU107
 386 0050 0020     		movs	r0, #0
 387              	.LVL30:
 388              	.L19:
 330:Middlewares/lvgl/src/misc/lv_timer.c **** 
 389              		.loc 1 330 1 view .LVU108
 390 0052 38BD     		pop	{r3, r4, r5, pc}
 391              	.LVL31:
 392              	.L24:
 306:Middlewares/lvgl/src/misc/lv_timer.c ****     if(lv_timer_time_remaining(timer) == 0) {
 393              		.loc 1 306 10 view .LVU109
 394 0054 0020     		movs	r0, #0
 395 0056 FCE7     		b	.L19
 396              	.L30:
 397              		.align	2
 398              	.L29:
 399 0058 00000000 		.word	.LANCHOR1
 400              		.cfi_endproc
 401              	.LFE38:
 403              		.section	.text.lv_timer_handler,"ax",%progbits
 404              		.align	1
 405              		.global	lv_timer_handler
 406              		.syntax unified
 407              		.thumb
 408              		.thumb_func
 409              		.fpu fpv4-sp-d16
 411              	lv_timer_handler:
 412              	.LFB24:
  67:Middlewares/lvgl/src/misc/lv_timer.c ****     TIMER_TRACE("begin");
 413              		.loc 1 67 1 is_stmt 1 view -0
 414              		.cfi_startproc
 415              		@ args = 0, pretend = 0, frame = 0
 416              		@ frame_needed = 0, uses_anonymous_args = 0
 417 0000 70B5     		push	{r4, r5, r6, lr}
 418              	.LCFI5:
 419              		.cfi_def_cfa_offset 16
 420              		.cfi_offset 4, -16
 421              		.cfi_offset 5, -12
 422              		.cfi_offset 6, -8
 423              		.cfi_offset 14, -4
  68:Middlewares/lvgl/src/misc/lv_timer.c **** 
ARM GAS  /tmp/ccxgCiWQ.s 			page 16


 424              		.loc 1 68 25 view .LVU111
  71:Middlewares/lvgl/src/misc/lv_timer.c ****     if(already_running) return 1;
 425              		.loc 1 71 5 view .LVU112
  72:Middlewares/lvgl/src/misc/lv_timer.c ****     already_running = true;
 426              		.loc 1 72 5 view .LVU113
  72:Middlewares/lvgl/src/misc/lv_timer.c ****     already_running = true;
 427              		.loc 1 72 8 is_stmt 0 view .LVU114
 428 0002 444B     		ldr	r3, .L51
 429 0004 1B78     		ldrb	r3, [r3]	@ zero_extendqisi2
  72:Middlewares/lvgl/src/misc/lv_timer.c ****     already_running = true;
 430              		.loc 1 72 7 view .LVU115
 431 0006 002B     		cmp	r3, #0
 432 0008 40F08180 		bne	.L45
  73:Middlewares/lvgl/src/misc/lv_timer.c **** 
 433              		.loc 1 73 5 is_stmt 1 view .LVU116
  73:Middlewares/lvgl/src/misc/lv_timer.c **** 
 434              		.loc 1 73 21 is_stmt 0 view .LVU117
 435 000c 414B     		ldr	r3, .L51
 436 000e 0122     		movs	r2, #1
 437 0010 1A70     		strb	r2, [r3]
  75:Middlewares/lvgl/src/misc/lv_timer.c ****         already_running = false; /*Release mutex*/
 438              		.loc 1 75 5 is_stmt 1 view .LVU118
  75:Middlewares/lvgl/src/misc/lv_timer.c ****         already_running = false; /*Release mutex*/
 439              		.loc 1 75 21 is_stmt 0 view .LVU119
 440 0012 414B     		ldr	r3, .L51+4
 441 0014 1B78     		ldrb	r3, [r3]	@ zero_extendqisi2
  75:Middlewares/lvgl/src/misc/lv_timer.c ****         already_running = false; /*Release mutex*/
 442              		.loc 1 75 7 view .LVU120
 443 0016 23B9     		cbnz	r3, .L33
  76:Middlewares/lvgl/src/misc/lv_timer.c ****         TIMER_TRACE("already running, concurrent calls are not allow, returning");
 444              		.loc 1 76 9 is_stmt 1 view .LVU121
  76:Middlewares/lvgl/src/misc/lv_timer.c ****         TIMER_TRACE("already running, concurrent calls are not allow, returning");
 445              		.loc 1 76 25 is_stmt 0 view .LVU122
 446 0018 3E4B     		ldr	r3, .L51
 447 001a 0022     		movs	r2, #0
 448 001c 1A70     		strb	r2, [r3]
  77:Middlewares/lvgl/src/misc/lv_timer.c ****         return 1;
 449              		.loc 1 77 82 is_stmt 1 view .LVU123
  78:Middlewares/lvgl/src/misc/lv_timer.c ****     }
 450              		.loc 1 78 9 view .LVU124
  78:Middlewares/lvgl/src/misc/lv_timer.c ****     }
 451              		.loc 1 78 16 is_stmt 0 view .LVU125
 452 001e 0126     		movs	r6, #1
 453 0020 76E0     		b	.L31
 454              	.L33:
  81:Middlewares/lvgl/src/misc/lv_timer.c ****     static uint32_t busy_time         = 0;
 455              		.loc 1 81 5 is_stmt 1 view .LVU126
  82:Middlewares/lvgl/src/misc/lv_timer.c **** 
 456              		.loc 1 82 5 view .LVU127
  84:Middlewares/lvgl/src/misc/lv_timer.c **** 
 457              		.loc 1 84 5 view .LVU128
  84:Middlewares/lvgl/src/misc/lv_timer.c **** 
 458              		.loc 1 84 30 is_stmt 0 view .LVU129
 459 0022 FFF7FEFF 		bl	lv_tick_get
 460              	.LVL32:
  86:Middlewares/lvgl/src/misc/lv_timer.c ****         static uint32_t run_cnt = 0;
 461              		.loc 1 86 5 is_stmt 1 view .LVU130
ARM GAS  /tmp/ccxgCiWQ.s 			page 17


  86:Middlewares/lvgl/src/misc/lv_timer.c ****         static uint32_t run_cnt = 0;
 462              		.loc 1 86 7 is_stmt 0 view .LVU131
 463 0026 0546     		mov	r5, r0
 464 0028 10BB     		cbnz	r0, .L39
 465              	.LBB4:
  87:Middlewares/lvgl/src/misc/lv_timer.c ****         run_cnt ++;
 466              		.loc 1 87 9 is_stmt 1 view .LVU132
  88:Middlewares/lvgl/src/misc/lv_timer.c ****         if(run_cnt > 100) {
 467              		.loc 1 88 9 view .LVU133
  88:Middlewares/lvgl/src/misc/lv_timer.c ****         if(run_cnt > 100) {
 468              		.loc 1 88 17 is_stmt 0 view .LVU134
 469 002a 3C4A     		ldr	r2, .L51+8
 470 002c 1368     		ldr	r3, [r2]
 471 002e 0133     		adds	r3, r3, #1
 472 0030 1360     		str	r3, [r2]
  89:Middlewares/lvgl/src/misc/lv_timer.c ****             run_cnt = 0;
 473              		.loc 1 89 9 is_stmt 1 view .LVU135
  89:Middlewares/lvgl/src/misc/lv_timer.c ****             run_cnt = 0;
 474              		.loc 1 89 11 is_stmt 0 view .LVU136
 475 0032 642B     		cmp	r3, #100
 476 0034 1CD9     		bls	.L39
  90:Middlewares/lvgl/src/misc/lv_timer.c ****             LV_LOG_WARN("It seems lv_tick_inc() is not called.");
 477              		.loc 1 90 13 is_stmt 1 view .LVU137
  90:Middlewares/lvgl/src/misc/lv_timer.c ****             LV_LOG_WARN("It seems lv_tick_inc() is not called.");
 478              		.loc 1 90 21 is_stmt 0 view .LVU138
 479 0036 1346     		mov	r3, r2
 480 0038 0022     		movs	r2, #0
 481 003a 1A60     		str	r2, [r3]
 482 003c 18E0     		b	.L39
 483              	.LVL33:
 484              	.L36:
  90:Middlewares/lvgl/src/misc/lv_timer.c ****             LV_LOG_WARN("It seems lv_tick_inc() is not called.");
 485              		.loc 1 90 21 view .LVU139
 486              	.LBE4:
 114:Middlewares/lvgl/src/misc/lv_timer.c ****         }
 487              		.loc 1 114 13 is_stmt 1 view .LVU140
 114:Middlewares/lvgl/src/misc/lv_timer.c ****         }
 488              		.loc 1 114 39 is_stmt 0 view .LVU141
 489 003e 384B     		ldr	r3, .L51+12
 490 0040 1C60     		str	r4, [r3]
 491              	.LVL34:
 492              	.L35:
 101:Middlewares/lvgl/src/misc/lv_timer.c ****             /*The timer might be deleted if it runs only once ('repeat_count = 1')
 493              		.loc 1 101 14 is_stmt 1 view .LVU142
 101:Middlewares/lvgl/src/misc/lv_timer.c ****             /*The timer might be deleted if it runs only once ('repeat_count = 1')
 494              		.loc 1 101 15 is_stmt 0 view .LVU143
 495 0042 374B     		ldr	r3, .L51+12
 496 0044 1968     		ldr	r1, [r3]
 101:Middlewares/lvgl/src/misc/lv_timer.c ****             /*The timer might be deleted if it runs only once ('repeat_count = 1')
 497              		.loc 1 101 14 view .LVU144
 498 0046 81B1     		cbz	r1, .L37
 104:Middlewares/lvgl/src/misc/lv_timer.c **** 
 499              		.loc 1 104 13 is_stmt 1 view .LVU145
 104:Middlewares/lvgl/src/misc/lv_timer.c **** 
 500              		.loc 1 104 20 is_stmt 0 view .LVU146
 501 0048 3648     		ldr	r0, .L51+16
 502 004a FFF7FEFF 		bl	_lv_ll_get_next
ARM GAS  /tmp/ccxgCiWQ.s 			page 18


 503              	.LVL35:
 504 004e 0446     		mov	r4, r0
 505              	.LVL36:
 106:Middlewares/lvgl/src/misc/lv_timer.c ****                 /*If a timer was created or deleted then this or the next item might be corrupted*/
 506              		.loc 1 106 13 is_stmt 1 view .LVU147
 106:Middlewares/lvgl/src/misc/lv_timer.c ****                 /*If a timer was created or deleted then this or the next item might be corrupted*/
 507              		.loc 1 106 16 is_stmt 0 view .LVU148
 508 0050 334B     		ldr	r3, .L51+12
 509 0052 1868     		ldr	r0, [r3]
 510              	.LVL37:
 106:Middlewares/lvgl/src/misc/lv_timer.c ****                 /*If a timer was created or deleted then this or the next item might be corrupted*/
 511              		.loc 1 106 16 view .LVU149
 512 0054 FFF7FEFF 		bl	lv_timer_exec
 513              	.LVL38:
 106:Middlewares/lvgl/src/misc/lv_timer.c ****                 /*If a timer was created or deleted then this or the next item might be corrupted*/
 514              		.loc 1 106 15 view .LVU150
 515 0058 0028     		cmp	r0, #0
 516 005a F0D0     		beq	.L36
 108:Middlewares/lvgl/src/misc/lv_timer.c ****                     TIMER_TRACE("Start from the first timer again because a timer was created or de
 517              		.loc 1 108 17 is_stmt 1 view .LVU151
 108:Middlewares/lvgl/src/misc/lv_timer.c ****                     TIMER_TRACE("Start from the first timer again because a timer was created or de
 518              		.loc 1 108 20 is_stmt 0 view .LVU152
 519 005c 324B     		ldr	r3, .L51+20
 520 005e 1B78     		ldrb	r3, [r3]	@ zero_extendqisi2
 108:Middlewares/lvgl/src/misc/lv_timer.c ****                     TIMER_TRACE("Start from the first timer again because a timer was created or de
 521              		.loc 1 108 19 view .LVU153
 522 0060 1BB9     		cbnz	r3, .L37
 108:Middlewares/lvgl/src/misc/lv_timer.c ****                     TIMER_TRACE("Start from the first timer again because a timer was created or de
 523              		.loc 1 108 34 discriminator 1 view .LVU154
 524 0062 324B     		ldr	r3, .L51+24
 525 0064 1B78     		ldrb	r3, [r3]	@ zero_extendqisi2
 526 0066 002B     		cmp	r3, #0
 527 0068 E9D0     		beq	.L36
 528              	.LVL39:
 529              	.L37:
 116:Middlewares/lvgl/src/misc/lv_timer.c **** 
 530              		.loc 1 116 12 is_stmt 1 view .LVU155
 116:Middlewares/lvgl/src/misc/lv_timer.c **** 
 531              		.loc 1 116 13 is_stmt 0 view .LVU156
 532 006a 2D4B     		ldr	r3, .L51+12
 533 006c 1B68     		ldr	r3, [r3]
 116:Middlewares/lvgl/src/misc/lv_timer.c **** 
 534              		.loc 1 116 5 view .LVU157
 535 006e 53B1     		cbz	r3, .L49
 536              	.L39:
 537              	.LBB5:
  91:Middlewares/lvgl/src/misc/lv_timer.c ****         }
 538              		.loc 1 91 65 is_stmt 1 view .LVU158
 539              	.LBE5:
  96:Middlewares/lvgl/src/misc/lv_timer.c ****     do {
 540              		.loc 1 96 5 view .LVU159
  97:Middlewares/lvgl/src/misc/lv_timer.c ****         timer_deleted             = false;
 541              		.loc 1 97 5 view .LVU160
  98:Middlewares/lvgl/src/misc/lv_timer.c ****         timer_created             = false;
 542              		.loc 1 98 9 view .LVU161
  98:Middlewares/lvgl/src/misc/lv_timer.c ****         timer_created             = false;
 543              		.loc 1 98 35 is_stmt 0 view .LVU162
ARM GAS  /tmp/ccxgCiWQ.s 			page 19


 544 0070 0023     		movs	r3, #0
 545 0072 2E4A     		ldr	r2, .L51+24
 546 0074 1370     		strb	r3, [r2]
  99:Middlewares/lvgl/src/misc/lv_timer.c ****         LV_GC_ROOT(_lv_timer_act) = _lv_ll_get_head(&LV_GC_ROOT(_lv_timer_ll));
 547              		.loc 1 99 9 is_stmt 1 view .LVU163
  99:Middlewares/lvgl/src/misc/lv_timer.c ****         LV_GC_ROOT(_lv_timer_act) = _lv_ll_get_head(&LV_GC_ROOT(_lv_timer_ll));
 548              		.loc 1 99 35 is_stmt 0 view .LVU164
 549 0076 2C4A     		ldr	r2, .L51+20
 550 0078 1370     		strb	r3, [r2]
 100:Middlewares/lvgl/src/misc/lv_timer.c ****         while(LV_GC_ROOT(_lv_timer_act)) {
 551              		.loc 1 100 9 is_stmt 1 view .LVU165
 100:Middlewares/lvgl/src/misc/lv_timer.c ****         while(LV_GC_ROOT(_lv_timer_act)) {
 552              		.loc 1 100 37 is_stmt 0 view .LVU166
 553 007a 2A48     		ldr	r0, .L51+16
 554 007c FFF7FEFF 		bl	_lv_ll_get_head
 555              	.LVL40:
 100:Middlewares/lvgl/src/misc/lv_timer.c ****         while(LV_GC_ROOT(_lv_timer_act)) {
 556              		.loc 1 100 35 view .LVU167
 557 0080 274B     		ldr	r3, .L51+12
 558 0082 1860     		str	r0, [r3]
 101:Middlewares/lvgl/src/misc/lv_timer.c ****             /*The timer might be deleted if it runs only once ('repeat_count = 1')
 559              		.loc 1 101 9 is_stmt 1 view .LVU168
 101:Middlewares/lvgl/src/misc/lv_timer.c ****             /*The timer might be deleted if it runs only once ('repeat_count = 1')
 560              		.loc 1 101 14 is_stmt 0 view .LVU169
 561 0084 DDE7     		b	.L35
 562              	.L49:
 118:Middlewares/lvgl/src/misc/lv_timer.c ****     next = _lv_ll_get_head(&LV_GC_ROOT(_lv_timer_ll));
 563              		.loc 1 118 5 is_stmt 1 view .LVU170
 564              	.LVL41:
 119:Middlewares/lvgl/src/misc/lv_timer.c ****     while(next) {
 565              		.loc 1 119 5 view .LVU171
 119:Middlewares/lvgl/src/misc/lv_timer.c ****     while(next) {
 566              		.loc 1 119 12 is_stmt 0 view .LVU172
 567 0086 2748     		ldr	r0, .L51+16
 568 0088 FFF7FEFF 		bl	_lv_ll_get_head
 569              	.LVL42:
 570 008c 0446     		mov	r4, r0
 571              	.LVL43:
 120:Middlewares/lvgl/src/misc/lv_timer.c ****         if(!next->paused) {
 572              		.loc 1 120 5 is_stmt 1 view .LVU173
 118:Middlewares/lvgl/src/misc/lv_timer.c ****     next = _lv_ll_get_head(&LV_GC_ROOT(_lv_timer_ll));
 573              		.loc 1 118 14 is_stmt 0 view .LVU174
 574 008e 4FF0FF36 		mov	r6, #-1
 120:Middlewares/lvgl/src/misc/lv_timer.c ****         if(!next->paused) {
 575              		.loc 1 120 10 view .LVU175
 576 0092 04E0     		b	.L40
 577              	.LVL44:
 578              	.L41:
 127:Middlewares/lvgl/src/misc/lv_timer.c ****     }
 579              		.loc 1 127 9 is_stmt 1 view .LVU176
 127:Middlewares/lvgl/src/misc/lv_timer.c ****     }
 580              		.loc 1 127 16 is_stmt 0 view .LVU177
 581 0094 2146     		mov	r1, r4
 582 0096 2348     		ldr	r0, .L51+16
 583 0098 FFF7FEFF 		bl	_lv_ll_get_next
 584              	.LVL45:
 585 009c 0446     		mov	r4, r0
ARM GAS  /tmp/ccxgCiWQ.s 			page 20


 586              	.LVL46:
 587              	.L40:
 120:Middlewares/lvgl/src/misc/lv_timer.c ****         if(!next->paused) {
 588              		.loc 1 120 10 is_stmt 1 view .LVU178
 589 009e 54B1     		cbz	r4, .L50
 121:Middlewares/lvgl/src/misc/lv_timer.c ****             uint32_t delay = lv_timer_time_remaining(next);
 590              		.loc 1 121 9 view .LVU179
 121:Middlewares/lvgl/src/misc/lv_timer.c ****             uint32_t delay = lv_timer_time_remaining(next);
 591              		.loc 1 121 12 is_stmt 0 view .LVU180
 592 00a0 237D     		ldrb	r3, [r4, #20]	@ zero_extendqisi2
 121:Middlewares/lvgl/src/misc/lv_timer.c ****             uint32_t delay = lv_timer_time_remaining(next);
 593              		.loc 1 121 11 view .LVU181
 594 00a2 13F0010F 		tst	r3, #1
 595 00a6 F5D1     		bne	.L41
 596              	.LBB6:
 122:Middlewares/lvgl/src/misc/lv_timer.c ****             if(delay < time_till_next)
 597              		.loc 1 122 13 is_stmt 1 view .LVU182
 122:Middlewares/lvgl/src/misc/lv_timer.c ****             if(delay < time_till_next)
 598              		.loc 1 122 30 is_stmt 0 view .LVU183
 599 00a8 2046     		mov	r0, r4
 122:Middlewares/lvgl/src/misc/lv_timer.c ****             if(delay < time_till_next)
 600              		.loc 1 122 30 view .LVU184
 601 00aa FFF7FEFF 		bl	lv_timer_time_remaining
 602              	.LVL47:
 123:Middlewares/lvgl/src/misc/lv_timer.c ****                 time_till_next = delay;
 603              		.loc 1 123 13 is_stmt 1 view .LVU185
 123:Middlewares/lvgl/src/misc/lv_timer.c ****                 time_till_next = delay;
 604              		.loc 1 123 15 is_stmt 0 view .LVU186
 605 00ae 8642     		cmp	r6, r0
 606 00b0 F0D9     		bls	.L41
 124:Middlewares/lvgl/src/misc/lv_timer.c ****         }
 607              		.loc 1 124 32 view .LVU187
 608 00b2 0646     		mov	r6, r0
 609              	.LVL48:
 124:Middlewares/lvgl/src/misc/lv_timer.c ****         }
 610              		.loc 1 124 32 view .LVU188
 611 00b4 EEE7     		b	.L41
 612              	.LVL49:
 613              	.L50:
 124:Middlewares/lvgl/src/misc/lv_timer.c ****         }
 614              		.loc 1 124 32 view .LVU189
 615              	.LBE6:
 130:Middlewares/lvgl/src/misc/lv_timer.c ****     uint32_t idle_period_time = lv_tick_elaps(idle_period_start);
 616              		.loc 1 130 5 is_stmt 1 view .LVU190
 130:Middlewares/lvgl/src/misc/lv_timer.c ****     uint32_t idle_period_time = lv_tick_elaps(idle_period_start);
 617              		.loc 1 130 18 is_stmt 0 view .LVU191
 618 00b6 2846     		mov	r0, r5
 619              	.LVL50:
 130:Middlewares/lvgl/src/misc/lv_timer.c ****     uint32_t idle_period_time = lv_tick_elaps(idle_period_start);
 620              		.loc 1 130 18 view .LVU192
 621 00b8 FFF7FEFF 		bl	lv_tick_elaps
 622              	.LVL51:
 130:Middlewares/lvgl/src/misc/lv_timer.c ****     uint32_t idle_period_time = lv_tick_elaps(idle_period_start);
 623              		.loc 1 130 15 view .LVU193
 624 00bc 1C4A     		ldr	r2, .L51+28
 625 00be 1368     		ldr	r3, [r2]
 626 00c0 0344     		add	r3, r3, r0
ARM GAS  /tmp/ccxgCiWQ.s 			page 21


 627 00c2 1360     		str	r3, [r2]
 131:Middlewares/lvgl/src/misc/lv_timer.c ****     if(idle_period_time >= IDLE_MEAS_PERIOD) {
 628              		.loc 1 131 5 is_stmt 1 view .LVU194
 131:Middlewares/lvgl/src/misc/lv_timer.c ****     if(idle_period_time >= IDLE_MEAS_PERIOD) {
 629              		.loc 1 131 33 is_stmt 0 view .LVU195
 630 00c4 1B4B     		ldr	r3, .L51+32
 631 00c6 1868     		ldr	r0, [r3]
 632 00c8 FFF7FEFF 		bl	lv_tick_elaps
 633              	.LVL52:
 132:Middlewares/lvgl/src/misc/lv_timer.c ****         idle_last         = (busy_time * 100) / idle_period_time;  /*Calculate the busy percentage*
 634              		.loc 1 132 5 is_stmt 1 view .LVU196
 132:Middlewares/lvgl/src/misc/lv_timer.c ****         idle_last         = (busy_time * 100) / idle_period_time;  /*Calculate the busy percentage*
 635              		.loc 1 132 7 is_stmt 0 view .LVU197
 636 00cc B0F5FA7F 		cmp	r0, #500
 637 00d0 17D3     		bcc	.L43
 133:Middlewares/lvgl/src/misc/lv_timer.c ****         idle_last         = idle_last > 100 ? 0 : 100 - idle_last; /*But we need idle time*/
 638              		.loc 1 133 9 is_stmt 1 view .LVU198
 133:Middlewares/lvgl/src/misc/lv_timer.c ****         idle_last         = idle_last > 100 ? 0 : 100 - idle_last; /*But we need idle time*/
 639              		.loc 1 133 40 is_stmt 0 view .LVU199
 640 00d2 174B     		ldr	r3, .L51+28
 641 00d4 1B68     		ldr	r3, [r3]
 642 00d6 6422     		movs	r2, #100
 643 00d8 02FB03F3 		mul	r3, r2, r3
 133:Middlewares/lvgl/src/misc/lv_timer.c ****         idle_last         = idle_last > 100 ? 0 : 100 - idle_last; /*But we need idle time*/
 644              		.loc 1 133 47 view .LVU200
 645 00dc B3FBF0F3 		udiv	r3, r3, r0
 133:Middlewares/lvgl/src/misc/lv_timer.c ****         idle_last         = idle_last > 100 ? 0 : 100 - idle_last; /*But we need idle time*/
 646              		.loc 1 133 27 view .LVU201
 647 00e0 DBB2     		uxtb	r3, r3
 648 00e2 154A     		ldr	r2, .L51+36
 649 00e4 1370     		strb	r3, [r2]
 134:Middlewares/lvgl/src/misc/lv_timer.c ****         busy_time         = 0;
 650              		.loc 1 134 9 is_stmt 1 view .LVU202
 134:Middlewares/lvgl/src/misc/lv_timer.c ****         busy_time         = 0;
 651              		.loc 1 134 27 is_stmt 0 view .LVU203
 652 00e6 642B     		cmp	r3, #100
 653 00e8 0FD8     		bhi	.L47
 134:Middlewares/lvgl/src/misc/lv_timer.c ****         busy_time         = 0;
 654              		.loc 1 134 27 discriminator 1 view .LVU204
 655 00ea C3F16403 		rsb	r3, r3, #100
 656 00ee DBB2     		uxtb	r3, r3
 657              	.L44:
 134:Middlewares/lvgl/src/misc/lv_timer.c ****         busy_time         = 0;
 658              		.loc 1 134 27 discriminator 4 view .LVU205
 659 00f0 114A     		ldr	r2, .L51+36
 660 00f2 1370     		strb	r3, [r2]
 135:Middlewares/lvgl/src/misc/lv_timer.c ****         idle_period_start = lv_tick_get();
 661              		.loc 1 135 9 is_stmt 1 discriminator 4 view .LVU206
 135:Middlewares/lvgl/src/misc/lv_timer.c ****         idle_period_start = lv_tick_get();
 662              		.loc 1 135 27 is_stmt 0 discriminator 4 view .LVU207
 663 00f4 0E4B     		ldr	r3, .L51+28
 664 00f6 0022     		movs	r2, #0
 665 00f8 1A60     		str	r2, [r3]
 136:Middlewares/lvgl/src/misc/lv_timer.c ****     }
 666              		.loc 1 136 9 is_stmt 1 discriminator 4 view .LVU208
 136:Middlewares/lvgl/src/misc/lv_timer.c ****     }
 667              		.loc 1 136 29 is_stmt 0 discriminator 4 view .LVU209
ARM GAS  /tmp/ccxgCiWQ.s 			page 22


 668 00fa FFF7FEFF 		bl	lv_tick_get
 669              	.LVL53:
 136:Middlewares/lvgl/src/misc/lv_timer.c ****     }
 670              		.loc 1 136 27 discriminator 4 view .LVU210
 671 00fe 0D4B     		ldr	r3, .L51+32
 672 0100 1860     		str	r0, [r3]
 673              	.L43:
 139:Middlewares/lvgl/src/misc/lv_timer.c **** 
 674              		.loc 1 139 5 is_stmt 1 view .LVU211
 139:Middlewares/lvgl/src/misc/lv_timer.c **** 
 675              		.loc 1 139 21 is_stmt 0 view .LVU212
 676 0102 044B     		ldr	r3, .L51
 677 0104 0022     		movs	r2, #0
 678 0106 1A70     		strb	r2, [r3]
 141:Middlewares/lvgl/src/misc/lv_timer.c ****     return time_till_next;
 679              		.loc 1 141 78 is_stmt 1 view .LVU213
 142:Middlewares/lvgl/src/misc/lv_timer.c **** }
 680              		.loc 1 142 5 view .LVU214
 142:Middlewares/lvgl/src/misc/lv_timer.c **** }
 681              		.loc 1 142 12 is_stmt 0 view .LVU215
 682 0108 02E0     		b	.L31
 683              	.LVL54:
 684              	.L47:
 134:Middlewares/lvgl/src/misc/lv_timer.c ****         busy_time         = 0;
 685              		.loc 1 134 27 view .LVU216
 686 010a 0023     		movs	r3, #0
 687 010c F0E7     		b	.L44
 688              	.LVL55:
 689              	.L45:
  72:Middlewares/lvgl/src/misc/lv_timer.c ****     already_running = true;
 690              		.loc 1 72 32 view .LVU217
 691 010e 0126     		movs	r6, #1
 692              	.L31:
 143:Middlewares/lvgl/src/misc/lv_timer.c **** /**
 693              		.loc 1 143 1 view .LVU218
 694 0110 3046     		mov	r0, r6
 695 0112 70BD     		pop	{r4, r5, r6, pc}
 696              	.L52:
 697              		.align	2
 698              	.L51:
 699 0114 00000000 		.word	.LANCHOR2
 700 0118 00000000 		.word	.LANCHOR3
 701 011c 00000000 		.word	.LANCHOR4
 702 0120 00000000 		.word	_lv_timer_act
 703 0124 00000000 		.word	_lv_timer_ll
 704 0128 00000000 		.word	.LANCHOR0
 705 012c 00000000 		.word	.LANCHOR1
 706 0130 00000000 		.word	.LANCHOR5
 707 0134 00000000 		.word	.LANCHOR6
 708 0138 00000000 		.word	.LANCHOR7
 709              		.cfi_endproc
 710              	.LFE24:
 712              		.section	.text.lv_timer_pause,"ax",%progbits
 713              		.align	1
 714              		.global	lv_timer_pause
 715              		.syntax unified
 716              		.thumb
ARM GAS  /tmp/ccxgCiWQ.s 			page 23


 717              		.thumb_func
 718              		.fpu fpv4-sp-d16
 720              	lv_timer_pause:
 721              	.LVL56:
 722              	.LFB29:
 210:Middlewares/lvgl/src/misc/lv_timer.c ****     timer->paused = true;
 723              		.loc 1 210 1 is_stmt 1 view -0
 724              		.cfi_startproc
 725              		@ args = 0, pretend = 0, frame = 0
 726              		@ frame_needed = 0, uses_anonymous_args = 0
 727              		@ link register save eliminated.
 211:Middlewares/lvgl/src/misc/lv_timer.c **** }
 728              		.loc 1 211 5 view .LVU220
 211:Middlewares/lvgl/src/misc/lv_timer.c **** }
 729              		.loc 1 211 19 is_stmt 0 view .LVU221
 730 0000 037D     		ldrb	r3, [r0, #20]	@ zero_extendqisi2
 731 0002 43F00103 		orr	r3, r3, #1
 732 0006 0375     		strb	r3, [r0, #20]
 212:Middlewares/lvgl/src/misc/lv_timer.c **** 
 733              		.loc 1 212 1 view .LVU222
 734 0008 7047     		bx	lr
 735              		.cfi_endproc
 736              	.LFE29:
 738              		.section	.text.lv_timer_resume,"ax",%progbits
 739              		.align	1
 740              		.global	lv_timer_resume
 741              		.syntax unified
 742              		.thumb
 743              		.thumb_func
 744              		.fpu fpv4-sp-d16
 746              	lv_timer_resume:
 747              	.LVL57:
 748              	.LFB30:
 215:Middlewares/lvgl/src/misc/lv_timer.c ****     timer->paused = false;
 749              		.loc 1 215 1 is_stmt 1 view -0
 750              		.cfi_startproc
 751              		@ args = 0, pretend = 0, frame = 0
 752              		@ frame_needed = 0, uses_anonymous_args = 0
 753              		@ link register save eliminated.
 216:Middlewares/lvgl/src/misc/lv_timer.c **** }
 754              		.loc 1 216 5 view .LVU224
 216:Middlewares/lvgl/src/misc/lv_timer.c **** }
 755              		.loc 1 216 19 is_stmt 0 view .LVU225
 756 0000 037D     		ldrb	r3, [r0, #20]	@ zero_extendqisi2
 757 0002 6FF30003 		bfc	r3, #0, #1
 758 0006 0375     		strb	r3, [r0, #20]
 217:Middlewares/lvgl/src/misc/lv_timer.c **** 
 759              		.loc 1 217 1 view .LVU226
 760 0008 7047     		bx	lr
 761              		.cfi_endproc
 762              	.LFE30:
 764              		.section	.text.lv_timer_set_period,"ax",%progbits
 765              		.align	1
 766              		.global	lv_timer_set_period
 767              		.syntax unified
 768              		.thumb
 769              		.thumb_func
ARM GAS  /tmp/ccxgCiWQ.s 			page 24


 770              		.fpu fpv4-sp-d16
 772              	lv_timer_set_period:
 773              	.LVL58:
 774              	.LFB31:
 225:Middlewares/lvgl/src/misc/lv_timer.c ****     timer->period = period;
 775              		.loc 1 225 1 is_stmt 1 view -0
 776              		.cfi_startproc
 777              		@ args = 0, pretend = 0, frame = 0
 778              		@ frame_needed = 0, uses_anonymous_args = 0
 779              		@ link register save eliminated.
 226:Middlewares/lvgl/src/misc/lv_timer.c **** }
 780              		.loc 1 226 5 view .LVU228
 226:Middlewares/lvgl/src/misc/lv_timer.c **** }
 781              		.loc 1 226 19 is_stmt 0 view .LVU229
 782 0000 0160     		str	r1, [r0]
 227:Middlewares/lvgl/src/misc/lv_timer.c **** 
 783              		.loc 1 227 1 view .LVU230
 784 0002 7047     		bx	lr
 785              		.cfi_endproc
 786              	.LFE31:
 788              		.section	.text.lv_timer_ready,"ax",%progbits
 789              		.align	1
 790              		.global	lv_timer_ready
 791              		.syntax unified
 792              		.thumb
 793              		.thumb_func
 794              		.fpu fpv4-sp-d16
 796              	lv_timer_ready:
 797              	.LVL59:
 798              	.LFB32:
 234:Middlewares/lvgl/src/misc/lv_timer.c ****     timer->last_run = lv_tick_get() - timer->period - 1;
 799              		.loc 1 234 1 is_stmt 1 view -0
 800              		.cfi_startproc
 801              		@ args = 0, pretend = 0, frame = 0
 802              		@ frame_needed = 0, uses_anonymous_args = 0
 234:Middlewares/lvgl/src/misc/lv_timer.c ****     timer->last_run = lv_tick_get() - timer->period - 1;
 803              		.loc 1 234 1 is_stmt 0 view .LVU232
 804 0000 10B5     		push	{r4, lr}
 805              	.LCFI6:
 806              		.cfi_def_cfa_offset 8
 807              		.cfi_offset 4, -8
 808              		.cfi_offset 14, -4
 809 0002 0446     		mov	r4, r0
 235:Middlewares/lvgl/src/misc/lv_timer.c **** }
 810              		.loc 1 235 5 is_stmt 1 view .LVU233
 235:Middlewares/lvgl/src/misc/lv_timer.c **** }
 811              		.loc 1 235 23 is_stmt 0 view .LVU234
 812 0004 FFF7FEFF 		bl	lv_tick_get
 813              	.LVL60:
 235:Middlewares/lvgl/src/misc/lv_timer.c **** }
 814              		.loc 1 235 44 view .LVU235
 815 0008 2368     		ldr	r3, [r4]
 235:Middlewares/lvgl/src/misc/lv_timer.c **** }
 816              		.loc 1 235 37 view .LVU236
 817 000a C31A     		subs	r3, r0, r3
 235:Middlewares/lvgl/src/misc/lv_timer.c **** }
 818              		.loc 1 235 53 view .LVU237
ARM GAS  /tmp/ccxgCiWQ.s 			page 25


 819 000c 013B     		subs	r3, r3, #1
 235:Middlewares/lvgl/src/misc/lv_timer.c **** }
 820              		.loc 1 235 21 view .LVU238
 821 000e 6360     		str	r3, [r4, #4]
 236:Middlewares/lvgl/src/misc/lv_timer.c **** 
 822              		.loc 1 236 1 view .LVU239
 823 0010 10BD     		pop	{r4, pc}
 236:Middlewares/lvgl/src/misc/lv_timer.c **** 
 824              		.loc 1 236 1 view .LVU240
 825              		.cfi_endproc
 826              	.LFE32:
 828              		.section	.text.lv_timer_set_repeat_count,"ax",%progbits
 829              		.align	1
 830              		.global	lv_timer_set_repeat_count
 831              		.syntax unified
 832              		.thumb
 833              		.thumb_func
 834              		.fpu fpv4-sp-d16
 836              	lv_timer_set_repeat_count:
 837              	.LVL61:
 838              	.LFB33:
 244:Middlewares/lvgl/src/misc/lv_timer.c ****     timer->repeat_count = repeat_count;
 839              		.loc 1 244 1 is_stmt 1 view -0
 840              		.cfi_startproc
 841              		@ args = 0, pretend = 0, frame = 0
 842              		@ frame_needed = 0, uses_anonymous_args = 0
 843              		@ link register save eliminated.
 245:Middlewares/lvgl/src/misc/lv_timer.c **** }
 844              		.loc 1 245 5 view .LVU242
 245:Middlewares/lvgl/src/misc/lv_timer.c **** }
 845              		.loc 1 245 25 is_stmt 0 view .LVU243
 846 0000 0161     		str	r1, [r0, #16]
 246:Middlewares/lvgl/src/misc/lv_timer.c **** 
 847              		.loc 1 246 1 view .LVU244
 848 0002 7047     		bx	lr
 849              		.cfi_endproc
 850              	.LFE33:
 852              		.section	.text.lv_timer_reset,"ax",%progbits
 853              		.align	1
 854              		.global	lv_timer_reset
 855              		.syntax unified
 856              		.thumb
 857              		.thumb_func
 858              		.fpu fpv4-sp-d16
 860              	lv_timer_reset:
 861              	.LVL62:
 862              	.LFB34:
 254:Middlewares/lvgl/src/misc/lv_timer.c ****     timer->last_run = lv_tick_get();
 863              		.loc 1 254 1 is_stmt 1 view -0
 864              		.cfi_startproc
 865              		@ args = 0, pretend = 0, frame = 0
 866              		@ frame_needed = 0, uses_anonymous_args = 0
 254:Middlewares/lvgl/src/misc/lv_timer.c ****     timer->last_run = lv_tick_get();
 867              		.loc 1 254 1 is_stmt 0 view .LVU246
 868 0000 10B5     		push	{r4, lr}
 869              	.LCFI7:
 870              		.cfi_def_cfa_offset 8
ARM GAS  /tmp/ccxgCiWQ.s 			page 26


 871              		.cfi_offset 4, -8
 872              		.cfi_offset 14, -4
 873 0002 0446     		mov	r4, r0
 255:Middlewares/lvgl/src/misc/lv_timer.c **** }
 874              		.loc 1 255 5 is_stmt 1 view .LVU247
 255:Middlewares/lvgl/src/misc/lv_timer.c **** }
 875              		.loc 1 255 23 is_stmt 0 view .LVU248
 876 0004 FFF7FEFF 		bl	lv_tick_get
 877              	.LVL63:
 255:Middlewares/lvgl/src/misc/lv_timer.c **** }
 878              		.loc 1 255 21 view .LVU249
 879 0008 6060     		str	r0, [r4, #4]
 256:Middlewares/lvgl/src/misc/lv_timer.c **** 
 880              		.loc 1 256 1 view .LVU250
 881 000a 10BD     		pop	{r4, pc}
 256:Middlewares/lvgl/src/misc/lv_timer.c **** 
 882              		.loc 1 256 1 view .LVU251
 883              		.cfi_endproc
 884              	.LFE34:
 886              		.section	.text.lv_timer_enable,"ax",%progbits
 887              		.align	1
 888              		.global	lv_timer_enable
 889              		.syntax unified
 890              		.thumb
 891              		.thumb_func
 892              		.fpu fpv4-sp-d16
 894              	lv_timer_enable:
 895              	.LVL64:
 896              	.LFB35:
 263:Middlewares/lvgl/src/misc/lv_timer.c ****     lv_timer_run = en;
 897              		.loc 1 263 1 is_stmt 1 view -0
 898              		.cfi_startproc
 899              		@ args = 0, pretend = 0, frame = 0
 900              		@ frame_needed = 0, uses_anonymous_args = 0
 901              		@ link register save eliminated.
 264:Middlewares/lvgl/src/misc/lv_timer.c **** }
 902              		.loc 1 264 5 view .LVU253
 264:Middlewares/lvgl/src/misc/lv_timer.c **** }
 903              		.loc 1 264 18 is_stmt 0 view .LVU254
 904 0000 014B     		ldr	r3, .L62
 905 0002 1870     		strb	r0, [r3]
 265:Middlewares/lvgl/src/misc/lv_timer.c **** 
 906              		.loc 1 265 1 view .LVU255
 907 0004 7047     		bx	lr
 908              	.L63:
 909 0006 00BF     		.align	2
 910              	.L62:
 911 0008 00000000 		.word	.LANCHOR3
 912              		.cfi_endproc
 913              	.LFE35:
 915              		.section	.text._lv_timer_core_init,"ax",%progbits
 916              		.align	1
 917              		.global	_lv_timer_core_init
 918              		.syntax unified
 919              		.thumb
 920              		.thumb_func
 921              		.fpu fpv4-sp-d16
ARM GAS  /tmp/ccxgCiWQ.s 			page 27


 923              	_lv_timer_core_init:
 924              	.LFB23:
  55:Middlewares/lvgl/src/misc/lv_timer.c ****     _lv_ll_init(&LV_GC_ROOT(_lv_timer_ll), sizeof(lv_timer_t));
 925              		.loc 1 55 1 is_stmt 1 view -0
 926              		.cfi_startproc
 927              		@ args = 0, pretend = 0, frame = 0
 928              		@ frame_needed = 0, uses_anonymous_args = 0
 929 0000 08B5     		push	{r3, lr}
 930              	.LCFI8:
 931              		.cfi_def_cfa_offset 8
 932              		.cfi_offset 3, -8
 933              		.cfi_offset 14, -4
  56:Middlewares/lvgl/src/misc/lv_timer.c **** 
 934              		.loc 1 56 5 view .LVU257
 935 0002 1821     		movs	r1, #24
 936 0004 0348     		ldr	r0, .L66
 937 0006 FFF7FEFF 		bl	_lv_ll_init
 938              	.LVL65:
  59:Middlewares/lvgl/src/misc/lv_timer.c **** }
 939              		.loc 1 59 5 view .LVU258
 940 000a 0120     		movs	r0, #1
 941 000c FFF7FEFF 		bl	lv_timer_enable
 942              	.LVL66:
  60:Middlewares/lvgl/src/misc/lv_timer.c **** 
 943              		.loc 1 60 1 is_stmt 0 view .LVU259
 944 0010 08BD     		pop	{r3, pc}
 945              	.L67:
 946 0012 00BF     		.align	2
 947              	.L66:
 948 0014 00000000 		.word	_lv_timer_ll
 949              		.cfi_endproc
 950              	.LFE23:
 952              		.section	.text.lv_timer_get_idle,"ax",%progbits
 953              		.align	1
 954              		.global	lv_timer_get_idle
 955              		.syntax unified
 956              		.thumb
 957              		.thumb_func
 958              		.fpu fpv4-sp-d16
 960              	lv_timer_get_idle:
 961              	.LFB36:
 272:Middlewares/lvgl/src/misc/lv_timer.c ****     return idle_last;
 962              		.loc 1 272 1 is_stmt 1 view -0
 963              		.cfi_startproc
 964              		@ args = 0, pretend = 0, frame = 0
 965              		@ frame_needed = 0, uses_anonymous_args = 0
 966              		@ link register save eliminated.
 273:Middlewares/lvgl/src/misc/lv_timer.c **** }
 967              		.loc 1 273 5 view .LVU261
 274:Middlewares/lvgl/src/misc/lv_timer.c **** 
 968              		.loc 1 274 1 is_stmt 0 view .LVU262
 969 0000 014B     		ldr	r3, .L69
 970 0002 1878     		ldrb	r0, [r3]	@ zero_extendqisi2
 971 0004 7047     		bx	lr
 972              	.L70:
 973 0006 00BF     		.align	2
 974              	.L69:
ARM GAS  /tmp/ccxgCiWQ.s 			page 28


 975 0008 00000000 		.word	.LANCHOR7
 976              		.cfi_endproc
 977              	.LFE36:
 979              		.section	.text.lv_timer_get_next,"ax",%progbits
 980              		.align	1
 981              		.global	lv_timer_get_next
 982              		.syntax unified
 983              		.thumb
 984              		.thumb_func
 985              		.fpu fpv4-sp-d16
 987              	lv_timer_get_next:
 988              	.LVL67:
 989              	.LFB37:
 282:Middlewares/lvgl/src/misc/lv_timer.c ****     if(timer == NULL) return _lv_ll_get_head(&LV_GC_ROOT(_lv_timer_ll));
 990              		.loc 1 282 1 is_stmt 1 view -0
 991              		.cfi_startproc
 992              		@ args = 0, pretend = 0, frame = 0
 993              		@ frame_needed = 0, uses_anonymous_args = 0
 282:Middlewares/lvgl/src/misc/lv_timer.c ****     if(timer == NULL) return _lv_ll_get_head(&LV_GC_ROOT(_lv_timer_ll));
 994              		.loc 1 282 1 is_stmt 0 view .LVU264
 995 0000 08B5     		push	{r3, lr}
 996              	.LCFI9:
 997              		.cfi_def_cfa_offset 8
 998              		.cfi_offset 3, -8
 999              		.cfi_offset 14, -4
 283:Middlewares/lvgl/src/misc/lv_timer.c ****     else return _lv_ll_get_next(&LV_GC_ROOT(_lv_timer_ll), timer);
 1000              		.loc 1 283 5 is_stmt 1 view .LVU265
 283:Middlewares/lvgl/src/misc/lv_timer.c ****     else return _lv_ll_get_next(&LV_GC_ROOT(_lv_timer_ll), timer);
 1001              		.loc 1 283 7 is_stmt 0 view .LVU266
 1002 0002 20B1     		cbz	r0, .L75
 1003 0004 0146     		mov	r1, r0
 284:Middlewares/lvgl/src/misc/lv_timer.c **** }
 1004              		.loc 1 284 10 is_stmt 1 view .LVU267
 284:Middlewares/lvgl/src/misc/lv_timer.c **** }
 1005              		.loc 1 284 17 is_stmt 0 view .LVU268
 1006 0006 0448     		ldr	r0, .L76
 1007              	.LVL68:
 284:Middlewares/lvgl/src/misc/lv_timer.c **** }
 1008              		.loc 1 284 17 view .LVU269
 1009 0008 FFF7FEFF 		bl	_lv_ll_get_next
 1010              	.LVL69:
 1011              	.L71:
 285:Middlewares/lvgl/src/misc/lv_timer.c **** 
 1012              		.loc 1 285 1 view .LVU270
 1013 000c 08BD     		pop	{r3, pc}
 1014              	.LVL70:
 1015              	.L75:
 283:Middlewares/lvgl/src/misc/lv_timer.c ****     else return _lv_ll_get_next(&LV_GC_ROOT(_lv_timer_ll), timer);
 1016              		.loc 1 283 23 is_stmt 1 discriminator 1 view .LVU271
 283:Middlewares/lvgl/src/misc/lv_timer.c ****     else return _lv_ll_get_next(&LV_GC_ROOT(_lv_timer_ll), timer);
 1017              		.loc 1 283 30 is_stmt 0 discriminator 1 view .LVU272
 1018 000e 0248     		ldr	r0, .L76
 1019              	.LVL71:
 283:Middlewares/lvgl/src/misc/lv_timer.c ****     else return _lv_ll_get_next(&LV_GC_ROOT(_lv_timer_ll), timer);
 1020              		.loc 1 283 30 discriminator 1 view .LVU273
 1021 0010 FFF7FEFF 		bl	_lv_ll_get_head
 1022              	.LVL72:
ARM GAS  /tmp/ccxgCiWQ.s 			page 29


 1023 0014 FAE7     		b	.L71
 1024              	.L77:
 1025 0016 00BF     		.align	2
 1026              	.L76:
 1027 0018 00000000 		.word	_lv_timer_ll
 1028              		.cfi_endproc
 1029              	.LFE37:
 1031              		.section	.bss.already_running.3,"aw",%nobits
 1032              		.set	.LANCHOR2,. + 0
 1035              	already_running.3:
 1036 0000 00       		.space	1
 1037              		.section	.bss.busy_time.1,"aw",%nobits
 1038              		.align	2
 1039              		.set	.LANCHOR5,. + 0
 1042              	busy_time.1:
 1043 0000 00000000 		.space	4
 1044              		.section	.bss.idle_last,"aw",%nobits
 1045              		.set	.LANCHOR7,. + 0
 1048              	idle_last:
 1049 0000 00       		.space	1
 1050              		.section	.bss.idle_period_start.0,"aw",%nobits
 1051              		.align	2
 1052              		.set	.LANCHOR6,. + 0
 1055              	idle_period_start.0:
 1056 0000 00000000 		.space	4
 1057              		.section	.bss.lv_timer_run,"aw",%nobits
 1058              		.set	.LANCHOR3,. + 0
 1061              	lv_timer_run:
 1062 0000 00       		.space	1
 1063              		.section	.bss.run_cnt.2,"aw",%nobits
 1064              		.align	2
 1065              		.set	.LANCHOR4,. + 0
 1068              	run_cnt.2:
 1069 0000 00000000 		.space	4
 1070              		.section	.bss.timer_created,"aw",%nobits
 1071              		.set	.LANCHOR0,. + 0
 1074              	timer_created:
 1075 0000 00       		.space	1
 1076              		.section	.bss.timer_deleted,"aw",%nobits
 1077              		.set	.LANCHOR1,. + 0
 1080              	timer_deleted:
 1081 0000 00       		.space	1
 1082              		.text
 1083              	.Letext0:
 1084              		.file 2 "/home/akinya/gcc-arm-none-eabi/arm-none-eabi/include/machine/_default_types.h"
 1085              		.file 3 "/home/akinya/gcc-arm-none-eabi/arm-none-eabi/include/sys/_stdint.h"
 1086              		.file 4 "Middlewares/lvgl/src/misc/lv_ll.h"
 1087              		.file 5 "Middlewares/lvgl/src/misc/lv_timer.h"
 1088              		.file 6 "Middlewares/lvgl/src/misc/lv_gc.h"
 1089              		.file 7 "Middlewares/lvgl/src/misc/../hal/lv_hal_tick.h"
 1090              		.file 8 "Middlewares/lvgl/src/misc/lv_mem.h"
ARM GAS  /tmp/ccxgCiWQ.s 			page 30


DEFINED SYMBOLS
                            *ABS*:0000000000000000 lv_timer.c
     /tmp/ccxgCiWQ.s:18     .text.lv_timer_time_remaining:0000000000000000 $t
     /tmp/ccxgCiWQ.s:25     .text.lv_timer_time_remaining:0000000000000000 lv_timer_time_remaining
     /tmp/ccxgCiWQ.s:71     .text.lv_timer_create:0000000000000000 $t
     /tmp/ccxgCiWQ.s:78     .text.lv_timer_create:0000000000000000 lv_timer_create
     /tmp/ccxgCiWQ.s:157    .text.lv_timer_create:0000000000000038 $d
     /tmp/ccxgCiWQ.s:163    .text.lv_timer_create_basic:0000000000000000 $t
     /tmp/ccxgCiWQ.s:170    .text.lv_timer_create_basic:0000000000000000 lv_timer_create_basic
     /tmp/ccxgCiWQ.s:194    .text.lv_timer_set_cb:0000000000000000 $t
     /tmp/ccxgCiWQ.s:201    .text.lv_timer_set_cb:0000000000000000 lv_timer_set_cb
     /tmp/ccxgCiWQ.s:218    .text.lv_timer_del:0000000000000000 $t
     /tmp/ccxgCiWQ.s:225    .text.lv_timer_del:0000000000000000 lv_timer_del
     /tmp/ccxgCiWQ.s:262    .text.lv_timer_del:000000000000001c $d
     /tmp/ccxgCiWQ.s:268    .text.lv_timer_exec:0000000000000000 $t
     /tmp/ccxgCiWQ.s:274    .text.lv_timer_exec:0000000000000000 lv_timer_exec
     /tmp/ccxgCiWQ.s:399    .text.lv_timer_exec:0000000000000058 $d
     /tmp/ccxgCiWQ.s:404    .text.lv_timer_handler:0000000000000000 $t
     /tmp/ccxgCiWQ.s:411    .text.lv_timer_handler:0000000000000000 lv_timer_handler
     /tmp/ccxgCiWQ.s:699    .text.lv_timer_handler:0000000000000114 $d
     /tmp/ccxgCiWQ.s:713    .text.lv_timer_pause:0000000000000000 $t
     /tmp/ccxgCiWQ.s:720    .text.lv_timer_pause:0000000000000000 lv_timer_pause
     /tmp/ccxgCiWQ.s:739    .text.lv_timer_resume:0000000000000000 $t
     /tmp/ccxgCiWQ.s:746    .text.lv_timer_resume:0000000000000000 lv_timer_resume
     /tmp/ccxgCiWQ.s:765    .text.lv_timer_set_period:0000000000000000 $t
     /tmp/ccxgCiWQ.s:772    .text.lv_timer_set_period:0000000000000000 lv_timer_set_period
     /tmp/ccxgCiWQ.s:789    .text.lv_timer_ready:0000000000000000 $t
     /tmp/ccxgCiWQ.s:796    .text.lv_timer_ready:0000000000000000 lv_timer_ready
     /tmp/ccxgCiWQ.s:829    .text.lv_timer_set_repeat_count:0000000000000000 $t
     /tmp/ccxgCiWQ.s:836    .text.lv_timer_set_repeat_count:0000000000000000 lv_timer_set_repeat_count
     /tmp/ccxgCiWQ.s:853    .text.lv_timer_reset:0000000000000000 $t
     /tmp/ccxgCiWQ.s:860    .text.lv_timer_reset:0000000000000000 lv_timer_reset
     /tmp/ccxgCiWQ.s:887    .text.lv_timer_enable:0000000000000000 $t
     /tmp/ccxgCiWQ.s:894    .text.lv_timer_enable:0000000000000000 lv_timer_enable
     /tmp/ccxgCiWQ.s:911    .text.lv_timer_enable:0000000000000008 $d
     /tmp/ccxgCiWQ.s:916    .text._lv_timer_core_init:0000000000000000 $t
     /tmp/ccxgCiWQ.s:923    .text._lv_timer_core_init:0000000000000000 _lv_timer_core_init
     /tmp/ccxgCiWQ.s:948    .text._lv_timer_core_init:0000000000000014 $d
     /tmp/ccxgCiWQ.s:953    .text.lv_timer_get_idle:0000000000000000 $t
     /tmp/ccxgCiWQ.s:960    .text.lv_timer_get_idle:0000000000000000 lv_timer_get_idle
     /tmp/ccxgCiWQ.s:975    .text.lv_timer_get_idle:0000000000000008 $d
     /tmp/ccxgCiWQ.s:980    .text.lv_timer_get_next:0000000000000000 $t
     /tmp/ccxgCiWQ.s:987    .text.lv_timer_get_next:0000000000000000 lv_timer_get_next
     /tmp/ccxgCiWQ.s:1027   .text.lv_timer_get_next:0000000000000018 $d
     /tmp/ccxgCiWQ.s:1035   .bss.already_running.3:0000000000000000 already_running.3
     /tmp/ccxgCiWQ.s:1036   .bss.already_running.3:0000000000000000 $d
     /tmp/ccxgCiWQ.s:1038   .bss.busy_time.1:0000000000000000 $d
     /tmp/ccxgCiWQ.s:1042   .bss.busy_time.1:0000000000000000 busy_time.1
     /tmp/ccxgCiWQ.s:1048   .bss.idle_last:0000000000000000 idle_last
     /tmp/ccxgCiWQ.s:1049   .bss.idle_last:0000000000000000 $d
     /tmp/ccxgCiWQ.s:1051   .bss.idle_period_start.0:0000000000000000 $d
     /tmp/ccxgCiWQ.s:1055   .bss.idle_period_start.0:0000000000000000 idle_period_start.0
     /tmp/ccxgCiWQ.s:1061   .bss.lv_timer_run:0000000000000000 lv_timer_run
     /tmp/ccxgCiWQ.s:1062   .bss.lv_timer_run:0000000000000000 $d
     /tmp/ccxgCiWQ.s:1064   .bss.run_cnt.2:0000000000000000 $d
     /tmp/ccxgCiWQ.s:1068   .bss.run_cnt.2:0000000000000000 run_cnt.2
     /tmp/ccxgCiWQ.s:1074   .bss.timer_created:0000000000000000 timer_created
ARM GAS  /tmp/ccxgCiWQ.s 			page 31


     /tmp/ccxgCiWQ.s:1075   .bss.timer_created:0000000000000000 $d
     /tmp/ccxgCiWQ.s:1080   .bss.timer_deleted:0000000000000000 timer_deleted
     /tmp/ccxgCiWQ.s:1081   .bss.timer_deleted:0000000000000000 $d

UNDEFINED SYMBOLS
lv_tick_elaps
_lv_ll_ins_head
lv_tick_get
_lv_timer_ll
_lv_ll_remove
lv_mem_free
_lv_ll_get_next
_lv_ll_get_head
_lv_timer_act
_lv_ll_init
