ARM GAS  /tmp/cc7ox8r5.s 			page 1


   1              		.cpu cortex-m4
   2              		.eabi_attribute 27, 1
   3              		.eabi_attribute 28, 1
   4              		.eabi_attribute 20, 1
   5              		.eabi_attribute 21, 1
   6              		.eabi_attribute 23, 3
   7              		.eabi_attribute 24, 1
   8              		.eabi_attribute 25, 1
   9              		.eabi_attribute 26, 1
  10              		.eabi_attribute 30, 1
  11              		.eabi_attribute 34, 1
  12              		.eabi_attribute 18, 4
  13              		.file	"lv_example_style_13.c"
  14              		.text
  15              	.Ltext0:
  16              		.cfi_sections	.debug_frame
  17              		.section	.text.lv_example_style_13,"ax",%progbits
  18              		.align	1
  19              		.global	lv_example_style_13
  20              		.arch armv7e-m
  21              		.syntax unified
  22              		.thumb
  23              		.thumb_func
  24              		.fpu fpv4-sp-d16
  26              	lv_example_style_13:
  27              	.LFB184:
  28              		.file 1 "Middlewares/lvgl/examples/styles/lv_example_style_13.c"
   1:Middlewares/lvgl/examples/styles/lv_example_style_13.c **** #include "../lv_examples.h"
   2:Middlewares/lvgl/examples/styles/lv_example_style_13.c **** #if LV_BUILD_EXAMPLES && LV_USE_IMG
   3:Middlewares/lvgl/examples/styles/lv_example_style_13.c **** 
   4:Middlewares/lvgl/examples/styles/lv_example_style_13.c **** /**
   5:Middlewares/lvgl/examples/styles/lv_example_style_13.c ****  * Add styles to parts and states
   6:Middlewares/lvgl/examples/styles/lv_example_style_13.c ****  */
   7:Middlewares/lvgl/examples/styles/lv_example_style_13.c **** void lv_example_style_13(void)
   8:Middlewares/lvgl/examples/styles/lv_example_style_13.c **** {
  29              		.loc 1 8 1 view -0
  30              		.cfi_startproc
  31              		@ args = 0, pretend = 0, frame = 0
  32              		@ frame_needed = 0, uses_anonymous_args = 0
  33 0000 70B5     		push	{r4, r5, r6, lr}
  34              	.LCFI0:
  35              		.cfi_def_cfa_offset 16
  36              		.cfi_offset 4, -16
  37              		.cfi_offset 5, -12
  38              		.cfi_offset 6, -8
  39              		.cfi_offset 14, -4
   9:Middlewares/lvgl/examples/styles/lv_example_style_13.c ****     static lv_style_t style_indic;
  40              		.loc 1 9 5 view .LVU1
  10:Middlewares/lvgl/examples/styles/lv_example_style_13.c ****     lv_style_init(&style_indic);
  41              		.loc 1 10 5 view .LVU2
  42 0002 234E     		ldr	r6, .L3
  43 0004 3046     		mov	r0, r6
  44 0006 FFF7FEFF 		bl	lv_style_init
  45              	.LVL0:
  11:Middlewares/lvgl/examples/styles/lv_example_style_13.c ****     lv_style_set_bg_color(&style_indic, lv_palette_lighten(LV_PALETTE_RED, 3));
  46              		.loc 1 11 5 view .LVU3
  47 000a 0321     		movs	r1, #3
ARM GAS  /tmp/cc7ox8r5.s 			page 2


  48 000c 0020     		movs	r0, #0
  49 000e FFF7FEFF 		bl	lv_palette_lighten
  50              	.LVL1:
  51 0012 0146     		mov	r1, r0	@ movhi
  52 0014 3046     		mov	r0, r6
  53 0016 FFF7FEFF 		bl	lv_style_set_bg_color
  54              	.LVL2:
  12:Middlewares/lvgl/examples/styles/lv_example_style_13.c ****     lv_style_set_bg_grad_color(&style_indic, lv_palette_main(LV_PALETTE_RED));
  55              		.loc 1 12 5 view .LVU4
  56 001a 0020     		movs	r0, #0
  57 001c FFF7FEFF 		bl	lv_palette_main
  58              	.LVL3:
  59 0020 0146     		mov	r1, r0	@ movhi
  60 0022 3046     		mov	r0, r6
  61 0024 FFF7FEFF 		bl	lv_style_set_bg_grad_color
  62              	.LVL4:
  13:Middlewares/lvgl/examples/styles/lv_example_style_13.c ****     lv_style_set_bg_grad_dir(&style_indic, LV_GRAD_DIR_HOR);
  63              		.loc 1 13 5 view .LVU5
  64 0028 0221     		movs	r1, #2
  65 002a 3046     		mov	r0, r6
  66 002c FFF7FEFF 		bl	lv_style_set_bg_grad_dir
  67              	.LVL5:
  14:Middlewares/lvgl/examples/styles/lv_example_style_13.c **** 
  15:Middlewares/lvgl/examples/styles/lv_example_style_13.c ****     static lv_style_t style_indic_pr;
  68              		.loc 1 15 5 view .LVU6
  16:Middlewares/lvgl/examples/styles/lv_example_style_13.c ****     lv_style_init(&style_indic_pr);
  69              		.loc 1 16 5 view .LVU7
  70 0030 184D     		ldr	r5, .L3+4
  71 0032 2846     		mov	r0, r5
  72 0034 FFF7FEFF 		bl	lv_style_init
  73              	.LVL6:
  17:Middlewares/lvgl/examples/styles/lv_example_style_13.c ****     lv_style_set_shadow_color(&style_indic_pr, lv_palette_main(LV_PALETTE_RED));
  74              		.loc 1 17 5 view .LVU8
  75 0038 0020     		movs	r0, #0
  76 003a FFF7FEFF 		bl	lv_palette_main
  77              	.LVL7:
  78 003e 0146     		mov	r1, r0	@ movhi
  79 0040 2846     		mov	r0, r5
  80 0042 FFF7FEFF 		bl	lv_style_set_shadow_color
  81              	.LVL8:
  18:Middlewares/lvgl/examples/styles/lv_example_style_13.c ****     lv_style_set_shadow_width(&style_indic_pr, 10);
  82              		.loc 1 18 5 view .LVU9
  83 0046 0A21     		movs	r1, #10
  84 0048 2846     		mov	r0, r5
  85 004a FFF7FEFF 		bl	lv_style_set_shadow_width
  86              	.LVL9:
  19:Middlewares/lvgl/examples/styles/lv_example_style_13.c ****     lv_style_set_shadow_spread(&style_indic_pr, 3);
  87              		.loc 1 19 5 view .LVU10
  88 004e 0321     		movs	r1, #3
  89 0050 2846     		mov	r0, r5
  90 0052 FFF7FEFF 		bl	lv_style_set_shadow_spread
  91              	.LVL10:
  20:Middlewares/lvgl/examples/styles/lv_example_style_13.c **** 
  21:Middlewares/lvgl/examples/styles/lv_example_style_13.c ****     /*Create an object with the new style_pr*/
  22:Middlewares/lvgl/examples/styles/lv_example_style_13.c ****     lv_obj_t * obj = lv_slider_create(lv_scr_act());
  92              		.loc 1 22 5 view .LVU11
  93              	.LBB12:
ARM GAS  /tmp/cc7ox8r5.s 			page 3


  94              	.LBI12:
  95              		.file 2 "Middlewares/lvgl/examples/styles/../../src/core/lv_disp.h"
   1:Middlewares/lvgl/examples/styles/../../src/core/lv_disp.h **** /**
   2:Middlewares/lvgl/examples/styles/../../src/core/lv_disp.h ****  * @file lv_disp.h
   3:Middlewares/lvgl/examples/styles/../../src/core/lv_disp.h ****  *
   4:Middlewares/lvgl/examples/styles/../../src/core/lv_disp.h ****  */
   5:Middlewares/lvgl/examples/styles/../../src/core/lv_disp.h **** 
   6:Middlewares/lvgl/examples/styles/../../src/core/lv_disp.h **** #ifndef LV_DISP_H
   7:Middlewares/lvgl/examples/styles/../../src/core/lv_disp.h **** #define LV_DISP_H
   8:Middlewares/lvgl/examples/styles/../../src/core/lv_disp.h **** 
   9:Middlewares/lvgl/examples/styles/../../src/core/lv_disp.h **** #ifdef __cplusplus
  10:Middlewares/lvgl/examples/styles/../../src/core/lv_disp.h **** extern "C" {
  11:Middlewares/lvgl/examples/styles/../../src/core/lv_disp.h **** #endif
  12:Middlewares/lvgl/examples/styles/../../src/core/lv_disp.h **** 
  13:Middlewares/lvgl/examples/styles/../../src/core/lv_disp.h **** /*********************
  14:Middlewares/lvgl/examples/styles/../../src/core/lv_disp.h ****  *      INCLUDES
  15:Middlewares/lvgl/examples/styles/../../src/core/lv_disp.h ****  *********************/
  16:Middlewares/lvgl/examples/styles/../../src/core/lv_disp.h **** #include "../hal/lv_hal.h"
  17:Middlewares/lvgl/examples/styles/../../src/core/lv_disp.h **** #include "lv_obj.h"
  18:Middlewares/lvgl/examples/styles/../../src/core/lv_disp.h **** #include "lv_theme.h"
  19:Middlewares/lvgl/examples/styles/../../src/core/lv_disp.h **** 
  20:Middlewares/lvgl/examples/styles/../../src/core/lv_disp.h **** /*********************
  21:Middlewares/lvgl/examples/styles/../../src/core/lv_disp.h ****  *      DEFINES
  22:Middlewares/lvgl/examples/styles/../../src/core/lv_disp.h ****  *********************/
  23:Middlewares/lvgl/examples/styles/../../src/core/lv_disp.h **** 
  24:Middlewares/lvgl/examples/styles/../../src/core/lv_disp.h **** /**********************
  25:Middlewares/lvgl/examples/styles/../../src/core/lv_disp.h ****  *      TYPEDEFS
  26:Middlewares/lvgl/examples/styles/../../src/core/lv_disp.h ****  **********************/
  27:Middlewares/lvgl/examples/styles/../../src/core/lv_disp.h **** 
  28:Middlewares/lvgl/examples/styles/../../src/core/lv_disp.h **** typedef enum {
  29:Middlewares/lvgl/examples/styles/../../src/core/lv_disp.h ****     LV_SCR_LOAD_ANIM_NONE,
  30:Middlewares/lvgl/examples/styles/../../src/core/lv_disp.h ****     LV_SCR_LOAD_ANIM_OVER_LEFT,
  31:Middlewares/lvgl/examples/styles/../../src/core/lv_disp.h ****     LV_SCR_LOAD_ANIM_OVER_RIGHT,
  32:Middlewares/lvgl/examples/styles/../../src/core/lv_disp.h ****     LV_SCR_LOAD_ANIM_OVER_TOP,
  33:Middlewares/lvgl/examples/styles/../../src/core/lv_disp.h ****     LV_SCR_LOAD_ANIM_OVER_BOTTOM,
  34:Middlewares/lvgl/examples/styles/../../src/core/lv_disp.h ****     LV_SCR_LOAD_ANIM_MOVE_LEFT,
  35:Middlewares/lvgl/examples/styles/../../src/core/lv_disp.h ****     LV_SCR_LOAD_ANIM_MOVE_RIGHT,
  36:Middlewares/lvgl/examples/styles/../../src/core/lv_disp.h ****     LV_SCR_LOAD_ANIM_MOVE_TOP,
  37:Middlewares/lvgl/examples/styles/../../src/core/lv_disp.h ****     LV_SCR_LOAD_ANIM_MOVE_BOTTOM,
  38:Middlewares/lvgl/examples/styles/../../src/core/lv_disp.h ****     LV_SCR_LOAD_ANIM_FADE_ON,
  39:Middlewares/lvgl/examples/styles/../../src/core/lv_disp.h **** } lv_scr_load_anim_t;
  40:Middlewares/lvgl/examples/styles/../../src/core/lv_disp.h **** 
  41:Middlewares/lvgl/examples/styles/../../src/core/lv_disp.h **** /**********************
  42:Middlewares/lvgl/examples/styles/../../src/core/lv_disp.h ****  * GLOBAL PROTOTYPES
  43:Middlewares/lvgl/examples/styles/../../src/core/lv_disp.h ****  **********************/
  44:Middlewares/lvgl/examples/styles/../../src/core/lv_disp.h **** 
  45:Middlewares/lvgl/examples/styles/../../src/core/lv_disp.h **** /**
  46:Middlewares/lvgl/examples/styles/../../src/core/lv_disp.h ****  * Return with a pointer to the active screen
  47:Middlewares/lvgl/examples/styles/../../src/core/lv_disp.h ****  * @param disp pointer to display which active screen should be get. (NULL to use the default
  48:Middlewares/lvgl/examples/styles/../../src/core/lv_disp.h ****  * screen)
  49:Middlewares/lvgl/examples/styles/../../src/core/lv_disp.h ****  * @return pointer to the active screen object (loaded by 'lv_scr_load()')
  50:Middlewares/lvgl/examples/styles/../../src/core/lv_disp.h ****  */
  51:Middlewares/lvgl/examples/styles/../../src/core/lv_disp.h **** lv_obj_t * lv_disp_get_scr_act(lv_disp_t * disp);
  52:Middlewares/lvgl/examples/styles/../../src/core/lv_disp.h **** 
  53:Middlewares/lvgl/examples/styles/../../src/core/lv_disp.h **** /**
  54:Middlewares/lvgl/examples/styles/../../src/core/lv_disp.h ****  * Return with a pointer to the previous screen. Only used during screen transitions.
  55:Middlewares/lvgl/examples/styles/../../src/core/lv_disp.h ****  * @param disp pointer to display which previous screen should be get. (NULL to use the default
ARM GAS  /tmp/cc7ox8r5.s 			page 4


  56:Middlewares/lvgl/examples/styles/../../src/core/lv_disp.h ****  * screen)
  57:Middlewares/lvgl/examples/styles/../../src/core/lv_disp.h ****  * @return pointer to the previous screen object or NULL if not used now
  58:Middlewares/lvgl/examples/styles/../../src/core/lv_disp.h ****  */
  59:Middlewares/lvgl/examples/styles/../../src/core/lv_disp.h **** lv_obj_t * lv_disp_get_scr_prev(lv_disp_t * disp);
  60:Middlewares/lvgl/examples/styles/../../src/core/lv_disp.h **** 
  61:Middlewares/lvgl/examples/styles/../../src/core/lv_disp.h **** /**
  62:Middlewares/lvgl/examples/styles/../../src/core/lv_disp.h ****  * Make a screen active
  63:Middlewares/lvgl/examples/styles/../../src/core/lv_disp.h ****  * @param scr pointer to a screen
  64:Middlewares/lvgl/examples/styles/../../src/core/lv_disp.h ****  */
  65:Middlewares/lvgl/examples/styles/../../src/core/lv_disp.h **** void lv_disp_load_scr(lv_obj_t * scr);
  66:Middlewares/lvgl/examples/styles/../../src/core/lv_disp.h **** 
  67:Middlewares/lvgl/examples/styles/../../src/core/lv_disp.h **** /**
  68:Middlewares/lvgl/examples/styles/../../src/core/lv_disp.h ****  * Return with the top layer. (Same on every screen and it is above the normal screen layer)
  69:Middlewares/lvgl/examples/styles/../../src/core/lv_disp.h ****  * @param disp pointer to display which top layer should be get. (NULL to use the default screen)
  70:Middlewares/lvgl/examples/styles/../../src/core/lv_disp.h ****  * @return pointer to the top layer object  (transparent screen sized lv_obj)
  71:Middlewares/lvgl/examples/styles/../../src/core/lv_disp.h ****  */
  72:Middlewares/lvgl/examples/styles/../../src/core/lv_disp.h **** lv_obj_t * lv_disp_get_layer_top(lv_disp_t * disp);
  73:Middlewares/lvgl/examples/styles/../../src/core/lv_disp.h **** 
  74:Middlewares/lvgl/examples/styles/../../src/core/lv_disp.h **** /**
  75:Middlewares/lvgl/examples/styles/../../src/core/lv_disp.h ****  * Return with the sys. layer. (Same on every screen and it is above the normal screen and the top
  76:Middlewares/lvgl/examples/styles/../../src/core/lv_disp.h ****  * layer)
  77:Middlewares/lvgl/examples/styles/../../src/core/lv_disp.h ****  * @param disp pointer to display which sys. layer  should be get. (NULL to use the default screen)
  78:Middlewares/lvgl/examples/styles/../../src/core/lv_disp.h ****  * @return pointer to the sys layer object  (transparent screen sized lv_obj)
  79:Middlewares/lvgl/examples/styles/../../src/core/lv_disp.h ****  */
  80:Middlewares/lvgl/examples/styles/../../src/core/lv_disp.h **** lv_obj_t * lv_disp_get_layer_sys(lv_disp_t * disp);
  81:Middlewares/lvgl/examples/styles/../../src/core/lv_disp.h **** 
  82:Middlewares/lvgl/examples/styles/../../src/core/lv_disp.h **** /**
  83:Middlewares/lvgl/examples/styles/../../src/core/lv_disp.h ****  * Get the theme of a display
  84:Middlewares/lvgl/examples/styles/../../src/core/lv_disp.h ****  * @param disp pointer to a display
  85:Middlewares/lvgl/examples/styles/../../src/core/lv_disp.h ****  * @return the display's theme (can be NULL)
  86:Middlewares/lvgl/examples/styles/../../src/core/lv_disp.h ****  */
  87:Middlewares/lvgl/examples/styles/../../src/core/lv_disp.h **** void lv_disp_set_theme(lv_disp_t * disp, lv_theme_t * th);
  88:Middlewares/lvgl/examples/styles/../../src/core/lv_disp.h **** 
  89:Middlewares/lvgl/examples/styles/../../src/core/lv_disp.h **** /**
  90:Middlewares/lvgl/examples/styles/../../src/core/lv_disp.h ****  * Get the theme of a display
  91:Middlewares/lvgl/examples/styles/../../src/core/lv_disp.h ****  * @param disp pointer to a display
  92:Middlewares/lvgl/examples/styles/../../src/core/lv_disp.h ****  * @return the display's theme (can be NULL)
  93:Middlewares/lvgl/examples/styles/../../src/core/lv_disp.h ****  */
  94:Middlewares/lvgl/examples/styles/../../src/core/lv_disp.h **** lv_theme_t * lv_disp_get_theme(lv_disp_t * disp);
  95:Middlewares/lvgl/examples/styles/../../src/core/lv_disp.h **** 
  96:Middlewares/lvgl/examples/styles/../../src/core/lv_disp.h **** /**
  97:Middlewares/lvgl/examples/styles/../../src/core/lv_disp.h ****  * Set the background color of a display
  98:Middlewares/lvgl/examples/styles/../../src/core/lv_disp.h ****  * @param disp pointer to a display
  99:Middlewares/lvgl/examples/styles/../../src/core/lv_disp.h ****  * @param color color of the background
 100:Middlewares/lvgl/examples/styles/../../src/core/lv_disp.h ****  */
 101:Middlewares/lvgl/examples/styles/../../src/core/lv_disp.h **** void lv_disp_set_bg_color(lv_disp_t * disp, lv_color_t color);
 102:Middlewares/lvgl/examples/styles/../../src/core/lv_disp.h **** 
 103:Middlewares/lvgl/examples/styles/../../src/core/lv_disp.h **** /**
 104:Middlewares/lvgl/examples/styles/../../src/core/lv_disp.h ****  * Set the background image of a display
 105:Middlewares/lvgl/examples/styles/../../src/core/lv_disp.h ****  * @param disp pointer to a display
 106:Middlewares/lvgl/examples/styles/../../src/core/lv_disp.h ****  * @param img_src path to file or pointer to an `lv_img_dsc_t` variable
 107:Middlewares/lvgl/examples/styles/../../src/core/lv_disp.h ****  */
 108:Middlewares/lvgl/examples/styles/../../src/core/lv_disp.h **** void lv_disp_set_bg_image(lv_disp_t * disp, const void  * img_src);
 109:Middlewares/lvgl/examples/styles/../../src/core/lv_disp.h **** 
 110:Middlewares/lvgl/examples/styles/../../src/core/lv_disp.h **** /**
 111:Middlewares/lvgl/examples/styles/../../src/core/lv_disp.h ****  * Opacity of the background
 112:Middlewares/lvgl/examples/styles/../../src/core/lv_disp.h ****  * @param disp pointer to a display
ARM GAS  /tmp/cc7ox8r5.s 			page 5


 113:Middlewares/lvgl/examples/styles/../../src/core/lv_disp.h ****  * @param opa opacity (0..255)
 114:Middlewares/lvgl/examples/styles/../../src/core/lv_disp.h ****  */
 115:Middlewares/lvgl/examples/styles/../../src/core/lv_disp.h **** void lv_disp_set_bg_opa(lv_disp_t * disp, lv_opa_t opa);
 116:Middlewares/lvgl/examples/styles/../../src/core/lv_disp.h **** 
 117:Middlewares/lvgl/examples/styles/../../src/core/lv_disp.h **** /**
 118:Middlewares/lvgl/examples/styles/../../src/core/lv_disp.h ****  * Switch screen with animation
 119:Middlewares/lvgl/examples/styles/../../src/core/lv_disp.h ****  * @param scr pointer to the new screen to load
 120:Middlewares/lvgl/examples/styles/../../src/core/lv_disp.h ****  * @param anim_type type of the animation from `lv_scr_load_anim_t`. E.g.  `LV_SCR_LOAD_ANIM_MOVE_L
 121:Middlewares/lvgl/examples/styles/../../src/core/lv_disp.h ****  * @param time time of the animation
 122:Middlewares/lvgl/examples/styles/../../src/core/lv_disp.h ****  * @param delay delay before the transition
 123:Middlewares/lvgl/examples/styles/../../src/core/lv_disp.h ****  * @param auto_del true: automatically delete the old screen
 124:Middlewares/lvgl/examples/styles/../../src/core/lv_disp.h ****  */
 125:Middlewares/lvgl/examples/styles/../../src/core/lv_disp.h **** void lv_scr_load_anim(lv_obj_t * scr, lv_scr_load_anim_t anim_type, uint32_t time, uint32_t delay, 
 126:Middlewares/lvgl/examples/styles/../../src/core/lv_disp.h **** 
 127:Middlewares/lvgl/examples/styles/../../src/core/lv_disp.h **** /**
 128:Middlewares/lvgl/examples/styles/../../src/core/lv_disp.h ****  * Get elapsed time since last user activity on a display (e.g. click)
 129:Middlewares/lvgl/examples/styles/../../src/core/lv_disp.h ****  * @param disp pointer to an display (NULL to get the overall smallest inactivity)
 130:Middlewares/lvgl/examples/styles/../../src/core/lv_disp.h ****  * @return elapsed ticks (milliseconds) since the last activity
 131:Middlewares/lvgl/examples/styles/../../src/core/lv_disp.h ****  */
 132:Middlewares/lvgl/examples/styles/../../src/core/lv_disp.h **** uint32_t lv_disp_get_inactive_time(const lv_disp_t * disp);
 133:Middlewares/lvgl/examples/styles/../../src/core/lv_disp.h **** 
 134:Middlewares/lvgl/examples/styles/../../src/core/lv_disp.h **** /**
 135:Middlewares/lvgl/examples/styles/../../src/core/lv_disp.h ****  * Manually trigger an activity on a display
 136:Middlewares/lvgl/examples/styles/../../src/core/lv_disp.h ****  * @param disp pointer to an display (NULL to use the default display)
 137:Middlewares/lvgl/examples/styles/../../src/core/lv_disp.h ****  */
 138:Middlewares/lvgl/examples/styles/../../src/core/lv_disp.h **** void lv_disp_trig_activity(lv_disp_t * disp);
 139:Middlewares/lvgl/examples/styles/../../src/core/lv_disp.h **** 
 140:Middlewares/lvgl/examples/styles/../../src/core/lv_disp.h **** /**
 141:Middlewares/lvgl/examples/styles/../../src/core/lv_disp.h ****  * Clean any CPU cache that is related to the display.
 142:Middlewares/lvgl/examples/styles/../../src/core/lv_disp.h ****  * @param disp pointer to an display (NULL to use the default display)
 143:Middlewares/lvgl/examples/styles/../../src/core/lv_disp.h ****  */
 144:Middlewares/lvgl/examples/styles/../../src/core/lv_disp.h **** void lv_disp_clean_dcache(lv_disp_t * disp);
 145:Middlewares/lvgl/examples/styles/../../src/core/lv_disp.h **** 
 146:Middlewares/lvgl/examples/styles/../../src/core/lv_disp.h **** /**
 147:Middlewares/lvgl/examples/styles/../../src/core/lv_disp.h ****  * Get a pointer to the screen refresher timer to
 148:Middlewares/lvgl/examples/styles/../../src/core/lv_disp.h ****  * modify its parameters with `lv_timer_...` functions.
 149:Middlewares/lvgl/examples/styles/../../src/core/lv_disp.h ****  * @param disp pointer to a display
 150:Middlewares/lvgl/examples/styles/../../src/core/lv_disp.h ****  * @return pointer to the display refresher timer. (NULL on error)
 151:Middlewares/lvgl/examples/styles/../../src/core/lv_disp.h ****  */
 152:Middlewares/lvgl/examples/styles/../../src/core/lv_disp.h **** lv_timer_t * _lv_disp_get_refr_timer(lv_disp_t * disp);
 153:Middlewares/lvgl/examples/styles/../../src/core/lv_disp.h **** 
 154:Middlewares/lvgl/examples/styles/../../src/core/lv_disp.h **** /*------------------------------------------------
 155:Middlewares/lvgl/examples/styles/../../src/core/lv_disp.h ****  * To improve backward compatibility
 156:Middlewares/lvgl/examples/styles/../../src/core/lv_disp.h ****  * Recommended only if you have one display
 157:Middlewares/lvgl/examples/styles/../../src/core/lv_disp.h ****  *------------------------------------------------*/
 158:Middlewares/lvgl/examples/styles/../../src/core/lv_disp.h **** 
 159:Middlewares/lvgl/examples/styles/../../src/core/lv_disp.h **** /**
 160:Middlewares/lvgl/examples/styles/../../src/core/lv_disp.h ****  * Get the active screen of the default display
 161:Middlewares/lvgl/examples/styles/../../src/core/lv_disp.h ****  * @return pointer to the active screen
 162:Middlewares/lvgl/examples/styles/../../src/core/lv_disp.h ****  */
 163:Middlewares/lvgl/examples/styles/../../src/core/lv_disp.h **** static inline lv_obj_t * lv_scr_act(void)
  96              		.loc 2 163 26 view .LVU12
  97              	.LBB13:
 164:Middlewares/lvgl/examples/styles/../../src/core/lv_disp.h **** {
 165:Middlewares/lvgl/examples/styles/../../src/core/lv_disp.h ****     return lv_disp_get_scr_act(lv_disp_get_default());
  98              		.loc 2 165 5 view .LVU13
  99              		.loc 2 165 12 is_stmt 0 view .LVU14
ARM GAS  /tmp/cc7ox8r5.s 			page 6


 100 0056 FFF7FEFF 		bl	lv_disp_get_default
 101              	.LVL11:
 102 005a FFF7FEFF 		bl	lv_disp_get_scr_act
 103              	.LVL12:
 104              	.LBE13:
 105              	.LBE12:
 106              		.loc 1 22 22 view .LVU15
 107 005e FFF7FEFF 		bl	lv_slider_create
 108              	.LVL13:
 109 0062 0446     		mov	r4, r0
 110              	.LVL14:
  23:Middlewares/lvgl/examples/styles/lv_example_style_13.c ****     lv_obj_add_style(obj, &style_indic, LV_PART_INDICATOR);
 111              		.loc 1 23 5 is_stmt 1 view .LVU16
 112 0064 4FF40032 		mov	r2, #131072
 113 0068 3146     		mov	r1, r6
 114 006a FFF7FEFF 		bl	lv_obj_add_style
 115              	.LVL15:
  24:Middlewares/lvgl/examples/styles/lv_example_style_13.c ****     lv_obj_add_style(obj, &style_indic_pr, LV_PART_INDICATOR | LV_STATE_PRESSED);
 116              		.loc 1 24 5 view .LVU17
 117 006e 0A4A     		ldr	r2, .L3+8
 118 0070 2946     		mov	r1, r5
 119 0072 2046     		mov	r0, r4
 120 0074 FFF7FEFF 		bl	lv_obj_add_style
 121              	.LVL16:
  25:Middlewares/lvgl/examples/styles/lv_example_style_13.c ****     lv_slider_set_value(obj, 70, LV_ANIM_OFF);
 122              		.loc 1 25 5 view .LVU18
 123              	.LBB14:
 124              	.LBI14:
 125              		.file 3 "Middlewares/lvgl/examples/styles/../../src/widgets/lv_slider.h"
   1:Middlewares/lvgl/examples/styles/../../src/widgets/lv_slider.h **** /**
   2:Middlewares/lvgl/examples/styles/../../src/widgets/lv_slider.h ****  * @file lv_slider.h
   3:Middlewares/lvgl/examples/styles/../../src/widgets/lv_slider.h ****  *
   4:Middlewares/lvgl/examples/styles/../../src/widgets/lv_slider.h ****  */
   5:Middlewares/lvgl/examples/styles/../../src/widgets/lv_slider.h **** 
   6:Middlewares/lvgl/examples/styles/../../src/widgets/lv_slider.h **** #ifndef LV_SLIDER_H
   7:Middlewares/lvgl/examples/styles/../../src/widgets/lv_slider.h **** #define LV_SLIDER_H
   8:Middlewares/lvgl/examples/styles/../../src/widgets/lv_slider.h **** 
   9:Middlewares/lvgl/examples/styles/../../src/widgets/lv_slider.h **** #ifdef __cplusplus
  10:Middlewares/lvgl/examples/styles/../../src/widgets/lv_slider.h **** extern "C" {
  11:Middlewares/lvgl/examples/styles/../../src/widgets/lv_slider.h **** #endif
  12:Middlewares/lvgl/examples/styles/../../src/widgets/lv_slider.h **** 
  13:Middlewares/lvgl/examples/styles/../../src/widgets/lv_slider.h **** /*********************
  14:Middlewares/lvgl/examples/styles/../../src/widgets/lv_slider.h ****  *      INCLUDES
  15:Middlewares/lvgl/examples/styles/../../src/widgets/lv_slider.h ****  *********************/
  16:Middlewares/lvgl/examples/styles/../../src/widgets/lv_slider.h **** #include "../lv_conf_internal.h"
  17:Middlewares/lvgl/examples/styles/../../src/widgets/lv_slider.h **** 
  18:Middlewares/lvgl/examples/styles/../../src/widgets/lv_slider.h **** #if LV_USE_SLIDER != 0
  19:Middlewares/lvgl/examples/styles/../../src/widgets/lv_slider.h **** 
  20:Middlewares/lvgl/examples/styles/../../src/widgets/lv_slider.h **** /*Testing of dependencies*/
  21:Middlewares/lvgl/examples/styles/../../src/widgets/lv_slider.h **** #if LV_USE_BAR == 0
  22:Middlewares/lvgl/examples/styles/../../src/widgets/lv_slider.h **** #error "lv_slider: lv_bar is required. Enable it in lv_conf.h (LV_USE_BAR 1)"
  23:Middlewares/lvgl/examples/styles/../../src/widgets/lv_slider.h **** #endif
  24:Middlewares/lvgl/examples/styles/../../src/widgets/lv_slider.h **** 
  25:Middlewares/lvgl/examples/styles/../../src/widgets/lv_slider.h **** #include "../core/lv_obj.h"
  26:Middlewares/lvgl/examples/styles/../../src/widgets/lv_slider.h **** #include "lv_bar.h"
  27:Middlewares/lvgl/examples/styles/../../src/widgets/lv_slider.h **** 
  28:Middlewares/lvgl/examples/styles/../../src/widgets/lv_slider.h **** /*********************
ARM GAS  /tmp/cc7ox8r5.s 			page 7


  29:Middlewares/lvgl/examples/styles/../../src/widgets/lv_slider.h ****  *      DEFINES
  30:Middlewares/lvgl/examples/styles/../../src/widgets/lv_slider.h ****  *********************/
  31:Middlewares/lvgl/examples/styles/../../src/widgets/lv_slider.h **** 
  32:Middlewares/lvgl/examples/styles/../../src/widgets/lv_slider.h **** /**********************
  33:Middlewares/lvgl/examples/styles/../../src/widgets/lv_slider.h ****  *      TYPEDEFS
  34:Middlewares/lvgl/examples/styles/../../src/widgets/lv_slider.h ****  **********************/
  35:Middlewares/lvgl/examples/styles/../../src/widgets/lv_slider.h **** 
  36:Middlewares/lvgl/examples/styles/../../src/widgets/lv_slider.h **** enum {
  37:Middlewares/lvgl/examples/styles/../../src/widgets/lv_slider.h ****     LV_SLIDER_MODE_NORMAL = LV_BAR_MODE_NORMAL,
  38:Middlewares/lvgl/examples/styles/../../src/widgets/lv_slider.h ****     LV_SLIDER_MODE_SYMMETRICAL = LV_BAR_MODE_SYMMETRICAL,
  39:Middlewares/lvgl/examples/styles/../../src/widgets/lv_slider.h ****     LV_SLIDER_MODE_RANGE = LV_BAR_MODE_RANGE
  40:Middlewares/lvgl/examples/styles/../../src/widgets/lv_slider.h **** };
  41:Middlewares/lvgl/examples/styles/../../src/widgets/lv_slider.h **** typedef uint8_t lv_slider_mode_t;
  42:Middlewares/lvgl/examples/styles/../../src/widgets/lv_slider.h **** 
  43:Middlewares/lvgl/examples/styles/../../src/widgets/lv_slider.h **** typedef struct {
  44:Middlewares/lvgl/examples/styles/../../src/widgets/lv_slider.h ****     lv_bar_t bar;       /*Add the ancestor's type first*/
  45:Middlewares/lvgl/examples/styles/../../src/widgets/lv_slider.h ****     lv_area_t left_knob_area;
  46:Middlewares/lvgl/examples/styles/../../src/widgets/lv_slider.h ****     lv_area_t right_knob_area;
  47:Middlewares/lvgl/examples/styles/../../src/widgets/lv_slider.h ****     int32_t * value_to_set; /*Which bar value to set*/
  48:Middlewares/lvgl/examples/styles/../../src/widgets/lv_slider.h ****     uint8_t dragging : 1;       /*1: the slider is being dragged*/
  49:Middlewares/lvgl/examples/styles/../../src/widgets/lv_slider.h ****     uint8_t left_knob_focus : 1; /*1: with encoder now the right knob can be adjusted*/
  50:Middlewares/lvgl/examples/styles/../../src/widgets/lv_slider.h **** }lv_slider_t;
  51:Middlewares/lvgl/examples/styles/../../src/widgets/lv_slider.h **** 
  52:Middlewares/lvgl/examples/styles/../../src/widgets/lv_slider.h **** extern const lv_obj_class_t lv_slider_class;
  53:Middlewares/lvgl/examples/styles/../../src/widgets/lv_slider.h **** 
  54:Middlewares/lvgl/examples/styles/../../src/widgets/lv_slider.h **** /**********************
  55:Middlewares/lvgl/examples/styles/../../src/widgets/lv_slider.h ****  * GLOBAL PROTOTYPES
  56:Middlewares/lvgl/examples/styles/../../src/widgets/lv_slider.h ****  **********************/
  57:Middlewares/lvgl/examples/styles/../../src/widgets/lv_slider.h **** 
  58:Middlewares/lvgl/examples/styles/../../src/widgets/lv_slider.h **** /**
  59:Middlewares/lvgl/examples/styles/../../src/widgets/lv_slider.h ****  * Create a slider objects
  60:Middlewares/lvgl/examples/styles/../../src/widgets/lv_slider.h ****  * @param parent    pointer to an object, it will be the parent of the new slider.
  61:Middlewares/lvgl/examples/styles/../../src/widgets/lv_slider.h ****  * @return          pointer to the created slider
  62:Middlewares/lvgl/examples/styles/../../src/widgets/lv_slider.h ****  */
  63:Middlewares/lvgl/examples/styles/../../src/widgets/lv_slider.h **** lv_obj_t * lv_slider_create(lv_obj_t * parent);
  64:Middlewares/lvgl/examples/styles/../../src/widgets/lv_slider.h **** 
  65:Middlewares/lvgl/examples/styles/../../src/widgets/lv_slider.h **** /*=====================
  66:Middlewares/lvgl/examples/styles/../../src/widgets/lv_slider.h ****  * Setter functions
  67:Middlewares/lvgl/examples/styles/../../src/widgets/lv_slider.h ****  *====================*/
  68:Middlewares/lvgl/examples/styles/../../src/widgets/lv_slider.h **** 
  69:Middlewares/lvgl/examples/styles/../../src/widgets/lv_slider.h **** /**
  70:Middlewares/lvgl/examples/styles/../../src/widgets/lv_slider.h ****  * Set a new value on the slider
  71:Middlewares/lvgl/examples/styles/../../src/widgets/lv_slider.h ****  * @param obj       pointer to a slider object
  72:Middlewares/lvgl/examples/styles/../../src/widgets/lv_slider.h ****  * @param value     the new value
  73:Middlewares/lvgl/examples/styles/../../src/widgets/lv_slider.h ****  * @param anim      LV_ANIM_ON: set the value with an animation; LV_ANIM_OFF: change the value imme
  74:Middlewares/lvgl/examples/styles/../../src/widgets/lv_slider.h ****  */
  75:Middlewares/lvgl/examples/styles/../../src/widgets/lv_slider.h **** static inline void lv_slider_set_value(lv_obj_t * obj, int32_t value, lv_anim_enable_t anim)
 126              		.loc 3 75 20 view .LVU19
 127              	.LBB15:
  76:Middlewares/lvgl/examples/styles/../../src/widgets/lv_slider.h **** {
  77:Middlewares/lvgl/examples/styles/../../src/widgets/lv_slider.h ****     lv_bar_set_value(obj, value, anim);
 128              		.loc 3 77 5 view .LVU20
 129 0078 0022     		movs	r2, #0
 130 007a 4621     		movs	r1, #70
 131 007c 2046     		mov	r0, r4
 132 007e FFF7FEFF 		bl	lv_bar_set_value
 133              	.LVL17:
ARM GAS  /tmp/cc7ox8r5.s 			page 8


 134              		.loc 3 77 5 is_stmt 0 view .LVU21
 135              	.LBE15:
 136              	.LBE14:
  26:Middlewares/lvgl/examples/styles/lv_example_style_13.c ****     lv_obj_center(obj);
 137              		.loc 1 26 5 is_stmt 1 view .LVU22
 138              	.LBB16:
 139              	.LBI16:
 140              		.file 4 "Middlewares/lvgl/examples/styles/../../src/core/lv_obj_pos.h"
   1:Middlewares/lvgl/examples/styles/../../src/core/lv_obj_pos.h **** /**
   2:Middlewares/lvgl/examples/styles/../../src/core/lv_obj_pos.h ****  * @file lv_obj_pos.h
   3:Middlewares/lvgl/examples/styles/../../src/core/lv_obj_pos.h ****  *
   4:Middlewares/lvgl/examples/styles/../../src/core/lv_obj_pos.h ****  */
   5:Middlewares/lvgl/examples/styles/../../src/core/lv_obj_pos.h **** 
   6:Middlewares/lvgl/examples/styles/../../src/core/lv_obj_pos.h **** #ifndef LV_OBJ_POS_H
   7:Middlewares/lvgl/examples/styles/../../src/core/lv_obj_pos.h **** #define LV_OBJ_POS_H
   8:Middlewares/lvgl/examples/styles/../../src/core/lv_obj_pos.h **** 
   9:Middlewares/lvgl/examples/styles/../../src/core/lv_obj_pos.h **** #ifdef __cplusplus
  10:Middlewares/lvgl/examples/styles/../../src/core/lv_obj_pos.h **** extern "C" {
  11:Middlewares/lvgl/examples/styles/../../src/core/lv_obj_pos.h **** #endif
  12:Middlewares/lvgl/examples/styles/../../src/core/lv_obj_pos.h **** 
  13:Middlewares/lvgl/examples/styles/../../src/core/lv_obj_pos.h **** /*********************
  14:Middlewares/lvgl/examples/styles/../../src/core/lv_obj_pos.h ****  *      INCLUDES
  15:Middlewares/lvgl/examples/styles/../../src/core/lv_obj_pos.h ****  *********************/
  16:Middlewares/lvgl/examples/styles/../../src/core/lv_obj_pos.h **** #include "../misc/lv_area.h"
  17:Middlewares/lvgl/examples/styles/../../src/core/lv_obj_pos.h **** 
  18:Middlewares/lvgl/examples/styles/../../src/core/lv_obj_pos.h **** /*********************
  19:Middlewares/lvgl/examples/styles/../../src/core/lv_obj_pos.h ****  *      DEFINES
  20:Middlewares/lvgl/examples/styles/../../src/core/lv_obj_pos.h ****  *********************/
  21:Middlewares/lvgl/examples/styles/../../src/core/lv_obj_pos.h **** 
  22:Middlewares/lvgl/examples/styles/../../src/core/lv_obj_pos.h **** /**********************
  23:Middlewares/lvgl/examples/styles/../../src/core/lv_obj_pos.h ****  *      TYPEDEFS
  24:Middlewares/lvgl/examples/styles/../../src/core/lv_obj_pos.h ****  **********************/
  25:Middlewares/lvgl/examples/styles/../../src/core/lv_obj_pos.h **** struct _lv_obj_t;
  26:Middlewares/lvgl/examples/styles/../../src/core/lv_obj_pos.h **** 
  27:Middlewares/lvgl/examples/styles/../../src/core/lv_obj_pos.h **** typedef void (*lv_layout_update_cb_t)(struct _lv_obj_t *, void * user_data);
  28:Middlewares/lvgl/examples/styles/../../src/core/lv_obj_pos.h **** typedef struct {
  29:Middlewares/lvgl/examples/styles/../../src/core/lv_obj_pos.h ****     lv_layout_update_cb_t cb;
  30:Middlewares/lvgl/examples/styles/../../src/core/lv_obj_pos.h ****     void * user_data;
  31:Middlewares/lvgl/examples/styles/../../src/core/lv_obj_pos.h **** }lv_layout_dsc_t;
  32:Middlewares/lvgl/examples/styles/../../src/core/lv_obj_pos.h **** 
  33:Middlewares/lvgl/examples/styles/../../src/core/lv_obj_pos.h **** /**********************
  34:Middlewares/lvgl/examples/styles/../../src/core/lv_obj_pos.h ****  * GLOBAL PROTOTYPES
  35:Middlewares/lvgl/examples/styles/../../src/core/lv_obj_pos.h ****  **********************/
  36:Middlewares/lvgl/examples/styles/../../src/core/lv_obj_pos.h **** 
  37:Middlewares/lvgl/examples/styles/../../src/core/lv_obj_pos.h **** /**
  38:Middlewares/lvgl/examples/styles/../../src/core/lv_obj_pos.h ****  * Set the relative the position of an object (relative to the parent's top left corner)
  39:Middlewares/lvgl/examples/styles/../../src/core/lv_obj_pos.h ****  * @param obj       pointer to an object
  40:Middlewares/lvgl/examples/styles/../../src/core/lv_obj_pos.h ****  * @param x         new distance from the left side of the parent plus the parent's left padding
  41:Middlewares/lvgl/examples/styles/../../src/core/lv_obj_pos.h ****  * @param y         new distance from the top side of the parent  plus the parent's right padding
  42:Middlewares/lvgl/examples/styles/../../src/core/lv_obj_pos.h ****  */
  43:Middlewares/lvgl/examples/styles/../../src/core/lv_obj_pos.h **** void lv_obj_set_pos(struct _lv_obj_t * obj, lv_coord_t x, lv_coord_t y);
  44:Middlewares/lvgl/examples/styles/../../src/core/lv_obj_pos.h **** 
  45:Middlewares/lvgl/examples/styles/../../src/core/lv_obj_pos.h **** /**
  46:Middlewares/lvgl/examples/styles/../../src/core/lv_obj_pos.h ****  * Set the x coordinate of a object
  47:Middlewares/lvgl/examples/styles/../../src/core/lv_obj_pos.h ****  * @param obj       pointer to an object
  48:Middlewares/lvgl/examples/styles/../../src/core/lv_obj_pos.h ****  * @param x         new distance from the left side from the parent plus the parent's left padding
  49:Middlewares/lvgl/examples/styles/../../src/core/lv_obj_pos.h ****  */
ARM GAS  /tmp/cc7ox8r5.s 			page 9


  50:Middlewares/lvgl/examples/styles/../../src/core/lv_obj_pos.h **** void lv_obj_set_x(struct _lv_obj_t * obj, lv_coord_t x);
  51:Middlewares/lvgl/examples/styles/../../src/core/lv_obj_pos.h **** 
  52:Middlewares/lvgl/examples/styles/../../src/core/lv_obj_pos.h **** /**
  53:Middlewares/lvgl/examples/styles/../../src/core/lv_obj_pos.h ****  * Set the y coordinate of a object
  54:Middlewares/lvgl/examples/styles/../../src/core/lv_obj_pos.h ****  * @param obj       pointer to an object
  55:Middlewares/lvgl/examples/styles/../../src/core/lv_obj_pos.h ****  * @param y         new distance from the top of the parent  plus the parent's top padding
  56:Middlewares/lvgl/examples/styles/../../src/core/lv_obj_pos.h ****  */
  57:Middlewares/lvgl/examples/styles/../../src/core/lv_obj_pos.h **** void lv_obj_set_y(struct _lv_obj_t * obj, lv_coord_t y);
  58:Middlewares/lvgl/examples/styles/../../src/core/lv_obj_pos.h **** 
  59:Middlewares/lvgl/examples/styles/../../src/core/lv_obj_pos.h **** /**
  60:Middlewares/lvgl/examples/styles/../../src/core/lv_obj_pos.h ****  * Set the size of an object.
  61:Middlewares/lvgl/examples/styles/../../src/core/lv_obj_pos.h ****  * @param obj       pointer to an object
  62:Middlewares/lvgl/examples/styles/../../src/core/lv_obj_pos.h ****  * @param w         the new width
  63:Middlewares/lvgl/examples/styles/../../src/core/lv_obj_pos.h ****  * @param h         the new height
  64:Middlewares/lvgl/examples/styles/../../src/core/lv_obj_pos.h ****  * @note            possible values are:
  65:Middlewares/lvgl/examples/styles/../../src/core/lv_obj_pos.h ****  *                  pixel               simple set the size accordingly
  66:Middlewares/lvgl/examples/styles/../../src/core/lv_obj_pos.h ****  *                  LV_SIZE_CONTENT     set the size to involve all children in the given direction
  67:Middlewares/lvgl/examples/styles/../../src/core/lv_obj_pos.h ****  *                  LV_SIZE_PCT(x)     to set size in percentage of the parent's content area size 
  68:Middlewares/lvgl/examples/styles/../../src/core/lv_obj_pos.h ****  *                                      x should be in [0..1000]% range
  69:Middlewares/lvgl/examples/styles/../../src/core/lv_obj_pos.h ****  */
  70:Middlewares/lvgl/examples/styles/../../src/core/lv_obj_pos.h **** void lv_obj_set_size(struct _lv_obj_t * obj, lv_coord_t w, lv_coord_t h);
  71:Middlewares/lvgl/examples/styles/../../src/core/lv_obj_pos.h **** 
  72:Middlewares/lvgl/examples/styles/../../src/core/lv_obj_pos.h **** /**
  73:Middlewares/lvgl/examples/styles/../../src/core/lv_obj_pos.h ****  * Recalculate the size of the object
  74:Middlewares/lvgl/examples/styles/../../src/core/lv_obj_pos.h ****  * @param obj       pointer to an object
  75:Middlewares/lvgl/examples/styles/../../src/core/lv_obj_pos.h ****  * @return          true: the size has been changed
  76:Middlewares/lvgl/examples/styles/../../src/core/lv_obj_pos.h ****  */
  77:Middlewares/lvgl/examples/styles/../../src/core/lv_obj_pos.h **** bool lv_obj_refr_size(struct _lv_obj_t * obj);
  78:Middlewares/lvgl/examples/styles/../../src/core/lv_obj_pos.h **** 
  79:Middlewares/lvgl/examples/styles/../../src/core/lv_obj_pos.h **** /**
  80:Middlewares/lvgl/examples/styles/../../src/core/lv_obj_pos.h ****  * Set the width of an object
  81:Middlewares/lvgl/examples/styles/../../src/core/lv_obj_pos.h ****  * @param obj       pointer to an object
  82:Middlewares/lvgl/examples/styles/../../src/core/lv_obj_pos.h ****  * @param w         the new width
  83:Middlewares/lvgl/examples/styles/../../src/core/lv_obj_pos.h ****  * @note            possible values are:
  84:Middlewares/lvgl/examples/styles/../../src/core/lv_obj_pos.h ****  *                  pixel               simple set the size accordingly
  85:Middlewares/lvgl/examples/styles/../../src/core/lv_obj_pos.h ****  *                  LV_SIZE_CONTENT     set the size to involve all children in the given direction
  86:Middlewares/lvgl/examples/styles/../../src/core/lv_obj_pos.h ****  *                  lv_pct(x)           to set size in percentage of the parent's content area size
  87:Middlewares/lvgl/examples/styles/../../src/core/lv_obj_pos.h ****  *                                      x should be in [0..1000]% range
  88:Middlewares/lvgl/examples/styles/../../src/core/lv_obj_pos.h ****  */
  89:Middlewares/lvgl/examples/styles/../../src/core/lv_obj_pos.h **** void lv_obj_set_width(struct _lv_obj_t * obj, lv_coord_t w);
  90:Middlewares/lvgl/examples/styles/../../src/core/lv_obj_pos.h **** 
  91:Middlewares/lvgl/examples/styles/../../src/core/lv_obj_pos.h **** /**
  92:Middlewares/lvgl/examples/styles/../../src/core/lv_obj_pos.h ****  * Set the height of an object
  93:Middlewares/lvgl/examples/styles/../../src/core/lv_obj_pos.h ****  * @param obj       pointer to an object
  94:Middlewares/lvgl/examples/styles/../../src/core/lv_obj_pos.h ****  * @param h         the new height
  95:Middlewares/lvgl/examples/styles/../../src/core/lv_obj_pos.h ****  * @note            possible values are:
  96:Middlewares/lvgl/examples/styles/../../src/core/lv_obj_pos.h ****  *                  pixel               simple set the size accordingly
  97:Middlewares/lvgl/examples/styles/../../src/core/lv_obj_pos.h ****  *                  LV_SIZE_CONTENT     set the size to involve all children in the given direction
  98:Middlewares/lvgl/examples/styles/../../src/core/lv_obj_pos.h ****  *                  lv_pct(x)           to set size in percentage of the parent's content area size
  99:Middlewares/lvgl/examples/styles/../../src/core/lv_obj_pos.h ****  *                                      x should be in [0..1000]% range
 100:Middlewares/lvgl/examples/styles/../../src/core/lv_obj_pos.h ****  */
 101:Middlewares/lvgl/examples/styles/../../src/core/lv_obj_pos.h **** void lv_obj_set_height(struct _lv_obj_t * obj, lv_coord_t h);
 102:Middlewares/lvgl/examples/styles/../../src/core/lv_obj_pos.h **** 
 103:Middlewares/lvgl/examples/styles/../../src/core/lv_obj_pos.h **** /**
 104:Middlewares/lvgl/examples/styles/../../src/core/lv_obj_pos.h ****  * Set the width reduced by the left and right padding and the border width.
 105:Middlewares/lvgl/examples/styles/../../src/core/lv_obj_pos.h ****  * @param obj       pointer to an object
 106:Middlewares/lvgl/examples/styles/../../src/core/lv_obj_pos.h ****  * @param w         the width without paddings in pixels
ARM GAS  /tmp/cc7ox8r5.s 			page 10


 107:Middlewares/lvgl/examples/styles/../../src/core/lv_obj_pos.h ****  */
 108:Middlewares/lvgl/examples/styles/../../src/core/lv_obj_pos.h **** void lv_obj_set_content_width(struct _lv_obj_t * obj, lv_coord_t w);
 109:Middlewares/lvgl/examples/styles/../../src/core/lv_obj_pos.h **** 
 110:Middlewares/lvgl/examples/styles/../../src/core/lv_obj_pos.h **** /**
 111:Middlewares/lvgl/examples/styles/../../src/core/lv_obj_pos.h ****  * Set the height reduced by the top and bottom padding and the border width.
 112:Middlewares/lvgl/examples/styles/../../src/core/lv_obj_pos.h ****  * @param obj       pointer to an object
 113:Middlewares/lvgl/examples/styles/../../src/core/lv_obj_pos.h ****  * @param h         the height without paddings in pixels
 114:Middlewares/lvgl/examples/styles/../../src/core/lv_obj_pos.h ****  */
 115:Middlewares/lvgl/examples/styles/../../src/core/lv_obj_pos.h **** void lv_obj_set_content_height(struct _lv_obj_t * obj, lv_coord_t h);
 116:Middlewares/lvgl/examples/styles/../../src/core/lv_obj_pos.h **** 
 117:Middlewares/lvgl/examples/styles/../../src/core/lv_obj_pos.h **** /**
 118:Middlewares/lvgl/examples/styles/../../src/core/lv_obj_pos.h ****  * Set a layout for an object
 119:Middlewares/lvgl/examples/styles/../../src/core/lv_obj_pos.h ****  * @param obj       pointer to an object
 120:Middlewares/lvgl/examples/styles/../../src/core/lv_obj_pos.h ****  * @param layout    pointer to a layout descriptor to set
 121:Middlewares/lvgl/examples/styles/../../src/core/lv_obj_pos.h ****  */
 122:Middlewares/lvgl/examples/styles/../../src/core/lv_obj_pos.h **** void lv_obj_set_layout(struct _lv_obj_t * obj, uint32_t layout);
 123:Middlewares/lvgl/examples/styles/../../src/core/lv_obj_pos.h **** 
 124:Middlewares/lvgl/examples/styles/../../src/core/lv_obj_pos.h **** /**
 125:Middlewares/lvgl/examples/styles/../../src/core/lv_obj_pos.h ****  * Test whether the and object is positioned by a layout or not
 126:Middlewares/lvgl/examples/styles/../../src/core/lv_obj_pos.h ****  * @param obj       pointer to an object to test
 127:Middlewares/lvgl/examples/styles/../../src/core/lv_obj_pos.h ****  * @return true:    positioned by a layout; false: not positioned by a layout
 128:Middlewares/lvgl/examples/styles/../../src/core/lv_obj_pos.h ****  */
 129:Middlewares/lvgl/examples/styles/../../src/core/lv_obj_pos.h **** bool lv_obj_is_layout_positioned(const struct _lv_obj_t * obj);
 130:Middlewares/lvgl/examples/styles/../../src/core/lv_obj_pos.h **** 
 131:Middlewares/lvgl/examples/styles/../../src/core/lv_obj_pos.h **** /**
 132:Middlewares/lvgl/examples/styles/../../src/core/lv_obj_pos.h ****  * Mark the object for layout update.
 133:Middlewares/lvgl/examples/styles/../../src/core/lv_obj_pos.h ****  * @param obj      pointer to an object whose children needs to be updated
 134:Middlewares/lvgl/examples/styles/../../src/core/lv_obj_pos.h ****  */
 135:Middlewares/lvgl/examples/styles/../../src/core/lv_obj_pos.h **** void lv_obj_mark_layout_as_dirty(struct _lv_obj_t * obj);
 136:Middlewares/lvgl/examples/styles/../../src/core/lv_obj_pos.h **** 
 137:Middlewares/lvgl/examples/styles/../../src/core/lv_obj_pos.h **** /**
 138:Middlewares/lvgl/examples/styles/../../src/core/lv_obj_pos.h ****  * Update the layout of an object.
 139:Middlewares/lvgl/examples/styles/../../src/core/lv_obj_pos.h ****  * @param obj      pointer to an object whose children needs to be updated
 140:Middlewares/lvgl/examples/styles/../../src/core/lv_obj_pos.h ****  */
 141:Middlewares/lvgl/examples/styles/../../src/core/lv_obj_pos.h **** void lv_obj_update_layout(const struct _lv_obj_t * obj);
 142:Middlewares/lvgl/examples/styles/../../src/core/lv_obj_pos.h **** 
 143:Middlewares/lvgl/examples/styles/../../src/core/lv_obj_pos.h **** /**
 144:Middlewares/lvgl/examples/styles/../../src/core/lv_obj_pos.h ****  * Regsiter a new layout
 145:Middlewares/lvgl/examples/styles/../../src/core/lv_obj_pos.h ****  * @param cb        the layout update callback
 146:Middlewares/lvgl/examples/styles/../../src/core/lv_obj_pos.h ****  * @param user_data custom data that will be passed to `cb`
 147:Middlewares/lvgl/examples/styles/../../src/core/lv_obj_pos.h ****  * @return          the ID of the new layout
 148:Middlewares/lvgl/examples/styles/../../src/core/lv_obj_pos.h ****  */
 149:Middlewares/lvgl/examples/styles/../../src/core/lv_obj_pos.h **** uint32_t lv_layout_register(lv_layout_update_cb_t cb, void * user_data);
 150:Middlewares/lvgl/examples/styles/../../src/core/lv_obj_pos.h **** 
 151:Middlewares/lvgl/examples/styles/../../src/core/lv_obj_pos.h **** /**
 152:Middlewares/lvgl/examples/styles/../../src/core/lv_obj_pos.h ****  * Change the alignment of an object.
 153:Middlewares/lvgl/examples/styles/../../src/core/lv_obj_pos.h ****  * @param obj       pointer to an object to align
 154:Middlewares/lvgl/examples/styles/../../src/core/lv_obj_pos.h ****  * @param align     type of alignment (see 'lv_align_t' enum) `LV_ALIGN_OUT_...` can't be used.
 155:Middlewares/lvgl/examples/styles/../../src/core/lv_obj_pos.h ****  */
 156:Middlewares/lvgl/examples/styles/../../src/core/lv_obj_pos.h **** void lv_obj_set_align(struct _lv_obj_t * obj, lv_align_t align);
 157:Middlewares/lvgl/examples/styles/../../src/core/lv_obj_pos.h **** 
 158:Middlewares/lvgl/examples/styles/../../src/core/lv_obj_pos.h **** /**
 159:Middlewares/lvgl/examples/styles/../../src/core/lv_obj_pos.h ****  * Change the alignment of an object and set new coordinates.
 160:Middlewares/lvgl/examples/styles/../../src/core/lv_obj_pos.h ****  * Equivalent to:
 161:Middlewares/lvgl/examples/styles/../../src/core/lv_obj_pos.h ****  * lv_obj_set_align(obj, align);
 162:Middlewares/lvgl/examples/styles/../../src/core/lv_obj_pos.h ****  * lv_obj_set_pos(obj, x_ofs, y_ofs);
 163:Middlewares/lvgl/examples/styles/../../src/core/lv_obj_pos.h ****  * @param obj       pointer to an object to align
ARM GAS  /tmp/cc7ox8r5.s 			page 11


 164:Middlewares/lvgl/examples/styles/../../src/core/lv_obj_pos.h ****  * @param align     type of alignment (see 'lv_align_t' enum) `LV_ALIGN_OUT_...` can't be used.
 165:Middlewares/lvgl/examples/styles/../../src/core/lv_obj_pos.h ****  * @param x_ofs     x coordinate offset after alignment
 166:Middlewares/lvgl/examples/styles/../../src/core/lv_obj_pos.h ****  * @param y_ofs     y coordinate offset after alignment
 167:Middlewares/lvgl/examples/styles/../../src/core/lv_obj_pos.h ****  */
 168:Middlewares/lvgl/examples/styles/../../src/core/lv_obj_pos.h **** void lv_obj_align(struct _lv_obj_t * obj, lv_align_t align, lv_coord_t x_ofs, lv_coord_t y_ofs);
 169:Middlewares/lvgl/examples/styles/../../src/core/lv_obj_pos.h **** 
 170:Middlewares/lvgl/examples/styles/../../src/core/lv_obj_pos.h **** /**
 171:Middlewares/lvgl/examples/styles/../../src/core/lv_obj_pos.h ****  * Align an object to an other object.
 172:Middlewares/lvgl/examples/styles/../../src/core/lv_obj_pos.h ****  * @param obj       pointer to an object to align
 173:Middlewares/lvgl/examples/styles/../../src/core/lv_obj_pos.h ****  * @param base      pointer to an other object (if NULL `obj`s parent is used). 'obj' will be align
 174:Middlewares/lvgl/examples/styles/../../src/core/lv_obj_pos.h ****  * @param align     type of alignment (see 'lv_align_t' enum)
 175:Middlewares/lvgl/examples/styles/../../src/core/lv_obj_pos.h ****  * @param x_ofs     x coordinate offset after alignment
 176:Middlewares/lvgl/examples/styles/../../src/core/lv_obj_pos.h ****  * @param y_ofs     y coordinate offset after alignment
 177:Middlewares/lvgl/examples/styles/../../src/core/lv_obj_pos.h ****  * @note            if the position or size of `base` changes `obj` needs to be aligned manually ag
 178:Middlewares/lvgl/examples/styles/../../src/core/lv_obj_pos.h ****  */
 179:Middlewares/lvgl/examples/styles/../../src/core/lv_obj_pos.h **** void lv_obj_align_to(struct _lv_obj_t * obj, const struct _lv_obj_t * base, lv_align_t align, lv_co
 180:Middlewares/lvgl/examples/styles/../../src/core/lv_obj_pos.h **** 
 181:Middlewares/lvgl/examples/styles/../../src/core/lv_obj_pos.h **** /**
 182:Middlewares/lvgl/examples/styles/../../src/core/lv_obj_pos.h ****  * Align an object to the center on its parent.
 183:Middlewares/lvgl/examples/styles/../../src/core/lv_obj_pos.h ****  * @param obj       pointer to an object to align
 184:Middlewares/lvgl/examples/styles/../../src/core/lv_obj_pos.h ****  * @note            if the parent size changes `obj` needs to be aligned manually again
 185:Middlewares/lvgl/examples/styles/../../src/core/lv_obj_pos.h ****  */
 186:Middlewares/lvgl/examples/styles/../../src/core/lv_obj_pos.h **** static inline void lv_obj_center(struct _lv_obj_t * obj)
 141              		.loc 4 186 20 view .LVU23
 142              	.LBB17:
 187:Middlewares/lvgl/examples/styles/../../src/core/lv_obj_pos.h **** {
 188:Middlewares/lvgl/examples/styles/../../src/core/lv_obj_pos.h ****     lv_obj_align(obj, LV_ALIGN_CENTER, 0, 0);
 143              		.loc 4 188 5 view .LVU24
 144 0082 0023     		movs	r3, #0
 145 0084 1A46     		mov	r2, r3
 146 0086 0921     		movs	r1, #9
 147 0088 2046     		mov	r0, r4
 148 008a FFF7FEFF 		bl	lv_obj_align
 149              	.LVL18:
 150              		.loc 4 188 5 is_stmt 0 view .LVU25
 151              	.LBE17:
 152              	.LBE16:
  27:Middlewares/lvgl/examples/styles/lv_example_style_13.c **** }
 153              		.loc 1 27 1 view .LVU26
 154 008e 70BD     		pop	{r4, r5, r6, pc}
 155              	.LVL19:
 156              	.L4:
 157              		.loc 1 27 1 view .LVU27
 158              		.align	2
 159              	.L3:
 160 0090 00000000 		.word	.LANCHOR0
 161 0094 00000000 		.word	.LANCHOR1
 162 0098 20000200 		.word	131104
 163              		.cfi_endproc
 164              	.LFE184:
 166              		.section	.bss.style_indic.1,"aw",%nobits
 167              		.align	2
 168              		.set	.LANCHOR0,. + 0
 171              	style_indic.1:
 172 0000 00000000 		.space	8
 172      00000000 
 173              		.section	.bss.style_indic_pr.0,"aw",%nobits
ARM GAS  /tmp/cc7ox8r5.s 			page 12


 174              		.align	2
 175              		.set	.LANCHOR1,. + 0
 178              	style_indic_pr.0:
 179 0000 00000000 		.space	8
 179      00000000 
 180              		.text
 181              	.Letext0:
 182              		.file 5 "/home/akinya/gcc-arm-none-eabi/arm-none-eabi/include/machine/_default_types.h"
 183              		.file 6 "/home/akinya/gcc-arm-none-eabi/arm-none-eabi/include/sys/_stdint.h"
 184              		.file 7 "Middlewares/lvgl/examples/styles/../../src/misc/lv_ll.h"
 185              		.file 8 "Middlewares/lvgl/examples/styles/../../src/hal/../misc/lv_color.h"
 186              		.file 9 "Middlewares/lvgl/examples/styles/../../src/hal/../misc/lv_area.h"
 187              		.file 10 "Middlewares/lvgl/examples/styles/../../src/core/lv_obj.h"
 188              		.file 11 "Middlewares/lvgl/examples/styles/../../src/core/lv_group.h"
 189              		.file 12 "Middlewares/lvgl/examples/styles/../../src/core/../misc/lv_anim.h"
 190              		.file 13 "Middlewares/lvgl/examples/styles/../../src/core/../misc/lv_style.h"
 191              		.file 14 "Middlewares/lvgl/examples/styles/../../src/core/lv_obj_scroll.h"
 192              		.file 15 "Middlewares/lvgl/examples/styles/../../src/core/lv_obj_style.h"
 193              		.file 16 "Middlewares/lvgl/examples/styles/../../src/core/lv_obj_class.h"
 194              		.file 17 "Middlewares/lvgl/examples/styles/../../src/core/lv_event.h"
 195              		.file 18 "Middlewares/lvgl/examples/styles/../../src/hal/lv_hal_disp.h"
 196              		.file 19 "Middlewares/lvgl/examples/styles/../../src/widgets/lv_bar.h"
 197              		.file 20 "Middlewares/lvgl/examples/styles/../../src/core/../misc/lv_style_gen.h"
ARM GAS  /tmp/cc7ox8r5.s 			page 13


DEFINED SYMBOLS
                            *ABS*:0000000000000000 lv_example_style_13.c
     /tmp/cc7ox8r5.s:18     .text.lv_example_style_13:0000000000000000 $t
     /tmp/cc7ox8r5.s:26     .text.lv_example_style_13:0000000000000000 lv_example_style_13
     /tmp/cc7ox8r5.s:160    .text.lv_example_style_13:0000000000000090 $d
     /tmp/cc7ox8r5.s:167    .bss.style_indic.1:0000000000000000 $d
     /tmp/cc7ox8r5.s:171    .bss.style_indic.1:0000000000000000 style_indic.1
     /tmp/cc7ox8r5.s:174    .bss.style_indic_pr.0:0000000000000000 $d
     /tmp/cc7ox8r5.s:178    .bss.style_indic_pr.0:0000000000000000 style_indic_pr.0

UNDEFINED SYMBOLS
lv_style_init
lv_palette_lighten
lv_style_set_bg_color
lv_palette_main
lv_style_set_bg_grad_color
lv_style_set_bg_grad_dir
lv_style_set_shadow_color
lv_style_set_shadow_width
lv_style_set_shadow_spread
lv_disp_get_default
lv_disp_get_scr_act
lv_slider_create
lv_obj_add_style
lv_bar_set_value
lv_obj_align
