ARM GAS  /tmp/ccv8dIym.s 			page 1


   1              		.cpu cortex-m4
   2              		.eabi_attribute 27, 1
   3              		.eabi_attribute 28, 1
   4              		.eabi_attribute 20, 1
   5              		.eabi_attribute 21, 1
   6              		.eabi_attribute 23, 3
   7              		.eabi_attribute 24, 1
   8              		.eabi_attribute 25, 1
   9              		.eabi_attribute 26, 1
  10              		.eabi_attribute 30, 1
  11              		.eabi_attribute 34, 1
  12              		.eabi_attribute 18, 4
  13              		.file	"lv_example_img_1.c"
  14              		.text
  15              	.Ltext0:
  16              		.cfi_sections	.debug_frame
  17              		.section	.text.Wireless_Welcome,"ax",%progbits
  18              		.align	1
  19              		.global	Wireless_Welcome
  20              		.arch armv7e-m
  21              		.syntax unified
  22              		.thumb
  23              		.thumb_func
  24              		.fpu fpv4-sp-d16
  26              	Wireless_Welcome:
  27              	.LFB184:
  28              		.file 1 "Middlewares/lvgl/examples/widgets/img/lv_example_img_1.c"
   1:Middlewares/lvgl/examples/widgets/img/lv_example_img_1.c **** #include "../../lv_examples.h"
   2:Middlewares/lvgl/examples/widgets/img/lv_example_img_1.c **** #if LV_USE_IMG && LV_BUILD_EXAMPLES
   3:Middlewares/lvgl/examples/widgets/img/lv_example_img_1.c **** 
   4:Middlewares/lvgl/examples/widgets/img/lv_example_img_1.c **** lv_obj_t * fox_img;
   5:Middlewares/lvgl/examples/widgets/img/lv_example_img_1.c **** 
   6:Middlewares/lvgl/examples/widgets/img/lv_example_img_1.c **** void Wireless_Welcome(void)
   7:Middlewares/lvgl/examples/widgets/img/lv_example_img_1.c **** {
  29              		.loc 1 7 1 view -0
  30              		.cfi_startproc
  31              		@ args = 0, pretend = 0, frame = 0
  32              		@ frame_needed = 0, uses_anonymous_args = 0
  33 0000 10B5     		push	{r4, lr}
  34              	.LCFI0:
  35              		.cfi_def_cfa_offset 8
  36              		.cfi_offset 4, -8
  37              		.cfi_offset 14, -4
   8:Middlewares/lvgl/examples/widgets/img/lv_example_img_1.c ****     fox_img = lv_img_create(lv_scr_act());
  38              		.loc 1 8 5 view .LVU1
  39              	.LBB6:
  40              	.LBI6:
  41              		.file 2 "Middlewares/lvgl/examples/widgets/img/../../../src/core/lv_disp.h"
   1:Middlewares/lvgl/examples/widgets/img/../../../src/core/lv_disp.h **** /**
   2:Middlewares/lvgl/examples/widgets/img/../../../src/core/lv_disp.h ****  * @file lv_disp.h
   3:Middlewares/lvgl/examples/widgets/img/../../../src/core/lv_disp.h ****  *
   4:Middlewares/lvgl/examples/widgets/img/../../../src/core/lv_disp.h ****  */
   5:Middlewares/lvgl/examples/widgets/img/../../../src/core/lv_disp.h **** 
   6:Middlewares/lvgl/examples/widgets/img/../../../src/core/lv_disp.h **** #ifndef LV_DISP_H
   7:Middlewares/lvgl/examples/widgets/img/../../../src/core/lv_disp.h **** #define LV_DISP_H
   8:Middlewares/lvgl/examples/widgets/img/../../../src/core/lv_disp.h **** 
   9:Middlewares/lvgl/examples/widgets/img/../../../src/core/lv_disp.h **** #ifdef __cplusplus
ARM GAS  /tmp/ccv8dIym.s 			page 2


  10:Middlewares/lvgl/examples/widgets/img/../../../src/core/lv_disp.h **** extern "C" {
  11:Middlewares/lvgl/examples/widgets/img/../../../src/core/lv_disp.h **** #endif
  12:Middlewares/lvgl/examples/widgets/img/../../../src/core/lv_disp.h **** 
  13:Middlewares/lvgl/examples/widgets/img/../../../src/core/lv_disp.h **** /*********************
  14:Middlewares/lvgl/examples/widgets/img/../../../src/core/lv_disp.h ****  *      INCLUDES
  15:Middlewares/lvgl/examples/widgets/img/../../../src/core/lv_disp.h ****  *********************/
  16:Middlewares/lvgl/examples/widgets/img/../../../src/core/lv_disp.h **** #include "../hal/lv_hal.h"
  17:Middlewares/lvgl/examples/widgets/img/../../../src/core/lv_disp.h **** #include "lv_obj.h"
  18:Middlewares/lvgl/examples/widgets/img/../../../src/core/lv_disp.h **** #include "lv_theme.h"
  19:Middlewares/lvgl/examples/widgets/img/../../../src/core/lv_disp.h **** 
  20:Middlewares/lvgl/examples/widgets/img/../../../src/core/lv_disp.h **** /*********************
  21:Middlewares/lvgl/examples/widgets/img/../../../src/core/lv_disp.h ****  *      DEFINES
  22:Middlewares/lvgl/examples/widgets/img/../../../src/core/lv_disp.h ****  *********************/
  23:Middlewares/lvgl/examples/widgets/img/../../../src/core/lv_disp.h **** 
  24:Middlewares/lvgl/examples/widgets/img/../../../src/core/lv_disp.h **** /**********************
  25:Middlewares/lvgl/examples/widgets/img/../../../src/core/lv_disp.h ****  *      TYPEDEFS
  26:Middlewares/lvgl/examples/widgets/img/../../../src/core/lv_disp.h ****  **********************/
  27:Middlewares/lvgl/examples/widgets/img/../../../src/core/lv_disp.h **** 
  28:Middlewares/lvgl/examples/widgets/img/../../../src/core/lv_disp.h **** typedef enum {
  29:Middlewares/lvgl/examples/widgets/img/../../../src/core/lv_disp.h ****     LV_SCR_LOAD_ANIM_NONE,
  30:Middlewares/lvgl/examples/widgets/img/../../../src/core/lv_disp.h ****     LV_SCR_LOAD_ANIM_OVER_LEFT,
  31:Middlewares/lvgl/examples/widgets/img/../../../src/core/lv_disp.h ****     LV_SCR_LOAD_ANIM_OVER_RIGHT,
  32:Middlewares/lvgl/examples/widgets/img/../../../src/core/lv_disp.h ****     LV_SCR_LOAD_ANIM_OVER_TOP,
  33:Middlewares/lvgl/examples/widgets/img/../../../src/core/lv_disp.h ****     LV_SCR_LOAD_ANIM_OVER_BOTTOM,
  34:Middlewares/lvgl/examples/widgets/img/../../../src/core/lv_disp.h ****     LV_SCR_LOAD_ANIM_MOVE_LEFT,
  35:Middlewares/lvgl/examples/widgets/img/../../../src/core/lv_disp.h ****     LV_SCR_LOAD_ANIM_MOVE_RIGHT,
  36:Middlewares/lvgl/examples/widgets/img/../../../src/core/lv_disp.h ****     LV_SCR_LOAD_ANIM_MOVE_TOP,
  37:Middlewares/lvgl/examples/widgets/img/../../../src/core/lv_disp.h ****     LV_SCR_LOAD_ANIM_MOVE_BOTTOM,
  38:Middlewares/lvgl/examples/widgets/img/../../../src/core/lv_disp.h ****     LV_SCR_LOAD_ANIM_FADE_ON,
  39:Middlewares/lvgl/examples/widgets/img/../../../src/core/lv_disp.h **** } lv_scr_load_anim_t;
  40:Middlewares/lvgl/examples/widgets/img/../../../src/core/lv_disp.h **** 
  41:Middlewares/lvgl/examples/widgets/img/../../../src/core/lv_disp.h **** /**********************
  42:Middlewares/lvgl/examples/widgets/img/../../../src/core/lv_disp.h ****  * GLOBAL PROTOTYPES
  43:Middlewares/lvgl/examples/widgets/img/../../../src/core/lv_disp.h ****  **********************/
  44:Middlewares/lvgl/examples/widgets/img/../../../src/core/lv_disp.h **** 
  45:Middlewares/lvgl/examples/widgets/img/../../../src/core/lv_disp.h **** /**
  46:Middlewares/lvgl/examples/widgets/img/../../../src/core/lv_disp.h ****  * Return with a pointer to the active screen
  47:Middlewares/lvgl/examples/widgets/img/../../../src/core/lv_disp.h ****  * @param disp pointer to display which active screen should be get. (NULL to use the default
  48:Middlewares/lvgl/examples/widgets/img/../../../src/core/lv_disp.h ****  * screen)
  49:Middlewares/lvgl/examples/widgets/img/../../../src/core/lv_disp.h ****  * @return pointer to the active screen object (loaded by 'lv_scr_load()')
  50:Middlewares/lvgl/examples/widgets/img/../../../src/core/lv_disp.h ****  */
  51:Middlewares/lvgl/examples/widgets/img/../../../src/core/lv_disp.h **** lv_obj_t * lv_disp_get_scr_act(lv_disp_t * disp);
  52:Middlewares/lvgl/examples/widgets/img/../../../src/core/lv_disp.h **** 
  53:Middlewares/lvgl/examples/widgets/img/../../../src/core/lv_disp.h **** /**
  54:Middlewares/lvgl/examples/widgets/img/../../../src/core/lv_disp.h ****  * Return with a pointer to the previous screen. Only used during screen transitions.
  55:Middlewares/lvgl/examples/widgets/img/../../../src/core/lv_disp.h ****  * @param disp pointer to display which previous screen should be get. (NULL to use the default
  56:Middlewares/lvgl/examples/widgets/img/../../../src/core/lv_disp.h ****  * screen)
  57:Middlewares/lvgl/examples/widgets/img/../../../src/core/lv_disp.h ****  * @return pointer to the previous screen object or NULL if not used now
  58:Middlewares/lvgl/examples/widgets/img/../../../src/core/lv_disp.h ****  */
  59:Middlewares/lvgl/examples/widgets/img/../../../src/core/lv_disp.h **** lv_obj_t * lv_disp_get_scr_prev(lv_disp_t * disp);
  60:Middlewares/lvgl/examples/widgets/img/../../../src/core/lv_disp.h **** 
  61:Middlewares/lvgl/examples/widgets/img/../../../src/core/lv_disp.h **** /**
  62:Middlewares/lvgl/examples/widgets/img/../../../src/core/lv_disp.h ****  * Make a screen active
  63:Middlewares/lvgl/examples/widgets/img/../../../src/core/lv_disp.h ****  * @param scr pointer to a screen
  64:Middlewares/lvgl/examples/widgets/img/../../../src/core/lv_disp.h ****  */
  65:Middlewares/lvgl/examples/widgets/img/../../../src/core/lv_disp.h **** void lv_disp_load_scr(lv_obj_t * scr);
  66:Middlewares/lvgl/examples/widgets/img/../../../src/core/lv_disp.h **** 
ARM GAS  /tmp/ccv8dIym.s 			page 3


  67:Middlewares/lvgl/examples/widgets/img/../../../src/core/lv_disp.h **** /**
  68:Middlewares/lvgl/examples/widgets/img/../../../src/core/lv_disp.h ****  * Return with the top layer. (Same on every screen and it is above the normal screen layer)
  69:Middlewares/lvgl/examples/widgets/img/../../../src/core/lv_disp.h ****  * @param disp pointer to display which top layer should be get. (NULL to use the default screen)
  70:Middlewares/lvgl/examples/widgets/img/../../../src/core/lv_disp.h ****  * @return pointer to the top layer object  (transparent screen sized lv_obj)
  71:Middlewares/lvgl/examples/widgets/img/../../../src/core/lv_disp.h ****  */
  72:Middlewares/lvgl/examples/widgets/img/../../../src/core/lv_disp.h **** lv_obj_t * lv_disp_get_layer_top(lv_disp_t * disp);
  73:Middlewares/lvgl/examples/widgets/img/../../../src/core/lv_disp.h **** 
  74:Middlewares/lvgl/examples/widgets/img/../../../src/core/lv_disp.h **** /**
  75:Middlewares/lvgl/examples/widgets/img/../../../src/core/lv_disp.h ****  * Return with the sys. layer. (Same on every screen and it is above the normal screen and the top
  76:Middlewares/lvgl/examples/widgets/img/../../../src/core/lv_disp.h ****  * layer)
  77:Middlewares/lvgl/examples/widgets/img/../../../src/core/lv_disp.h ****  * @param disp pointer to display which sys. layer  should be get. (NULL to use the default screen)
  78:Middlewares/lvgl/examples/widgets/img/../../../src/core/lv_disp.h ****  * @return pointer to the sys layer object  (transparent screen sized lv_obj)
  79:Middlewares/lvgl/examples/widgets/img/../../../src/core/lv_disp.h ****  */
  80:Middlewares/lvgl/examples/widgets/img/../../../src/core/lv_disp.h **** lv_obj_t * lv_disp_get_layer_sys(lv_disp_t * disp);
  81:Middlewares/lvgl/examples/widgets/img/../../../src/core/lv_disp.h **** 
  82:Middlewares/lvgl/examples/widgets/img/../../../src/core/lv_disp.h **** /**
  83:Middlewares/lvgl/examples/widgets/img/../../../src/core/lv_disp.h ****  * Get the theme of a display
  84:Middlewares/lvgl/examples/widgets/img/../../../src/core/lv_disp.h ****  * @param disp pointer to a display
  85:Middlewares/lvgl/examples/widgets/img/../../../src/core/lv_disp.h ****  * @return the display's theme (can be NULL)
  86:Middlewares/lvgl/examples/widgets/img/../../../src/core/lv_disp.h ****  */
  87:Middlewares/lvgl/examples/widgets/img/../../../src/core/lv_disp.h **** void lv_disp_set_theme(lv_disp_t * disp, lv_theme_t * th);
  88:Middlewares/lvgl/examples/widgets/img/../../../src/core/lv_disp.h **** 
  89:Middlewares/lvgl/examples/widgets/img/../../../src/core/lv_disp.h **** /**
  90:Middlewares/lvgl/examples/widgets/img/../../../src/core/lv_disp.h ****  * Get the theme of a display
  91:Middlewares/lvgl/examples/widgets/img/../../../src/core/lv_disp.h ****  * @param disp pointer to a display
  92:Middlewares/lvgl/examples/widgets/img/../../../src/core/lv_disp.h ****  * @return the display's theme (can be NULL)
  93:Middlewares/lvgl/examples/widgets/img/../../../src/core/lv_disp.h ****  */
  94:Middlewares/lvgl/examples/widgets/img/../../../src/core/lv_disp.h **** lv_theme_t * lv_disp_get_theme(lv_disp_t * disp);
  95:Middlewares/lvgl/examples/widgets/img/../../../src/core/lv_disp.h **** 
  96:Middlewares/lvgl/examples/widgets/img/../../../src/core/lv_disp.h **** /**
  97:Middlewares/lvgl/examples/widgets/img/../../../src/core/lv_disp.h ****  * Set the background color of a display
  98:Middlewares/lvgl/examples/widgets/img/../../../src/core/lv_disp.h ****  * @param disp pointer to a display
  99:Middlewares/lvgl/examples/widgets/img/../../../src/core/lv_disp.h ****  * @param color color of the background
 100:Middlewares/lvgl/examples/widgets/img/../../../src/core/lv_disp.h ****  */
 101:Middlewares/lvgl/examples/widgets/img/../../../src/core/lv_disp.h **** void lv_disp_set_bg_color(lv_disp_t * disp, lv_color_t color);
 102:Middlewares/lvgl/examples/widgets/img/../../../src/core/lv_disp.h **** 
 103:Middlewares/lvgl/examples/widgets/img/../../../src/core/lv_disp.h **** /**
 104:Middlewares/lvgl/examples/widgets/img/../../../src/core/lv_disp.h ****  * Set the background image of a display
 105:Middlewares/lvgl/examples/widgets/img/../../../src/core/lv_disp.h ****  * @param disp pointer to a display
 106:Middlewares/lvgl/examples/widgets/img/../../../src/core/lv_disp.h ****  * @param img_src path to file or pointer to an `lv_img_dsc_t` variable
 107:Middlewares/lvgl/examples/widgets/img/../../../src/core/lv_disp.h ****  */
 108:Middlewares/lvgl/examples/widgets/img/../../../src/core/lv_disp.h **** void lv_disp_set_bg_image(lv_disp_t * disp, const void  * img_src);
 109:Middlewares/lvgl/examples/widgets/img/../../../src/core/lv_disp.h **** 
 110:Middlewares/lvgl/examples/widgets/img/../../../src/core/lv_disp.h **** /**
 111:Middlewares/lvgl/examples/widgets/img/../../../src/core/lv_disp.h ****  * Opacity of the background
 112:Middlewares/lvgl/examples/widgets/img/../../../src/core/lv_disp.h ****  * @param disp pointer to a display
 113:Middlewares/lvgl/examples/widgets/img/../../../src/core/lv_disp.h ****  * @param opa opacity (0..255)
 114:Middlewares/lvgl/examples/widgets/img/../../../src/core/lv_disp.h ****  */
 115:Middlewares/lvgl/examples/widgets/img/../../../src/core/lv_disp.h **** void lv_disp_set_bg_opa(lv_disp_t * disp, lv_opa_t opa);
 116:Middlewares/lvgl/examples/widgets/img/../../../src/core/lv_disp.h **** 
 117:Middlewares/lvgl/examples/widgets/img/../../../src/core/lv_disp.h **** /**
 118:Middlewares/lvgl/examples/widgets/img/../../../src/core/lv_disp.h ****  * Switch screen with animation
 119:Middlewares/lvgl/examples/widgets/img/../../../src/core/lv_disp.h ****  * @param scr pointer to the new screen to load
 120:Middlewares/lvgl/examples/widgets/img/../../../src/core/lv_disp.h ****  * @param anim_type type of the animation from `lv_scr_load_anim_t`. E.g.  `LV_SCR_LOAD_ANIM_MOVE_L
 121:Middlewares/lvgl/examples/widgets/img/../../../src/core/lv_disp.h ****  * @param time time of the animation
 122:Middlewares/lvgl/examples/widgets/img/../../../src/core/lv_disp.h ****  * @param delay delay before the transition
 123:Middlewares/lvgl/examples/widgets/img/../../../src/core/lv_disp.h ****  * @param auto_del true: automatically delete the old screen
ARM GAS  /tmp/ccv8dIym.s 			page 4


 124:Middlewares/lvgl/examples/widgets/img/../../../src/core/lv_disp.h ****  */
 125:Middlewares/lvgl/examples/widgets/img/../../../src/core/lv_disp.h **** void lv_scr_load_anim(lv_obj_t * scr, lv_scr_load_anim_t anim_type, uint32_t time, uint32_t delay, 
 126:Middlewares/lvgl/examples/widgets/img/../../../src/core/lv_disp.h **** 
 127:Middlewares/lvgl/examples/widgets/img/../../../src/core/lv_disp.h **** /**
 128:Middlewares/lvgl/examples/widgets/img/../../../src/core/lv_disp.h ****  * Get elapsed time since last user activity on a display (e.g. click)
 129:Middlewares/lvgl/examples/widgets/img/../../../src/core/lv_disp.h ****  * @param disp pointer to an display (NULL to get the overall smallest inactivity)
 130:Middlewares/lvgl/examples/widgets/img/../../../src/core/lv_disp.h ****  * @return elapsed ticks (milliseconds) since the last activity
 131:Middlewares/lvgl/examples/widgets/img/../../../src/core/lv_disp.h ****  */
 132:Middlewares/lvgl/examples/widgets/img/../../../src/core/lv_disp.h **** uint32_t lv_disp_get_inactive_time(const lv_disp_t * disp);
 133:Middlewares/lvgl/examples/widgets/img/../../../src/core/lv_disp.h **** 
 134:Middlewares/lvgl/examples/widgets/img/../../../src/core/lv_disp.h **** /**
 135:Middlewares/lvgl/examples/widgets/img/../../../src/core/lv_disp.h ****  * Manually trigger an activity on a display
 136:Middlewares/lvgl/examples/widgets/img/../../../src/core/lv_disp.h ****  * @param disp pointer to an display (NULL to use the default display)
 137:Middlewares/lvgl/examples/widgets/img/../../../src/core/lv_disp.h ****  */
 138:Middlewares/lvgl/examples/widgets/img/../../../src/core/lv_disp.h **** void lv_disp_trig_activity(lv_disp_t * disp);
 139:Middlewares/lvgl/examples/widgets/img/../../../src/core/lv_disp.h **** 
 140:Middlewares/lvgl/examples/widgets/img/../../../src/core/lv_disp.h **** /**
 141:Middlewares/lvgl/examples/widgets/img/../../../src/core/lv_disp.h ****  * Clean any CPU cache that is related to the display.
 142:Middlewares/lvgl/examples/widgets/img/../../../src/core/lv_disp.h ****  * @param disp pointer to an display (NULL to use the default display)
 143:Middlewares/lvgl/examples/widgets/img/../../../src/core/lv_disp.h ****  */
 144:Middlewares/lvgl/examples/widgets/img/../../../src/core/lv_disp.h **** void lv_disp_clean_dcache(lv_disp_t * disp);
 145:Middlewares/lvgl/examples/widgets/img/../../../src/core/lv_disp.h **** 
 146:Middlewares/lvgl/examples/widgets/img/../../../src/core/lv_disp.h **** /**
 147:Middlewares/lvgl/examples/widgets/img/../../../src/core/lv_disp.h ****  * Get a pointer to the screen refresher timer to
 148:Middlewares/lvgl/examples/widgets/img/../../../src/core/lv_disp.h ****  * modify its parameters with `lv_timer_...` functions.
 149:Middlewares/lvgl/examples/widgets/img/../../../src/core/lv_disp.h ****  * @param disp pointer to a display
 150:Middlewares/lvgl/examples/widgets/img/../../../src/core/lv_disp.h ****  * @return pointer to the display refresher timer. (NULL on error)
 151:Middlewares/lvgl/examples/widgets/img/../../../src/core/lv_disp.h ****  */
 152:Middlewares/lvgl/examples/widgets/img/../../../src/core/lv_disp.h **** lv_timer_t * _lv_disp_get_refr_timer(lv_disp_t * disp);
 153:Middlewares/lvgl/examples/widgets/img/../../../src/core/lv_disp.h **** 
 154:Middlewares/lvgl/examples/widgets/img/../../../src/core/lv_disp.h **** /*------------------------------------------------
 155:Middlewares/lvgl/examples/widgets/img/../../../src/core/lv_disp.h ****  * To improve backward compatibility
 156:Middlewares/lvgl/examples/widgets/img/../../../src/core/lv_disp.h ****  * Recommended only if you have one display
 157:Middlewares/lvgl/examples/widgets/img/../../../src/core/lv_disp.h ****  *------------------------------------------------*/
 158:Middlewares/lvgl/examples/widgets/img/../../../src/core/lv_disp.h **** 
 159:Middlewares/lvgl/examples/widgets/img/../../../src/core/lv_disp.h **** /**
 160:Middlewares/lvgl/examples/widgets/img/../../../src/core/lv_disp.h ****  * Get the active screen of the default display
 161:Middlewares/lvgl/examples/widgets/img/../../../src/core/lv_disp.h ****  * @return pointer to the active screen
 162:Middlewares/lvgl/examples/widgets/img/../../../src/core/lv_disp.h ****  */
 163:Middlewares/lvgl/examples/widgets/img/../../../src/core/lv_disp.h **** static inline lv_obj_t * lv_scr_act(void)
  42              		.loc 2 163 26 view .LVU2
  43              	.LBB7:
 164:Middlewares/lvgl/examples/widgets/img/../../../src/core/lv_disp.h **** {
 165:Middlewares/lvgl/examples/widgets/img/../../../src/core/lv_disp.h ****     return lv_disp_get_scr_act(lv_disp_get_default());
  44              		.loc 2 165 5 view .LVU3
  45              		.loc 2 165 12 is_stmt 0 view .LVU4
  46 0002 FFF7FEFF 		bl	lv_disp_get_default
  47              	.LVL0:
  48 0006 FFF7FEFF 		bl	lv_disp_get_scr_act
  49              	.LVL1:
  50              	.LBE7:
  51              	.LBE6:
  52              		.loc 1 8 15 view .LVU5
  53 000a FFF7FEFF 		bl	lv_img_create
  54              	.LVL2:
  55              		.loc 1 8 13 view .LVU6
  56 000e 124C     		ldr	r4, .L3
ARM GAS  /tmp/ccv8dIym.s 			page 5


  57 0010 2060     		str	r0, [r4]
   9:Middlewares/lvgl/examples/widgets/img/lv_example_img_1.c ****     lv_obj_align(fox_img, LV_ALIGN_CENTER, 0, -20);
  58              		.loc 1 9 5 is_stmt 1 view .LVU7
  59 0012 6FF01303 		mvn	r3, #19
  60 0016 0022     		movs	r2, #0
  61 0018 0921     		movs	r1, #9
  62 001a FFF7FEFF 		bl	lv_obj_align
  63              	.LVL3:
  10:Middlewares/lvgl/examples/widgets/img/lv_example_img_1.c ****     lv_obj_set_size(fox_img, 198, 199);
  64              		.loc 1 10 5 view .LVU8
  65 001e C722     		movs	r2, #199
  66 0020 C621     		movs	r1, #198
  67 0022 2068     		ldr	r0, [r4]
  68 0024 FFF7FEFF 		bl	lv_obj_set_size
  69              	.LVL4:
  11:Middlewares/lvgl/examples/widgets/img/lv_example_img_1.c **** 
  12:Middlewares/lvgl/examples/widgets/img/lv_example_img_1.c ****     lv_obj_t * img2 = lv_img_create(lv_scr_act());
  70              		.loc 1 12 5 view .LVU9
  71              	.LBB8:
  72              	.LBI8:
 163:Middlewares/lvgl/examples/widgets/img/../../../src/core/lv_disp.h **** {
  73              		.loc 2 163 26 view .LVU10
  74              	.LBB9:
  75              		.loc 2 165 5 view .LVU11
  76              		.loc 2 165 12 is_stmt 0 view .LVU12
  77 0028 FFF7FEFF 		bl	lv_disp_get_default
  78              	.LVL5:
  79 002c FFF7FEFF 		bl	lv_disp_get_scr_act
  80              	.LVL6:
  81              	.LBE9:
  82              	.LBE8:
  83              		.loc 1 12 23 view .LVU13
  84 0030 FFF7FEFF 		bl	lv_img_create
  85              	.LVL7:
  86 0034 0446     		mov	r4, r0
  87              	.LVL8:
  13:Middlewares/lvgl/examples/widgets/img/lv_example_img_1.c ****     LV_IMG_DECLARE(title);
  88              		.loc 1 13 5 is_stmt 1 view .LVU14
  89              		.loc 1 13 26 view .LVU15
  14:Middlewares/lvgl/examples/widgets/img/lv_example_img_1.c ****     lv_img_set_src(img2, &title);
  90              		.loc 1 14 5 view .LVU16
  91 0036 0949     		ldr	r1, .L3+4
  92 0038 FFF7FEFF 		bl	lv_img_set_src
  93              	.LVL9:
  15:Middlewares/lvgl/examples/widgets/img/lv_example_img_1.c ****     lv_obj_align(img2, LV_ALIGN_BOTTOM_MID, 0, -66);
  94              		.loc 1 15 5 view .LVU17
  95 003c 6FF04103 		mvn	r3, #65
  96 0040 0022     		movs	r2, #0
  97 0042 0521     		movs	r1, #5
  98 0044 2046     		mov	r0, r4
  99 0046 FFF7FEFF 		bl	lv_obj_align
 100              	.LVL10:
  16:Middlewares/lvgl/examples/widgets/img/lv_example_img_1.c ****     lv_obj_set_size(img2, 352, 66);
 101              		.loc 1 16 5 view .LVU18
 102 004a 4222     		movs	r2, #66
 103 004c 4FF4B071 		mov	r1, #352
 104 0050 2046     		mov	r0, r4
ARM GAS  /tmp/ccv8dIym.s 			page 6


 105 0052 FFF7FEFF 		bl	lv_obj_set_size
 106              	.LVL11:
  17:Middlewares/lvgl/examples/widgets/img/lv_example_img_1.c **** 
  18:Middlewares/lvgl/examples/widgets/img/lv_example_img_1.c **** 
  19:Middlewares/lvgl/examples/widgets/img/lv_example_img_1.c **** }
 107              		.loc 1 19 1 is_stmt 0 view .LVU19
 108 0056 10BD     		pop	{r4, pc}
 109              	.LVL12:
 110              	.L4:
 111              		.loc 1 19 1 view .LVU20
 112              		.align	2
 113              	.L3:
 114 0058 00000000 		.word	.LANCHOR0
 115 005c 00000000 		.word	title
 116              		.cfi_endproc
 117              	.LFE184:
 119              		.global	fox_img
 120              		.section	.bss.fox_img,"aw",%nobits
 121              		.align	2
 122              		.set	.LANCHOR0,. + 0
 125              	fox_img:
 126 0000 00000000 		.space	4
 127              		.text
 128              	.Letext0:
 129              		.file 3 "/home/akinya/gcc-arm-none-eabi/arm-none-eabi/include/machine/_default_types.h"
 130              		.file 4 "/home/akinya/gcc-arm-none-eabi/arm-none-eabi/include/sys/_stdint.h"
 131              		.file 5 "Middlewares/lvgl/examples/widgets/img/../../../src/misc/lv_ll.h"
 132              		.file 6 "Middlewares/lvgl/examples/widgets/img/../../../src/hal/../misc/lv_color.h"
 133              		.file 7 "Middlewares/lvgl/examples/widgets/img/../../../src/hal/../misc/lv_area.h"
 134              		.file 8 "Middlewares/lvgl/examples/widgets/img/../../../src/core/lv_obj.h"
 135              		.file 9 "Middlewares/lvgl/examples/widgets/img/../../../src/core/lv_group.h"
 136              		.file 10 "Middlewares/lvgl/examples/widgets/img/../../../src/core/../misc/lv_style.h"
 137              		.file 11 "Middlewares/lvgl/examples/widgets/img/../../../src/core/lv_obj_scroll.h"
 138              		.file 12 "Middlewares/lvgl/examples/widgets/img/../../../src/core/lv_obj_style.h"
 139              		.file 13 "Middlewares/lvgl/examples/widgets/img/../../../src/core/../draw/lv_img_buf.h"
 140              		.file 14 "Middlewares/lvgl/examples/widgets/img/../../../src/core/lv_obj_class.h"
 141              		.file 15 "Middlewares/lvgl/examples/widgets/img/../../../src/core/lv_event.h"
 142              		.file 16 "Middlewares/lvgl/examples/widgets/img/../../../src/widgets/lv_bar.h"
 143              		.file 17 "Middlewares/lvgl/examples/widgets/img/../../../src/extra/widgets/imgbtn/lv_imgbtn.h"
 144              		.file 18 "Middlewares/lvgl/examples/widgets/img/../../../src/hal/lv_hal_disp.h"
 145              		.file 19 "Middlewares/lvgl/examples/widgets/img/../../../src/widgets/lv_img.h"
 146              		.file 20 "Middlewares/lvgl/examples/widgets/img/../../../src/core/lv_obj_pos.h"
ARM GAS  /tmp/ccv8dIym.s 			page 7


DEFINED SYMBOLS
                            *ABS*:0000000000000000 lv_example_img_1.c
     /tmp/ccv8dIym.s:18     .text.Wireless_Welcome:0000000000000000 $t
     /tmp/ccv8dIym.s:26     .text.Wireless_Welcome:0000000000000000 Wireless_Welcome
     /tmp/ccv8dIym.s:114    .text.Wireless_Welcome:0000000000000058 $d
     /tmp/ccv8dIym.s:125    .bss.fox_img:0000000000000000 fox_img
     /tmp/ccv8dIym.s:121    .bss.fox_img:0000000000000000 $d

UNDEFINED SYMBOLS
lv_disp_get_default
lv_disp_get_scr_act
lv_img_create
lv_obj_align
lv_obj_set_size
lv_img_set_src
title
