ARM GAS  /tmp/cc5KI2La.s 			page 1


   1              		.cpu cortex-m4
   2              		.eabi_attribute 27, 1
   3              		.eabi_attribute 28, 1
   4              		.eabi_attribute 20, 1
   5              		.eabi_attribute 21, 1
   6              		.eabi_attribute 23, 3
   7              		.eabi_attribute 24, 1
   8              		.eabi_attribute 25, 1
   9              		.eabi_attribute 26, 1
  10              		.eabi_attribute 30, 1
  11              		.eabi_attribute 34, 1
  12              		.eabi_attribute 18, 4
  13              		.file	"lv_example_list_1.c"
  14              		.text
  15              	.Ltext0:
  16              		.cfi_sections	.debug_frame
  17              		.section	.text.event_handler,"ax",%progbits
  18              		.align	1
  19              		.arch armv7e-m
  20              		.syntax unified
  21              		.thumb
  22              		.thumb_func
  23              		.fpu fpv4-sp-d16
  25              	event_handler:
  26              	.LVL0:
  27              	.LFB184:
  28              		.file 1 "Middlewares/lvgl/examples/widgets/list/lv_example_list_1.c"
   1:Middlewares/lvgl/examples/widgets/list/lv_example_list_1.c **** #include "../../lv_examples.h"
   2:Middlewares/lvgl/examples/widgets/list/lv_example_list_1.c **** #if LV_USE_LIST && LV_BUILD_EXAMPLES
   3:Middlewares/lvgl/examples/widgets/list/lv_example_list_1.c **** static lv_obj_t * list1;
   4:Middlewares/lvgl/examples/widgets/list/lv_example_list_1.c **** 
   5:Middlewares/lvgl/examples/widgets/list/lv_example_list_1.c **** static void event_handler(lv_event_t * e)
   6:Middlewares/lvgl/examples/widgets/list/lv_example_list_1.c **** {
  29              		.loc 1 6 1 view -0
  30              		.cfi_startproc
  31              		@ args = 0, pretend = 0, frame = 0
  32              		@ frame_needed = 0, uses_anonymous_args = 0
  33              		.loc 1 6 1 is_stmt 0 view .LVU1
  34 0000 10B5     		push	{r4, lr}
  35              	.LCFI0:
  36              		.cfi_def_cfa_offset 8
  37              		.cfi_offset 4, -8
  38              		.cfi_offset 14, -4
  39 0002 0446     		mov	r4, r0
   7:Middlewares/lvgl/examples/widgets/list/lv_example_list_1.c ****     lv_event_code_t code = lv_event_get_code(e);
  40              		.loc 1 7 5 is_stmt 1 view .LVU2
  41              		.loc 1 7 28 is_stmt 0 view .LVU3
  42 0004 FFF7FEFF 		bl	lv_event_get_code
  43              	.LVL1:
   8:Middlewares/lvgl/examples/widgets/list/lv_example_list_1.c ****     lv_obj_t * obj = lv_event_get_target(e);
  44              		.loc 1 8 5 is_stmt 1 view .LVU4
  45              		.loc 1 8 22 is_stmt 0 view .LVU5
  46 0008 2046     		mov	r0, r4
  47 000a FFF7FEFF 		bl	lv_event_get_target
  48              	.LVL2:
   9:Middlewares/lvgl/examples/widgets/list/lv_example_list_1.c ****     if(code == LV_EVENT_CLICKED) {
  49              		.loc 1 9 5 is_stmt 1 view .LVU6
ARM GAS  /tmp/cc5KI2La.s 			page 2


  10:Middlewares/lvgl/examples/widgets/list/lv_example_list_1.c ****         LV_LOG_USER("Clicked: %s", lv_list_get_btn_text(list1, obj));
  50              		.loc 1 10 69 view .LVU7
  11:Middlewares/lvgl/examples/widgets/list/lv_example_list_1.c ****     }
  12:Middlewares/lvgl/examples/widgets/list/lv_example_list_1.c **** }
  51              		.loc 1 12 1 is_stmt 0 view .LVU8
  52 000e 10BD     		pop	{r4, pc}
  53              		.loc 1 12 1 view .LVU9
  54              		.cfi_endproc
  55              	.LFE184:
  57              		.section	.rodata.lv_example_list_1.str1.4,"aMS",%progbits,1
  58              		.align	2
  59              	.LC0:
  60 0000 46696C65 		.ascii	"File\000"
  60      00
  61 0005 000000   		.align	2
  62              	.LC1:
  63 0008 4E657700 		.ascii	"New\000"
  64              		.align	2
  65              	.LC2:
  66 000c EF859B00 		.ascii	"\357\205\233\000"
  67              		.align	2
  68              	.LC3:
  69 0010 4F70656E 		.ascii	"Open\000"
  69      00
  70 0015 000000   		.align	2
  71              	.LC4:
  72 0018 EF81BB00 		.ascii	"\357\201\273\000"
  73              		.align	2
  74              	.LC5:
  75 001c 53617665 		.ascii	"Save\000"
  75      00
  76 0021 000000   		.align	2
  77              	.LC6:
  78 0024 EF838700 		.ascii	"\357\203\207\000"
  79              		.align	2
  80              	.LC7:
  81 0028 44656C65 		.ascii	"Delete\000"
  81      746500
  82 002f 00       		.align	2
  83              	.LC8:
  84 0030 EF808D00 		.ascii	"\357\200\215\000"
  85              		.align	2
  86              	.LC9:
  87 0034 45646974 		.ascii	"Edit\000"
  87      00
  88 0039 000000   		.align	2
  89              	.LC10:
  90 003c EF8C8400 		.ascii	"\357\214\204\000"
  91              		.align	2
  92              	.LC11:
  93 0040 436F6E6E 		.ascii	"Connectivity\000"
  93      65637469 
  93      76697479 
  93      00
  94 004d 000000   		.align	2
  95              	.LC12:
  96 0050 426C7565 		.ascii	"Bluetooth\000"
ARM GAS  /tmp/cc5KI2La.s 			page 3


  96      746F6F74 
  96      6800
  97 005a 0000     		.align	2
  98              	.LC13:
  99 005c EF8A9300 		.ascii	"\357\212\223\000"
 100              		.align	2
 101              	.LC14:
 102 0060 4E617669 		.ascii	"Navigation\000"
 102      67617469 
 102      6F6E00
 103 006b 00       		.align	2
 104              	.LC15:
 105 006c EF84A400 		.ascii	"\357\204\244\000"
 106              		.align	2
 107              	.LC16:
 108 0070 55534200 		.ascii	"USB\000"
 109              		.align	2
 110              	.LC17:
 111 0074 EF8A8700 		.ascii	"\357\212\207\000"
 112              		.align	2
 113              	.LC18:
 114 0078 42617474 		.ascii	"Battery\000"
 114      65727900 
 115              		.align	2
 116              	.LC19:
 117 0080 EF898000 		.ascii	"\357\211\200\000"
 118              		.align	2
 119              	.LC20:
 120 0084 45786974 		.ascii	"Exit\000"
 120      00
 121 0089 000000   		.align	2
 122              	.LC21:
 123 008c 4170706C 		.ascii	"Apply\000"
 123      7900
 124 0092 0000     		.align	2
 125              	.LC22:
 126 0094 EF808C00 		.ascii	"\357\200\214\000"
 127              		.align	2
 128              	.LC23:
 129 0098 436C6F73 		.ascii	"Close\000"
 129      6500
 130              		.section	.text.lv_example_list_1,"ax",%progbits
 131              		.align	1
 132              		.global	lv_example_list_1
 133              		.syntax unified
 134              		.thumb
 135              		.thumb_func
 136              		.fpu fpv4-sp-d16
 138              	lv_example_list_1:
 139              	.LFB185:
  13:Middlewares/lvgl/examples/widgets/list/lv_example_list_1.c **** void lv_example_list_1(void)
  14:Middlewares/lvgl/examples/widgets/list/lv_example_list_1.c **** {
 140              		.loc 1 14 1 is_stmt 1 view -0
 141              		.cfi_startproc
 142              		@ args = 0, pretend = 0, frame = 0
 143              		@ frame_needed = 0, uses_anonymous_args = 0
 144 0000 70B5     		push	{r4, r5, r6, lr}
ARM GAS  /tmp/cc5KI2La.s 			page 4


 145              	.LCFI1:
 146              		.cfi_def_cfa_offset 16
 147              		.cfi_offset 4, -16
 148              		.cfi_offset 5, -12
 149              		.cfi_offset 6, -8
 150              		.cfi_offset 14, -4
  15:Middlewares/lvgl/examples/widgets/list/lv_example_list_1.c ****     /*Create a list*/
  16:Middlewares/lvgl/examples/widgets/list/lv_example_list_1.c ****     list1 = lv_list_create(lv_scr_act());
 151              		.loc 1 16 5 view .LVU11
 152              	.LBB8:
 153              	.LBI8:
 154              		.file 2 "Middlewares/lvgl/examples/widgets/list/../../../src/core/lv_disp.h"
   1:Middlewares/lvgl/examples/widgets/list/../../../src/core/lv_disp.h **** /**
   2:Middlewares/lvgl/examples/widgets/list/../../../src/core/lv_disp.h ****  * @file lv_disp.h
   3:Middlewares/lvgl/examples/widgets/list/../../../src/core/lv_disp.h ****  *
   4:Middlewares/lvgl/examples/widgets/list/../../../src/core/lv_disp.h ****  */
   5:Middlewares/lvgl/examples/widgets/list/../../../src/core/lv_disp.h **** 
   6:Middlewares/lvgl/examples/widgets/list/../../../src/core/lv_disp.h **** #ifndef LV_DISP_H
   7:Middlewares/lvgl/examples/widgets/list/../../../src/core/lv_disp.h **** #define LV_DISP_H
   8:Middlewares/lvgl/examples/widgets/list/../../../src/core/lv_disp.h **** 
   9:Middlewares/lvgl/examples/widgets/list/../../../src/core/lv_disp.h **** #ifdef __cplusplus
  10:Middlewares/lvgl/examples/widgets/list/../../../src/core/lv_disp.h **** extern "C" {
  11:Middlewares/lvgl/examples/widgets/list/../../../src/core/lv_disp.h **** #endif
  12:Middlewares/lvgl/examples/widgets/list/../../../src/core/lv_disp.h **** 
  13:Middlewares/lvgl/examples/widgets/list/../../../src/core/lv_disp.h **** /*********************
  14:Middlewares/lvgl/examples/widgets/list/../../../src/core/lv_disp.h ****  *      INCLUDES
  15:Middlewares/lvgl/examples/widgets/list/../../../src/core/lv_disp.h ****  *********************/
  16:Middlewares/lvgl/examples/widgets/list/../../../src/core/lv_disp.h **** #include "../hal/lv_hal.h"
  17:Middlewares/lvgl/examples/widgets/list/../../../src/core/lv_disp.h **** #include "lv_obj.h"
  18:Middlewares/lvgl/examples/widgets/list/../../../src/core/lv_disp.h **** #include "lv_theme.h"
  19:Middlewares/lvgl/examples/widgets/list/../../../src/core/lv_disp.h **** 
  20:Middlewares/lvgl/examples/widgets/list/../../../src/core/lv_disp.h **** /*********************
  21:Middlewares/lvgl/examples/widgets/list/../../../src/core/lv_disp.h ****  *      DEFINES
  22:Middlewares/lvgl/examples/widgets/list/../../../src/core/lv_disp.h ****  *********************/
  23:Middlewares/lvgl/examples/widgets/list/../../../src/core/lv_disp.h **** 
  24:Middlewares/lvgl/examples/widgets/list/../../../src/core/lv_disp.h **** /**********************
  25:Middlewares/lvgl/examples/widgets/list/../../../src/core/lv_disp.h ****  *      TYPEDEFS
  26:Middlewares/lvgl/examples/widgets/list/../../../src/core/lv_disp.h ****  **********************/
  27:Middlewares/lvgl/examples/widgets/list/../../../src/core/lv_disp.h **** 
  28:Middlewares/lvgl/examples/widgets/list/../../../src/core/lv_disp.h **** typedef enum {
  29:Middlewares/lvgl/examples/widgets/list/../../../src/core/lv_disp.h ****     LV_SCR_LOAD_ANIM_NONE,
  30:Middlewares/lvgl/examples/widgets/list/../../../src/core/lv_disp.h ****     LV_SCR_LOAD_ANIM_OVER_LEFT,
  31:Middlewares/lvgl/examples/widgets/list/../../../src/core/lv_disp.h ****     LV_SCR_LOAD_ANIM_OVER_RIGHT,
  32:Middlewares/lvgl/examples/widgets/list/../../../src/core/lv_disp.h ****     LV_SCR_LOAD_ANIM_OVER_TOP,
  33:Middlewares/lvgl/examples/widgets/list/../../../src/core/lv_disp.h ****     LV_SCR_LOAD_ANIM_OVER_BOTTOM,
  34:Middlewares/lvgl/examples/widgets/list/../../../src/core/lv_disp.h ****     LV_SCR_LOAD_ANIM_MOVE_LEFT,
  35:Middlewares/lvgl/examples/widgets/list/../../../src/core/lv_disp.h ****     LV_SCR_LOAD_ANIM_MOVE_RIGHT,
  36:Middlewares/lvgl/examples/widgets/list/../../../src/core/lv_disp.h ****     LV_SCR_LOAD_ANIM_MOVE_TOP,
  37:Middlewares/lvgl/examples/widgets/list/../../../src/core/lv_disp.h ****     LV_SCR_LOAD_ANIM_MOVE_BOTTOM,
  38:Middlewares/lvgl/examples/widgets/list/../../../src/core/lv_disp.h ****     LV_SCR_LOAD_ANIM_FADE_ON,
  39:Middlewares/lvgl/examples/widgets/list/../../../src/core/lv_disp.h **** } lv_scr_load_anim_t;
  40:Middlewares/lvgl/examples/widgets/list/../../../src/core/lv_disp.h **** 
  41:Middlewares/lvgl/examples/widgets/list/../../../src/core/lv_disp.h **** /**********************
  42:Middlewares/lvgl/examples/widgets/list/../../../src/core/lv_disp.h ****  * GLOBAL PROTOTYPES
  43:Middlewares/lvgl/examples/widgets/list/../../../src/core/lv_disp.h ****  **********************/
  44:Middlewares/lvgl/examples/widgets/list/../../../src/core/lv_disp.h **** 
  45:Middlewares/lvgl/examples/widgets/list/../../../src/core/lv_disp.h **** /**
ARM GAS  /tmp/cc5KI2La.s 			page 5


  46:Middlewares/lvgl/examples/widgets/list/../../../src/core/lv_disp.h ****  * Return with a pointer to the active screen
  47:Middlewares/lvgl/examples/widgets/list/../../../src/core/lv_disp.h ****  * @param disp pointer to display which active screen should be get. (NULL to use the default
  48:Middlewares/lvgl/examples/widgets/list/../../../src/core/lv_disp.h ****  * screen)
  49:Middlewares/lvgl/examples/widgets/list/../../../src/core/lv_disp.h ****  * @return pointer to the active screen object (loaded by 'lv_scr_load()')
  50:Middlewares/lvgl/examples/widgets/list/../../../src/core/lv_disp.h ****  */
  51:Middlewares/lvgl/examples/widgets/list/../../../src/core/lv_disp.h **** lv_obj_t * lv_disp_get_scr_act(lv_disp_t * disp);
  52:Middlewares/lvgl/examples/widgets/list/../../../src/core/lv_disp.h **** 
  53:Middlewares/lvgl/examples/widgets/list/../../../src/core/lv_disp.h **** /**
  54:Middlewares/lvgl/examples/widgets/list/../../../src/core/lv_disp.h ****  * Return with a pointer to the previous screen. Only used during screen transitions.
  55:Middlewares/lvgl/examples/widgets/list/../../../src/core/lv_disp.h ****  * @param disp pointer to display which previous screen should be get. (NULL to use the default
  56:Middlewares/lvgl/examples/widgets/list/../../../src/core/lv_disp.h ****  * screen)
  57:Middlewares/lvgl/examples/widgets/list/../../../src/core/lv_disp.h ****  * @return pointer to the previous screen object or NULL if not used now
  58:Middlewares/lvgl/examples/widgets/list/../../../src/core/lv_disp.h ****  */
  59:Middlewares/lvgl/examples/widgets/list/../../../src/core/lv_disp.h **** lv_obj_t * lv_disp_get_scr_prev(lv_disp_t * disp);
  60:Middlewares/lvgl/examples/widgets/list/../../../src/core/lv_disp.h **** 
  61:Middlewares/lvgl/examples/widgets/list/../../../src/core/lv_disp.h **** /**
  62:Middlewares/lvgl/examples/widgets/list/../../../src/core/lv_disp.h ****  * Make a screen active
  63:Middlewares/lvgl/examples/widgets/list/../../../src/core/lv_disp.h ****  * @param scr pointer to a screen
  64:Middlewares/lvgl/examples/widgets/list/../../../src/core/lv_disp.h ****  */
  65:Middlewares/lvgl/examples/widgets/list/../../../src/core/lv_disp.h **** void lv_disp_load_scr(lv_obj_t * scr);
  66:Middlewares/lvgl/examples/widgets/list/../../../src/core/lv_disp.h **** 
  67:Middlewares/lvgl/examples/widgets/list/../../../src/core/lv_disp.h **** /**
  68:Middlewares/lvgl/examples/widgets/list/../../../src/core/lv_disp.h ****  * Return with the top layer. (Same on every screen and it is above the normal screen layer)
  69:Middlewares/lvgl/examples/widgets/list/../../../src/core/lv_disp.h ****  * @param disp pointer to display which top layer should be get. (NULL to use the default screen)
  70:Middlewares/lvgl/examples/widgets/list/../../../src/core/lv_disp.h ****  * @return pointer to the top layer object  (transparent screen sized lv_obj)
  71:Middlewares/lvgl/examples/widgets/list/../../../src/core/lv_disp.h ****  */
  72:Middlewares/lvgl/examples/widgets/list/../../../src/core/lv_disp.h **** lv_obj_t * lv_disp_get_layer_top(lv_disp_t * disp);
  73:Middlewares/lvgl/examples/widgets/list/../../../src/core/lv_disp.h **** 
  74:Middlewares/lvgl/examples/widgets/list/../../../src/core/lv_disp.h **** /**
  75:Middlewares/lvgl/examples/widgets/list/../../../src/core/lv_disp.h ****  * Return with the sys. layer. (Same on every screen and it is above the normal screen and the top
  76:Middlewares/lvgl/examples/widgets/list/../../../src/core/lv_disp.h ****  * layer)
  77:Middlewares/lvgl/examples/widgets/list/../../../src/core/lv_disp.h ****  * @param disp pointer to display which sys. layer  should be get. (NULL to use the default screen)
  78:Middlewares/lvgl/examples/widgets/list/../../../src/core/lv_disp.h ****  * @return pointer to the sys layer object  (transparent screen sized lv_obj)
  79:Middlewares/lvgl/examples/widgets/list/../../../src/core/lv_disp.h ****  */
  80:Middlewares/lvgl/examples/widgets/list/../../../src/core/lv_disp.h **** lv_obj_t * lv_disp_get_layer_sys(lv_disp_t * disp);
  81:Middlewares/lvgl/examples/widgets/list/../../../src/core/lv_disp.h **** 
  82:Middlewares/lvgl/examples/widgets/list/../../../src/core/lv_disp.h **** /**
  83:Middlewares/lvgl/examples/widgets/list/../../../src/core/lv_disp.h ****  * Get the theme of a display
  84:Middlewares/lvgl/examples/widgets/list/../../../src/core/lv_disp.h ****  * @param disp pointer to a display
  85:Middlewares/lvgl/examples/widgets/list/../../../src/core/lv_disp.h ****  * @return the display's theme (can be NULL)
  86:Middlewares/lvgl/examples/widgets/list/../../../src/core/lv_disp.h ****  */
  87:Middlewares/lvgl/examples/widgets/list/../../../src/core/lv_disp.h **** void lv_disp_set_theme(lv_disp_t * disp, lv_theme_t * th);
  88:Middlewares/lvgl/examples/widgets/list/../../../src/core/lv_disp.h **** 
  89:Middlewares/lvgl/examples/widgets/list/../../../src/core/lv_disp.h **** /**
  90:Middlewares/lvgl/examples/widgets/list/../../../src/core/lv_disp.h ****  * Get the theme of a display
  91:Middlewares/lvgl/examples/widgets/list/../../../src/core/lv_disp.h ****  * @param disp pointer to a display
  92:Middlewares/lvgl/examples/widgets/list/../../../src/core/lv_disp.h ****  * @return the display's theme (can be NULL)
  93:Middlewares/lvgl/examples/widgets/list/../../../src/core/lv_disp.h ****  */
  94:Middlewares/lvgl/examples/widgets/list/../../../src/core/lv_disp.h **** lv_theme_t * lv_disp_get_theme(lv_disp_t * disp);
  95:Middlewares/lvgl/examples/widgets/list/../../../src/core/lv_disp.h **** 
  96:Middlewares/lvgl/examples/widgets/list/../../../src/core/lv_disp.h **** /**
  97:Middlewares/lvgl/examples/widgets/list/../../../src/core/lv_disp.h ****  * Set the background color of a display
  98:Middlewares/lvgl/examples/widgets/list/../../../src/core/lv_disp.h ****  * @param disp pointer to a display
  99:Middlewares/lvgl/examples/widgets/list/../../../src/core/lv_disp.h ****  * @param color color of the background
 100:Middlewares/lvgl/examples/widgets/list/../../../src/core/lv_disp.h ****  */
 101:Middlewares/lvgl/examples/widgets/list/../../../src/core/lv_disp.h **** void lv_disp_set_bg_color(lv_disp_t * disp, lv_color_t color);
 102:Middlewares/lvgl/examples/widgets/list/../../../src/core/lv_disp.h **** 
ARM GAS  /tmp/cc5KI2La.s 			page 6


 103:Middlewares/lvgl/examples/widgets/list/../../../src/core/lv_disp.h **** /**
 104:Middlewares/lvgl/examples/widgets/list/../../../src/core/lv_disp.h ****  * Set the background image of a display
 105:Middlewares/lvgl/examples/widgets/list/../../../src/core/lv_disp.h ****  * @param disp pointer to a display
 106:Middlewares/lvgl/examples/widgets/list/../../../src/core/lv_disp.h ****  * @param img_src path to file or pointer to an `lv_img_dsc_t` variable
 107:Middlewares/lvgl/examples/widgets/list/../../../src/core/lv_disp.h ****  */
 108:Middlewares/lvgl/examples/widgets/list/../../../src/core/lv_disp.h **** void lv_disp_set_bg_image(lv_disp_t * disp, const void  * img_src);
 109:Middlewares/lvgl/examples/widgets/list/../../../src/core/lv_disp.h **** 
 110:Middlewares/lvgl/examples/widgets/list/../../../src/core/lv_disp.h **** /**
 111:Middlewares/lvgl/examples/widgets/list/../../../src/core/lv_disp.h ****  * Opacity of the background
 112:Middlewares/lvgl/examples/widgets/list/../../../src/core/lv_disp.h ****  * @param disp pointer to a display
 113:Middlewares/lvgl/examples/widgets/list/../../../src/core/lv_disp.h ****  * @param opa opacity (0..255)
 114:Middlewares/lvgl/examples/widgets/list/../../../src/core/lv_disp.h ****  */
 115:Middlewares/lvgl/examples/widgets/list/../../../src/core/lv_disp.h **** void lv_disp_set_bg_opa(lv_disp_t * disp, lv_opa_t opa);
 116:Middlewares/lvgl/examples/widgets/list/../../../src/core/lv_disp.h **** 
 117:Middlewares/lvgl/examples/widgets/list/../../../src/core/lv_disp.h **** /**
 118:Middlewares/lvgl/examples/widgets/list/../../../src/core/lv_disp.h ****  * Switch screen with animation
 119:Middlewares/lvgl/examples/widgets/list/../../../src/core/lv_disp.h ****  * @param scr pointer to the new screen to load
 120:Middlewares/lvgl/examples/widgets/list/../../../src/core/lv_disp.h ****  * @param anim_type type of the animation from `lv_scr_load_anim_t`. E.g.  `LV_SCR_LOAD_ANIM_MOVE_L
 121:Middlewares/lvgl/examples/widgets/list/../../../src/core/lv_disp.h ****  * @param time time of the animation
 122:Middlewares/lvgl/examples/widgets/list/../../../src/core/lv_disp.h ****  * @param delay delay before the transition
 123:Middlewares/lvgl/examples/widgets/list/../../../src/core/lv_disp.h ****  * @param auto_del true: automatically delete the old screen
 124:Middlewares/lvgl/examples/widgets/list/../../../src/core/lv_disp.h ****  */
 125:Middlewares/lvgl/examples/widgets/list/../../../src/core/lv_disp.h **** void lv_scr_load_anim(lv_obj_t * scr, lv_scr_load_anim_t anim_type, uint32_t time, uint32_t delay, 
 126:Middlewares/lvgl/examples/widgets/list/../../../src/core/lv_disp.h **** 
 127:Middlewares/lvgl/examples/widgets/list/../../../src/core/lv_disp.h **** /**
 128:Middlewares/lvgl/examples/widgets/list/../../../src/core/lv_disp.h ****  * Get elapsed time since last user activity on a display (e.g. click)
 129:Middlewares/lvgl/examples/widgets/list/../../../src/core/lv_disp.h ****  * @param disp pointer to an display (NULL to get the overall smallest inactivity)
 130:Middlewares/lvgl/examples/widgets/list/../../../src/core/lv_disp.h ****  * @return elapsed ticks (milliseconds) since the last activity
 131:Middlewares/lvgl/examples/widgets/list/../../../src/core/lv_disp.h ****  */
 132:Middlewares/lvgl/examples/widgets/list/../../../src/core/lv_disp.h **** uint32_t lv_disp_get_inactive_time(const lv_disp_t * disp);
 133:Middlewares/lvgl/examples/widgets/list/../../../src/core/lv_disp.h **** 
 134:Middlewares/lvgl/examples/widgets/list/../../../src/core/lv_disp.h **** /**
 135:Middlewares/lvgl/examples/widgets/list/../../../src/core/lv_disp.h ****  * Manually trigger an activity on a display
 136:Middlewares/lvgl/examples/widgets/list/../../../src/core/lv_disp.h ****  * @param disp pointer to an display (NULL to use the default display)
 137:Middlewares/lvgl/examples/widgets/list/../../../src/core/lv_disp.h ****  */
 138:Middlewares/lvgl/examples/widgets/list/../../../src/core/lv_disp.h **** void lv_disp_trig_activity(lv_disp_t * disp);
 139:Middlewares/lvgl/examples/widgets/list/../../../src/core/lv_disp.h **** 
 140:Middlewares/lvgl/examples/widgets/list/../../../src/core/lv_disp.h **** /**
 141:Middlewares/lvgl/examples/widgets/list/../../../src/core/lv_disp.h ****  * Clean any CPU cache that is related to the display.
 142:Middlewares/lvgl/examples/widgets/list/../../../src/core/lv_disp.h ****  * @param disp pointer to an display (NULL to use the default display)
 143:Middlewares/lvgl/examples/widgets/list/../../../src/core/lv_disp.h ****  */
 144:Middlewares/lvgl/examples/widgets/list/../../../src/core/lv_disp.h **** void lv_disp_clean_dcache(lv_disp_t * disp);
 145:Middlewares/lvgl/examples/widgets/list/../../../src/core/lv_disp.h **** 
 146:Middlewares/lvgl/examples/widgets/list/../../../src/core/lv_disp.h **** /**
 147:Middlewares/lvgl/examples/widgets/list/../../../src/core/lv_disp.h ****  * Get a pointer to the screen refresher timer to
 148:Middlewares/lvgl/examples/widgets/list/../../../src/core/lv_disp.h ****  * modify its parameters with `lv_timer_...` functions.
 149:Middlewares/lvgl/examples/widgets/list/../../../src/core/lv_disp.h ****  * @param disp pointer to a display
 150:Middlewares/lvgl/examples/widgets/list/../../../src/core/lv_disp.h ****  * @return pointer to the display refresher timer. (NULL on error)
 151:Middlewares/lvgl/examples/widgets/list/../../../src/core/lv_disp.h ****  */
 152:Middlewares/lvgl/examples/widgets/list/../../../src/core/lv_disp.h **** lv_timer_t * _lv_disp_get_refr_timer(lv_disp_t * disp);
 153:Middlewares/lvgl/examples/widgets/list/../../../src/core/lv_disp.h **** 
 154:Middlewares/lvgl/examples/widgets/list/../../../src/core/lv_disp.h **** /*------------------------------------------------
 155:Middlewares/lvgl/examples/widgets/list/../../../src/core/lv_disp.h ****  * To improve backward compatibility
 156:Middlewares/lvgl/examples/widgets/list/../../../src/core/lv_disp.h ****  * Recommended only if you have one display
 157:Middlewares/lvgl/examples/widgets/list/../../../src/core/lv_disp.h ****  *------------------------------------------------*/
 158:Middlewares/lvgl/examples/widgets/list/../../../src/core/lv_disp.h **** 
 159:Middlewares/lvgl/examples/widgets/list/../../../src/core/lv_disp.h **** /**
ARM GAS  /tmp/cc5KI2La.s 			page 7


 160:Middlewares/lvgl/examples/widgets/list/../../../src/core/lv_disp.h ****  * Get the active screen of the default display
 161:Middlewares/lvgl/examples/widgets/list/../../../src/core/lv_disp.h ****  * @return pointer to the active screen
 162:Middlewares/lvgl/examples/widgets/list/../../../src/core/lv_disp.h ****  */
 163:Middlewares/lvgl/examples/widgets/list/../../../src/core/lv_disp.h **** static inline lv_obj_t * lv_scr_act(void)
 155              		.loc 2 163 26 view .LVU12
 156              	.LBB9:
 164:Middlewares/lvgl/examples/widgets/list/../../../src/core/lv_disp.h **** {
 165:Middlewares/lvgl/examples/widgets/list/../../../src/core/lv_disp.h ****     return lv_disp_get_scr_act(lv_disp_get_default());
 157              		.loc 2 165 5 view .LVU13
 158              		.loc 2 165 12 is_stmt 0 view .LVU14
 159 0002 FFF7FEFF 		bl	lv_disp_get_default
 160              	.LVL3:
 161 0006 FFF7FEFF 		bl	lv_disp_get_scr_act
 162              	.LVL4:
 163              	.LBE9:
 164              	.LBE8:
 165              		.loc 1 16 13 view .LVU15
 166 000a FFF7FEFF 		bl	lv_list_create
 167              	.LVL5:
 168              		.loc 1 16 11 view .LVU16
 169 000e 444C     		ldr	r4, .L5
 170 0010 2060     		str	r0, [r4]
  17:Middlewares/lvgl/examples/widgets/list/lv_example_list_1.c ****     lv_obj_set_size(list1, 180, 220);
 171              		.loc 1 17 5 is_stmt 1 view .LVU17
 172 0012 DC22     		movs	r2, #220
 173 0014 B421     		movs	r1, #180
 174 0016 FFF7FEFF 		bl	lv_obj_set_size
 175              	.LVL6:
  18:Middlewares/lvgl/examples/widgets/list/lv_example_list_1.c ****     lv_obj_center(list1);
 176              		.loc 1 18 5 view .LVU18
 177              	.LBB10:
 178              	.LBI10:
 179              		.file 3 "Middlewares/lvgl/examples/widgets/list/../../../src/core/lv_obj_pos.h"
   1:Middlewares/lvgl/examples/widgets/list/../../../src/core/lv_obj_pos.h **** /**
   2:Middlewares/lvgl/examples/widgets/list/../../../src/core/lv_obj_pos.h ****  * @file lv_obj_pos.h
   3:Middlewares/lvgl/examples/widgets/list/../../../src/core/lv_obj_pos.h ****  *
   4:Middlewares/lvgl/examples/widgets/list/../../../src/core/lv_obj_pos.h ****  */
   5:Middlewares/lvgl/examples/widgets/list/../../../src/core/lv_obj_pos.h **** 
   6:Middlewares/lvgl/examples/widgets/list/../../../src/core/lv_obj_pos.h **** #ifndef LV_OBJ_POS_H
   7:Middlewares/lvgl/examples/widgets/list/../../../src/core/lv_obj_pos.h **** #define LV_OBJ_POS_H
   8:Middlewares/lvgl/examples/widgets/list/../../../src/core/lv_obj_pos.h **** 
   9:Middlewares/lvgl/examples/widgets/list/../../../src/core/lv_obj_pos.h **** #ifdef __cplusplus
  10:Middlewares/lvgl/examples/widgets/list/../../../src/core/lv_obj_pos.h **** extern "C" {
  11:Middlewares/lvgl/examples/widgets/list/../../../src/core/lv_obj_pos.h **** #endif
  12:Middlewares/lvgl/examples/widgets/list/../../../src/core/lv_obj_pos.h **** 
  13:Middlewares/lvgl/examples/widgets/list/../../../src/core/lv_obj_pos.h **** /*********************
  14:Middlewares/lvgl/examples/widgets/list/../../../src/core/lv_obj_pos.h ****  *      INCLUDES
  15:Middlewares/lvgl/examples/widgets/list/../../../src/core/lv_obj_pos.h ****  *********************/
  16:Middlewares/lvgl/examples/widgets/list/../../../src/core/lv_obj_pos.h **** #include "../misc/lv_area.h"
  17:Middlewares/lvgl/examples/widgets/list/../../../src/core/lv_obj_pos.h **** 
  18:Middlewares/lvgl/examples/widgets/list/../../../src/core/lv_obj_pos.h **** /*********************
  19:Middlewares/lvgl/examples/widgets/list/../../../src/core/lv_obj_pos.h ****  *      DEFINES
  20:Middlewares/lvgl/examples/widgets/list/../../../src/core/lv_obj_pos.h ****  *********************/
  21:Middlewares/lvgl/examples/widgets/list/../../../src/core/lv_obj_pos.h **** 
  22:Middlewares/lvgl/examples/widgets/list/../../../src/core/lv_obj_pos.h **** /**********************
  23:Middlewares/lvgl/examples/widgets/list/../../../src/core/lv_obj_pos.h ****  *      TYPEDEFS
  24:Middlewares/lvgl/examples/widgets/list/../../../src/core/lv_obj_pos.h ****  **********************/
ARM GAS  /tmp/cc5KI2La.s 			page 8


  25:Middlewares/lvgl/examples/widgets/list/../../../src/core/lv_obj_pos.h **** struct _lv_obj_t;
  26:Middlewares/lvgl/examples/widgets/list/../../../src/core/lv_obj_pos.h **** 
  27:Middlewares/lvgl/examples/widgets/list/../../../src/core/lv_obj_pos.h **** typedef void (*lv_layout_update_cb_t)(struct _lv_obj_t *, void * user_data);
  28:Middlewares/lvgl/examples/widgets/list/../../../src/core/lv_obj_pos.h **** typedef struct {
  29:Middlewares/lvgl/examples/widgets/list/../../../src/core/lv_obj_pos.h ****     lv_layout_update_cb_t cb;
  30:Middlewares/lvgl/examples/widgets/list/../../../src/core/lv_obj_pos.h ****     void * user_data;
  31:Middlewares/lvgl/examples/widgets/list/../../../src/core/lv_obj_pos.h **** }lv_layout_dsc_t;
  32:Middlewares/lvgl/examples/widgets/list/../../../src/core/lv_obj_pos.h **** 
  33:Middlewares/lvgl/examples/widgets/list/../../../src/core/lv_obj_pos.h **** /**********************
  34:Middlewares/lvgl/examples/widgets/list/../../../src/core/lv_obj_pos.h ****  * GLOBAL PROTOTYPES
  35:Middlewares/lvgl/examples/widgets/list/../../../src/core/lv_obj_pos.h ****  **********************/
  36:Middlewares/lvgl/examples/widgets/list/../../../src/core/lv_obj_pos.h **** 
  37:Middlewares/lvgl/examples/widgets/list/../../../src/core/lv_obj_pos.h **** /**
  38:Middlewares/lvgl/examples/widgets/list/../../../src/core/lv_obj_pos.h ****  * Set the relative the position of an object (relative to the parent's top left corner)
  39:Middlewares/lvgl/examples/widgets/list/../../../src/core/lv_obj_pos.h ****  * @param obj       pointer to an object
  40:Middlewares/lvgl/examples/widgets/list/../../../src/core/lv_obj_pos.h ****  * @param x         new distance from the left side of the parent plus the parent's left padding
  41:Middlewares/lvgl/examples/widgets/list/../../../src/core/lv_obj_pos.h ****  * @param y         new distance from the top side of the parent  plus the parent's right padding
  42:Middlewares/lvgl/examples/widgets/list/../../../src/core/lv_obj_pos.h ****  */
  43:Middlewares/lvgl/examples/widgets/list/../../../src/core/lv_obj_pos.h **** void lv_obj_set_pos(struct _lv_obj_t * obj, lv_coord_t x, lv_coord_t y);
  44:Middlewares/lvgl/examples/widgets/list/../../../src/core/lv_obj_pos.h **** 
  45:Middlewares/lvgl/examples/widgets/list/../../../src/core/lv_obj_pos.h **** /**
  46:Middlewares/lvgl/examples/widgets/list/../../../src/core/lv_obj_pos.h ****  * Set the x coordinate of a object
  47:Middlewares/lvgl/examples/widgets/list/../../../src/core/lv_obj_pos.h ****  * @param obj       pointer to an object
  48:Middlewares/lvgl/examples/widgets/list/../../../src/core/lv_obj_pos.h ****  * @param x         new distance from the left side from the parent plus the parent's left padding
  49:Middlewares/lvgl/examples/widgets/list/../../../src/core/lv_obj_pos.h ****  */
  50:Middlewares/lvgl/examples/widgets/list/../../../src/core/lv_obj_pos.h **** void lv_obj_set_x(struct _lv_obj_t * obj, lv_coord_t x);
  51:Middlewares/lvgl/examples/widgets/list/../../../src/core/lv_obj_pos.h **** 
  52:Middlewares/lvgl/examples/widgets/list/../../../src/core/lv_obj_pos.h **** /**
  53:Middlewares/lvgl/examples/widgets/list/../../../src/core/lv_obj_pos.h ****  * Set the y coordinate of a object
  54:Middlewares/lvgl/examples/widgets/list/../../../src/core/lv_obj_pos.h ****  * @param obj       pointer to an object
  55:Middlewares/lvgl/examples/widgets/list/../../../src/core/lv_obj_pos.h ****  * @param y         new distance from the top of the parent  plus the parent's top padding
  56:Middlewares/lvgl/examples/widgets/list/../../../src/core/lv_obj_pos.h ****  */
  57:Middlewares/lvgl/examples/widgets/list/../../../src/core/lv_obj_pos.h **** void lv_obj_set_y(struct _lv_obj_t * obj, lv_coord_t y);
  58:Middlewares/lvgl/examples/widgets/list/../../../src/core/lv_obj_pos.h **** 
  59:Middlewares/lvgl/examples/widgets/list/../../../src/core/lv_obj_pos.h **** /**
  60:Middlewares/lvgl/examples/widgets/list/../../../src/core/lv_obj_pos.h ****  * Set the size of an object.
  61:Middlewares/lvgl/examples/widgets/list/../../../src/core/lv_obj_pos.h ****  * @param obj       pointer to an object
  62:Middlewares/lvgl/examples/widgets/list/../../../src/core/lv_obj_pos.h ****  * @param w         the new width
  63:Middlewares/lvgl/examples/widgets/list/../../../src/core/lv_obj_pos.h ****  * @param h         the new height
  64:Middlewares/lvgl/examples/widgets/list/../../../src/core/lv_obj_pos.h ****  * @note            possible values are:
  65:Middlewares/lvgl/examples/widgets/list/../../../src/core/lv_obj_pos.h ****  *                  pixel               simple set the size accordingly
  66:Middlewares/lvgl/examples/widgets/list/../../../src/core/lv_obj_pos.h ****  *                  LV_SIZE_CONTENT     set the size to involve all children in the given direction
  67:Middlewares/lvgl/examples/widgets/list/../../../src/core/lv_obj_pos.h ****  *                  LV_SIZE_PCT(x)     to set size in percentage of the parent's content area size 
  68:Middlewares/lvgl/examples/widgets/list/../../../src/core/lv_obj_pos.h ****  *                                      x should be in [0..1000]% range
  69:Middlewares/lvgl/examples/widgets/list/../../../src/core/lv_obj_pos.h ****  */
  70:Middlewares/lvgl/examples/widgets/list/../../../src/core/lv_obj_pos.h **** void lv_obj_set_size(struct _lv_obj_t * obj, lv_coord_t w, lv_coord_t h);
  71:Middlewares/lvgl/examples/widgets/list/../../../src/core/lv_obj_pos.h **** 
  72:Middlewares/lvgl/examples/widgets/list/../../../src/core/lv_obj_pos.h **** /**
  73:Middlewares/lvgl/examples/widgets/list/../../../src/core/lv_obj_pos.h ****  * Recalculate the size of the object
  74:Middlewares/lvgl/examples/widgets/list/../../../src/core/lv_obj_pos.h ****  * @param obj       pointer to an object
  75:Middlewares/lvgl/examples/widgets/list/../../../src/core/lv_obj_pos.h ****  * @return          true: the size has been changed
  76:Middlewares/lvgl/examples/widgets/list/../../../src/core/lv_obj_pos.h ****  */
  77:Middlewares/lvgl/examples/widgets/list/../../../src/core/lv_obj_pos.h **** bool lv_obj_refr_size(struct _lv_obj_t * obj);
  78:Middlewares/lvgl/examples/widgets/list/../../../src/core/lv_obj_pos.h **** 
  79:Middlewares/lvgl/examples/widgets/list/../../../src/core/lv_obj_pos.h **** /**
  80:Middlewares/lvgl/examples/widgets/list/../../../src/core/lv_obj_pos.h ****  * Set the width of an object
  81:Middlewares/lvgl/examples/widgets/list/../../../src/core/lv_obj_pos.h ****  * @param obj       pointer to an object
ARM GAS  /tmp/cc5KI2La.s 			page 9


  82:Middlewares/lvgl/examples/widgets/list/../../../src/core/lv_obj_pos.h ****  * @param w         the new width
  83:Middlewares/lvgl/examples/widgets/list/../../../src/core/lv_obj_pos.h ****  * @note            possible values are:
  84:Middlewares/lvgl/examples/widgets/list/../../../src/core/lv_obj_pos.h ****  *                  pixel               simple set the size accordingly
  85:Middlewares/lvgl/examples/widgets/list/../../../src/core/lv_obj_pos.h ****  *                  LV_SIZE_CONTENT     set the size to involve all children in the given direction
  86:Middlewares/lvgl/examples/widgets/list/../../../src/core/lv_obj_pos.h ****  *                  lv_pct(x)           to set size in percentage of the parent's content area size
  87:Middlewares/lvgl/examples/widgets/list/../../../src/core/lv_obj_pos.h ****  *                                      x should be in [0..1000]% range
  88:Middlewares/lvgl/examples/widgets/list/../../../src/core/lv_obj_pos.h ****  */
  89:Middlewares/lvgl/examples/widgets/list/../../../src/core/lv_obj_pos.h **** void lv_obj_set_width(struct _lv_obj_t * obj, lv_coord_t w);
  90:Middlewares/lvgl/examples/widgets/list/../../../src/core/lv_obj_pos.h **** 
  91:Middlewares/lvgl/examples/widgets/list/../../../src/core/lv_obj_pos.h **** /**
  92:Middlewares/lvgl/examples/widgets/list/../../../src/core/lv_obj_pos.h ****  * Set the height of an object
  93:Middlewares/lvgl/examples/widgets/list/../../../src/core/lv_obj_pos.h ****  * @param obj       pointer to an object
  94:Middlewares/lvgl/examples/widgets/list/../../../src/core/lv_obj_pos.h ****  * @param h         the new height
  95:Middlewares/lvgl/examples/widgets/list/../../../src/core/lv_obj_pos.h ****  * @note            possible values are:
  96:Middlewares/lvgl/examples/widgets/list/../../../src/core/lv_obj_pos.h ****  *                  pixel               simple set the size accordingly
  97:Middlewares/lvgl/examples/widgets/list/../../../src/core/lv_obj_pos.h ****  *                  LV_SIZE_CONTENT     set the size to involve all children in the given direction
  98:Middlewares/lvgl/examples/widgets/list/../../../src/core/lv_obj_pos.h ****  *                  lv_pct(x)           to set size in percentage of the parent's content area size
  99:Middlewares/lvgl/examples/widgets/list/../../../src/core/lv_obj_pos.h ****  *                                      x should be in [0..1000]% range
 100:Middlewares/lvgl/examples/widgets/list/../../../src/core/lv_obj_pos.h ****  */
 101:Middlewares/lvgl/examples/widgets/list/../../../src/core/lv_obj_pos.h **** void lv_obj_set_height(struct _lv_obj_t * obj, lv_coord_t h);
 102:Middlewares/lvgl/examples/widgets/list/../../../src/core/lv_obj_pos.h **** 
 103:Middlewares/lvgl/examples/widgets/list/../../../src/core/lv_obj_pos.h **** /**
 104:Middlewares/lvgl/examples/widgets/list/../../../src/core/lv_obj_pos.h ****  * Set the width reduced by the left and right padding and the border width.
 105:Middlewares/lvgl/examples/widgets/list/../../../src/core/lv_obj_pos.h ****  * @param obj       pointer to an object
 106:Middlewares/lvgl/examples/widgets/list/../../../src/core/lv_obj_pos.h ****  * @param w         the width without paddings in pixels
 107:Middlewares/lvgl/examples/widgets/list/../../../src/core/lv_obj_pos.h ****  */
 108:Middlewares/lvgl/examples/widgets/list/../../../src/core/lv_obj_pos.h **** void lv_obj_set_content_width(struct _lv_obj_t * obj, lv_coord_t w);
 109:Middlewares/lvgl/examples/widgets/list/../../../src/core/lv_obj_pos.h **** 
 110:Middlewares/lvgl/examples/widgets/list/../../../src/core/lv_obj_pos.h **** /**
 111:Middlewares/lvgl/examples/widgets/list/../../../src/core/lv_obj_pos.h ****  * Set the height reduced by the top and bottom padding and the border width.
 112:Middlewares/lvgl/examples/widgets/list/../../../src/core/lv_obj_pos.h ****  * @param obj       pointer to an object
 113:Middlewares/lvgl/examples/widgets/list/../../../src/core/lv_obj_pos.h ****  * @param h         the height without paddings in pixels
 114:Middlewares/lvgl/examples/widgets/list/../../../src/core/lv_obj_pos.h ****  */
 115:Middlewares/lvgl/examples/widgets/list/../../../src/core/lv_obj_pos.h **** void lv_obj_set_content_height(struct _lv_obj_t * obj, lv_coord_t h);
 116:Middlewares/lvgl/examples/widgets/list/../../../src/core/lv_obj_pos.h **** 
 117:Middlewares/lvgl/examples/widgets/list/../../../src/core/lv_obj_pos.h **** /**
 118:Middlewares/lvgl/examples/widgets/list/../../../src/core/lv_obj_pos.h ****  * Set a layout for an object
 119:Middlewares/lvgl/examples/widgets/list/../../../src/core/lv_obj_pos.h ****  * @param obj       pointer to an object
 120:Middlewares/lvgl/examples/widgets/list/../../../src/core/lv_obj_pos.h ****  * @param layout    pointer to a layout descriptor to set
 121:Middlewares/lvgl/examples/widgets/list/../../../src/core/lv_obj_pos.h ****  */
 122:Middlewares/lvgl/examples/widgets/list/../../../src/core/lv_obj_pos.h **** void lv_obj_set_layout(struct _lv_obj_t * obj, uint32_t layout);
 123:Middlewares/lvgl/examples/widgets/list/../../../src/core/lv_obj_pos.h **** 
 124:Middlewares/lvgl/examples/widgets/list/../../../src/core/lv_obj_pos.h **** /**
 125:Middlewares/lvgl/examples/widgets/list/../../../src/core/lv_obj_pos.h ****  * Test whether the and object is positioned by a layout or not
 126:Middlewares/lvgl/examples/widgets/list/../../../src/core/lv_obj_pos.h ****  * @param obj       pointer to an object to test
 127:Middlewares/lvgl/examples/widgets/list/../../../src/core/lv_obj_pos.h ****  * @return true:    positioned by a layout; false: not positioned by a layout
 128:Middlewares/lvgl/examples/widgets/list/../../../src/core/lv_obj_pos.h ****  */
 129:Middlewares/lvgl/examples/widgets/list/../../../src/core/lv_obj_pos.h **** bool lv_obj_is_layout_positioned(const struct _lv_obj_t * obj);
 130:Middlewares/lvgl/examples/widgets/list/../../../src/core/lv_obj_pos.h **** 
 131:Middlewares/lvgl/examples/widgets/list/../../../src/core/lv_obj_pos.h **** /**
 132:Middlewares/lvgl/examples/widgets/list/../../../src/core/lv_obj_pos.h ****  * Mark the object for layout update.
 133:Middlewares/lvgl/examples/widgets/list/../../../src/core/lv_obj_pos.h ****  * @param obj      pointer to an object whose children needs to be updated
 134:Middlewares/lvgl/examples/widgets/list/../../../src/core/lv_obj_pos.h ****  */
 135:Middlewares/lvgl/examples/widgets/list/../../../src/core/lv_obj_pos.h **** void lv_obj_mark_layout_as_dirty(struct _lv_obj_t * obj);
 136:Middlewares/lvgl/examples/widgets/list/../../../src/core/lv_obj_pos.h **** 
 137:Middlewares/lvgl/examples/widgets/list/../../../src/core/lv_obj_pos.h **** /**
 138:Middlewares/lvgl/examples/widgets/list/../../../src/core/lv_obj_pos.h ****  * Update the layout of an object.
ARM GAS  /tmp/cc5KI2La.s 			page 10


 139:Middlewares/lvgl/examples/widgets/list/../../../src/core/lv_obj_pos.h ****  * @param obj      pointer to an object whose children needs to be updated
 140:Middlewares/lvgl/examples/widgets/list/../../../src/core/lv_obj_pos.h ****  */
 141:Middlewares/lvgl/examples/widgets/list/../../../src/core/lv_obj_pos.h **** void lv_obj_update_layout(const struct _lv_obj_t * obj);
 142:Middlewares/lvgl/examples/widgets/list/../../../src/core/lv_obj_pos.h **** 
 143:Middlewares/lvgl/examples/widgets/list/../../../src/core/lv_obj_pos.h **** /**
 144:Middlewares/lvgl/examples/widgets/list/../../../src/core/lv_obj_pos.h ****  * Regsiter a new layout
 145:Middlewares/lvgl/examples/widgets/list/../../../src/core/lv_obj_pos.h ****  * @param cb        the layout update callback
 146:Middlewares/lvgl/examples/widgets/list/../../../src/core/lv_obj_pos.h ****  * @param user_data custom data that will be passed to `cb`
 147:Middlewares/lvgl/examples/widgets/list/../../../src/core/lv_obj_pos.h ****  * @return          the ID of the new layout
 148:Middlewares/lvgl/examples/widgets/list/../../../src/core/lv_obj_pos.h ****  */
 149:Middlewares/lvgl/examples/widgets/list/../../../src/core/lv_obj_pos.h **** uint32_t lv_layout_register(lv_layout_update_cb_t cb, void * user_data);
 150:Middlewares/lvgl/examples/widgets/list/../../../src/core/lv_obj_pos.h **** 
 151:Middlewares/lvgl/examples/widgets/list/../../../src/core/lv_obj_pos.h **** /**
 152:Middlewares/lvgl/examples/widgets/list/../../../src/core/lv_obj_pos.h ****  * Change the alignment of an object.
 153:Middlewares/lvgl/examples/widgets/list/../../../src/core/lv_obj_pos.h ****  * @param obj       pointer to an object to align
 154:Middlewares/lvgl/examples/widgets/list/../../../src/core/lv_obj_pos.h ****  * @param align     type of alignment (see 'lv_align_t' enum) `LV_ALIGN_OUT_...` can't be used.
 155:Middlewares/lvgl/examples/widgets/list/../../../src/core/lv_obj_pos.h ****  */
 156:Middlewares/lvgl/examples/widgets/list/../../../src/core/lv_obj_pos.h **** void lv_obj_set_align(struct _lv_obj_t * obj, lv_align_t align);
 157:Middlewares/lvgl/examples/widgets/list/../../../src/core/lv_obj_pos.h **** 
 158:Middlewares/lvgl/examples/widgets/list/../../../src/core/lv_obj_pos.h **** /**
 159:Middlewares/lvgl/examples/widgets/list/../../../src/core/lv_obj_pos.h ****  * Change the alignment of an object and set new coordinates.
 160:Middlewares/lvgl/examples/widgets/list/../../../src/core/lv_obj_pos.h ****  * Equivalent to:
 161:Middlewares/lvgl/examples/widgets/list/../../../src/core/lv_obj_pos.h ****  * lv_obj_set_align(obj, align);
 162:Middlewares/lvgl/examples/widgets/list/../../../src/core/lv_obj_pos.h ****  * lv_obj_set_pos(obj, x_ofs, y_ofs);
 163:Middlewares/lvgl/examples/widgets/list/../../../src/core/lv_obj_pos.h ****  * @param obj       pointer to an object to align
 164:Middlewares/lvgl/examples/widgets/list/../../../src/core/lv_obj_pos.h ****  * @param align     type of alignment (see 'lv_align_t' enum) `LV_ALIGN_OUT_...` can't be used.
 165:Middlewares/lvgl/examples/widgets/list/../../../src/core/lv_obj_pos.h ****  * @param x_ofs     x coordinate offset after alignment
 166:Middlewares/lvgl/examples/widgets/list/../../../src/core/lv_obj_pos.h ****  * @param y_ofs     y coordinate offset after alignment
 167:Middlewares/lvgl/examples/widgets/list/../../../src/core/lv_obj_pos.h ****  */
 168:Middlewares/lvgl/examples/widgets/list/../../../src/core/lv_obj_pos.h **** void lv_obj_align(struct _lv_obj_t * obj, lv_align_t align, lv_coord_t x_ofs, lv_coord_t y_ofs);
 169:Middlewares/lvgl/examples/widgets/list/../../../src/core/lv_obj_pos.h **** 
 170:Middlewares/lvgl/examples/widgets/list/../../../src/core/lv_obj_pos.h **** /**
 171:Middlewares/lvgl/examples/widgets/list/../../../src/core/lv_obj_pos.h ****  * Align an object to an other object.
 172:Middlewares/lvgl/examples/widgets/list/../../../src/core/lv_obj_pos.h ****  * @param obj       pointer to an object to align
 173:Middlewares/lvgl/examples/widgets/list/../../../src/core/lv_obj_pos.h ****  * @param base      pointer to an other object (if NULL `obj`s parent is used). 'obj' will be align
 174:Middlewares/lvgl/examples/widgets/list/../../../src/core/lv_obj_pos.h ****  * @param align     type of alignment (see 'lv_align_t' enum)
 175:Middlewares/lvgl/examples/widgets/list/../../../src/core/lv_obj_pos.h ****  * @param x_ofs     x coordinate offset after alignment
 176:Middlewares/lvgl/examples/widgets/list/../../../src/core/lv_obj_pos.h ****  * @param y_ofs     y coordinate offset after alignment
 177:Middlewares/lvgl/examples/widgets/list/../../../src/core/lv_obj_pos.h ****  * @note            if the position or size of `base` changes `obj` needs to be aligned manually ag
 178:Middlewares/lvgl/examples/widgets/list/../../../src/core/lv_obj_pos.h ****  */
 179:Middlewares/lvgl/examples/widgets/list/../../../src/core/lv_obj_pos.h **** void lv_obj_align_to(struct _lv_obj_t * obj, const struct _lv_obj_t * base, lv_align_t align, lv_co
 180:Middlewares/lvgl/examples/widgets/list/../../../src/core/lv_obj_pos.h **** 
 181:Middlewares/lvgl/examples/widgets/list/../../../src/core/lv_obj_pos.h **** /**
 182:Middlewares/lvgl/examples/widgets/list/../../../src/core/lv_obj_pos.h ****  * Align an object to the center on its parent.
 183:Middlewares/lvgl/examples/widgets/list/../../../src/core/lv_obj_pos.h ****  * @param obj       pointer to an object to align
 184:Middlewares/lvgl/examples/widgets/list/../../../src/core/lv_obj_pos.h ****  * @note            if the parent size changes `obj` needs to be aligned manually again
 185:Middlewares/lvgl/examples/widgets/list/../../../src/core/lv_obj_pos.h ****  */
 186:Middlewares/lvgl/examples/widgets/list/../../../src/core/lv_obj_pos.h **** static inline void lv_obj_center(struct _lv_obj_t * obj)
 180              		.loc 3 186 20 view .LVU19
 181              	.LBB11:
 187:Middlewares/lvgl/examples/widgets/list/../../../src/core/lv_obj_pos.h **** {
 188:Middlewares/lvgl/examples/widgets/list/../../../src/core/lv_obj_pos.h ****     lv_obj_align(obj, LV_ALIGN_CENTER, 0, 0);
 182              		.loc 3 188 5 view .LVU20
 183 001a 0023     		movs	r3, #0
 184 001c 1A46     		mov	r2, r3
 185 001e 0921     		movs	r1, #9
 186 0020 2068     		ldr	r0, [r4]
ARM GAS  /tmp/cc5KI2La.s 			page 11


 187 0022 FFF7FEFF 		bl	lv_obj_align
 188              	.LVL7:
 189              		.loc 3 188 5 is_stmt 0 view .LVU21
 190              	.LBE11:
 191              	.LBE10:
  19:Middlewares/lvgl/examples/widgets/list/lv_example_list_1.c **** 
  20:Middlewares/lvgl/examples/widgets/list/lv_example_list_1.c ****     /*Add buttons to the list*/
  21:Middlewares/lvgl/examples/widgets/list/lv_example_list_1.c ****     lv_obj_t * btn;
 192              		.loc 1 21 5 is_stmt 1 view .LVU22
  22:Middlewares/lvgl/examples/widgets/list/lv_example_list_1.c **** 
  23:Middlewares/lvgl/examples/widgets/list/lv_example_list_1.c ****     lv_list_add_text(list1, "File");
 193              		.loc 1 23 5 view .LVU23
 194 0026 3F49     		ldr	r1, .L5+4
 195 0028 2068     		ldr	r0, [r4]
 196 002a FFF7FEFF 		bl	lv_list_add_text
 197              	.LVL8:
  24:Middlewares/lvgl/examples/widgets/list/lv_example_list_1.c ****     btn = lv_list_add_btn(list1, LV_SYMBOL_FILE, "New");
 198              		.loc 1 24 5 view .LVU24
 199              		.loc 1 24 11 is_stmt 0 view .LVU25
 200 002e 3E4A     		ldr	r2, .L5+8
 201 0030 3E49     		ldr	r1, .L5+12
 202 0032 2068     		ldr	r0, [r4]
 203 0034 FFF7FEFF 		bl	lv_list_add_btn
 204              	.LVL9:
  25:Middlewares/lvgl/examples/widgets/list/lv_example_list_1.c ****     lv_obj_add_event_cb(btn, event_handler, LV_EVENT_CLICKED, NULL);
 205              		.loc 1 25 5 is_stmt 1 view .LVU26
 206 0038 3D4D     		ldr	r5, .L5+16
 207 003a 0023     		movs	r3, #0
 208 003c 0722     		movs	r2, #7
 209 003e 2946     		mov	r1, r5
 210 0040 FFF7FEFF 		bl	lv_obj_add_event_cb
 211              	.LVL10:
  26:Middlewares/lvgl/examples/widgets/list/lv_example_list_1.c ****     btn = lv_list_add_btn(list1, LV_SYMBOL_DIRECTORY, "Open");
 212              		.loc 1 26 5 view .LVU27
 213              		.loc 1 26 11 is_stmt 0 view .LVU28
 214 0044 3B4A     		ldr	r2, .L5+20
 215 0046 3C49     		ldr	r1, .L5+24
 216 0048 2068     		ldr	r0, [r4]
 217 004a FFF7FEFF 		bl	lv_list_add_btn
 218              	.LVL11:
  27:Middlewares/lvgl/examples/widgets/list/lv_example_list_1.c ****     lv_obj_add_event_cb(btn, event_handler, LV_EVENT_CLICKED, NULL);
 219              		.loc 1 27 5 is_stmt 1 view .LVU29
 220 004e 0023     		movs	r3, #0
 221 0050 0722     		movs	r2, #7
 222 0052 2946     		mov	r1, r5
 223 0054 FFF7FEFF 		bl	lv_obj_add_event_cb
 224              	.LVL12:
  28:Middlewares/lvgl/examples/widgets/list/lv_example_list_1.c ****     btn = lv_list_add_btn(list1, LV_SYMBOL_SAVE, "Save");
 225              		.loc 1 28 5 view .LVU30
 226              		.loc 1 28 11 is_stmt 0 view .LVU31
 227 0058 384A     		ldr	r2, .L5+28
 228 005a 3949     		ldr	r1, .L5+32
 229 005c 2068     		ldr	r0, [r4]
 230 005e FFF7FEFF 		bl	lv_list_add_btn
 231              	.LVL13:
  29:Middlewares/lvgl/examples/widgets/list/lv_example_list_1.c ****     lv_obj_add_event_cb(btn, event_handler, LV_EVENT_CLICKED, NULL);
 232              		.loc 1 29 5 is_stmt 1 view .LVU32
ARM GAS  /tmp/cc5KI2La.s 			page 12


 233 0062 0023     		movs	r3, #0
 234 0064 0722     		movs	r2, #7
 235 0066 2946     		mov	r1, r5
 236 0068 FFF7FEFF 		bl	lv_obj_add_event_cb
 237              	.LVL14:
  30:Middlewares/lvgl/examples/widgets/list/lv_example_list_1.c ****     btn = lv_list_add_btn(list1, LV_SYMBOL_CLOSE, "Delete");
 238              		.loc 1 30 5 view .LVU33
 239              		.loc 1 30 11 is_stmt 0 view .LVU34
 240 006c 354E     		ldr	r6, .L5+36
 241 006e 364A     		ldr	r2, .L5+40
 242 0070 3146     		mov	r1, r6
 243 0072 2068     		ldr	r0, [r4]
 244 0074 FFF7FEFF 		bl	lv_list_add_btn
 245              	.LVL15:
  31:Middlewares/lvgl/examples/widgets/list/lv_example_list_1.c ****     lv_obj_add_event_cb(btn, event_handler, LV_EVENT_CLICKED, NULL);
 246              		.loc 1 31 5 is_stmt 1 view .LVU35
 247 0078 0023     		movs	r3, #0
 248 007a 0722     		movs	r2, #7
 249 007c 2946     		mov	r1, r5
 250 007e FFF7FEFF 		bl	lv_obj_add_event_cb
 251              	.LVL16:
  32:Middlewares/lvgl/examples/widgets/list/lv_example_list_1.c ****     btn = lv_list_add_btn(list1, LV_SYMBOL_EDIT, "Edit");
 252              		.loc 1 32 5 view .LVU36
 253              		.loc 1 32 11 is_stmt 0 view .LVU37
 254 0082 324A     		ldr	r2, .L5+44
 255 0084 3249     		ldr	r1, .L5+48
 256 0086 2068     		ldr	r0, [r4]
 257 0088 FFF7FEFF 		bl	lv_list_add_btn
 258              	.LVL17:
  33:Middlewares/lvgl/examples/widgets/list/lv_example_list_1.c ****     lv_obj_add_event_cb(btn, event_handler, LV_EVENT_CLICKED, NULL);
 259              		.loc 1 33 5 is_stmt 1 view .LVU38
 260 008c 0023     		movs	r3, #0
 261 008e 0722     		movs	r2, #7
 262 0090 2946     		mov	r1, r5
 263 0092 FFF7FEFF 		bl	lv_obj_add_event_cb
 264              	.LVL18:
  34:Middlewares/lvgl/examples/widgets/list/lv_example_list_1.c **** 
  35:Middlewares/lvgl/examples/widgets/list/lv_example_list_1.c ****     lv_list_add_text(list1, "Connectivity");
 265              		.loc 1 35 5 view .LVU39
 266 0096 2F49     		ldr	r1, .L5+52
 267 0098 2068     		ldr	r0, [r4]
 268 009a FFF7FEFF 		bl	lv_list_add_text
 269              	.LVL19:
  36:Middlewares/lvgl/examples/widgets/list/lv_example_list_1.c ****     btn = lv_list_add_btn(list1, LV_SYMBOL_BLUETOOTH, "Bluetooth");
 270              		.loc 1 36 5 view .LVU40
 271              		.loc 1 36 11 is_stmt 0 view .LVU41
 272 009e 2E4A     		ldr	r2, .L5+56
 273 00a0 2E49     		ldr	r1, .L5+60
 274 00a2 2068     		ldr	r0, [r4]
 275 00a4 FFF7FEFF 		bl	lv_list_add_btn
 276              	.LVL20:
  37:Middlewares/lvgl/examples/widgets/list/lv_example_list_1.c ****     lv_obj_add_event_cb(btn, event_handler, LV_EVENT_CLICKED, NULL);
 277              		.loc 1 37 5 is_stmt 1 view .LVU42
 278 00a8 0023     		movs	r3, #0
 279 00aa 0722     		movs	r2, #7
 280 00ac 2946     		mov	r1, r5
 281 00ae FFF7FEFF 		bl	lv_obj_add_event_cb
ARM GAS  /tmp/cc5KI2La.s 			page 13


 282              	.LVL21:
  38:Middlewares/lvgl/examples/widgets/list/lv_example_list_1.c ****     btn = lv_list_add_btn(list1, LV_SYMBOL_GPS, "Navigation");
 283              		.loc 1 38 5 view .LVU43
 284              		.loc 1 38 11 is_stmt 0 view .LVU44
 285 00b2 2B4A     		ldr	r2, .L5+64
 286 00b4 2B49     		ldr	r1, .L5+68
 287 00b6 2068     		ldr	r0, [r4]
 288 00b8 FFF7FEFF 		bl	lv_list_add_btn
 289              	.LVL22:
  39:Middlewares/lvgl/examples/widgets/list/lv_example_list_1.c ****     lv_obj_add_event_cb(btn, event_handler, LV_EVENT_CLICKED, NULL);
 290              		.loc 1 39 5 is_stmt 1 view .LVU45
 291 00bc 0023     		movs	r3, #0
 292 00be 0722     		movs	r2, #7
 293 00c0 2946     		mov	r1, r5
 294 00c2 FFF7FEFF 		bl	lv_obj_add_event_cb
 295              	.LVL23:
  40:Middlewares/lvgl/examples/widgets/list/lv_example_list_1.c ****     btn = lv_list_add_btn(list1, LV_SYMBOL_USB, "USB");
 296              		.loc 1 40 5 view .LVU46
 297              		.loc 1 40 11 is_stmt 0 view .LVU47
 298 00c6 284A     		ldr	r2, .L5+72
 299 00c8 2849     		ldr	r1, .L5+76
 300 00ca 2068     		ldr	r0, [r4]
 301 00cc FFF7FEFF 		bl	lv_list_add_btn
 302              	.LVL24:
  41:Middlewares/lvgl/examples/widgets/list/lv_example_list_1.c ****     lv_obj_add_event_cb(btn, event_handler, LV_EVENT_CLICKED, NULL);
 303              		.loc 1 41 5 is_stmt 1 view .LVU48
 304 00d0 0023     		movs	r3, #0
 305 00d2 0722     		movs	r2, #7
 306 00d4 2946     		mov	r1, r5
 307 00d6 FFF7FEFF 		bl	lv_obj_add_event_cb
 308              	.LVL25:
  42:Middlewares/lvgl/examples/widgets/list/lv_example_list_1.c ****     btn = lv_list_add_btn(list1, LV_SYMBOL_BATTERY_FULL, "Battery");
 309              		.loc 1 42 5 view .LVU49
 310              		.loc 1 42 11 is_stmt 0 view .LVU50
 311 00da 254A     		ldr	r2, .L5+80
 312 00dc 2549     		ldr	r1, .L5+84
 313 00de 2068     		ldr	r0, [r4]
 314 00e0 FFF7FEFF 		bl	lv_list_add_btn
 315              	.LVL26:
  43:Middlewares/lvgl/examples/widgets/list/lv_example_list_1.c ****     lv_obj_add_event_cb(btn, event_handler, LV_EVENT_CLICKED, NULL);
 316              		.loc 1 43 5 is_stmt 1 view .LVU51
 317 00e4 0023     		movs	r3, #0
 318 00e6 0722     		movs	r2, #7
 319 00e8 2946     		mov	r1, r5
 320 00ea FFF7FEFF 		bl	lv_obj_add_event_cb
 321              	.LVL27:
  44:Middlewares/lvgl/examples/widgets/list/lv_example_list_1.c **** 
  45:Middlewares/lvgl/examples/widgets/list/lv_example_list_1.c ****     lv_list_add_text(list1, "Exit");
 322              		.loc 1 45 5 view .LVU52
 323 00ee 2249     		ldr	r1, .L5+88
 324 00f0 2068     		ldr	r0, [r4]
 325 00f2 FFF7FEFF 		bl	lv_list_add_text
 326              	.LVL28:
  46:Middlewares/lvgl/examples/widgets/list/lv_example_list_1.c ****     btn = lv_list_add_btn(list1, LV_SYMBOL_OK, "Apply");
 327              		.loc 1 46 5 view .LVU53
 328              		.loc 1 46 11 is_stmt 0 view .LVU54
 329 00f6 214A     		ldr	r2, .L5+92
ARM GAS  /tmp/cc5KI2La.s 			page 14


 330 00f8 2149     		ldr	r1, .L5+96
 331 00fa 2068     		ldr	r0, [r4]
 332 00fc FFF7FEFF 		bl	lv_list_add_btn
 333              	.LVL29:
  47:Middlewares/lvgl/examples/widgets/list/lv_example_list_1.c ****     lv_obj_add_event_cb(btn, event_handler, LV_EVENT_CLICKED, NULL);
 334              		.loc 1 47 5 is_stmt 1 view .LVU55
 335 0100 0023     		movs	r3, #0
 336 0102 0722     		movs	r2, #7
 337 0104 2946     		mov	r1, r5
 338 0106 FFF7FEFF 		bl	lv_obj_add_event_cb
 339              	.LVL30:
  48:Middlewares/lvgl/examples/widgets/list/lv_example_list_1.c ****     btn = lv_list_add_btn(list1, LV_SYMBOL_CLOSE, "Close");
 340              		.loc 1 48 5 view .LVU56
 341              		.loc 1 48 11 is_stmt 0 view .LVU57
 342 010a 1E4A     		ldr	r2, .L5+100
 343 010c 3146     		mov	r1, r6
 344 010e 2068     		ldr	r0, [r4]
 345 0110 FFF7FEFF 		bl	lv_list_add_btn
 346              	.LVL31:
  49:Middlewares/lvgl/examples/widgets/list/lv_example_list_1.c ****     lv_obj_add_event_cb(btn, event_handler, LV_EVENT_CLICKED, NULL);
 347              		.loc 1 49 5 is_stmt 1 view .LVU58
 348 0114 0023     		movs	r3, #0
 349 0116 0722     		movs	r2, #7
 350 0118 2946     		mov	r1, r5
 351 011a FFF7FEFF 		bl	lv_obj_add_event_cb
 352              	.LVL32:
  50:Middlewares/lvgl/examples/widgets/list/lv_example_list_1.c **** }
 353              		.loc 1 50 1 is_stmt 0 view .LVU59
 354 011e 70BD     		pop	{r4, r5, r6, pc}
 355              	.L6:
 356              		.align	2
 357              	.L5:
 358 0120 00000000 		.word	.LANCHOR0
 359 0124 00000000 		.word	.LC0
 360 0128 08000000 		.word	.LC1
 361 012c 0C000000 		.word	.LC2
 362 0130 00000000 		.word	event_handler
 363 0134 10000000 		.word	.LC3
 364 0138 18000000 		.word	.LC4
 365 013c 1C000000 		.word	.LC5
 366 0140 24000000 		.word	.LC6
 367 0144 30000000 		.word	.LC8
 368 0148 28000000 		.word	.LC7
 369 014c 34000000 		.word	.LC9
 370 0150 3C000000 		.word	.LC10
 371 0154 40000000 		.word	.LC11
 372 0158 50000000 		.word	.LC12
 373 015c 5C000000 		.word	.LC13
 374 0160 60000000 		.word	.LC14
 375 0164 6C000000 		.word	.LC15
 376 0168 70000000 		.word	.LC16
 377 016c 74000000 		.word	.LC17
 378 0170 78000000 		.word	.LC18
 379 0174 80000000 		.word	.LC19
 380 0178 84000000 		.word	.LC20
 381 017c 8C000000 		.word	.LC21
 382 0180 94000000 		.word	.LC22
ARM GAS  /tmp/cc5KI2La.s 			page 15


 383 0184 98000000 		.word	.LC23
 384              		.cfi_endproc
 385              	.LFE185:
 387              		.section	.bss.list1,"aw",%nobits
 388              		.align	2
 389              		.set	.LANCHOR0,. + 0
 392              	list1:
 393 0000 00000000 		.space	4
 394              		.text
 395              	.Letext0:
 396              		.file 4 "/home/akinya/gcc-arm-none-eabi/arm-none-eabi/include/machine/_default_types.h"
 397              		.file 5 "/home/akinya/gcc-arm-none-eabi/arm-none-eabi/include/sys/_stdint.h"
 398              		.file 6 "Middlewares/lvgl/examples/widgets/list/../../../src/misc/lv_ll.h"
 399              		.file 7 "Middlewares/lvgl/examples/widgets/list/../../../src/hal/../misc/lv_color.h"
 400              		.file 8 "Middlewares/lvgl/examples/widgets/list/../../../src/hal/../misc/lv_area.h"
 401              		.file 9 "Middlewares/lvgl/examples/widgets/list/../../../src/core/lv_obj.h"
 402              		.file 10 "Middlewares/lvgl/examples/widgets/list/../../../src/core/lv_group.h"
 403              		.file 11 "Middlewares/lvgl/examples/widgets/list/../../../src/core/../misc/lv_style.h"
 404              		.file 12 "Middlewares/lvgl/examples/widgets/list/../../../src/core/lv_obj_scroll.h"
 405              		.file 13 "Middlewares/lvgl/examples/widgets/list/../../../src/core/lv_obj_style.h"
 406              		.file 14 "Middlewares/lvgl/examples/widgets/list/../../../src/core/lv_obj_class.h"
 407              		.file 15 "Middlewares/lvgl/examples/widgets/list/../../../src/core/lv_event.h"
 408              		.file 16 "Middlewares/lvgl/examples/widgets/list/../../../src/widgets/lv_bar.h"
 409              		.file 17 "Middlewares/lvgl/examples/widgets/list/../../../src/extra/widgets/imgbtn/lv_imgbtn.h"
 410              		.file 18 "Middlewares/lvgl/examples/widgets/list/../../../src/hal/lv_hal_disp.h"
 411              		.file 19 "Middlewares/lvgl/examples/widgets/list/../../../src/extra/widgets/list/lv_list.h"
ARM GAS  /tmp/cc5KI2La.s 			page 16


DEFINED SYMBOLS
                            *ABS*:0000000000000000 lv_example_list_1.c
     /tmp/cc5KI2La.s:18     .text.event_handler:0000000000000000 $t
     /tmp/cc5KI2La.s:25     .text.event_handler:0000000000000000 event_handler
     /tmp/cc5KI2La.s:58     .rodata.lv_example_list_1.str1.4:0000000000000000 $d
     /tmp/cc5KI2La.s:131    .text.lv_example_list_1:0000000000000000 $t
     /tmp/cc5KI2La.s:138    .text.lv_example_list_1:0000000000000000 lv_example_list_1
     /tmp/cc5KI2La.s:358    .text.lv_example_list_1:0000000000000120 $d
     /tmp/cc5KI2La.s:388    .bss.list1:0000000000000000 $d
     /tmp/cc5KI2La.s:392    .bss.list1:0000000000000000 list1

UNDEFINED SYMBOLS
lv_event_get_code
lv_event_get_target
lv_disp_get_default
lv_disp_get_scr_act
lv_list_create
lv_obj_set_size
lv_obj_align
lv_list_add_text
lv_list_add_btn
lv_obj_add_event_cb
