ARM GAS  /tmp/ccp7A8PG.s 			page 1


   1              		.cpu cortex-m4
   2              		.eabi_attribute 27, 1
   3              		.eabi_attribute 28, 1
   4              		.eabi_attribute 20, 1
   5              		.eabi_attribute 21, 1
   6              		.eabi_attribute 23, 3
   7              		.eabi_attribute 24, 1
   8              		.eabi_attribute 25, 1
   9              		.eabi_attribute 26, 1
  10              		.eabi_attribute 30, 1
  11              		.eabi_attribute 34, 1
  12              		.eabi_attribute 18, 4
  13              		.file	"lv_example_obj_1.c"
  14              		.text
  15              	.Ltext0:
  16              		.cfi_sections	.debug_frame
  17              		.section	.text.lv_example_obj_1,"ax",%progbits
  18              		.align	1
  19              		.global	lv_example_obj_1
  20              		.arch armv7e-m
  21              		.syntax unified
  22              		.thumb
  23              		.thumb_func
  24              		.fpu fpv4-sp-d16
  26              	lv_example_obj_1:
  27              	.LFB184:
  28              		.file 1 "Middlewares/lvgl/examples/widgets/obj/lv_example_obj_1.c"
   1:Middlewares/lvgl/examples/widgets/obj/lv_example_obj_1.c **** #include "../../lv_examples.h"
   2:Middlewares/lvgl/examples/widgets/obj/lv_example_obj_1.c **** #if LV_BUILD_EXAMPLES
   3:Middlewares/lvgl/examples/widgets/obj/lv_example_obj_1.c **** 
   4:Middlewares/lvgl/examples/widgets/obj/lv_example_obj_1.c **** void lv_example_obj_1(void)
   5:Middlewares/lvgl/examples/widgets/obj/lv_example_obj_1.c **** {
  29              		.loc 1 5 1 view -0
  30              		.cfi_startproc
  31              		@ args = 0, pretend = 0, frame = 0
  32              		@ frame_needed = 0, uses_anonymous_args = 0
  33 0000 38B5     		push	{r3, r4, r5, lr}
  34              	.LCFI0:
  35              		.cfi_def_cfa_offset 16
  36              		.cfi_offset 3, -16
  37              		.cfi_offset 4, -12
  38              		.cfi_offset 5, -8
  39              		.cfi_offset 14, -4
   6:Middlewares/lvgl/examples/widgets/obj/lv_example_obj_1.c ****     lv_obj_t * obj1;
  40              		.loc 1 6 5 view .LVU1
   7:Middlewares/lvgl/examples/widgets/obj/lv_example_obj_1.c ****     obj1 = lv_obj_create(lv_scr_act());
  41              		.loc 1 7 5 view .LVU2
  42              	.LBB6:
  43              	.LBI6:
  44              		.file 2 "Middlewares/lvgl/examples/widgets/obj/../../../src/core/lv_disp.h"
   1:Middlewares/lvgl/examples/widgets/obj/../../../src/core/lv_disp.h **** /**
   2:Middlewares/lvgl/examples/widgets/obj/../../../src/core/lv_disp.h ****  * @file lv_disp.h
   3:Middlewares/lvgl/examples/widgets/obj/../../../src/core/lv_disp.h ****  *
   4:Middlewares/lvgl/examples/widgets/obj/../../../src/core/lv_disp.h ****  */
   5:Middlewares/lvgl/examples/widgets/obj/../../../src/core/lv_disp.h **** 
   6:Middlewares/lvgl/examples/widgets/obj/../../../src/core/lv_disp.h **** #ifndef LV_DISP_H
   7:Middlewares/lvgl/examples/widgets/obj/../../../src/core/lv_disp.h **** #define LV_DISP_H
ARM GAS  /tmp/ccp7A8PG.s 			page 2


   8:Middlewares/lvgl/examples/widgets/obj/../../../src/core/lv_disp.h **** 
   9:Middlewares/lvgl/examples/widgets/obj/../../../src/core/lv_disp.h **** #ifdef __cplusplus
  10:Middlewares/lvgl/examples/widgets/obj/../../../src/core/lv_disp.h **** extern "C" {
  11:Middlewares/lvgl/examples/widgets/obj/../../../src/core/lv_disp.h **** #endif
  12:Middlewares/lvgl/examples/widgets/obj/../../../src/core/lv_disp.h **** 
  13:Middlewares/lvgl/examples/widgets/obj/../../../src/core/lv_disp.h **** /*********************
  14:Middlewares/lvgl/examples/widgets/obj/../../../src/core/lv_disp.h ****  *      INCLUDES
  15:Middlewares/lvgl/examples/widgets/obj/../../../src/core/lv_disp.h ****  *********************/
  16:Middlewares/lvgl/examples/widgets/obj/../../../src/core/lv_disp.h **** #include "../hal/lv_hal.h"
  17:Middlewares/lvgl/examples/widgets/obj/../../../src/core/lv_disp.h **** #include "lv_obj.h"
  18:Middlewares/lvgl/examples/widgets/obj/../../../src/core/lv_disp.h **** #include "lv_theme.h"
  19:Middlewares/lvgl/examples/widgets/obj/../../../src/core/lv_disp.h **** 
  20:Middlewares/lvgl/examples/widgets/obj/../../../src/core/lv_disp.h **** /*********************
  21:Middlewares/lvgl/examples/widgets/obj/../../../src/core/lv_disp.h ****  *      DEFINES
  22:Middlewares/lvgl/examples/widgets/obj/../../../src/core/lv_disp.h ****  *********************/
  23:Middlewares/lvgl/examples/widgets/obj/../../../src/core/lv_disp.h **** 
  24:Middlewares/lvgl/examples/widgets/obj/../../../src/core/lv_disp.h **** /**********************
  25:Middlewares/lvgl/examples/widgets/obj/../../../src/core/lv_disp.h ****  *      TYPEDEFS
  26:Middlewares/lvgl/examples/widgets/obj/../../../src/core/lv_disp.h ****  **********************/
  27:Middlewares/lvgl/examples/widgets/obj/../../../src/core/lv_disp.h **** 
  28:Middlewares/lvgl/examples/widgets/obj/../../../src/core/lv_disp.h **** typedef enum {
  29:Middlewares/lvgl/examples/widgets/obj/../../../src/core/lv_disp.h ****     LV_SCR_LOAD_ANIM_NONE,
  30:Middlewares/lvgl/examples/widgets/obj/../../../src/core/lv_disp.h ****     LV_SCR_LOAD_ANIM_OVER_LEFT,
  31:Middlewares/lvgl/examples/widgets/obj/../../../src/core/lv_disp.h ****     LV_SCR_LOAD_ANIM_OVER_RIGHT,
  32:Middlewares/lvgl/examples/widgets/obj/../../../src/core/lv_disp.h ****     LV_SCR_LOAD_ANIM_OVER_TOP,
  33:Middlewares/lvgl/examples/widgets/obj/../../../src/core/lv_disp.h ****     LV_SCR_LOAD_ANIM_OVER_BOTTOM,
  34:Middlewares/lvgl/examples/widgets/obj/../../../src/core/lv_disp.h ****     LV_SCR_LOAD_ANIM_MOVE_LEFT,
  35:Middlewares/lvgl/examples/widgets/obj/../../../src/core/lv_disp.h ****     LV_SCR_LOAD_ANIM_MOVE_RIGHT,
  36:Middlewares/lvgl/examples/widgets/obj/../../../src/core/lv_disp.h ****     LV_SCR_LOAD_ANIM_MOVE_TOP,
  37:Middlewares/lvgl/examples/widgets/obj/../../../src/core/lv_disp.h ****     LV_SCR_LOAD_ANIM_MOVE_BOTTOM,
  38:Middlewares/lvgl/examples/widgets/obj/../../../src/core/lv_disp.h ****     LV_SCR_LOAD_ANIM_FADE_ON,
  39:Middlewares/lvgl/examples/widgets/obj/../../../src/core/lv_disp.h **** } lv_scr_load_anim_t;
  40:Middlewares/lvgl/examples/widgets/obj/../../../src/core/lv_disp.h **** 
  41:Middlewares/lvgl/examples/widgets/obj/../../../src/core/lv_disp.h **** /**********************
  42:Middlewares/lvgl/examples/widgets/obj/../../../src/core/lv_disp.h ****  * GLOBAL PROTOTYPES
  43:Middlewares/lvgl/examples/widgets/obj/../../../src/core/lv_disp.h ****  **********************/
  44:Middlewares/lvgl/examples/widgets/obj/../../../src/core/lv_disp.h **** 
  45:Middlewares/lvgl/examples/widgets/obj/../../../src/core/lv_disp.h **** /**
  46:Middlewares/lvgl/examples/widgets/obj/../../../src/core/lv_disp.h ****  * Return with a pointer to the active screen
  47:Middlewares/lvgl/examples/widgets/obj/../../../src/core/lv_disp.h ****  * @param disp pointer to display which active screen should be get. (NULL to use the default
  48:Middlewares/lvgl/examples/widgets/obj/../../../src/core/lv_disp.h ****  * screen)
  49:Middlewares/lvgl/examples/widgets/obj/../../../src/core/lv_disp.h ****  * @return pointer to the active screen object (loaded by 'lv_scr_load()')
  50:Middlewares/lvgl/examples/widgets/obj/../../../src/core/lv_disp.h ****  */
  51:Middlewares/lvgl/examples/widgets/obj/../../../src/core/lv_disp.h **** lv_obj_t * lv_disp_get_scr_act(lv_disp_t * disp);
  52:Middlewares/lvgl/examples/widgets/obj/../../../src/core/lv_disp.h **** 
  53:Middlewares/lvgl/examples/widgets/obj/../../../src/core/lv_disp.h **** /**
  54:Middlewares/lvgl/examples/widgets/obj/../../../src/core/lv_disp.h ****  * Return with a pointer to the previous screen. Only used during screen transitions.
  55:Middlewares/lvgl/examples/widgets/obj/../../../src/core/lv_disp.h ****  * @param disp pointer to display which previous screen should be get. (NULL to use the default
  56:Middlewares/lvgl/examples/widgets/obj/../../../src/core/lv_disp.h ****  * screen)
  57:Middlewares/lvgl/examples/widgets/obj/../../../src/core/lv_disp.h ****  * @return pointer to the previous screen object or NULL if not used now
  58:Middlewares/lvgl/examples/widgets/obj/../../../src/core/lv_disp.h ****  */
  59:Middlewares/lvgl/examples/widgets/obj/../../../src/core/lv_disp.h **** lv_obj_t * lv_disp_get_scr_prev(lv_disp_t * disp);
  60:Middlewares/lvgl/examples/widgets/obj/../../../src/core/lv_disp.h **** 
  61:Middlewares/lvgl/examples/widgets/obj/../../../src/core/lv_disp.h **** /**
  62:Middlewares/lvgl/examples/widgets/obj/../../../src/core/lv_disp.h ****  * Make a screen active
  63:Middlewares/lvgl/examples/widgets/obj/../../../src/core/lv_disp.h ****  * @param scr pointer to a screen
  64:Middlewares/lvgl/examples/widgets/obj/../../../src/core/lv_disp.h ****  */
ARM GAS  /tmp/ccp7A8PG.s 			page 3


  65:Middlewares/lvgl/examples/widgets/obj/../../../src/core/lv_disp.h **** void lv_disp_load_scr(lv_obj_t * scr);
  66:Middlewares/lvgl/examples/widgets/obj/../../../src/core/lv_disp.h **** 
  67:Middlewares/lvgl/examples/widgets/obj/../../../src/core/lv_disp.h **** /**
  68:Middlewares/lvgl/examples/widgets/obj/../../../src/core/lv_disp.h ****  * Return with the top layer. (Same on every screen and it is above the normal screen layer)
  69:Middlewares/lvgl/examples/widgets/obj/../../../src/core/lv_disp.h ****  * @param disp pointer to display which top layer should be get. (NULL to use the default screen)
  70:Middlewares/lvgl/examples/widgets/obj/../../../src/core/lv_disp.h ****  * @return pointer to the top layer object  (transparent screen sized lv_obj)
  71:Middlewares/lvgl/examples/widgets/obj/../../../src/core/lv_disp.h ****  */
  72:Middlewares/lvgl/examples/widgets/obj/../../../src/core/lv_disp.h **** lv_obj_t * lv_disp_get_layer_top(lv_disp_t * disp);
  73:Middlewares/lvgl/examples/widgets/obj/../../../src/core/lv_disp.h **** 
  74:Middlewares/lvgl/examples/widgets/obj/../../../src/core/lv_disp.h **** /**
  75:Middlewares/lvgl/examples/widgets/obj/../../../src/core/lv_disp.h ****  * Return with the sys. layer. (Same on every screen and it is above the normal screen and the top
  76:Middlewares/lvgl/examples/widgets/obj/../../../src/core/lv_disp.h ****  * layer)
  77:Middlewares/lvgl/examples/widgets/obj/../../../src/core/lv_disp.h ****  * @param disp pointer to display which sys. layer  should be get. (NULL to use the default screen)
  78:Middlewares/lvgl/examples/widgets/obj/../../../src/core/lv_disp.h ****  * @return pointer to the sys layer object  (transparent screen sized lv_obj)
  79:Middlewares/lvgl/examples/widgets/obj/../../../src/core/lv_disp.h ****  */
  80:Middlewares/lvgl/examples/widgets/obj/../../../src/core/lv_disp.h **** lv_obj_t * lv_disp_get_layer_sys(lv_disp_t * disp);
  81:Middlewares/lvgl/examples/widgets/obj/../../../src/core/lv_disp.h **** 
  82:Middlewares/lvgl/examples/widgets/obj/../../../src/core/lv_disp.h **** /**
  83:Middlewares/lvgl/examples/widgets/obj/../../../src/core/lv_disp.h ****  * Get the theme of a display
  84:Middlewares/lvgl/examples/widgets/obj/../../../src/core/lv_disp.h ****  * @param disp pointer to a display
  85:Middlewares/lvgl/examples/widgets/obj/../../../src/core/lv_disp.h ****  * @return the display's theme (can be NULL)
  86:Middlewares/lvgl/examples/widgets/obj/../../../src/core/lv_disp.h ****  */
  87:Middlewares/lvgl/examples/widgets/obj/../../../src/core/lv_disp.h **** void lv_disp_set_theme(lv_disp_t * disp, lv_theme_t * th);
  88:Middlewares/lvgl/examples/widgets/obj/../../../src/core/lv_disp.h **** 
  89:Middlewares/lvgl/examples/widgets/obj/../../../src/core/lv_disp.h **** /**
  90:Middlewares/lvgl/examples/widgets/obj/../../../src/core/lv_disp.h ****  * Get the theme of a display
  91:Middlewares/lvgl/examples/widgets/obj/../../../src/core/lv_disp.h ****  * @param disp pointer to a display
  92:Middlewares/lvgl/examples/widgets/obj/../../../src/core/lv_disp.h ****  * @return the display's theme (can be NULL)
  93:Middlewares/lvgl/examples/widgets/obj/../../../src/core/lv_disp.h ****  */
  94:Middlewares/lvgl/examples/widgets/obj/../../../src/core/lv_disp.h **** lv_theme_t * lv_disp_get_theme(lv_disp_t * disp);
  95:Middlewares/lvgl/examples/widgets/obj/../../../src/core/lv_disp.h **** 
  96:Middlewares/lvgl/examples/widgets/obj/../../../src/core/lv_disp.h **** /**
  97:Middlewares/lvgl/examples/widgets/obj/../../../src/core/lv_disp.h ****  * Set the background color of a display
  98:Middlewares/lvgl/examples/widgets/obj/../../../src/core/lv_disp.h ****  * @param disp pointer to a display
  99:Middlewares/lvgl/examples/widgets/obj/../../../src/core/lv_disp.h ****  * @param color color of the background
 100:Middlewares/lvgl/examples/widgets/obj/../../../src/core/lv_disp.h ****  */
 101:Middlewares/lvgl/examples/widgets/obj/../../../src/core/lv_disp.h **** void lv_disp_set_bg_color(lv_disp_t * disp, lv_color_t color);
 102:Middlewares/lvgl/examples/widgets/obj/../../../src/core/lv_disp.h **** 
 103:Middlewares/lvgl/examples/widgets/obj/../../../src/core/lv_disp.h **** /**
 104:Middlewares/lvgl/examples/widgets/obj/../../../src/core/lv_disp.h ****  * Set the background image of a display
 105:Middlewares/lvgl/examples/widgets/obj/../../../src/core/lv_disp.h ****  * @param disp pointer to a display
 106:Middlewares/lvgl/examples/widgets/obj/../../../src/core/lv_disp.h ****  * @param img_src path to file or pointer to an `lv_img_dsc_t` variable
 107:Middlewares/lvgl/examples/widgets/obj/../../../src/core/lv_disp.h ****  */
 108:Middlewares/lvgl/examples/widgets/obj/../../../src/core/lv_disp.h **** void lv_disp_set_bg_image(lv_disp_t * disp, const void  * img_src);
 109:Middlewares/lvgl/examples/widgets/obj/../../../src/core/lv_disp.h **** 
 110:Middlewares/lvgl/examples/widgets/obj/../../../src/core/lv_disp.h **** /**
 111:Middlewares/lvgl/examples/widgets/obj/../../../src/core/lv_disp.h ****  * Opacity of the background
 112:Middlewares/lvgl/examples/widgets/obj/../../../src/core/lv_disp.h ****  * @param disp pointer to a display
 113:Middlewares/lvgl/examples/widgets/obj/../../../src/core/lv_disp.h ****  * @param opa opacity (0..255)
 114:Middlewares/lvgl/examples/widgets/obj/../../../src/core/lv_disp.h ****  */
 115:Middlewares/lvgl/examples/widgets/obj/../../../src/core/lv_disp.h **** void lv_disp_set_bg_opa(lv_disp_t * disp, lv_opa_t opa);
 116:Middlewares/lvgl/examples/widgets/obj/../../../src/core/lv_disp.h **** 
 117:Middlewares/lvgl/examples/widgets/obj/../../../src/core/lv_disp.h **** /**
 118:Middlewares/lvgl/examples/widgets/obj/../../../src/core/lv_disp.h ****  * Switch screen with animation
 119:Middlewares/lvgl/examples/widgets/obj/../../../src/core/lv_disp.h ****  * @param scr pointer to the new screen to load
 120:Middlewares/lvgl/examples/widgets/obj/../../../src/core/lv_disp.h ****  * @param anim_type type of the animation from `lv_scr_load_anim_t`. E.g.  `LV_SCR_LOAD_ANIM_MOVE_L
 121:Middlewares/lvgl/examples/widgets/obj/../../../src/core/lv_disp.h ****  * @param time time of the animation
ARM GAS  /tmp/ccp7A8PG.s 			page 4


 122:Middlewares/lvgl/examples/widgets/obj/../../../src/core/lv_disp.h ****  * @param delay delay before the transition
 123:Middlewares/lvgl/examples/widgets/obj/../../../src/core/lv_disp.h ****  * @param auto_del true: automatically delete the old screen
 124:Middlewares/lvgl/examples/widgets/obj/../../../src/core/lv_disp.h ****  */
 125:Middlewares/lvgl/examples/widgets/obj/../../../src/core/lv_disp.h **** void lv_scr_load_anim(lv_obj_t * scr, lv_scr_load_anim_t anim_type, uint32_t time, uint32_t delay, 
 126:Middlewares/lvgl/examples/widgets/obj/../../../src/core/lv_disp.h **** 
 127:Middlewares/lvgl/examples/widgets/obj/../../../src/core/lv_disp.h **** /**
 128:Middlewares/lvgl/examples/widgets/obj/../../../src/core/lv_disp.h ****  * Get elapsed time since last user activity on a display (e.g. click)
 129:Middlewares/lvgl/examples/widgets/obj/../../../src/core/lv_disp.h ****  * @param disp pointer to an display (NULL to get the overall smallest inactivity)
 130:Middlewares/lvgl/examples/widgets/obj/../../../src/core/lv_disp.h ****  * @return elapsed ticks (milliseconds) since the last activity
 131:Middlewares/lvgl/examples/widgets/obj/../../../src/core/lv_disp.h ****  */
 132:Middlewares/lvgl/examples/widgets/obj/../../../src/core/lv_disp.h **** uint32_t lv_disp_get_inactive_time(const lv_disp_t * disp);
 133:Middlewares/lvgl/examples/widgets/obj/../../../src/core/lv_disp.h **** 
 134:Middlewares/lvgl/examples/widgets/obj/../../../src/core/lv_disp.h **** /**
 135:Middlewares/lvgl/examples/widgets/obj/../../../src/core/lv_disp.h ****  * Manually trigger an activity on a display
 136:Middlewares/lvgl/examples/widgets/obj/../../../src/core/lv_disp.h ****  * @param disp pointer to an display (NULL to use the default display)
 137:Middlewares/lvgl/examples/widgets/obj/../../../src/core/lv_disp.h ****  */
 138:Middlewares/lvgl/examples/widgets/obj/../../../src/core/lv_disp.h **** void lv_disp_trig_activity(lv_disp_t * disp);
 139:Middlewares/lvgl/examples/widgets/obj/../../../src/core/lv_disp.h **** 
 140:Middlewares/lvgl/examples/widgets/obj/../../../src/core/lv_disp.h **** /**
 141:Middlewares/lvgl/examples/widgets/obj/../../../src/core/lv_disp.h ****  * Clean any CPU cache that is related to the display.
 142:Middlewares/lvgl/examples/widgets/obj/../../../src/core/lv_disp.h ****  * @param disp pointer to an display (NULL to use the default display)
 143:Middlewares/lvgl/examples/widgets/obj/../../../src/core/lv_disp.h ****  */
 144:Middlewares/lvgl/examples/widgets/obj/../../../src/core/lv_disp.h **** void lv_disp_clean_dcache(lv_disp_t * disp);
 145:Middlewares/lvgl/examples/widgets/obj/../../../src/core/lv_disp.h **** 
 146:Middlewares/lvgl/examples/widgets/obj/../../../src/core/lv_disp.h **** /**
 147:Middlewares/lvgl/examples/widgets/obj/../../../src/core/lv_disp.h ****  * Get a pointer to the screen refresher timer to
 148:Middlewares/lvgl/examples/widgets/obj/../../../src/core/lv_disp.h ****  * modify its parameters with `lv_timer_...` functions.
 149:Middlewares/lvgl/examples/widgets/obj/../../../src/core/lv_disp.h ****  * @param disp pointer to a display
 150:Middlewares/lvgl/examples/widgets/obj/../../../src/core/lv_disp.h ****  * @return pointer to the display refresher timer. (NULL on error)
 151:Middlewares/lvgl/examples/widgets/obj/../../../src/core/lv_disp.h ****  */
 152:Middlewares/lvgl/examples/widgets/obj/../../../src/core/lv_disp.h **** lv_timer_t * _lv_disp_get_refr_timer(lv_disp_t * disp);
 153:Middlewares/lvgl/examples/widgets/obj/../../../src/core/lv_disp.h **** 
 154:Middlewares/lvgl/examples/widgets/obj/../../../src/core/lv_disp.h **** /*------------------------------------------------
 155:Middlewares/lvgl/examples/widgets/obj/../../../src/core/lv_disp.h ****  * To improve backward compatibility
 156:Middlewares/lvgl/examples/widgets/obj/../../../src/core/lv_disp.h ****  * Recommended only if you have one display
 157:Middlewares/lvgl/examples/widgets/obj/../../../src/core/lv_disp.h ****  *------------------------------------------------*/
 158:Middlewares/lvgl/examples/widgets/obj/../../../src/core/lv_disp.h **** 
 159:Middlewares/lvgl/examples/widgets/obj/../../../src/core/lv_disp.h **** /**
 160:Middlewares/lvgl/examples/widgets/obj/../../../src/core/lv_disp.h ****  * Get the active screen of the default display
 161:Middlewares/lvgl/examples/widgets/obj/../../../src/core/lv_disp.h ****  * @return pointer to the active screen
 162:Middlewares/lvgl/examples/widgets/obj/../../../src/core/lv_disp.h ****  */
 163:Middlewares/lvgl/examples/widgets/obj/../../../src/core/lv_disp.h **** static inline lv_obj_t * lv_scr_act(void)
  45              		.loc 2 163 26 view .LVU3
  46              	.LBB7:
 164:Middlewares/lvgl/examples/widgets/obj/../../../src/core/lv_disp.h **** {
 165:Middlewares/lvgl/examples/widgets/obj/../../../src/core/lv_disp.h ****     return lv_disp_get_scr_act(lv_disp_get_default());
  47              		.loc 2 165 5 view .LVU4
  48              		.loc 2 165 12 is_stmt 0 view .LVU5
  49 0002 FFF7FEFF 		bl	lv_disp_get_default
  50              	.LVL0:
  51 0006 FFF7FEFF 		bl	lv_disp_get_scr_act
  52              	.LVL1:
  53              	.LBE7:
  54              	.LBE6:
  55              		.loc 1 7 12 view .LVU6
  56 000a FFF7FEFF 		bl	lv_obj_create
  57              	.LVL2:
ARM GAS  /tmp/ccp7A8PG.s 			page 5


  58 000e 0446     		mov	r4, r0
  59              	.LVL3:
   8:Middlewares/lvgl/examples/widgets/obj/lv_example_obj_1.c ****     lv_obj_set_size(obj1, 100, 50);
  60              		.loc 1 8 5 is_stmt 1 view .LVU7
  61 0010 3222     		movs	r2, #50
  62 0012 6421     		movs	r1, #100
  63 0014 FFF7FEFF 		bl	lv_obj_set_size
  64              	.LVL4:
   9:Middlewares/lvgl/examples/widgets/obj/lv_example_obj_1.c ****     lv_obj_align(obj1, LV_ALIGN_CENTER, -60, -30);
  65              		.loc 1 9 5 view .LVU8
  66 0018 6FF01D03 		mvn	r3, #29
  67 001c 6FF03B02 		mvn	r2, #59
  68 0020 0921     		movs	r1, #9
  69 0022 2046     		mov	r0, r4
  70 0024 FFF7FEFF 		bl	lv_obj_align
  71              	.LVL5:
  10:Middlewares/lvgl/examples/widgets/obj/lv_example_obj_1.c **** 
  11:Middlewares/lvgl/examples/widgets/obj/lv_example_obj_1.c ****     static lv_style_t style_shadow;
  72              		.loc 1 11 5 view .LVU9
  12:Middlewares/lvgl/examples/widgets/obj/lv_example_obj_1.c ****     lv_style_init(&style_shadow);
  73              		.loc 1 12 5 view .LVU10
  74 0028 124C     		ldr	r4, .L3
  75              	.LVL6:
  76              		.loc 1 12 5 is_stmt 0 view .LVU11
  77 002a 2046     		mov	r0, r4
  78 002c FFF7FEFF 		bl	lv_style_init
  79              	.LVL7:
  13:Middlewares/lvgl/examples/widgets/obj/lv_example_obj_1.c ****     lv_style_set_shadow_width(&style_shadow, 10);
  80              		.loc 1 13 5 is_stmt 1 view .LVU12
  81 0030 0A21     		movs	r1, #10
  82 0032 2046     		mov	r0, r4
  83 0034 FFF7FEFF 		bl	lv_style_set_shadow_width
  84              	.LVL8:
  14:Middlewares/lvgl/examples/widgets/obj/lv_example_obj_1.c ****     lv_style_set_shadow_spread(&style_shadow, 5);
  85              		.loc 1 14 5 view .LVU13
  86 0038 0521     		movs	r1, #5
  87 003a 2046     		mov	r0, r4
  88 003c FFF7FEFF 		bl	lv_style_set_shadow_spread
  89              	.LVL9:
  15:Middlewares/lvgl/examples/widgets/obj/lv_example_obj_1.c ****     lv_style_set_shadow_color(&style_shadow, lv_palette_main(LV_PALETTE_BLUE));
  90              		.loc 1 15 5 view .LVU14
  91 0040 0520     		movs	r0, #5
  92 0042 FFF7FEFF 		bl	lv_palette_main
  93              	.LVL10:
  94 0046 0146     		mov	r1, r0	@ movhi
  95 0048 2046     		mov	r0, r4
  96 004a FFF7FEFF 		bl	lv_style_set_shadow_color
  97              	.LVL11:
  16:Middlewares/lvgl/examples/widgets/obj/lv_example_obj_1.c **** 
  17:Middlewares/lvgl/examples/widgets/obj/lv_example_obj_1.c ****     lv_obj_t * obj2;
  98              		.loc 1 17 5 view .LVU15
  18:Middlewares/lvgl/examples/widgets/obj/lv_example_obj_1.c ****     obj2 = lv_obj_create(lv_scr_act());
  99              		.loc 1 18 5 view .LVU16
 100              	.LBB8:
 101              	.LBI8:
 163:Middlewares/lvgl/examples/widgets/obj/../../../src/core/lv_disp.h **** {
 102              		.loc 2 163 26 view .LVU17
ARM GAS  /tmp/ccp7A8PG.s 			page 6


 103              	.LBB9:
 104              		.loc 2 165 5 view .LVU18
 105              		.loc 2 165 12 is_stmt 0 view .LVU19
 106 004e FFF7FEFF 		bl	lv_disp_get_default
 107              	.LVL12:
 108 0052 FFF7FEFF 		bl	lv_disp_get_scr_act
 109              	.LVL13:
 110              	.LBE9:
 111              	.LBE8:
 112              		.loc 1 18 12 view .LVU20
 113 0056 FFF7FEFF 		bl	lv_obj_create
 114              	.LVL14:
 115 005a 0546     		mov	r5, r0
 116              	.LVL15:
  19:Middlewares/lvgl/examples/widgets/obj/lv_example_obj_1.c ****     lv_obj_add_style(obj2, &style_shadow, 0);
 117              		.loc 1 19 5 is_stmt 1 view .LVU21
 118 005c 0022     		movs	r2, #0
 119 005e 2146     		mov	r1, r4
 120 0060 FFF7FEFF 		bl	lv_obj_add_style
 121              	.LVL16:
  20:Middlewares/lvgl/examples/widgets/obj/lv_example_obj_1.c ****     lv_obj_align(obj2, LV_ALIGN_CENTER, 60, 30);
 122              		.loc 1 20 5 view .LVU22
 123 0064 1E23     		movs	r3, #30
 124 0066 3C22     		movs	r2, #60
 125 0068 0921     		movs	r1, #9
 126 006a 2846     		mov	r0, r5
 127 006c FFF7FEFF 		bl	lv_obj_align
 128              	.LVL17:
  21:Middlewares/lvgl/examples/widgets/obj/lv_example_obj_1.c **** }
 129              		.loc 1 21 1 is_stmt 0 view .LVU23
 130 0070 38BD     		pop	{r3, r4, r5, pc}
 131              	.LVL18:
 132              	.L4:
 133              		.loc 1 21 1 view .LVU24
 134 0072 00BF     		.align	2
 135              	.L3:
 136 0074 00000000 		.word	.LANCHOR0
 137              		.cfi_endproc
 138              	.LFE184:
 140              		.section	.bss.style_shadow.0,"aw",%nobits
 141              		.align	2
 142              		.set	.LANCHOR0,. + 0
 145              	style_shadow.0:
 146 0000 00000000 		.space	8
 146      00000000 
 147              		.text
 148              	.Letext0:
 149              		.file 3 "/home/akinya/gcc-arm-none-eabi/arm-none-eabi/include/machine/_default_types.h"
 150              		.file 4 "/home/akinya/gcc-arm-none-eabi/arm-none-eabi/include/sys/_stdint.h"
 151              		.file 5 "Middlewares/lvgl/examples/widgets/obj/../../../src/misc/lv_ll.h"
 152              		.file 6 "Middlewares/lvgl/examples/widgets/obj/../../../src/hal/../misc/lv_color.h"
 153              		.file 7 "Middlewares/lvgl/examples/widgets/obj/../../../src/hal/../misc/lv_area.h"
 154              		.file 8 "Middlewares/lvgl/examples/widgets/obj/../../../src/core/lv_obj.h"
 155              		.file 9 "Middlewares/lvgl/examples/widgets/obj/../../../src/core/lv_group.h"
 156              		.file 10 "Middlewares/lvgl/examples/widgets/obj/../../../src/core/../misc/lv_style.h"
 157              		.file 11 "Middlewares/lvgl/examples/widgets/obj/../../../src/core/lv_obj_scroll.h"
 158              		.file 12 "Middlewares/lvgl/examples/widgets/obj/../../../src/core/lv_obj_style.h"
ARM GAS  /tmp/ccp7A8PG.s 			page 7


 159              		.file 13 "Middlewares/lvgl/examples/widgets/obj/../../../src/core/lv_obj_class.h"
 160              		.file 14 "Middlewares/lvgl/examples/widgets/obj/../../../src/core/lv_event.h"
 161              		.file 15 "Middlewares/lvgl/examples/widgets/obj/../../../src/hal/lv_hal_disp.h"
 162              		.file 16 "Middlewares/lvgl/examples/widgets/obj/../../../src/core/lv_obj_pos.h"
 163              		.file 17 "Middlewares/lvgl/examples/widgets/obj/../../../src/core/../misc/lv_style_gen.h"
ARM GAS  /tmp/ccp7A8PG.s 			page 8


DEFINED SYMBOLS
                            *ABS*:0000000000000000 lv_example_obj_1.c
     /tmp/ccp7A8PG.s:18     .text.lv_example_obj_1:0000000000000000 $t
     /tmp/ccp7A8PG.s:26     .text.lv_example_obj_1:0000000000000000 lv_example_obj_1
     /tmp/ccp7A8PG.s:136    .text.lv_example_obj_1:0000000000000074 $d
     /tmp/ccp7A8PG.s:141    .bss.style_shadow.0:0000000000000000 $d
     /tmp/ccp7A8PG.s:145    .bss.style_shadow.0:0000000000000000 style_shadow.0

UNDEFINED SYMBOLS
lv_disp_get_default
lv_disp_get_scr_act
lv_obj_create
lv_obj_set_size
lv_obj_align
lv_style_init
lv_style_set_shadow_width
lv_style_set_shadow_spread
lv_palette_main
lv_style_set_shadow_color
lv_obj_add_style
