ARM GAS  /tmp/cciLi1M2.s 			page 1


   1              		.cpu cortex-m7
   2              		.eabi_attribute 28, 1
   3              		.eabi_attribute 20, 1
   4              		.eabi_attribute 21, 1
   5              		.eabi_attribute 23, 3
   6              		.eabi_attribute 24, 1
   7              		.eabi_attribute 25, 1
   8              		.eabi_attribute 26, 1
   9              		.eabi_attribute 30, 1
  10              		.eabi_attribute 34, 1
  11              		.eabi_attribute 18, 4
  12              		.file	"img_skew_strip.c"
  13              		.text
  14              	.Ltext0:
  15              		.cfi_sections	.debug_frame
  16              		.global	img_skew_strip
  17              		.global	img_skew_strip_map
  18              		.section	.rodata.img_skew_strip,"a"
  19              		.align	2
  22              	img_skew_strip:
  23 0000 05       		.byte	5
  24 0001 40       		.byte	64
  25 0002 81       		.byte	129
  26 0003 02       		.byte	2
  27 0004 C0120000 		.word	4800
  28 0008 00000000 		.word	img_skew_strip_map
  29              		.section	.rodata.img_skew_strip_map,"a"
  30              		.align	2
  33              	img_skew_strip_map:
  34 0000 FFFF00FF 		.ascii	"\377\377\000\377\377\000\377\377\000\377\377\000\377"
  34      FF00FFFF 
  34      00FFFF00 
  34      FF
  35 000d FF00FFFF 		.ascii	"\377\000\377\377\000\377\377\000\377\377\000\377\377"
  35      00FFFF00 
  35      FFFF00FF 
  35      FF
  36 001a 00FFFF00 		.ascii	"\000\377\377\000\377\377\000\377\377\000\377\377\000"
  36      FFFF00FF 
  36      FF00FFFF 
  36      00
  37 0027 FFFF00FF 		.ascii	"\377\377\000\377\377\000\377\377\000\377\377\000\377"
  37      FF00FFFF 
  37      00FFFF00 
  37      FF
  38 0034 FF00FFFF 		.ascii	"\377\000\377\377\000\377\377\177\377\377\377\377\377"
  38      00FFFF7F 
  38      FFFFFFFF 
  38      FF
  39 0041 FFFFFFFF 		.ascii	"\377\377\377\377\377\377\377\377\377\377\377\377\377"
  39      FFFFFFFF 
  39      FFFFFFFF 
  39      FF
  40 004e FFFFFFFF 		.ascii	"\377\377\377\377\377\377\377\377\377\377\377\377\377"
  40      FFFFFFFF 
  40      FFFFFFFF 
  40      FF
ARM GAS  /tmp/cciLi1M2.s 			page 2


  41 005b FFFFFFFF 		.ascii	"\377\377\377\377\377\377\377\377\377\377\377\377\377"
  41      FFFFFFFF 
  41      FFFFFFFF 
  41      FF
  42 0068 FFFFFFFF 		.ascii	"\377\377\377\377\377\377\377\377\377\377\377\377\377"
  42      FFFFFFFF 
  42      FFFFFFFF 
  42      FF
  43 0075 FFFFFFFF 		.ascii	"\377\377\377\377\377\377\377\377\377\377\377\377\377"
  43      FFFFFFFF 
  43      FFFFFFFF 
  43      FF
  44 0082 FFFFFFFF 		.ascii	"\377\377\377\377\377\377\377\377\377\377\377\377\377"
  44      FFFFFFFF 
  44      FFFFFFFF 
  44      FF
  45 008f FFFFFFFF 		.ascii	"\377\377\377\377\377\377\377\377\377\377\377\377\377"
  45      FFFFFFFF 
  45      FFFFFFFF 
  45      FF
  46 009c FFFFFFFF 		.ascii	"\377\377\377\377\377\377\377\377\377\377\377\377\377"
  46      FFFFFFFF 
  46      FFFFFFFF 
  46      FF
  47 00a9 FFFFFFFF 		.ascii	"\377\377\377\377\377\377\377\377\377\377\200\377\377"
  47      FFFFFFFF 
  47      FFFF80FF 
  47      FF
  48 00b6 00FFFF00 		.ascii	"\000\377\377\000\377\377\000\377\377\000\377\377\000"
  48      FFFF00FF 
  48      FF00FFFF 
  48      00
  49 00c3 FFFF00FF 		.ascii	"\377\377\000\377\377\000\377\377\000\377\377\000\377"
  49      FF00FFFF 
  49      00FFFF00 
  49      FF
  50 00d0 FF00FFFF 		.ascii	"\377\000\377\377\000\377\377\000\377\377\000\377\377"
  50      00FFFF00 
  50      FFFF00FF 
  50      FF
  51 00dd 00FFFF00 		.ascii	"\000\377\377\000\377\377\000\377\377\000\377\377\000"
  51      FFFF00FF 
  51      FF00FFFF 
  51      00
  52 00ea FFFF00FF 		.ascii	"\377\377\000\377\377\000\377\377\000\377\377\000\377"
  52      FF00FFFF 
  52      00FFFF00 
  52      FF
  53 00f7 FF00FFFF 		.ascii	"\377\000\377\377\000\377\377\000\377\377\000\377\377"
  53      00FFFF00 
  53      FFFF00FF 
  53      FF
  54 0104 00FFFF00 		.ascii	"\000\377\377\000\377\377\000\377\377\000\377\377\000"
  54      FFFF00FF 
  54      FF00FFFF 
  54      00
  55 0111 FFFF00FF 		.ascii	"\377\377\000\377\377\000\377\377\000\377\377\000\377"
ARM GAS  /tmp/cciLi1M2.s 			page 3


  55      FF00FFFF 
  55      00FFFF00 
  55      FF
  56 011e FF00FFFF 		.ascii	"\377\000\377\377\000\377\377\000\377\377\177\377\377"
  56      00FFFF00 
  56      FFFF7FFF 
  56      FF
  57 012b FFFFFFFF 		.ascii	"\377\377\377\377\377\377\377\377\377\377\377\377\377"
  57      FFFFFFFF 
  57      FFFFFFFF 
  57      FF
  58 0138 FFFFFFFF 		.ascii	"\377\377\377\377\377\377\377\377\377\377\377\377\377"
  58      FFFFFFFF 
  58      FFFFFFFF 
  58      FF
  59 0145 FFFFFFFF 		.ascii	"\377\377\377\377\377\377\377\377\377\377\377\377\377"
  59      FFFFFFFF 
  59      FFFFFFFF 
  59      FF
  60 0152 FFFFFFFF 		.ascii	"\377\377\377\377\377\377\377\377\377\377\377\377\377"
  60      FFFFFFFF 
  60      FFFFFFFF 
  60      FF
  61 015f FFFFFFFF 		.ascii	"\377\377\377\377\377\377\377\377\377\377\377\377\377"
  61      FFFFFFFF 
  61      FFFFFFFF 
  61      FF
  62 016c FFFFFFFF 		.ascii	"\377\377\377\377\377\377\377\377\377\377\377\377\377"
  62      FFFFFFFF 
  62      FFFFFFFF 
  62      FF
  63 0179 FFFFFFFF 		.ascii	"\377\377\377\377\377\377\377\377\377\377\377\377\377"
  63      FFFFFFFF 
  63      FFFFFFFF 
  63      FF
  64 0186 FFFFFFFF 		.ascii	"\377\377\377\377\377\377\377\377\377\377\377\377\377"
  64      FFFFFFFF 
  64      FFFFFFFF 
  64      FF
  65 0193 FFFFFFFF 		.ascii	"\377\377\377\377\377\377\377\377\377\377\377\377\377"
  65      FFFFFFFF 
  65      FFFFFFFF 
  65      FF
  66 01a0 80FFFF00 		.ascii	"\200\377\377\000\377\377\000\377\377\000\377\377\000"
  66      FFFF00FF 
  66      FF00FFFF 
  66      00
  67 01ad FFFF00FF 		.ascii	"\377\377\000\377\377\000\377\377\000\377\377\000\377"
  67      FF00FFFF 
  67      00FFFF00 
  67      FF
  68 01ba FF00FFFF 		.ascii	"\377\000\377\377\000\377\377\000\377\377\000\377\377"
  68      00FFFF00 
  68      FFFF00FF 
  68      FF
  69 01c7 00FFFF00 		.ascii	"\000\377\377\000\377\377\000\377\377\000\377\377\000"
  69      FFFF00FF 
ARM GAS  /tmp/cciLi1M2.s 			page 4


  69      FF00FFFF 
  69      00
  70 01d4 FFFF00FF 		.ascii	"\377\377\000\377\377\000\377\377\000\377\377\000\377"
  70      FF00FFFF 
  70      00FFFF00 
  70      FF
  71 01e1 FF00FFFF 		.ascii	"\377\000\377\377\000\377\377\000\377\377\000\377\377"
  71      00FFFF00 
  71      FFFF00FF 
  71      FF
  72 01ee 00FFFF00 		.ascii	"\000\377\377\000\377\377\000\377\377\000\377\377\000"
  72      FFFF00FF 
  72      FF00FFFF 
  72      00
  73 01fb FFFF00FF 		.ascii	"\377\377\000\377\377\000\377\377\000\377\377\000\377"
  73      FF00FFFF 
  73      00FFFF00 
  73      FF
  74 0208 FF00FFFF 		.ascii	"\377\000\377\377\000\377\377\000\377\377\000\377\377"
  74      00FFFF00 
  74      FFFF00FF 
  74      FF
  75 0215 7FFFFFFF 		.ascii	"\177\377\377\377\377\377\377\377\377\377\377\377\377"
  75      FFFFFFFF 
  75      FFFFFFFF 
  75      FF
  76 0222 FFFFFFFF 		.ascii	"\377\377\377\377\377\377\377\377\377\377\377\377\377"
  76      FFFFFFFF 
  76      FFFFFFFF 
  76      FF
  77 022f FFFFFFFF 		.ascii	"\377\377\377\377\377\377\377\377\377\377\377\377\377"
  77      FFFFFFFF 
  77      FFFFFFFF 
  77      FF
  78 023c FFFFFFFF 		.ascii	"\377\377\377\377\377\377\377\377\377\377\377\377\377"
  78      FFFFFFFF 
  78      FFFFFFFF 
  78      FF
  79 0249 FFFFFFFF 		.ascii	"\377\377\377\377\377\377\377\377\377\377\377\377\377"
  79      FFFFFFFF 
  79      FFFFFFFF 
  79      FF
  80 0256 FFFFFFFF 		.ascii	"\377\377\377\377\377\377\377\377\377\377\377\377\377"
  80      FFFFFFFF 
  80      FFFFFFFF 
  80      FF
  81 0263 FFFFFFFF 		.ascii	"\377\377\377\377\377\377\377\377\377\377\377\377\377"
  81      FFFFFFFF 
  81      FFFFFFFF 
  81      FF
  82 0270 FFFFFFFF 		.ascii	"\377\377\377\377\377\377\377\377\377\377\377\377\377"
  82      FFFFFFFF 
  82      FFFFFFFF 
  82      FF
  83 027d FFFFFFFF 		.ascii	"\377\377\377\377\377\377\377\377\377\377\377\377\377"
  83      FFFFFFFF 
  83      FFFFFFFF 
ARM GAS  /tmp/cciLi1M2.s 			page 5


  83      FF
  84 028a FFFFFF80 		.ascii	"\377\377\377\200\377\377\000\377\377\000\377\377\000"
  84      FFFF00FF 
  84      FF00FFFF 
  84      00
  85 0297 FFFF00FF 		.ascii	"\377\377\000\377\377\000\377\377\000\377\377\000\377"
  85      FF00FFFF 
  85      00FFFF00 
  85      FF
  86 02a4 FF00FFFF 		.ascii	"\377\000\377\377\000\377\377\000\377\377\000\377\377"
  86      00FFFF00 
  86      FFFF00FF 
  86      FF
  87 02b1 00FFFF00 		.ascii	"\000\377\377\000\377\377\000\377\377\000\377\377\000"
  87      FFFF00FF 
  87      FF00FFFF 
  87      00
  88 02be FFFF00FF 		.ascii	"\377\377\000\377\377\000\377\377\000\377\377\000\377"
  88      FF00FFFF 
  88      00FFFF00 
  88      FF
  89 02cb FF00FFFF 		.ascii	"\377\000\377\377\000\377\377\000\377\377\000\377\377"
  89      00FFFF00 
  89      FFFF00FF 
  89      FF
  90 02d8 00FFFF00 		.ascii	"\000\377\377\000\377\377\000\377\377\000\377\377\000"
  90      FFFF00FF 
  90      FF00FFFF 
  90      00
  91 02e5 FFFF00FF 		.ascii	"\377\377\000\377\377\000\377\377\000\377\377\000\377"
  91      FF00FFFF 
  91      00FFFF00 
  91      FF
  92 02f2 FF00FFFF 		.ascii	"\377\000\377\377\000\377\377\000\377\377\000\377\377"
  92      00FFFF00 
  92      FFFF00FF 
  92      FF
  93 02ff 00FFFF7F 		.ascii	"\000\377\377\177\377\377\377\377\377\377\377\377\377"
  93      FFFFFFFF 
  93      FFFFFFFF 
  93      FF
  94 030c FFFFFFFF 		.ascii	"\377\377\377\377\377\377\377\377\377\377\377\377\377"
  94      FFFFFFFF 
  94      FFFFFFFF 
  94      FF
  95 0319 FFFFFFFF 		.ascii	"\377\377\377\377\377\377\377\377\377\377\377\377\377"
  95      FFFFFFFF 
  95      FFFFFFFF 
  95      FF
  96 0326 FFFFFFFF 		.ascii	"\377\377\377\377\377\377\377\377\377\377\377\377\377"
  96      FFFFFFFF 
  96      FFFFFFFF 
  96      FF
  97 0333 FFFFFFFF 		.ascii	"\377\377\377\377\377\377\377\377\377\377\377\377\377"
  97      FFFFFFFF 
  97      FFFFFFFF 
  97      FF
ARM GAS  /tmp/cciLi1M2.s 			page 6


  98 0340 FFFFFFFF 		.ascii	"\377\377\377\377\377\377\377\377\377\377\377\377\377"
  98      FFFFFFFF 
  98      FFFFFFFF 
  98      FF
  99 034d FFFFFFFF 		.ascii	"\377\377\377\377\377\377\377\377\377\377\377\377\377"
  99      FFFFFFFF 
  99      FFFFFFFF 
  99      FF
 100 035a FFFFFFFF 		.ascii	"\377\377\377\377\377\377\377\377\377\377\377\377\377"
 100      FFFFFFFF 
 100      FFFFFFFF 
 100      FF
 101 0367 FFFFFFFF 		.ascii	"\377\377\377\377\377\377\377\377\377\377\377\377\377"
 101      FFFFFFFF 
 101      FFFFFFFF 
 101      FF
 102 0374 FFFFFFFF 		.ascii	"\377\377\377\377\377\377\200\377\377\000\377\377\000"
 102      FFFF80FF 
 102      FF00FFFF 
 102      00
 103 0381 FFFF00FF 		.ascii	"\377\377\000\377\377\000\377\377\000\377\377\000\377"
 103      FF00FFFF 
 103      00FFFF00 
 103      FF
 104 038e FF00FFFF 		.ascii	"\377\000\377\377\000\377\377\000\377\377\000\377\377"
 104      00FFFF00 
 104      FFFF00FF 
 104      FF
 105 039b 00FFFF00 		.ascii	"\000\377\377\000\377\377\000\377\377\000\377\377\000"
 105      FFFF00FF 
 105      FF00FFFF 
 105      00
 106 03a8 FFFF00FF 		.ascii	"\377\377\000\377\377\000\377\377\000\377\377\000\377"
 106      FF00FFFF 
 106      00FFFF00 
 106      FF
 107 03b5 FF00FFFF 		.ascii	"\377\000\377\377\000\377\377\000\377\377\000\377\377"
 107      00FFFF00 
 107      FFFF00FF 
 107      FF
 108 03c2 00FFFF00 		.ascii	"\000\377\377\000\377\377\000\377\377\000\377\377\000"
 108      FFFF00FF 
 108      FF00FFFF 
 108      00
 109 03cf FFFF00FF 		.ascii	"\377\377\000\377\377\000\377\377\000\377\377\000\377"
 109      FF00FFFF 
 109      00FFFF00 
 109      FF
 110 03dc FF00FFFF 		.ascii	"\377\000\377\377\000\377\377\000\377\377\000\377\377"
 110      00FFFF00 
 110      FFFF00FF 
 110      FF
 111 03e9 00FFFF00 		.ascii	"\000\377\377\000\377\377\177\377\377\377\377\377\377"
 111      FFFF7FFF 
 111      FFFFFFFF 
 111      FF
 112 03f6 FFFFFFFF 		.ascii	"\377\377\377\377\377\377\377\377\377\377\377\377\377"
ARM GAS  /tmp/cciLi1M2.s 			page 7


 112      FFFFFFFF 
 112      FFFFFFFF 
 112      FF
 113 0403 FFFFFFFF 		.ascii	"\377\377\377\377\377\377\377\377\377\377\377\377\377"
 113      FFFFFFFF 
 113      FFFFFFFF 
 113      FF
 114 0410 FFFFFFFF 		.ascii	"\377\377\377\377\377\377\377\377\377\377\377\377\377"
 114      FFFFFFFF 
 114      FFFFFFFF 
 114      FF
 115 041d FFFFFFFF 		.ascii	"\377\377\377\377\377\377\377\377\377\377\377\377\377"
 115      FFFFFFFF 
 115      FFFFFFFF 
 115      FF
 116 042a FFFFFFFF 		.ascii	"\377\377\377\377\377\377\377\377\377\377\377\377\377"
 116      FFFFFFFF 
 116      FFFFFFFF 
 116      FF
 117 0437 FFFFFFFF 		.ascii	"\377\377\377\377\377\377\377\377\377\377\377\377\377"
 117      FFFFFFFF 
 117      FFFFFFFF 
 117      FF
 118 0444 FFFFFFFF 		.ascii	"\377\377\377\377\377\377\377\377\377\377\377\377\377"
 118      FFFFFFFF 
 118      FFFFFFFF 
 118      FF
 119 0451 FFFFFFFF 		.ascii	"\377\377\377\377\377\377\377\377\377\377\377\377\377"
 119      FFFFFFFF 
 119      FFFFFFFF 
 119      FF
 120 045e FFFFFFFF 		.ascii	"\377\377\377\377\377\377\377\377\377\200\377\377\000"
 120      FFFFFFFF 
 120      FF80FFFF 
 120      00
 121 046b FFFF00FF 		.ascii	"\377\377\000\377\377\000\377\377\000\377\377\000\377"
 121      FF00FFFF 
 121      00FFFF00 
 121      FF
 122 0478 FF00FFFF 		.ascii	"\377\000\377\377\000\377\377\000\377\377\000\377\377"
 122      00FFFF00 
 122      FFFF00FF 
 122      FF
 123 0485 00FFFF00 		.ascii	"\000\377\377\000\377\377\000\377\377\000\377\377\000"
 123      FFFF00FF 
 123      FF00FFFF 
 123      00
 124 0492 FFFF00FF 		.ascii	"\377\377\000\377\377\000\377\377\000\377\377\000\377"
 124      FF00FFFF 
 124      00FFFF00 
 124      FF
 125 049f FF00FFFF 		.ascii	"\377\000\377\377\000\377\377\000\377\377\000\377\377"
 125      00FFFF00 
 125      FFFF00FF 
 125      FF
 126 04ac 00FFFF00 		.ascii	"\000\377\377\000\377\377\000\377\377\000\377\377\000"
 126      FFFF00FF 
ARM GAS  /tmp/cciLi1M2.s 			page 8


 126      FF00FFFF 
 126      00
 127 04b9 FFFF00FF 		.ascii	"\377\377\000\377\377\000\377\377\000\377\377\000\377"
 127      FF00FFFF 
 127      00FFFF00 
 127      FF
 128 04c6 FF00FFFF 		.ascii	"\377\000\377\377\000\377\377\000\377\377\000\377\377"
 128      00FFFF00 
 128      FFFF00FF 
 128      FF
 129 04d3 00FFFF00 		.ascii	"\000\377\377\000\377\377\000\377\377\177\377\377\377"
 129      FFFF00FF 
 129      FF7FFFFF 
 129      FF
 130 04e0 FFFFFFFF 		.ascii	"\377\377\377\377\377\377\377\377\377\377\377\377\377"
 130      FFFFFFFF 
 130      FFFFFFFF 
 130      FF
 131 04ed FFFFFFFF 		.ascii	"\377\377\377\377\377\377\377\377\377\377\377\377\377"
 131      FFFFFFFF 
 131      FFFFFFFF 
 131      FF
 132 04fa FFFFFFFF 		.ascii	"\377\377\377\377\377\377\377\377\377\377\377\377\377"
 132      FFFFFFFF 
 132      FFFFFFFF 
 132      FF
 133 0507 FFFFFFFF 		.ascii	"\377\377\377\377\377\377\377\377\377\377\377\377\377"
 133      FFFFFFFF 
 133      FFFFFFFF 
 133      FF
 134 0514 FFFFFFFF 		.ascii	"\377\377\377\377\377\377\377\377\377\377\377\377\377"
 134      FFFFFFFF 
 134      FFFFFFFF 
 134      FF
 135 0521 FFFFFFFF 		.ascii	"\377\377\377\377\377\377\377\377\377\377\377\377\377"
 135      FFFFFFFF 
 135      FFFFFFFF 
 135      FF
 136 052e FFFFFFFF 		.ascii	"\377\377\377\377\377\377\377\377\377\377\377\377\377"
 136      FFFFFFFF 
 136      FFFFFFFF 
 136      FF
 137 053b FFFFFFFF 		.ascii	"\377\377\377\377\377\377\377\377\377\377\377\377\377"
 137      FFFFFFFF 
 137      FFFFFFFF 
 137      FF
 138 0548 FFFFFFFF 		.ascii	"\377\377\377\377\377\377\377\377\377\377\377\377\200"
 138      FFFFFFFF 
 138      FFFFFFFF 
 138      80
 139 0555 FFFF00FF 		.ascii	"\377\377\000\377\377\000\377\377\000\377\377\000\377"
 139      FF00FFFF 
 139      00FFFF00 
 139      FF
 140 0562 FF00FFFF 		.ascii	"\377\000\377\377\000\377\377\000\377\377\000\377\377"
 140      00FFFF00 
 140      FFFF00FF 
ARM GAS  /tmp/cciLi1M2.s 			page 9


 140      FF
 141 056f 00FFFF00 		.ascii	"\000\377\377\000\377\377\000\377\377\000\377\377\000"
 141      FFFF00FF 
 141      FF00FFFF 
 141      00
 142 057c FFFF00FF 		.ascii	"\377\377\000\377\377\000\377\377\000\377\377\000\377"
 142      FF00FFFF 
 142      00FFFF00 
 142      FF
 143 0589 FF00FFFF 		.ascii	"\377\000\377\377\000\377\377\000\377\377\000\377\377"
 143      00FFFF00 
 143      FFFF00FF 
 143      FF
 144 0596 00FFFF00 		.ascii	"\000\377\377\000\377\377\000\377\377\000\377\377\000"
 144      FFFF00FF 
 144      FF00FFFF 
 144      00
 145 05a3 FFFF00FF 		.ascii	"\377\377\000\377\377\000\377\377\000\377\377\000\377"
 145      FF00FFFF 
 145      00FFFF00 
 145      FF
 146 05b0 FF00FFFF 		.ascii	"\377\000\377\377\000\377\377\000\377\377\000\377\377"
 146      00FFFF00 
 146      FFFF00FF 
 146      FF
 147 05bd 00FFFF00 		.ascii	"\000\377\377\000\377\377\000\377\377\000\377\377\177"
 147      FFFF00FF 
 147      FF00FFFF 
 147      7F
 148 05ca FFFFFFFF 		.ascii	"\377\377\377\377\377\377\377\377\377\377\377\377\377"
 148      FFFFFFFF 
 148      FFFFFFFF 
 148      FF
 149 05d7 FFFFFFFF 		.ascii	"\377\377\377\377\377\377\377\377\377\377\377\377\377"
 149      FFFFFFFF 
 149      FFFFFFFF 
 149      FF
 150 05e4 FFFFFFFF 		.ascii	"\377\377\377\377\377\377\377\377\377\377\377\377\377"
 150      FFFFFFFF 
 150      FFFFFFFF 
 150      FF
 151 05f1 FFFFFFFF 		.ascii	"\377\377\377\377\377\377\377\377\377\377\377\377\377"
 151      FFFFFFFF 
 151      FFFFFFFF 
 151      FF
 152 05fe FFFFFFFF 		.ascii	"\377\377\377\377\377\377\377\377\377\377\377\377\377"
 152      FFFFFFFF 
 152      FFFFFFFF 
 152      FF
 153 060b FFFFFFFF 		.ascii	"\377\377\377\377\377\377\377\377\377\377\377\377\377"
 153      FFFFFFFF 
 153      FFFFFFFF 
 153      FF
 154 0618 FFFFFFFF 		.ascii	"\377\377\377\377\377\377\377\377\377\377\377\377\377"
 154      FFFFFFFF 
 154      FFFFFFFF 
 154      FF
ARM GAS  /tmp/cciLi1M2.s 			page 10


 155 0625 FFFFFFFF 		.ascii	"\377\377\377\377\377\377\377\377\377\377\377\377\377"
 155      FFFFFFFF 
 155      FFFFFFFF 
 155      FF
 156 0632 FFFFFFFF 		.ascii	"\377\377\377\377\377\377\377\377\377\377\377\377\377"
 156      FFFFFFFF 
 156      FFFFFFFF 
 156      FF
 157 063f FFFF80FF 		.ascii	"\377\377\200\377\377\000\377\377\000\377\377\000\377"
 157      FF00FFFF 
 157      00FFFF00 
 157      FF
 158 064c FF00FFFF 		.ascii	"\377\000\377\377\000\377\377\000\377\377\000\377\377"
 158      00FFFF00 
 158      FFFF00FF 
 158      FF
 159 0659 00FFFF00 		.ascii	"\000\377\377\000\377\377\000\377\377\000\377\377\000"
 159      FFFF00FF 
 159      FF00FFFF 
 159      00
 160 0666 FFFF00FF 		.ascii	"\377\377\000\377\377\000\377\377\000\377\377\000\377"
 160      FF00FFFF 
 160      00FFFF00 
 160      FF
 161 0673 FF00FFFF 		.ascii	"\377\000\377\377\000\377\377\000\377\377\000\377\377"
 161      00FFFF00 
 161      FFFF00FF 
 161      FF
 162 0680 00FFFF00 		.ascii	"\000\377\377\000\377\377\000\377\377\000\377\377\000"
 162      FFFF00FF 
 162      FF00FFFF 
 162      00
 163 068d FFFF00FF 		.ascii	"\377\377\000\377\377\000\377\377\000\377\377\000\377"
 163      FF00FFFF 
 163      00FFFF00 
 163      FF
 164 069a FF00FFFF 		.ascii	"\377\000\377\377\000\377\377\000\377\377\000\377\377"
 164      00FFFF00 
 164      FFFF00FF 
 164      FF
 165 06a7 00FFFF00 		.ascii	"\000\377\377\000\377\377\000\377\377\000\377\377\000"
 165      FFFF00FF 
 165      FF00FFFF 
 165      00
 166 06b4 FFFF7FFF 		.ascii	"\377\377\177\377\377\377\377\377\377\377\377\377\377"
 166      FFFFFFFF 
 166      FFFFFFFF 
 166      FF
 167 06c1 FFFFFFFF 		.ascii	"\377\377\377\377\377\377\377\377\377\377\377\377\377"
 167      FFFFFFFF 
 167      FFFFFFFF 
 167      FF
 168 06ce FFFFFFFF 		.ascii	"\377\377\377\377\377\377\377\377\377\377\377\377\377"
 168      FFFFFFFF 
 168      FFFFFFFF 
 168      FF
 169 06db FFFFFFFF 		.ascii	"\377\377\377\377\377\377\377\377\377\377\377\377\377"
ARM GAS  /tmp/cciLi1M2.s 			page 11


 169      FFFFFFFF 
 169      FFFFFFFF 
 169      FF
 170 06e8 FFFFFFFF 		.ascii	"\377\377\377\377\377\377\377\377\377\377\377\377\377"
 170      FFFFFFFF 
 170      FFFFFFFF 
 170      FF
 171 06f5 FFFFFFFF 		.ascii	"\377\377\377\377\377\377\377\377\377\377\377\377\377"
 171      FFFFFFFF 
 171      FFFFFFFF 
 171      FF
 172 0702 FFFFFFFF 		.ascii	"\377\377\377\377\377\377\377\377\377\377\377\377\377"
 172      FFFFFFFF 
 172      FFFFFFFF 
 172      FF
 173 070f FFFFFFFF 		.ascii	"\377\377\377\377\377\377\377\377\377\377\377\377\377"
 173      FFFFFFFF 
 173      FFFFFFFF 
 173      FF
 174 071c FFFFFFFF 		.ascii	"\377\377\377\377\377\377\377\377\377\377\377\377\377"
 174      FFFFFFFF 
 174      FFFFFFFF 
 174      FF
 175 0729 FFFFFFFF 		.ascii	"\377\377\377\377\377\200\377\377\000\377\377\000\377"
 175      FF80FFFF 
 175      00FFFF00 
 175      FF
 176 0736 FF00FFFF 		.ascii	"\377\000\377\377\000\377\377\000\377\377\000\377\377"
 176      00FFFF00 
 176      FFFF00FF 
 176      FF
 177 0743 00FFFF00 		.ascii	"\000\377\377\000\377\377\000\377\377\000\377\377\000"
 177      FFFF00FF 
 177      FF00FFFF 
 177      00
 178 0750 FFFF00FF 		.ascii	"\377\377\000\377\377\000\377\377\000\377\377\000\377"
 178      FF00FFFF 
 178      00FFFF00 
 178      FF
 179 075d FF00FFFF 		.ascii	"\377\000\377\377\000\377\377\000\377\377\000\377\377"
 179      00FFFF00 
 179      FFFF00FF 
 179      FF
 180 076a 00FFFF00 		.ascii	"\000\377\377\000\377\377\000\377\377\000\377\377\000"
 180      FFFF00FF 
 180      FF00FFFF 
 180      00
 181 0777 FFFF00FF 		.ascii	"\377\377\000\377\377\000\377\377\000\377\377\000\377"
 181      FF00FFFF 
 181      00FFFF00 
 181      FF
 182 0784 FF00FFFF 		.ascii	"\377\000\377\377\000\377\377\000\377\377\000\377\377"
 182      00FFFF00 
 182      FFFF00FF 
 182      FF
 183 0791 00FFFF00 		.ascii	"\000\377\377\000\377\377\000\377\377\000\377\377\000"
 183      FFFF00FF 
ARM GAS  /tmp/cciLi1M2.s 			page 12


 183      FF00FFFF 
 183      00
 184 079e FFFF00FF 		.ascii	"\377\377\000\377\377\177\377\377\377\377\377\377\377"
 184      FF7FFFFF 
 184      FFFFFFFF 
 184      FF
 185 07ab FFFFFFFF 		.ascii	"\377\377\377\377\377\377\377\377\377\377\377\377\377"
 185      FFFFFFFF 
 185      FFFFFFFF 
 185      FF
 186 07b8 FFFFFFFF 		.ascii	"\377\377\377\377\377\377\377\377\377\377\377\377\377"
 186      FFFFFFFF 
 186      FFFFFFFF 
 186      FF
 187 07c5 FFFFFFFF 		.ascii	"\377\377\377\377\377\377\377\377\377\377\377"
 187      FFFFFFFF 
 187      FFFFFF
 188 07d0 FFFFFFFF 		.ascii	"\377\377\377\377\377\377\377\377\377\377\377\377\377"
 188      FFFFFFFF 
 188      FFFFFFFF 
 188      FF
 189 07dd FFFFFFFF 		.ascii	"\377\377\377\377\377\377\377\377\377\377\377\377\377"
 189      FFFFFFFF 
 189      FFFFFFFF 
 189      FF
 190 07ea FFFFFFFF 		.ascii	"\377\377\377\377\377\377\377\377\377\377\377\377\377"
 190      FFFFFFFF 
 190      FFFFFFFF 
 190      FF
 191 07f7 FFFFFFFF 		.ascii	"\377\377\377\377\377\377\377\377\377\377\377\377\377"
 191      FFFFFFFF 
 191      FFFFFFFF 
 191      FF
 192 0804 FFFFFFFF 		.ascii	"\377\377\377\377\377\377\377\377\377\377\377\377\377"
 192      FFFFFFFF 
 192      FFFFFFFF 
 192      FF
 193 0811 FFFFFFFF 		.ascii	"\377\377\377\377\377\377\377\377\377\377\200\377\377"
 193      FFFFFFFF 
 193      FFFF80FF 
 193      FF
 194 081e 00FFFF00 		.ascii	"\000\377\377\000\377\377\000\377\377\000\377\377\000"
 194      FFFF00FF 
 194      FF00FFFF 
 194      00
 195 082b FFFF00FF 		.ascii	"\377\377\000\377\377\000\377\377\000\377\377\000\377"
 195      FF00FFFF 
 195      00FFFF00 
 195      FF
 196 0838 FF00FFFF 		.ascii	"\377\000\377\377\000\377\377\000\377\377\000\377\377"
 196      00FFFF00 
 196      FFFF00FF 
 196      FF
 197 0845 00FFFF00 		.ascii	"\000\377\377\000\377\377\000\377\377\000\377\377\000"
 197      FFFF00FF 
 197      FF00FFFF 
 197      00
ARM GAS  /tmp/cciLi1M2.s 			page 13


 198 0852 FFFF00FF 		.ascii	"\377\377\000\377\377\000\377\377\000\377\377\000\377"
 198      FF00FFFF 
 198      00FFFF00 
 198      FF
 199 085f FF00FFFF 		.ascii	"\377\000\377\377\000\377\377\000\377\377\000\377\377"
 199      00FFFF00 
 199      FFFF00FF 
 199      FF
 200 086c 00FFFF00 		.ascii	"\000\377\377\000\377\377\000\377\377\000\377\377\000"
 200      FFFF00FF 
 200      FF00FFFF 
 200      00
 201 0879 FFFF00FF 		.ascii	"\377\377\000\377\377\000\377\377\000\377\377\000\377"
 201      FF00FFFF 
 201      00FFFF00 
 201      FF
 202 0886 FF00FFFF 		.ascii	"\377\000\377\377\000\377\377\000\377\377\177\377\377"
 202      00FFFF00 
 202      FFFF7FFF 
 202      FF
 203 0893 FFFFFFFF 		.ascii	"\377\377\377\377\377\377\377\377\377\377\377\377\377"
 203      FFFFFFFF 
 203      FFFFFFFF 
 203      FF
 204 08a0 FFFFFFFF 		.ascii	"\377\377\377\377\377\377\377\377\377\377\377\377\377"
 204      FFFFFFFF 
 204      FFFFFFFF 
 204      FF
 205 08ad FFFFFFFF 		.ascii	"\377\377\377\377\377\377\377\377\377\377\377\377\377"
 205      FFFFFFFF 
 205      FFFFFFFF 
 205      FF
 206 08ba FFFFFFFF 		.ascii	"\377\377\377\377\377\377\377\377\377\377\377\377\377"
 206      FFFFFFFF 
 206      FFFFFFFF 
 206      FF
 207 08c7 FFFFFFFF 		.ascii	"\377\377\377\377\377\377\377\377\377\377\377\377\377"
 207      FFFFFFFF 
 207      FFFFFFFF 
 207      FF
 208 08d4 FFFFFFFF 		.ascii	"\377\377\377\377\377\377\377\377\377\377\377\377\377"
 208      FFFFFFFF 
 208      FFFFFFFF 
 208      FF
 209 08e1 FFFFFFFF 		.ascii	"\377\377\377\377\377\377\377\377\377\377\377\377\377"
 209      FFFFFFFF 
 209      FFFFFFFF 
 209      FF
 210 08ee FFFFFFFF 		.ascii	"\377\377\377\377\377\377\377\377\377\377\377\377\377"
 210      FFFFFFFF 
 210      FFFFFFFF 
 210      FF
 211 08fb FFFFFFFF 		.ascii	"\377\377\377\377\377\377\377\377\377\377\377\377\377"
 211      FFFFFFFF 
 211      FFFFFFFF 
 211      FF
 212 0908 80FFFF00 		.ascii	"\200\377\377\000\377\377\000\377\377\000\377\377\000"
ARM GAS  /tmp/cciLi1M2.s 			page 14


 212      FFFF00FF 
 212      FF00FFFF 
 212      00
 213 0915 FFFF00FF 		.ascii	"\377\377\000\377\377\000\377\377\000\377\377\000\377"
 213      FF00FFFF 
 213      00FFFF00 
 213      FF
 214 0922 FF00FFFF 		.ascii	"\377\000\377\377\000\377\377\000\377\377\000\377\377"
 214      00FFFF00 
 214      FFFF00FF 
 214      FF
 215 092f 00FFFF00 		.ascii	"\000\377\377\000\377\377\000\377\377\000\377\377\000"
 215      FFFF00FF 
 215      FF00FFFF 
 215      00
 216 093c FFFF00FF 		.ascii	"\377\377\000\377\377\000\377\377\000\377\377\000\377"
 216      FF00FFFF 
 216      00FFFF00 
 216      FF
 217 0949 FF00FFFF 		.ascii	"\377\000\377\377\000\377\377\000\377\377\000\377\377"
 217      00FFFF00 
 217      FFFF00FF 
 217      FF
 218 0956 00FFFF00 		.ascii	"\000\377\377\000\377\377\000\377\377\000\377\377\000"
 218      FFFF00FF 
 218      FF00FFFF 
 218      00
 219 0963 FFFF00FF 		.ascii	"\377\377\000\377\377\000\377\377\000\377\377\000\377"
 219      FF00FFFF 
 219      00FFFF00 
 219      FF
 220 0970 FF00FFFF 		.ascii	"\377\000\377\377\000\377\377\000\377\377\000\377\377"
 220      00FFFF00 
 220      FFFF00FF 
 220      FF
 221 097d 7FFFFFFF 		.ascii	"\177\377\377\377\377\377\377\377\377\377\377\377\377"
 221      FFFFFFFF 
 221      FFFFFFFF 
 221      FF
 222 098a FFFFFFFF 		.ascii	"\377\377\377\377\377\377\377\377\377\377\377\377\377"
 222      FFFFFFFF 
 222      FFFFFFFF 
 222      FF
 223 0997 FFFFFFFF 		.ascii	"\377\377\377\377\377\377\377\377\377\377\377\377\377"
 223      FFFFFFFF 
 223      FFFFFFFF 
 223      FF
 224 09a4 FFFFFFFF 		.ascii	"\377\377\377\377\377\377\377\377\377\377\377\377\377"
 224      FFFFFFFF 
 224      FFFFFFFF 
 224      FF
 225 09b1 FFFFFFFF 		.ascii	"\377\377\377\377\377\377\377\377\377\377\377\377\377"
 225      FFFFFFFF 
 225      FFFFFFFF 
 225      FF
 226 09be FFFFFFFF 		.ascii	"\377\377\377\377\377\377\377\377\377\377\377\377\377"
 226      FFFFFFFF 
ARM GAS  /tmp/cciLi1M2.s 			page 15


 226      FFFFFFFF 
 226      FF
 227 09cb FFFFFFFF 		.ascii	"\377\377\377\377\377\377\377\377\377\377\377\377\377"
 227      FFFFFFFF 
 227      FFFFFFFF 
 227      FF
 228 09d8 FFFFFFFF 		.ascii	"\377\377\377\377\377\377\377\377\377\377\377\377\377"
 228      FFFFFFFF 
 228      FFFFFFFF 
 228      FF
 229 09e5 FFFFFFFF 		.ascii	"\377\377\377\377\377\377\377\377\377\377\377\377\377"
 229      FFFFFFFF 
 229      FFFFFFFF 
 229      FF
 230 09f2 FFFFFF80 		.ascii	"\377\377\377\200\377\377\000\377\377\000\377\377\000"
 230      FFFF00FF 
 230      FF00FFFF 
 230      00
 231 09ff FFFF00FF 		.ascii	"\377\377\000\377\377\000\377\377\000\377\377\000\377"
 231      FF00FFFF 
 231      00FFFF00 
 231      FF
 232 0a0c FF00FFFF 		.ascii	"\377\000\377\377\000\377\377\000\377\377\000\377\377"
 232      00FFFF00 
 232      FFFF00FF 
 232      FF
 233 0a19 00FFFF00 		.ascii	"\000\377\377\000\377\377\000\377\377\000\377\377\000"
 233      FFFF00FF 
 233      FF00FFFF 
 233      00
 234 0a26 FFFF00FF 		.ascii	"\377\377\000\377\377\000\377\377\000\377\377\000\377"
 234      FF00FFFF 
 234      00FFFF00 
 234      FF
 235 0a33 FF00FFFF 		.ascii	"\377\000\377\377\000\377\377\000\377\377\000\377\377"
 235      00FFFF00 
 235      FFFF00FF 
 235      FF
 236 0a40 00FFFF00 		.ascii	"\000\377\377\000\377\377\000\377\377\000\377\377\000"
 236      FFFF00FF 
 236      FF00FFFF 
 236      00
 237 0a4d FFFF00FF 		.ascii	"\377\377\000\377\377\000\377\377\000\377\377\000\377"
 237      FF00FFFF 
 237      00FFFF00 
 237      FF
 238 0a5a FF00FFFF 		.ascii	"\377\000\377\377\000\377\377\000\377\377\000\377\377"
 238      00FFFF00 
 238      FFFF00FF 
 238      FF
 239 0a67 00FFFF7F 		.ascii	"\000\377\377\177\377\377\377\377\377\377\377\377\377"
 239      FFFFFFFF 
 239      FFFFFFFF 
 239      FF
 240 0a74 FFFFFFFF 		.ascii	"\377\377\377\377\377\377\377\377\377\377\377\377\377"
 240      FFFFFFFF 
 240      FFFFFFFF 
ARM GAS  /tmp/cciLi1M2.s 			page 16


 240      FF
 241 0a81 FFFFFFFF 		.ascii	"\377\377\377\377\377\377\377\377\377\377\377\377\377"
 241      FFFFFFFF 
 241      FFFFFFFF 
 241      FF
 242 0a8e FFFFFFFF 		.ascii	"\377\377\377\377\377\377\377\377\377\377\377\377\377"
 242      FFFFFFFF 
 242      FFFFFFFF 
 242      FF
 243 0a9b FFFFFFFF 		.ascii	"\377\377\377\377\377\377\377\377\377\377\377\377\377"
 243      FFFFFFFF 
 243      FFFFFFFF 
 243      FF
 244 0aa8 FFFFFFFF 		.ascii	"\377\377\377\377\377\377\377\377\377\377\377\377\377"
 244      FFFFFFFF 
 244      FFFFFFFF 
 244      FF
 245 0ab5 FFFFFFFF 		.ascii	"\377\377\377\377\377\377\377\377\377\377\377\377\377"
 245      FFFFFFFF 
 245      FFFFFFFF 
 245      FF
 246 0ac2 FFFFFFFF 		.ascii	"\377\377\377\377\377\377\377\377\377\377\377\377\377"
 246      FFFFFFFF 
 246      FFFFFFFF 
 246      FF
 247 0acf FFFFFFFF 		.ascii	"\377\377\377\377\377\377\377\377\377\377\377\377\377"
 247      FFFFFFFF 
 247      FFFFFFFF 
 247      FF
 248 0adc FFFFFFFF 		.ascii	"\377\377\377\377\377\377\200\377\377\000\377\377\000"
 248      FFFF80FF 
 248      FF00FFFF 
 248      00
 249 0ae9 FFFF00FF 		.ascii	"\377\377\000\377\377\000\377\377\000\377\377\000\377"
 249      FF00FFFF 
 249      00FFFF00 
 249      FF
 250 0af6 FF00FFFF 		.ascii	"\377\000\377\377\000\377\377\000\377\377\000\377\377"
 250      00FFFF00 
 250      FFFF00FF 
 250      FF
 251 0b03 00FFFF00 		.ascii	"\000\377\377\000\377\377\000\377\377\000\377\377\000"
 251      FFFF00FF 
 251      FF00FFFF 
 251      00
 252 0b10 FFFF00FF 		.ascii	"\377\377\000\377\377\000\377\377\000\377\377\000\377"
 252      FF00FFFF 
 252      00FFFF00 
 252      FF
 253 0b1d FF00FFFF 		.ascii	"\377\000\377\377\000\377\377\000\377\377\000\377\377"
 253      00FFFF00 
 253      FFFF00FF 
 253      FF
 254 0b2a 00FFFF00 		.ascii	"\000\377\377\000\377\377\000\377\377\000\377\377\000"
 254      FFFF00FF 
 254      FF00FFFF 
 254      00
ARM GAS  /tmp/cciLi1M2.s 			page 17


 255 0b37 FFFF00FF 		.ascii	"\377\377\000\377\377\000\377\377\000\377\377\000\377"
 255      FF00FFFF 
 255      00FFFF00 
 255      FF
 256 0b44 FF00FFFF 		.ascii	"\377\000\377\377\000\377\377\000\377\377\000\377\377"
 256      00FFFF00 
 256      FFFF00FF 
 256      FF
 257 0b51 00FFFF00 		.ascii	"\000\377\377\000\377\377\177\377\377\377\377\377\377"
 257      FFFF7FFF 
 257      FFFFFFFF 
 257      FF
 258 0b5e FFFFFFFF 		.ascii	"\377\377\377\377\377\377\377\377\377\377\377\377\377"
 258      FFFFFFFF 
 258      FFFFFFFF 
 258      FF
 259 0b6b FFFFFFFF 		.ascii	"\377\377\377\377\377\377\377\377\377\377\377\377\377"
 259      FFFFFFFF 
 259      FFFFFFFF 
 259      FF
 260 0b78 FFFFFFFF 		.ascii	"\377\377\377\377\377\377\377\377\377\377\377\377\377"
 260      FFFFFFFF 
 260      FFFFFFFF 
 260      FF
 261 0b85 FFFFFFFF 		.ascii	"\377\377\377\377\377\377\377\377\377\377\377\377\377"
 261      FFFFFFFF 
 261      FFFFFFFF 
 261      FF
 262 0b92 FFFFFFFF 		.ascii	"\377\377\377\377\377\377\377\377\377\377\377\377\377"
 262      FFFFFFFF 
 262      FFFFFFFF 
 262      FF
 263 0b9f FFFFFFFF 		.ascii	"\377\377\377\377\377\377\377\377\377\377\377\377\377"
 263      FFFFFFFF 
 263      FFFFFFFF 
 263      FF
 264 0bac FFFFFFFF 		.ascii	"\377\377\377\377\377\377\377\377\377\377\377\377\377"
 264      FFFFFFFF 
 264      FFFFFFFF 
 264      FF
 265 0bb9 FFFFFFFF 		.ascii	"\377\377\377\377\377\377\377\377\377\377\377\377\377"
 265      FFFFFFFF 
 265      FFFFFFFF 
 265      FF
 266 0bc6 FFFFFFFF 		.ascii	"\377\377\377\377\377\377\377\377\377\200\377\377\000"
 266      FFFFFFFF 
 266      FF80FFFF 
 266      00
 267 0bd3 FFFF00FF 		.ascii	"\377\377\000\377\377\000\377\377\000\377\377\000\377"
 267      FF00FFFF 
 267      00FFFF00 
 267      FF
 268 0be0 FF00FFFF 		.ascii	"\377\000\377\377\000\377\377\000\377\377\000\377\377"
 268      00FFFF00 
 268      FFFF00FF 
 268      FF
 269 0bed 00FFFF00 		.ascii	"\000\377\377\000\377\377\000\377\377\000\377\377\000"
ARM GAS  /tmp/cciLi1M2.s 			page 18


 269      FFFF00FF 
 269      FF00FFFF 
 269      00
 270 0bfa FFFF00FF 		.ascii	"\377\377\000\377\377\000\377\377\000\377\377\000\377"
 270      FF00FFFF 
 270      00FFFF00 
 270      FF
 271 0c07 FF00FFFF 		.ascii	"\377\000\377\377\000\377\377\000\377\377\000\377\377"
 271      00FFFF00 
 271      FFFF00FF 
 271      FF
 272 0c14 00FFFF00 		.ascii	"\000\377\377\000\377\377\000\377\377\000\377\377\000"
 272      FFFF00FF 
 272      FF00FFFF 
 272      00
 273 0c21 FFFF00FF 		.ascii	"\377\377\000\377\377\000\377\377\000\377\377\000\377"
 273      FF00FFFF 
 273      00FFFF00 
 273      FF
 274 0c2e FF00FFFF 		.ascii	"\377\000\377\377\000\377\377\000\377\377\000\377\377"
 274      00FFFF00 
 274      FFFF00FF 
 274      FF
 275 0c3b 00FFFF00 		.ascii	"\000\377\377\000\377\377\000\377\377\177\377\377\377"
 275      FFFF00FF 
 275      FF7FFFFF 
 275      FF
 276 0c48 FFFFFFFF 		.ascii	"\377\377\377\377\377\377\377\377\377\377\377\377\377"
 276      FFFFFFFF 
 276      FFFFFFFF 
 276      FF
 277 0c55 FFFFFFFF 		.ascii	"\377\377\377\377\377\377\377\377\377\377\377\377\377"
 277      FFFFFFFF 
 277      FFFFFFFF 
 277      FF
 278 0c62 FFFFFFFF 		.ascii	"\377\377\377\377\377\377\377\377\377\377\377\377\377"
 278      FFFFFFFF 
 278      FFFFFFFF 
 278      FF
 279 0c6f FFFFFFFF 		.ascii	"\377\377\377\377\377\377\377\377\377\377\377\377\377"
 279      FFFFFFFF 
 279      FFFFFFFF 
 279      FF
 280 0c7c FFFFFFFF 		.ascii	"\377\377\377\377\377\377\377\377\377\377\377\377\377"
 280      FFFFFFFF 
 280      FFFFFFFF 
 280      FF
 281 0c89 FFFFFFFF 		.ascii	"\377\377\377\377\377\377\377\377\377\377\377\377\377"
 281      FFFFFFFF 
 281      FFFFFFFF 
 281      FF
 282 0c96 FFFFFFFF 		.ascii	"\377\377\377\377\377\377\377\377\377\377\377\377\377"
 282      FFFFFFFF 
 282      FFFFFFFF 
 282      FF
 283 0ca3 FFFFFFFF 		.ascii	"\377\377\377\377\377\377\377\377\377\377\377\377\377"
 283      FFFFFFFF 
ARM GAS  /tmp/cciLi1M2.s 			page 19


 283      FFFFFFFF 
 283      FF
 284 0cb0 FFFFFFFF 		.ascii	"\377\377\377\377\377\377\377\377\377\377\377\377\200"
 284      FFFFFFFF 
 284      FFFFFFFF 
 284      80
 285 0cbd FFFF00FF 		.ascii	"\377\377\000\377\377\000\377\377\000\377\377\000\377"
 285      FF00FFFF 
 285      00FFFF00 
 285      FF
 286 0cca FF00FFFF 		.ascii	"\377\000\377\377\000\377\377\000\377\377\000\377\377"
 286      00FFFF00 
 286      FFFF00FF 
 286      FF
 287 0cd7 00FFFF00 		.ascii	"\000\377\377\000\377\377\000\377\377\000\377\377\000"
 287      FFFF00FF 
 287      FF00FFFF 
 287      00
 288 0ce4 FFFF00FF 		.ascii	"\377\377\000\377\377\000\377\377\000\377\377\000\377"
 288      FF00FFFF 
 288      00FFFF00 
 288      FF
 289 0cf1 FF00FFFF 		.ascii	"\377\000\377\377\000\377\377\000\377\377\000\377\377"
 289      00FFFF00 
 289      FFFF00FF 
 289      FF
 290 0cfe 00FFFF00 		.ascii	"\000\377\377\000\377\377\000\377\377\000\377\377\000"
 290      FFFF00FF 
 290      FF00FFFF 
 290      00
 291 0d0b FFFF00FF 		.ascii	"\377\377\000\377\377\000\377\377\000\377\377\000\377"
 291      FF00FFFF 
 291      00FFFF00 
 291      FF
 292 0d18 FF00FFFF 		.ascii	"\377\000\377\377\000\377\377\000\377\377\000\377\377"
 292      00FFFF00 
 292      FFFF00FF 
 292      FF
 293 0d25 00FFFF00 		.ascii	"\000\377\377\000\377\377\000\377\377\000\377\377\177"
 293      FFFF00FF 
 293      FF00FFFF 
 293      7F
 294 0d32 FFFFFFFF 		.ascii	"\377\377\377\377\377\377\377\377\377\377\377\377\377"
 294      FFFFFFFF 
 294      FFFFFFFF 
 294      FF
 295 0d3f FFFFFFFF 		.ascii	"\377\377\377\377\377\377\377\377\377\377\377\377\377"
 295      FFFFFFFF 
 295      FFFFFFFF 
 295      FF
 296 0d4c FFFFFFFF 		.ascii	"\377\377\377\377\377\377\377\377\377\377\377\377\377"
 296      FFFFFFFF 
 296      FFFFFFFF 
 296      FF
 297 0d59 FFFFFFFF 		.ascii	"\377\377\377\377\377\377\377\377\377\377\377\377\377"
 297      FFFFFFFF 
 297      FFFFFFFF 
ARM GAS  /tmp/cciLi1M2.s 			page 20


 297      FF
 298 0d66 FFFFFFFF 		.ascii	"\377\377\377\377\377\377\377\377\377\377\377\377\377"
 298      FFFFFFFF 
 298      FFFFFFFF 
 298      FF
 299 0d73 FFFFFFFF 		.ascii	"\377\377\377\377\377\377\377\377\377\377\377\377\377"
 299      FFFFFFFF 
 299      FFFFFFFF 
 299      FF
 300 0d80 FFFFFFFF 		.ascii	"\377\377\377\377\377\377\377\377\377\377\377\377\377"
 300      FFFFFFFF 
 300      FFFFFFFF 
 300      FF
 301 0d8d FFFFFFFF 		.ascii	"\377\377\377\377\377\377\377\377\377\377\377\377\377"
 301      FFFFFFFF 
 301      FFFFFFFF 
 301      FF
 302 0d9a FFFFFFFF 		.ascii	"\377\377\377\377\377\377\377\377\377\377\377\377\377"
 302      FFFFFFFF 
 302      FFFFFFFF 
 302      FF
 303 0da7 FFFF80FF 		.ascii	"\377\377\200\377\377\000\377\377\000\377\377\000\377"
 303      FF00FFFF 
 303      00FFFF00 
 303      FF
 304 0db4 FF00FFFF 		.ascii	"\377\000\377\377\000\377\377\000\377\377\000\377\377"
 304      00FFFF00 
 304      FFFF00FF 
 304      FF
 305 0dc1 00FFFF00 		.ascii	"\000\377\377\000\377\377\000\377\377\000\377\377\000"
 305      FFFF00FF 
 305      FF00FFFF 
 305      00
 306 0dce FFFF00FF 		.ascii	"\377\377\000\377\377\000\377\377\000\377\377\000\377"
 306      FF00FFFF 
 306      00FFFF00 
 306      FF
 307 0ddb FF00FFFF 		.ascii	"\377\000\377\377\000\377\377\000\377\377\000\377\377"
 307      00FFFF00 
 307      FFFF00FF 
 307      FF
 308 0de8 00FFFF00 		.ascii	"\000\377\377\000\377\377\000\377\377\000\377\377\000"
 308      FFFF00FF 
 308      FF00FFFF 
 308      00
 309 0df5 FFFF00FF 		.ascii	"\377\377\000\377\377\000\377\377\000\377\377\000\377"
 309      FF00FFFF 
 309      00FFFF00 
 309      FF
 310 0e02 FF00FFFF 		.ascii	"\377\000\377\377\000\377\377\000\377\377\000\377\377"
 310      00FFFF00 
 310      FFFF00FF 
 310      FF
 311 0e0f 00FFFF00 		.ascii	"\000\377\377\000\377\377\000\377\377\000\377\377\000"
 311      FFFF00FF 
 311      FF00FFFF 
 311      00
ARM GAS  /tmp/cciLi1M2.s 			page 21


 312 0e1c FFFF7FFF 		.ascii	"\377\377\177\377\377\377\377\377\377\377\377\377\377"
 312      FFFFFFFF 
 312      FFFFFFFF 
 312      FF
 313 0e29 FFFFFFFF 		.ascii	"\377\377\377\377\377\377\377\377\377\377\377\377\377"
 313      FFFFFFFF 
 313      FFFFFFFF 
 313      FF
 314 0e36 FFFFFFFF 		.ascii	"\377\377\377\377\377\377\377\377\377\377\377\377\377"
 314      FFFFFFFF 
 314      FFFFFFFF 
 314      FF
 315 0e43 FFFFFFFF 		.ascii	"\377\377\377\377\377\377\377\377\377\377\377\377\377"
 315      FFFFFFFF 
 315      FFFFFFFF 
 315      FF
 316 0e50 FFFFFFFF 		.ascii	"\377\377\377\377\377\377\377\377\377\377\377\377\377"
 316      FFFFFFFF 
 316      FFFFFFFF 
 316      FF
 317 0e5d FFFFFFFF 		.ascii	"\377\377\377\377\377\377\377\377\377\377\377\377\377"
 317      FFFFFFFF 
 317      FFFFFFFF 
 317      FF
 318 0e6a FFFFFFFF 		.ascii	"\377\377\377\377\377\377\377\377\377\377\377\377\377"
 318      FFFFFFFF 
 318      FFFFFFFF 
 318      FF
 319 0e77 FFFFFFFF 		.ascii	"\377\377\377\377\377\377\377\377\377\377\377\377\377"
 319      FFFFFFFF 
 319      FFFFFFFF 
 319      FF
 320 0e84 FFFFFFFF 		.ascii	"\377\377\377\377\377\377\377\377\377\377\377\377\377"
 320      FFFFFFFF 
 320      FFFFFFFF 
 320      FF
 321 0e91 FFFFFFFF 		.ascii	"\377\377\377\377\377\200\377\377\000\377\377\000\377"
 321      FF80FFFF 
 321      00FFFF00 
 321      FF
 322 0e9e FF00FFFF 		.ascii	"\377\000\377\377\000\377\377\000\377\377\000\377\377"
 322      00FFFF00 
 322      FFFF00FF 
 322      FF
 323 0eab 00FFFF00 		.ascii	"\000\377\377\000\377\377\000\377\377\000\377\377\000"
 323      FFFF00FF 
 323      FF00FFFF 
 323      00
 324 0eb8 FFFF00FF 		.ascii	"\377\377\000\377\377\000\377\377\000\377\377\000\377"
 324      FF00FFFF 
 324      00FFFF00 
 324      FF
 325 0ec5 FF00FFFF 		.ascii	"\377\000\377\377\000\377\377\000\377\377\000\377\377"
 325      00FFFF00 
 325      FFFF00FF 
 325      FF
 326 0ed2 00FFFF00 		.ascii	"\000\377\377\000\377\377\000\377\377\000\377\377\000"
ARM GAS  /tmp/cciLi1M2.s 			page 22


 326      FFFF00FF 
 326      FF00FFFF 
 326      00
 327 0edf FFFF00FF 		.ascii	"\377\377\000\377\377\000\377\377\000\377\377\000\377"
 327      FF00FFFF 
 327      00FFFF00 
 327      FF
 328 0eec FF00FFFF 		.ascii	"\377\000\377\377\000\377\377\000\377\377\000\377\377"
 328      00FFFF00 
 328      FFFF00FF 
 328      FF
 329 0ef9 00FFFF00 		.ascii	"\000\377\377\000\377\377\000\377\377\000\377\377\000"
 329      FFFF00FF 
 329      FF00FFFF 
 329      00
 330 0f06 FFFF00FF 		.ascii	"\377\377\000\377\377\177\377\377\377\377\377\377\377"
 330      FF7FFFFF 
 330      FFFFFFFF 
 330      FF
 331 0f13 FFFFFFFF 		.ascii	"\377\377\377\377\377\377\377\377\377\377\377\377\377"
 331      FFFFFFFF 
 331      FFFFFFFF 
 331      FF
 332 0f20 FFFFFFFF 		.ascii	"\377\377\377\377\377\377\377\377\377\377\377\377\377"
 332      FFFFFFFF 
 332      FFFFFFFF 
 332      FF
 333 0f2d FFFFFFFF 		.ascii	"\377\377\377\377\377\377\377\377\377\377\377\377\377"
 333      FFFFFFFF 
 333      FFFFFFFF 
 333      FF
 334 0f3a FFFFFFFF 		.ascii	"\377\377\377\377\377\377\377\377\377\377\377\377\377"
 334      FFFFFFFF 
 334      FFFFFFFF 
 334      FF
 335 0f47 FFFFFFFF 		.ascii	"\377\377\377\377\377\377\377\377\377\377\377\377\377"
 335      FFFFFFFF 
 335      FFFFFFFF 
 335      FF
 336 0f54 FFFFFFFF 		.ascii	"\377\377\377\377\377\377\377\377\377\377\377\377\377"
 336      FFFFFFFF 
 336      FFFFFFFF 
 336      FF
 337 0f61 FFFFFFFF 		.ascii	"\377\377\377\377\377\377\377\377\377\377\377\377\377"
 337      FFFFFFFF 
 337      FFFFFFFF 
 337      FF
 338 0f6e FFFFFFFF 		.ascii	"\377\377\377\377\377\377\377\377\377\377\377\377\377"
 338      FFFFFFFF 
 338      FFFFFFFF 
 338      FF
 339 0f7b FFFFFFFF 		.ascii	"\377\377\377\377\377\377\377\377\200\377\377\000\377"
 339      FFFFFFFF 
 339      80FFFF00 
 339      FF
 340 0f88 FF00FFFF 		.ascii	"\377\000\377\377\000\377\377\000\377\377\000\377\377"
 340      00FFFF00 
ARM GAS  /tmp/cciLi1M2.s 			page 23


 340      FFFF00FF 
 340      FF
 341 0f95 00FFFF00 		.ascii	"\000\377\377\000\377\377\000\377\377\000\377"
 341      FFFF00FF 
 341      FF00FF
 342 0fa0 FF00FFFF 		.ascii	"\377\000\377\377\000\377\377\000\377\377\000\377\377"
 342      00FFFF00 
 342      FFFF00FF 
 342      FF
 343 0fad 00FFFF00 		.ascii	"\000\377\377\000\377\377\000\377\377\000\377\377\000"
 343      FFFF00FF 
 343      FF00FFFF 
 343      00
 344 0fba FFFF00FF 		.ascii	"\377\377\000\377\377\000\377\377\000\377\377\000\377"
 344      FF00FFFF 
 344      00FFFF00 
 344      FF
 345 0fc7 FF00FFFF 		.ascii	"\377\000\377\377\000\377\377\000\377\377\000\377\377"
 345      00FFFF00 
 345      FFFF00FF 
 345      FF
 346 0fd4 00FFFF00 		.ascii	"\000\377\377\000\377\377\000\377\377\000\377\377\000"
 346      FFFF00FF 
 346      FF00FFFF 
 346      00
 347 0fe1 FFFF00FF 		.ascii	"\377\377\000\377\377\000\377\377\000\377\377\000\377"
 347      FF00FFFF 
 347      00FFFF00 
 347      FF
 348 0fee FF00FFFF 		.ascii	"\377\000\377\377\000\377\377\000\377\377\177\377\377"
 348      00FFFF00 
 348      FFFF7FFF 
 348      FF
 349 0ffb FFFFFFFF 		.ascii	"\377\377\377\377\377\377\377\377\377\377\377\377\377"
 349      FFFFFFFF 
 349      FFFFFFFF 
 349      FF
 350 1008 FFFFFFFF 		.ascii	"\377\377\377\377\377\377\377\377\377\377\377\377\377"
 350      FFFFFFFF 
 350      FFFFFFFF 
 350      FF
 351 1015 FFFFFFFF 		.ascii	"\377\377\377\377\377\377\377\377\377\377\377\377\377"
 351      FFFFFFFF 
 351      FFFFFFFF 
 351      FF
 352 1022 FFFFFFFF 		.ascii	"\377\377\377\377\377\377\377\377\377\377\377\377\377"
 352      FFFFFFFF 
 352      FFFFFFFF 
 352      FF
 353 102f FFFFFFFF 		.ascii	"\377\377\377\377\377\377\377\377\377\377\377\377\377"
 353      FFFFFFFF 
 353      FFFFFFFF 
 353      FF
 354 103c FFFFFFFF 		.ascii	"\377\377\377\377\377\377\377\377\377\377\377\377\377"
 354      FFFFFFFF 
 354      FFFFFFFF 
 354      FF
ARM GAS  /tmp/cciLi1M2.s 			page 24


 355 1049 FFFFFFFF 		.ascii	"\377\377\377\377\377\377\377\377\377\377\377\377\377"
 355      FFFFFFFF 
 355      FFFFFFFF 
 355      FF
 356 1056 FFFFFFFF 		.ascii	"\377\377\377\377\377\377\377\377\377\377\377\377\377"
 356      FFFFFFFF 
 356      FFFFFFFF 
 356      FF
 357 1063 FFFFFFFF 		.ascii	"\377\377\377\377\377\377\377\377\377\377\377\377\377"
 357      FFFFFFFF 
 357      FFFFFFFF 
 357      FF
 358 1070 80FFFF00 		.ascii	"\200\377\377\000\377\377\000\377\377\000\377\377\000"
 358      FFFF00FF 
 358      FF00FFFF 
 358      00
 359 107d FFFF00FF 		.ascii	"\377\377\000\377\377\000\377\377\000\377\377\000\377"
 359      FF00FFFF 
 359      00FFFF00 
 359      FF
 360 108a FF00FFFF 		.ascii	"\377\000\377\377\000\377\377\000\377\377\000\377\377"
 360      00FFFF00 
 360      FFFF00FF 
 360      FF
 361 1097 00FFFF00 		.ascii	"\000\377\377\000\377\377\000\377\377\000\377\377\000"
 361      FFFF00FF 
 361      FF00FFFF 
 361      00
 362 10a4 FFFF00FF 		.ascii	"\377\377\000\377\377\000\377\377\000\377\377\000\377"
 362      FF00FFFF 
 362      00FFFF00 
 362      FF
 363 10b1 FF00FFFF 		.ascii	"\377\000\377\377\000\377\377\000\377\377\000\377\377"
 363      00FFFF00 
 363      FFFF00FF 
 363      FF
 364 10be 00FFFF00 		.ascii	"\000\377\377\000\377\377\000\377\377\000\377\377\000"
 364      FFFF00FF 
 364      FF00FFFF 
 364      00
 365 10cb FFFF00FF 		.ascii	"\377\377\000\377\377\000\377\377\000\377\377\000\377"
 365      FF00FFFF 
 365      00FFFF00 
 365      FF
 366 10d8 FF00FFFF 		.ascii	"\377\000\377\377\000\377\377\000\377\377\000\377\377"
 366      00FFFF00 
 366      FFFF00FF 
 366      FF
 367 10e5 7FFFFFFF 		.ascii	"\177\377\377\377\377\377\377\377\377\377\377\377\377"
 367      FFFFFFFF 
 367      FFFFFFFF 
 367      FF
 368 10f2 FFFFFFFF 		.ascii	"\377\377\377\377\377\377\377\377\377\377\377\377\377"
 368      FFFFFFFF 
 368      FFFFFFFF 
 368      FF
 369 10ff FFFFFFFF 		.ascii	"\377\377\377\377\377\377\377\377\377\377\377\377\377"
ARM GAS  /tmp/cciLi1M2.s 			page 25


 369      FFFFFFFF 
 369      FFFFFFFF 
 369      FF
 370 110c FFFFFFFF 		.ascii	"\377\377\377\377\377\377\377\377\377\377\377\377\377"
 370      FFFFFFFF 
 370      FFFFFFFF 
 370      FF
 371 1119 FFFFFFFF 		.ascii	"\377\377\377\377\377\377\377\377\377\377\377\377\377"
 371      FFFFFFFF 
 371      FFFFFFFF 
 371      FF
 372 1126 FFFFFFFF 		.ascii	"\377\377\377\377\377\377\377\377\377\377\377\377\377"
 372      FFFFFFFF 
 372      FFFFFFFF 
 372      FF
 373 1133 FFFFFFFF 		.ascii	"\377\377\377\377\377\377\377\377\377\377\377\377\377"
 373      FFFFFFFF 
 373      FFFFFFFF 
 373      FF
 374 1140 FFFFFFFF 		.ascii	"\377\377\377\377\377\377\377\377\377\377\377\377\377"
 374      FFFFFFFF 
 374      FFFFFFFF 
 374      FF
 375 114d FFFFFFFF 		.ascii	"\377\377\377\377\377\377\377\377\377\377\377\377\377"
 375      FFFFFFFF 
 375      FFFFFFFF 
 375      FF
 376 115a FFFFFF80 		.ascii	"\377\377\377\200\377\377\000\377\377\000\377\377\000"
 376      FFFF00FF 
 376      FF00FFFF 
 376      00
 377 1167 FFFF00FF 		.ascii	"\377\377\000\377\377\000\377\377\000\377\377\000\377"
 377      FF00FFFF 
 377      00FFFF00 
 377      FF
 378 1174 FF00FFFF 		.ascii	"\377\000\377\377\000\377\377\000\377\377\000\377\377"
 378      00FFFF00 
 378      FFFF00FF 
 378      FF
 379 1181 00FFFF00 		.ascii	"\000\377\377\000\377\377\000\377\377\000\377\377\000"
 379      FFFF00FF 
 379      FF00FFFF 
 379      00
 380 118e FFFF00FF 		.ascii	"\377\377\000\377\377\000\377\377\000\377\377\000\377"
 380      FF00FFFF 
 380      00FFFF00 
 380      FF
 381 119b FF00FFFF 		.ascii	"\377\000\377\377\000\377\377\000\377\377\000\377\377"
 381      00FFFF00 
 381      FFFF00FF 
 381      FF
 382 11a8 00FFFF00 		.ascii	"\000\377\377\000\377\377\000\377\377\000\377\377\000"
 382      FFFF00FF 
 382      FF00FFFF 
 382      00
 383 11b5 FFFF00FF 		.ascii	"\377\377\000\377\377\000\377\377\000\377\377\000\377"
 383      FF00FFFF 
ARM GAS  /tmp/cciLi1M2.s 			page 26


 383      00FFFF00 
 383      FF
 384 11c2 FF00FFFF 		.ascii	"\377\000\377\377\000\377\377\000\377\377\000\377\377"
 384      00FFFF00 
 384      FFFF00FF 
 384      FF
 385 11cf 00FFFF7F 		.ascii	"\000\377\377\177\377\377\377\377\377\377\377\377\377"
 385      FFFFFFFF 
 385      FFFFFFFF 
 385      FF
 386 11dc FFFFFFFF 		.ascii	"\377\377\377\377\377\377\377\377\377\377\377\377\377"
 386      FFFFFFFF 
 386      FFFFFFFF 
 386      FF
 387 11e9 FFFFFFFF 		.ascii	"\377\377\377\377\377\377\377\377\377\377\377\377\377"
 387      FFFFFFFF 
 387      FFFFFFFF 
 387      FF
 388 11f6 FFFFFFFF 		.ascii	"\377\377\377\377\377\377\377\377\377\377\377\377\377"
 388      FFFFFFFF 
 388      FFFFFFFF 
 388      FF
 389 1203 FFFFFFFF 		.ascii	"\377\377\377\377\377\377\377\377\377\377\377\377\377"
 389      FFFFFFFF 
 389      FFFFFFFF 
 389      FF
 390 1210 FFFFFFFF 		.ascii	"\377\377\377\377\377\377\377\377\377\377\377\377\377"
 390      FFFFFFFF 
 390      FFFFFFFF 
 390      FF
 391 121d FFFFFFFF 		.ascii	"\377\377\377\377\377\377\377\377\377\377\377\377\377"
 391      FFFFFFFF 
 391      FFFFFFFF 
 391      FF
 392 122a FFFFFFFF 		.ascii	"\377\377\377\377\377\377\377\377\377\377\377\377\377"
 392      FFFFFFFF 
 392      FFFFFFFF 
 392      FF
 393 1237 FFFFFFFF 		.ascii	"\377\377\377\377\377\377\377\377\377\377\377\377\377"
 393      FFFFFFFF 
 393      FFFFFFFF 
 393      FF
 394 1244 FFFFFFFF 		.ascii	"\377\377\377\377\377\377\200\377\377\000\377\377\000"
 394      FFFF80FF 
 394      FF00FFFF 
 394      00
 395 1251 FFFF00FF 		.ascii	"\377\377\000\377\377\000\377\377\000\377\377\000\377"
 395      FF00FFFF 
 395      00FFFF00 
 395      FF
 396 125e FF00FFFF 		.ascii	"\377\000\377\377\000\377\377\000\377\377\000\377\377"
 396      00FFFF00 
 396      FFFF00FF 
 396      FF
 397 126b 00FFFF00 		.ascii	"\000\377\377\000\377\377\000\377\377\000\377\377\000"
 397      FFFF00FF 
 397      FF00FFFF 
ARM GAS  /tmp/cciLi1M2.s 			page 27


 397      00
 398 1278 FFFF00FF 		.ascii	"\377\377\000\377\377\000\377\377\000\377\377\000\377"
 398      FF00FFFF 
 398      00FFFF00 
 398      FF
 399 1285 FF00FFFF 		.ascii	"\377\000\377\377\000\377\377\000\377\377\000\377\377"
 399      00FFFF00 
 399      FFFF00FF 
 399      FF
 400 1292 00FFFF00 		.ascii	"\000\377\377\000\377\377\000\377\377\000\377\377\000"
 400      FFFF00FF 
 400      FF00FFFF 
 400      00
 401 129f FFFF00FF 		.ascii	"\377\377\000\377\377\000\377\377\000\377\377\000\377"
 401      FF00FFFF 
 401      00FFFF00 
 401      FF
 402 12ac FF00FFFF 		.ascii	"\377\000\377\377\000\377\377\000\377\377\000\377\377"
 402      00FFFF00 
 402      FFFF00FF 
 402      FF
 403 12b9 00FFFF00 		.ascii	"\000\377\377\000\377\377\000"
 403      FFFF00
 404              		.text
 405              	.Letext0:
 406              		.file 1 "/home/akinya/gcc-arm-none-eabi/arm-none-eabi/include/machine/_default_types.h"
 407              		.file 2 "/home/akinya/gcc-arm-none-eabi/arm-none-eabi/include/sys/_stdint.h"
 408              		.file 3 "Middlewares/lvgl/src/core/lv_obj.h"
 409              		.file 4 "Middlewares/lvgl/src/core/../draw/lv_img_buf.h"
 410              		.file 5 "Middlewares/lvgl/src/widgets/lv_bar.h"
 411              		.file 6 "Middlewares/lvgl/src/extra/widgets/imgbtn/lv_imgbtn.h"
 412              		.file 7 "Middlewares/lvgl/examples/assets/img_skew_strip.c"
ARM GAS  /tmp/cciLi1M2.s 			page 28


DEFINED SYMBOLS
                            *ABS*:0000000000000000 img_skew_strip.c
     /tmp/cciLi1M2.s:22     .rodata.img_skew_strip:0000000000000000 img_skew_strip
     /tmp/cciLi1M2.s:33     .rodata.img_skew_strip_map:0000000000000000 img_skew_strip_map
     /tmp/cciLi1M2.s:19     .rodata.img_skew_strip:0000000000000000 $d
     /tmp/cciLi1M2.s:30     .rodata.img_skew_strip_map:0000000000000000 $d

NO UNDEFINED SYMBOLS
