ARM GAS  /tmp/cc7hh5eE.s 			page 1


   1              		.cpu cortex-m7
   2              		.eabi_attribute 28, 1
   3              		.eabi_attribute 20, 1
   4              		.eabi_attribute 21, 1
   5              		.eabi_attribute 23, 3
   6              		.eabi_attribute 24, 1
   7              		.eabi_attribute 25, 1
   8              		.eabi_attribute 26, 1
   9              		.eabi_attribute 30, 1
  10              		.eabi_attribute 34, 1
  11              		.eabi_attribute 18, 4
  12              		.file	"img_star.c"
  13              		.text
  14              	.Ltext0:
  15              		.cfi_sections	.debug_frame
  16              		.global	img_star
  17              		.global	img_star_map
  18              		.section	.rodata.img_star,"a"
  19              		.align	2
  22              	img_star:
  23 0000 05       		.byte	5
  24 0001 78       		.byte	120
  25 0002 A0       		.byte	160
  26 0003 03       		.byte	3
  27 0004 320A0000 		.word	2610
  28 0008 00000000 		.word	img_star_map
  29              		.section	.rodata.img_star_map,"a"
  30              		.align	2
  33              	img_star_map:
  34 0000 00000000 		.ascii	"\000\000\000\000\000\000\000\000\000\000\000\000\000"
  34      00000000 
  34      00000000 
  34      00
  35 000d 00000000 		.ascii	"\000\000\000\000\000\000\000\000\000\000\000\000\000"
  35      00000000 
  35      00000000 
  35      00
  36 001a 00000000 		.ascii	"\000\000\000\000\000\000\000\000\000\000\000\000\000"
  36      00000000 
  36      00000000 
  36      00
  37 0027 00000084 		.ascii	"\000\000\000\204\376T\310\376#\000\000\000\352\376\000"
  37      FE54C8FE 
  37      23000000 
  37      EAFE00
  38 0036 00000000 		.ascii	"\000\000\000\000\000\000\000\000\000\000\000\000\000"
  38      00000000 
  38      00000000 
  38      00
  39 0043 00000000 		.ascii	"\000\000\000\000\000\000\000\000\000\000\000\000\000"
  39      00000000 
  39      00000000 
  39      00
  40 0050 00000000 		.ascii	"\000\000\000\000\000\000\000\000\000\000\000\000\000"
  40      00000000 
  40      00000000 
  40      00
ARM GAS  /tmp/cc7hh5eE.s 			page 2


  41 005d 00000000 		.ascii	"\000\000\000\000\000\000\000\000\000\000\000\000\000"
  41      00000000 
  41      00000000 
  41      00
  42 006a 00000000 		.ascii	"\000\000\000\000\000\000\000\000\000\000\000\000\000"
  42      00000000 
  42      00000000 
  42      00
  43 0077 00000000 		.ascii	"\000\000\000\000`\376\000\000\000\000\000\000\000b\376"
  43      60FE0000 
  43      00000000 
  43      0062FE
  44 0086 C7E9FEAC 		.ascii	"\307\351\376\254\246\376\000\000\000\000\000\000\000"
  44      A6FE0000 
  44      00000000 
  44      00
  45 0093 00000000 		.ascii	"\000\000\000\000\000\000\000\000\000\000\000\000\000"
  45      00000000 
  45      00000000 
  45      00
  46 00a0 00000000 		.ascii	"\000\000\000\000\000\000\000\000\000\000\000\000\000"
  46      00000000 
  46      00000000 
  46      00
  47 00ad 00000000 		.ascii	"\000\000\000\000\000\000\000\000\000\000\000\000\000"
  47      00000000 
  47      00000000 
  47      00
  48 00ba 00000000 		.ascii	"\000\000\000\000\000\000\000\000\000\000\000\000\000"
  48      00000000 
  48      00000000 
  48      00
  49 00c7 00000000 		.ascii	"\000\000\000\000\000\000\000\000\000\000\000\000\000"
  49      00000000 
  49      00000000 
  49      00
  50 00d4 0060FE00 		.ascii	"\000`\376\000\000\000\000`\376Pa\376\354\352\376\377"
  50      00000060 
  50      FE5061FE 
  50      ECEAFEFF 
  51 00e4 EAFE2C00 		.ascii	"\352\376,\000\000\000\352\376\000\000\000\000\000\000"
  51      0000EAFE 
  51      00000000 
  51      0000
  52 00f2 00000000 		.ascii	"\000\000\000\000\000\000\000\000\000\000\000\000\000"
  52      00000000 
  52      00000000 
  52      00
  53 00ff 00000000 		.ascii	"\000\000\000\000\000\000\000\000\000\000\000\000\000"
  53      00000000 
  53      00000000 
  53      00
  54 010c 00000000 		.ascii	"\000\000\000\000\000\000\000\000\000\000\000\000\000"
  54      00000000 
  54      00000000 
  54      00
  55 0119 00000000 		.ascii	"\000\000\000\000\000\000\000\000\000\000\000\000\000"
ARM GAS  /tmp/cc7hh5eE.s 			page 3


  55      00000000 
  55      00000000 
  55      00
  56 0126 00000000 		.ascii	"\000\000\000\000\000\000`\376\000\000\000\000`\376\003"
  56      000060FE 
  56      00000000 
  56      60FE03
  57 0135 60FEAF61 		.ascii	"`\376\257a\376\377\352\376\377\352\376\264\000\000\000"
  57      FEFFEAFE 
  57      FFEAFEB4 
  57      000000
  58 0144 00000000 		.ascii	"\000\000\000\000\000\000\000\000\000\000\000\000\000"
  58      00000000 
  58      00000000 
  58      00
  59 0151 00000000 		.ascii	"\000\000\000\000\000\000\000\000\000\000\000\000\000"
  59      00000000 
  59      00000000 
  59      00
  60 015e 00000000 		.ascii	"\000\000\000\000\000\000\000\000\000\000\000\000\000"
  60      00000000 
  60      00000000 
  60      00
  61 016b 00000000 		.ascii	"\000\000\000\000\000\000\000\000\000\000\000\000\000"
  61      00000000 
  61      00000000 
  61      00
  62 0178 00000000 		.ascii	"\000\000\000\000\000\000\000\000\000\000\000\000\000"
  62      00000000 
  62      00000000 
  62      00
  63 0185 0060FE00 		.ascii	"\000`\376\000\000\000\000`\376K`\376\350a\376\377\352"
  63      00000060 
  63      FE4B60FE 
  63      E861FEFF 
  63      EA
  64 0196 FEFFEBFE 		.ascii	"\376\377\353\376\377\352\3764\000\000\000\352\376\000"
  64      FFEAFE34 
  64      000000EA 
  64      FE00
  65 01a4 00000000 		.ascii	"\000\000\000\000\000\000\000\000\000\000\000\000\000"
  65      00000000 
  65      00000000 
  65      00
  66 01b1 00000000 		.ascii	"\000\000\000\000\000\000\000\000\000\000\000\000\000"
  66      00000000 
  66      00000000 
  66      00
  67 01be 00000000 		.ascii	"\000\000\000\000\000\000\000\000\000\000\000\000\000"
  67      00000000 
  67      00000000 
  67      00
  68 01cb 00000000 		.ascii	"\000\000\000\000\000\000\000\000\000\000\000\000\000"
  68      00000000 
  68      00000000 
  68      00
  69 01d8 00000000 		.ascii	"\000\000\000\000\000`\376\000\000\000\000`\376\010`"
ARM GAS  /tmp/cc7hh5eE.s 			page 4


  69      0060FE00 
  69      00000060 
  69      FE0860
  70 01e7 FE9C60FE 		.ascii	"\376\234`\376\377a\376\377\352\376\377\353\376\377\352"
  70      FF61FEFF 
  70      EAFEFFEB 
  70      FEFFEA
  71 01f6 FEB70000 		.ascii	"\376\267\000\000\000\000\000\000\000\000\000\000\000"
  71      00000000 
  71      00000000 
  71      00
  72 0203 00000000 		.ascii	"\000\000\000\000\000\000\000\000\000\000\000\000\000"
  72      00000000 
  72      00000000 
  72      00
  73 0210 00000000 		.ascii	"\000\000\000\000\000\000\000\000\000\000\000\000\000"
  73      00000000 
  73      00000000 
  73      00
  74 021d 00000000 		.ascii	"\000\000\000\000\000\000\000\000\000\000\000\000\000"
  74      00000000 
  74      00000000 
  74      00
  75 022a 00000000 		.ascii	"\000\000\000\000\000\000\000\000\000\000\000\000\000"
  75      00000000 
  75      00000000 
  75      00
  76 0237 60FE0000 		.ascii	"`\376\000\000\000\000`\376?`\376\350`\376\377a\376\377"
  76      000060FE 
  76      3F60FEE8 
  76      60FEFF61 
  76      FEFF
  77 0249 EAFEFFEB 		.ascii	"\352\376\377\353\376\377\353\376\360\352\376?\000\000"
  77      FEFFEBFE 
  77      F0EAFE3F 
  77      0000
  78 0257 00EAFE00 		.ascii	"\000\352\376\000\000\000\000\000\000\000\000\000\000"
  78      00000000 
  78      00000000 
  78      00
  79 0264 00000000 		.ascii	"\000\000\000\000\000\000\000\000\000\000\000\000\000"
  79      00000000 
  79      00000000 
  79      00
  80 0271 00000000 		.ascii	"\000\000\000\000\000\000\000\000\000\000\000\000\000"
  80      00000000 
  80      00000000 
  80      00
  81 027e 00000000 		.ascii	"\000\000\000\000\000\000\000\000\000\000\000\000\000"
  81      00000000 
  81      00000000 
  81      00
  82 028b 00000060 		.ascii	"\000\000\000`\376\000\000\000\000`\376\013`\376\217"
  82      FE000000 
  82      0060FE0B 
  82      60FE8F
  83 029a 60FEFF60 		.ascii	"`\376\377`\376\377a\376\377\352\376\377\353\376\377"
ARM GAS  /tmp/cc7hh5eE.s 			page 5


  83      FEFF61FE 
  83      FFEAFEFF 
  83      EBFEFF
  84 02a9 EBFEFFEB 		.ascii	"\353\376\377\353\376\260\000\000\000\000\000\000\000"
  84      FEB00000 
  84      00000000 
  84      00
  85 02b6 00000000 		.ascii	"\000\000\000\000\000\000\000\000\000\000\000\000\000"
  85      00000000 
  85      00000000 
  85      00
  86 02c3 00000000 		.ascii	"\000\000\000\000\000\000\000\000\000\000\000\000\000"
  86      00000000 
  86      00000000 
  86      00
  87 02d0 00000000 		.ascii	"\000\000\000\000\000\000\000\000\000\000\000\000\000"
  87      00000000 
  87      00000000 
  87      00
  88 02dd 00000000 		.ascii	"\000\000\000\000\0000\377\000\000\000\000\000\000\000"
  88      0030FF00 
  88      00000000 
  88      0000
  89 02eb 00000040 		.ascii	"\000\000\000@\376,`\376\357`\376\377`\376\377a\376\377"
  89      FE2C60FE 
  89      EF60FEFF 
  89      60FEFF61 
  89      FEFF
  90 02fd EAFEFFEB 		.ascii	"\352\376\377\353\376\377\353\376\377\353\376\344\352"
  90      FEFFEBFE 
  90      FFEBFEE4 
  90      EA
  91 030a FE400000 		.ascii	"\376@\000\000\000\000\000\000\000\000\000\000\000\000"
  91      00000000 
  91      00000000 
  91      0000
  92 0318 30FF0000 		.ascii	"0\377\000\000\000\000\000\000\000\000\000\000\000\000"
  92      00000000 
  92      00000000 
  92      0000
  93 0326 00000000 		.ascii	"\000\000\000\000\000\000\000\000\000\000\000\000\000"
  93      00000000 
  93      00000000 
  93      00
  94 0333 00000000 		.ascii	"\000\000\000\000\000\000\000\000\000\000\000\0000\377"
  94      00000000 
  94      00000000 
  94      30FF
  95 0341 0730FF2F 		.ascii	"\0070\377//\377[\307\376\260`\376\377`\376\377`\376"
  95      2FFF5BC7 
  95      FEB060FE 
  95      FF60FEFF 
  95      60FE
  96 0353 FF61FEFF 		.ascii	"\377a\376\377\352\376\377\353\376\377\353\376\377\352"
  96      EAFEFFEB 
  96      FEFFEBFE 
  96      FFEA
ARM GAS  /tmp/cc7hh5eE.s 			page 6


  97 0361 FEFF0CFF 		.ascii	"\376\377\014\377\304Q\377[0\37740\377\014\000\000\000"
  97      C451FF5B 
  97      30FF3430 
  97      FF0C0000 
  97      00
  98 0372 00000000 		.ascii	"\000\000\000\000\000\000\000\000\000\000\000\000\000"
  98      00000000 
  98      00000000 
  98      00
  99 037f 000030FF 		.ascii	"\000\0000\377\000\306\376\010\015\377\0300\377?0\377"
  99      00C6FE08 
  99      0DFF1830 
  99      FF3F30FF 
 100 038f 6830FF93 		.ascii	"h0\377\2230\377\2740\377\3470\377\3770\377\3770\377"
 100      30FFBC30 
 100      FFE730FF 
 100      FF30FFFF 
 100      30FF
 101 03a1 FF2EFFFF 		.ascii	"\377.\377\377\204\376\377`\376\377`\376\377a\376\377"
 101      84FEFF60 
 101      FEFF60FE 
 101      FF61FEFF 
 102 03b1 EAFEFFEB 		.ascii	"\352\376\377\353\376\377\353\376\377\353\376\377/\377"
 102      FEFFEBFE 
 102      FFEBFEFF 
 102      2FFF
 103 03bf FF30FFFF 		.ascii	"\3770\377\3770\377\3770\377\3770\377\3530\377\3030\377"
 103      30FFFF30 
 103      FFFF30FF 
 103      EB30FFC3 
 103      30FF
 104 03d1 9830FF6F 		.ascii	"\2300\377o0\377D.\377\034\307\376\007\246\376\207\352"
 104      30FF442E 
 104      FF1CC7FE 
 104      07A6FE87 
 104      EA
 105 03e2 FEFF2EFF 		.ascii	"\376\377.\377\377/\377\3770\377\3770\377\3770\377\377"
 105      FF2FFFFF 
 105      30FFFF30 
 105      FFFF30FF 
 105      FF
 106 03f3 30FFFF30 		.ascii	"0\377\3770\377\3770\377\377P\377\377\014\377\377a\376"
 106      FFFF30FF 
 106      FF50FFFF 
 106      0CFFFF61 
 106      FE
 107 0404 FF60FEFF 		.ascii	"\377`\376\377a\376\377\352\376\377\353\376\377\353\376"
 107      61FEFFEA 
 107      FEFFEBFE 
 107      FFEBFE
 108 0413 FF0EFFFF 		.ascii	"\377\016\377\3770\377\3770\377\3770\377\3770\377\377"
 108      30FFFF30 
 108      FFFF30FF 
 108      FF30FFFF 
 109 0423 30FFFF30 		.ascii	"0\377\3770\377\3770\377\377/\377\377\016\377\377\352"
 109      FFFF30FF 
 109      FF2FFFFF 
ARM GAS  /tmp/cc7hh5eE.s 			page 7


 109      0EFFFFEA 
 110 0433 FEFFC7FE 		.ascii	"\376\377\307\376\203\000\000\000@\376\223`\376\373\244"
 110      83000000 
 110      40FE9360 
 110      FEFBA4
 111 0442 FEFFE9FE 		.ascii	"\376\377\351\376\377\015\377\377.\377\3770\377\377P"
 111      FF0DFFFF 
 111      2EFFFF30 
 111      FFFF50
 112 0451 FFFF30FF 		.ascii	"\377\3770\377\3770\377\3770\377\377\310\376\377`\376"
 112      FF30FFFF 
 112      30FFFFC8 
 112      FEFF60FE 
 113 0461 FF61FEFF 		.ascii	"\377a\376\377\352\376\377\353\376\377\015\377\377P\377"
 113      EAFEFFEB 
 113      FEFF0DFF 
 113      FF50FF
 114 0470 FF30FFFF 		.ascii	"\3770\377\3770\377\377P\377\3770\377\377.\377\377\015"
 114      30FFFF50 
 114      FFFF30FF 
 114      FF2EFFFF 
 114      0D
 115 0481 FFFFEAFE 		.ascii	"\377\377\352\376\377\245\376\377`\376\373@\376\217\000"
 115      FFA5FEFF 
 115      60FEFB40 
 115      FE8F00
 116 0490 FE0C0000 		.ascii	"\376\014\000\000\000`\376\003`\376\213`\376\373`\376"
 116      0060FE03 
 116      60FE8B60 
 116      FEFB60FE 
 117 04a0 FF61FEFF 		.ascii	"\377a\376\377\245\376\377\311\376\377\014\377\377.\377"
 117      A5FEFFC9 
 117      FEFF0CFF 
 117      FF2EFF
 118 04af FF30FFFF 		.ascii	"\3770\377\377Q\377\377/\377\377\245\376\377a\376\377"
 118      51FFFF2F 
 118      FFFFA5FE 
 118      FF61FEFF 
 119 04bf EAFEFF0C 		.ascii	"\352\376\377\014\377\377P\377\377P\377\377P\377\377"
 119      FFFF50FF 
 119      FF50FFFF 
 119      50FFFF
 120 04ce 2FFFFF0C 		.ascii	"/\377\377\014\377\377\351\376\377\245\376\377a\376\377"
 120      FFFFE9FE 
 120      FFA5FEFF 
 120      61FEFF
 121 04dd 40FEFF60 		.ascii	"@\376\377`\376\374`\376\214`\376\013\000\000\000`\376"
 121      FEFC60FE 
 121      8C60FE0B 
 121      00000060 
 121      FE
 122 04ee 00000000 		.ascii	"\000\000\000\000`\376\010`\376\207`\376\370`\376\377"
 122      60FE0860 
 122      FE8760FE 
 122      F860FEFF 
 123 04fe 60FEFF40 		.ascii	"`\376\377@\376\377a\376\377\244\376\377\307\376\377"
 123      FEFF61FE 
ARM GAS  /tmp/cc7hh5eE.s 			page 8


 123      FFA4FEFF 
 123      C7FEFF
 124 050d EBFEFF2F 		.ascii	"\353\376\377/\377\377\015\377\377\203\376\377\353\376"
 124      FFFF0DFF 
 124      FF83FEFF 
 124      EBFE
 125 051b FF30FFFF 		.ascii	"\3770\377\377/\377\377\014\377\377\310\376\377\245\376"
 125      2FFFFF0C 
 125      FFFFC8FE 
 125      FFA5FE
 126 052a FF81FEFF 		.ascii	"\377\201\376\377`\376\377`\376\377`\376\377`\376\377"
 126      60FEFF60 
 126      FEFF60FE 
 126      FF60FEFF 
 127 053a 60FE8860 		.ascii	"`\376\210`\376\010\000\000\000`\376\000`\376\000`\376"
 127      FE080000 
 127      0060FE00 
 127      60FE0060 
 127      FE
 128 054b 00000000 		.ascii	"\000\000\000\000`\376\013`\376\204`\376\373`\376\377"
 128      60FE0B60 
 128      FE8460FE 
 128      FB60FEFF 
 129 055b 60FEFF60 		.ascii	"`\376\377`\376\377`\376\377`\376\377a\376\377\203\376"
 129      FEFF60FE 
 129      FF60FEFF 
 129      61FEFF83 
 129      FE
 130 056c FFC6FEFF 		.ascii	"\377\306\376\377\246\376\377\353\376\377\307\376\377"
 130      A6FEFFEB 
 130      FEFFC7FE 
 130      FF
 131 0579 84FEFF82 		.ascii	"\204\376\377\202\376\377`\376\377`\376\377`\376\377"
 131      FEFF60FE 
 131      FF60FEFF 
 131      60FEFF
 132 0588 60FEFF60 		.ascii	"`\376\377`\376\377`\376\377`\376\177`\376\007\000\000"
 132      FEFF60FE 
 132      FF60FE7F 
 132      60FE0700 
 132      00
 133 0599 0060FE00 		.ascii	"\000`\376\000\000\000\000\000\000\000`\376\000`\376"
 133      00000000 
 133      000060FE 
 133      0060FE
 134 05a8 00000000 		.ascii	"\000\000\000\000`\376\007`\376\204`\376\374`\376\377"
 134      60FE0760 
 134      FE8460FE 
 134      FC60FEFF 
 135 05b8 60FEFF60 		.ascii	"`\376\377`\376\377`\376\377`\376\377\202\376\377\203"
 135      FEFF60FE 
 135      FF60FEFF 
 135      82FEFF83 
 136 05c8 FEFFC7FE 		.ascii	"\376\377\307\376\377\246\376\377\307\376\377\204\376"
 136      FFA6FEFF 
 136      C7FEFF84 
 136      FE
ARM GAS  /tmp/cc7hh5eE.s 			page 9


 137 05d5 FF61FEFF 		.ascii	"\377a\376\377`\376\377`\376\377`\376\377`\376\377`\376"
 137      60FEFF60 
 137      FEFF60FE 
 137      FF60FEFF 
 137      60FE
 138 05e7 FF60FE73 		.ascii	"\377`\376s`\376\007\000\000\000`\376\000\000\000\000"
 138      60FE0700 
 138      000060FE 
 138      00000000 
 139 05f7 00000000 		.ascii	"\000\000\000\000\000\000\000\000\000`\376\000`\376\000"
 139      00000000 
 139      0060FE00 
 139      60FE00
 140 0606 00000060 		.ascii	"\000\000\000`\376\003`\376\203`\376\377`\376\377\202"
 140      FE0360FE 
 140      8360FEFF 
 140      60FEFF82 
 141 0616 FEFF84FE 		.ascii	"\376\377\204\376\377\245\376\377\245\376\377\247\376"
 141      FFA5FEFF 
 141      A5FEFFA7 
 141      FE
 142 0623 FFE9FEFF 		.ascii	"\377\351\376\377a\376\377\311\376\377\352\376\377\351"
 142      61FEFFC9 
 142      FEFFEAFE 
 142      FFE9
 143 0631 FEFFC8FE 		.ascii	"\376\377\310\376\377\244\376\377a\376\377`\376\377`"
 143      FFA4FEFF 
 143      61FEFF60 
 143      FEFF60
 144 0640 FE6C60FE 		.ascii	"\376l`\376\007\000\000\000`\376\000\000\000\000\000"
 144      07000000 
 144      60FE0000 
 144      000000
 145 064f 00000000 		.ascii	"\000\000\000\000\000\000\000\000\000\000\000\000\000"
 145      00000000 
 145      00000000 
 145      00
 146 065c 0060FE00 		.ascii	"\000`\376\000`\376\000\000\000\000\000\000\000\204\376"
 146      60FE0000 
 146      00000000 
 146      0084FE
 147 066b B4A5FEFF 		.ascii	"\264\245\376\377\245\376\377\245\376\377\245\376\377"
 147      A5FEFFA5 
 147      FEFFA5FE 
 147      FF
 148 0678 A6FEFFE9 		.ascii	"\246\376\377\351\376\377\352\376\377a\376\377\201\376"
 148      FEFFEAFE 
 148      FF61FEFF 
 148      81FE
 149 0686 FFEAFEFF 		.ascii	"\377\352\376\377\353\376\377\353\376\377\352\376\377"
 149      EBFEFFEB 
 149      FEFFEAFE 
 149      FF
 150 0693 EAFEFFC7 		.ascii	"\352\376\377\307\376\213\203\376\013\000\000\000`\376"
 150      FE8B83FE 
 150      0B000000 
 150      60FE
ARM GAS  /tmp/cc7hh5eE.s 			page 10


 151 06a1 00000000 		.ascii	"\000\000\000\000\000\000\000\000\000\000\000\000\000"
 151      00000000 
 151      00000000 
 151      00
 152 06ae 00000000 		.ascii	"\000\000\000\000\000\000\000\000\000\000\000\000\000"
 152      00000000 
 152      00000000 
 152      00
 153 06bb 00000000 		.ascii	"\000\000\000\000\000\000\000\000\245\376\310\245\376"
 153      00000000 
 153      A5FEC8A5 
 153      FE
 154 06c8 FFA5FEFF 		.ascii	"\377\245\376\377\245\376\377\245\376\377\310\376\377"
 154      A5FEFFA5 
 154      FEFFC8FE 
 154      FF
 155 06d5 EBFEFFEA 		.ascii	"\353\376\377\352\376\377a\376\377`\376\377\204\376\377"
 155      FEFF61FE 
 155      FF60FEFF 
 155      84FEFF
 156 06e4 EBFEFFEB 		.ascii	"\353\376\377\353\376\377\353\376\377\353\376\377\353"
 156      FEFFEBFE 
 156      FFEBFEFF 
 156      EB
 157 06f1 FE97EBFE 		.ascii	"\376\227\353\376\010\000\000\000\000\000\000\000\000"
 157      08000000 
 157      00000000 
 157      00
 158 06fe 00000000 		.ascii	"\000\000\000\000\000\000\000\000\000\000\000\000\000"
 158      00000000 
 158      00000000 
 158      00
 159 070b 00000000 		.ascii	"\000\000\000\000\000\000\000\000\000\000\000\000\000"
 159      00000000 
 159      00000000 
 159      00
 160 0718 00000000 		.ascii	"\000\000\000\000\000\245\376\357\245\376\377\245\376"
 160      00A5FEEF 
 160      A5FEFFA5 
 160      FE
 161 0725 FFA5FEFF 		.ascii	"\377\245\376\377\307\376\377\352\376\377\353\376\377"
 161      C7FEFFEA 
 161      FEFFEBFE 
 161      FF
 162 0732 EAFEFF61 		.ascii	"\352\376\377a\376\377`\376\377`\376\377\247\376\377"
 162      FEFF60FE 
 162      FF60FEFF 
 162      A7FEFF
 163 0741 EBFEFFEB 		.ascii	"\353\376\377\353\376\377\353\376\377\353\376\300\353"
 163      FEFFEBFE 
 163      FFEBFEC0 
 163      EB
 164 074e FE0F0000 		.ascii	"\376\017\000\000\000\000\000\000\000\000\000\000\000"
 164      00000000 
 164      00000000 
 164      00
 165 075b 00000000 		.ascii	"\000\000\000\000\000\000\000\000\000\000\000\000\000"
ARM GAS  /tmp/cc7hh5eE.s 			page 11


 165      00000000 
 165      00000000 
 165      00
 166 0768 00000000 		.ascii	"\000\000\000\000\000\000\000\000\000\000\000\000\245"
 166      00000000 
 166      00000000 
 166      A5
 167 0775 FE20A5FE 		.ascii	"\376 \245\376\364\245\376\377\245\376\377\246\376\377"
 167      F4A5FEFF 
 167      A5FEFFA6 
 167      FEFF
 168 0783 EAFEFFEB 		.ascii	"\352\376\377\353\376\377\353\376\377\352\376\377a\376"
 168      FEFFEBFE 
 168      FFEAFEFF 
 168      61FE
 169 0791 FF60FEFF 		.ascii	"\377`\376\377`\376\377\201\376\377\311\376\377\353\376"
 169      60FEFF81 
 169      FEFFC9FE 
 169      FFEBFE
 170 07a0 FFEBFEFF 		.ascii	"\377\353\376\377\353\376\350\353\376\023\000\000\000"
 170      EBFEE8EB 
 170      FE130000 
 170      00
 171 07ad 00000000 		.ascii	"\000\000\000\000\000\000\000\000\000\000\000\000\000"
 171      00000000 
 171      00000000 
 171      00
 172 07ba 00000000 		.ascii	"\000\000\000\000\000\000\000\000\000\000\000\000\000"
 172      00000000 
 172      00000000 
 172      00
 173 07c7 00000000 		.ascii	"\000\000\000\000\000\000\000\245\376"
 173      000000A5 
 173      FE
 174 07d0 4BA5FEF7 		.ascii	"K\245\376\367\245\376\377\245\376\377\311\376\377\353"
 174      A5FEFFA5 
 174      FEFFC9FE 
 174      FFEB
 175 07de FEFFEBFE 		.ascii	"\376\377\353\376\377\353\376\377\352\376\377a\376\377"
 175      FFEBFEFF 
 175      EAFEFF61 
 175      FEFF
 176 07ec 60FEFF60 		.ascii	"`\376\377`\376\377`\376\377\203\376\377\352\376\377"
 176      FEFF60FE 
 176      FF83FEFF 
 176      EAFEFF
 177 07fb EBFEFFEB 		.ascii	"\353\376\377\353\376\377\352\376\037\351\376\000\000"
 177      FEFFEAFE 
 177      1FE9FE00 
 177      00
 178 0808 00000000 		.ascii	"\000\000\000\000\000\000\000\000\000\000\000\000\000"
 178      00000000 
 178      00000000 
 178      00
 179 0815 00000000 		.ascii	"\000\000\000\000\000\000\000\000\000\000\000\000\000"
 179      00000000 
 179      00000000 
ARM GAS  /tmp/cc7hh5eE.s 			page 12


 179      00
 180 0822 00000000 		.ascii	"\000\000\000\000\000\000\245\376w\245\376\373\245\376"
 180      0000A5FE 
 180      77A5FEFB 
 180      A5FE
 181 0830 FFC8FEFF 		.ascii	"\377\310\376\377\353\376\377\353\376\377\353\376\377"
 181      EBFEFFEB 
 181      FEFFEBFE 
 181      FF
 182 083d EBFEFFEA 		.ascii	"\353\376\377\352\376\357a\376\370`\376\377`\376\377"
 182      FEEF61FE 
 182      F860FEFF 
 182      60FEFF
 183 084c 60FEFF60 		.ascii	"`\376\377`\376\377\245\376\377\352\376\377\353\376\377"
 183      FEFFA5FE 
 183      FFEAFEFF 
 183      EBFEFF
 184 085b EAFE47EA 		.ascii	"\352\376G\352\376\000\000\000\000\000\000\000\000\000"
 184      FE000000 
 184      00000000 
 184      0000
 185 0869 00000000 		.ascii	"\000\000\000\000\000\000\000\000\000\000\000\000\000"
 185      00000000 
 185      00000000 
 185      00
 186 0876 00000000 		.ascii	"\000\000\000\000\000\000\245\376\000\000\000\000\245"
 186      0000A5FE 
 186      00000000 
 186      A5
 187 0883 FEA3A5FE 		.ascii	"\376\243\245\376\374\246\376\377\352\376\377\353\376"
 187      FCA6FEFF 
 187      EAFEFFEB 
 187      FE
 188 0890 FFEBFEFF 		.ascii	"\377\353\376\377\353\376\374\353\376\263\352\376X`\376"
 188      EBFEFCEB 
 188      FEB3EAFE 
 188      5860FE
 189 089f 5C60FEB0 		.ascii	"\\`\376\260`\376\377`\376\377`\376\377a\376\377\310"
 189      60FEFF60 
 189      FEFF60FE 
 189      FF61FEFF 
 189      C8
 190 08b0 FEFFEBFE 		.ascii	"\376\377\353\376\377\352\376t\352\376\000\000\000\000"
 190      FFEAFE74 
 190      EAFE0000 
 190      0000
 191 08be 00000000 		.ascii	"\000\000\000\000\000\000\000\000\000\000\000\000\000"
 191      00000000 
 191      00000000 
 191      00
 192 08cb 00000000 		.ascii	"\000\000\000\000\000\000\000\000\000\000\000\000\000"
 192      00000000 
 192      00000000 
 192      00
 193 08d8 00000000 		.ascii	"\000\000\000\000\245\376\313\246\376\377\352\376\377"
 193      A5FECBA6 
 193      FEFFEAFE 
ARM GAS  /tmp/cc7hh5eE.s 			page 13


 193      FF
 194 08e5 EBFEFFEB 		.ascii	"\353\376\377\353\376\377\352\376\300\352\376[\352\376"
 194      FEFFEAFE 
 194      C0EAFE5B 
 194      EAFE
 195 08f3 17000000 		.ascii	"\027\000\000\000\000\000\000`\376\033`\376X`\376\277"
 195      00000060 
 195      FE1B60FE 
 195      5860FEBF 
 196 0903 60FEFF60 		.ascii	"`\376\377`\376\377\202\376\377\352\376\377\353\376\244"
 196      FEFF82FE 
 196      FFEAFEFF 
 196      EBFEA4
 197 0912 EAFE0000 		.ascii	"\352\376\000\000\000\000\000\000\000\000\000\000\000"
 197      00000000 
 197      00000000 
 197      00
 198 091f 00000000 		.ascii	"\000\000\000\000\000\000\000\000\000\000\000\000\000"
 198      00000000 
 198      00000000 
 198      00
 199 092c 00000000 		.ascii	"\000\000\000\000\000\000\000\245\376\013\245\376\334"
 199      000000A5 
 199      FE0BA5FE 
 199      DC
 200 0939 C9FEFFEB 		.ascii	"\311\376\377\353\376\377\352\376\333\352\376\\\352\376"
 200      FEFFEAFE 
 200      DBEAFE5C 
 200      EAFE
 201 0947 17000000 		.ascii	"\027\000\000\000\000\000\000\000\000\000\245\376\000"
 201      00000000 
 201      0000A5FE 
 201      00
 202 0954 00000000 		.ascii	"\000\000\000\000\000\000`\376\033`\376\\`\376\327`\376"
 202      000060FE 
 202      1B60FE5C 
 202      60FED760 
 202      FE
 203 0965 FFA4FEFF 		.ascii	"\377\244\376\377\352\376\323\014\377\000\307\376\000"
 203      EAFED30C 
 203      FF00C7FE 
 203      00
 204 0972 00000000 		.ascii	"\000\000\000\000\000\000\000\000\000\000\000\000\000"
 204      00000000 
 204      00000000 
 204      00
 205 097f 00000000 		.ascii	"\000\000\000\000\000\000\000\000\000\000\000\000\000"
 205      00000000 
 205      00000000 
 205      00
 206 098c 0084FE30 		.ascii	"\000\204\3760\310\376\357\352\376\360\351\376k\351\376"
 206      C8FEEFEA 
 206      FEF0E9FE 
 206      6BE9FE
 207 099b 10C8FE03 		.ascii	"\020\310\376\003\000\000\000\000\000\000\352\376\000"
 207      00000000 
 207      0000EAFE 
ARM GAS  /tmp/cc7hh5eE.s 			page 14


 207      00
 208 09a8 00000000 		.ascii	"\000\000\000\000\000\000\000\000\000\000\000\000\000"
 208      00000000 
 208      00000000 
 208      00
 209 09b5 000060FE 		.ascii	"\000\000`\376\003`\376\024`\376o`\376\357\307\376\377"
 209      0360FE14 
 209      60FE6F60 
 209      FEEFC7FE 
 209      FF
 210 09c6 C9FE0300 		.ascii	"\311\376\003\000\000\000\000\000\000\000\000\000\000"
 210      00000000 
 210      00000000 
 210      00
 211 09d3 00000000 		.ascii	"\000\000\000\000\000\000\000\000\000\000\000\000\000"
 211      00000000 
 211      00000000 
 211      00
 212 09e0 00000000 		.ascii	"\000\000\000\000\000\000\000\307\376K\310\376p\307\376"
 212      000000C7 
 212      FE4BC8FE 
 212      70C7FE
 213 09ef 10C8FE03 		.ascii	"\020\310\376\003\000\000\000\000\000\000\351\376\000"
 213      00000000 
 213      0000E9FE 
 213      00
 214 09fc 00000000 		.ascii	"\000\000\000\000\000\000\000\000\000\000\000\000\000"
 214      00000000 
 214      00000000 
 214      00
 215 0a09 000060FE 		.ascii	"\000\000`\376\000`\376\000\000\000\000\000\000\000`"
 215      0060FE00 
 215      00000000 
 215      000060
 216 0a18 FE0040FE 		.ascii	"\376\000@\376\020a\376\220\244\376\037\000\000\000\000"
 216      1061FE90 
 216      A4FE1F00 
 216      000000
 217 0a27 00000000 		.ascii	"\000\000\000\000\000\000\000\000\000\000\000"
 217      00000000 
 217      000000
 218              		.text
 219              	.Letext0:
 220              		.file 1 "/home/akinya/gcc-arm-none-eabi/arm-none-eabi/include/machine/_default_types.h"
 221              		.file 2 "/home/akinya/gcc-arm-none-eabi/arm-none-eabi/include/sys/_stdint.h"
 222              		.file 3 "Middlewares/lvgl/src/core/lv_obj.h"
 223              		.file 4 "Middlewares/lvgl/src/core/../draw/lv_img_buf.h"
 224              		.file 5 "Middlewares/lvgl/src/widgets/lv_bar.h"
 225              		.file 6 "Middlewares/lvgl/src/extra/widgets/imgbtn/lv_imgbtn.h"
 226              		.file 7 "Middlewares/lvgl/examples/assets/img_star.c"
ARM GAS  /tmp/cc7hh5eE.s 			page 15


DEFINED SYMBOLS
                            *ABS*:0000000000000000 img_star.c
     /tmp/cc7hh5eE.s:22     .rodata.img_star:0000000000000000 img_star
     /tmp/cc7hh5eE.s:33     .rodata.img_star_map:0000000000000000 img_star_map
     /tmp/cc7hh5eE.s:19     .rodata.img_star:0000000000000000 $d
     /tmp/cc7hh5eE.s:30     .rodata.img_star_map:0000000000000000 $d

NO UNDEFINED SYMBOLS
