ARM GAS  /tmp/ccKPF9zL.s 			page 1


   1              		.cpu cortex-m7
   2              		.eabi_attribute 28, 1
   3              		.eabi_attribute 20, 1
   4              		.eabi_attribute 21, 1
   5              		.eabi_attribute 23, 3
   6              		.eabi_attribute 24, 1
   7              		.eabi_attribute 25, 1
   8              		.eabi_attribute 26, 1
   9              		.eabi_attribute 30, 1
  10              		.eabi_attribute 34, 1
  11              		.eabi_attribute 18, 4
  12              		.file	"img_cogwheel_alpha16.c"
  13              		.text
  14              	.Ltext0:
  15              		.cfi_sections	.debug_frame
  16              		.global	img_cogwheel_alpha16
  17              		.global	img_cogwheel_alpha16_map
  18              		.section	.rodata.img_cogwheel_alpha16,"a"
  19              		.align	2
  22              	img_cogwheel_alpha16:
  23 0000 0D       		.byte	13
  24 0001 90       		.byte	144
  25 0002 81       		.byte	129
  26 0003 0C       		.byte	12
  27 0004 88130000 		.word	5000
  28 0008 00000000 		.word	img_cogwheel_alpha16_map
  29              		.section	.rodata.img_cogwheel_alpha16_map,"a"
  30              		.align	2
  33              	img_cogwheel_alpha16_map:
  34 0000 00000000 		.ascii	"\000\000\000\000\000\000\000\000\000\000\000\000\000"
  34      00000000 
  34      00000000 
  34      00
  35 000d 00000000 		.ascii	"\000\000\000\000\000\000\000\000\000\000\377\377\377"
  35      00000000 
  35      0000FFFF 
  35      FF
  36 001a F6000000 		.ascii	"\366\000\000\000\000\000\000\000\000\000\000\000\000"
  36      00000000 
  36      00000000 
  36      00
  37 0027 00000000 		.ascii	"\000\000\000\000\000\000\000\000\000\000\000\000\000"
  37      00000000 
  37      00000000 
  37      00
  38 0034 00000000 		.ascii	"\000\000\000\000\000\000\000\000\000\000\000\000\000"
  38      00000000 
  38      00000000 
  38      00
  39 0041 00000000 		.ascii	"\000\000\000\000\000\000\000\001\377\377\377\377\000"
  39      00000001 
  39      FFFFFFFF 
  39      00
  40 004e 00000000 		.ascii	"\000\000\000\000\000\000\000\000\000\000\000\000\000"
  40      00000000 
  40      00000000 
  40      00
ARM GAS  /tmp/ccKPF9zL.s 			page 2


  41 005b 00000000 		.ascii	"\000\000\000\000\000\000\000\000\000\000\000\000\000"
  41      00000000 
  41      00000000 
  41      00
  42 0068 00000000 		.ascii	"\000\000\000\000\000\000\000\000\000\000\000\000\000"
  42      00000000 
  42      00000000 
  42      00
  43 0075 00000000 		.ascii	"\000\000\000\000\000\003\377\377\377\377\000\000\000"
  43      0003FFFF 
  43      FFFF0000 
  43      00
  44 0082 0005F200 		.ascii	"\000\005\362\000\000\000\000\000\000\000\000\000\000"
  44      00000000 
  44      00000000 
  44      00
  45 008f 00000000 		.ascii	"\000\000\000\000\000\000\000\000\000\000\000\000\000"
  45      00000000 
  45      00000000 
  45      00
  46 009c 00000000 		.ascii	"\000\000\000\000\000\000\000\000\000\002\377\240\000"
  46      00000000 
  46      0002FFA0 
  46      00
  47 00a9 00000004 		.ascii	"\000\000\000\004\377\377\377\377 \000\000\000_\377\377"
  47      FFFFFFFF 
  47      20000000 
  47      5FFFFF
  48 00b8 20000000 		.ascii	" \000\000\000\000\000\000\000\000\000\000\000\000\000"
  48      00000000 
  48      00000000 
  48      0000
  49 00c6 00000000 		.ascii	"\000\000\000\000\000\000\000\000\000\000\000\000\000"
  49      00000000 
  49      00000000 
  49      00
  50 00d3 00000008 		.ascii	"\000\000\000\010\377\377\371\000\000\000\000\012\377"
  50      FFFFF900 
  50      0000000A 
  50      FF
  51 00e0 FFFFFFF0 		.ascii	"\377\377\377\360\000\000\002\377\377\377\377\000\000"
  51      000002FF 
  51      FFFFFF00 
  51      00
  52 00ed 00000000 		.ascii	"\000\000\000\000\000\000\000\000\000\000\000\000\000"
  52      00000000 
  52      00000000 
  52      00
  53 00fa 00000000 		.ascii	"\000\000\000\000\000\000\000\000\000\000\000\000\000"
  53      00000000 
  53      00000000 
  53      00
  54 0107 00BFFFFF 		.ascii	"\000\277\377\377\377\020\000\000\000\017\377\377\377"
  54      FF100000 
  54      000FFFFF 
  54      FF
  55 0114 FFF00000 		.ascii	"\377\360\000\000\015\377\377\377\377 \000\000\000\000"
ARM GAS  /tmp/ccKPF9zL.s 			page 3


  55      0DFFFFFF 
  55      FF200000 
  55      0000
  56 0122 00000000 		.ascii	"\000\000\000\000\000\000\000\000\000\000\000\000\000"
  56      00000000 
  56      00000000 
  56      00
  57 012f 00000000 		.ascii	"\000\000\000\000\000\000\000\000\000\000\002\377\377"
  57      00000000 
  57      000002FF 
  57      FF
  58 013c FFFF6000 		.ascii	"\377\377`\000\000\000\017\377\377\377\377\360\000\000"
  58      00000FFF 
  58      FFFFFFF0 
  58      0000
  59 014a 1FFFFFFF 		.ascii	"\037\377\377\377\377`\000\000\000\000\000\000\000\000"
  59      FF600000 
  59      00000000 
  59      0000
  60 0158 00000000 		.ascii	"\000\000\000\000\000\000\000\000\000\000\000\000\000"
  60      00000000 
  60      00000000 
  60      00
  61 0165 00000000 		.ascii	"\000\000\000\000\000\000\000\317\377\377\377\362\000"
  61      000000CF 
  61      FFFFFFF2 
  61      00
  62 0172 00000FFF 		.ascii	"\000\000\017\377\377\377\377\364\000\000\177\377\377"
  62      FFFFFFF4 
  62      00007FFF 
  62      FF
  63 017f FFFFD000 		.ascii	"\377\377\320\000\000\000\000\000\000\000\000\000\000"
  63      00000000 
  63      00000000 
  63      00
  64 018c 00000000 		.ascii	"\000\000\000\000\000\000\000\000\000\000\000\000\000"
  64      00000000 
  64      00000000 
  64      00
  65 0199 00000000 		.ascii	"\000\000\000\000\000\257\377\377\377\373\000\000\002"
  65      00AFFFFF 
  65      FFFB0000 
  65      02
  66 01a6 8FFFFFFF 		.ascii	"\217\377\377\377\377\377@\003\377\377\377\377\377\320"
  66      FFFF4003 
  66      FFFFFFFF 
  66      FFD0
  67 01b4 00000000 		.ascii	"\000\000\000\000\000\000\000\000\000\000\000\000\000"
  67      00000000 
  67      00000000 
  67      00
  68 01c1 00000000 		.ascii	"\000\000\000\000\000\000\000\000\000\000\000\000\000"
  68      00000000 
  68      00000000 
  68      00
  69 01ce 0000BFFF 		.ascii	"\000\000\277\377\377\377\377\2434\257\377\377\377\377"
  69      FFFFFFA3 
ARM GAS  /tmp/ccKPF9zL.s 			page 4


  69      34AFFFFF 
  69      FFFF
  70 01dc FFFFFA5F 		.ascii	"\377\377\372_\377\377\377\377\377\300\000\000\000\000"
  70      FFFFFFFF 
  70      FFC00000 
  70      0000
  71 01ea 00000000 		.ascii	"\000\000\000\000\000\000\000\000\000\000\000\000\000"
  71      00000000 
  71      00000000 
  71      00
  72 01f7 00000000 		.ascii	"\000\000\000\000\000\000\000\000\000\000\000\177\377"
  72      00000000 
  72      0000007F 
  72      FF
  73 0204 FFFFFFFF 		.ascii	"\377\377\377\377\377\377\377\377\377\377\377\377\377"
  73      FFFFFFFF 
  73      FFFFFFFF 
  73      FF
  74 0211 FFFFFFFF 		.ascii	"\377\377\377\377\377\3770\000\000\000\000\000\000\000"
  74      FFFF3000 
  74      00000000 
  74      0000
  75 021f 00000000 		.ascii	"\000\000\000\000\000\000\000\000\000\000\000\000\000"
  75      00000000 
  75      00000000 
  75      00
  76 022c 00000000 		.ascii	"\000\000\000\000\000\000\000\000\015\377\377\377\377"
  76      00000000 
  76      0DFFFFFF 
  76      FF
  77 0239 FFFFFFFF 		.ascii	"\377\377\377\377\377\377\377\377\377\377\377\377\377"
  77      FFFFFFFF 
  77      FFFFFFFF 
  77      FF
  78 0246 FFFFFE00 		.ascii	"\377\377\376\000\000\000\000\001\222\000\000\000\000"
  78      00000001 
  78      92000000 
  78      00
  79 0253 00000000 		.ascii	"\000\000\000\000\000\000\000\000\000\000\000\000\000"
  79      00000000 
  79      00000000 
  79      00
  80 0260 04100000 		.ascii	"\004\020\000\000\000\000\010\377\377\377\377\377\377"
  80      000008FF 
  80      FFFFFFFF 
  80      FF
  81 026d FFFFFFFF 		.ascii	"\377\377\377\377\377\377\377\377\377\377\377\377\377"
  81      FFFFFFFF 
  81      FFFFFFFF 
  81      FF
  82 027a FE000000 		.ascii	"\376\000\000\000\000\216\377\220\000\000\000\000\000"
  82      008EFF90 
  82      00000000 
  82      00
  83 0287 00000000 		.ascii	"\000\000\000\000\000\000\000\000\000\000\000\257\363"
  83      00000000 
  83      000000AF 
ARM GAS  /tmp/ccKPF9zL.s 			page 5


  83      F3
  84 0294 00000000 		.ascii	"\000\000\000\000\015\377\377\377\377\377\377\377\377"
  84      0DFFFFFF 
  84      FFFFFFFF 
  84      FF
  85 02a1 FFFFFFFF 		.ascii	"\377\377\377\377\377\377\377\377\377\377\377\377\200"
  85      FFFFFFFF 
  85      FFFFFFFF 
  85      80
  86 02ae 00000FFF 		.ascii	"\000\000\017\377\337\373\000\000\000\000\000\000\000"
  86      DFFB0000 
  86      00000000 
  86      00
  87 02bb 00000000 		.ascii	"\000\000\000\000\000\000\000\000\014\377\377@\000\000"
  87      00000000 
  87      0CFFFF40 
  87      0000
  88 02c9 008FFFFF 		.ascii	"\000\217\377\377\377\377\377\377\377\377\377\377\377"
  88      FFFFFFFF 
  88      FFFFFFFF 
  88      FF
  89 02d6 FFFFFFFF 		.ascii	"\377\377\377\377\377\377\377\377\377\370\000\000\377"
  89      FFFFFFFF 
  89      FFF80000 
  89      FF
  90 02e3 FFFFFFB0 		.ascii	"\377\377\377\260\000\000\000\000\000\000\000\000\000"
  90      00000000 
  90      00000000 
  90      00
  91 02f0 00000000 		.ascii	"\000\000\000\000\000\317\377\377\373\020\000\177\377"
  91      00CFFFFF 
  91      FB10007F 
  91      FF
  92 02fd FFFFFFFF 		.ascii	"\377\377\377\377\377\377\377\377\377\377\377\377\377"
  92      FFFFFFFF 
  92      FFFFFFFF 
  92      FF
  93 030a FFFFFFFF 		.ascii	"\377\377\377\377\377\377\377\377\366/\377\377\377\377"
  93      FFFFFFFF 
  93      F62FFFFF 
  93      FFFF
  94 0318 FA000000 		.ascii	"\372\000\000\000\000\000\000\000\000\000\000\000\000"
  94      00000000 
  94      00000000 
  94      00
  95 0325 0009FFFF 		.ascii	"\000\011\377\377\377\377\342\007\377\377\377\377\377"
  95      FFFFE207 
  95      FFFFFFFF 
  95      FF
  96 0332 FFFFFFFF 		.ascii	"\377\377\377\377\377\377\377\377\377\377\377\377\377"
  96      FFFFFFFF 
  96      FFFFFFFF 
  96      FF
  97 033f FFFFFFFF 		.ascii	"\377\377\377\377\377\377\377\377\377\377\377\376\000"
  97      FFFFFFFF 
  97      FFFFFFFE 
  97      00
ARM GAS  /tmp/ccKPF9zL.s 			page 6


  98 034c 00000000 		.ascii	"\000\000\000\000\000\000\000\000\000\000\000\000\015"
  98      00000000 
  98      00000000 
  98      0D
  99 0359 FFFFFFFF 		.ascii	"\377\377\377\377\377\377\377\377\377\377\377\377\377"
  99      FFFFFFFF 
  99      FFFFFFFF 
  99      FF
 100 0366 FFFFFFFF 		.ascii	"\377\377\377\377\377\377\377\377\377\377\377\377\377"
 100      FFFFFFFF 
 100      FFFFFFFF 
 100      FF
 101 0373 FFFFFFFF 		.ascii	"\377\377\377\377\377\377\377\377\377\373\000\000\000"
 101      FFFFFFFF 
 101      FFFB0000 
 101      00
 102 0380 00000000 		.ascii	"\000\000\000\000\000\000\000\000\000\000\014\377\377"
 102      00000000 
 102      00000CFF 
 102      FF
 103 038d FFFFFFFF 		.ascii	"\377\377\377\377\377\377\377\377\377\377\377\377\377"
 103      FFFFFFFF 
 103      FFFFFFFF 
 103      FF
 104 039a FFFFFFFF 		.ascii	"\377\377\377\377\377\377\377\377\377\377\377\377\377"
 104      FFFFFFFF 
 104      FFFFFFFF 
 104      FF
 105 03a7 FFFFFFFF 		.ascii	"\377\377\377\377\377\377\377\373\000\000\000\000\000"
 105      FFFFFFFB 
 105      00000000 
 105      00
 106 03b4 00000000 		.ascii	"\000\000\000\000\000\000\000\000\006\377\377\377\377"
 106      00000000 
 106      06FFFFFF 
 106      FF
 107 03c1 FFFFFFFF 		.ascii	"\377\377\377\377\377\377\377\377\377\377\377\377\377"
 107      FFFFFFFF 
 107      FFFFFFFF 
 107      FF
 108 03ce FFFFFFFF 		.ascii	"\377\377\377\377\377\377\377\377\377\377\377\377\377"
 108      FFFFFFFF 
 108      FFFFFFFF 
 108      FF
 109 03db FFFFFFFF 		.ascii	"\377\377\377\377\377\362\000\000\000\000\000\000\000"
 109      FFF20000 
 109      00000000 
 109      00
 110 03e8 00000000 		.ascii	"\000\000\000\000\000\000\000\217\377\377\377\377\377"
 110      0000008F 
 110      FFFFFFFF 
 110      FF
 111 03f5 FFFFFFFF 		.ascii	"\377\377\377\377\377\377\377\377\377\377\377\377\377"
 111      FFFFFFFF 
 111      FFFFFFFF 
 111      FF
 112 0402 FFFFFFFF 		.ascii	"\377\377\377\377\377\377\377\377\377\377\377\377\377"
ARM GAS  /tmp/ccKPF9zL.s 			page 7


 112      FFFFFFFF 
 112      FFFFFFFF 
 112      FF
 113 040f FFFFFFD0 		.ascii	"\377\377\377\320\000\000\000\000\000\000\000\000\000"
 113      00000000 
 113      00000000 
 113      00
 114 041c 00000000 		.ascii	"\000\000\000\000\000\010\377\377\377\377\377\377\377"
 114      0008FFFF 
 114      FFFFFFFF 
 114      FF
 115 0429 FFFFFFFF 		.ascii	"\377\377\377\377\377\377\371\022\377\377\377\377\366"
 115      FFFFF912 
 115      FFFFFFFF 
 115      F6
 116 0436 113FFFFF 		.ascii	"\021?\377\377\377\377\377\377\377\377\377\377\377\377"
 116      FFFFFFFF 
 116      FFFFFFFF 
 116      FFFF
 117 0444 10000000 		.ascii	"\020\000\000\000\000\000\000\000\000\000\000\000\000"
 117      00000000 
 117      00000000 
 117      00
 118 0451 000001FF 		.ascii	"\000\000\001\377\377\377\377\377\377\377\377\377\377"
 118      FFFFFFFF 
 118      FFFFFFFF 
 118      FF
 119 045e FFFFF200 		.ascii	"\377\377\362\000\000\377\377\377\377\260\000\000?\377"
 119      00FFFFFF 
 119      FFB00000 
 119      3FFF
 120 046c FFFFFFFF 		.ascii	"\377\377\377\377\377\377\377\377\377\371\000\000\000"
 120      FFFFFFFF 
 120      FFF90000 
 120      00
 121 0479 00000000 		.ascii	"\000\000\000\000\000\000\000\000\000\000\000\000\000"
 121      00000000 
 121      00000000 
 121      00
 122 0486 2FFFFFFF 		.ascii	"/\377\377\377\377\377\377\377\377\377\377P\000\000\000"
 122      FFFFFFFF 
 122      FFFFFF50 
 122      000000
 123 0495 FFFFFFFF 		.ascii	"\377\377\377\377\020\000\000\000\004\377\377\377\377"
 123      10000000 
 123      04FFFFFF 
 123      FF
 124 04a2 FFFFFFFF 		.ascii	"\377\377\377\377\377\360\000\000\000\000\000\000\000"
 124      FFF00000 
 124      00000000 
 124      00
 125 04af 00000000 		.ascii	"\000\000\000\000\000\000\000\000\000\017\377\377\377"
 125      00000000 
 125      000FFFFF 
 125      FF
 126 04bc FFFFFFFF 		.ascii	"\377\377\377\377\377\377@\000\000\000\000\377\377\377"
 126      FFFF4000 
ARM GAS  /tmp/ccKPF9zL.s 			page 8


 126      000000FF 
 126      FFFF
 127 04ca FF000000 		.ascii	"\377\000\000\000\000\000\005\377\377\377\377\377\377"
 127      000005FF 
 127      FFFFFFFF 
 127      FF
 128 04d7 FFFFF000 		.ascii	"\377\377\360\000\000\000\000\000\000\000\000\000\000"
 128      00000000 
 128      00000000 
 128      00
 129 04e4 00000000 		.ascii	"\000\000\000\000\000\000\237\377\377\377\377\377\377"
 129      00009FFF 
 129      FFFFFFFF 
 129      FF
 130 04f1 FFFFF400 		.ascii	"\377\377\364\000\000\000\000\000\377\377\377\377\000"
 130      00000000 
 130      FFFFFFFF 
 130      00
 131 04fe 00000000 		.ascii	"\000\000\000\000\000o\377\377\377\377\377\377\377\373"
 131      006FFFFF 
 131      FFFFFFFF 
 131      FFFB
 132 050c 00000000 		.ascii	"\000\000\000\000\000\000\000\000\000\000\000\000\000"
 132      00000000 
 132      00000000 
 132      00
 133 0519 000001FF 		.ascii	"\000\000\001\377\377\377\377\377\377\377\377\370\000"
 133      FFFFFFFF 
 133      FFFFFFF8 
 133      00
 134 0526 00000000 		.ascii	"\000\000\000\000\000\377\377\377\377\000\000\000\000"
 134      00FFFFFF 
 134      FF000000 
 134      00
 135 0533 000001CF 		.ascii	"\000\000\001\317\377\377\377\377\377\377\377\000\000"
 135      FFFFFFFF 
 135      FFFFFF00 
 135      00
 136 0540 04778200 		.ascii	"\004w\202\000\000\000\000\000\000\000\000\000\000\013"
 136      00000000 
 136      00000000 
 136      000B
 137 054e FFFFFFFF 		.ascii	"\377\377\377\377\377\377\377\377@\000\000\000\000\000"
 137      FFFFFFFF 
 137      40000000 
 137      0000
 138 055c 00FFFFFF 		.ascii	"\000\377\377\377\377\000\000\000\000\000\000\000\007"
 138      FF000000 
 138      00000000 
 138      07
 139 0569 FFFFFFFF 		.ascii	"\377\377\377\377\377\377\377\250\207\237\377\377\020"
 139      FFFFFFA8 
 139      879FFFFF 
 139      10
 140 0576 00000000 		.ascii	"\000\000\000\000\002\376`\000\000\237\377\377\377\377"
 140      02FE6000 
 140      009FFFFF 
ARM GAS  /tmp/ccKPF9zL.s 			page 9


 140      FFFF
 141 0584 FFFFFFF5 		.ascii	"\377\377\377\365\000\000\000\000\000\000\000\377\377"
 141      00000000 
 141      000000FF 
 141      FF
 142 0591 FFFF0000 		.ascii	"\377\377\000\000\000\000\000\000\000\000\177\377\377"
 142      00000000 
 142      00007FFF 
 142      FF
 143 059e FFFFFFFF 		.ascii	"\377\377\377\377\377\377\377\356\357\360\000\000\000"
 143      FFFFFFEE 
 143      EFF00000 
 143      00
 144 05ab 001FFFFE 		.ascii	"\000\037\377\376\314\255\377\377\377\377\377\377\377"
 144      CCADFFFF 
 144      FFFFFFFF 
 144      FF
 145 05b8 FF400000 		.ascii	"\377@\000\000\000\000\000\000\000\377\377\377\377\000"
 145      00000000 
 145      00FFFFFF 
 145      FF00
 146 05c6 00000000 		.ascii	"\000\000\000\000\000\000\000\007\377\377\377\377\377"
 146      00000007 
 146      FFFFFFFF 
 146      FF
 147 05d3 FFFFFFFF 		.ascii	"\377\377\377\377\377\377\361\000\000\000\000_\377\377"
 147      FFFFF100 
 147      0000005F 
 147      FFFF
 148 05e1 FFFFFFFF 		.ascii	"\377\377\377\377\377\377\377\377\377\365\000\000\000"
 148      FFFFFFFF 
 148      FFF50000 
 148      00
 149 05ee 00000000 		.ascii	"\000\000\000\000\000\377\377\377\377\000\000\000\000"
 149      00FFFFFF 
 149      FF000000 
 149      00
 150 05fb 00000000 		.ascii	"\000\000\000\000\000\177\377\377\377\377\377\377\377"
 150      007FFFFF 
 150      FFFFFFFF 
 150      FF
 151 0608 FFFFFFF8 		.ascii	"\377\377\377\370\000\000\000\001\377\377\377\377\377"
 151      00000001 
 151      FFFFFFFF 
 151      FF
 152 0615 FFFFFFFF 		.ascii	"\377\377\377\377\377\377\377P\000\000\000\000\000\000"
 152      FFFFFF50 
 152      00000000 
 152      0000
 153 0623 0000FFFF 		.ascii	"\000\000\377\377\377\377\000\000\000\000\000\000\000"
 153      FFFF0000 
 153      00000000 
 153      00
 154 0630 00000FFF 		.ascii	"\000\000\017\377\377\377\377\377\377\377\377\377\377"
 154      FFFFFFFF 
 154      FFFFFFFF 
 154      FF
ARM GAS  /tmp/ccKPF9zL.s 			page 10


 155 063d FF000000 		.ascii	"\377\000\000\000\001\377\377\377\377\377\377\377\377"
 155      01FFFFFF 
 155      FFFFFFFF 
 155      FF
 156 064a FFFFFFF8 		.ascii	"\377\377\377\370\000\000\000\000\000\000\000\000\000"
 156      00000000 
 156      00000000 
 156      00
 157 0657 FFFFFFFF 		.ascii	"\377\377\377\377\000\000\000\000\000\000\000\000\000"
 157      00000000 
 157      00000000 
 157      00
 158 0664 02FFFFFF 		.ascii	"\002\377\377\377\377\377\377\377\377\377\377\377\000"
 158      FFFFFFFF 
 158      FFFFFFFF 
 158      00
 159 0671 000007FF 		.ascii	"\000\000\007\377\377\377\377\377\377\377\377\377\377"
 159      FFFFFFFF 
 159      FFFFFFFF 
 159      FF
 160 067e FFF00000 		.ascii	"\377\360\000\000\000\000\000\000\000\000\000\377\377"
 160      00000000 
 160      000000FF 
 160      FF
 161 068b FFFF0000 		.ascii	"\377\377\000\000\000\000\000\000\000\000\000\000O\377"
 161      00000000 
 161      00000000 
 161      4FFF
 162 0699 FFFFFFFF 		.ascii	"\377\377\377\377\377\377\377\377\377\000\000\000\007"
 162      FFFFFFFF 
 162      FF000000 
 162      07
 163 06a6 FFFFFFFF 		.ascii	"\377\377\377\377\377\377\377\377\377\377\3770\000\000"
 163      FFFFFFFF 
 163      FFFFFF30 
 163      0000
 164 06b4 00000000 		.ascii	"\000\000\000\000\000\000\000\377\377\377\377\000\000"
 164      000000FF 
 164      FFFFFF00 
 164      00
 165 06c1 00000000 		.ascii	"\000\000\000\000\000\000\000\000\017\377\377\377\377"
 165      00000000 
 165      0FFFFFFF 
 165      FF
 166 06ce FFFFFFFF 		.ascii	"\377\377\377\377\377\364\000\000\000\000\237\377\377"
 166      FFF40000 
 166      00009FFF 
 166      FF
 167 06db FFFFFFFF 		.ascii	"\377\377\377\377\377\377\377\364\000\000\000\000\000"
 167      FFFFFFF4 
 167      00000000 
 167      00
 168 06e8 00000000 		.ascii	"\000\000\000\000\002\377\377\377\3770\000\000\000\000"
 168      02FFFFFF 
 168      FF300000 
 168      0000
 169 06f6 00000000 		.ascii	"\000\000\000\000\000\002\377\377\377\377\377\377\377"
ARM GAS  /tmp/ccKPF9zL.s 			page 11


 169      0002FFFF 
 169      FFFFFFFF 
 169      FF
 170 0703 FFFA2000 		.ascii	"\377\372 \000\000\000\000\004\337\377\377\377\377\377"
 170      00000004 
 170      DFFFFFFF 
 170      FFFF
 171 0711 FFFFFFF0 		.ascii	"\377\377\377\360\000\000\000\000\000\000\000\000\001"
 171      00000000 
 171      00000000 
 171      01
 172 071e 4FFFFFFF 		.ascii	"O\377\377\377\377\364\000\000\000\000\000\000\000\000"
 172      FFF40000 
 172      00000000 
 172      0000
 173 072c 0000AFFF 		.ascii	"\000\000\257\377\377\377\377\377\377\377\200\000\000"
 173      FFFFFFFF 
 173      FFFF8000 
 173      00
 174 0739 00000000 		.ascii	"\000\000\000\000\007\377\377\377\377\377\377\377\377"
 174      07FFFFFF 
 174      FFFFFFFF 
 174      FF
 175 0746 40000000 		.ascii	"@\000\000\000\000\000\000\000\000/\377\377\377\377\377"
 175      00000000 
 175      002FFFFF 
 175      FFFFFF
 176 0755 FFF10000 		.ascii	"\377\361\000\000\000\000\000\000\000\000\000\037\377"
 176      00000000 
 176      0000001F 
 176      FF
 177 0762 FFFFFFFF 		.ascii	"\377\377\377\377\377\370\000\000\000\000\000\000\000"
 177      FFF80000 
 177      00000000 
 177      00
 178 076f 0017FFFF 		.ascii	"\000\027\377\377\377\377\377\377\377\000\000\000\000"
 178      FFFFFFFF 
 178      FF000000 
 178      00
 179 077c 00000000 		.ascii	"\000\000\000\000\030\377\377\377\377\377\377\377\377"
 179      18FFFFFF 
 179      FFFFFFFF 
 179      FF
 180 0789 51000000 		.ascii	"Q\000\000\000\000\000\000\000\000\006\377\377\377\377"
 180      00000000 
 180      0006FFFF 
 180      FFFF
 181 0797 FFFF8000 		.ascii	"\377\377\200\000\000\000\000\000\000\000\000\004\377"
 181      00000000 
 181      00000004 
 181      FF
 182 07a4 FFFFFFFF 		.ascii	"\377\377\377\377\377\373\000\000\000\000\000\000\000"
 182      FFFB0000 
 182      00000000 
 182      00
 183 07b1 01FFFFFF 		.ascii	"\001\377\377\377\377\377\377\377\377\357\377\020\000"
 183      FFFFFFFF 
ARM GAS  /tmp/ccKPF9zL.s 			page 12


 183      FFEFFF10 
 183      00
 184 07be 00000000 		.ascii	"\000\000\000\000\000\000\001\377\377\377\377\377\377"
 184      000001FF 
 184      FFFFFFFF 
 184      FF
 185 07cb 30000000 		.ascii	"0\000\000\000\000"
 185      00
 186 07d0 00000000 		.ascii	"\000\000\000\000\004\377\377\377\377\377\377\362\000"
 186      04FFFFFF 
 186      FFFFFFF2 
 186      00
 187 07dd 00000000 		.ascii	"\000\000\000\000\000\000\016\376\377\377\377\377\377"
 187      00000EFE 
 187      FFFFFFFF 
 187      FF
 188 07ea FFFFFFDF 		.ascii	"\377\377\377\337\260\000\000\000\000\000\000\000\001"
 188      B0000000 
 188      00000000 
 188      01
 189 07f7 FFFFFFFF 		.ascii	"\377\377\377\377\377\377\220\000\000\000\000\000\000"
 189      FFFF9000 
 189      00000000 
 189      00
 190 0804 000004FF 		.ascii	"\000\000\004\377\377\377\377\377\377\300\000\000\000"
 190      FFFFFFFF 
 190      FFC00000 
 190      00
 191 0811 00000000 		.ascii	"\000\000\000\000\237\377\334\377\377\377\377\377\377"
 191      9FFFDCFF 
 191      FFFFFFFF 
 191      FF
 192 081e ECFFF400 		.ascii	"\354\377\364\000\000\000\000\000\000\000\000?\377\377"
 192      00000000 
 192      0000003F 
 192      FFFF
 193 082c FFFFFFF1 		.ascii	"\377\377\377\361\000\000\000\000\000\000\000\000\007"
 193      00000000 
 193      00000000 
 193      07
 194 0839 FFFFFFFF 		.ascii	"\377\377\377\377\377\3770\000\000\000\000\000\000\003"
 194      FFFF3000 
 194      00000000 
 194      0003
 195 0847 FFFD000F 		.ascii	"\377\375\000\017\376\253\272\357\373\000\317\377 \000"
 195      FEABBAEF 
 195      FB00CFFF 
 195      2000
 196 0855 00000000 		.ascii	"\000\000\000\000\000\000\037\377\377\377\377\377\363"
 196      00001FFF 
 196      FFFFFFFF 
 196      F3
 197 0862 00000000 		.ascii	"\000\000\000\000\000\000\000\000\036\377\377\377\377"
 197      00000000 
 197      1EFFFFFF 
 197      FF
 198 086f FFFF2000 		.ascii	"\377\377 \000\000\000\000\000\000/\377\375\000\001p"
ARM GAS  /tmp/ccKPF9zL.s 			page 13


 198      00000000 
 198      002FFFFD 
 198      000170
 199 087e 00000730 		.ascii	"\000\000\0070\000\337\377\300\000\000\000\000\000\000"
 199      00DFFFC0 
 199      00000000 
 199      0000
 200 088c 001FFFFF 		.ascii	"\000\037\377\377\377\377\377\377 \000\000\000\000\000"
 200      FFFFFFFF 
 200      20000000 
 200      0000
 201 089a 00004FFF 		.ascii	"\000\000O\377\377\377\377\377\377\020\000\000\000\000"
 201      FFFFFFFF 
 201      FF100000 
 201      0000
 202 08a8 00003FFF 		.ascii	"\000\000?\377\377`\000\000\000\000\000\000\010\377\377"
 202      FF600000 
 202      00000000 
 202      08FFFF
 203 08b7 F3000000 		.ascii	"\363\000\000\000\000\000\000\000\017\377\377\377\377"
 203      00000000 
 203      0FFFFFFF 
 203      FF
 204 08c4 FFFFFDDD 		.ascii	"\377\377\375\335\376\000\000\001\001[\377\377\377\377"
 204      FE000001 
 204      015BFFFF 
 204      FFFF
 205 08d2 FFFFFF40 		.ascii	"\377\377\377@\000\000\000\000\000\001\217\377\377\361"
 205      00000000 
 205      00018FFF 
 205      FFF1
 206 08e0 00000000 		.ascii	"\000\000\000\000\000\000\017\377\377\373\020\000\000"
 206      00000FFF 
 206      FFFB1000 
 206      00
 207 08ed 00000000 		.ascii	"\000\000\000\000?\377\377\377\377\377\377\377\377\377"
 207      3FFFFFFF 
 207      FFFFFFFF 
 207      FFFF
 208 08fb E002DFFF 		.ascii	"\340\002\337\377\377\377\377\377\377\377\377\377\371"
 208      FFFFFFFF 
 208      FFFFFFFF 
 208      F9
 209 0908 68888888 		.ascii	"h\210\210\210\207\257\377\377\377\366\000\000\000\000"
 209      87AFFFFF 
 209      FFF60000 
 209      0000
 210 0916 00001FFF 		.ascii	"\000\000\037\377\377\377\377\377\377\377\377\377\377"
 210      FFFFFFFF 
 210      FFFFFFFF 
 210      FF
 211 0923 FFFFFFFF 		.ascii	"\377\377\377\377\377\377\377\377\377\377\360\017\377"
 211      FFFFFFFF 
 211      FFFFF00F 
 211      FF
 212 0930 FFFFFFFF 		.ascii	"\377\377\377\377\377\377\377\377\377\377\377\377\377"
 212      FFFFFFFF 
ARM GAS  /tmp/ccKPF9zL.s 			page 14


 212      FFFFFFFF 
 212      FF
 213 093d FFFFFFFF 		.ascii	"\377\377\377\377\377\377\363\000\000\000\000\000\000"
 213      FFFFF300 
 213      00000000 
 213      00
 214 094a 0BFFFFFF 		.ascii	"\013\377\377\377\377\377\377\377\377\377\377\377\377"
 214      FFFFFFFF 
 214      FFFFFFFF 
 214      FF
 215 0957 FFFFFFFF 		.ascii	"\377\377\377\377\377\377\377\377\343_\377\377\377\377"
 215      FFFFFFFF 
 215      E35FFFFF 
 215      FFFF
 216 0965 FFFFFFFF 		.ascii	"\377\377\377\377\377\377\377\377\377\377\377\377\377"
 216      FFFFFFFF 
 216      FFFFFFFF 
 216      FF
 217 0972 FFFFFFF2 		.ascii	"\377\377\377\362\000\000\000\000\000\000\013\377\377"
 217      00000000 
 217      00000BFF 
 217      FF
 218 097f FFFFFFFF 		.ascii	"\377\377\377\377\377\377\377\377\377\377\377\377\377"
 218      FFFFFFFF 
 218      FFFFFFFF 
 218      FF
 219 098c FFFFFFFF 		.ascii	"\377\377\377\377\377\372o\377\377\377\377\377\377\377"
 219      FFFA6FFF 
 219      FFFFFFFF 
 219      FFFF
 220 099a FFFFFFFF 		.ascii	"\377\377\377\377\377\377\377\377\377\377\377\377\377"
 220      FFFFFFFF 
 220      FFFFFFFF 
 220      FF
 221 09a7 F2000000 		.ascii	"\362\000\000\000\000\000\000\013\377\377\377\377\377"
 221      0000000B 
 221      FFFFFFFF 
 221      FF
 222 09b4 FFFFFFFF 		.ascii	"\377\377\377\377\377\377\377\377\377\377\377\377\377"
 222      FFFFFFFF 
 222      FFFFFFFF 
 222      FF
 223 09c1 FFFFFF3E 		.ascii	"\377\377\377>\377\377\377\377\377\377\377\377\377\377"
 223      FFFFFFFF 
 223      FFFFFFFF 
 223      FFFF
 224 09cf FFFFFFFF 		.ascii	"\377\377\377\377\377\377\377\377\377\377\362\000\000"
 224      FFFFFFFF 
 224      FFFFF200 
 224      00
 225 09dc 00000000 		.ascii	"\000\000\000\000\013\377\377\377\377\377\377\377\377"
 225      0BFFFFFF 
 225      FFFFFFFF 
 225      FF
 226 09e9 FFFFFFFF 		.ascii	"\377\377\377\377\377\377\377\377\377\377\377\377\377"
 226      FFFFFFFF 
 226      FFFFFFFF 
ARM GAS  /tmp/ccKPF9zL.s 			page 15


 226      FF
 227 09f6 3EFFFFFF 		.ascii	">\377\377\377\377\377\377\377\377\377\377\377\377\377"
 227      FFFFFFFF 
 227      FFFFFFFF 
 227      FFFF
 228 0a04 FFFFFFFF 		.ascii	"\377\377\377\377\377\377\377\362\000\000\000\000\000"
 228      FFFFFFF2 
 228      00000000 
 228      00
 229 0a11 000BFFFF 		.ascii	"\000\013\377\377\377\377\377\377\377\377\377\377\377"
 229      FFFFFFFF 
 229      FFFFFFFF 
 229      FF
 230 0a1e FFFFFFFF 		.ascii	"\377\377\377\377\377\377\377\377\377\370/\377\377\377"
 230      FFFFFFFF 
 230      FFF82FFF 
 230      FFFF
 231 0a2c FFFFFFFF 		.ascii	"\377\377\377\377\377\377\377\377\377\377\377\377\377"
 231      FFFFFFFF 
 231      FFFFFFFF 
 231      FF
 232 0a39 FFFFFFFF 		.ascii	"\377\377\377\377\363\000\000\000\000\000\000\015\377"
 232      F3000000 
 232      0000000D 
 232      FF
 233 0a46 FFFFFFFF 		.ascii	"\377\377\377\377\377\377\377\377\377\377\377\377\377"
 233      FFFFFFFF 
 233      FFFFFFFF 
 233      FF
 234 0a53 FFFFFFFF 		.ascii	"\377\377\377\377\377\377\360\017\377\377\377\377\377"
 234      FFFFF00F 
 234      FFFFFFFF 
 234      FF
 235 0a60 FFFFFFFF 		.ascii	"\377\377\377\377\377\377\225UfUe\237\377\377\377\367"
 235      FFFF9555 
 235      6655659F 
 235      FFFFFFF7 
 236 0a70 00000000 		.ascii	"\000\000\000\000\000\000O\377\377\377\377\377\227\210"
 236      00004FFF 
 236      FFFFFFFF 
 236      9788
 237 0a7e 88878DFF 		.ascii	"\210\207\215\377\377\377\377\377\377\377\377\366\020"
 237      FFFFFFFF 
 237      FFFFFFF6 
 237      10
 238 0a8b 0001AFFF 		.ascii	"\000\001\257\377\377\377\377\377\377\377\377\377\221"
 238      FFFFFFFF 
 238      FFFFFFFF 
 238      91
 239 0a98 00000000 		.ascii	"\000\000\000\000\000\001\177\377\377\364\000\000\000"
 239      00017FFF 
 239      FFF40000 
 239      00
 240 0aa5 0000000F 		.ascii	"\000\000\000\017\377\377\377\362\000\000\000\000\000"
 240      FFFFFFF2 
 240      00000000 
 240      00
ARM GAS  /tmp/ccKPF9zL.s 			page 16


 241 0ab2 003FFFFF 		.ascii	"\000?\377\377\377\377\377\377\363\000\000\000\000\000"
 241      FFFFFFFF 
 241      F3000000 
 241      0000
 242 0ac0 0019FFFF 		.ascii	"\000\031\377\377\377\377\377\377\377 \000\000\000\000"
 242      FFFFFFFF 
 242      FF200000 
 242      0000
 243 0ace 00004FFF 		.ascii	"\000\000O\377\377\260\000\000\000\000\000\000\003\377"
 243      FFB00000 
 243      00000000 
 243      03FF
 244 0adc FFFF3000 		.ascii	"\377\3770\000\000\000\000\000\000\037\377\377\377\377"
 244      00000000 
 244      001FFFFF 
 244      FFFF
 245 0aea FFFF3000 		.ascii	"\377\3770\000\000\000\000\000\000\000_\377\377\377\377"
 245      00000000 
 245      00005FFF 
 245      FFFFFF
 246 0af9 FFFF2000 		.ascii	"\377\377 \000\000\000\000\000\000/\377\377 \007\344"
 246      00000000 
 246      002FFFFF 
 246      2007E4
 247 0b08 00002920 		.ascii	"\000\000) \000\337\377\363\000\000\000\000\000\000\000"
 247      00DFFFF3 
 247      00000000 
 247      000000
 248 0b17 1FFFFFFF 		.ascii	"\037\377\377\377\377\377\377\020\000\000\000\000\000"
 248      FFFFFF10 
 248      00000000 
 248      00
 249 0b24 000007FF 		.ascii	"\000\000\007\377\377\377\377\377\377 \000\000\000\000"
 249      FFFFFFFF 
 249      FF200000 
 249      0000
 250 0b32 000004FF 		.ascii	"\000\000\004\377\377P/\377\273\313\377\363\000\337\377"
 250      FF502FFF 
 250      BBCBFFF3 
 250      00DFFF
 251 0b41 40000000 		.ascii	"@\000\000\000\000\000\000\000O\377\377\377\377\377\377"
 251      00000000 
 251      4FFFFFFF 
 251      FFFFFF
 252 0b50 10000000 		.ascii	"\020\000\000\000\000\000\000\000\004\377\377\377\377"
 252      00000000 
 252      04FFFFFF 
 252      FF
 253 0b5d FFFF2000 		.ascii	"\377\377 \000\000\000\000\000\000\000o\377\376\377\377"
 253      00000000 
 253      00006FFF 
 253      FEFFFF
 254 0b6c FFFFFFFF 		.ascii	"\377\377\377\377\335\377\370\000\000\000\000\000\000"
 254      DDFFF800 
 254      00000000 
 254      00
 255 0b79 0001FFFF 		.ascii	"\000\001\377\377\377\377\377\377\365\000\000\000\000"
ARM GAS  /tmp/ccKPF9zL.s 			page 17


 255      FFFFFFFF 
 255      F5000000 
 255      00
 256 0b86 00000000 		.ascii	"\000\000\000\000\005\377\377\377\377\377\377 \000\000"
 256      05FFFFFF 
 256      FFFFFF20 
 256      0000
 257 0b94 00000000 		.ascii	"\000\000\000\000\000\010\376\377\377\377\377\377\377"
 257      0008FEFF 
 257      FFFFFFFF 
 257      FF
 258 0ba1 FFFFEF60 		.ascii	"\377\377\357`\000\000\000\000\000\000\000\001\377\377"
 258      00000000 
 258      00000001 
 258      FFFF
 259 0baf FFFFFFFF 		.ascii	"\377\377\377\377\362\000\000\000\000\000\000\000\000"
 259      F2000000 
 259      00000000 
 259      00
 260 0bbc 03FFFFFF 		.ascii	"\003\377\377\377\377\377\377\240\000\000\000\000\000"
 260      FFFFFFA0 
 260      00000000 
 260      00
 261 0bc9 000001EF 		.ascii	"\000\000\001\357\377\377\377\377\377\377\377\377\375"
 261      FFFFFFFF 
 261      FFFFFFFF 
 261      FD
 262 0bd6 00000000 		.ascii	"\000\000\000\000\000\000\000\000\002\377\377\377\377"
 262      00000000 
 262      02FFFFFF 
 262      FF
 263 0be3 FFFFF600 		.ascii	"\377\377\366\000\000\000\000\000\000\000\000\003\377"
 263      00000000 
 263      00000003 
 263      FF
 264 0bf0 FFFFFFFF 		.ascii	"\377\377\377\377\377\363\000\000\000\000\000\000\000"
 264      FFF30000 
 264      00000000 
 264      00
 265 0bfd 0026FFFF 		.ascii	"\000&\377\377\377\377\377\377\377\377q\000\000\000\000"
 265      FFFFFFFF 
 265      FFFF7100 
 265      000000
 266 0c0c 00000000 		.ascii	"\000\000\000\000\017\377\377\377\377\377\377\377P\000"
 266      0FFFFFFF 
 266      FFFFFFFF 
 266      5000
 267 0c1a 00000000 		.ascii	"\000\000\000\000\000\000)\377\377\377\377\377\377\376"
 267      000029FF 
 267      FFFFFFFF 
 267      FFFE
 268 0c28 10000000 		.ascii	"\020\000\000\000\000\000\000\000\000:\377\377\377\377"
 268      00000000 
 268      003AFFFF 
 268      FFFF
 269 0c36 FFFFF400 		.ascii	"\377\377\364\000\000\000\000\000\000\000\000\000?\377"
 269      00000000 
ARM GAS  /tmp/ccKPF9zL.s 			page 18


 269      00000000 
 269      3FFF
 270 0c44 FFFFFFFF 		.ascii	"\377\377\377\377\377\377\377\201\000\000\000\000\000"
 270      FFFFFF81 
 270      00000000 
 270      00
 271 0c51 19FFFFFF 		.ascii	"\031\377\377\377\377\377\377\377\377\020\000\000\000"
 271      FFFFFFFF 
 271      FF100000 
 271      00
 272 0c5e 00000000 		.ascii	"\000\000\000\000\000\0006\377\377\377\377\377@\000\000"
 272      000036FF 
 272      FFFFFFFF 
 272      400000
 273 0c6d 00000000 		.ascii	"\000\000\000\000\000\000\000\377\377\377\377\377\377"
 273      000000FF 
 273      FFFFFFFF 
 273      FF
 274 0c7a FFFFFFFF 		.ascii	"\377\377\377\377\000\000\000\000\005\377\377\377\377"
 274      00000000 
 274      05FFFFFF 
 274      FF
 275 0c87 FFFFFFFF 		.ascii	"\377\377\377\377\377`\000\000\000\000\000\000\000\000"
 275      FF600000 
 275      00000000 
 275      0000
 276 0c95 0000FFFF 		.ascii	"\000\000\377\377\377\377\364\000\000\000\000\000\000"
 276      FFFFF400 
 276      00000000 
 276      00
 277 0ca2 00000004 		.ascii	"\000\000\000\004\377\377\377\377\377\377\377\377\377"
 277      FFFFFFFF 
 277      FFFFFFFF 
 277      FF
 278 0caf FF500000 		.ascii	"\377P\000\000\000\217\377\377\377\377\377\377\377\377"
 278      008FFFFF 
 278      FFFFFFFF 
 278      FFFF
 279 0cbd FFF10000 		.ascii	"\377\361\000\000\000\000\000\000\000\000\000\001\377"
 279      00000000 
 279      00000001 
 279      FF
 280 0cca FFFFFFC0 		.ascii	"\377\377\377\300\000\000\000\000\000\000\000\000\000"
 280      00000000 
 280      00000000 
 280      00
 281 0cd7 0FFFFFFF 		.ascii	"\017\377\377\377\377\377\377\377\377\377\377\360\000"
 281      FFFFFFFF 
 281      FFFFFFF0 
 281      00
 282 0ce4 0001FFFF 		.ascii	"\000\001\377\377\377\377\377\377\377\377\377\377\367"
 282      FFFFFFFF 
 282      FFFFFFFF 
 282      F7
 283 0cf1 00000000 		.ascii	"\000\000\000\000\000\000\000\000\000\001\377\377\377"
 283      00000000 
 283      0001FFFF 
ARM GAS  /tmp/ccKPF9zL.s 			page 19


 283      FF
 284 0cfe FF200000 		.ascii	"\377 \000\000\000\000\000\000\000\000\000_\377\377\377"
 284      00000000 
 284      0000005F 
 284      FFFFFF
 285 0d0d FFFFFFFF 		.ascii	"\377\377\377\377\377\377\377\320\000\000\001\377\377"
 285      FFFFFFD0 
 285      000001FF 
 285      FF
 286 0d1a FFFFFFFF 		.ascii	"\377\377\377\377\377\377\377\377\377p\000\000\000\000"
 286      FFFFFFFF 
 286      FF700000 
 286      0000
 287 0d28 00000000 		.ascii	"\000\000\000\000\001\377\377\377\377\000\000\000\000"
 287      01FFFFFF 
 287      FF000000 
 287      00
 288 0d35 00000000 		.ascii	"\000\000\000\000\000\004\377\377\377\377\377\377\377"
 288      0004FFFF 
 288      FFFFFFFF 
 288      FF
 289 0d42 FFFFFFFF 		.ascii	"\377\377\377\377P\000\000\000\217\377\377\377\377\377"
 289      50000000 
 289      8FFFFFFF 
 289      FFFF
 290 0d50 FFFFFFFF 		.ascii	"\377\377\377\377\377\367\000\000\000\000\000\000\000"
 290      FFF70000 
 290      00000000 
 290      00
 291 0d5d 0001FFFF 		.ascii	"\000\001\377\377\377\377\020\000\000\000\000\000\000"
 291      FFFF1000 
 291      00000000 
 291      00
 292 0d6a 00003FFF 		.ascii	"\000\000?\377\377\377\377\377\377\377\377\377\377\377"
 292      FFFFFFFF 
 292      FFFFFFFF 
 292      FFFF
 293 0d78 10000000 		.ascii	"\020\000\000\000/\377\377\377\377\377\377\377\377\377"
 293      2FFFFFFF 
 293      FFFFFFFF 
 293      FFFF
 294 0d86 FFFF0000 		.ascii	"\377\377\000\000\000\000\000\000\000\000\001\377\377"
 294      00000000 
 294      000001FF 
 294      FF
 295 0d93 FFFF1000 		.ascii	"\377\377\020\000\000\000\000\000\000\000\000\357\377"
 295      00000000 
 295      000000EF 
 295      FF
 296 0da0 FFFFFFFF 		.ascii	"\377\377\377\377\377\377\377\377\377\377\000\000\000"
 296      FFFFFFFF 
 296      FFFF0000 
 296      00
 297 0dad 001FFFFF 		.ascii	"\000\037\377\377\377\377\377\377\377\377\377\377\377"
 297      FFFFFFFF 
 297      FFFFFFFF 
 297      FF
ARM GAS  /tmp/ccKPF9zL.s 			page 20


 298 0dba 90000000 		.ascii	"\220\000\000\000\000\000\000\000\001\377\377\377\377"
 298      00000000 
 298      01FFFFFF 
 298      FF
 299 0dc7 10000000 		.ascii	"\020\000\000\000\000\000\000\000\010\377\377\377\377"
 299      00000000 
 299      08FFFFFF 
 299      FF
 300 0dd4 FFFFFFFE 		.ascii	"\377\377\377\376S\315\315\361\000\000\000\000\002\377"
 300      53CDCDF1 
 300      00000000 
 300      02FF
 301 0de2 FFFFECFF 		.ascii	"\377\377\354\377\377\377\377\377\377\377\374 \000\000"
 301      FFFFFFFF 
 301      FFFFFC20 
 301      0000
 302 0df0 00000000 		.ascii	"\000\000\000\000\001\377\377\377\377\020\000\000\000"
 302      01FFFFFF 
 302      FF100000 
 302      00
 303 0dfd 00000001 		.ascii	"\000\000\000\001\317\377\377\377\377\377\377\377\240"
 303      CFFFFFFF 
 303      FFFFFFFF 
 303      A0
 304 0e0a 00000000 		.ascii	"\000\000\000\000\000\000\000\000\000+\231\251 \177\377"
 304      00000000 
 304      002B99A9 
 304      207FFF
 305 0e19 FFFFFFFF 		.ascii	"\377\377\377\377\377\377\322\000\000\000\000\000\000"
 305      FFFFD200 
 305      00000000 
 305      00
 306 0e26 01FFFFFF 		.ascii	"\001\377\377\377\377\020\000\000\000\000\000\000\013"
 306      FF100000 
 306      00000000 
 306      0B
 307 0e33 FFFFFFFF 		.ascii	"\377\377\377\377\377\377\377\3770\000\000\000\000\000"
 307      FFFFFFFF 
 307      30000000 
 307      0000
 308 0e41 00000000 		.ascii	"\000\000\000\000\000\000\000\000\002\377\377\377\377"
 308      00000000 
 308      02FFFFFF 
 308      FF
 309 0e4e FFFFFFFF 		.ascii	"\377\377\377\377p\000\000\000\000\000\001\377\377\377"
 309      70000000 
 309      000001FF 
 309      FFFF
 310 0e5c FF100000 		.ascii	"\377\020\000\000\000\000\000\004\377\377\377\377\377"
 310      00000004 
 310      FFFFFFFF 
 310      FF
 311 0e69 FFFFFFF7 		.ascii	"\377\377\377\367\000\000\000\000\000\000\000\000\000"
 311      00000000 
 311      00000000 
 311      00
 312 0e76 00000000 		.ascii	"\000\000\000\000\000\000\217\377\377\377\377\377\377"
ARM GAS  /tmp/ccKPF9zL.s 			page 21


 312      00008FFF 
 312      FFFFFFFF 
 312      FF
 313 0e83 FFF70000 		.ascii	"\377\367\000\000\000\000\000\001\377\377\377\377\020"
 313      00000001 
 313      FFFFFFFF 
 313      10
 314 0e90 00000000 		.ascii	"\000\000\000\000\001\237\377\377\377\377\377\377\377"
 314      019FFFFF 
 314      FFFFFFFF 
 314      FF
 315 0e9d FFF00000 		.ascii	"\377\360\000\000\000\000\000\000\000\000\000\000\000"
 315      00000000 
 315      00000000 
 315      00
 316 0eaa 00000000 		.ascii	"\000\000\000\000\014\377\377\377\377\377\377\377\377"
 316      0CFFFFFF 
 316      FFFFFFFF 
 316      FF
 317 0eb7 C3000000 		.ascii	"\303\000\000\000\000\001\377\377\377\377\020\000\000"
 317      0001FFFF 
 317      FFFF1000 
 317      00
 318 0ec4 00003FFF 		.ascii	"\000\000?\377\377\377\377\377\377\377\377\377p\000\000"
 318      FFFFFFFF 
 318      FFFFFFFF 
 318      700000
 319 0ed3 00000000 		.ascii	"\000\000\000\000\000\000\000\000\000\000\000\000\000"
 319      00000000 
 319      00000000 
 319      00
 320 0ee0 0AFFFFFF 		.ascii	"\012\377\377\377\377\377\377\377\377\377\243 \000\000"
 320      FFFFFFFF 
 320      FFFFA320 
 320      0000
 321 0eee 01FFFFFF 		.ascii	"\001\377\377\377\377\000\000\000\001(\377\377\377\377"
 321      FF000000 
 321      0128FFFF 
 321      FFFF
 322 0efc FFFFFFFF 		.ascii	"\377\377\377\377\377\377@\000\000\000\000\000\000\000"
 322      FFFF4000 
 322      00000000 
 322      0000
 323 0f0a 00000000 		.ascii	"\000\000\000\000\000\000\000\000/\377\377\377\377\377"
 323      00000000 
 323      2FFFFFFF 
 323      FFFF
 324 0f18 FFFFFFFF 		.ascii	"\377\377\377\377\377\365\020\000\000\377\377\377\377"
 324      FFF51000 
 324      00FFFFFF 
 324      FF
 325 0f25 1000026F 		.ascii	"\020\000\002o\377\377\377\377\377\377\377\377\377\377"
 325      FFFFFFFF 
 325      FFFFFFFF 
 325      FFFF
 326 0f33 FFF10000 		.ascii	"\377\361\000\000\000\000\000\000\000\000\000\000\000"
 326      00000000 
ARM GAS  /tmp/ccKPF9zL.s 			page 22


 326      00000000 
 326      00
 327 0f40 00000000 		.ascii	"\000\000\000\000\237\377\377\377\377\377\377\377\377"
 327      9FFFFFFF 
 327      FFFFFFFF 
 327      FF
 328 0f4d FFFFFFF7 		.ascii	"\377\377\377\3673\022\377\377\377\377\223#\257\377\377"
 328      3312FFFF 
 328      FFFF9323 
 328      AFFFFF
 329 0f5c FFFFFFFF 		.ascii	"\377\377\377\377\377\377\377\377\377\377\377\020\000"
 329      FFFFFFFF 
 329      FFFFFF10 
 329      00
 330 0f69 00000000 		.ascii	"\000\000\000\000\000\000\000\000\000\000\000\000\004"
 330      00000000 
 330      00000000 
 330      04
 331 0f76 FFFFFFFF 		.ascii	"\377\377\377\377\377\377\377\377\377\377\377\377\377"
 331      FFFFFFFF 
 331      FFFFFFFF 
 331      FF
 332 0f83 FFCAFFFF 		.ascii	"\377\312\377\377\377\377\377\377\377\377\377\377\377"
 332      FFFFFFFF 
 332      FFFFFFFF 
 332      FF
 333 0f90 FFFFFFFF 		.ascii	"\377\377\377\377\377\377\377\377\377\260\000\000\000"
 333      FFFFFFFF 
 333      FFB00000 
 333      00
 334 0f9d 000000   		.ascii	"\000\000\000"
 335 0fa0 00000000 		.ascii	"\000\000\000\000\000\000\000O\377\377\377\377\377\377"
 335      0000004F 
 335      FFFFFFFF 
 335      FFFF
 336 0fae FFFFFFFF 		.ascii	"\377\377\377\377\377\377\377\377\377\377\377\377\377"
 336      FFFFFFFF 
 336      FFFFFFFF 
 336      FF
 337 0fbb FFFFFFFF 		.ascii	"\377\377\377\377\377\377\377\377\377\377\377\377\377"
 337      FFFFFFFF 
 337      FFFFFFFF 
 337      FF
 338 0fc8 FFFFFFB0 		.ascii	"\377\377\377\260\000\000\000\000\000\000\000\000\000"
 338      00000000 
 338      00000000 
 338      00
 339 0fd5 00000000 		.ascii	"\000\000\000\000\357\377\377\377\377\377\377\377\377"
 339      EFFFFFFF 
 339      FFFFFFFF 
 339      FF
 340 0fe2 FFFFFFFF 		.ascii	"\377\377\377\377\377\377\377\377\377\377\377\377\377"
 340      FFFFFFFF 
 340      FFFFFFFF 
 340      FF
 341 0fef FFFFFFFF 		.ascii	"\377\377\377\377\377\377\377\377\377\377\377\377\377"
 341      FFFFFFFF 
ARM GAS  /tmp/ccKPF9zL.s 			page 23


 341      FFFFFFFF 
 341      FF
 342 0ffc FFF40000 		.ascii	"\377\364\000\000\000\000\000\000\000\000\000\000\000"
 342      00000000 
 342      00000000 
 342      00
 343 1009 0000EFFF 		.ascii	"\000\000\357\377\377\377\377\377\377\377\377\377\377"
 343      FFFFFFFF 
 343      FFFFFFFF 
 343      FF
 344 1016 FFFFFFFF 		.ascii	"\377\377\377\377\377\377\377\377\377\377\377\377\377"
 344      FFFFFFFF 
 344      FFFFFFFF 
 344      FF
 345 1023 FFFFFFFF 		.ascii	"\377\377\377\377\377\377\377\377\377\377\377\377\340"
 345      FFFFFFFF 
 345      FFFFFFFF 
 345      E0
 346 1030 00000000 		.ascii	"\000\000\000\000\000\000\000\000\000\000\000\000\000"
 346      00000000 
 346      00000000 
 346      00
 347 103d DFFFFFFF 		.ascii	"\337\377\377\377\377\377\377\377\377\377\377\377\377"
 347      FFFFFFFF 
 347      FFFFFFFF 
 347      FF
 348 104a FFFFFFFF 		.ascii	"\377\377\377\377\377\377\377\377\377\377\377\377\377"
 348      FFFFFFFF 
 348      FFFFFFFF 
 348      FF
 349 1057 FFFFFFFF 		.ascii	"\377\377\377\377\377\207\377\377\377\377\200\000\000"
 349      FF87FFFF 
 349      FFFF8000 
 349      00
 350 1064 00000000 		.ascii	"\000\000\000\000\000\000\000\000\000\000\000\036\377"
 350      00000000 
 350      0000001E 
 350      FF
 351 1071 FFFFFFFD 		.ascii	"\377\377\377\375\336\377\377\377\377\377\377\377\377"
 351      DEFFFFFF 
 351      FFFFFFFF 
 351      FF
 352 107e FFFFFFFF 		.ascii	"\377\377\377\377\377\377\377\377\377\377\377\377\377"
 352      FFFFFFFF 
 352      FFFFFFFF 
 352      FF
 353 108b FFFFF400 		.ascii	"\377\377\364\000?\377\377\373\000\000\000\000\000\000"
 353      3FFFFFFB 
 353      00000000 
 353      0000
 354 1099 00000000 		.ascii	"\000\000\000\000\000\000\000\000\001\357\377\377\376"
 354      00000000 
 354      01EFFFFF 
 354      FE
 355 10a6 40009FFF 		.ascii	"@\000\237\377\377\377\377\377\377\377\377\377\377\377"
 355      FFFFFFFF 
 355      FFFFFFFF 
ARM GAS  /tmp/ccKPF9zL.s 			page 24


 355      FFFF
 356 10b4 FFFFFFFF 		.ascii	"\377\377\377\377\377\377\377\377\377\377\367\000\000"
 356      FFFFFFFF 
 356      FFFFF700 
 356      00
 357 10c1 016FDE80 		.ascii	"\001o\336\200\000\000\000\000\000\000\000\000\000\000"
 357      00000000 
 357      00000000 
 357      0000
 358 10cf 00000000 		.ascii	"\000\000\000\000\000\015\377\377@\000\000\003\377\377"
 358      000DFFFF 
 358      40000003 
 358      FFFF
 359 10dd FFFFFFFF 		.ascii	"\377\377\377\377\377\377\377\377\377\377\377\377\377"
 359      FFFFFFFF 
 359      FFFFFFFF 
 359      FF
 360 10ea FFFFFFFF 		.ascii	"\377\377\377\377\377\377p\000\000\000\000\000\000\000"
 360      FFFF7000 
 360      00000000 
 360      0000
 361 10f8 00000000 		.ascii	"\000\000\000\000\000\000\000\000\000\000\000\000\000"
 361      00000000 
 361      00000000 
 361      00
 362 1105 00019A91 		.ascii	"\000\001\232\221\000\000\000\000\337\377\377\377\377"
 362      00000000 
 362      DFFFFFFF 
 362      FF
 363 1112 FFFFFFFF 		.ascii	"\377\377\377\377\377\377\377\377\377\377\377\377\377"
 363      FFFFFFFF 
 363      FFFFFFFF 
 363      FF
 364 111f FFFFFC00 		.ascii	"\377\377\374\000\000\000\000\000\000\000\000\000\000"
 364      00000000 
 364      00000000 
 364      00
 365 112c 00000000 		.ascii	"\000\000\000\000\000\000\000\000\000\000\000\000\000"
 365      00000000 
 365      00000000 
 365      00
 366 1139 00000000 		.ascii	"\000\000\000\000\000\000\357\377\377\377\377\377\377"
 366      0000EFFF 
 366      FFFFFFFF 
 366      FF
 367 1146 FFFFFFFF 		.ascii	"\377\377\377\377\377\377\377\377\377\377\377\377\377"
 367      FFFFFFFF 
 367      FFFFFFFF 
 367      FF
 368 1153 FA000000 		.ascii	"\372\000\000\000\000\000\000\000\000\000\000\000\000"
 368      00000000 
 368      00000000 
 368      00
 369 1160 00000000 		.ascii	"\000\000\000\000\000\000\000\000\000\000\000\000\000"
 369      00000000 
 369      00000000 
 369      00
ARM GAS  /tmp/ccKPF9zL.s 			page 25


 370 116d 00000000 		.ascii	"\000\000\000\000\357\377\377\377\377\377\377\377\377"
 370      EFFFFFFF 
 370      FFFFFFFF 
 370      FF
 371 117a FFFFFFFF 		.ascii	"\377\377\377\377\377\377\377\377\377\377\377\372\000"
 371      FFFFFFFF 
 371      FFFFFFFA 
 371      00
 372 1187 00000000 		.ascii	"\000\000\000\000\000\000\000\000\000\000\000\000\000"
 372      00000000 
 372      00000000 
 372      00
 373 1194 00000000 		.ascii	"\000\000\000\000\000\000\000\000\000\000\000\000\000"
 373      00000000 
 373      00000000 
 373      00
 374 11a1 0001FFFF 		.ascii	"\000\001\377\377\377\377\377\377\377\377\377\377\377"
 374      FFFFFFFF 
 374      FFFFFFFF 
 374      FF
 375 11ae FFFFFFFF 		.ascii	"\377\377\377\377\377\377\377\377\377\374\020\000\000"
 375      FFFFFFFF 
 375      FFFC1000 
 375      00
 376 11bb 00000000 		.ascii	"\000\000\000\000\000\000\000\000\000\000\000\000\000"
 376      00000000 
 376      00000000 
 376      00
 377 11c8 00000000 		.ascii	"\000\000\000\000\000\000\000\000\000\000\000\000\005"
 377      00000000 
 377      00000000 
 377      05
 378 11d5 FFFFFFFF 		.ascii	"\377\377\377\377\377\3665\257\377\377\377\377\377\365"
 378      FFF635AF 
 378      FFFFFFFF 
 378      FFF5
 379 11e3 44327FFF 		.ascii	"D2\177\377\377\377\377p\000\000\000\000\000\000\000"
 379      FFFFFF70 
 379      00000000 
 379      000000
 380 11f2 00000000 		.ascii	"\000\000\000\000\000\000\000\000\000\000\000\000\000"
 380      00000000 
 380      00000000 
 380      00
 381 11ff 00000000 		.ascii	"\000\000\000\000\000\000\000\017\377\377\377\377\377"
 381      0000000F 
 381      FFFFFFFF 
 381      FF
 382 120c 50002FFF 		.ascii	"P\000/\377\377\377\377\377@\000\000/\377\377\377\377"
 382      FFFFFFFF 
 382      4000002F 
 382      FFFFFFFF 
 383 121c C0000000 		.ascii	"\300\000\000\000\000\000\000\000\000\000\000\000\000"
 383      00000000 
 383      00000000 
 383      00
 384 1229 00000000 		.ascii	"\000\000\000\000\000\000\000\000\000\000\000\000\000"
ARM GAS  /tmp/ccKPF9zL.s 			page 26


 384      00000000 
 384      00000000 
 384      00
 385 1236 00000CFF 		.ascii	"\000\000\014\377\377\377\377\372\000\000\017\377\377"
 385      FFFFFFFA 
 385      00000FFF 
 385      FF
 386 1243 FFFFFC00 		.ascii	"\377\377\374\000\000\000\010\377\377\377\377P\000\000"
 386      000008FF 
 386      FFFFFF50 
 386      0000
 387 1251 00000000 		.ascii	"\000\000\000\000\000\000\000\000\000\000\000\000\000"
 387      00000000 
 387      00000000 
 387      00
 388 125e 00000000 		.ascii	"\000\000\000\000\000\000\000\000\000\000\000\000\002"
 388      00000000 
 388      00000000 
 388      02
 389 126b FFFFFFFF 		.ascii	"\377\377\377\377\362\000\000\037\377\377\377\377\365"
 389      F200001F 
 389      FFFFFFFF 
 389      F5
 390 1278 00000002 		.ascii	"\000\000\000\002\377\377\377\366\000\000\000\000\000"
 390      FFFFFFF6 
 390      00000000 
 390      00
 391 1285 00000000 		.ascii	"\000\000\000\000\000\000\000\000\000\000\000\000\000"
 391      00000000 
 391      00000000 
 391      00
 392 1292 00000000 		.ascii	"\000\000\000\000\000\000\000\000\000\000\000)\377\377"
 392      00000000 
 392      00000029 
 392      FFFF
 393 12a0 FF500000 		.ascii	"\377P\000\000\037\377\377\377\377\361\000\000\000\000"
 393      1FFFFFFF 
 393      FFF10000 
 393      0000
 394 12ae 6FFFF620 		.ascii	"o\377\366 \000\000\000\000\000\000\000\000\000\000\000"
 394      00000000 
 394      00000000 
 394      000000
 395 12bd 00000000 		.ascii	"\000\000\000\000\000\000\000\000\000\000\000\000\000"
 395      00000000 
 395      00000000 
 395      00
 396 12ca 00000000 		.ascii	"\000\000\000\000\000\000\023\357a\000\000\000\016\377"
 396      000013EF 
 396      61000000 
 396      0EFF
 397 12d8 FFFFFFF1 		.ascii	"\377\377\377\361\000\000\000\000\001\021\020\000\000"
 397      00000000 
 397      01111000 
 397      00
 398 12e5 00000000 		.ascii	"\000\000\000\000\000\000\000\000\000\000\000\000\000"
 398      00000000 
ARM GAS  /tmp/ccKPF9zL.s 			page 27


 398      00000000 
 398      00
 399 12f2 00000000 		.ascii	"\000\000\000\000\000\000\000\000\000\000\000\000\000"
 399      00000000 
 399      00000000 
 399      00
 400 12ff 00000000 		.ascii	"\000\000\000\000\021\000\000\000\000\002\377\377\377"
 400      11000000 
 400      0002FFFF 
 400      FF
 401 130c FFF10000 		.ascii	"\377\361\000\000\000\000\000\000\000\000\000\000\000"
 401      00000000 
 401      00000000 
 401      00
 402 1319 00000000 		.ascii	"\000\000\000\000\000\000\000\000\000\000\000\000\000"
 402      00000000 
 402      00000000 
 402      00
 403 1326 00000000 		.ascii	"\000\000\000\000\000\000\000\000\000\000\000\000\000"
 403      00000000 
 403      00000000 
 403      00
 404 1333 00000000 		.ascii	"\000\000\000\000\000\000\000\000\277\356\356\377 \000"
 404      00000000 
 404      BFEEEEFF 
 404      2000
 405 1341 00000000 		.ascii	"\000\000\000\000\000\000\000\000\000\000\000\000\000"
 405      00000000 
 405      00000000 
 405      00
 406 134e 00000000 		.ascii	"\000\000\000\000\000\000\000\000\000\000\000\000\000"
 406      00000000 
 406      00000000 
 406      00
 407 135b 00000000 		.ascii	"\000\000\000\000\000\000\000\000\000\000\000\000\000"
 407      00000000 
 407      00000000 
 407      00
 408 1368 00000000 		.ascii	"\000\000\000\000\000\000\000\021\020\000\000\000\000"
 408      00000011 
 408      10000000 
 408      00
 409 1375 00000000 		.ascii	"\000\000\000\000\000\000\000\000\000\000\000\000\000"
 409      00000000 
 409      00000000 
 409      00
 410 1382 00000000 		.ascii	"\000\000\000\000\000\000"
 410      0000
 411              		.text
 412              	.Letext0:
 413              		.file 1 "/home/akinya/gcc-arm-none-eabi/arm-none-eabi/include/machine/_default_types.h"
 414              		.file 2 "/home/akinya/gcc-arm-none-eabi/arm-none-eabi/include/sys/_stdint.h"
 415              		.file 3 "Middlewares/lvgl/examples/assets/../../src/core/lv_obj.h"
 416              		.file 4 "Middlewares/lvgl/examples/assets/../../src/core/../draw/lv_img_buf.h"
 417              		.file 5 "Middlewares/lvgl/examples/assets/../../src/widgets/lv_bar.h"
 418              		.file 6 "Middlewares/lvgl/examples/assets/../../src/extra/widgets/imgbtn/lv_imgbtn.h"
 419              		.file 7 "Middlewares/lvgl/examples/assets/img_cogwheel_alpha16.c"
ARM GAS  /tmp/ccKPF9zL.s 			page 28


ARM GAS  /tmp/ccKPF9zL.s 			page 29


DEFINED SYMBOLS
                            *ABS*:0000000000000000 img_cogwheel_alpha16.c
     /tmp/ccKPF9zL.s:22     .rodata.img_cogwheel_alpha16:0000000000000000 img_cogwheel_alpha16
     /tmp/ccKPF9zL.s:33     .rodata.img_cogwheel_alpha16_map:0000000000000000 img_cogwheel_alpha16_map
     /tmp/ccKPF9zL.s:19     .rodata.img_cogwheel_alpha16:0000000000000000 $d
     /tmp/ccKPF9zL.s:30     .rodata.img_cogwheel_alpha16_map:0000000000000000 $d

NO UNDEFINED SYMBOLS
