ARM GAS  /tmp/cc3ovtns.s 			page 1


   1              		.cpu cortex-m7
   2              		.arch armv7e-m
   3              		.fpu fpv5-d16
   4              		.eabi_attribute 28, 1
   5              		.eabi_attribute 20, 1
   6              		.eabi_attribute 21, 1
   7              		.eabi_attribute 23, 3
   8              		.eabi_attribute 24, 1
   9              		.eabi_attribute 25, 1
  10              		.eabi_attribute 26, 1
  11              		.eabi_attribute 30, 1
  12              		.eabi_attribute 34, 1
  13              		.eabi_attribute 18, 4
  14              		.file	"imgbtn_right.c"
  15              		.text
  16              	.Ltext0:
  17              		.cfi_sections	.debug_frame
  18              		.global	imgbtn_right
  19              		.global	imgbtn_right_map
  20              		.section	.rodata.imgbtn_right,"a"
  21              		.align	2
  24              	imgbtn_right:
  25 0000 05       		.byte	5
  26 0001 20       		.byte	32
  27 0002 40       		.byte	64
  28 0003 06       		.byte	6
  29 0004 B0040000 		.word	1200
  30 0008 00000000 		.word	imgbtn_right_map
  31              		.section	.rodata.imgbtn_right_map,"a"
  32              		.align	2
  35              	imgbtn_right_map:
  36 0000 C06123C0 		.ascii	"\300a#\300a\024\300a\004\000\000\000\300a\000\000\000"
  36      6114C061 
  36      04000000 
  36      C0610000 
  36      00
  37 0011 00000000 		.ascii	"\000\000\000\000\000\000\000`Y\377\200Y\337\300a\260"
  37      00000060 
  37      59FF8059 
  37      DFC061B0 
  38 0021 C0613400 		.ascii	"\300a4\000\000\000\300a\000\000\000\000\000\000\000"
  38      0000C061 
  38      00000000 
  38      000000
  39 0030 5CF7FF10 		.ascii	"\\\367\377\020\265\377\001j\377\300a\377\300a\200\000"
  39      B5FF016A 
  39      FFC061FF 
  39      C0618000 
  40 0040 00000000 		.ascii	"\000\000\000\000\000\000\000\000\027\377\377\274\377"
  40      00000000 
  40      17FFFFBC 
  40      FF
  41 004d FFFFFFFF 		.ascii	"\377\377\377\377,\244\377\200Y\377\300aw\000\000\000"
  41      2CA4FF80 
  41      59FFC061 
  41      77000000 
  42 005d C0610005 		.ascii	"\300a\000\005\345\377G\345\377\354\355\377\377\377\377"
ARM GAS  /tmp/cc3ovtns.s 			page 2


  42      E5FF47E5 
  42      FFECEDFF 
  42      FFFFFF
  43 006c AEACFF80 		.ascii	"\256\254\377\200Y\374\300a#\000\000\000\005\345\377"
  43      59FCC061 
  43      23000000 
  43      05E5FF
  44 007b 05E5FF05 		.ascii	"\005\345\377\005\345\377G\345\377\275\377\377\245z\377"
  44      E5FF47E5 
  44      FFBDFFFF 
  44      A57AFF
  45 008a C061B400 		.ascii	"\300a\264\000\000\000\005\345\377\005\345\377\005\345"
  45      000005E5 
  45      FF05E5FF 
  45      05E5
  46 0098 FF05E5FF 		.ascii	"\377\005\345\377\211\355\377\317\264\377\300a\377\300"
  46      89EDFFCF 
  46      B4FFC061 
  46      FFC0
  47 00a6 610705E5 		.ascii	"a\007\005\345\377\005\345\377\005\345\377\005\345\377"
  47      FF05E5FF 
  47      05E5FF05 
  47      E5FF
  48 00b4 25E5FF0C 		.ascii	"%\345\377\014\315\377\341a\377\300aG\005\345\377\005"
  48      CDFFE161 
  48      FFC06147 
  48      05E5FF05 
  49 00c4 E5FF05E5 		.ascii	"\345\377\005\345\377\005\345\377\005\345\377\247\314"
  49      FF05E5FF 
  49      05E5FFA7 
  49      CC
  50 00d1 FFE061FF 		.ascii	"\377\340a\377\300aT\005\345\377\005\345\377\005\345"
  50      C0615405 
  50      E5FF05E5 
  50      FF05E5
  51 00e0 FF05E5FF 		.ascii	"\377\005\345\377\005\345\377d\304\377\340a\377\300a"
  51      05E5FF64 
  51      C4FFE061 
  51      FFC061
  52 00ef 5705E5FF 		.ascii	"W\005\345\377\005\345\377\005\345\377\005\345\377\005"
  52      05E5FF05 
  52      E5FF05E5 
  52      FF05
  53 00fd E5FF44C4 		.ascii	"\345\377D\304\377\340a\377\300aT\005\345\377\005\345"
  53      FFE061FF 
  53      C0615405 
  53      E5FF05E5 
  54 010d FF05E5FF 		.ascii	"\377\005\345\377\005\345\377\005\345\377d\304\377\340"
  54      05E5FF05 
  54      E5FF64C4 
  54      FFE0
  55 011b 61FFC061 		.ascii	"a\377\300aT\005\345\377\005\345\377\005\345\377\005"
  55      5405E5FF 
  55      05E5FF05 
  55      E5FF05
  56 012a E5FF05E5 		.ascii	"\345\377\005\345\377d\304\377\340a\377\300aT\005\345"
  56      FF64C4FF 
ARM GAS  /tmp/cc3ovtns.s 			page 3


  56      E061FFC0 
  56      615405E5 
  57 013a FF05E5FF 		.ascii	"\377\005\345\377\005\345\377\005\345\377\005\345\377"
  57      05E5FF05 
  57      E5FF05E5 
  57      FF
  58 0147 64C4FFE0 		.ascii	"d\304\377\340a\377\300aT\005\345\377\005\345\377\005"
  58      61FFC061 
  58      5405E5FF 
  58      05E5FF05 
  59 0157 E5FF05E5 		.ascii	"\345\377\005\345\377\005\345\377d\304\377\340a\377\300"
  59      FF05E5FF 
  59      64C4FFE0 
  59      61FFC0
  60 0166 615405E5 		.ascii	"aT\005\345\377\005\345\377\005\345\377\005\345\377\005"
  60      FF05E5FF 
  60      05E5FF05 
  60      E5FF05
  61 0175 E5FF64C4 		.ascii	"\345\377d\304\377\340a\377\300aT\005\345\377\005\345"
  61      FFE061FF 
  61      C0615405 
  61      E5FF05E5 
  62 0185 FF05E5FF 		.ascii	"\377\005\345\377\005\345\377\005\345\377d\304\377\340"
  62      05E5FF05 
  62      E5FF64C4 
  62      FFE0
  63 0193 61FFC061 		.ascii	"a\377\300aT\005\345\377\005\345\377\005\345\377\005"
  63      5405E5FF 
  63      05E5FF05 
  63      E5FF05
  64 01a2 E5FF05E5 		.ascii	"\345\377\005\345\377d\304\377\340a\377\300aT\005\345"
  64      FF64C4FF 
  64      E061FFC0 
  64      615405E5 
  65 01b2 FF05E5FF 		.ascii	"\377\005\345\377\005\345\377\005\345\377\005\345\377"
  65      05E5FF05 
  65      E5FF05E5 
  65      FF
  66 01bf 64C4FFE0 		.ascii	"d\304\377\340a\377\300aT\005\345\377\005\345\377\005"
  66      61FFC061 
  66      5405E5FF 
  66      05E5FF05 
  67 01cf E5FF05E5 		.ascii	"\345\377\005\345\377\005\345\377d\304\377\340a\377\300"
  67      FF05E5FF 
  67      64C4FFE0 
  67      61FFC0
  68 01de 615405E5 		.ascii	"aT\005\345\377\005\345\377\005\345\377\005\345\377\005"
  68      FF05E5FF 
  68      05E5FF05 
  68      E5FF05
  69 01ed E5FF64C4 		.ascii	"\345\377d\304\377\340a\377\300aT\005\345\377\005\345"
  69      FFE061FF 
  69      C0615405 
  69      E5FF05E5 
  70 01fd FF05E5FF 		.ascii	"\377\005\345\377\005\345\377\005\345\377d\304\377\340"
  70      05E5FF05 
  70      E5FF64C4 
ARM GAS  /tmp/cc3ovtns.s 			page 4


  70      FFE0
  71 020b 61FFC061 		.ascii	"a\377\300aT\005\345\377\005\345\377\005\345\377\005"
  71      5405E5FF 
  71      05E5FF05 
  71      E5FF05
  72 021a E5FF05E5 		.ascii	"\345\377\005\345\377d\304\377\340a\377\300aT\005\345"
  72      FF64C4FF 
  72      E061FFC0 
  72      615405E5 
  73 022a FF05E5FF 		.ascii	"\377\005\345\377\005\345\377\005\345\377\005\345\377"
  73      05E5FF05 
  73      E5FF05E5 
  73      FF
  74 0237 64C4FFE0 		.ascii	"d\304\377\340a\377\300aT\005\345\377\005\345\377\005"
  74      61FFC061 
  74      5405E5FF 
  74      05E5FF05 
  75 0247 E5FF05E5 		.ascii	"\345\377\005\345\377\005\345\377d\304\377\340a\377\300"
  75      FF05E5FF 
  75      64C4FFE0 
  75      61FFC0
  76 0256 615405E5 		.ascii	"aT\005\345\377\005\345\377\005\345\377\005\345\377\005"
  76      FF05E5FF 
  76      05E5FF05 
  76      E5FF05
  77 0265 E5FF64C4 		.ascii	"\345\377d\304\377\340a\377\300aT\005\345\377\005\345"
  77      FFE061FF 
  77      C0615405 
  77      E5FF05E5 
  78 0275 FF05E5FF 		.ascii	"\377\005\345\377\005\345\377\005\345\377d\304\377\340"
  78      05E5FF05 
  78      E5FF64C4 
  78      FFE0
  79 0283 61FFC061 		.ascii	"a\377\300aT\005\345\377\005\345\377\005\345\377\005"
  79      5405E5FF 
  79      05E5FF05 
  79      E5FF05
  80 0292 E5FF05E5 		.ascii	"\345\377\005\345\377d\304\377\340a\377\300aT\005\345"
  80      FF64C4FF 
  80      E061FFC0 
  80      615405E5 
  81 02a2 FF05E5FF 		.ascii	"\377\005\345\377\005\345\377\005\345\377\005\345\377"
  81      05E5FF05 
  81      E5FF05E5 
  81      FF
  82 02af 64C4FFE0 		.ascii	"d\304\377\340a\377\300aT\005\345\377\005\345\377\005"
  82      61FFC061 
  82      5405E5FF 
  82      05E5FF05 
  83 02bf E5FF05E5 		.ascii	"\345\377\005\345\377\005\345\377D\304\377\340a\377\300"
  83      FF05E5FF 
  83      44C4FFE0 
  83      61FFC0
  84 02ce 615405E5 		.ascii	"aT\005\345\377\005\345\377\005\345\377\005\345\377\005"
  84      FF05E5FF 
  84      05E5FF05 
  84      E5FF05
ARM GAS  /tmp/cc3ovtns.s 			page 5


  85 02dd E5FF64C4 		.ascii	"\345\377d\304\377\340a\377\300aT\005\345\377\005\345"
  85      FFE061FF 
  85      C0615405 
  85      E5FF05E5 
  86 02ed FF05E5FF 		.ascii	"\377\005\345\377\005\345\377\005\345\377e\314\377\340"
  86      05E5FF05 
  86      E5FF65CC 
  86      FFE0
  87 02fb 61FFC061 		.ascii	"a\377\300aT\005\345\377\005\345\377\005\345\377\005"
  87      5405E5FF 
  87      05E5FF05 
  87      E5FF05
  88 030a E5FF25E5 		.ascii	"\345\377%\345\377e\304\377\340a\377\300aT\005\345\377"
  88      FF65C4FF 
  88      E061FFC0 
  88      615405E5 
  88      FF
  89 031b 05E5FF05 		.ascii	"\005\345\377\005\345\377\005\345\377&\345\377\005\264"
  89      E5FF05E5 
  89      FF26E5FF 
  89      05B4
  90 0329 FFC061FF 		.ascii	"\377\300a\377\300aT\005\345\377\005\345\377\005\345"
  90      C0615405 
  90      E5FF05E5 
  90      FF05E5
  91 0338 FF26E5FF 		.ascii	"\377&\345\377\211\345\377#\223\377\300a\377\300aT\005"
  91      89E5FF23 
  91      93FFC061 
  91      FFC06154 
  91      05
  92 0349 E5FF26E5 		.ascii	"\345\377&\345\377G\345\377\212\355\377%\274\377\201"
  92      FF47E5FF 
  92      8AEDFF25 
  92      BCFF81
  93 0358 82FFC061 		.ascii	"\202\377\300a\377\300aTh\355\377\211\355\377\212\345"
  93      FFC06154 
  93      68EDFF89 
  93      EDFF8AE5 
  94 0368 FFE5B3FF 		.ascii	"\377\345\263\377\341\222\377\342\212\377\300a\377\300"
  94      E192FFE2 
  94      8AFFC061 
  94      FFC0
  95 0376 614449E5 		.ascii	"aDI\345\377f\304\377\002\233\377\341\222\377\"\233\377"
  95      FF66C4FF 
  95      029BFFE1 
  95      92FF229B 
  95      FF
  96 0387 C282FFA0 		.ascii	"\302\202\377\240Y\377\340i\014\301\212\377\341\222\377"
  96      59FFE069 
  96      0CC18AFF 
  96      E192FF
  97 0396 0293FF43 		.ascii	"\002\223\377C\233\377C\233\377\341a\377\240Y\313\000"
  97      9BFF439B 
  97      FFE161FF 
  97      A059CB00 
  98 03a6 0000439B 		.ascii	"\000\000C\233\377C\233\377C\233\377c\233\377\202z\377"
  98      FF439BFF 
ARM GAS  /tmp/cc3ovtns.s 			page 6


  98      439BFF63 
  98      9BFF827A 
  98      FF
  99 03b7 4049FF60 		.ascii	"@I\377`I@\000\000\000C\233\377c\233\377C\233\377\242"
  99      49400000 
  99      00439BFF 
  99      639BFF43 
  99      9BFFA2
 100 03ca 7AFF0039 		.ascii	"z\377\0009\377 A\260 \010\020\000\000\000C\233\377\302"
 100      FF2041B0 
 100      20081000 
 100      0000439B 
 100      FFC2
 101 03dc 82FFE159 		.ascii	"\202\377\341Y\377 A\377\0009\307@\010D\000\000\014\000"
 101      FF2041FF 
 101      0039C740 
 101      08440000 
 101      0C00
 102 03ee 00002041 		.ascii	"\000\000 A\377 A\377 A\370\240(\223\000\000W\000\000"
 102      FF2041FF 
 102      2041F8A0 
 102      28930000 
 102      570000
 103 0401 34000008 		.ascii	"4\000\000\010\000\000\000\3400\260\240 \214\000\000"
 103      000000E0 
 103      30B0A020 
 103      8C0000
 104 0410 5C000054 		.ascii	"\\\000\000T\000\000P\000\000$\000\000\004\000\000\000"
 104      00005000 
 104      00240000 
 104      04000000 
 105 0420 00005700 		.ascii	"\000\000W\000\000X\000\000X\000\000W\000\000<\000\000"
 105      00580000 
 105      58000057 
 105      00003C00 
 105      00
 106 0431 10000000 		.ascii	"\020\000\000\000\000\000\000\000\000X\000\000X\000\000"
 106      00000000 
 106      00580000 
 106      580000
 107 0440 54000040 		.ascii	"T\000\000@\000\000\033\000\000\003\000\000\000\000\000"
 107      00001B00 
 107      00030000 
 107      000000
 108 044f 00000050 		.ascii	"\000\000\000P\000\000H\000\0004\000\000\030\000\000"
 108      00004800 
 108      00340000 
 108      180000
 109 045e 04000000 		.ascii	"\004\000\000\000\000\000\000\000\000\000\000\000'\000"
 109      00000000 
 109      00000000 
 109      2700
 110 046c 00180000 		.ascii	"\000\030\000\000\013\000\000\003\000\000\000\000\000"
 110      0B000003 
 110      00000000 
 110      00
 111 0479 00000000 		.ascii	"\000\000\000\000\000\000\000\000\000\003\000\000\000"
ARM GAS  /tmp/cc3ovtns.s 			page 7


 111      00000000 
 111      00030000 
 111      00
 112 0486 00000000 		.ascii	"\000\000\000\000\000\000\000\000\000\000\000\000\000"
 112      00000000 
 112      00000000 
 112      00
 113 0493 00000000 		.ascii	"\000\000\000\000\000\000\000\000\000\000\000\000\000"
 113      00000000 
 113      00000000 
 113      00
 114 04a0 00000000 		.ascii	"\000\000\000\000\000\000\000\000\000\000\000\000\000"
 114      00000000 
 114      00000000 
 114      00
 115 04ad 000000   		.ascii	"\000\000\000"
 116              		.text
 117              	.Letext0:
 118              		.file 1 "/home/akinya/gcc-arm-none-eabi/arm-none-eabi/include/machine/_default_types.h"
 119              		.file 2 "/home/akinya/gcc-arm-none-eabi/arm-none-eabi/include/sys/_stdint.h"
 120              		.file 3 "Middlewares/lvgl/src/core/lv_obj.h"
 121              		.file 4 "Middlewares/lvgl/src/core/../draw/lv_img_buf.h"
 122              		.file 5 "Middlewares/lvgl/src/widgets/lv_bar.h"
 123              		.file 6 "Middlewares/lvgl/src/extra/widgets/imgbtn/lv_imgbtn.h"
 124              		.file 7 "Middlewares/lvgl/examples/assets/imgbtn_right.c"
ARM GAS  /tmp/cc3ovtns.s 			page 8


DEFINED SYMBOLS
                            *ABS*:0000000000000000 imgbtn_right.c
     /tmp/cc3ovtns.s:24     .rodata.imgbtn_right:0000000000000000 imgbtn_right
     /tmp/cc3ovtns.s:35     .rodata.imgbtn_right_map:0000000000000000 imgbtn_right_map
     /tmp/cc3ovtns.s:21     .rodata.imgbtn_right:0000000000000000 $d
     /tmp/cc3ovtns.s:32     .rodata.imgbtn_right_map:0000000000000000 $d

NO UNDEFINED SYMBOLS
