ARM GAS  /tmp/cchZYOlF.s 			page 1


   1              		.cpu cortex-m7
   2              		.arch armv7e-m
   3              		.fpu fpv5-d16
   4              		.eabi_attribute 28, 1
   5              		.eabi_attribute 20, 1
   6              		.eabi_attribute 21, 1
   7              		.eabi_attribute 23, 3
   8              		.eabi_attribute 24, 1
   9              		.eabi_attribute 25, 1
  10              		.eabi_attribute 26, 1
  11              		.eabi_attribute 30, 1
  12              		.eabi_attribute 34, 1
  13              		.eabi_attribute 18, 4
  14              		.file	"imgbtn_left.c"
  15              		.text
  16              	.Ltext0:
  17              		.cfi_sections	.debug_frame
  18              		.global	imgbtn_left
  19              		.global	imgbtn_left_map
  20              		.section	.rodata.imgbtn_left,"a"
  21              		.align	2
  24              	imgbtn_left:
  25 0000 05       		.byte	5
  26 0001 20       		.byte	32
  27 0002 40       		.byte	64
  28 0003 06       		.byte	6
  29 0004 B0040000 		.word	1200
  30 0008 00000000 		.word	imgbtn_left_map
  31              		.section	.rodata.imgbtn_left_map,"a"
  32              		.align	2
  35              	imgbtn_left_map:
  36 0000 00000000 		.ascii	"\000\000\000\000\000\000\000\000\000\000j\000\000\000"
  36      00000000 
  36      00006A00 
  36      0000
  37 000e 00C06103 		.ascii	"\000\300a\003\300a\024\300a#\000\000\000\000\000\000"
  37      C06114C0 
  37      61230000 
  37      00000000 
  38 001e C0610000 		.ascii	"\300a\000\000\000\000\300a@\300a\260\200Y\340`Y\377"
  38      0000C061 
  38      40C061B0 
  38      8059E060 
  38      59FF
  39 0030 00000000 		.ascii	"\000\000\000\000\000\000\000\000\000\300ap\300a\374"
  39      00000000 
  39      00C06170 
  39      C061FC
  40 003f 016AFFF0 		.ascii	"\001j\377\360\264\377;\367\377\200i\000\000\000\000"
  40      B4FF3BF7 
  40      FF806900 
  40      000000
  41 004e C06173C0 		.ascii	"\300as\300a\377,\244\377\377\377\377\334\377\377\027"
  41      61FF2CA4 
  41      FFFFFFFF 
  41      DCFFFF17 
  42 005e FFFF0000 		.ascii	"\377\377\000\000\000\300a@\300a\374,\244\377\336\377"
ARM GAS  /tmp/cchZYOlF.s 			page 2


  42      00C06140 
  42      C061FC2C 
  42      A4FFDEFF 
  43 006e FFCCEDFF 		.ascii	"\377\314\355\377G\345\377\005\345\377\240a\003\300a"
  43      47E5FF05 
  43      E5FFA061 
  43      03C061
  44 007d B0016AFF 		.ascii	"\260\001j\377{\377\377G\345\377\005\345\377\005\345"
  44      7BFFFF47 
  44      E5FF05E5 
  44      FF05E5
  45 008c FF05E5FF 		.ascii	"\377\005\345\377\300a\024\200Y\340\020\265\377\354\365"
  45      C0611480 
  45      59E010B5 
  45      FFECF5
  46 009b FF05E5FF 		.ascii	"\377\005\345\377\005\345\377\005\345\377\005\345\377"
  46      05E5FF05 
  46      E5FF05E5 
  46      FF
  47 00a8 C0612460 		.ascii	"\300a$`Y\377S\346\377\004\345\377\005\345\377\005\345"
  47      59FF53E6 
  47      FF04E5FF 
  47      05E5FF05 
  47      E5
  48 00b9 FF05E5FF 		.ascii	"\377\005\345\377\005\345\377\300a'\200Y\377\253\355"
  48      05E5FFC0 
  48      61278059 
  48      FFABED
  49 00c8 FF05E5FF 		.ascii	"\377\005\345\377\005\345\377\005\345\377\005\345\377"
  49      05E5FF05 
  49      E5FF05E5 
  49      FF
  50 00d5 05E5FFC0 		.ascii	"\005\345\377\300a'\200Y\377&\345\377\005\345\377\005"
  50      61278059 
  50      FF26E5FF 
  50      05E5FF05 
  51 00e5 E5FF05E5 		.ascii	"\345\377\005\345\377\005\345\377\005\345\377\300a'\200"
  51      FF05E5FF 
  51      05E5FFC0 
  51      612780
  52 00f4 59FF05E5 		.ascii	"Y\377\005\345\377\005\345\377\005\345\377\005\345\377"
  52      FF05E5FF 
  52      05E5FF05 
  52      E5FF
  53 0102 05E5FF05 		.ascii	"\005\345\377\005\345\377\300a'\200Y\377\005\345\377"
  53      E5FFC061 
  53      278059FF 
  53      05E5FF
  54 0111 05E5FF05 		.ascii	"\005\345\377\005\345\377\005\345\377\005\345\377\005"
  54      E5FF05E5 
  54      FF05E5FF 
  54      05
  55 011e E5FFC061 		.ascii	"\345\377\300a'\200Y\377\005\345\377\005\345\377\005"
  55      278059FF 
  55      05E5FF05 
  55      E5FF05
  56 012d E5FF05E5 		.ascii	"\345\377\005\345\377\005\345\377\005\345\377\300a'\200"
ARM GAS  /tmp/cchZYOlF.s 			page 3


  56      FF05E5FF 
  56      05E5FFC0 
  56      612780
  57 013c 59FF05E5 		.ascii	"Y\377\005\345\377\005\345\377\005\345\377\005\345\377"
  57      FF05E5FF 
  57      05E5FF05 
  57      E5FF
  58 014a 05E5FF05 		.ascii	"\005\345\377\005\345\377\300a'\200Y\377\005\345\377"
  58      E5FFC061 
  58      278059FF 
  58      05E5FF
  59 0159 05E5FF05 		.ascii	"\005\345\377\005\345\377\005\345\377\005\345\377\005"
  59      E5FF05E5 
  59      FF05E5FF 
  59      05
  60 0166 E5FFC061 		.ascii	"\345\377\300a'\200Y\377\005\345\377\005\345\377\005"
  60      278059FF 
  60      05E5FF05 
  60      E5FF05
  61 0175 E5FF05E5 		.ascii	"\345\377\005\345\377\005\345\377\005\345\377\300a'\200"
  61      FF05E5FF 
  61      05E5FFC0 
  61      612780
  62 0184 59FF05E5 		.ascii	"Y\377\005\345\377\005\345\377\005\345\377\005\345\377"
  62      FF05E5FF 
  62      05E5FF05 
  62      E5FF
  63 0192 05E5FF05 		.ascii	"\005\345\377\005\345\377\300a'\200Y\377\005\345\377"
  63      E5FFC061 
  63      278059FF 
  63      05E5FF
  64 01a1 05E5FF05 		.ascii	"\005\345\377\005\345\377\005\345\377\005\345\377\005"
  64      E5FF05E5 
  64      FF05E5FF 
  64      05
  65 01ae E5FFC061 		.ascii	"\345\377\300a'\200Y\377\005\345\377\005\345\377\005"
  65      278059FF 
  65      05E5FF05 
  65      E5FF05
  66 01bd E5FF05E5 		.ascii	"\345\377\005\345\377\005\345\377\005\345\377\300a'\200"
  66      FF05E5FF 
  66      05E5FFC0 
  66      612780
  67 01cc 59FF05E5 		.ascii	"Y\377\005\345\377\005\345\377\005\345\377\005\345\377"
  67      FF05E5FF 
  67      05E5FF05 
  67      E5FF
  68 01da 05E5FF05 		.ascii	"\005\345\377\005\345\377\300a'\200Y\377\005\345\377"
  68      E5FFC061 
  68      278059FF 
  68      05E5FF
  69 01e9 05E5FF05 		.ascii	"\005\345\377\005\345\377\005\345\377\005\345\377\005"
  69      E5FF05E5 
  69      FF05E5FF 
  69      05
  70 01f6 E5FFC061 		.ascii	"\345\377\300a'\200Y\377\005\345\377\005\345\377\005"
  70      278059FF 
ARM GAS  /tmp/cchZYOlF.s 			page 4


  70      05E5FF05 
  70      E5FF05
  71 0205 E5FF05E5 		.ascii	"\345\377\005\345\377\005\345\377\005\345\377\300a'\200"
  71      FF05E5FF 
  71      05E5FFC0 
  71      612780
  72 0214 59FF05E5 		.ascii	"Y\377\005\345\377\005\345\377\005\345\377\005\345\377"
  72      FF05E5FF 
  72      05E5FF05 
  72      E5FF
  73 0222 05E5FF05 		.ascii	"\005\345\377\005\345\377\300a'\200Y\377\005\345\377"
  73      E5FFC061 
  73      278059FF 
  73      05E5FF
  74 0231 05E5FF05 		.ascii	"\005\345\377\005\345\377\005\345\377\005\345\377\005"
  74      E5FF05E5 
  74      FF05E5FF 
  74      05
  75 023e E5FFC061 		.ascii	"\345\377\300a'\200Y\377\005\345\377\005\345\377\005"
  75      278059FF 
  75      05E5FF05 
  75      E5FF05
  76 024d E5FF05E5 		.ascii	"\345\377\005\345\377\005\345\377\005\345\377\300a'\200"
  76      FF05E5FF 
  76      05E5FFC0 
  76      612780
  77 025c 59FF05E5 		.ascii	"Y\377\005\345\377\005\345\377\005\345\377\005\345\377"
  77      FF05E5FF 
  77      05E5FF05 
  77      E5FF
  78 026a 05E5FF05 		.ascii	"\005\345\377\005\345\377\300a'\200Y\377\005\345\377"
  78      E5FFC061 
  78      278059FF 
  78      05E5FF
  79 0279 05E5FF05 		.ascii	"\005\345\377\005\345\377\005\345\377\005\345\377\005"
  79      E5FF05E5 
  79      FF05E5FF 
  79      05
  80 0286 E5FFC061 		.ascii	"\345\377\300a'\200Y\377\005\345\377\005\345\377\005"
  80      278059FF 
  80      05E5FF05 
  80      E5FF05
  81 0295 E5FF05E5 		.ascii	"\345\377\005\345\377\005\345\377\005\345\377\300a'\200"
  81      FF05E5FF 
  81      05E5FFC0 
  81      612780
  82 02a4 59FF05E5 		.ascii	"Y\377\005\345\377\005\345\377\005\345\377\005\345\377"
  82      FF05E5FF 
  82      05E5FF05 
  82      E5FF
  83 02b2 05E5FF05 		.ascii	"\005\345\377\005\345\377\300a'\200Y\377\005\345\377"
  83      E5FFC061 
  83      278059FF 
  83      05E5FF
  84 02c1 05E5FF05 		.ascii	"\005\345\377\005\345\377\005\345\377\005\345\377\005"
  84      E5FF05E5 
  84      FF05E5FF 
ARM GAS  /tmp/cchZYOlF.s 			page 5


  84      05
  85 02ce E5FFC061 		.ascii	"\345\377\300a'\200Y\377%\345\377\005\345\377\005\345"
  85      278059FF 
  85      25E5FF05 
  85      E5FF05E5 
  86 02de FF05E5FF 		.ascii	"\377\005\345\377\005\345\377\005\345\377\300a'\200Y"
  86      05E5FF05 
  86      E5FFC061 
  86      278059
  87 02ed FF26E5FF 		.ascii	"\377&\345\377\005\345\377\005\345\377\005\345\377\005"
  87      05E5FF05 
  87      E5FF05E5 
  87      FF05
  88 02fb E5FF05E5 		.ascii	"\345\377\005\345\377\300a'\200Y\377(\345\377\005\345"
  88      FFC06127 
  88      8059FF28 
  88      E5FF05E5 
  89 030b FF05E5FF 		.ascii	"\377\005\345\377\005\345\377\005\345\377\005\345\377"
  89      05E5FF05 
  89      E5FF05E5 
  89      FF
  90 0318 C0612780 		.ascii	"\300a'\200Y\377f\304\377G\355\377\005\345\377\005\345"
  90      59FF66C4 
  90      FF47EDFF 
  90      05E5FF05 
  90      E5
  91 0329 FF05E5FF 		.ascii	"\377\005\345\377\005\345\377\300a'\240Y\377\002\223"
  91      05E5FFC0 
  91      6127A059 
  91      FF0293
  92 0338 FF89E5FF 		.ascii	"\377\211\345\377&\345\377\005\345\377\005\345\377\005"
  92      26E5FF05 
  92      E5FF05E5 
  92      FF05
  93 0346 E5FFC061 		.ascii	"\345\377\300a'\240Y\377\342\222\377\005\264\377\212"
  93      27A059FF 
  93      E292FF05 
  93      B4FF8A
  94 0355 EDFF47E5 		.ascii	"\355\377G\345\377%\345\377\005\345\377\300a#\200Q\377"
  94      FF25E5FF 
  94      05E5FFC0 
  94      61238051 
  94      FF
  95 0366 429BFFE1 		.ascii	"B\233\377\341\222\377\005\264\377\212\355\377\251\355"
  95      92FF05B4 
  95      FF8AEDFF 
  95      A9ED
  96 0374 FF68EDFF 		.ascii	"\377h\355\377\300a\027\200Q\344\342\212\377C\233\377"
  96      C0611780 
  96      51E4E28A 
  96      FF439BFF 
  97 0384 E292FF02 		.ascii	"\342\222\377\002\223\377f\304\377I\345\377\240a\007"
  97      93FF66C4 
  97      FF49E5FF 
  97      A06107
  98 0393 A059B8A0 		.ascii	"\240Y\270\240Y\377c\233\377C\233\377\002\223\377\341"
  98      59FF639B 
ARM GAS  /tmp/cchZYOlF.s 			page 6


  98      FF439BFF 
  98      0293FFE1 
  99 03a3 92FFC18A 		.ascii	"\222\377\301\212\377\000\000\000\200Q_@I\377br\377c"
  99      FF000000 
  99      80515F40 
  99      49FF6272 
  99      FF63
 100 03b5 9BFF439B 		.ascii	"\233\377C\233\377C\233\377C\233\377\000\000\000\000"
 100      FF439BFF 
 100      439BFF00 
 100      000000
 101 03c4 00042041 		.ascii	"\000\004 A\310 A\377\302\202\377C\233\377c\233\377C"
 101      C82041FF 
 101      C282FF43 
 101      9BFF639B 
 101      FF43
 102 03d6 9BFF4008 		.ascii	"\233\377@\010\000\000\000\014\000\000@\3400\304 A\377"
 102      0000000C 
 102      000040E0 
 102      30C42041 
 102      FF
 103 03e7 E159FFC2 		.ascii	"\341Y\377\302\202\377C\233\377\000\000\000\000\000\010"
 103      82FF439B 
 103      FF000000 
 103      000008
 104 03f6 00003400 		.ascii	"\000\0004\000\000T\300(\233 A\374 A\377 A\377\000\000"
 104      0054C028 
 104      9B2041FC 
 104      2041FF20 
 104      41FF0000 
 105 040a 00000004 		.ascii	"\000\000\000\004\000\000$\000\000O\000\000T\000\000"
 105      00002400 
 105      004F0000 
 105      540000
 106 0419 5BA0208B 		.ascii	"[\240 \213\3400\260\000\000\000\000\000\000\000\000"
 106      E030B000 
 106      00000000 
 106      000000
 107 0428 0F00003B 		.ascii	"\017\000\000;\000\000W\000\000X\000\000X\000\000W\000"
 107      00005700 
 107      00580000 
 107      58000057 
 107      00
 108 0439 00000000 		.ascii	"\000\000\000\000\000\000\000\003\000\000\033\000\000"
 108      00000003 
 108      00001B00 
 108      00
 109 0446 40000054 		.ascii	"@\000\000T\000\000X\000\000X\000\000\000\000\000\000"
 109      00005800 
 109      00580000 
 109      00000000 
 110 0456 00000000 		.ascii	"\000\000\000\000\000\004\000\000\030\000\0004\000\000"
 110      00040000 
 110      18000034 
 110      0000
 111 0464 48000050 		.ascii	"H\000\000P\000\000\000\000\000\000\000\000\000\000\000"
 111      00000000 
ARM GAS  /tmp/cchZYOlF.s 			page 7


 111      00000000 
 111      000000
 112 0473 00000003 		.ascii	"\000\000\000\003\000\000\013\000\000\033\000\000'\000"
 112      00000B00 
 112      001B0000 
 112      2700
 113 0481 00000000 		.ascii	"\000\000\000\000\000\000\000\000\000\000\000\000\000"
 113      00000000 
 113      00000000 
 113      00
 114 048e 00000000 		.ascii	"\000\000\000\000\000\000\000\000\000\003\000\000\000"
 114      00000000 
 114      00030000 
 114      00
 115 049b 00000000 		.ascii	"\000\000\000\000\000\000\000\000\000\000\000\000\000"
 115      00000000 
 115      00000000 
 115      00
 116 04a8 00000000 		.ascii	"\000\000\000\000\000\000\000\000"
 116      00000000 
 117              		.text
 118              	.Letext0:
 119              		.file 1 "/home/akinya/gcc-arm-none-eabi/arm-none-eabi/include/machine/_default_types.h"
 120              		.file 2 "/home/akinya/gcc-arm-none-eabi/arm-none-eabi/include/sys/_stdint.h"
 121              		.file 3 "Middlewares/lvgl/src/core/lv_obj.h"
 122              		.file 4 "Middlewares/lvgl/src/core/../draw/lv_img_buf.h"
 123              		.file 5 "Middlewares/lvgl/src/widgets/lv_bar.h"
 124              		.file 6 "Middlewares/lvgl/src/extra/widgets/imgbtn/lv_imgbtn.h"
 125              		.file 7 "Middlewares/lvgl/examples/assets/imgbtn_left.c"
ARM GAS  /tmp/cchZYOlF.s 			page 8


DEFINED SYMBOLS
                            *ABS*:0000000000000000 imgbtn_left.c
     /tmp/cchZYOlF.s:24     .rodata.imgbtn_left:0000000000000000 imgbtn_left
     /tmp/cchZYOlF.s:35     .rodata.imgbtn_left_map:0000000000000000 imgbtn_left_map
     /tmp/cchZYOlF.s:21     .rodata.imgbtn_left:0000000000000000 $d
     /tmp/cchZYOlF.s:32     .rodata.imgbtn_left_map:0000000000000000 $d

NO UNDEFINED SYMBOLS
