ARM GAS  /tmp/cc0HNGKJ.s 			page 1


   1              		.cpu cortex-m7
   2              		.arch armv7e-m
   3              		.fpu fpv5-d16
   4              		.eabi_attribute 28, 1
   5              		.eabi_attribute 20, 1
   6              		.eabi_attribute 21, 1
   7              		.eabi_attribute 23, 3
   8              		.eabi_attribute 24, 1
   9              		.eabi_attribute 25, 1
  10              		.eabi_attribute 26, 1
  11              		.eabi_attribute 30, 1
  12              		.eabi_attribute 34, 1
  13              		.eabi_attribute 18, 4
  14              		.file	"lv_async.c"
  15              		.text
  16              	.Ltext0:
  17              		.cfi_sections	.debug_frame
  18              		.section	.text.lv_async_timer_cb,"ax",%progbits
  19              		.align	1
  20              		.syntax unified
  21              		.thumb
  22              		.thumb_func
  24              	lv_async_timer_cb:
  25              	.LVL0:
  26              	.LFB2:
  27              		.file 1 "Middlewares/lvgl/src/misc/lv_async.c"
   1:Middlewares/lvgl/src/misc/lv_async.c **** /**
   2:Middlewares/lvgl/src/misc/lv_async.c ****  * @file lv_async.c
   3:Middlewares/lvgl/src/misc/lv_async.c ****  *
   4:Middlewares/lvgl/src/misc/lv_async.c ****  */
   5:Middlewares/lvgl/src/misc/lv_async.c **** 
   6:Middlewares/lvgl/src/misc/lv_async.c **** /*********************
   7:Middlewares/lvgl/src/misc/lv_async.c ****  *      INCLUDES
   8:Middlewares/lvgl/src/misc/lv_async.c ****  *********************/
   9:Middlewares/lvgl/src/misc/lv_async.c **** 
  10:Middlewares/lvgl/src/misc/lv_async.c **** #include "lv_async.h"
  11:Middlewares/lvgl/src/misc/lv_async.c **** 
  12:Middlewares/lvgl/src/misc/lv_async.c **** /*********************
  13:Middlewares/lvgl/src/misc/lv_async.c ****  *      DEFINES
  14:Middlewares/lvgl/src/misc/lv_async.c ****  *********************/
  15:Middlewares/lvgl/src/misc/lv_async.c **** 
  16:Middlewares/lvgl/src/misc/lv_async.c **** /**********************
  17:Middlewares/lvgl/src/misc/lv_async.c ****  *      TYPEDEFS
  18:Middlewares/lvgl/src/misc/lv_async.c ****  **********************/
  19:Middlewares/lvgl/src/misc/lv_async.c **** 
  20:Middlewares/lvgl/src/misc/lv_async.c **** typedef struct _lv_async_info_t {
  21:Middlewares/lvgl/src/misc/lv_async.c ****     lv_async_cb_t cb;
  22:Middlewares/lvgl/src/misc/lv_async.c ****     void * user_data;
  23:Middlewares/lvgl/src/misc/lv_async.c **** } lv_async_info_t;
  24:Middlewares/lvgl/src/misc/lv_async.c **** 
  25:Middlewares/lvgl/src/misc/lv_async.c **** /**********************
  26:Middlewares/lvgl/src/misc/lv_async.c ****  *  STATIC PROTOTYPES
  27:Middlewares/lvgl/src/misc/lv_async.c ****  **********************/
  28:Middlewares/lvgl/src/misc/lv_async.c **** 
  29:Middlewares/lvgl/src/misc/lv_async.c **** static void lv_async_timer_cb(lv_timer_t * timer);
  30:Middlewares/lvgl/src/misc/lv_async.c **** 
  31:Middlewares/lvgl/src/misc/lv_async.c **** /**********************
ARM GAS  /tmp/cc0HNGKJ.s 			page 2


  32:Middlewares/lvgl/src/misc/lv_async.c ****  *  STATIC VARIABLES
  33:Middlewares/lvgl/src/misc/lv_async.c ****  **********************/
  34:Middlewares/lvgl/src/misc/lv_async.c **** 
  35:Middlewares/lvgl/src/misc/lv_async.c **** /**********************
  36:Middlewares/lvgl/src/misc/lv_async.c ****  *      MACROS
  37:Middlewares/lvgl/src/misc/lv_async.c ****  **********************/
  38:Middlewares/lvgl/src/misc/lv_async.c **** 
  39:Middlewares/lvgl/src/misc/lv_async.c **** /**********************
  40:Middlewares/lvgl/src/misc/lv_async.c ****  *   GLOBAL FUNCTIONS
  41:Middlewares/lvgl/src/misc/lv_async.c ****  **********************/
  42:Middlewares/lvgl/src/misc/lv_async.c **** 
  43:Middlewares/lvgl/src/misc/lv_async.c **** lv_res_t lv_async_call(lv_async_cb_t async_xcb, void * user_data)
  44:Middlewares/lvgl/src/misc/lv_async.c **** {
  45:Middlewares/lvgl/src/misc/lv_async.c ****     /*Allocate an info structure*/
  46:Middlewares/lvgl/src/misc/lv_async.c ****     lv_async_info_t * info = lv_mem_alloc(sizeof(lv_async_info_t));
  47:Middlewares/lvgl/src/misc/lv_async.c **** 
  48:Middlewares/lvgl/src/misc/lv_async.c ****     if(info == NULL)
  49:Middlewares/lvgl/src/misc/lv_async.c ****         return LV_RES_INV;
  50:Middlewares/lvgl/src/misc/lv_async.c **** 
  51:Middlewares/lvgl/src/misc/lv_async.c ****     /*Create a new timer*/
  52:Middlewares/lvgl/src/misc/lv_async.c ****     /*Use highest priority so that it will run before a refresh*/
  53:Middlewares/lvgl/src/misc/lv_async.c ****     lv_timer_t * timer = lv_timer_create(lv_async_timer_cb, 0, info);
  54:Middlewares/lvgl/src/misc/lv_async.c **** 
  55:Middlewares/lvgl/src/misc/lv_async.c ****     if(timer == NULL) {
  56:Middlewares/lvgl/src/misc/lv_async.c ****         lv_mem_free(info);
  57:Middlewares/lvgl/src/misc/lv_async.c ****         return LV_RES_INV;
  58:Middlewares/lvgl/src/misc/lv_async.c ****     }
  59:Middlewares/lvgl/src/misc/lv_async.c **** 
  60:Middlewares/lvgl/src/misc/lv_async.c ****     info->cb = async_xcb;
  61:Middlewares/lvgl/src/misc/lv_async.c ****     info->user_data = user_data;
  62:Middlewares/lvgl/src/misc/lv_async.c **** 
  63:Middlewares/lvgl/src/misc/lv_async.c ****     lv_timer_set_repeat_count(timer, 1);
  64:Middlewares/lvgl/src/misc/lv_async.c ****     return LV_RES_OK;
  65:Middlewares/lvgl/src/misc/lv_async.c **** }
  66:Middlewares/lvgl/src/misc/lv_async.c **** 
  67:Middlewares/lvgl/src/misc/lv_async.c **** /**********************
  68:Middlewares/lvgl/src/misc/lv_async.c ****  *   STATIC FUNCTIONS
  69:Middlewares/lvgl/src/misc/lv_async.c ****  **********************/
  70:Middlewares/lvgl/src/misc/lv_async.c **** 
  71:Middlewares/lvgl/src/misc/lv_async.c **** static void lv_async_timer_cb(lv_timer_t * timer)
  72:Middlewares/lvgl/src/misc/lv_async.c **** {
  28              		.loc 1 72 1 view -0
  29              		.cfi_startproc
  30              		@ args = 0, pretend = 0, frame = 0
  31              		@ frame_needed = 0, uses_anonymous_args = 0
  32              		.loc 1 72 1 is_stmt 0 view .LVU1
  33 0000 10B5     		push	{r4, lr}
  34              	.LCFI0:
  35              		.cfi_def_cfa_offset 8
  36              		.cfi_offset 4, -8
  37              		.cfi_offset 14, -4
  73:Middlewares/lvgl/src/misc/lv_async.c ****     lv_async_info_t * info = (lv_async_info_t *)timer->user_data;
  38              		.loc 1 73 5 is_stmt 1 view .LVU2
  39              		.loc 1 73 23 is_stmt 0 view .LVU3
  40 0002 C468     		ldr	r4, [r0, #12]
  41              	.LVL1:
  74:Middlewares/lvgl/src/misc/lv_async.c **** 
ARM GAS  /tmp/cc0HNGKJ.s 			page 3


  75:Middlewares/lvgl/src/misc/lv_async.c ****     info->cb(info->user_data);
  42              		.loc 1 75 5 is_stmt 1 view .LVU4
  43              		.loc 1 75 9 is_stmt 0 view .LVU5
  44 0004 2368     		ldr	r3, [r4]
  45              		.loc 1 75 5 view .LVU6
  46 0006 6068     		ldr	r0, [r4, #4]
  47              	.LVL2:
  48              		.loc 1 75 5 view .LVU7
  49 0008 9847     		blx	r3
  50              	.LVL3:
  76:Middlewares/lvgl/src/misc/lv_async.c **** 
  77:Middlewares/lvgl/src/misc/lv_async.c ****     lv_mem_free(info);
  51              		.loc 1 77 5 is_stmt 1 view .LVU8
  52 000a 2046     		mov	r0, r4
  53 000c FFF7FEFF 		bl	lv_mem_free
  54              	.LVL4:
  78:Middlewares/lvgl/src/misc/lv_async.c **** }
  55              		.loc 1 78 1 is_stmt 0 view .LVU9
  56 0010 10BD     		pop	{r4, pc}
  57              		.loc 1 78 1 view .LVU10
  58              		.cfi_endproc
  59              	.LFE2:
  61              		.section	.text.lv_async_call,"ax",%progbits
  62              		.align	1
  63              		.global	lv_async_call
  64              		.syntax unified
  65              		.thumb
  66              		.thumb_func
  68              	lv_async_call:
  69              	.LVL5:
  70              	.LFB1:
  44:Middlewares/lvgl/src/misc/lv_async.c ****     /*Allocate an info structure*/
  71              		.loc 1 44 1 is_stmt 1 view -0
  72              		.cfi_startproc
  73              		@ args = 0, pretend = 0, frame = 0
  74              		@ frame_needed = 0, uses_anonymous_args = 0
  44:Middlewares/lvgl/src/misc/lv_async.c ****     /*Allocate an info structure*/
  75              		.loc 1 44 1 is_stmt 0 view .LVU12
  76 0000 70B5     		push	{r4, r5, r6, lr}
  77              	.LCFI1:
  78              		.cfi_def_cfa_offset 16
  79              		.cfi_offset 4, -16
  80              		.cfi_offset 5, -12
  81              		.cfi_offset 6, -8
  82              		.cfi_offset 14, -4
  83 0002 0546     		mov	r5, r0
  84 0004 0C46     		mov	r4, r1
  46:Middlewares/lvgl/src/misc/lv_async.c **** 
  85              		.loc 1 46 5 is_stmt 1 view .LVU13
  46:Middlewares/lvgl/src/misc/lv_async.c **** 
  86              		.loc 1 46 30 is_stmt 0 view .LVU14
  87 0006 0820     		movs	r0, #8
  88              	.LVL6:
  46:Middlewares/lvgl/src/misc/lv_async.c **** 
  89              		.loc 1 46 30 view .LVU15
  90 0008 FFF7FEFF 		bl	lv_mem_alloc
  91              	.LVL7:
ARM GAS  /tmp/cc0HNGKJ.s 			page 4


  48:Middlewares/lvgl/src/misc/lv_async.c ****         return LV_RES_INV;
  92              		.loc 1 48 5 is_stmt 1 view .LVU16
  48:Middlewares/lvgl/src/misc/lv_async.c ****         return LV_RES_INV;
  93              		.loc 1 48 7 is_stmt 0 view .LVU17
  94 000c 90B1     		cbz	r0, .L6
  95 000e 0646     		mov	r6, r0
  53:Middlewares/lvgl/src/misc/lv_async.c **** 
  96              		.loc 1 53 5 is_stmt 1 view .LVU18
  53:Middlewares/lvgl/src/misc/lv_async.c **** 
  97              		.loc 1 53 26 is_stmt 0 view .LVU19
  98 0010 0246     		mov	r2, r0
  99 0012 0021     		movs	r1, #0
 100 0014 0848     		ldr	r0, .L9
 101              	.LVL8:
  53:Middlewares/lvgl/src/misc/lv_async.c **** 
 102              		.loc 1 53 26 view .LVU20
 103 0016 FFF7FEFF 		bl	lv_timer_create
 104              	.LVL9:
  55:Middlewares/lvgl/src/misc/lv_async.c ****         lv_mem_free(info);
 105              		.loc 1 55 5 is_stmt 1 view .LVU21
  55:Middlewares/lvgl/src/misc/lv_async.c ****         lv_mem_free(info);
 106              		.loc 1 55 7 is_stmt 0 view .LVU22
 107 001a 30B1     		cbz	r0, .L8
  60:Middlewares/lvgl/src/misc/lv_async.c ****     info->user_data = user_data;
 108              		.loc 1 60 5 is_stmt 1 view .LVU23
  60:Middlewares/lvgl/src/misc/lv_async.c ****     info->user_data = user_data;
 109              		.loc 1 60 14 is_stmt 0 view .LVU24
 110 001c 3560     		str	r5, [r6]
  61:Middlewares/lvgl/src/misc/lv_async.c **** 
 111              		.loc 1 61 5 is_stmt 1 view .LVU25
  61:Middlewares/lvgl/src/misc/lv_async.c **** 
 112              		.loc 1 61 21 is_stmt 0 view .LVU26
 113 001e 7460     		str	r4, [r6, #4]
  63:Middlewares/lvgl/src/misc/lv_async.c ****     return LV_RES_OK;
 114              		.loc 1 63 5 is_stmt 1 view .LVU27
 115 0020 0121     		movs	r1, #1
 116 0022 FFF7FEFF 		bl	lv_timer_set_repeat_count
 117              	.LVL10:
  64:Middlewares/lvgl/src/misc/lv_async.c **** }
 118              		.loc 1 64 5 view .LVU28
  64:Middlewares/lvgl/src/misc/lv_async.c **** }
 119              		.loc 1 64 12 is_stmt 0 view .LVU29
 120 0026 0120     		movs	r0, #1
 121              	.LVL11:
 122              	.L4:
  65:Middlewares/lvgl/src/misc/lv_async.c **** 
 123              		.loc 1 65 1 view .LVU30
 124 0028 70BD     		pop	{r4, r5, r6, pc}
 125              	.LVL12:
 126              	.L8:
  56:Middlewares/lvgl/src/misc/lv_async.c ****         return LV_RES_INV;
 127              		.loc 1 56 9 is_stmt 1 view .LVU31
 128 002a 3046     		mov	r0, r6
 129              	.LVL13:
  56:Middlewares/lvgl/src/misc/lv_async.c ****         return LV_RES_INV;
 130              		.loc 1 56 9 is_stmt 0 view .LVU32
 131 002c FFF7FEFF 		bl	lv_mem_free
ARM GAS  /tmp/cc0HNGKJ.s 			page 5


 132              	.LVL14:
  57:Middlewares/lvgl/src/misc/lv_async.c ****     }
 133              		.loc 1 57 9 is_stmt 1 view .LVU33
  57:Middlewares/lvgl/src/misc/lv_async.c ****     }
 134              		.loc 1 57 16 is_stmt 0 view .LVU34
 135 0030 0020     		movs	r0, #0
 136 0032 F9E7     		b	.L4
 137              	.LVL15:
 138              	.L6:
  49:Middlewares/lvgl/src/misc/lv_async.c **** 
 139              		.loc 1 49 16 view .LVU35
 140 0034 0020     		movs	r0, #0
 141              	.LVL16:
  49:Middlewares/lvgl/src/misc/lv_async.c **** 
 142              		.loc 1 49 16 view .LVU36
 143 0036 F7E7     		b	.L4
 144              	.L10:
 145              		.align	2
 146              	.L9:
 147 0038 00000000 		.word	lv_async_timer_cb
 148              		.cfi_endproc
 149              	.LFE1:
 151              		.text
 152              	.Letext0:
 153              		.file 2 "/home/akinya/gcc-arm-none-eabi/arm-none-eabi/include/machine/_default_types.h"
 154              		.file 3 "/home/akinya/gcc-arm-none-eabi/arm-none-eabi/include/sys/_stdint.h"
 155              		.file 4 "Middlewares/lvgl/src/misc/lv_types.h"
 156              		.file 5 "Middlewares/lvgl/src/misc/lv_timer.h"
 157              		.file 6 "Middlewares/lvgl/src/misc/lv_async.h"
 158              		.file 7 "Middlewares/lvgl/src/misc/lv_mem.h"
ARM GAS  /tmp/cc0HNGKJ.s 			page 6


DEFINED SYMBOLS
                            *ABS*:0000000000000000 lv_async.c
     /tmp/cc0HNGKJ.s:19     .text.lv_async_timer_cb:0000000000000000 $t
     /tmp/cc0HNGKJ.s:24     .text.lv_async_timer_cb:0000000000000000 lv_async_timer_cb
     /tmp/cc0HNGKJ.s:62     .text.lv_async_call:0000000000000000 $t
     /tmp/cc0HNGKJ.s:68     .text.lv_async_call:0000000000000000 lv_async_call
     /tmp/cc0HNGKJ.s:147    .text.lv_async_call:0000000000000038 $d

UNDEFINED SYMBOLS
lv_mem_free
lv_mem_alloc
lv_timer_create
lv_timer_set_repeat_count
