ARM GAS  /tmp/ccyvLwTq.s 			page 1


   1              		.cpu cortex-m7
   2              		.eabi_attribute 28, 1
   3              		.eabi_attribute 20, 1
   4              		.eabi_attribute 21, 1
   5              		.eabi_attribute 23, 3
   6              		.eabi_attribute 24, 1
   7              		.eabi_attribute 25, 1
   8              		.eabi_attribute 26, 1
   9              		.eabi_attribute 30, 1
  10              		.eabi_attribute 34, 1
  11              		.eabi_attribute 18, 4
  12              		.file	"lv_example_textarea_2.c"
  13              		.text
  14              	.Ltext0:
  15              		.cfi_sections	.debug_frame
  16              		.section	.text.ta_event_cb,"ax",%progbits
  17              		.align	1
  18              		.arch armv7e-m
  19              		.syntax unified
  20              		.thumb
  21              		.thumb_func
  22              		.fpu fpv5-d16
  24              	ta_event_cb:
  25              	.LVL0:
  26              	.LFB185:
  27              		.file 1 "Middlewares/lvgl/examples/widgets/textarea/lv_example_textarea_2.c"
   1:Middlewares/lvgl/examples/widgets/textarea/lv_example_textarea_2.c **** #include "../../lv_examples.h"
   2:Middlewares/lvgl/examples/widgets/textarea/lv_example_textarea_2.c **** #if LV_USE_TEXTAREA && LV_USE_KEYBOARD && LV_BUILD_EXAMPLES
   3:Middlewares/lvgl/examples/widgets/textarea/lv_example_textarea_2.c **** 
   4:Middlewares/lvgl/examples/widgets/textarea/lv_example_textarea_2.c **** static void ta_event_cb(lv_event_t * e);
   5:Middlewares/lvgl/examples/widgets/textarea/lv_example_textarea_2.c **** 
   6:Middlewares/lvgl/examples/widgets/textarea/lv_example_textarea_2.c **** static lv_obj_t * kb;
   7:Middlewares/lvgl/examples/widgets/textarea/lv_example_textarea_2.c **** 
   8:Middlewares/lvgl/examples/widgets/textarea/lv_example_textarea_2.c **** void lv_example_textarea_2(void)
   9:Middlewares/lvgl/examples/widgets/textarea/lv_example_textarea_2.c **** {
  10:Middlewares/lvgl/examples/widgets/textarea/lv_example_textarea_2.c ****     /*Create the password box*/
  11:Middlewares/lvgl/examples/widgets/textarea/lv_example_textarea_2.c ****     lv_obj_t * pwd_ta = lv_textarea_create(lv_scr_act());
  12:Middlewares/lvgl/examples/widgets/textarea/lv_example_textarea_2.c ****     lv_textarea_set_text(pwd_ta, "");
  13:Middlewares/lvgl/examples/widgets/textarea/lv_example_textarea_2.c ****     lv_textarea_set_password_mode(pwd_ta, true);
  14:Middlewares/lvgl/examples/widgets/textarea/lv_example_textarea_2.c ****     lv_textarea_set_one_line(pwd_ta, true);
  15:Middlewares/lvgl/examples/widgets/textarea/lv_example_textarea_2.c ****     lv_obj_set_width(pwd_ta, lv_pct(40));
  16:Middlewares/lvgl/examples/widgets/textarea/lv_example_textarea_2.c ****     lv_obj_set_pos(pwd_ta, 5, 20);
  17:Middlewares/lvgl/examples/widgets/textarea/lv_example_textarea_2.c ****     lv_obj_add_event_cb(pwd_ta, ta_event_cb, LV_EVENT_ALL, NULL);
  18:Middlewares/lvgl/examples/widgets/textarea/lv_example_textarea_2.c **** 
  19:Middlewares/lvgl/examples/widgets/textarea/lv_example_textarea_2.c ****     /*Create a label and position it above the text box*/
  20:Middlewares/lvgl/examples/widgets/textarea/lv_example_textarea_2.c ****     lv_obj_t * pwd_label = lv_label_create(lv_scr_act());
  21:Middlewares/lvgl/examples/widgets/textarea/lv_example_textarea_2.c ****     lv_label_set_text(pwd_label, "Password:");
  22:Middlewares/lvgl/examples/widgets/textarea/lv_example_textarea_2.c ****     lv_obj_align_to(pwd_label, pwd_ta, LV_ALIGN_OUT_TOP_LEFT, 0, 0);
  23:Middlewares/lvgl/examples/widgets/textarea/lv_example_textarea_2.c **** 
  24:Middlewares/lvgl/examples/widgets/textarea/lv_example_textarea_2.c ****     /*Create the one-line mode text area*/
  25:Middlewares/lvgl/examples/widgets/textarea/lv_example_textarea_2.c ****     lv_obj_t * text_ta = lv_textarea_create(lv_scr_act());
  26:Middlewares/lvgl/examples/widgets/textarea/lv_example_textarea_2.c ****     lv_textarea_set_one_line(text_ta, true);
  27:Middlewares/lvgl/examples/widgets/textarea/lv_example_textarea_2.c ****     lv_textarea_set_password_mode(text_ta, false);
  28:Middlewares/lvgl/examples/widgets/textarea/lv_example_textarea_2.c ****     lv_obj_set_width(text_ta, lv_pct(40));
  29:Middlewares/lvgl/examples/widgets/textarea/lv_example_textarea_2.c ****     lv_obj_add_event_cb(text_ta, ta_event_cb, LV_EVENT_ALL, NULL);
  30:Middlewares/lvgl/examples/widgets/textarea/lv_example_textarea_2.c ****     lv_obj_align(text_ta, LV_ALIGN_TOP_RIGHT, -5, 20);
  31:Middlewares/lvgl/examples/widgets/textarea/lv_example_textarea_2.c **** 
ARM GAS  /tmp/ccyvLwTq.s 			page 2


  32:Middlewares/lvgl/examples/widgets/textarea/lv_example_textarea_2.c **** 
  33:Middlewares/lvgl/examples/widgets/textarea/lv_example_textarea_2.c ****     /*Create a label and position it above the text box*/
  34:Middlewares/lvgl/examples/widgets/textarea/lv_example_textarea_2.c ****     lv_obj_t * oneline_label = lv_label_create(lv_scr_act());
  35:Middlewares/lvgl/examples/widgets/textarea/lv_example_textarea_2.c ****     lv_label_set_text(oneline_label, "Text:");
  36:Middlewares/lvgl/examples/widgets/textarea/lv_example_textarea_2.c ****     lv_obj_align_to(oneline_label, text_ta, LV_ALIGN_OUT_TOP_LEFT, 0, 0);
  37:Middlewares/lvgl/examples/widgets/textarea/lv_example_textarea_2.c **** 
  38:Middlewares/lvgl/examples/widgets/textarea/lv_example_textarea_2.c ****     /*Create a keyboard*/
  39:Middlewares/lvgl/examples/widgets/textarea/lv_example_textarea_2.c ****     kb = lv_keyboard_create(lv_scr_act());
  40:Middlewares/lvgl/examples/widgets/textarea/lv_example_textarea_2.c ****     lv_obj_set_size(kb,  LV_HOR_RES, LV_VER_RES / 2);
  41:Middlewares/lvgl/examples/widgets/textarea/lv_example_textarea_2.c **** 
  42:Middlewares/lvgl/examples/widgets/textarea/lv_example_textarea_2.c ****     lv_keyboard_set_textarea(kb, pwd_ta); /*Focus it on one of the text areas to start*/
  43:Middlewares/lvgl/examples/widgets/textarea/lv_example_textarea_2.c **** }
  44:Middlewares/lvgl/examples/widgets/textarea/lv_example_textarea_2.c **** 
  45:Middlewares/lvgl/examples/widgets/textarea/lv_example_textarea_2.c **** static void ta_event_cb(lv_event_t * e)
  46:Middlewares/lvgl/examples/widgets/textarea/lv_example_textarea_2.c **** {
  28              		.loc 1 46 1 view -0
  29              		.cfi_startproc
  30              		@ args = 0, pretend = 0, frame = 0
  31              		@ frame_needed = 0, uses_anonymous_args = 0
  32              		.loc 1 46 1 is_stmt 0 view .LVU1
  33 0000 38B5     		push	{r3, r4, r5, lr}
  34              	.LCFI0:
  35              		.cfi_def_cfa_offset 16
  36              		.cfi_offset 3, -16
  37              		.cfi_offset 4, -12
  38              		.cfi_offset 5, -8
  39              		.cfi_offset 14, -4
  40 0002 0546     		mov	r5, r0
  47:Middlewares/lvgl/examples/widgets/textarea/lv_example_textarea_2.c ****     lv_event_code_t code = lv_event_get_code(e);
  41              		.loc 1 47 5 is_stmt 1 view .LVU2
  42              		.loc 1 47 28 is_stmt 0 view .LVU3
  43 0004 FFF7FEFF 		bl	lv_event_get_code
  44              	.LVL1:
  45              		.loc 1 47 28 view .LVU4
  46 0008 0446     		mov	r4, r0
  47              	.LVL2:
  48:Middlewares/lvgl/examples/widgets/textarea/lv_example_textarea_2.c ****     lv_obj_t * ta = lv_event_get_target(e);
  48              		.loc 1 48 5 is_stmt 1 view .LVU5
  49              		.loc 1 48 21 is_stmt 0 view .LVU6
  50 000a 2846     		mov	r0, r5
  51 000c FFF7FEFF 		bl	lv_event_get_target
  52              	.LVL3:
  49:Middlewares/lvgl/examples/widgets/textarea/lv_example_textarea_2.c ****     if(code == LV_EVENT_CLICKED || code == LV_EVENT_FOCUSED) {
  53              		.loc 1 49 5 is_stmt 1 view .LVU7
  54              		.loc 1 49 7 is_stmt 0 view .LVU8
  55 0010 0E2C     		cmp	r4, #14
  56 0012 18BF     		it	ne
  57 0014 072C     		cmpne	r4, #7
  58 0016 05D1     		bne	.L1
  59 0018 0146     		mov	r1, r0
  50:Middlewares/lvgl/examples/widgets/textarea/lv_example_textarea_2.c ****         /*Focus on the clicked text area*/
  51:Middlewares/lvgl/examples/widgets/textarea/lv_example_textarea_2.c ****         if(kb != NULL) lv_keyboard_set_textarea(kb, ta);
  60              		.loc 1 51 9 is_stmt 1 view .LVU9
  61              		.loc 1 51 15 is_stmt 0 view .LVU10
  62 001a 034B     		ldr	r3, .L4
  63 001c 1868     		ldr	r0, [r3]
  64              	.LVL4:
ARM GAS  /tmp/ccyvLwTq.s 			page 3


  65              		.loc 1 51 11 view .LVU11
  66 001e 08B1     		cbz	r0, .L1
  67              		.loc 1 51 24 is_stmt 1 discriminator 1 view .LVU12
  68 0020 FFF7FEFF 		bl	lv_keyboard_set_textarea
  69              	.LVL5:
  52:Middlewares/lvgl/examples/widgets/textarea/lv_example_textarea_2.c ****     }
  53:Middlewares/lvgl/examples/widgets/textarea/lv_example_textarea_2.c **** 
  54:Middlewares/lvgl/examples/widgets/textarea/lv_example_textarea_2.c ****     else if(code == LV_EVENT_READY) {
  55:Middlewares/lvgl/examples/widgets/textarea/lv_example_textarea_2.c ****         LV_LOG_USER("Ready, current text: %s", lv_textarea_get_text(ta));
  70              		.loc 1 55 73 discriminator 1 view .LVU13
  71              	.L1:
  56:Middlewares/lvgl/examples/widgets/textarea/lv_example_textarea_2.c ****     }
  57:Middlewares/lvgl/examples/widgets/textarea/lv_example_textarea_2.c **** }
  72              		.loc 1 57 1 is_stmt 0 view .LVU14
  73 0024 38BD     		pop	{r3, r4, r5, pc}
  74              	.LVL6:
  75              	.L5:
  76              		.loc 1 57 1 view .LVU15
  77 0026 00BF     		.align	2
  78              	.L4:
  79 0028 00000000 		.word	.LANCHOR0
  80              		.cfi_endproc
  81              	.LFE185:
  83              		.section	.rodata.lv_example_textarea_2.str1.4,"aMS",%progbits,1
  84              		.align	2
  85              	.LC0:
  86 0000 00       		.ascii	"\000"
  87 0001 000000   		.align	2
  88              	.LC1:
  89 0004 50617373 		.ascii	"Password:\000"
  89      776F7264 
  89      3A00
  90 000e 0000     		.align	2
  91              	.LC2:
  92 0010 54657874 		.ascii	"Text:\000"
  92      3A00
  93              		.section	.text.lv_example_textarea_2,"ax",%progbits
  94              		.align	1
  95              		.global	lv_example_textarea_2
  96              		.syntax unified
  97              		.thumb
  98              		.thumb_func
  99              		.fpu fpv5-d16
 101              	lv_example_textarea_2:
 102              	.LFB184:
   9:Middlewares/lvgl/examples/widgets/textarea/lv_example_textarea_2.c ****     /*Create the password box*/
 103              		.loc 1 9 1 is_stmt 1 view -0
 104              		.cfi_startproc
 105              		@ args = 0, pretend = 0, frame = 0
 106              		@ frame_needed = 0, uses_anonymous_args = 0
 107 0000 F0B5     		push	{r4, r5, r6, r7, lr}
 108              	.LCFI1:
 109              		.cfi_def_cfa_offset 20
 110              		.cfi_offset 4, -20
 111              		.cfi_offset 5, -16
 112              		.cfi_offset 6, -12
 113              		.cfi_offset 7, -8
ARM GAS  /tmp/ccyvLwTq.s 			page 4


 114              		.cfi_offset 14, -4
 115 0002 83B0     		sub	sp, sp, #12
 116              	.LCFI2:
 117              		.cfi_def_cfa_offset 32
  11:Middlewares/lvgl/examples/widgets/textarea/lv_example_textarea_2.c ****     lv_textarea_set_text(pwd_ta, "");
 118              		.loc 1 11 5 view .LVU17
 119              	.LBB16:
 120              	.LBI16:
 121              		.file 2 "Middlewares/lvgl/examples/widgets/textarea/../../../src/core/lv_disp.h"
   1:Middlewares/lvgl/examples/widgets/textarea/../../../src/core/lv_disp.h **** /**
   2:Middlewares/lvgl/examples/widgets/textarea/../../../src/core/lv_disp.h ****  * @file lv_disp.h
   3:Middlewares/lvgl/examples/widgets/textarea/../../../src/core/lv_disp.h ****  *
   4:Middlewares/lvgl/examples/widgets/textarea/../../../src/core/lv_disp.h ****  */
   5:Middlewares/lvgl/examples/widgets/textarea/../../../src/core/lv_disp.h **** 
   6:Middlewares/lvgl/examples/widgets/textarea/../../../src/core/lv_disp.h **** #ifndef LV_DISP_H
   7:Middlewares/lvgl/examples/widgets/textarea/../../../src/core/lv_disp.h **** #define LV_DISP_H
   8:Middlewares/lvgl/examples/widgets/textarea/../../../src/core/lv_disp.h **** 
   9:Middlewares/lvgl/examples/widgets/textarea/../../../src/core/lv_disp.h **** #ifdef __cplusplus
  10:Middlewares/lvgl/examples/widgets/textarea/../../../src/core/lv_disp.h **** extern "C" {
  11:Middlewares/lvgl/examples/widgets/textarea/../../../src/core/lv_disp.h **** #endif
  12:Middlewares/lvgl/examples/widgets/textarea/../../../src/core/lv_disp.h **** 
  13:Middlewares/lvgl/examples/widgets/textarea/../../../src/core/lv_disp.h **** /*********************
  14:Middlewares/lvgl/examples/widgets/textarea/../../../src/core/lv_disp.h ****  *      INCLUDES
  15:Middlewares/lvgl/examples/widgets/textarea/../../../src/core/lv_disp.h ****  *********************/
  16:Middlewares/lvgl/examples/widgets/textarea/../../../src/core/lv_disp.h **** #include "../hal/lv_hal.h"
  17:Middlewares/lvgl/examples/widgets/textarea/../../../src/core/lv_disp.h **** #include "lv_obj.h"
  18:Middlewares/lvgl/examples/widgets/textarea/../../../src/core/lv_disp.h **** #include "lv_theme.h"
  19:Middlewares/lvgl/examples/widgets/textarea/../../../src/core/lv_disp.h **** 
  20:Middlewares/lvgl/examples/widgets/textarea/../../../src/core/lv_disp.h **** /*********************
  21:Middlewares/lvgl/examples/widgets/textarea/../../../src/core/lv_disp.h ****  *      DEFINES
  22:Middlewares/lvgl/examples/widgets/textarea/../../../src/core/lv_disp.h ****  *********************/
  23:Middlewares/lvgl/examples/widgets/textarea/../../../src/core/lv_disp.h **** 
  24:Middlewares/lvgl/examples/widgets/textarea/../../../src/core/lv_disp.h **** /**********************
  25:Middlewares/lvgl/examples/widgets/textarea/../../../src/core/lv_disp.h ****  *      TYPEDEFS
  26:Middlewares/lvgl/examples/widgets/textarea/../../../src/core/lv_disp.h ****  **********************/
  27:Middlewares/lvgl/examples/widgets/textarea/../../../src/core/lv_disp.h **** 
  28:Middlewares/lvgl/examples/widgets/textarea/../../../src/core/lv_disp.h **** typedef enum {
  29:Middlewares/lvgl/examples/widgets/textarea/../../../src/core/lv_disp.h ****     LV_SCR_LOAD_ANIM_NONE,
  30:Middlewares/lvgl/examples/widgets/textarea/../../../src/core/lv_disp.h ****     LV_SCR_LOAD_ANIM_OVER_LEFT,
  31:Middlewares/lvgl/examples/widgets/textarea/../../../src/core/lv_disp.h ****     LV_SCR_LOAD_ANIM_OVER_RIGHT,
  32:Middlewares/lvgl/examples/widgets/textarea/../../../src/core/lv_disp.h ****     LV_SCR_LOAD_ANIM_OVER_TOP,
  33:Middlewares/lvgl/examples/widgets/textarea/../../../src/core/lv_disp.h ****     LV_SCR_LOAD_ANIM_OVER_BOTTOM,
  34:Middlewares/lvgl/examples/widgets/textarea/../../../src/core/lv_disp.h ****     LV_SCR_LOAD_ANIM_MOVE_LEFT,
  35:Middlewares/lvgl/examples/widgets/textarea/../../../src/core/lv_disp.h ****     LV_SCR_LOAD_ANIM_MOVE_RIGHT,
  36:Middlewares/lvgl/examples/widgets/textarea/../../../src/core/lv_disp.h ****     LV_SCR_LOAD_ANIM_MOVE_TOP,
  37:Middlewares/lvgl/examples/widgets/textarea/../../../src/core/lv_disp.h ****     LV_SCR_LOAD_ANIM_MOVE_BOTTOM,
  38:Middlewares/lvgl/examples/widgets/textarea/../../../src/core/lv_disp.h ****     LV_SCR_LOAD_ANIM_FADE_ON,
  39:Middlewares/lvgl/examples/widgets/textarea/../../../src/core/lv_disp.h **** } lv_scr_load_anim_t;
  40:Middlewares/lvgl/examples/widgets/textarea/../../../src/core/lv_disp.h **** 
  41:Middlewares/lvgl/examples/widgets/textarea/../../../src/core/lv_disp.h **** /**********************
  42:Middlewares/lvgl/examples/widgets/textarea/../../../src/core/lv_disp.h ****  * GLOBAL PROTOTYPES
  43:Middlewares/lvgl/examples/widgets/textarea/../../../src/core/lv_disp.h ****  **********************/
  44:Middlewares/lvgl/examples/widgets/textarea/../../../src/core/lv_disp.h **** 
  45:Middlewares/lvgl/examples/widgets/textarea/../../../src/core/lv_disp.h **** /**
  46:Middlewares/lvgl/examples/widgets/textarea/../../../src/core/lv_disp.h ****  * Return with a pointer to the active screen
  47:Middlewares/lvgl/examples/widgets/textarea/../../../src/core/lv_disp.h ****  * @param disp pointer to display which active screen should be get. (NULL to use the default
  48:Middlewares/lvgl/examples/widgets/textarea/../../../src/core/lv_disp.h ****  * screen)
ARM GAS  /tmp/ccyvLwTq.s 			page 5


  49:Middlewares/lvgl/examples/widgets/textarea/../../../src/core/lv_disp.h ****  * @return pointer to the active screen object (loaded by 'lv_scr_load()')
  50:Middlewares/lvgl/examples/widgets/textarea/../../../src/core/lv_disp.h ****  */
  51:Middlewares/lvgl/examples/widgets/textarea/../../../src/core/lv_disp.h **** lv_obj_t * lv_disp_get_scr_act(lv_disp_t * disp);
  52:Middlewares/lvgl/examples/widgets/textarea/../../../src/core/lv_disp.h **** 
  53:Middlewares/lvgl/examples/widgets/textarea/../../../src/core/lv_disp.h **** /**
  54:Middlewares/lvgl/examples/widgets/textarea/../../../src/core/lv_disp.h ****  * Return with a pointer to the previous screen. Only used during screen transitions.
  55:Middlewares/lvgl/examples/widgets/textarea/../../../src/core/lv_disp.h ****  * @param disp pointer to display which previous screen should be get. (NULL to use the default
  56:Middlewares/lvgl/examples/widgets/textarea/../../../src/core/lv_disp.h ****  * screen)
  57:Middlewares/lvgl/examples/widgets/textarea/../../../src/core/lv_disp.h ****  * @return pointer to the previous screen object or NULL if not used now
  58:Middlewares/lvgl/examples/widgets/textarea/../../../src/core/lv_disp.h ****  */
  59:Middlewares/lvgl/examples/widgets/textarea/../../../src/core/lv_disp.h **** lv_obj_t * lv_disp_get_scr_prev(lv_disp_t * disp);
  60:Middlewares/lvgl/examples/widgets/textarea/../../../src/core/lv_disp.h **** 
  61:Middlewares/lvgl/examples/widgets/textarea/../../../src/core/lv_disp.h **** /**
  62:Middlewares/lvgl/examples/widgets/textarea/../../../src/core/lv_disp.h ****  * Make a screen active
  63:Middlewares/lvgl/examples/widgets/textarea/../../../src/core/lv_disp.h ****  * @param scr pointer to a screen
  64:Middlewares/lvgl/examples/widgets/textarea/../../../src/core/lv_disp.h ****  */
  65:Middlewares/lvgl/examples/widgets/textarea/../../../src/core/lv_disp.h **** void lv_disp_load_scr(lv_obj_t * scr);
  66:Middlewares/lvgl/examples/widgets/textarea/../../../src/core/lv_disp.h **** 
  67:Middlewares/lvgl/examples/widgets/textarea/../../../src/core/lv_disp.h **** /**
  68:Middlewares/lvgl/examples/widgets/textarea/../../../src/core/lv_disp.h ****  * Return with the top layer. (Same on every screen and it is above the normal screen layer)
  69:Middlewares/lvgl/examples/widgets/textarea/../../../src/core/lv_disp.h ****  * @param disp pointer to display which top layer should be get. (NULL to use the default screen)
  70:Middlewares/lvgl/examples/widgets/textarea/../../../src/core/lv_disp.h ****  * @return pointer to the top layer object  (transparent screen sized lv_obj)
  71:Middlewares/lvgl/examples/widgets/textarea/../../../src/core/lv_disp.h ****  */
  72:Middlewares/lvgl/examples/widgets/textarea/../../../src/core/lv_disp.h **** lv_obj_t * lv_disp_get_layer_top(lv_disp_t * disp);
  73:Middlewares/lvgl/examples/widgets/textarea/../../../src/core/lv_disp.h **** 
  74:Middlewares/lvgl/examples/widgets/textarea/../../../src/core/lv_disp.h **** /**
  75:Middlewares/lvgl/examples/widgets/textarea/../../../src/core/lv_disp.h ****  * Return with the sys. layer. (Same on every screen and it is above the normal screen and the top
  76:Middlewares/lvgl/examples/widgets/textarea/../../../src/core/lv_disp.h ****  * layer)
  77:Middlewares/lvgl/examples/widgets/textarea/../../../src/core/lv_disp.h ****  * @param disp pointer to display which sys. layer  should be get. (NULL to use the default screen)
  78:Middlewares/lvgl/examples/widgets/textarea/../../../src/core/lv_disp.h ****  * @return pointer to the sys layer object  (transparent screen sized lv_obj)
  79:Middlewares/lvgl/examples/widgets/textarea/../../../src/core/lv_disp.h ****  */
  80:Middlewares/lvgl/examples/widgets/textarea/../../../src/core/lv_disp.h **** lv_obj_t * lv_disp_get_layer_sys(lv_disp_t * disp);
  81:Middlewares/lvgl/examples/widgets/textarea/../../../src/core/lv_disp.h **** 
  82:Middlewares/lvgl/examples/widgets/textarea/../../../src/core/lv_disp.h **** /**
  83:Middlewares/lvgl/examples/widgets/textarea/../../../src/core/lv_disp.h ****  * Get the theme of a display
  84:Middlewares/lvgl/examples/widgets/textarea/../../../src/core/lv_disp.h ****  * @param disp pointer to a display
  85:Middlewares/lvgl/examples/widgets/textarea/../../../src/core/lv_disp.h ****  * @return the display's theme (can be NULL)
  86:Middlewares/lvgl/examples/widgets/textarea/../../../src/core/lv_disp.h ****  */
  87:Middlewares/lvgl/examples/widgets/textarea/../../../src/core/lv_disp.h **** void lv_disp_set_theme(lv_disp_t * disp, lv_theme_t * th);
  88:Middlewares/lvgl/examples/widgets/textarea/../../../src/core/lv_disp.h **** 
  89:Middlewares/lvgl/examples/widgets/textarea/../../../src/core/lv_disp.h **** /**
  90:Middlewares/lvgl/examples/widgets/textarea/../../../src/core/lv_disp.h ****  * Get the theme of a display
  91:Middlewares/lvgl/examples/widgets/textarea/../../../src/core/lv_disp.h ****  * @param disp pointer to a display
  92:Middlewares/lvgl/examples/widgets/textarea/../../../src/core/lv_disp.h ****  * @return the display's theme (can be NULL)
  93:Middlewares/lvgl/examples/widgets/textarea/../../../src/core/lv_disp.h ****  */
  94:Middlewares/lvgl/examples/widgets/textarea/../../../src/core/lv_disp.h **** lv_theme_t * lv_disp_get_theme(lv_disp_t * disp);
  95:Middlewares/lvgl/examples/widgets/textarea/../../../src/core/lv_disp.h **** 
  96:Middlewares/lvgl/examples/widgets/textarea/../../../src/core/lv_disp.h **** /**
  97:Middlewares/lvgl/examples/widgets/textarea/../../../src/core/lv_disp.h ****  * Set the background color of a display
  98:Middlewares/lvgl/examples/widgets/textarea/../../../src/core/lv_disp.h ****  * @param disp pointer to a display
  99:Middlewares/lvgl/examples/widgets/textarea/../../../src/core/lv_disp.h ****  * @param color color of the background
 100:Middlewares/lvgl/examples/widgets/textarea/../../../src/core/lv_disp.h ****  */
 101:Middlewares/lvgl/examples/widgets/textarea/../../../src/core/lv_disp.h **** void lv_disp_set_bg_color(lv_disp_t * disp, lv_color_t color);
 102:Middlewares/lvgl/examples/widgets/textarea/../../../src/core/lv_disp.h **** 
 103:Middlewares/lvgl/examples/widgets/textarea/../../../src/core/lv_disp.h **** /**
 104:Middlewares/lvgl/examples/widgets/textarea/../../../src/core/lv_disp.h ****  * Set the background image of a display
 105:Middlewares/lvgl/examples/widgets/textarea/../../../src/core/lv_disp.h ****  * @param disp pointer to a display
ARM GAS  /tmp/ccyvLwTq.s 			page 6


 106:Middlewares/lvgl/examples/widgets/textarea/../../../src/core/lv_disp.h ****  * @param img_src path to file or pointer to an `lv_img_dsc_t` variable
 107:Middlewares/lvgl/examples/widgets/textarea/../../../src/core/lv_disp.h ****  */
 108:Middlewares/lvgl/examples/widgets/textarea/../../../src/core/lv_disp.h **** void lv_disp_set_bg_image(lv_disp_t * disp, const void  * img_src);
 109:Middlewares/lvgl/examples/widgets/textarea/../../../src/core/lv_disp.h **** 
 110:Middlewares/lvgl/examples/widgets/textarea/../../../src/core/lv_disp.h **** /**
 111:Middlewares/lvgl/examples/widgets/textarea/../../../src/core/lv_disp.h ****  * Opacity of the background
 112:Middlewares/lvgl/examples/widgets/textarea/../../../src/core/lv_disp.h ****  * @param disp pointer to a display
 113:Middlewares/lvgl/examples/widgets/textarea/../../../src/core/lv_disp.h ****  * @param opa opacity (0..255)
 114:Middlewares/lvgl/examples/widgets/textarea/../../../src/core/lv_disp.h ****  */
 115:Middlewares/lvgl/examples/widgets/textarea/../../../src/core/lv_disp.h **** void lv_disp_set_bg_opa(lv_disp_t * disp, lv_opa_t opa);
 116:Middlewares/lvgl/examples/widgets/textarea/../../../src/core/lv_disp.h **** 
 117:Middlewares/lvgl/examples/widgets/textarea/../../../src/core/lv_disp.h **** /**
 118:Middlewares/lvgl/examples/widgets/textarea/../../../src/core/lv_disp.h ****  * Switch screen with animation
 119:Middlewares/lvgl/examples/widgets/textarea/../../../src/core/lv_disp.h ****  * @param scr pointer to the new screen to load
 120:Middlewares/lvgl/examples/widgets/textarea/../../../src/core/lv_disp.h ****  * @param anim_type type of the animation from `lv_scr_load_anim_t`. E.g.  `LV_SCR_LOAD_ANIM_MOVE_L
 121:Middlewares/lvgl/examples/widgets/textarea/../../../src/core/lv_disp.h ****  * @param time time of the animation
 122:Middlewares/lvgl/examples/widgets/textarea/../../../src/core/lv_disp.h ****  * @param delay delay before the transition
 123:Middlewares/lvgl/examples/widgets/textarea/../../../src/core/lv_disp.h ****  * @param auto_del true: automatically delete the old screen
 124:Middlewares/lvgl/examples/widgets/textarea/../../../src/core/lv_disp.h ****  */
 125:Middlewares/lvgl/examples/widgets/textarea/../../../src/core/lv_disp.h **** void lv_scr_load_anim(lv_obj_t * scr, lv_scr_load_anim_t anim_type, uint32_t time, uint32_t delay, 
 126:Middlewares/lvgl/examples/widgets/textarea/../../../src/core/lv_disp.h **** 
 127:Middlewares/lvgl/examples/widgets/textarea/../../../src/core/lv_disp.h **** /**
 128:Middlewares/lvgl/examples/widgets/textarea/../../../src/core/lv_disp.h ****  * Get elapsed time since last user activity on a display (e.g. click)
 129:Middlewares/lvgl/examples/widgets/textarea/../../../src/core/lv_disp.h ****  * @param disp pointer to an display (NULL to get the overall smallest inactivity)
 130:Middlewares/lvgl/examples/widgets/textarea/../../../src/core/lv_disp.h ****  * @return elapsed ticks (milliseconds) since the last activity
 131:Middlewares/lvgl/examples/widgets/textarea/../../../src/core/lv_disp.h ****  */
 132:Middlewares/lvgl/examples/widgets/textarea/../../../src/core/lv_disp.h **** uint32_t lv_disp_get_inactive_time(const lv_disp_t * disp);
 133:Middlewares/lvgl/examples/widgets/textarea/../../../src/core/lv_disp.h **** 
 134:Middlewares/lvgl/examples/widgets/textarea/../../../src/core/lv_disp.h **** /**
 135:Middlewares/lvgl/examples/widgets/textarea/../../../src/core/lv_disp.h ****  * Manually trigger an activity on a display
 136:Middlewares/lvgl/examples/widgets/textarea/../../../src/core/lv_disp.h ****  * @param disp pointer to an display (NULL to use the default display)
 137:Middlewares/lvgl/examples/widgets/textarea/../../../src/core/lv_disp.h ****  */
 138:Middlewares/lvgl/examples/widgets/textarea/../../../src/core/lv_disp.h **** void lv_disp_trig_activity(lv_disp_t * disp);
 139:Middlewares/lvgl/examples/widgets/textarea/../../../src/core/lv_disp.h **** 
 140:Middlewares/lvgl/examples/widgets/textarea/../../../src/core/lv_disp.h **** /**
 141:Middlewares/lvgl/examples/widgets/textarea/../../../src/core/lv_disp.h ****  * Clean any CPU cache that is related to the display.
 142:Middlewares/lvgl/examples/widgets/textarea/../../../src/core/lv_disp.h ****  * @param disp pointer to an display (NULL to use the default display)
 143:Middlewares/lvgl/examples/widgets/textarea/../../../src/core/lv_disp.h ****  */
 144:Middlewares/lvgl/examples/widgets/textarea/../../../src/core/lv_disp.h **** void lv_disp_clean_dcache(lv_disp_t * disp);
 145:Middlewares/lvgl/examples/widgets/textarea/../../../src/core/lv_disp.h **** 
 146:Middlewares/lvgl/examples/widgets/textarea/../../../src/core/lv_disp.h **** /**
 147:Middlewares/lvgl/examples/widgets/textarea/../../../src/core/lv_disp.h ****  * Get a pointer to the screen refresher timer to
 148:Middlewares/lvgl/examples/widgets/textarea/../../../src/core/lv_disp.h ****  * modify its parameters with `lv_timer_...` functions.
 149:Middlewares/lvgl/examples/widgets/textarea/../../../src/core/lv_disp.h ****  * @param disp pointer to a display
 150:Middlewares/lvgl/examples/widgets/textarea/../../../src/core/lv_disp.h ****  * @return pointer to the display refresher timer. (NULL on error)
 151:Middlewares/lvgl/examples/widgets/textarea/../../../src/core/lv_disp.h ****  */
 152:Middlewares/lvgl/examples/widgets/textarea/../../../src/core/lv_disp.h **** lv_timer_t * _lv_disp_get_refr_timer(lv_disp_t * disp);
 153:Middlewares/lvgl/examples/widgets/textarea/../../../src/core/lv_disp.h **** 
 154:Middlewares/lvgl/examples/widgets/textarea/../../../src/core/lv_disp.h **** /*------------------------------------------------
 155:Middlewares/lvgl/examples/widgets/textarea/../../../src/core/lv_disp.h ****  * To improve backward compatibility
 156:Middlewares/lvgl/examples/widgets/textarea/../../../src/core/lv_disp.h ****  * Recommended only if you have one display
 157:Middlewares/lvgl/examples/widgets/textarea/../../../src/core/lv_disp.h ****  *------------------------------------------------*/
 158:Middlewares/lvgl/examples/widgets/textarea/../../../src/core/lv_disp.h **** 
 159:Middlewares/lvgl/examples/widgets/textarea/../../../src/core/lv_disp.h **** /**
 160:Middlewares/lvgl/examples/widgets/textarea/../../../src/core/lv_disp.h ****  * Get the active screen of the default display
 161:Middlewares/lvgl/examples/widgets/textarea/../../../src/core/lv_disp.h ****  * @return pointer to the active screen
 162:Middlewares/lvgl/examples/widgets/textarea/../../../src/core/lv_disp.h ****  */
ARM GAS  /tmp/ccyvLwTq.s 			page 7


 163:Middlewares/lvgl/examples/widgets/textarea/../../../src/core/lv_disp.h **** static inline lv_obj_t * lv_scr_act(void)
 122              		.loc 2 163 26 view .LVU18
 123              	.LBB17:
 164:Middlewares/lvgl/examples/widgets/textarea/../../../src/core/lv_disp.h **** {
 165:Middlewares/lvgl/examples/widgets/textarea/../../../src/core/lv_disp.h ****     return lv_disp_get_scr_act(lv_disp_get_default());
 124              		.loc 2 165 5 view .LVU19
 125              		.loc 2 165 12 is_stmt 0 view .LVU20
 126 0004 FFF7FEFF 		bl	lv_disp_get_default
 127              	.LVL7:
 128 0008 FFF7FEFF 		bl	lv_disp_get_scr_act
 129              	.LVL8:
 130              	.LBE17:
 131              	.LBE16:
  11:Middlewares/lvgl/examples/widgets/textarea/lv_example_textarea_2.c ****     lv_textarea_set_text(pwd_ta, "");
 132              		.loc 1 11 25 view .LVU21
 133 000c FFF7FEFF 		bl	lv_textarea_create
 134              	.LVL9:
 135 0010 0446     		mov	r4, r0
 136              	.LVL10:
  12:Middlewares/lvgl/examples/widgets/textarea/lv_example_textarea_2.c ****     lv_textarea_set_password_mode(pwd_ta, true);
 137              		.loc 1 12 5 is_stmt 1 view .LVU22
 138 0012 4149     		ldr	r1, .L10
 139 0014 FFF7FEFF 		bl	lv_textarea_set_text
 140              	.LVL11:
  13:Middlewares/lvgl/examples/widgets/textarea/lv_example_textarea_2.c ****     lv_textarea_set_one_line(pwd_ta, true);
 141              		.loc 1 13 5 view .LVU23
 142 0018 0121     		movs	r1, #1
 143 001a 2046     		mov	r0, r4
 144 001c FFF7FEFF 		bl	lv_textarea_set_password_mode
 145              	.LVL12:
  14:Middlewares/lvgl/examples/widgets/textarea/lv_example_textarea_2.c ****     lv_obj_set_width(pwd_ta, lv_pct(40));
 146              		.loc 1 14 5 view .LVU24
 147 0020 0121     		movs	r1, #1
 148 0022 2046     		mov	r0, r4
 149 0024 FFF7FEFF 		bl	lv_textarea_set_one_line
 150              	.LVL13:
  15:Middlewares/lvgl/examples/widgets/textarea/lv_example_textarea_2.c ****     lv_obj_set_pos(pwd_ta, 5, 20);
 151              		.loc 1 15 5 view .LVU25
 152              		.file 3 "Middlewares/lvgl/examples/widgets/textarea/../../../src/hal/../misc/lv_area.h"
   1:Middlewares/lvgl/examples/widgets/textarea/../../../src/hal/../misc/lv_area.h **** /**
   2:Middlewares/lvgl/examples/widgets/textarea/../../../src/hal/../misc/lv_area.h ****  * @file lv_area.h
   3:Middlewares/lvgl/examples/widgets/textarea/../../../src/hal/../misc/lv_area.h ****  *
   4:Middlewares/lvgl/examples/widgets/textarea/../../../src/hal/../misc/lv_area.h ****  */
   5:Middlewares/lvgl/examples/widgets/textarea/../../../src/hal/../misc/lv_area.h **** 
   6:Middlewares/lvgl/examples/widgets/textarea/../../../src/hal/../misc/lv_area.h **** #ifndef LV_AREA_H
   7:Middlewares/lvgl/examples/widgets/textarea/../../../src/hal/../misc/lv_area.h **** #define LV_AREA_H
   8:Middlewares/lvgl/examples/widgets/textarea/../../../src/hal/../misc/lv_area.h **** 
   9:Middlewares/lvgl/examples/widgets/textarea/../../../src/hal/../misc/lv_area.h **** #ifdef __cplusplus
  10:Middlewares/lvgl/examples/widgets/textarea/../../../src/hal/../misc/lv_area.h **** extern "C" {
  11:Middlewares/lvgl/examples/widgets/textarea/../../../src/hal/../misc/lv_area.h **** #endif
  12:Middlewares/lvgl/examples/widgets/textarea/../../../src/hal/../misc/lv_area.h **** 
  13:Middlewares/lvgl/examples/widgets/textarea/../../../src/hal/../misc/lv_area.h **** /*********************
  14:Middlewares/lvgl/examples/widgets/textarea/../../../src/hal/../misc/lv_area.h ****  *      INCLUDES
  15:Middlewares/lvgl/examples/widgets/textarea/../../../src/hal/../misc/lv_area.h ****  *********************/
  16:Middlewares/lvgl/examples/widgets/textarea/../../../src/hal/../misc/lv_area.h **** #include "../lv_conf_internal.h"
  17:Middlewares/lvgl/examples/widgets/textarea/../../../src/hal/../misc/lv_area.h **** #include <string.h>
  18:Middlewares/lvgl/examples/widgets/textarea/../../../src/hal/../misc/lv_area.h **** #include <stdbool.h>
ARM GAS  /tmp/ccyvLwTq.s 			page 8


  19:Middlewares/lvgl/examples/widgets/textarea/../../../src/hal/../misc/lv_area.h **** #include <stdint.h>
  20:Middlewares/lvgl/examples/widgets/textarea/../../../src/hal/../misc/lv_area.h **** 
  21:Middlewares/lvgl/examples/widgets/textarea/../../../src/hal/../misc/lv_area.h **** /*********************
  22:Middlewares/lvgl/examples/widgets/textarea/../../../src/hal/../misc/lv_area.h ****  *      DEFINES
  23:Middlewares/lvgl/examples/widgets/textarea/../../../src/hal/../misc/lv_area.h ****  *********************/
  24:Middlewares/lvgl/examples/widgets/textarea/../../../src/hal/../misc/lv_area.h **** 
  25:Middlewares/lvgl/examples/widgets/textarea/../../../src/hal/../misc/lv_area.h **** #define _LV_COORD_MAX_REDUCE    8192
  26:Middlewares/lvgl/examples/widgets/textarea/../../../src/hal/../misc/lv_area.h **** 
  27:Middlewares/lvgl/examples/widgets/textarea/../../../src/hal/../misc/lv_area.h **** #if LV_USE_LARGE_COORD
  28:Middlewares/lvgl/examples/widgets/textarea/../../../src/hal/../misc/lv_area.h **** typedef int32_t lv_coord_t;
  29:Middlewares/lvgl/examples/widgets/textarea/../../../src/hal/../misc/lv_area.h **** #else
  30:Middlewares/lvgl/examples/widgets/textarea/../../../src/hal/../misc/lv_area.h **** typedef int16_t lv_coord_t;
  31:Middlewares/lvgl/examples/widgets/textarea/../../../src/hal/../misc/lv_area.h **** #endif
  32:Middlewares/lvgl/examples/widgets/textarea/../../../src/hal/../misc/lv_area.h **** 
  33:Middlewares/lvgl/examples/widgets/textarea/../../../src/hal/../misc/lv_area.h **** /*To allow some special values in the end reduce the max value*/
  34:Middlewares/lvgl/examples/widgets/textarea/../../../src/hal/../misc/lv_area.h **** #define LV_COORD_MAX ((lv_coord_t)((uint32_t)((uint32_t)1 << (8 * sizeof(lv_coord_t) - 1)) - _LV_CO
  35:Middlewares/lvgl/examples/widgets/textarea/../../../src/hal/../misc/lv_area.h **** #define LV_COORD_MIN (-LV_COORD_MAX)
  36:Middlewares/lvgl/examples/widgets/textarea/../../../src/hal/../misc/lv_area.h **** 
  37:Middlewares/lvgl/examples/widgets/textarea/../../../src/hal/../misc/lv_area.h **** LV_EXPORT_CONST_INT(LV_COORD_MAX);
  38:Middlewares/lvgl/examples/widgets/textarea/../../../src/hal/../misc/lv_area.h **** LV_EXPORT_CONST_INT(LV_COORD_MIN);
  39:Middlewares/lvgl/examples/widgets/textarea/../../../src/hal/../misc/lv_area.h **** 
  40:Middlewares/lvgl/examples/widgets/textarea/../../../src/hal/../misc/lv_area.h **** /**********************
  41:Middlewares/lvgl/examples/widgets/textarea/../../../src/hal/../misc/lv_area.h ****  *      TYPEDEFS
  42:Middlewares/lvgl/examples/widgets/textarea/../../../src/hal/../misc/lv_area.h ****  **********************/
  43:Middlewares/lvgl/examples/widgets/textarea/../../../src/hal/../misc/lv_area.h **** 
  44:Middlewares/lvgl/examples/widgets/textarea/../../../src/hal/../misc/lv_area.h **** /**
  45:Middlewares/lvgl/examples/widgets/textarea/../../../src/hal/../misc/lv_area.h ****  * Represents a point on the screen.
  46:Middlewares/lvgl/examples/widgets/textarea/../../../src/hal/../misc/lv_area.h ****  */
  47:Middlewares/lvgl/examples/widgets/textarea/../../../src/hal/../misc/lv_area.h **** typedef struct {
  48:Middlewares/lvgl/examples/widgets/textarea/../../../src/hal/../misc/lv_area.h ****     lv_coord_t x;
  49:Middlewares/lvgl/examples/widgets/textarea/../../../src/hal/../misc/lv_area.h ****     lv_coord_t y;
  50:Middlewares/lvgl/examples/widgets/textarea/../../../src/hal/../misc/lv_area.h **** } lv_point_t;
  51:Middlewares/lvgl/examples/widgets/textarea/../../../src/hal/../misc/lv_area.h **** 
  52:Middlewares/lvgl/examples/widgets/textarea/../../../src/hal/../misc/lv_area.h **** /** Represents an area of the screen.*/
  53:Middlewares/lvgl/examples/widgets/textarea/../../../src/hal/../misc/lv_area.h **** typedef struct {
  54:Middlewares/lvgl/examples/widgets/textarea/../../../src/hal/../misc/lv_area.h ****     lv_coord_t x1;
  55:Middlewares/lvgl/examples/widgets/textarea/../../../src/hal/../misc/lv_area.h ****     lv_coord_t y1;
  56:Middlewares/lvgl/examples/widgets/textarea/../../../src/hal/../misc/lv_area.h ****     lv_coord_t x2;
  57:Middlewares/lvgl/examples/widgets/textarea/../../../src/hal/../misc/lv_area.h ****     lv_coord_t y2;
  58:Middlewares/lvgl/examples/widgets/textarea/../../../src/hal/../misc/lv_area.h **** } lv_area_t;
  59:Middlewares/lvgl/examples/widgets/textarea/../../../src/hal/../misc/lv_area.h **** 
  60:Middlewares/lvgl/examples/widgets/textarea/../../../src/hal/../misc/lv_area.h **** /** Alignments*/
  61:Middlewares/lvgl/examples/widgets/textarea/../../../src/hal/../misc/lv_area.h **** enum {
  62:Middlewares/lvgl/examples/widgets/textarea/../../../src/hal/../misc/lv_area.h ****     LV_ALIGN_DEFAULT = 0,
  63:Middlewares/lvgl/examples/widgets/textarea/../../../src/hal/../misc/lv_area.h ****     LV_ALIGN_TOP_LEFT,
  64:Middlewares/lvgl/examples/widgets/textarea/../../../src/hal/../misc/lv_area.h ****     LV_ALIGN_TOP_MID,
  65:Middlewares/lvgl/examples/widgets/textarea/../../../src/hal/../misc/lv_area.h ****     LV_ALIGN_TOP_RIGHT,
  66:Middlewares/lvgl/examples/widgets/textarea/../../../src/hal/../misc/lv_area.h ****     LV_ALIGN_BOTTOM_LEFT,
  67:Middlewares/lvgl/examples/widgets/textarea/../../../src/hal/../misc/lv_area.h ****     LV_ALIGN_BOTTOM_MID,
  68:Middlewares/lvgl/examples/widgets/textarea/../../../src/hal/../misc/lv_area.h ****     LV_ALIGN_BOTTOM_RIGHT,
  69:Middlewares/lvgl/examples/widgets/textarea/../../../src/hal/../misc/lv_area.h ****     LV_ALIGN_LEFT_MID,
  70:Middlewares/lvgl/examples/widgets/textarea/../../../src/hal/../misc/lv_area.h ****     LV_ALIGN_RIGHT_MID,
  71:Middlewares/lvgl/examples/widgets/textarea/../../../src/hal/../misc/lv_area.h ****     LV_ALIGN_CENTER,
  72:Middlewares/lvgl/examples/widgets/textarea/../../../src/hal/../misc/lv_area.h **** 
  73:Middlewares/lvgl/examples/widgets/textarea/../../../src/hal/../misc/lv_area.h ****     LV_ALIGN_OUT_TOP_LEFT,
  74:Middlewares/lvgl/examples/widgets/textarea/../../../src/hal/../misc/lv_area.h ****     LV_ALIGN_OUT_TOP_MID,
  75:Middlewares/lvgl/examples/widgets/textarea/../../../src/hal/../misc/lv_area.h ****     LV_ALIGN_OUT_TOP_RIGHT,
ARM GAS  /tmp/ccyvLwTq.s 			page 9


  76:Middlewares/lvgl/examples/widgets/textarea/../../../src/hal/../misc/lv_area.h ****     LV_ALIGN_OUT_BOTTOM_LEFT,
  77:Middlewares/lvgl/examples/widgets/textarea/../../../src/hal/../misc/lv_area.h ****     LV_ALIGN_OUT_BOTTOM_MID,
  78:Middlewares/lvgl/examples/widgets/textarea/../../../src/hal/../misc/lv_area.h ****     LV_ALIGN_OUT_BOTTOM_RIGHT,
  79:Middlewares/lvgl/examples/widgets/textarea/../../../src/hal/../misc/lv_area.h ****     LV_ALIGN_OUT_LEFT_TOP,
  80:Middlewares/lvgl/examples/widgets/textarea/../../../src/hal/../misc/lv_area.h ****     LV_ALIGN_OUT_LEFT_MID,
  81:Middlewares/lvgl/examples/widgets/textarea/../../../src/hal/../misc/lv_area.h ****     LV_ALIGN_OUT_LEFT_BOTTOM,
  82:Middlewares/lvgl/examples/widgets/textarea/../../../src/hal/../misc/lv_area.h ****     LV_ALIGN_OUT_RIGHT_TOP,
  83:Middlewares/lvgl/examples/widgets/textarea/../../../src/hal/../misc/lv_area.h ****     LV_ALIGN_OUT_RIGHT_MID,
  84:Middlewares/lvgl/examples/widgets/textarea/../../../src/hal/../misc/lv_area.h ****     LV_ALIGN_OUT_RIGHT_BOTTOM,
  85:Middlewares/lvgl/examples/widgets/textarea/../../../src/hal/../misc/lv_area.h **** };
  86:Middlewares/lvgl/examples/widgets/textarea/../../../src/hal/../misc/lv_area.h **** typedef uint8_t lv_align_t;
  87:Middlewares/lvgl/examples/widgets/textarea/../../../src/hal/../misc/lv_area.h **** 
  88:Middlewares/lvgl/examples/widgets/textarea/../../../src/hal/../misc/lv_area.h **** enum {
  89:Middlewares/lvgl/examples/widgets/textarea/../../../src/hal/../misc/lv_area.h ****     LV_DIR_NONE     = 0x00,
  90:Middlewares/lvgl/examples/widgets/textarea/../../../src/hal/../misc/lv_area.h ****     LV_DIR_LEFT     = (1 << 0),
  91:Middlewares/lvgl/examples/widgets/textarea/../../../src/hal/../misc/lv_area.h ****     LV_DIR_RIGHT    = (1 << 1),
  92:Middlewares/lvgl/examples/widgets/textarea/../../../src/hal/../misc/lv_area.h ****     LV_DIR_TOP      = (1 << 2),
  93:Middlewares/lvgl/examples/widgets/textarea/../../../src/hal/../misc/lv_area.h ****     LV_DIR_BOTTOM   = (1 << 3),
  94:Middlewares/lvgl/examples/widgets/textarea/../../../src/hal/../misc/lv_area.h ****     LV_DIR_HOR      = LV_DIR_LEFT | LV_DIR_RIGHT,
  95:Middlewares/lvgl/examples/widgets/textarea/../../../src/hal/../misc/lv_area.h ****     LV_DIR_VER      = LV_DIR_TOP | LV_DIR_BOTTOM,
  96:Middlewares/lvgl/examples/widgets/textarea/../../../src/hal/../misc/lv_area.h ****     LV_DIR_ALL      = LV_DIR_HOR | LV_DIR_VER,
  97:Middlewares/lvgl/examples/widgets/textarea/../../../src/hal/../misc/lv_area.h **** };
  98:Middlewares/lvgl/examples/widgets/textarea/../../../src/hal/../misc/lv_area.h **** 
  99:Middlewares/lvgl/examples/widgets/textarea/../../../src/hal/../misc/lv_area.h **** typedef uint8_t lv_dir_t;
 100:Middlewares/lvgl/examples/widgets/textarea/../../../src/hal/../misc/lv_area.h **** 
 101:Middlewares/lvgl/examples/widgets/textarea/../../../src/hal/../misc/lv_area.h **** /**********************
 102:Middlewares/lvgl/examples/widgets/textarea/../../../src/hal/../misc/lv_area.h ****  * GLOBAL PROTOTYPES
 103:Middlewares/lvgl/examples/widgets/textarea/../../../src/hal/../misc/lv_area.h ****  **********************/
 104:Middlewares/lvgl/examples/widgets/textarea/../../../src/hal/../misc/lv_area.h **** 
 105:Middlewares/lvgl/examples/widgets/textarea/../../../src/hal/../misc/lv_area.h **** /**
 106:Middlewares/lvgl/examples/widgets/textarea/../../../src/hal/../misc/lv_area.h ****  * Initialize an area
 107:Middlewares/lvgl/examples/widgets/textarea/../../../src/hal/../misc/lv_area.h ****  * @param area_p pointer to an area
 108:Middlewares/lvgl/examples/widgets/textarea/../../../src/hal/../misc/lv_area.h ****  * @param x1 left coordinate of the area
 109:Middlewares/lvgl/examples/widgets/textarea/../../../src/hal/../misc/lv_area.h ****  * @param y1 top coordinate of the area
 110:Middlewares/lvgl/examples/widgets/textarea/../../../src/hal/../misc/lv_area.h ****  * @param x2 right coordinate of the area
 111:Middlewares/lvgl/examples/widgets/textarea/../../../src/hal/../misc/lv_area.h ****  * @param y2 bottom coordinate of the area
 112:Middlewares/lvgl/examples/widgets/textarea/../../../src/hal/../misc/lv_area.h ****  */
 113:Middlewares/lvgl/examples/widgets/textarea/../../../src/hal/../misc/lv_area.h **** void lv_area_set(lv_area_t * area_p, lv_coord_t x1, lv_coord_t y1, lv_coord_t x2, lv_coord_t y2);
 114:Middlewares/lvgl/examples/widgets/textarea/../../../src/hal/../misc/lv_area.h **** 
 115:Middlewares/lvgl/examples/widgets/textarea/../../../src/hal/../misc/lv_area.h **** /**
 116:Middlewares/lvgl/examples/widgets/textarea/../../../src/hal/../misc/lv_area.h ****  * Copy an area
 117:Middlewares/lvgl/examples/widgets/textarea/../../../src/hal/../misc/lv_area.h ****  * @param dest pointer to the destination area
 118:Middlewares/lvgl/examples/widgets/textarea/../../../src/hal/../misc/lv_area.h ****  * @param src pointer to the source area
 119:Middlewares/lvgl/examples/widgets/textarea/../../../src/hal/../misc/lv_area.h ****  */
 120:Middlewares/lvgl/examples/widgets/textarea/../../../src/hal/../misc/lv_area.h **** inline static void lv_area_copy(lv_area_t * dest, const lv_area_t * src)
 121:Middlewares/lvgl/examples/widgets/textarea/../../../src/hal/../misc/lv_area.h **** {
 122:Middlewares/lvgl/examples/widgets/textarea/../../../src/hal/../misc/lv_area.h ****     dest->x1 = src->x1;
 123:Middlewares/lvgl/examples/widgets/textarea/../../../src/hal/../misc/lv_area.h ****     dest->y1 = src->y1;
 124:Middlewares/lvgl/examples/widgets/textarea/../../../src/hal/../misc/lv_area.h ****     dest->x2 = src->x2;
 125:Middlewares/lvgl/examples/widgets/textarea/../../../src/hal/../misc/lv_area.h ****     dest->y2 = src->y2;
 126:Middlewares/lvgl/examples/widgets/textarea/../../../src/hal/../misc/lv_area.h **** }
 127:Middlewares/lvgl/examples/widgets/textarea/../../../src/hal/../misc/lv_area.h **** 
 128:Middlewares/lvgl/examples/widgets/textarea/../../../src/hal/../misc/lv_area.h **** /**
 129:Middlewares/lvgl/examples/widgets/textarea/../../../src/hal/../misc/lv_area.h ****  * Get the width of an area
 130:Middlewares/lvgl/examples/widgets/textarea/../../../src/hal/../misc/lv_area.h ****  * @param area_p pointer to an area
 131:Middlewares/lvgl/examples/widgets/textarea/../../../src/hal/../misc/lv_area.h ****  * @return the width of the area (if x1 == x2 -> width = 1)
 132:Middlewares/lvgl/examples/widgets/textarea/../../../src/hal/../misc/lv_area.h ****  */
ARM GAS  /tmp/ccyvLwTq.s 			page 10


 133:Middlewares/lvgl/examples/widgets/textarea/../../../src/hal/../misc/lv_area.h **** static inline lv_coord_t lv_area_get_width(const lv_area_t * area_p)
 134:Middlewares/lvgl/examples/widgets/textarea/../../../src/hal/../misc/lv_area.h **** {
 135:Middlewares/lvgl/examples/widgets/textarea/../../../src/hal/../misc/lv_area.h ****     return (lv_coord_t)(area_p->x2 - area_p->x1 + 1);
 136:Middlewares/lvgl/examples/widgets/textarea/../../../src/hal/../misc/lv_area.h **** }
 137:Middlewares/lvgl/examples/widgets/textarea/../../../src/hal/../misc/lv_area.h **** 
 138:Middlewares/lvgl/examples/widgets/textarea/../../../src/hal/../misc/lv_area.h **** /**
 139:Middlewares/lvgl/examples/widgets/textarea/../../../src/hal/../misc/lv_area.h ****  * Get the height of an area
 140:Middlewares/lvgl/examples/widgets/textarea/../../../src/hal/../misc/lv_area.h ****  * @param area_p pointer to an area
 141:Middlewares/lvgl/examples/widgets/textarea/../../../src/hal/../misc/lv_area.h ****  * @return the height of the area (if y1 == y2 -> height = 1)
 142:Middlewares/lvgl/examples/widgets/textarea/../../../src/hal/../misc/lv_area.h ****  */
 143:Middlewares/lvgl/examples/widgets/textarea/../../../src/hal/../misc/lv_area.h **** static inline lv_coord_t lv_area_get_height(const lv_area_t * area_p)
 144:Middlewares/lvgl/examples/widgets/textarea/../../../src/hal/../misc/lv_area.h **** {
 145:Middlewares/lvgl/examples/widgets/textarea/../../../src/hal/../misc/lv_area.h ****     return (lv_coord_t)(area_p->y2 - area_p->y1 + 1);
 146:Middlewares/lvgl/examples/widgets/textarea/../../../src/hal/../misc/lv_area.h **** }
 147:Middlewares/lvgl/examples/widgets/textarea/../../../src/hal/../misc/lv_area.h **** 
 148:Middlewares/lvgl/examples/widgets/textarea/../../../src/hal/../misc/lv_area.h **** /**
 149:Middlewares/lvgl/examples/widgets/textarea/../../../src/hal/../misc/lv_area.h ****  * Set the width of an area
 150:Middlewares/lvgl/examples/widgets/textarea/../../../src/hal/../misc/lv_area.h ****  * @param area_p pointer to an area
 151:Middlewares/lvgl/examples/widgets/textarea/../../../src/hal/../misc/lv_area.h ****  * @param w the new width of the area (w == 1 makes x1 == x2)
 152:Middlewares/lvgl/examples/widgets/textarea/../../../src/hal/../misc/lv_area.h ****  */
 153:Middlewares/lvgl/examples/widgets/textarea/../../../src/hal/../misc/lv_area.h **** void lv_area_set_width(lv_area_t * area_p, lv_coord_t w);
 154:Middlewares/lvgl/examples/widgets/textarea/../../../src/hal/../misc/lv_area.h **** 
 155:Middlewares/lvgl/examples/widgets/textarea/../../../src/hal/../misc/lv_area.h **** /**
 156:Middlewares/lvgl/examples/widgets/textarea/../../../src/hal/../misc/lv_area.h ****  * Set the height of an area
 157:Middlewares/lvgl/examples/widgets/textarea/../../../src/hal/../misc/lv_area.h ****  * @param area_p pointer to an area
 158:Middlewares/lvgl/examples/widgets/textarea/../../../src/hal/../misc/lv_area.h ****  * @param h the new height of the area (h == 1 makes y1 == y2)
 159:Middlewares/lvgl/examples/widgets/textarea/../../../src/hal/../misc/lv_area.h ****  */
 160:Middlewares/lvgl/examples/widgets/textarea/../../../src/hal/../misc/lv_area.h **** void lv_area_set_height(lv_area_t * area_p, lv_coord_t h);
 161:Middlewares/lvgl/examples/widgets/textarea/../../../src/hal/../misc/lv_area.h **** 
 162:Middlewares/lvgl/examples/widgets/textarea/../../../src/hal/../misc/lv_area.h **** /**
 163:Middlewares/lvgl/examples/widgets/textarea/../../../src/hal/../misc/lv_area.h ****  * Set the position of an area (width and height will be kept)
 164:Middlewares/lvgl/examples/widgets/textarea/../../../src/hal/../misc/lv_area.h ****  * @param area_p pointer to an area
 165:Middlewares/lvgl/examples/widgets/textarea/../../../src/hal/../misc/lv_area.h ****  * @param x the new x coordinate of the area
 166:Middlewares/lvgl/examples/widgets/textarea/../../../src/hal/../misc/lv_area.h ****  * @param y the new y coordinate of the area
 167:Middlewares/lvgl/examples/widgets/textarea/../../../src/hal/../misc/lv_area.h ****  */
 168:Middlewares/lvgl/examples/widgets/textarea/../../../src/hal/../misc/lv_area.h **** void _lv_area_set_pos(lv_area_t * area_p, lv_coord_t x, lv_coord_t y);
 169:Middlewares/lvgl/examples/widgets/textarea/../../../src/hal/../misc/lv_area.h **** 
 170:Middlewares/lvgl/examples/widgets/textarea/../../../src/hal/../misc/lv_area.h **** /**
 171:Middlewares/lvgl/examples/widgets/textarea/../../../src/hal/../misc/lv_area.h ****  * Return with area of an area (x * y)
 172:Middlewares/lvgl/examples/widgets/textarea/../../../src/hal/../misc/lv_area.h ****  * @param area_p pointer to an area
 173:Middlewares/lvgl/examples/widgets/textarea/../../../src/hal/../misc/lv_area.h ****  * @return size of area
 174:Middlewares/lvgl/examples/widgets/textarea/../../../src/hal/../misc/lv_area.h ****  */
 175:Middlewares/lvgl/examples/widgets/textarea/../../../src/hal/../misc/lv_area.h **** uint32_t lv_area_get_size(const lv_area_t * area_p);
 176:Middlewares/lvgl/examples/widgets/textarea/../../../src/hal/../misc/lv_area.h **** 
 177:Middlewares/lvgl/examples/widgets/textarea/../../../src/hal/../misc/lv_area.h **** void lv_area_increase(lv_area_t * area, lv_coord_t w_extra, lv_coord_t h_extra);
 178:Middlewares/lvgl/examples/widgets/textarea/../../../src/hal/../misc/lv_area.h **** 
 179:Middlewares/lvgl/examples/widgets/textarea/../../../src/hal/../misc/lv_area.h **** void lv_area_move(lv_area_t * area, lv_coord_t x_ofs, lv_coord_t y_ofs);
 180:Middlewares/lvgl/examples/widgets/textarea/../../../src/hal/../misc/lv_area.h **** 
 181:Middlewares/lvgl/examples/widgets/textarea/../../../src/hal/../misc/lv_area.h **** /**
 182:Middlewares/lvgl/examples/widgets/textarea/../../../src/hal/../misc/lv_area.h ****  * Get the common parts of two areas
 183:Middlewares/lvgl/examples/widgets/textarea/../../../src/hal/../misc/lv_area.h ****  * @param res_p pointer to an area, the result will be stored her
 184:Middlewares/lvgl/examples/widgets/textarea/../../../src/hal/../misc/lv_area.h ****  * @param a1_p pointer to the first area
 185:Middlewares/lvgl/examples/widgets/textarea/../../../src/hal/../misc/lv_area.h ****  * @param a2_p pointer to the second area
 186:Middlewares/lvgl/examples/widgets/textarea/../../../src/hal/../misc/lv_area.h ****  * @return false: the two area has NO common parts, res_p is invalid
 187:Middlewares/lvgl/examples/widgets/textarea/../../../src/hal/../misc/lv_area.h ****  */
 188:Middlewares/lvgl/examples/widgets/textarea/../../../src/hal/../misc/lv_area.h **** bool _lv_area_intersect(lv_area_t * res_p, const lv_area_t * a1_p, const lv_area_t * a2_p);
 189:Middlewares/lvgl/examples/widgets/textarea/../../../src/hal/../misc/lv_area.h **** 
ARM GAS  /tmp/ccyvLwTq.s 			page 11


 190:Middlewares/lvgl/examples/widgets/textarea/../../../src/hal/../misc/lv_area.h **** /**
 191:Middlewares/lvgl/examples/widgets/textarea/../../../src/hal/../misc/lv_area.h ****  * Join two areas into a third which involves the other two
 192:Middlewares/lvgl/examples/widgets/textarea/../../../src/hal/../misc/lv_area.h ****  * @param res_p pointer to an area, the result will be stored here
 193:Middlewares/lvgl/examples/widgets/textarea/../../../src/hal/../misc/lv_area.h ****  * @param a1_p pointer to the first area
 194:Middlewares/lvgl/examples/widgets/textarea/../../../src/hal/../misc/lv_area.h ****  * @param a2_p pointer to the second area
 195:Middlewares/lvgl/examples/widgets/textarea/../../../src/hal/../misc/lv_area.h ****  */
 196:Middlewares/lvgl/examples/widgets/textarea/../../../src/hal/../misc/lv_area.h **** void _lv_area_join(lv_area_t * a_res_p, const lv_area_t * a1_p, const lv_area_t * a2_p);
 197:Middlewares/lvgl/examples/widgets/textarea/../../../src/hal/../misc/lv_area.h **** 
 198:Middlewares/lvgl/examples/widgets/textarea/../../../src/hal/../misc/lv_area.h **** /**
 199:Middlewares/lvgl/examples/widgets/textarea/../../../src/hal/../misc/lv_area.h ****  * Check if a point is on an area
 200:Middlewares/lvgl/examples/widgets/textarea/../../../src/hal/../misc/lv_area.h ****  * @param a_p pointer to an area
 201:Middlewares/lvgl/examples/widgets/textarea/../../../src/hal/../misc/lv_area.h ****  * @param p_p pointer to a point
 202:Middlewares/lvgl/examples/widgets/textarea/../../../src/hal/../misc/lv_area.h ****  * @param radius radius of area (e.g. for rounded rectangle)
 203:Middlewares/lvgl/examples/widgets/textarea/../../../src/hal/../misc/lv_area.h ****  * @return false:the point is out of the area
 204:Middlewares/lvgl/examples/widgets/textarea/../../../src/hal/../misc/lv_area.h ****  */
 205:Middlewares/lvgl/examples/widgets/textarea/../../../src/hal/../misc/lv_area.h **** bool _lv_area_is_point_on(const lv_area_t * a_p, const lv_point_t * p_p, lv_coord_t radius);
 206:Middlewares/lvgl/examples/widgets/textarea/../../../src/hal/../misc/lv_area.h **** 
 207:Middlewares/lvgl/examples/widgets/textarea/../../../src/hal/../misc/lv_area.h **** /**
 208:Middlewares/lvgl/examples/widgets/textarea/../../../src/hal/../misc/lv_area.h ****  * Check if two area has common parts
 209:Middlewares/lvgl/examples/widgets/textarea/../../../src/hal/../misc/lv_area.h ****  * @param a1_p pointer to an area.
 210:Middlewares/lvgl/examples/widgets/textarea/../../../src/hal/../misc/lv_area.h ****  * @param a2_p pointer to an other area
 211:Middlewares/lvgl/examples/widgets/textarea/../../../src/hal/../misc/lv_area.h ****  * @return false: a1_p and a2_p has no common parts
 212:Middlewares/lvgl/examples/widgets/textarea/../../../src/hal/../misc/lv_area.h ****  */
 213:Middlewares/lvgl/examples/widgets/textarea/../../../src/hal/../misc/lv_area.h **** bool _lv_area_is_on(const lv_area_t * a1_p, const lv_area_t * a2_p);
 214:Middlewares/lvgl/examples/widgets/textarea/../../../src/hal/../misc/lv_area.h **** 
 215:Middlewares/lvgl/examples/widgets/textarea/../../../src/hal/../misc/lv_area.h **** /**
 216:Middlewares/lvgl/examples/widgets/textarea/../../../src/hal/../misc/lv_area.h ****  * Check if an area is fully on an other
 217:Middlewares/lvgl/examples/widgets/textarea/../../../src/hal/../misc/lv_area.h ****  * @param ain_p pointer to an area which could be in 'aholder_p'
 218:Middlewares/lvgl/examples/widgets/textarea/../../../src/hal/../misc/lv_area.h ****  * @param aholder_p pointer to an area which could involve 'ain_p'
 219:Middlewares/lvgl/examples/widgets/textarea/../../../src/hal/../misc/lv_area.h ****  * @param radius radius of `aholder_p` (e.g. for rounded rectangle)
 220:Middlewares/lvgl/examples/widgets/textarea/../../../src/hal/../misc/lv_area.h ****  * @return true: `ain_p` is fully inside `aholder_p`
 221:Middlewares/lvgl/examples/widgets/textarea/../../../src/hal/../misc/lv_area.h ****  */
 222:Middlewares/lvgl/examples/widgets/textarea/../../../src/hal/../misc/lv_area.h **** bool _lv_area_is_in(const lv_area_t * ain_p, const lv_area_t * aholder_p, lv_coord_t radius);
 223:Middlewares/lvgl/examples/widgets/textarea/../../../src/hal/../misc/lv_area.h **** 
 224:Middlewares/lvgl/examples/widgets/textarea/../../../src/hal/../misc/lv_area.h **** /**
 225:Middlewares/lvgl/examples/widgets/textarea/../../../src/hal/../misc/lv_area.h ****  * Align an area to an other
 226:Middlewares/lvgl/examples/widgets/textarea/../../../src/hal/../misc/lv_area.h ****  * @param base an are where the other will be aligned
 227:Middlewares/lvgl/examples/widgets/textarea/../../../src/hal/../misc/lv_area.h ****  * @param to_align the area to align
 228:Middlewares/lvgl/examples/widgets/textarea/../../../src/hal/../misc/lv_area.h ****  * @param align `LV_ALIGN_...`
 229:Middlewares/lvgl/examples/widgets/textarea/../../../src/hal/../misc/lv_area.h ****  */
 230:Middlewares/lvgl/examples/widgets/textarea/../../../src/hal/../misc/lv_area.h **** void lv_area_align(const lv_area_t * base, lv_area_t * to_align, lv_align_t align, lv_coord_t ofs_x
 231:Middlewares/lvgl/examples/widgets/textarea/../../../src/hal/../misc/lv_area.h **** 
 232:Middlewares/lvgl/examples/widgets/textarea/../../../src/hal/../misc/lv_area.h **** /**********************
 233:Middlewares/lvgl/examples/widgets/textarea/../../../src/hal/../misc/lv_area.h ****  *      MACROS
 234:Middlewares/lvgl/examples/widgets/textarea/../../../src/hal/../misc/lv_area.h ****  **********************/
 235:Middlewares/lvgl/examples/widgets/textarea/../../../src/hal/../misc/lv_area.h **** 
 236:Middlewares/lvgl/examples/widgets/textarea/../../../src/hal/../misc/lv_area.h **** #if LV_USE_LARGE_COORD
 237:Middlewares/lvgl/examples/widgets/textarea/../../../src/hal/../misc/lv_area.h **** #define _LV_COORD_TYPE_SHIFT    (29)
 238:Middlewares/lvgl/examples/widgets/textarea/../../../src/hal/../misc/lv_area.h **** #else
 239:Middlewares/lvgl/examples/widgets/textarea/../../../src/hal/../misc/lv_area.h **** #define _LV_COORD_TYPE_SHIFT    (13)
 240:Middlewares/lvgl/examples/widgets/textarea/../../../src/hal/../misc/lv_area.h **** #endif
 241:Middlewares/lvgl/examples/widgets/textarea/../../../src/hal/../misc/lv_area.h **** 
 242:Middlewares/lvgl/examples/widgets/textarea/../../../src/hal/../misc/lv_area.h **** #define _LV_COORD_TYPE_MASK     (3 << _LV_COORD_TYPE_SHIFT)
 243:Middlewares/lvgl/examples/widgets/textarea/../../../src/hal/../misc/lv_area.h **** #define _LV_COORD_PLAIN(x)      ((x) & (~_LV_COORD_TYPE_MASK))  /*Remove type specifiers*/
 244:Middlewares/lvgl/examples/widgets/textarea/../../../src/hal/../misc/lv_area.h **** 
 245:Middlewares/lvgl/examples/widgets/textarea/../../../src/hal/../misc/lv_area.h **** #define _LV_COORD_TYPE_PX       (0 << _LV_COORD_TYPE_SHIFT)
 246:Middlewares/lvgl/examples/widgets/textarea/../../../src/hal/../misc/lv_area.h **** #define _LV_COORD_TYPE_SPEC     (1 << _LV_COORD_TYPE_SHIFT)
ARM GAS  /tmp/ccyvLwTq.s 			page 12


 247:Middlewares/lvgl/examples/widgets/textarea/../../../src/hal/../misc/lv_area.h **** #define _LV_COORD_TYPE_RESERVED (3 << _LV_COORD_TYPE_SHIFT)
 248:Middlewares/lvgl/examples/widgets/textarea/../../../src/hal/../misc/lv_area.h **** 
 249:Middlewares/lvgl/examples/widgets/textarea/../../../src/hal/../misc/lv_area.h **** #define LV_COORD_IS_PX(x)     ((((x) & _LV_COORD_TYPE_MASK) == _LV_COORD_TYPE_PX) ? true : false)
 250:Middlewares/lvgl/examples/widgets/textarea/../../../src/hal/../misc/lv_area.h **** #define LV_COORD_IS_SPEC(x)   ((((x) & _LV_COORD_TYPE_MASK) == _LV_COORD_TYPE_SPEC) ? true : false)
 251:Middlewares/lvgl/examples/widgets/textarea/../../../src/hal/../misc/lv_area.h **** 
 252:Middlewares/lvgl/examples/widgets/textarea/../../../src/hal/../misc/lv_area.h **** #define LV_COORD_SET_SPEC(x)   ((x) | _LV_COORD_TYPE_SPEC)
 253:Middlewares/lvgl/examples/widgets/textarea/../../../src/hal/../misc/lv_area.h **** 
 254:Middlewares/lvgl/examples/widgets/textarea/../../../src/hal/../misc/lv_area.h **** /*Special coordinates*/
 255:Middlewares/lvgl/examples/widgets/textarea/../../../src/hal/../misc/lv_area.h **** #define LV_PCT(x)               (x < 0 ? LV_COORD_SET_SPEC(1000 - (x)) : LV_COORD_SET_SPEC(x))
 256:Middlewares/lvgl/examples/widgets/textarea/../../../src/hal/../misc/lv_area.h **** #define LV_COORD_IS_PCT(x)      ((LV_COORD_IS_SPEC(x) && _LV_COORD_PLAIN(x) <= 2000) ? true : false
 257:Middlewares/lvgl/examples/widgets/textarea/../../../src/hal/../misc/lv_area.h **** #define LV_COORD_GET_PCT(x)     (_LV_COORD_PLAIN(x) > 1000 ? 1000 - _LV_COORD_PLAIN(x) : _LV_COORD_
 258:Middlewares/lvgl/examples/widgets/textarea/../../../src/hal/../misc/lv_area.h **** #define LV_SIZE_CONTENT         LV_COORD_SET_SPEC(2001)
 259:Middlewares/lvgl/examples/widgets/textarea/../../../src/hal/../misc/lv_area.h **** 
 260:Middlewares/lvgl/examples/widgets/textarea/../../../src/hal/../misc/lv_area.h **** LV_EXPORT_CONST_INT(LV_SIZE_CONTENT);
 261:Middlewares/lvgl/examples/widgets/textarea/../../../src/hal/../misc/lv_area.h **** 
 262:Middlewares/lvgl/examples/widgets/textarea/../../../src/hal/../misc/lv_area.h **** /**
 263:Middlewares/lvgl/examples/widgets/textarea/../../../src/hal/../misc/lv_area.h ****  * Convert a percentage value to `lv_coord_t`.
 264:Middlewares/lvgl/examples/widgets/textarea/../../../src/hal/../misc/lv_area.h ****  * Percentage values are stored in special range
 265:Middlewares/lvgl/examples/widgets/textarea/../../../src/hal/../misc/lv_area.h ****  * @param x the percentage (0..1000)
 266:Middlewares/lvgl/examples/widgets/textarea/../../../src/hal/../misc/lv_area.h ****  * @return a coordinate that stores the percentage
 267:Middlewares/lvgl/examples/widgets/textarea/../../../src/hal/../misc/lv_area.h ****  */
 268:Middlewares/lvgl/examples/widgets/textarea/../../../src/hal/../misc/lv_area.h **** static inline lv_coord_t lv_pct(lv_coord_t x)
 269:Middlewares/lvgl/examples/widgets/textarea/../../../src/hal/../misc/lv_area.h **** {
 270:Middlewares/lvgl/examples/widgets/textarea/../../../src/hal/../misc/lv_area.h ****     return LV_PCT(x);
 153              		.loc 3 270 5 view .LVU26
  15:Middlewares/lvgl/examples/widgets/textarea/lv_example_textarea_2.c ****     lv_obj_set_pos(pwd_ta, 5, 20);
 154              		.loc 1 15 5 is_stmt 0 view .LVU27
 155 0028 42F22801 		movw	r1, #8232
 156 002c 2046     		mov	r0, r4
 157 002e FFF7FEFF 		bl	lv_obj_set_width
 158              	.LVL14:
  16:Middlewares/lvgl/examples/widgets/textarea/lv_example_textarea_2.c ****     lv_obj_add_event_cb(pwd_ta, ta_event_cb, LV_EVENT_ALL, NULL);
 159              		.loc 1 16 5 is_stmt 1 view .LVU28
 160 0032 1422     		movs	r2, #20
 161 0034 0521     		movs	r1, #5
 162 0036 2046     		mov	r0, r4
 163 0038 FFF7FEFF 		bl	lv_obj_set_pos
 164              	.LVL15:
  17:Middlewares/lvgl/examples/widgets/textarea/lv_example_textarea_2.c **** 
 165              		.loc 1 17 5 view .LVU29
 166 003c 374F     		ldr	r7, .L10+4
 167 003e 0023     		movs	r3, #0
 168 0040 1A46     		mov	r2, r3
 169 0042 3946     		mov	r1, r7
 170 0044 2046     		mov	r0, r4
 171 0046 FFF7FEFF 		bl	lv_obj_add_event_cb
 172              	.LVL16:
  20:Middlewares/lvgl/examples/widgets/textarea/lv_example_textarea_2.c ****     lv_label_set_text(pwd_label, "Password:");
 173              		.loc 1 20 5 view .LVU30
 174              	.LBB18:
 175              	.LBI18:
 163:Middlewares/lvgl/examples/widgets/textarea/../../../src/core/lv_disp.h **** {
 176              		.loc 2 163 26 view .LVU31
 177              	.LBB19:
 178              		.loc 2 165 5 view .LVU32
 179              		.loc 2 165 12 is_stmt 0 view .LVU33
 180 004a FFF7FEFF 		bl	lv_disp_get_default
ARM GAS  /tmp/ccyvLwTq.s 			page 13


 181              	.LVL17:
 182 004e FFF7FEFF 		bl	lv_disp_get_scr_act
 183              	.LVL18:
 184              	.LBE19:
 185              	.LBE18:
  20:Middlewares/lvgl/examples/widgets/textarea/lv_example_textarea_2.c ****     lv_label_set_text(pwd_label, "Password:");
 186              		.loc 1 20 28 view .LVU34
 187 0052 FFF7FEFF 		bl	lv_label_create
 188              	.LVL19:
 189 0056 0546     		mov	r5, r0
 190              	.LVL20:
  21:Middlewares/lvgl/examples/widgets/textarea/lv_example_textarea_2.c ****     lv_obj_align_to(pwd_label, pwd_ta, LV_ALIGN_OUT_TOP_LEFT, 0, 0);
 191              		.loc 1 21 5 is_stmt 1 view .LVU35
 192 0058 3149     		ldr	r1, .L10+8
 193 005a FFF7FEFF 		bl	lv_label_set_text
 194              	.LVL21:
  22:Middlewares/lvgl/examples/widgets/textarea/lv_example_textarea_2.c **** 
 195              		.loc 1 22 5 view .LVU36
 196 005e 0026     		movs	r6, #0
 197 0060 0096     		str	r6, [sp]
 198 0062 3346     		mov	r3, r6
 199 0064 0A22     		movs	r2, #10
 200 0066 2146     		mov	r1, r4
 201 0068 2846     		mov	r0, r5
 202 006a FFF7FEFF 		bl	lv_obj_align_to
 203              	.LVL22:
  25:Middlewares/lvgl/examples/widgets/textarea/lv_example_textarea_2.c ****     lv_textarea_set_one_line(text_ta, true);
 204              		.loc 1 25 5 view .LVU37
 205              	.LBB20:
 206              	.LBI20:
 163:Middlewares/lvgl/examples/widgets/textarea/../../../src/core/lv_disp.h **** {
 207              		.loc 2 163 26 view .LVU38
 208              	.LBB21:
 209              		.loc 2 165 5 view .LVU39
 210              		.loc 2 165 12 is_stmt 0 view .LVU40
 211 006e FFF7FEFF 		bl	lv_disp_get_default
 212              	.LVL23:
 213 0072 FFF7FEFF 		bl	lv_disp_get_scr_act
 214              	.LVL24:
 215              	.LBE21:
 216              	.LBE20:
  25:Middlewares/lvgl/examples/widgets/textarea/lv_example_textarea_2.c ****     lv_textarea_set_one_line(text_ta, true);
 217              		.loc 1 25 26 view .LVU41
 218 0076 FFF7FEFF 		bl	lv_textarea_create
 219              	.LVL25:
 220 007a 0546     		mov	r5, r0
 221              	.LVL26:
  26:Middlewares/lvgl/examples/widgets/textarea/lv_example_textarea_2.c ****     lv_textarea_set_password_mode(text_ta, false);
 222              		.loc 1 26 5 is_stmt 1 view .LVU42
 223 007c 0121     		movs	r1, #1
 224 007e FFF7FEFF 		bl	lv_textarea_set_one_line
 225              	.LVL27:
  27:Middlewares/lvgl/examples/widgets/textarea/lv_example_textarea_2.c ****     lv_obj_set_width(text_ta, lv_pct(40));
 226              		.loc 1 27 5 view .LVU43
 227 0082 3146     		mov	r1, r6
 228 0084 2846     		mov	r0, r5
 229 0086 FFF7FEFF 		bl	lv_textarea_set_password_mode
ARM GAS  /tmp/ccyvLwTq.s 			page 14


 230              	.LVL28:
  28:Middlewares/lvgl/examples/widgets/textarea/lv_example_textarea_2.c ****     lv_obj_add_event_cb(text_ta, ta_event_cb, LV_EVENT_ALL, NULL);
 231              		.loc 1 28 5 view .LVU44
 232              		.loc 3 270 5 view .LVU45
  28:Middlewares/lvgl/examples/widgets/textarea/lv_example_textarea_2.c ****     lv_obj_add_event_cb(text_ta, ta_event_cb, LV_EVENT_ALL, NULL);
 233              		.loc 1 28 5 is_stmt 0 view .LVU46
 234 008a 42F22801 		movw	r1, #8232
 235 008e 2846     		mov	r0, r5
 236 0090 FFF7FEFF 		bl	lv_obj_set_width
 237              	.LVL29:
  29:Middlewares/lvgl/examples/widgets/textarea/lv_example_textarea_2.c ****     lv_obj_align(text_ta, LV_ALIGN_TOP_RIGHT, -5, 20);
 238              		.loc 1 29 5 is_stmt 1 view .LVU47
 239 0094 3346     		mov	r3, r6
 240 0096 3246     		mov	r2, r6
 241 0098 3946     		mov	r1, r7
 242 009a 2846     		mov	r0, r5
 243 009c FFF7FEFF 		bl	lv_obj_add_event_cb
 244              	.LVL30:
  30:Middlewares/lvgl/examples/widgets/textarea/lv_example_textarea_2.c **** 
 245              		.loc 1 30 5 view .LVU48
 246 00a0 1423     		movs	r3, #20
 247 00a2 6FF00402 		mvn	r2, #4
 248 00a6 0321     		movs	r1, #3
 249 00a8 2846     		mov	r0, r5
 250 00aa FFF7FEFF 		bl	lv_obj_align
 251              	.LVL31:
  34:Middlewares/lvgl/examples/widgets/textarea/lv_example_textarea_2.c ****     lv_label_set_text(oneline_label, "Text:");
 252              		.loc 1 34 5 view .LVU49
 253              	.LBB22:
 254              	.LBI22:
 163:Middlewares/lvgl/examples/widgets/textarea/../../../src/core/lv_disp.h **** {
 255              		.loc 2 163 26 view .LVU50
 256              	.LBB23:
 257              		.loc 2 165 5 view .LVU51
 258              		.loc 2 165 12 is_stmt 0 view .LVU52
 259 00ae FFF7FEFF 		bl	lv_disp_get_default
 260              	.LVL32:
 261 00b2 FFF7FEFF 		bl	lv_disp_get_scr_act
 262              	.LVL33:
 263              	.LBE23:
 264              	.LBE22:
  34:Middlewares/lvgl/examples/widgets/textarea/lv_example_textarea_2.c ****     lv_label_set_text(oneline_label, "Text:");
 265              		.loc 1 34 32 view .LVU53
 266 00b6 FFF7FEFF 		bl	lv_label_create
 267              	.LVL34:
 268 00ba 0746     		mov	r7, r0
 269              	.LVL35:
  35:Middlewares/lvgl/examples/widgets/textarea/lv_example_textarea_2.c ****     lv_obj_align_to(oneline_label, text_ta, LV_ALIGN_OUT_TOP_LEFT, 0, 0);
 270              		.loc 1 35 5 is_stmt 1 view .LVU54
 271 00bc 1949     		ldr	r1, .L10+12
 272 00be FFF7FEFF 		bl	lv_label_set_text
 273              	.LVL36:
  36:Middlewares/lvgl/examples/widgets/textarea/lv_example_textarea_2.c **** 
 274              		.loc 1 36 5 view .LVU55
 275 00c2 0096     		str	r6, [sp]
 276 00c4 3346     		mov	r3, r6
 277 00c6 0A22     		movs	r2, #10
ARM GAS  /tmp/ccyvLwTq.s 			page 15


 278 00c8 2946     		mov	r1, r5
 279 00ca 3846     		mov	r0, r7
 280 00cc FFF7FEFF 		bl	lv_obj_align_to
 281              	.LVL37:
  39:Middlewares/lvgl/examples/widgets/textarea/lv_example_textarea_2.c ****     lv_obj_set_size(kb,  LV_HOR_RES, LV_VER_RES / 2);
 282              		.loc 1 39 5 view .LVU56
 283              	.LBB24:
 284              	.LBI24:
 163:Middlewares/lvgl/examples/widgets/textarea/../../../src/core/lv_disp.h **** {
 285              		.loc 2 163 26 view .LVU57
 286              	.LBB25:
 287              		.loc 2 165 5 view .LVU58
 288              		.loc 2 165 12 is_stmt 0 view .LVU59
 289 00d0 FFF7FEFF 		bl	lv_disp_get_default
 290              	.LVL38:
 291 00d4 FFF7FEFF 		bl	lv_disp_get_scr_act
 292              	.LVL39:
 293              	.LBE25:
 294              	.LBE24:
  39:Middlewares/lvgl/examples/widgets/textarea/lv_example_textarea_2.c ****     lv_obj_set_size(kb,  LV_HOR_RES, LV_VER_RES / 2);
 295              		.loc 1 39 10 view .LVU60
 296 00d8 FFF7FEFF 		bl	lv_keyboard_create
 297              	.LVL40:
 298 00dc 0546     		mov	r5, r0
 299              	.LVL41:
  39:Middlewares/lvgl/examples/widgets/textarea/lv_example_textarea_2.c ****     lv_obj_set_size(kb,  LV_HOR_RES, LV_VER_RES / 2);
 300              		.loc 1 39 8 view .LVU61
 301 00de 124B     		ldr	r3, .L10+16
 302 00e0 1860     		str	r0, [r3]
  40:Middlewares/lvgl/examples/widgets/textarea/lv_example_textarea_2.c **** 
 303              		.loc 1 40 5 is_stmt 1 view .LVU62
 304 00e2 FFF7FEFF 		bl	lv_disp_get_default
 305              	.LVL42:
 306 00e6 FFF7FEFF 		bl	lv_disp_get_hor_res
 307              	.LVL43:
 308 00ea 0646     		mov	r6, r0
  40:Middlewares/lvgl/examples/widgets/textarea/lv_example_textarea_2.c **** 
 309              		.loc 1 40 38 is_stmt 0 view .LVU63
 310 00ec FFF7FEFF 		bl	lv_disp_get_default
 311              	.LVL44:
 312 00f0 FFF7FEFF 		bl	lv_disp_get_ver_res
 313              	.LVL45:
  40:Middlewares/lvgl/examples/widgets/textarea/lv_example_textarea_2.c **** 
 314              		.loc 1 40 5 view .LVU64
 315 00f4 0246     		mov	r2, r0
 316 00f6 0028     		cmp	r0, #0
 317 00f8 0CDB     		blt	.L9
 318              	.L7:
 319 00fa 42F34F02 		sbfx	r2, r2, #1, #16
 320 00fe 3146     		mov	r1, r6
 321 0100 2846     		mov	r0, r5
 322 0102 FFF7FEFF 		bl	lv_obj_set_size
 323              	.LVL46:
  42:Middlewares/lvgl/examples/widgets/textarea/lv_example_textarea_2.c **** }
 324              		.loc 1 42 5 is_stmt 1 view .LVU65
 325 0106 2146     		mov	r1, r4
 326 0108 074B     		ldr	r3, .L10+16
ARM GAS  /tmp/ccyvLwTq.s 			page 16


 327 010a 1868     		ldr	r0, [r3]
 328 010c FFF7FEFF 		bl	lv_keyboard_set_textarea
 329              	.LVL47:
  43:Middlewares/lvgl/examples/widgets/textarea/lv_example_textarea_2.c **** 
 330              		.loc 1 43 1 is_stmt 0 view .LVU66
 331 0110 03B0     		add	sp, sp, #12
 332              	.LCFI3:
 333              		.cfi_remember_state
 334              		.cfi_def_cfa_offset 20
 335              		@ sp needed
 336 0112 F0BD     		pop	{r4, r5, r6, r7, pc}
 337              	.LVL48:
 338              	.L9:
 339              	.LCFI4:
 340              		.cfi_restore_state
  40:Middlewares/lvgl/examples/widgets/textarea/lv_example_textarea_2.c **** 
 341              		.loc 1 40 5 view .LVU67
 342 0114 421C     		adds	r2, r0, #1
 343 0116 F0E7     		b	.L7
 344              	.L11:
 345              		.align	2
 346              	.L10:
 347 0118 00000000 		.word	.LC0
 348 011c 00000000 		.word	ta_event_cb
 349 0120 04000000 		.word	.LC1
 350 0124 10000000 		.word	.LC2
 351 0128 00000000 		.word	.LANCHOR0
 352              		.cfi_endproc
 353              	.LFE184:
 355              		.section	.bss.kb,"aw",%nobits
 356              		.align	2
 357              		.set	.LANCHOR0,. + 0
 360              	kb:
 361 0000 00000000 		.space	4
 362              		.text
 363              	.Letext0:
 364              		.file 4 "/home/akinya/gcc-arm-none-eabi/arm-none-eabi/include/machine/_default_types.h"
 365              		.file 5 "/home/akinya/gcc-arm-none-eabi/arm-none-eabi/include/sys/_stdint.h"
 366              		.file 6 "Middlewares/lvgl/examples/widgets/textarea/../../../src/misc/lv_ll.h"
 367              		.file 7 "Middlewares/lvgl/examples/widgets/textarea/../../../src/hal/../misc/lv_color.h"
 368              		.file 8 "Middlewares/lvgl/examples/widgets/textarea/../../../src/core/lv_obj.h"
 369              		.file 9 "Middlewares/lvgl/examples/widgets/textarea/../../../src/core/lv_group.h"
 370              		.file 10 "Middlewares/lvgl/examples/widgets/textarea/../../../src/core/../misc/lv_style.h"
 371              		.file 11 "Middlewares/lvgl/examples/widgets/textarea/../../../src/core/lv_obj_scroll.h"
 372              		.file 12 "Middlewares/lvgl/examples/widgets/textarea/../../../src/core/lv_obj_style.h"
 373              		.file 13 "Middlewares/lvgl/examples/widgets/textarea/../../../src/core/lv_obj_class.h"
 374              		.file 14 "Middlewares/lvgl/examples/widgets/textarea/../../../src/core/lv_event.h"
 375              		.file 15 "Middlewares/lvgl/examples/widgets/textarea/../../../src/widgets/lv_bar.h"
 376              		.file 16 "Middlewares/lvgl/examples/widgets/textarea/../../../src/extra/widgets/imgbtn/lv_imgbtn.h
 377              		.file 17 "Middlewares/lvgl/examples/widgets/textarea/../../../src/extra/widgets/keyboard/lv_keyboa
 378              		.file 18 "Middlewares/lvgl/examples/widgets/textarea/../../../src/hal/lv_hal_disp.h"
 379              		.file 19 "Middlewares/lvgl/examples/widgets/textarea/../../../src/widgets/lv_textarea.h"
 380              		.file 20 "Middlewares/lvgl/examples/widgets/textarea/../../../src/core/lv_obj_pos.h"
 381              		.file 21 "Middlewares/lvgl/examples/widgets/textarea/../../../src/widgets/lv_label.h"
ARM GAS  /tmp/ccyvLwTq.s 			page 17


DEFINED SYMBOLS
                            *ABS*:0000000000000000 lv_example_textarea_2.c
     /tmp/ccyvLwTq.s:17     .text.ta_event_cb:0000000000000000 $t
     /tmp/ccyvLwTq.s:24     .text.ta_event_cb:0000000000000000 ta_event_cb
     /tmp/ccyvLwTq.s:79     .text.ta_event_cb:0000000000000028 $d
     /tmp/ccyvLwTq.s:84     .rodata.lv_example_textarea_2.str1.4:0000000000000000 $d
     /tmp/ccyvLwTq.s:94     .text.lv_example_textarea_2:0000000000000000 $t
     /tmp/ccyvLwTq.s:101    .text.lv_example_textarea_2:0000000000000000 lv_example_textarea_2
     /tmp/ccyvLwTq.s:347    .text.lv_example_textarea_2:0000000000000118 $d
     /tmp/ccyvLwTq.s:356    .bss.kb:0000000000000000 $d
     /tmp/ccyvLwTq.s:360    .bss.kb:0000000000000000 kb

UNDEFINED SYMBOLS
lv_event_get_code
lv_event_get_target
lv_keyboard_set_textarea
lv_disp_get_default
lv_disp_get_scr_act
lv_textarea_create
lv_textarea_set_text
lv_textarea_set_password_mode
lv_textarea_set_one_line
lv_obj_set_width
lv_obj_set_pos
lv_obj_add_event_cb
lv_label_create
lv_label_set_text
lv_obj_align_to
lv_obj_align
lv_keyboard_create
lv_disp_get_hor_res
lv_disp_get_ver_res
lv_obj_set_size
