ARM GAS  /tmp/cc2cRppB.s 			page 1


   1              		.cpu cortex-m7
   2              		.arch armv7e-m
   3              		.fpu fpv5-d16
   4              		.eabi_attribute 28, 1
   5              		.eabi_attribute 20, 1
   6              		.eabi_attribute 21, 1
   7              		.eabi_attribute 23, 3
   8              		.eabi_attribute 24, 1
   9              		.eabi_attribute 25, 1
  10              		.eabi_attribute 26, 1
  11              		.eabi_attribute 30, 1
  12              		.eabi_attribute 34, 1
  13              		.eabi_attribute 18, 4
  14              		.file	"lv_example_line_1.c"
  15              		.text
  16              	.Ltext0:
  17              		.cfi_sections	.debug_frame
  18              		.section	.text.lv_example_line_1,"ax",%progbits
  19              		.align	1
  20              		.global	lv_example_line_1
  21              		.syntax unified
  22              		.thumb
  23              		.thumb_func
  25              	lv_example_line_1:
  26              	.LFB184:
  27              		.file 1 "Middlewares/lvgl/examples/widgets/line/lv_example_line_1.c"
   1:Middlewares/lvgl/examples/widgets/line/lv_example_line_1.c **** #include "../../lv_examples.h"
   2:Middlewares/lvgl/examples/widgets/line/lv_example_line_1.c **** #if LV_USE_LINE && LV_BUILD_EXAMPLES
   3:Middlewares/lvgl/examples/widgets/line/lv_example_line_1.c **** 
   4:Middlewares/lvgl/examples/widgets/line/lv_example_line_1.c **** void lv_example_line_1(void)
   5:Middlewares/lvgl/examples/widgets/line/lv_example_line_1.c **** {
  28              		.loc 1 5 1 view -0
  29              		.cfi_startproc
  30              		@ args = 0, pretend = 0, frame = 0
  31              		@ frame_needed = 0, uses_anonymous_args = 0
  32 0000 38B5     		push	{r3, r4, r5, lr}
  33              	.LCFI0:
  34              		.cfi_def_cfa_offset 16
  35              		.cfi_offset 3, -16
  36              		.cfi_offset 4, -12
  37              		.cfi_offset 5, -8
  38              		.cfi_offset 14, -4
   6:Middlewares/lvgl/examples/widgets/line/lv_example_line_1.c ****     /*Create an array for the points of the line*/
   7:Middlewares/lvgl/examples/widgets/line/lv_example_line_1.c ****     static lv_point_t line_points[] = { {5, 5}, {70, 70}, {120, 10}, {180, 60}, {240, 10} };
  39              		.loc 1 7 5 view .LVU1
   8:Middlewares/lvgl/examples/widgets/line/lv_example_line_1.c **** 
   9:Middlewares/lvgl/examples/widgets/line/lv_example_line_1.c ****     /*Create style*/
  10:Middlewares/lvgl/examples/widgets/line/lv_example_line_1.c ****     static lv_style_t style_line;
  40              		.loc 1 10 5 view .LVU2
  11:Middlewares/lvgl/examples/widgets/line/lv_example_line_1.c ****     lv_style_init(&style_line);
  41              		.loc 1 11 5 view .LVU3
  42 0002 154C     		ldr	r4, .L3
  43 0004 2046     		mov	r0, r4
  44 0006 FFF7FEFF 		bl	lv_style_init
  45              	.LVL0:
  12:Middlewares/lvgl/examples/widgets/line/lv_example_line_1.c ****     lv_style_set_line_width(&style_line, 8);
  46              		.loc 1 12 5 view .LVU4
ARM GAS  /tmp/cc2cRppB.s 			page 2


  47 000a 0821     		movs	r1, #8
  48 000c 2046     		mov	r0, r4
  49 000e FFF7FEFF 		bl	lv_style_set_line_width
  50              	.LVL1:
  13:Middlewares/lvgl/examples/widgets/line/lv_example_line_1.c ****     lv_style_set_line_color(&style_line, lv_palette_main(LV_PALETTE_BLUE));
  51              		.loc 1 13 5 view .LVU5
  52 0012 0520     		movs	r0, #5
  53 0014 FFF7FEFF 		bl	lv_palette_main
  54              	.LVL2:
  55 0018 0146     		mov	r1, r0	@ movhi
  56 001a 2046     		mov	r0, r4
  57 001c FFF7FEFF 		bl	lv_style_set_line_color
  58              	.LVL3:
  14:Middlewares/lvgl/examples/widgets/line/lv_example_line_1.c ****     lv_style_set_line_rounded(&style_line, true);
  59              		.loc 1 14 5 view .LVU6
  60 0020 0121     		movs	r1, #1
  61 0022 2046     		mov	r0, r4
  62 0024 FFF7FEFF 		bl	lv_style_set_line_rounded
  63              	.LVL4:
  15:Middlewares/lvgl/examples/widgets/line/lv_example_line_1.c **** 
  16:Middlewares/lvgl/examples/widgets/line/lv_example_line_1.c ****     /*Create a line and apply the new style*/
  17:Middlewares/lvgl/examples/widgets/line/lv_example_line_1.c ****     lv_obj_t * line1;
  64              		.loc 1 17 5 view .LVU7
  18:Middlewares/lvgl/examples/widgets/line/lv_example_line_1.c ****     line1 = lv_line_create(lv_scr_act());
  65              		.loc 1 18 5 view .LVU8
  66              	.LBB8:
  67              	.LBI8:
  68              		.file 2 "Middlewares/lvgl/examples/widgets/line/../../../src/core/lv_disp.h"
   1:Middlewares/lvgl/examples/widgets/line/../../../src/core/lv_disp.h **** /**
   2:Middlewares/lvgl/examples/widgets/line/../../../src/core/lv_disp.h ****  * @file lv_disp.h
   3:Middlewares/lvgl/examples/widgets/line/../../../src/core/lv_disp.h ****  *
   4:Middlewares/lvgl/examples/widgets/line/../../../src/core/lv_disp.h ****  */
   5:Middlewares/lvgl/examples/widgets/line/../../../src/core/lv_disp.h **** 
   6:Middlewares/lvgl/examples/widgets/line/../../../src/core/lv_disp.h **** #ifndef LV_DISP_H
   7:Middlewares/lvgl/examples/widgets/line/../../../src/core/lv_disp.h **** #define LV_DISP_H
   8:Middlewares/lvgl/examples/widgets/line/../../../src/core/lv_disp.h **** 
   9:Middlewares/lvgl/examples/widgets/line/../../../src/core/lv_disp.h **** #ifdef __cplusplus
  10:Middlewares/lvgl/examples/widgets/line/../../../src/core/lv_disp.h **** extern "C" {
  11:Middlewares/lvgl/examples/widgets/line/../../../src/core/lv_disp.h **** #endif
  12:Middlewares/lvgl/examples/widgets/line/../../../src/core/lv_disp.h **** 
  13:Middlewares/lvgl/examples/widgets/line/../../../src/core/lv_disp.h **** /*********************
  14:Middlewares/lvgl/examples/widgets/line/../../../src/core/lv_disp.h ****  *      INCLUDES
  15:Middlewares/lvgl/examples/widgets/line/../../../src/core/lv_disp.h ****  *********************/
  16:Middlewares/lvgl/examples/widgets/line/../../../src/core/lv_disp.h **** #include "../hal/lv_hal.h"
  17:Middlewares/lvgl/examples/widgets/line/../../../src/core/lv_disp.h **** #include "lv_obj.h"
  18:Middlewares/lvgl/examples/widgets/line/../../../src/core/lv_disp.h **** #include "lv_theme.h"
  19:Middlewares/lvgl/examples/widgets/line/../../../src/core/lv_disp.h **** 
  20:Middlewares/lvgl/examples/widgets/line/../../../src/core/lv_disp.h **** /*********************
  21:Middlewares/lvgl/examples/widgets/line/../../../src/core/lv_disp.h ****  *      DEFINES
  22:Middlewares/lvgl/examples/widgets/line/../../../src/core/lv_disp.h ****  *********************/
  23:Middlewares/lvgl/examples/widgets/line/../../../src/core/lv_disp.h **** 
  24:Middlewares/lvgl/examples/widgets/line/../../../src/core/lv_disp.h **** /**********************
  25:Middlewares/lvgl/examples/widgets/line/../../../src/core/lv_disp.h ****  *      TYPEDEFS
  26:Middlewares/lvgl/examples/widgets/line/../../../src/core/lv_disp.h ****  **********************/
  27:Middlewares/lvgl/examples/widgets/line/../../../src/core/lv_disp.h **** 
  28:Middlewares/lvgl/examples/widgets/line/../../../src/core/lv_disp.h **** typedef enum {
  29:Middlewares/lvgl/examples/widgets/line/../../../src/core/lv_disp.h ****     LV_SCR_LOAD_ANIM_NONE,
ARM GAS  /tmp/cc2cRppB.s 			page 3


  30:Middlewares/lvgl/examples/widgets/line/../../../src/core/lv_disp.h ****     LV_SCR_LOAD_ANIM_OVER_LEFT,
  31:Middlewares/lvgl/examples/widgets/line/../../../src/core/lv_disp.h ****     LV_SCR_LOAD_ANIM_OVER_RIGHT,
  32:Middlewares/lvgl/examples/widgets/line/../../../src/core/lv_disp.h ****     LV_SCR_LOAD_ANIM_OVER_TOP,
  33:Middlewares/lvgl/examples/widgets/line/../../../src/core/lv_disp.h ****     LV_SCR_LOAD_ANIM_OVER_BOTTOM,
  34:Middlewares/lvgl/examples/widgets/line/../../../src/core/lv_disp.h ****     LV_SCR_LOAD_ANIM_MOVE_LEFT,
  35:Middlewares/lvgl/examples/widgets/line/../../../src/core/lv_disp.h ****     LV_SCR_LOAD_ANIM_MOVE_RIGHT,
  36:Middlewares/lvgl/examples/widgets/line/../../../src/core/lv_disp.h ****     LV_SCR_LOAD_ANIM_MOVE_TOP,
  37:Middlewares/lvgl/examples/widgets/line/../../../src/core/lv_disp.h ****     LV_SCR_LOAD_ANIM_MOVE_BOTTOM,
  38:Middlewares/lvgl/examples/widgets/line/../../../src/core/lv_disp.h ****     LV_SCR_LOAD_ANIM_FADE_ON,
  39:Middlewares/lvgl/examples/widgets/line/../../../src/core/lv_disp.h **** } lv_scr_load_anim_t;
  40:Middlewares/lvgl/examples/widgets/line/../../../src/core/lv_disp.h **** 
  41:Middlewares/lvgl/examples/widgets/line/../../../src/core/lv_disp.h **** /**********************
  42:Middlewares/lvgl/examples/widgets/line/../../../src/core/lv_disp.h ****  * GLOBAL PROTOTYPES
  43:Middlewares/lvgl/examples/widgets/line/../../../src/core/lv_disp.h ****  **********************/
  44:Middlewares/lvgl/examples/widgets/line/../../../src/core/lv_disp.h **** 
  45:Middlewares/lvgl/examples/widgets/line/../../../src/core/lv_disp.h **** /**
  46:Middlewares/lvgl/examples/widgets/line/../../../src/core/lv_disp.h ****  * Return with a pointer to the active screen
  47:Middlewares/lvgl/examples/widgets/line/../../../src/core/lv_disp.h ****  * @param disp pointer to display which active screen should be get. (NULL to use the default
  48:Middlewares/lvgl/examples/widgets/line/../../../src/core/lv_disp.h ****  * screen)
  49:Middlewares/lvgl/examples/widgets/line/../../../src/core/lv_disp.h ****  * @return pointer to the active screen object (loaded by 'lv_scr_load()')
  50:Middlewares/lvgl/examples/widgets/line/../../../src/core/lv_disp.h ****  */
  51:Middlewares/lvgl/examples/widgets/line/../../../src/core/lv_disp.h **** lv_obj_t * lv_disp_get_scr_act(lv_disp_t * disp);
  52:Middlewares/lvgl/examples/widgets/line/../../../src/core/lv_disp.h **** 
  53:Middlewares/lvgl/examples/widgets/line/../../../src/core/lv_disp.h **** /**
  54:Middlewares/lvgl/examples/widgets/line/../../../src/core/lv_disp.h ****  * Return with a pointer to the previous screen. Only used during screen transitions.
  55:Middlewares/lvgl/examples/widgets/line/../../../src/core/lv_disp.h ****  * @param disp pointer to display which previous screen should be get. (NULL to use the default
  56:Middlewares/lvgl/examples/widgets/line/../../../src/core/lv_disp.h ****  * screen)
  57:Middlewares/lvgl/examples/widgets/line/../../../src/core/lv_disp.h ****  * @return pointer to the previous screen object or NULL if not used now
  58:Middlewares/lvgl/examples/widgets/line/../../../src/core/lv_disp.h ****  */
  59:Middlewares/lvgl/examples/widgets/line/../../../src/core/lv_disp.h **** lv_obj_t * lv_disp_get_scr_prev(lv_disp_t * disp);
  60:Middlewares/lvgl/examples/widgets/line/../../../src/core/lv_disp.h **** 
  61:Middlewares/lvgl/examples/widgets/line/../../../src/core/lv_disp.h **** /**
  62:Middlewares/lvgl/examples/widgets/line/../../../src/core/lv_disp.h ****  * Make a screen active
  63:Middlewares/lvgl/examples/widgets/line/../../../src/core/lv_disp.h ****  * @param scr pointer to a screen
  64:Middlewares/lvgl/examples/widgets/line/../../../src/core/lv_disp.h ****  */
  65:Middlewares/lvgl/examples/widgets/line/../../../src/core/lv_disp.h **** void lv_disp_load_scr(lv_obj_t * scr);
  66:Middlewares/lvgl/examples/widgets/line/../../../src/core/lv_disp.h **** 
  67:Middlewares/lvgl/examples/widgets/line/../../../src/core/lv_disp.h **** /**
  68:Middlewares/lvgl/examples/widgets/line/../../../src/core/lv_disp.h ****  * Return with the top layer. (Same on every screen and it is above the normal screen layer)
  69:Middlewares/lvgl/examples/widgets/line/../../../src/core/lv_disp.h ****  * @param disp pointer to display which top layer should be get. (NULL to use the default screen)
  70:Middlewares/lvgl/examples/widgets/line/../../../src/core/lv_disp.h ****  * @return pointer to the top layer object  (transparent screen sized lv_obj)
  71:Middlewares/lvgl/examples/widgets/line/../../../src/core/lv_disp.h ****  */
  72:Middlewares/lvgl/examples/widgets/line/../../../src/core/lv_disp.h **** lv_obj_t * lv_disp_get_layer_top(lv_disp_t * disp);
  73:Middlewares/lvgl/examples/widgets/line/../../../src/core/lv_disp.h **** 
  74:Middlewares/lvgl/examples/widgets/line/../../../src/core/lv_disp.h **** /**
  75:Middlewares/lvgl/examples/widgets/line/../../../src/core/lv_disp.h ****  * Return with the sys. layer. (Same on every screen and it is above the normal screen and the top
  76:Middlewares/lvgl/examples/widgets/line/../../../src/core/lv_disp.h ****  * layer)
  77:Middlewares/lvgl/examples/widgets/line/../../../src/core/lv_disp.h ****  * @param disp pointer to display which sys. layer  should be get. (NULL to use the default screen)
  78:Middlewares/lvgl/examples/widgets/line/../../../src/core/lv_disp.h ****  * @return pointer to the sys layer object  (transparent screen sized lv_obj)
  79:Middlewares/lvgl/examples/widgets/line/../../../src/core/lv_disp.h ****  */
  80:Middlewares/lvgl/examples/widgets/line/../../../src/core/lv_disp.h **** lv_obj_t * lv_disp_get_layer_sys(lv_disp_t * disp);
  81:Middlewares/lvgl/examples/widgets/line/../../../src/core/lv_disp.h **** 
  82:Middlewares/lvgl/examples/widgets/line/../../../src/core/lv_disp.h **** /**
  83:Middlewares/lvgl/examples/widgets/line/../../../src/core/lv_disp.h ****  * Get the theme of a display
  84:Middlewares/lvgl/examples/widgets/line/../../../src/core/lv_disp.h ****  * @param disp pointer to a display
  85:Middlewares/lvgl/examples/widgets/line/../../../src/core/lv_disp.h ****  * @return the display's theme (can be NULL)
  86:Middlewares/lvgl/examples/widgets/line/../../../src/core/lv_disp.h ****  */
ARM GAS  /tmp/cc2cRppB.s 			page 4


  87:Middlewares/lvgl/examples/widgets/line/../../../src/core/lv_disp.h **** void lv_disp_set_theme(lv_disp_t * disp, lv_theme_t * th);
  88:Middlewares/lvgl/examples/widgets/line/../../../src/core/lv_disp.h **** 
  89:Middlewares/lvgl/examples/widgets/line/../../../src/core/lv_disp.h **** /**
  90:Middlewares/lvgl/examples/widgets/line/../../../src/core/lv_disp.h ****  * Get the theme of a display
  91:Middlewares/lvgl/examples/widgets/line/../../../src/core/lv_disp.h ****  * @param disp pointer to a display
  92:Middlewares/lvgl/examples/widgets/line/../../../src/core/lv_disp.h ****  * @return the display's theme (can be NULL)
  93:Middlewares/lvgl/examples/widgets/line/../../../src/core/lv_disp.h ****  */
  94:Middlewares/lvgl/examples/widgets/line/../../../src/core/lv_disp.h **** lv_theme_t * lv_disp_get_theme(lv_disp_t * disp);
  95:Middlewares/lvgl/examples/widgets/line/../../../src/core/lv_disp.h **** 
  96:Middlewares/lvgl/examples/widgets/line/../../../src/core/lv_disp.h **** /**
  97:Middlewares/lvgl/examples/widgets/line/../../../src/core/lv_disp.h ****  * Set the background color of a display
  98:Middlewares/lvgl/examples/widgets/line/../../../src/core/lv_disp.h ****  * @param disp pointer to a display
  99:Middlewares/lvgl/examples/widgets/line/../../../src/core/lv_disp.h ****  * @param color color of the background
 100:Middlewares/lvgl/examples/widgets/line/../../../src/core/lv_disp.h ****  */
 101:Middlewares/lvgl/examples/widgets/line/../../../src/core/lv_disp.h **** void lv_disp_set_bg_color(lv_disp_t * disp, lv_color_t color);
 102:Middlewares/lvgl/examples/widgets/line/../../../src/core/lv_disp.h **** 
 103:Middlewares/lvgl/examples/widgets/line/../../../src/core/lv_disp.h **** /**
 104:Middlewares/lvgl/examples/widgets/line/../../../src/core/lv_disp.h ****  * Set the background image of a display
 105:Middlewares/lvgl/examples/widgets/line/../../../src/core/lv_disp.h ****  * @param disp pointer to a display
 106:Middlewares/lvgl/examples/widgets/line/../../../src/core/lv_disp.h ****  * @param img_src path to file or pointer to an `lv_img_dsc_t` variable
 107:Middlewares/lvgl/examples/widgets/line/../../../src/core/lv_disp.h ****  */
 108:Middlewares/lvgl/examples/widgets/line/../../../src/core/lv_disp.h **** void lv_disp_set_bg_image(lv_disp_t * disp, const void  * img_src);
 109:Middlewares/lvgl/examples/widgets/line/../../../src/core/lv_disp.h **** 
 110:Middlewares/lvgl/examples/widgets/line/../../../src/core/lv_disp.h **** /**
 111:Middlewares/lvgl/examples/widgets/line/../../../src/core/lv_disp.h ****  * Opacity of the background
 112:Middlewares/lvgl/examples/widgets/line/../../../src/core/lv_disp.h ****  * @param disp pointer to a display
 113:Middlewares/lvgl/examples/widgets/line/../../../src/core/lv_disp.h ****  * @param opa opacity (0..255)
 114:Middlewares/lvgl/examples/widgets/line/../../../src/core/lv_disp.h ****  */
 115:Middlewares/lvgl/examples/widgets/line/../../../src/core/lv_disp.h **** void lv_disp_set_bg_opa(lv_disp_t * disp, lv_opa_t opa);
 116:Middlewares/lvgl/examples/widgets/line/../../../src/core/lv_disp.h **** 
 117:Middlewares/lvgl/examples/widgets/line/../../../src/core/lv_disp.h **** /**
 118:Middlewares/lvgl/examples/widgets/line/../../../src/core/lv_disp.h ****  * Switch screen with animation
 119:Middlewares/lvgl/examples/widgets/line/../../../src/core/lv_disp.h ****  * @param scr pointer to the new screen to load
 120:Middlewares/lvgl/examples/widgets/line/../../../src/core/lv_disp.h ****  * @param anim_type type of the animation from `lv_scr_load_anim_t`. E.g.  `LV_SCR_LOAD_ANIM_MOVE_L
 121:Middlewares/lvgl/examples/widgets/line/../../../src/core/lv_disp.h ****  * @param time time of the animation
 122:Middlewares/lvgl/examples/widgets/line/../../../src/core/lv_disp.h ****  * @param delay delay before the transition
 123:Middlewares/lvgl/examples/widgets/line/../../../src/core/lv_disp.h ****  * @param auto_del true: automatically delete the old screen
 124:Middlewares/lvgl/examples/widgets/line/../../../src/core/lv_disp.h ****  */
 125:Middlewares/lvgl/examples/widgets/line/../../../src/core/lv_disp.h **** void lv_scr_load_anim(lv_obj_t * scr, lv_scr_load_anim_t anim_type, uint32_t time, uint32_t delay, 
 126:Middlewares/lvgl/examples/widgets/line/../../../src/core/lv_disp.h **** 
 127:Middlewares/lvgl/examples/widgets/line/../../../src/core/lv_disp.h **** /**
 128:Middlewares/lvgl/examples/widgets/line/../../../src/core/lv_disp.h ****  * Get elapsed time since last user activity on a display (e.g. click)
 129:Middlewares/lvgl/examples/widgets/line/../../../src/core/lv_disp.h ****  * @param disp pointer to an display (NULL to get the overall smallest inactivity)
 130:Middlewares/lvgl/examples/widgets/line/../../../src/core/lv_disp.h ****  * @return elapsed ticks (milliseconds) since the last activity
 131:Middlewares/lvgl/examples/widgets/line/../../../src/core/lv_disp.h ****  */
 132:Middlewares/lvgl/examples/widgets/line/../../../src/core/lv_disp.h **** uint32_t lv_disp_get_inactive_time(const lv_disp_t * disp);
 133:Middlewares/lvgl/examples/widgets/line/../../../src/core/lv_disp.h **** 
 134:Middlewares/lvgl/examples/widgets/line/../../../src/core/lv_disp.h **** /**
 135:Middlewares/lvgl/examples/widgets/line/../../../src/core/lv_disp.h ****  * Manually trigger an activity on a display
 136:Middlewares/lvgl/examples/widgets/line/../../../src/core/lv_disp.h ****  * @param disp pointer to an display (NULL to use the default display)
 137:Middlewares/lvgl/examples/widgets/line/../../../src/core/lv_disp.h ****  */
 138:Middlewares/lvgl/examples/widgets/line/../../../src/core/lv_disp.h **** void lv_disp_trig_activity(lv_disp_t * disp);
 139:Middlewares/lvgl/examples/widgets/line/../../../src/core/lv_disp.h **** 
 140:Middlewares/lvgl/examples/widgets/line/../../../src/core/lv_disp.h **** /**
 141:Middlewares/lvgl/examples/widgets/line/../../../src/core/lv_disp.h ****  * Clean any CPU cache that is related to the display.
 142:Middlewares/lvgl/examples/widgets/line/../../../src/core/lv_disp.h ****  * @param disp pointer to an display (NULL to use the default display)
 143:Middlewares/lvgl/examples/widgets/line/../../../src/core/lv_disp.h ****  */
ARM GAS  /tmp/cc2cRppB.s 			page 5


 144:Middlewares/lvgl/examples/widgets/line/../../../src/core/lv_disp.h **** void lv_disp_clean_dcache(lv_disp_t * disp);
 145:Middlewares/lvgl/examples/widgets/line/../../../src/core/lv_disp.h **** 
 146:Middlewares/lvgl/examples/widgets/line/../../../src/core/lv_disp.h **** /**
 147:Middlewares/lvgl/examples/widgets/line/../../../src/core/lv_disp.h ****  * Get a pointer to the screen refresher timer to
 148:Middlewares/lvgl/examples/widgets/line/../../../src/core/lv_disp.h ****  * modify its parameters with `lv_timer_...` functions.
 149:Middlewares/lvgl/examples/widgets/line/../../../src/core/lv_disp.h ****  * @param disp pointer to a display
 150:Middlewares/lvgl/examples/widgets/line/../../../src/core/lv_disp.h ****  * @return pointer to the display refresher timer. (NULL on error)
 151:Middlewares/lvgl/examples/widgets/line/../../../src/core/lv_disp.h ****  */
 152:Middlewares/lvgl/examples/widgets/line/../../../src/core/lv_disp.h **** lv_timer_t * _lv_disp_get_refr_timer(lv_disp_t * disp);
 153:Middlewares/lvgl/examples/widgets/line/../../../src/core/lv_disp.h **** 
 154:Middlewares/lvgl/examples/widgets/line/../../../src/core/lv_disp.h **** /*------------------------------------------------
 155:Middlewares/lvgl/examples/widgets/line/../../../src/core/lv_disp.h ****  * To improve backward compatibility
 156:Middlewares/lvgl/examples/widgets/line/../../../src/core/lv_disp.h ****  * Recommended only if you have one display
 157:Middlewares/lvgl/examples/widgets/line/../../../src/core/lv_disp.h ****  *------------------------------------------------*/
 158:Middlewares/lvgl/examples/widgets/line/../../../src/core/lv_disp.h **** 
 159:Middlewares/lvgl/examples/widgets/line/../../../src/core/lv_disp.h **** /**
 160:Middlewares/lvgl/examples/widgets/line/../../../src/core/lv_disp.h ****  * Get the active screen of the default display
 161:Middlewares/lvgl/examples/widgets/line/../../../src/core/lv_disp.h ****  * @return pointer to the active screen
 162:Middlewares/lvgl/examples/widgets/line/../../../src/core/lv_disp.h ****  */
 163:Middlewares/lvgl/examples/widgets/line/../../../src/core/lv_disp.h **** static inline lv_obj_t * lv_scr_act(void)
  69              		.loc 2 163 26 view .LVU9
  70              	.LBB9:
 164:Middlewares/lvgl/examples/widgets/line/../../../src/core/lv_disp.h **** {
 165:Middlewares/lvgl/examples/widgets/line/../../../src/core/lv_disp.h ****     return lv_disp_get_scr_act(lv_disp_get_default());
  71              		.loc 2 165 5 view .LVU10
  72              		.loc 2 165 12 is_stmt 0 view .LVU11
  73 0028 FFF7FEFF 		bl	lv_disp_get_default
  74              	.LVL5:
  75 002c FFF7FEFF 		bl	lv_disp_get_scr_act
  76              	.LVL6:
  77              	.LBE9:
  78              	.LBE8:
  79              		.loc 1 18 13 view .LVU12
  80 0030 FFF7FEFF 		bl	lv_line_create
  81              	.LVL7:
  82 0034 0546     		mov	r5, r0
  83              	.LVL8:
  19:Middlewares/lvgl/examples/widgets/line/lv_example_line_1.c ****     lv_line_set_points(line1, line_points, 5);     /*Set the points*/
  84              		.loc 1 19 5 is_stmt 1 view .LVU13
  85 0036 0522     		movs	r2, #5
  86 0038 0849     		ldr	r1, .L3+4
  87 003a FFF7FEFF 		bl	lv_line_set_points
  88              	.LVL9:
  20:Middlewares/lvgl/examples/widgets/line/lv_example_line_1.c ****     lv_obj_add_style(line1, &style_line, 0);
  89              		.loc 1 20 5 view .LVU14
  90 003e 0022     		movs	r2, #0
  91 0040 2146     		mov	r1, r4
  92 0042 2846     		mov	r0, r5
  93 0044 FFF7FEFF 		bl	lv_obj_add_style
  94              	.LVL10:
  21:Middlewares/lvgl/examples/widgets/line/lv_example_line_1.c ****     lv_obj_center(line1);
  95              		.loc 1 21 5 view .LVU15
  96              	.LBB10:
  97              	.LBI10:
  98              		.file 3 "Middlewares/lvgl/examples/widgets/line/../../../src/core/lv_obj_pos.h"
   1:Middlewares/lvgl/examples/widgets/line/../../../src/core/lv_obj_pos.h **** /**
   2:Middlewares/lvgl/examples/widgets/line/../../../src/core/lv_obj_pos.h ****  * @file lv_obj_pos.h
ARM GAS  /tmp/cc2cRppB.s 			page 6


   3:Middlewares/lvgl/examples/widgets/line/../../../src/core/lv_obj_pos.h ****  *
   4:Middlewares/lvgl/examples/widgets/line/../../../src/core/lv_obj_pos.h ****  */
   5:Middlewares/lvgl/examples/widgets/line/../../../src/core/lv_obj_pos.h **** 
   6:Middlewares/lvgl/examples/widgets/line/../../../src/core/lv_obj_pos.h **** #ifndef LV_OBJ_POS_H
   7:Middlewares/lvgl/examples/widgets/line/../../../src/core/lv_obj_pos.h **** #define LV_OBJ_POS_H
   8:Middlewares/lvgl/examples/widgets/line/../../../src/core/lv_obj_pos.h **** 
   9:Middlewares/lvgl/examples/widgets/line/../../../src/core/lv_obj_pos.h **** #ifdef __cplusplus
  10:Middlewares/lvgl/examples/widgets/line/../../../src/core/lv_obj_pos.h **** extern "C" {
  11:Middlewares/lvgl/examples/widgets/line/../../../src/core/lv_obj_pos.h **** #endif
  12:Middlewares/lvgl/examples/widgets/line/../../../src/core/lv_obj_pos.h **** 
  13:Middlewares/lvgl/examples/widgets/line/../../../src/core/lv_obj_pos.h **** /*********************
  14:Middlewares/lvgl/examples/widgets/line/../../../src/core/lv_obj_pos.h ****  *      INCLUDES
  15:Middlewares/lvgl/examples/widgets/line/../../../src/core/lv_obj_pos.h ****  *********************/
  16:Middlewares/lvgl/examples/widgets/line/../../../src/core/lv_obj_pos.h **** #include "../misc/lv_area.h"
  17:Middlewares/lvgl/examples/widgets/line/../../../src/core/lv_obj_pos.h **** 
  18:Middlewares/lvgl/examples/widgets/line/../../../src/core/lv_obj_pos.h **** /*********************
  19:Middlewares/lvgl/examples/widgets/line/../../../src/core/lv_obj_pos.h ****  *      DEFINES
  20:Middlewares/lvgl/examples/widgets/line/../../../src/core/lv_obj_pos.h ****  *********************/
  21:Middlewares/lvgl/examples/widgets/line/../../../src/core/lv_obj_pos.h **** 
  22:Middlewares/lvgl/examples/widgets/line/../../../src/core/lv_obj_pos.h **** /**********************
  23:Middlewares/lvgl/examples/widgets/line/../../../src/core/lv_obj_pos.h ****  *      TYPEDEFS
  24:Middlewares/lvgl/examples/widgets/line/../../../src/core/lv_obj_pos.h ****  **********************/
  25:Middlewares/lvgl/examples/widgets/line/../../../src/core/lv_obj_pos.h **** struct _lv_obj_t;
  26:Middlewares/lvgl/examples/widgets/line/../../../src/core/lv_obj_pos.h **** 
  27:Middlewares/lvgl/examples/widgets/line/../../../src/core/lv_obj_pos.h **** typedef void (*lv_layout_update_cb_t)(struct _lv_obj_t *, void * user_data);
  28:Middlewares/lvgl/examples/widgets/line/../../../src/core/lv_obj_pos.h **** typedef struct {
  29:Middlewares/lvgl/examples/widgets/line/../../../src/core/lv_obj_pos.h ****     lv_layout_update_cb_t cb;
  30:Middlewares/lvgl/examples/widgets/line/../../../src/core/lv_obj_pos.h ****     void * user_data;
  31:Middlewares/lvgl/examples/widgets/line/../../../src/core/lv_obj_pos.h **** }lv_layout_dsc_t;
  32:Middlewares/lvgl/examples/widgets/line/../../../src/core/lv_obj_pos.h **** 
  33:Middlewares/lvgl/examples/widgets/line/../../../src/core/lv_obj_pos.h **** /**********************
  34:Middlewares/lvgl/examples/widgets/line/../../../src/core/lv_obj_pos.h ****  * GLOBAL PROTOTYPES
  35:Middlewares/lvgl/examples/widgets/line/../../../src/core/lv_obj_pos.h ****  **********************/
  36:Middlewares/lvgl/examples/widgets/line/../../../src/core/lv_obj_pos.h **** 
  37:Middlewares/lvgl/examples/widgets/line/../../../src/core/lv_obj_pos.h **** /**
  38:Middlewares/lvgl/examples/widgets/line/../../../src/core/lv_obj_pos.h ****  * Set the relative the position of an object (relative to the parent's top left corner)
  39:Middlewares/lvgl/examples/widgets/line/../../../src/core/lv_obj_pos.h ****  * @param obj       pointer to an object
  40:Middlewares/lvgl/examples/widgets/line/../../../src/core/lv_obj_pos.h ****  * @param x         new distance from the left side of the parent plus the parent's left padding
  41:Middlewares/lvgl/examples/widgets/line/../../../src/core/lv_obj_pos.h ****  * @param y         new distance from the top side of the parent  plus the parent's right padding
  42:Middlewares/lvgl/examples/widgets/line/../../../src/core/lv_obj_pos.h ****  */
  43:Middlewares/lvgl/examples/widgets/line/../../../src/core/lv_obj_pos.h **** void lv_obj_set_pos(struct _lv_obj_t * obj, lv_coord_t x, lv_coord_t y);
  44:Middlewares/lvgl/examples/widgets/line/../../../src/core/lv_obj_pos.h **** 
  45:Middlewares/lvgl/examples/widgets/line/../../../src/core/lv_obj_pos.h **** /**
  46:Middlewares/lvgl/examples/widgets/line/../../../src/core/lv_obj_pos.h ****  * Set the x coordinate of a object
  47:Middlewares/lvgl/examples/widgets/line/../../../src/core/lv_obj_pos.h ****  * @param obj       pointer to an object
  48:Middlewares/lvgl/examples/widgets/line/../../../src/core/lv_obj_pos.h ****  * @param x         new distance from the left side from the parent plus the parent's left padding
  49:Middlewares/lvgl/examples/widgets/line/../../../src/core/lv_obj_pos.h ****  */
  50:Middlewares/lvgl/examples/widgets/line/../../../src/core/lv_obj_pos.h **** void lv_obj_set_x(struct _lv_obj_t * obj, lv_coord_t x);
  51:Middlewares/lvgl/examples/widgets/line/../../../src/core/lv_obj_pos.h **** 
  52:Middlewares/lvgl/examples/widgets/line/../../../src/core/lv_obj_pos.h **** /**
  53:Middlewares/lvgl/examples/widgets/line/../../../src/core/lv_obj_pos.h ****  * Set the y coordinate of a object
  54:Middlewares/lvgl/examples/widgets/line/../../../src/core/lv_obj_pos.h ****  * @param obj       pointer to an object
  55:Middlewares/lvgl/examples/widgets/line/../../../src/core/lv_obj_pos.h ****  * @param y         new distance from the top of the parent  plus the parent's top padding
  56:Middlewares/lvgl/examples/widgets/line/../../../src/core/lv_obj_pos.h ****  */
  57:Middlewares/lvgl/examples/widgets/line/../../../src/core/lv_obj_pos.h **** void lv_obj_set_y(struct _lv_obj_t * obj, lv_coord_t y);
  58:Middlewares/lvgl/examples/widgets/line/../../../src/core/lv_obj_pos.h **** 
  59:Middlewares/lvgl/examples/widgets/line/../../../src/core/lv_obj_pos.h **** /**
ARM GAS  /tmp/cc2cRppB.s 			page 7


  60:Middlewares/lvgl/examples/widgets/line/../../../src/core/lv_obj_pos.h ****  * Set the size of an object.
  61:Middlewares/lvgl/examples/widgets/line/../../../src/core/lv_obj_pos.h ****  * @param obj       pointer to an object
  62:Middlewares/lvgl/examples/widgets/line/../../../src/core/lv_obj_pos.h ****  * @param w         the new width
  63:Middlewares/lvgl/examples/widgets/line/../../../src/core/lv_obj_pos.h ****  * @param h         the new height
  64:Middlewares/lvgl/examples/widgets/line/../../../src/core/lv_obj_pos.h ****  * @note            possible values are:
  65:Middlewares/lvgl/examples/widgets/line/../../../src/core/lv_obj_pos.h ****  *                  pixel               simple set the size accordingly
  66:Middlewares/lvgl/examples/widgets/line/../../../src/core/lv_obj_pos.h ****  *                  LV_SIZE_CONTENT     set the size to involve all children in the given direction
  67:Middlewares/lvgl/examples/widgets/line/../../../src/core/lv_obj_pos.h ****  *                  LV_SIZE_PCT(x)     to set size in percentage of the parent's content area size 
  68:Middlewares/lvgl/examples/widgets/line/../../../src/core/lv_obj_pos.h ****  *                                      x should be in [0..1000]% range
  69:Middlewares/lvgl/examples/widgets/line/../../../src/core/lv_obj_pos.h ****  */
  70:Middlewares/lvgl/examples/widgets/line/../../../src/core/lv_obj_pos.h **** void lv_obj_set_size(struct _lv_obj_t * obj, lv_coord_t w, lv_coord_t h);
  71:Middlewares/lvgl/examples/widgets/line/../../../src/core/lv_obj_pos.h **** 
  72:Middlewares/lvgl/examples/widgets/line/../../../src/core/lv_obj_pos.h **** /**
  73:Middlewares/lvgl/examples/widgets/line/../../../src/core/lv_obj_pos.h ****  * Recalculate the size of the object
  74:Middlewares/lvgl/examples/widgets/line/../../../src/core/lv_obj_pos.h ****  * @param obj       pointer to an object
  75:Middlewares/lvgl/examples/widgets/line/../../../src/core/lv_obj_pos.h ****  * @return          true: the size has been changed
  76:Middlewares/lvgl/examples/widgets/line/../../../src/core/lv_obj_pos.h ****  */
  77:Middlewares/lvgl/examples/widgets/line/../../../src/core/lv_obj_pos.h **** bool lv_obj_refr_size(struct _lv_obj_t * obj);
  78:Middlewares/lvgl/examples/widgets/line/../../../src/core/lv_obj_pos.h **** 
  79:Middlewares/lvgl/examples/widgets/line/../../../src/core/lv_obj_pos.h **** /**
  80:Middlewares/lvgl/examples/widgets/line/../../../src/core/lv_obj_pos.h ****  * Set the width of an object
  81:Middlewares/lvgl/examples/widgets/line/../../../src/core/lv_obj_pos.h ****  * @param obj       pointer to an object
  82:Middlewares/lvgl/examples/widgets/line/../../../src/core/lv_obj_pos.h ****  * @param w         the new width
  83:Middlewares/lvgl/examples/widgets/line/../../../src/core/lv_obj_pos.h ****  * @note            possible values are:
  84:Middlewares/lvgl/examples/widgets/line/../../../src/core/lv_obj_pos.h ****  *                  pixel               simple set the size accordingly
  85:Middlewares/lvgl/examples/widgets/line/../../../src/core/lv_obj_pos.h ****  *                  LV_SIZE_CONTENT     set the size to involve all children in the given direction
  86:Middlewares/lvgl/examples/widgets/line/../../../src/core/lv_obj_pos.h ****  *                  lv_pct(x)           to set size in percentage of the parent's content area size
  87:Middlewares/lvgl/examples/widgets/line/../../../src/core/lv_obj_pos.h ****  *                                      x should be in [0..1000]% range
  88:Middlewares/lvgl/examples/widgets/line/../../../src/core/lv_obj_pos.h ****  */
  89:Middlewares/lvgl/examples/widgets/line/../../../src/core/lv_obj_pos.h **** void lv_obj_set_width(struct _lv_obj_t * obj, lv_coord_t w);
  90:Middlewares/lvgl/examples/widgets/line/../../../src/core/lv_obj_pos.h **** 
  91:Middlewares/lvgl/examples/widgets/line/../../../src/core/lv_obj_pos.h **** /**
  92:Middlewares/lvgl/examples/widgets/line/../../../src/core/lv_obj_pos.h ****  * Set the height of an object
  93:Middlewares/lvgl/examples/widgets/line/../../../src/core/lv_obj_pos.h ****  * @param obj       pointer to an object
  94:Middlewares/lvgl/examples/widgets/line/../../../src/core/lv_obj_pos.h ****  * @param h         the new height
  95:Middlewares/lvgl/examples/widgets/line/../../../src/core/lv_obj_pos.h ****  * @note            possible values are:
  96:Middlewares/lvgl/examples/widgets/line/../../../src/core/lv_obj_pos.h ****  *                  pixel               simple set the size accordingly
  97:Middlewares/lvgl/examples/widgets/line/../../../src/core/lv_obj_pos.h ****  *                  LV_SIZE_CONTENT     set the size to involve all children in the given direction
  98:Middlewares/lvgl/examples/widgets/line/../../../src/core/lv_obj_pos.h ****  *                  lv_pct(x)           to set size in percentage of the parent's content area size
  99:Middlewares/lvgl/examples/widgets/line/../../../src/core/lv_obj_pos.h ****  *                                      x should be in [0..1000]% range
 100:Middlewares/lvgl/examples/widgets/line/../../../src/core/lv_obj_pos.h ****  */
 101:Middlewares/lvgl/examples/widgets/line/../../../src/core/lv_obj_pos.h **** void lv_obj_set_height(struct _lv_obj_t * obj, lv_coord_t h);
 102:Middlewares/lvgl/examples/widgets/line/../../../src/core/lv_obj_pos.h **** 
 103:Middlewares/lvgl/examples/widgets/line/../../../src/core/lv_obj_pos.h **** /**
 104:Middlewares/lvgl/examples/widgets/line/../../../src/core/lv_obj_pos.h ****  * Set the width reduced by the left and right padding and the border width.
 105:Middlewares/lvgl/examples/widgets/line/../../../src/core/lv_obj_pos.h ****  * @param obj       pointer to an object
 106:Middlewares/lvgl/examples/widgets/line/../../../src/core/lv_obj_pos.h ****  * @param w         the width without paddings in pixels
 107:Middlewares/lvgl/examples/widgets/line/../../../src/core/lv_obj_pos.h ****  */
 108:Middlewares/lvgl/examples/widgets/line/../../../src/core/lv_obj_pos.h **** void lv_obj_set_content_width(struct _lv_obj_t * obj, lv_coord_t w);
 109:Middlewares/lvgl/examples/widgets/line/../../../src/core/lv_obj_pos.h **** 
 110:Middlewares/lvgl/examples/widgets/line/../../../src/core/lv_obj_pos.h **** /**
 111:Middlewares/lvgl/examples/widgets/line/../../../src/core/lv_obj_pos.h ****  * Set the height reduced by the top and bottom padding and the border width.
 112:Middlewares/lvgl/examples/widgets/line/../../../src/core/lv_obj_pos.h ****  * @param obj       pointer to an object
 113:Middlewares/lvgl/examples/widgets/line/../../../src/core/lv_obj_pos.h ****  * @param h         the height without paddings in pixels
 114:Middlewares/lvgl/examples/widgets/line/../../../src/core/lv_obj_pos.h ****  */
 115:Middlewares/lvgl/examples/widgets/line/../../../src/core/lv_obj_pos.h **** void lv_obj_set_content_height(struct _lv_obj_t * obj, lv_coord_t h);
 116:Middlewares/lvgl/examples/widgets/line/../../../src/core/lv_obj_pos.h **** 
ARM GAS  /tmp/cc2cRppB.s 			page 8


 117:Middlewares/lvgl/examples/widgets/line/../../../src/core/lv_obj_pos.h **** /**
 118:Middlewares/lvgl/examples/widgets/line/../../../src/core/lv_obj_pos.h ****  * Set a layout for an object
 119:Middlewares/lvgl/examples/widgets/line/../../../src/core/lv_obj_pos.h ****  * @param obj       pointer to an object
 120:Middlewares/lvgl/examples/widgets/line/../../../src/core/lv_obj_pos.h ****  * @param layout    pointer to a layout descriptor to set
 121:Middlewares/lvgl/examples/widgets/line/../../../src/core/lv_obj_pos.h ****  */
 122:Middlewares/lvgl/examples/widgets/line/../../../src/core/lv_obj_pos.h **** void lv_obj_set_layout(struct _lv_obj_t * obj, uint32_t layout);
 123:Middlewares/lvgl/examples/widgets/line/../../../src/core/lv_obj_pos.h **** 
 124:Middlewares/lvgl/examples/widgets/line/../../../src/core/lv_obj_pos.h **** /**
 125:Middlewares/lvgl/examples/widgets/line/../../../src/core/lv_obj_pos.h ****  * Test whether the and object is positioned by a layout or not
 126:Middlewares/lvgl/examples/widgets/line/../../../src/core/lv_obj_pos.h ****  * @param obj       pointer to an object to test
 127:Middlewares/lvgl/examples/widgets/line/../../../src/core/lv_obj_pos.h ****  * @return true:    positioned by a layout; false: not positioned by a layout
 128:Middlewares/lvgl/examples/widgets/line/../../../src/core/lv_obj_pos.h ****  */
 129:Middlewares/lvgl/examples/widgets/line/../../../src/core/lv_obj_pos.h **** bool lv_obj_is_layout_positioned(const struct _lv_obj_t * obj);
 130:Middlewares/lvgl/examples/widgets/line/../../../src/core/lv_obj_pos.h **** 
 131:Middlewares/lvgl/examples/widgets/line/../../../src/core/lv_obj_pos.h **** /**
 132:Middlewares/lvgl/examples/widgets/line/../../../src/core/lv_obj_pos.h ****  * Mark the object for layout update.
 133:Middlewares/lvgl/examples/widgets/line/../../../src/core/lv_obj_pos.h ****  * @param obj      pointer to an object whose children needs to be updated
 134:Middlewares/lvgl/examples/widgets/line/../../../src/core/lv_obj_pos.h ****  */
 135:Middlewares/lvgl/examples/widgets/line/../../../src/core/lv_obj_pos.h **** void lv_obj_mark_layout_as_dirty(struct _lv_obj_t * obj);
 136:Middlewares/lvgl/examples/widgets/line/../../../src/core/lv_obj_pos.h **** 
 137:Middlewares/lvgl/examples/widgets/line/../../../src/core/lv_obj_pos.h **** /**
 138:Middlewares/lvgl/examples/widgets/line/../../../src/core/lv_obj_pos.h ****  * Update the layout of an object.
 139:Middlewares/lvgl/examples/widgets/line/../../../src/core/lv_obj_pos.h ****  * @param obj      pointer to an object whose children needs to be updated
 140:Middlewares/lvgl/examples/widgets/line/../../../src/core/lv_obj_pos.h ****  */
 141:Middlewares/lvgl/examples/widgets/line/../../../src/core/lv_obj_pos.h **** void lv_obj_update_layout(const struct _lv_obj_t * obj);
 142:Middlewares/lvgl/examples/widgets/line/../../../src/core/lv_obj_pos.h **** 
 143:Middlewares/lvgl/examples/widgets/line/../../../src/core/lv_obj_pos.h **** /**
 144:Middlewares/lvgl/examples/widgets/line/../../../src/core/lv_obj_pos.h ****  * Regsiter a new layout
 145:Middlewares/lvgl/examples/widgets/line/../../../src/core/lv_obj_pos.h ****  * @param cb        the layout update callback
 146:Middlewares/lvgl/examples/widgets/line/../../../src/core/lv_obj_pos.h ****  * @param user_data custom data that will be passed to `cb`
 147:Middlewares/lvgl/examples/widgets/line/../../../src/core/lv_obj_pos.h ****  * @return          the ID of the new layout
 148:Middlewares/lvgl/examples/widgets/line/../../../src/core/lv_obj_pos.h ****  */
 149:Middlewares/lvgl/examples/widgets/line/../../../src/core/lv_obj_pos.h **** uint32_t lv_layout_register(lv_layout_update_cb_t cb, void * user_data);
 150:Middlewares/lvgl/examples/widgets/line/../../../src/core/lv_obj_pos.h **** 
 151:Middlewares/lvgl/examples/widgets/line/../../../src/core/lv_obj_pos.h **** /**
 152:Middlewares/lvgl/examples/widgets/line/../../../src/core/lv_obj_pos.h ****  * Change the alignment of an object.
 153:Middlewares/lvgl/examples/widgets/line/../../../src/core/lv_obj_pos.h ****  * @param obj       pointer to an object to align
 154:Middlewares/lvgl/examples/widgets/line/../../../src/core/lv_obj_pos.h ****  * @param align     type of alignment (see 'lv_align_t' enum) `LV_ALIGN_OUT_...` can't be used.
 155:Middlewares/lvgl/examples/widgets/line/../../../src/core/lv_obj_pos.h ****  */
 156:Middlewares/lvgl/examples/widgets/line/../../../src/core/lv_obj_pos.h **** void lv_obj_set_align(struct _lv_obj_t * obj, lv_align_t align);
 157:Middlewares/lvgl/examples/widgets/line/../../../src/core/lv_obj_pos.h **** 
 158:Middlewares/lvgl/examples/widgets/line/../../../src/core/lv_obj_pos.h **** /**
 159:Middlewares/lvgl/examples/widgets/line/../../../src/core/lv_obj_pos.h ****  * Change the alignment of an object and set new coordinates.
 160:Middlewares/lvgl/examples/widgets/line/../../../src/core/lv_obj_pos.h ****  * Equivalent to:
 161:Middlewares/lvgl/examples/widgets/line/../../../src/core/lv_obj_pos.h ****  * lv_obj_set_align(obj, align);
 162:Middlewares/lvgl/examples/widgets/line/../../../src/core/lv_obj_pos.h ****  * lv_obj_set_pos(obj, x_ofs, y_ofs);
 163:Middlewares/lvgl/examples/widgets/line/../../../src/core/lv_obj_pos.h ****  * @param obj       pointer to an object to align
 164:Middlewares/lvgl/examples/widgets/line/../../../src/core/lv_obj_pos.h ****  * @param align     type of alignment (see 'lv_align_t' enum) `LV_ALIGN_OUT_...` can't be used.
 165:Middlewares/lvgl/examples/widgets/line/../../../src/core/lv_obj_pos.h ****  * @param x_ofs     x coordinate offset after alignment
 166:Middlewares/lvgl/examples/widgets/line/../../../src/core/lv_obj_pos.h ****  * @param y_ofs     y coordinate offset after alignment
 167:Middlewares/lvgl/examples/widgets/line/../../../src/core/lv_obj_pos.h ****  */
 168:Middlewares/lvgl/examples/widgets/line/../../../src/core/lv_obj_pos.h **** void lv_obj_align(struct _lv_obj_t * obj, lv_align_t align, lv_coord_t x_ofs, lv_coord_t y_ofs);
 169:Middlewares/lvgl/examples/widgets/line/../../../src/core/lv_obj_pos.h **** 
 170:Middlewares/lvgl/examples/widgets/line/../../../src/core/lv_obj_pos.h **** /**
 171:Middlewares/lvgl/examples/widgets/line/../../../src/core/lv_obj_pos.h ****  * Align an object to an other object.
 172:Middlewares/lvgl/examples/widgets/line/../../../src/core/lv_obj_pos.h ****  * @param obj       pointer to an object to align
 173:Middlewares/lvgl/examples/widgets/line/../../../src/core/lv_obj_pos.h ****  * @param base      pointer to an other object (if NULL `obj`s parent is used). 'obj' will be align
ARM GAS  /tmp/cc2cRppB.s 			page 9


 174:Middlewares/lvgl/examples/widgets/line/../../../src/core/lv_obj_pos.h ****  * @param align     type of alignment (see 'lv_align_t' enum)
 175:Middlewares/lvgl/examples/widgets/line/../../../src/core/lv_obj_pos.h ****  * @param x_ofs     x coordinate offset after alignment
 176:Middlewares/lvgl/examples/widgets/line/../../../src/core/lv_obj_pos.h ****  * @param y_ofs     y coordinate offset after alignment
 177:Middlewares/lvgl/examples/widgets/line/../../../src/core/lv_obj_pos.h ****  * @note            if the position or size of `base` changes `obj` needs to be aligned manually ag
 178:Middlewares/lvgl/examples/widgets/line/../../../src/core/lv_obj_pos.h ****  */
 179:Middlewares/lvgl/examples/widgets/line/../../../src/core/lv_obj_pos.h **** void lv_obj_align_to(struct _lv_obj_t * obj, const struct _lv_obj_t * base, lv_align_t align, lv_co
 180:Middlewares/lvgl/examples/widgets/line/../../../src/core/lv_obj_pos.h **** 
 181:Middlewares/lvgl/examples/widgets/line/../../../src/core/lv_obj_pos.h **** /**
 182:Middlewares/lvgl/examples/widgets/line/../../../src/core/lv_obj_pos.h ****  * Align an object to the center on its parent.
 183:Middlewares/lvgl/examples/widgets/line/../../../src/core/lv_obj_pos.h ****  * @param obj       pointer to an object to align
 184:Middlewares/lvgl/examples/widgets/line/../../../src/core/lv_obj_pos.h ****  * @note            if the parent size changes `obj` needs to be aligned manually again
 185:Middlewares/lvgl/examples/widgets/line/../../../src/core/lv_obj_pos.h ****  */
 186:Middlewares/lvgl/examples/widgets/line/../../../src/core/lv_obj_pos.h **** static inline void lv_obj_center(struct _lv_obj_t * obj)
  99              		.loc 3 186 20 view .LVU16
 100              	.LBB11:
 187:Middlewares/lvgl/examples/widgets/line/../../../src/core/lv_obj_pos.h **** {
 188:Middlewares/lvgl/examples/widgets/line/../../../src/core/lv_obj_pos.h ****     lv_obj_align(obj, LV_ALIGN_CENTER, 0, 0);
 101              		.loc 3 188 5 view .LVU17
 102 0048 0023     		movs	r3, #0
 103 004a 1A46     		mov	r2, r3
 104 004c 0921     		movs	r1, #9
 105 004e 2846     		mov	r0, r5
 106 0050 FFF7FEFF 		bl	lv_obj_align
 107              	.LVL11:
 108              		.loc 3 188 5 is_stmt 0 view .LVU18
 109              	.LBE11:
 110              	.LBE10:
  22:Middlewares/lvgl/examples/widgets/line/lv_example_line_1.c **** }
 111              		.loc 1 22 1 view .LVU19
 112 0054 38BD     		pop	{r3, r4, r5, pc}
 113              	.LVL12:
 114              	.L4:
 115              		.loc 1 22 1 view .LVU20
 116 0056 00BF     		.align	2
 117              	.L3:
 118 0058 00000000 		.word	.LANCHOR0
 119 005c 00000000 		.word	.LANCHOR1
 120              		.cfi_endproc
 121              	.LFE184:
 123              		.section	.bss.style_line.1,"aw",%nobits
 124              		.align	2
 125              		.set	.LANCHOR0,. + 0
 128              	style_line.1:
 129 0000 00000000 		.space	8
 129      00000000 
 130              		.section	.data.line_points.0,"aw"
 131              		.align	2
 132              		.set	.LANCHOR1,. + 0
 135              	line_points.0:
 136 0000 0500     		.short	5
 137 0002 0500     		.short	5
 138 0004 4600     		.short	70
 139 0006 4600     		.short	70
 140 0008 7800     		.short	120
 141 000a 0A00     		.short	10
 142 000c B400     		.short	180
 143 000e 3C00     		.short	60
ARM GAS  /tmp/cc2cRppB.s 			page 10


 144 0010 F000     		.short	240
 145 0012 0A00     		.short	10
 146              		.text
 147              	.Letext0:
 148              		.file 4 "/home/akinya/gcc-arm-none-eabi/arm-none-eabi/include/machine/_default_types.h"
 149              		.file 5 "/home/akinya/gcc-arm-none-eabi/arm-none-eabi/include/sys/_stdint.h"
 150              		.file 6 "Middlewares/lvgl/examples/widgets/line/../../../src/misc/lv_ll.h"
 151              		.file 7 "Middlewares/lvgl/examples/widgets/line/../../../src/hal/../misc/lv_color.h"
 152              		.file 8 "Middlewares/lvgl/examples/widgets/line/../../../src/hal/../misc/lv_area.h"
 153              		.file 9 "Middlewares/lvgl/examples/widgets/line/../../../src/core/lv_obj.h"
 154              		.file 10 "Middlewares/lvgl/examples/widgets/line/../../../src/core/lv_group.h"
 155              		.file 11 "Middlewares/lvgl/examples/widgets/line/../../../src/core/../misc/lv_style.h"
 156              		.file 12 "Middlewares/lvgl/examples/widgets/line/../../../src/core/lv_obj_scroll.h"
 157              		.file 13 "Middlewares/lvgl/examples/widgets/line/../../../src/core/lv_obj_style.h"
 158              		.file 14 "Middlewares/lvgl/examples/widgets/line/../../../src/core/lv_obj_class.h"
 159              		.file 15 "Middlewares/lvgl/examples/widgets/line/../../../src/core/lv_event.h"
 160              		.file 16 "Middlewares/lvgl/examples/widgets/line/../../../src/hal/lv_hal_disp.h"
 161              		.file 17 "Middlewares/lvgl/examples/widgets/line/../../../src/core/../misc/lv_style_gen.h"
 162              		.file 18 "Middlewares/lvgl/examples/widgets/line/../../../src/widgets/lv_line.h"
ARM GAS  /tmp/cc2cRppB.s 			page 11


DEFINED SYMBOLS
                            *ABS*:0000000000000000 lv_example_line_1.c
     /tmp/cc2cRppB.s:19     .text.lv_example_line_1:0000000000000000 $t
     /tmp/cc2cRppB.s:25     .text.lv_example_line_1:0000000000000000 lv_example_line_1
     /tmp/cc2cRppB.s:118    .text.lv_example_line_1:0000000000000058 $d
     /tmp/cc2cRppB.s:124    .bss.style_line.1:0000000000000000 $d
     /tmp/cc2cRppB.s:128    .bss.style_line.1:0000000000000000 style_line.1
     /tmp/cc2cRppB.s:131    .data.line_points.0:0000000000000000 $d
     /tmp/cc2cRppB.s:135    .data.line_points.0:0000000000000000 line_points.0

UNDEFINED SYMBOLS
lv_style_init
lv_style_set_line_width
lv_palette_main
lv_style_set_line_color
lv_style_set_line_rounded
lv_disp_get_default
lv_disp_get_scr_act
lv_line_create
lv_line_set_points
lv_obj_add_style
lv_obj_align
