ARM GAS  /tmp/ccmAE06C.s 			page 1


   1              		.cpu cortex-m7
   2              		.eabi_attribute 28, 1
   3              		.eabi_attribute 20, 1
   4              		.eabi_attribute 21, 1
   5              		.eabi_attribute 23, 3
   6              		.eabi_attribute 24, 1
   7              		.eabi_attribute 25, 1
   8              		.eabi_attribute 26, 1
   9              		.eabi_attribute 30, 1
  10              		.eabi_attribute 34, 1
  11              		.eabi_attribute 18, 4
  12              		.file	"lv_example_img_1.c"
  13              		.text
  14              	.Ltext0:
  15              		.cfi_sections	.debug_frame
  16              		.section	.rodata.lv_example_img_1.str1.4,"aMS",%progbits,1
  17              		.align	2
  18              	.LC0:
  19 0000 EF808C41 		.ascii	"\357\200\214Accept\000"
  19      63636570 
  19      7400
  20              		.section	.text.lv_example_img_1,"ax",%progbits
  21              		.align	1
  22              		.global	lv_example_img_1
  23              		.arch armv7e-m
  24              		.syntax unified
  25              		.thumb
  26              		.thumb_func
  27              		.fpu fpv5-d16
  29              	lv_example_img_1:
  30              	.LFB184:
  31              		.file 1 "Middlewares/lvgl/examples/widgets/img/lv_example_img_1.c"
   1:Middlewares/lvgl/examples/widgets/img/lv_example_img_1.c **** #include "../../lv_examples.h"
   2:Middlewares/lvgl/examples/widgets/img/lv_example_img_1.c **** #if LV_USE_IMG && LV_BUILD_EXAMPLES
   3:Middlewares/lvgl/examples/widgets/img/lv_example_img_1.c **** 
   4:Middlewares/lvgl/examples/widgets/img/lv_example_img_1.c **** 
   5:Middlewares/lvgl/examples/widgets/img/lv_example_img_1.c **** void lv_example_img_1(void)
   6:Middlewares/lvgl/examples/widgets/img/lv_example_img_1.c **** {
  32              		.loc 1 6 1 view -0
  33              		.cfi_startproc
  34              		@ args = 0, pretend = 0, frame = 0
  35              		@ frame_needed = 0, uses_anonymous_args = 0
  36 0000 30B5     		push	{r4, r5, lr}
  37              	.LCFI0:
  38              		.cfi_def_cfa_offset 12
  39              		.cfi_offset 4, -12
  40              		.cfi_offset 5, -8
  41              		.cfi_offset 14, -4
  42 0002 83B0     		sub	sp, sp, #12
  43              	.LCFI1:
  44              		.cfi_def_cfa_offset 24
   7:Middlewares/lvgl/examples/widgets/img/lv_example_img_1.c ****     LV_IMG_DECLARE(img_cogwheel_argb);
  45              		.loc 1 7 5 view .LVU1
  46              		.loc 1 7 38 view .LVU2
   8:Middlewares/lvgl/examples/widgets/img/lv_example_img_1.c ****     lv_obj_t * img1 = lv_img_create(lv_scr_act());
  47              		.loc 1 8 5 view .LVU3
  48              	.LBB6:
ARM GAS  /tmp/ccmAE06C.s 			page 2


  49              	.LBI6:
  50              		.file 2 "Middlewares/lvgl/examples/widgets/img/../../../src/core/lv_disp.h"
   1:Middlewares/lvgl/examples/widgets/img/../../../src/core/lv_disp.h **** /**
   2:Middlewares/lvgl/examples/widgets/img/../../../src/core/lv_disp.h ****  * @file lv_disp.h
   3:Middlewares/lvgl/examples/widgets/img/../../../src/core/lv_disp.h ****  *
   4:Middlewares/lvgl/examples/widgets/img/../../../src/core/lv_disp.h ****  */
   5:Middlewares/lvgl/examples/widgets/img/../../../src/core/lv_disp.h **** 
   6:Middlewares/lvgl/examples/widgets/img/../../../src/core/lv_disp.h **** #ifndef LV_DISP_H
   7:Middlewares/lvgl/examples/widgets/img/../../../src/core/lv_disp.h **** #define LV_DISP_H
   8:Middlewares/lvgl/examples/widgets/img/../../../src/core/lv_disp.h **** 
   9:Middlewares/lvgl/examples/widgets/img/../../../src/core/lv_disp.h **** #ifdef __cplusplus
  10:Middlewares/lvgl/examples/widgets/img/../../../src/core/lv_disp.h **** extern "C" {
  11:Middlewares/lvgl/examples/widgets/img/../../../src/core/lv_disp.h **** #endif
  12:Middlewares/lvgl/examples/widgets/img/../../../src/core/lv_disp.h **** 
  13:Middlewares/lvgl/examples/widgets/img/../../../src/core/lv_disp.h **** /*********************
  14:Middlewares/lvgl/examples/widgets/img/../../../src/core/lv_disp.h ****  *      INCLUDES
  15:Middlewares/lvgl/examples/widgets/img/../../../src/core/lv_disp.h ****  *********************/
  16:Middlewares/lvgl/examples/widgets/img/../../../src/core/lv_disp.h **** #include "../hal/lv_hal.h"
  17:Middlewares/lvgl/examples/widgets/img/../../../src/core/lv_disp.h **** #include "lv_obj.h"
  18:Middlewares/lvgl/examples/widgets/img/../../../src/core/lv_disp.h **** #include "lv_theme.h"
  19:Middlewares/lvgl/examples/widgets/img/../../../src/core/lv_disp.h **** 
  20:Middlewares/lvgl/examples/widgets/img/../../../src/core/lv_disp.h **** /*********************
  21:Middlewares/lvgl/examples/widgets/img/../../../src/core/lv_disp.h ****  *      DEFINES
  22:Middlewares/lvgl/examples/widgets/img/../../../src/core/lv_disp.h ****  *********************/
  23:Middlewares/lvgl/examples/widgets/img/../../../src/core/lv_disp.h **** 
  24:Middlewares/lvgl/examples/widgets/img/../../../src/core/lv_disp.h **** /**********************
  25:Middlewares/lvgl/examples/widgets/img/../../../src/core/lv_disp.h ****  *      TYPEDEFS
  26:Middlewares/lvgl/examples/widgets/img/../../../src/core/lv_disp.h ****  **********************/
  27:Middlewares/lvgl/examples/widgets/img/../../../src/core/lv_disp.h **** 
  28:Middlewares/lvgl/examples/widgets/img/../../../src/core/lv_disp.h **** typedef enum {
  29:Middlewares/lvgl/examples/widgets/img/../../../src/core/lv_disp.h ****     LV_SCR_LOAD_ANIM_NONE,
  30:Middlewares/lvgl/examples/widgets/img/../../../src/core/lv_disp.h ****     LV_SCR_LOAD_ANIM_OVER_LEFT,
  31:Middlewares/lvgl/examples/widgets/img/../../../src/core/lv_disp.h ****     LV_SCR_LOAD_ANIM_OVER_RIGHT,
  32:Middlewares/lvgl/examples/widgets/img/../../../src/core/lv_disp.h ****     LV_SCR_LOAD_ANIM_OVER_TOP,
  33:Middlewares/lvgl/examples/widgets/img/../../../src/core/lv_disp.h ****     LV_SCR_LOAD_ANIM_OVER_BOTTOM,
  34:Middlewares/lvgl/examples/widgets/img/../../../src/core/lv_disp.h ****     LV_SCR_LOAD_ANIM_MOVE_LEFT,
  35:Middlewares/lvgl/examples/widgets/img/../../../src/core/lv_disp.h ****     LV_SCR_LOAD_ANIM_MOVE_RIGHT,
  36:Middlewares/lvgl/examples/widgets/img/../../../src/core/lv_disp.h ****     LV_SCR_LOAD_ANIM_MOVE_TOP,
  37:Middlewares/lvgl/examples/widgets/img/../../../src/core/lv_disp.h ****     LV_SCR_LOAD_ANIM_MOVE_BOTTOM,
  38:Middlewares/lvgl/examples/widgets/img/../../../src/core/lv_disp.h ****     LV_SCR_LOAD_ANIM_FADE_ON,
  39:Middlewares/lvgl/examples/widgets/img/../../../src/core/lv_disp.h **** } lv_scr_load_anim_t;
  40:Middlewares/lvgl/examples/widgets/img/../../../src/core/lv_disp.h **** 
  41:Middlewares/lvgl/examples/widgets/img/../../../src/core/lv_disp.h **** /**********************
  42:Middlewares/lvgl/examples/widgets/img/../../../src/core/lv_disp.h ****  * GLOBAL PROTOTYPES
  43:Middlewares/lvgl/examples/widgets/img/../../../src/core/lv_disp.h ****  **********************/
  44:Middlewares/lvgl/examples/widgets/img/../../../src/core/lv_disp.h **** 
  45:Middlewares/lvgl/examples/widgets/img/../../../src/core/lv_disp.h **** /**
  46:Middlewares/lvgl/examples/widgets/img/../../../src/core/lv_disp.h ****  * Return with a pointer to the active screen
  47:Middlewares/lvgl/examples/widgets/img/../../../src/core/lv_disp.h ****  * @param disp pointer to display which active screen should be get. (NULL to use the default
  48:Middlewares/lvgl/examples/widgets/img/../../../src/core/lv_disp.h ****  * screen)
  49:Middlewares/lvgl/examples/widgets/img/../../../src/core/lv_disp.h ****  * @return pointer to the active screen object (loaded by 'lv_scr_load()')
  50:Middlewares/lvgl/examples/widgets/img/../../../src/core/lv_disp.h ****  */
  51:Middlewares/lvgl/examples/widgets/img/../../../src/core/lv_disp.h **** lv_obj_t * lv_disp_get_scr_act(lv_disp_t * disp);
  52:Middlewares/lvgl/examples/widgets/img/../../../src/core/lv_disp.h **** 
  53:Middlewares/lvgl/examples/widgets/img/../../../src/core/lv_disp.h **** /**
  54:Middlewares/lvgl/examples/widgets/img/../../../src/core/lv_disp.h ****  * Return with a pointer to the previous screen. Only used during screen transitions.
  55:Middlewares/lvgl/examples/widgets/img/../../../src/core/lv_disp.h ****  * @param disp pointer to display which previous screen should be get. (NULL to use the default
ARM GAS  /tmp/ccmAE06C.s 			page 3


  56:Middlewares/lvgl/examples/widgets/img/../../../src/core/lv_disp.h ****  * screen)
  57:Middlewares/lvgl/examples/widgets/img/../../../src/core/lv_disp.h ****  * @return pointer to the previous screen object or NULL if not used now
  58:Middlewares/lvgl/examples/widgets/img/../../../src/core/lv_disp.h ****  */
  59:Middlewares/lvgl/examples/widgets/img/../../../src/core/lv_disp.h **** lv_obj_t * lv_disp_get_scr_prev(lv_disp_t * disp);
  60:Middlewares/lvgl/examples/widgets/img/../../../src/core/lv_disp.h **** 
  61:Middlewares/lvgl/examples/widgets/img/../../../src/core/lv_disp.h **** /**
  62:Middlewares/lvgl/examples/widgets/img/../../../src/core/lv_disp.h ****  * Make a screen active
  63:Middlewares/lvgl/examples/widgets/img/../../../src/core/lv_disp.h ****  * @param scr pointer to a screen
  64:Middlewares/lvgl/examples/widgets/img/../../../src/core/lv_disp.h ****  */
  65:Middlewares/lvgl/examples/widgets/img/../../../src/core/lv_disp.h **** void lv_disp_load_scr(lv_obj_t * scr);
  66:Middlewares/lvgl/examples/widgets/img/../../../src/core/lv_disp.h **** 
  67:Middlewares/lvgl/examples/widgets/img/../../../src/core/lv_disp.h **** /**
  68:Middlewares/lvgl/examples/widgets/img/../../../src/core/lv_disp.h ****  * Return with the top layer. (Same on every screen and it is above the normal screen layer)
  69:Middlewares/lvgl/examples/widgets/img/../../../src/core/lv_disp.h ****  * @param disp pointer to display which top layer should be get. (NULL to use the default screen)
  70:Middlewares/lvgl/examples/widgets/img/../../../src/core/lv_disp.h ****  * @return pointer to the top layer object  (transparent screen sized lv_obj)
  71:Middlewares/lvgl/examples/widgets/img/../../../src/core/lv_disp.h ****  */
  72:Middlewares/lvgl/examples/widgets/img/../../../src/core/lv_disp.h **** lv_obj_t * lv_disp_get_layer_top(lv_disp_t * disp);
  73:Middlewares/lvgl/examples/widgets/img/../../../src/core/lv_disp.h **** 
  74:Middlewares/lvgl/examples/widgets/img/../../../src/core/lv_disp.h **** /**
  75:Middlewares/lvgl/examples/widgets/img/../../../src/core/lv_disp.h ****  * Return with the sys. layer. (Same on every screen and it is above the normal screen and the top
  76:Middlewares/lvgl/examples/widgets/img/../../../src/core/lv_disp.h ****  * layer)
  77:Middlewares/lvgl/examples/widgets/img/../../../src/core/lv_disp.h ****  * @param disp pointer to display which sys. layer  should be get. (NULL to use the default screen)
  78:Middlewares/lvgl/examples/widgets/img/../../../src/core/lv_disp.h ****  * @return pointer to the sys layer object  (transparent screen sized lv_obj)
  79:Middlewares/lvgl/examples/widgets/img/../../../src/core/lv_disp.h ****  */
  80:Middlewares/lvgl/examples/widgets/img/../../../src/core/lv_disp.h **** lv_obj_t * lv_disp_get_layer_sys(lv_disp_t * disp);
  81:Middlewares/lvgl/examples/widgets/img/../../../src/core/lv_disp.h **** 
  82:Middlewares/lvgl/examples/widgets/img/../../../src/core/lv_disp.h **** /**
  83:Middlewares/lvgl/examples/widgets/img/../../../src/core/lv_disp.h ****  * Get the theme of a display
  84:Middlewares/lvgl/examples/widgets/img/../../../src/core/lv_disp.h ****  * @param disp pointer to a display
  85:Middlewares/lvgl/examples/widgets/img/../../../src/core/lv_disp.h ****  * @return the display's theme (can be NULL)
  86:Middlewares/lvgl/examples/widgets/img/../../../src/core/lv_disp.h ****  */
  87:Middlewares/lvgl/examples/widgets/img/../../../src/core/lv_disp.h **** void lv_disp_set_theme(lv_disp_t * disp, lv_theme_t * th);
  88:Middlewares/lvgl/examples/widgets/img/../../../src/core/lv_disp.h **** 
  89:Middlewares/lvgl/examples/widgets/img/../../../src/core/lv_disp.h **** /**
  90:Middlewares/lvgl/examples/widgets/img/../../../src/core/lv_disp.h ****  * Get the theme of a display
  91:Middlewares/lvgl/examples/widgets/img/../../../src/core/lv_disp.h ****  * @param disp pointer to a display
  92:Middlewares/lvgl/examples/widgets/img/../../../src/core/lv_disp.h ****  * @return the display's theme (can be NULL)
  93:Middlewares/lvgl/examples/widgets/img/../../../src/core/lv_disp.h ****  */
  94:Middlewares/lvgl/examples/widgets/img/../../../src/core/lv_disp.h **** lv_theme_t * lv_disp_get_theme(lv_disp_t * disp);
  95:Middlewares/lvgl/examples/widgets/img/../../../src/core/lv_disp.h **** 
  96:Middlewares/lvgl/examples/widgets/img/../../../src/core/lv_disp.h **** /**
  97:Middlewares/lvgl/examples/widgets/img/../../../src/core/lv_disp.h ****  * Set the background color of a display
  98:Middlewares/lvgl/examples/widgets/img/../../../src/core/lv_disp.h ****  * @param disp pointer to a display
  99:Middlewares/lvgl/examples/widgets/img/../../../src/core/lv_disp.h ****  * @param color color of the background
 100:Middlewares/lvgl/examples/widgets/img/../../../src/core/lv_disp.h ****  */
 101:Middlewares/lvgl/examples/widgets/img/../../../src/core/lv_disp.h **** void lv_disp_set_bg_color(lv_disp_t * disp, lv_color_t color);
 102:Middlewares/lvgl/examples/widgets/img/../../../src/core/lv_disp.h **** 
 103:Middlewares/lvgl/examples/widgets/img/../../../src/core/lv_disp.h **** /**
 104:Middlewares/lvgl/examples/widgets/img/../../../src/core/lv_disp.h ****  * Set the background image of a display
 105:Middlewares/lvgl/examples/widgets/img/../../../src/core/lv_disp.h ****  * @param disp pointer to a display
 106:Middlewares/lvgl/examples/widgets/img/../../../src/core/lv_disp.h ****  * @param img_src path to file or pointer to an `lv_img_dsc_t` variable
 107:Middlewares/lvgl/examples/widgets/img/../../../src/core/lv_disp.h ****  */
 108:Middlewares/lvgl/examples/widgets/img/../../../src/core/lv_disp.h **** void lv_disp_set_bg_image(lv_disp_t * disp, const void  * img_src);
 109:Middlewares/lvgl/examples/widgets/img/../../../src/core/lv_disp.h **** 
 110:Middlewares/lvgl/examples/widgets/img/../../../src/core/lv_disp.h **** /**
 111:Middlewares/lvgl/examples/widgets/img/../../../src/core/lv_disp.h ****  * Opacity of the background
 112:Middlewares/lvgl/examples/widgets/img/../../../src/core/lv_disp.h ****  * @param disp pointer to a display
ARM GAS  /tmp/ccmAE06C.s 			page 4


 113:Middlewares/lvgl/examples/widgets/img/../../../src/core/lv_disp.h ****  * @param opa opacity (0..255)
 114:Middlewares/lvgl/examples/widgets/img/../../../src/core/lv_disp.h ****  */
 115:Middlewares/lvgl/examples/widgets/img/../../../src/core/lv_disp.h **** void lv_disp_set_bg_opa(lv_disp_t * disp, lv_opa_t opa);
 116:Middlewares/lvgl/examples/widgets/img/../../../src/core/lv_disp.h **** 
 117:Middlewares/lvgl/examples/widgets/img/../../../src/core/lv_disp.h **** /**
 118:Middlewares/lvgl/examples/widgets/img/../../../src/core/lv_disp.h ****  * Switch screen with animation
 119:Middlewares/lvgl/examples/widgets/img/../../../src/core/lv_disp.h ****  * @param scr pointer to the new screen to load
 120:Middlewares/lvgl/examples/widgets/img/../../../src/core/lv_disp.h ****  * @param anim_type type of the animation from `lv_scr_load_anim_t`. E.g.  `LV_SCR_LOAD_ANIM_MOVE_L
 121:Middlewares/lvgl/examples/widgets/img/../../../src/core/lv_disp.h ****  * @param time time of the animation
 122:Middlewares/lvgl/examples/widgets/img/../../../src/core/lv_disp.h ****  * @param delay delay before the transition
 123:Middlewares/lvgl/examples/widgets/img/../../../src/core/lv_disp.h ****  * @param auto_del true: automatically delete the old screen
 124:Middlewares/lvgl/examples/widgets/img/../../../src/core/lv_disp.h ****  */
 125:Middlewares/lvgl/examples/widgets/img/../../../src/core/lv_disp.h **** void lv_scr_load_anim(lv_obj_t * scr, lv_scr_load_anim_t anim_type, uint32_t time, uint32_t delay, 
 126:Middlewares/lvgl/examples/widgets/img/../../../src/core/lv_disp.h **** 
 127:Middlewares/lvgl/examples/widgets/img/../../../src/core/lv_disp.h **** /**
 128:Middlewares/lvgl/examples/widgets/img/../../../src/core/lv_disp.h ****  * Get elapsed time since last user activity on a display (e.g. click)
 129:Middlewares/lvgl/examples/widgets/img/../../../src/core/lv_disp.h ****  * @param disp pointer to an display (NULL to get the overall smallest inactivity)
 130:Middlewares/lvgl/examples/widgets/img/../../../src/core/lv_disp.h ****  * @return elapsed ticks (milliseconds) since the last activity
 131:Middlewares/lvgl/examples/widgets/img/../../../src/core/lv_disp.h ****  */
 132:Middlewares/lvgl/examples/widgets/img/../../../src/core/lv_disp.h **** uint32_t lv_disp_get_inactive_time(const lv_disp_t * disp);
 133:Middlewares/lvgl/examples/widgets/img/../../../src/core/lv_disp.h **** 
 134:Middlewares/lvgl/examples/widgets/img/../../../src/core/lv_disp.h **** /**
 135:Middlewares/lvgl/examples/widgets/img/../../../src/core/lv_disp.h ****  * Manually trigger an activity on a display
 136:Middlewares/lvgl/examples/widgets/img/../../../src/core/lv_disp.h ****  * @param disp pointer to an display (NULL to use the default display)
 137:Middlewares/lvgl/examples/widgets/img/../../../src/core/lv_disp.h ****  */
 138:Middlewares/lvgl/examples/widgets/img/../../../src/core/lv_disp.h **** void lv_disp_trig_activity(lv_disp_t * disp);
 139:Middlewares/lvgl/examples/widgets/img/../../../src/core/lv_disp.h **** 
 140:Middlewares/lvgl/examples/widgets/img/../../../src/core/lv_disp.h **** /**
 141:Middlewares/lvgl/examples/widgets/img/../../../src/core/lv_disp.h ****  * Clean any CPU cache that is related to the display.
 142:Middlewares/lvgl/examples/widgets/img/../../../src/core/lv_disp.h ****  * @param disp pointer to an display (NULL to use the default display)
 143:Middlewares/lvgl/examples/widgets/img/../../../src/core/lv_disp.h ****  */
 144:Middlewares/lvgl/examples/widgets/img/../../../src/core/lv_disp.h **** void lv_disp_clean_dcache(lv_disp_t * disp);
 145:Middlewares/lvgl/examples/widgets/img/../../../src/core/lv_disp.h **** 
 146:Middlewares/lvgl/examples/widgets/img/../../../src/core/lv_disp.h **** /**
 147:Middlewares/lvgl/examples/widgets/img/../../../src/core/lv_disp.h ****  * Get a pointer to the screen refresher timer to
 148:Middlewares/lvgl/examples/widgets/img/../../../src/core/lv_disp.h ****  * modify its parameters with `lv_timer_...` functions.
 149:Middlewares/lvgl/examples/widgets/img/../../../src/core/lv_disp.h ****  * @param disp pointer to a display
 150:Middlewares/lvgl/examples/widgets/img/../../../src/core/lv_disp.h ****  * @return pointer to the display refresher timer. (NULL on error)
 151:Middlewares/lvgl/examples/widgets/img/../../../src/core/lv_disp.h ****  */
 152:Middlewares/lvgl/examples/widgets/img/../../../src/core/lv_disp.h **** lv_timer_t * _lv_disp_get_refr_timer(lv_disp_t * disp);
 153:Middlewares/lvgl/examples/widgets/img/../../../src/core/lv_disp.h **** 
 154:Middlewares/lvgl/examples/widgets/img/../../../src/core/lv_disp.h **** /*------------------------------------------------
 155:Middlewares/lvgl/examples/widgets/img/../../../src/core/lv_disp.h ****  * To improve backward compatibility
 156:Middlewares/lvgl/examples/widgets/img/../../../src/core/lv_disp.h ****  * Recommended only if you have one display
 157:Middlewares/lvgl/examples/widgets/img/../../../src/core/lv_disp.h ****  *------------------------------------------------*/
 158:Middlewares/lvgl/examples/widgets/img/../../../src/core/lv_disp.h **** 
 159:Middlewares/lvgl/examples/widgets/img/../../../src/core/lv_disp.h **** /**
 160:Middlewares/lvgl/examples/widgets/img/../../../src/core/lv_disp.h ****  * Get the active screen of the default display
 161:Middlewares/lvgl/examples/widgets/img/../../../src/core/lv_disp.h ****  * @return pointer to the active screen
 162:Middlewares/lvgl/examples/widgets/img/../../../src/core/lv_disp.h ****  */
 163:Middlewares/lvgl/examples/widgets/img/../../../src/core/lv_disp.h **** static inline lv_obj_t * lv_scr_act(void)
  51              		.loc 2 163 26 view .LVU4
  52              	.LBB7:
 164:Middlewares/lvgl/examples/widgets/img/../../../src/core/lv_disp.h **** {
 165:Middlewares/lvgl/examples/widgets/img/../../../src/core/lv_disp.h ****     return lv_disp_get_scr_act(lv_disp_get_default());
  53              		.loc 2 165 5 view .LVU5
  54              		.loc 2 165 12 is_stmt 0 view .LVU6
ARM GAS  /tmp/ccmAE06C.s 			page 5


  55 0004 FFF7FEFF 		bl	lv_disp_get_default
  56              	.LVL0:
  57 0008 FFF7FEFF 		bl	lv_disp_get_scr_act
  58              	.LVL1:
  59              	.LBE7:
  60              	.LBE6:
  61              		.loc 1 8 23 view .LVU7
  62 000c FFF7FEFF 		bl	lv_img_create
  63              	.LVL2:
  64 0010 0446     		mov	r4, r0
  65              	.LVL3:
   9:Middlewares/lvgl/examples/widgets/img/lv_example_img_1.c ****     lv_img_set_src(img1, &img_cogwheel_argb);
  66              		.loc 1 9 5 is_stmt 1 view .LVU8
  67 0012 1149     		ldr	r1, .L3
  68 0014 FFF7FEFF 		bl	lv_img_set_src
  69              	.LVL4:
  10:Middlewares/lvgl/examples/widgets/img/lv_example_img_1.c ****     lv_obj_align(img1, LV_ALIGN_CENTER, 0, -20);
  70              		.loc 1 10 5 view .LVU9
  71 0018 6FF01303 		mvn	r3, #19
  72 001c 0022     		movs	r2, #0
  73 001e 0921     		movs	r1, #9
  74 0020 2046     		mov	r0, r4
  75 0022 FFF7FEFF 		bl	lv_obj_align
  76              	.LVL5:
  11:Middlewares/lvgl/examples/widgets/img/lv_example_img_1.c ****     lv_obj_set_size(img1, 200, 200);
  77              		.loc 1 11 5 view .LVU10
  78 0026 C822     		movs	r2, #200
  79 0028 1146     		mov	r1, r2
  80 002a 2046     		mov	r0, r4
  81 002c FFF7FEFF 		bl	lv_obj_set_size
  82              	.LVL6:
  12:Middlewares/lvgl/examples/widgets/img/lv_example_img_1.c **** 
  13:Middlewares/lvgl/examples/widgets/img/lv_example_img_1.c ****     lv_obj_t * img2 = lv_img_create(lv_scr_act());
  83              		.loc 1 13 5 view .LVU11
  84              	.LBB8:
  85              	.LBI8:
 163:Middlewares/lvgl/examples/widgets/img/../../../src/core/lv_disp.h **** {
  86              		.loc 2 163 26 view .LVU12
  87              	.LBB9:
  88              		.loc 2 165 5 view .LVU13
  89              		.loc 2 165 12 is_stmt 0 view .LVU14
  90 0030 FFF7FEFF 		bl	lv_disp_get_default
  91              	.LVL7:
  92 0034 FFF7FEFF 		bl	lv_disp_get_scr_act
  93              	.LVL8:
  94              	.LBE9:
  95              	.LBE8:
  96              		.loc 1 13 23 view .LVU15
  97 0038 FFF7FEFF 		bl	lv_img_create
  98              	.LVL9:
  99 003c 0546     		mov	r5, r0
 100              	.LVL10:
  14:Middlewares/lvgl/examples/widgets/img/lv_example_img_1.c ****     lv_img_set_src(img2, LV_SYMBOL_OK "Accept");
 101              		.loc 1 14 5 is_stmt 1 view .LVU16
 102 003e 0749     		ldr	r1, .L3+4
 103 0040 FFF7FEFF 		bl	lv_img_set_src
 104              	.LVL11:
ARM GAS  /tmp/ccmAE06C.s 			page 6


  15:Middlewares/lvgl/examples/widgets/img/lv_example_img_1.c ****     lv_obj_align_to(img2, img1, LV_ALIGN_OUT_BOTTOM_MID, 0, 20);
 105              		.loc 1 15 5 view .LVU17
 106 0044 1423     		movs	r3, #20
 107 0046 0093     		str	r3, [sp]
 108 0048 0023     		movs	r3, #0
 109 004a 0E22     		movs	r2, #14
 110 004c 2146     		mov	r1, r4
 111 004e 2846     		mov	r0, r5
 112 0050 FFF7FEFF 		bl	lv_obj_align_to
 113              	.LVL12:
  16:Middlewares/lvgl/examples/widgets/img/lv_example_img_1.c **** }
 114              		.loc 1 16 1 is_stmt 0 view .LVU18
 115 0054 03B0     		add	sp, sp, #12
 116              	.LCFI2:
 117              		.cfi_def_cfa_offset 12
 118              		@ sp needed
 119 0056 30BD     		pop	{r4, r5, pc}
 120              	.LVL13:
 121              	.L4:
 122              		.loc 1 16 1 view .LVU19
 123              		.align	2
 124              	.L3:
 125 0058 00000000 		.word	img_cogwheel_argb
 126 005c 00000000 		.word	.LC0
 127              		.cfi_endproc
 128              	.LFE184:
 130              		.text
 131              	.Letext0:
 132              		.file 3 "/home/akinya/gcc-arm-none-eabi/arm-none-eabi/include/machine/_default_types.h"
 133              		.file 4 "/home/akinya/gcc-arm-none-eabi/arm-none-eabi/include/sys/_stdint.h"
 134              		.file 5 "Middlewares/lvgl/examples/widgets/img/../../../src/misc/lv_ll.h"
 135              		.file 6 "Middlewares/lvgl/examples/widgets/img/../../../src/hal/../misc/lv_color.h"
 136              		.file 7 "Middlewares/lvgl/examples/widgets/img/../../../src/hal/../misc/lv_area.h"
 137              		.file 8 "Middlewares/lvgl/examples/widgets/img/../../../src/core/lv_obj.h"
 138              		.file 9 "Middlewares/lvgl/examples/widgets/img/../../../src/core/lv_group.h"
 139              		.file 10 "Middlewares/lvgl/examples/widgets/img/../../../src/core/../misc/lv_style.h"
 140              		.file 11 "Middlewares/lvgl/examples/widgets/img/../../../src/core/lv_obj_scroll.h"
 141              		.file 12 "Middlewares/lvgl/examples/widgets/img/../../../src/core/lv_obj_style.h"
 142              		.file 13 "Middlewares/lvgl/examples/widgets/img/../../../src/core/../draw/lv_img_buf.h"
 143              		.file 14 "Middlewares/lvgl/examples/widgets/img/../../../src/core/lv_obj_class.h"
 144              		.file 15 "Middlewares/lvgl/examples/widgets/img/../../../src/core/lv_event.h"
 145              		.file 16 "Middlewares/lvgl/examples/widgets/img/../../../src/hal/lv_hal_disp.h"
 146              		.file 17 "Middlewares/lvgl/examples/widgets/img/../../../src/widgets/lv_img.h"
 147              		.file 18 "Middlewares/lvgl/examples/widgets/img/../../../src/core/lv_obj_pos.h"
ARM GAS  /tmp/ccmAE06C.s 			page 7


DEFINED SYMBOLS
                            *ABS*:0000000000000000 lv_example_img_1.c
     /tmp/ccmAE06C.s:17     .rodata.lv_example_img_1.str1.4:0000000000000000 $d
     /tmp/ccmAE06C.s:21     .text.lv_example_img_1:0000000000000000 $t
     /tmp/ccmAE06C.s:29     .text.lv_example_img_1:0000000000000000 lv_example_img_1
     /tmp/ccmAE06C.s:125    .text.lv_example_img_1:0000000000000058 $d

UNDEFINED SYMBOLS
lv_disp_get_default
lv_disp_get_scr_act
lv_img_create
lv_img_set_src
lv_obj_align
lv_obj_set_size
lv_obj_align_to
img_cogwheel_argb
