ARM GAS  /tmp/ccLy4IQS.s 			page 1


   1              		.cpu cortex-m7
   2              		.eabi_attribute 28, 1
   3              		.eabi_attribute 20, 1
   4              		.eabi_attribute 21, 1
   5              		.eabi_attribute 23, 3
   6              		.eabi_attribute 24, 1
   7              		.eabi_attribute 25, 1
   8              		.eabi_attribute 26, 1
   9              		.eabi_attribute 30, 1
  10              		.eabi_attribute 34, 1
  11              		.eabi_attribute 18, 4
  12              		.file	"lv_example_event_2.c"
  13              		.text
  14              	.Ltext0:
  15              		.cfi_sections	.debug_frame
  16              		.section	.rodata.event_cb.str1.4,"aMS",%progbits,1
  17              		.align	2
  18              	.LC0:
  19 0000 54686520 		.ascii	"The last button event:\012LV_EVENT_PRESSED\000"
  19      6C617374 
  19      20627574 
  19      746F6E20 
  19      6576656E 
  20              		.align	2
  21              	.LC1:
  22 0028 54686520 		.ascii	"The last button event:\012LV_EVENT_CLICKED\000"
  22      6C617374 
  22      20627574 
  22      746F6E20 
  22      6576656E 
  23              		.align	2
  24              	.LC2:
  25 0050 54686520 		.ascii	"The last button event:\012LV_EVENT_LONG_PRESSED\000"
  25      6C617374 
  25      20627574 
  25      746F6E20 
  25      6576656E 
  26 007d 000000   		.align	2
  27              	.LC3:
  28 0080 54686520 		.ascii	"The last button event:\012LV_EVENT_LONG_PRESSED_REP"
  28      6C617374 
  28      20627574 
  28      746F6E20 
  28      6576656E 
  29 00b0 45415400 		.ascii	"EAT\000"
  30              		.section	.text.event_cb,"ax",%progbits
  31              		.align	1
  32              		.arch armv7e-m
  33              		.syntax unified
  34              		.thumb
  35              		.thumb_func
  36              		.fpu fpv5-d16
  38              	event_cb:
  39              	.LVL0:
  40              	.LFB184:
  41              		.file 1 "Middlewares/lvgl/examples/event/lv_example_event_2.c"
   1:Middlewares/lvgl/examples/event/lv_example_event_2.c **** #include "../lv_examples.h"
ARM GAS  /tmp/ccLy4IQS.s 			page 2


   2:Middlewares/lvgl/examples/event/lv_example_event_2.c **** #if LV_BUILD_EXAMPLES && LV_USE_SWITCH
   3:Middlewares/lvgl/examples/event/lv_example_event_2.c **** 
   4:Middlewares/lvgl/examples/event/lv_example_event_2.c **** static void event_cb(lv_event_t * e)
   5:Middlewares/lvgl/examples/event/lv_example_event_2.c **** {
  42              		.loc 1 5 1 view -0
  43              		.cfi_startproc
  44              		@ args = 0, pretend = 0, frame = 0
  45              		@ frame_needed = 0, uses_anonymous_args = 0
  46              		.loc 1 5 1 is_stmt 0 view .LVU1
  47 0000 38B5     		push	{r3, r4, r5, lr}
  48              	.LCFI0:
  49              		.cfi_def_cfa_offset 16
  50              		.cfi_offset 3, -16
  51              		.cfi_offset 4, -12
  52              		.cfi_offset 5, -8
  53              		.cfi_offset 14, -4
  54 0002 0546     		mov	r5, r0
   6:Middlewares/lvgl/examples/event/lv_example_event_2.c ****     lv_event_code_t code = lv_event_get_code(e);
  55              		.loc 1 6 5 is_stmt 1 view .LVU2
  56              		.loc 1 6 28 is_stmt 0 view .LVU3
  57 0004 FFF7FEFF 		bl	lv_event_get_code
  58              	.LVL1:
  59              		.loc 1 6 28 view .LVU4
  60 0008 0446     		mov	r4, r0
  61              	.LVL2:
   7:Middlewares/lvgl/examples/event/lv_example_event_2.c ****     lv_obj_t * label = lv_event_get_user_data(e);
  62              		.loc 1 7 5 is_stmt 1 view .LVU5
  63              		.loc 1 7 24 is_stmt 0 view .LVU6
  64 000a 2846     		mov	r0, r5
  65 000c FFF7FEFF 		bl	lv_event_get_user_data
  66              	.LVL3:
   8:Middlewares/lvgl/examples/event/lv_example_event_2.c **** 
   9:Middlewares/lvgl/examples/event/lv_example_event_2.c ****     switch(code) {
  67              		.loc 1 9 5 is_stmt 1 view .LVU7
  68 0010 631E     		subs	r3, r4, #1
  69 0012 062B     		cmp	r3, #6
  70 0014 08D8     		bhi	.L1
  71 0016 DFE803F0 		tbb	[pc, r3]
  72              	.L4:
  73 001a 04       		.byte	(.L7-.L4)/2
  74 001b 07       		.byte	(.L1-.L4)/2
  75 001c 07       		.byte	(.L1-.L4)/2
  76 001d 07       		.byte	(.L1-.L4)/2
  77 001e 0C       		.byte	(.L6-.L4)/2
  78 001f 10       		.byte	(.L5-.L4)/2
  79 0020 08       		.byte	(.L3-.L4)/2
  80 0021 00       		.p2align 1
  81              	.L7:
  10:Middlewares/lvgl/examples/event/lv_example_event_2.c ****     case LV_EVENT_PRESSED:
  11:Middlewares/lvgl/examples/event/lv_example_event_2.c ****         lv_label_set_text(label, "The last button event:\nLV_EVENT_PRESSED");
  82              		.loc 1 11 9 view .LVU8
  83 0022 0849     		ldr	r1, .L9
  84 0024 FFF7FEFF 		bl	lv_label_set_text
  85              	.LVL4:
  12:Middlewares/lvgl/examples/event/lv_example_event_2.c ****         break;
  86              		.loc 1 12 9 view .LVU9
  87              	.L1:
ARM GAS  /tmp/ccLy4IQS.s 			page 3


  13:Middlewares/lvgl/examples/event/lv_example_event_2.c ****     case LV_EVENT_CLICKED:
  14:Middlewares/lvgl/examples/event/lv_example_event_2.c ****         lv_label_set_text(label, "The last button event:\nLV_EVENT_CLICKED");
  15:Middlewares/lvgl/examples/event/lv_example_event_2.c ****         break;
  16:Middlewares/lvgl/examples/event/lv_example_event_2.c ****     case LV_EVENT_LONG_PRESSED:
  17:Middlewares/lvgl/examples/event/lv_example_event_2.c ****         lv_label_set_text(label, "The last button event:\nLV_EVENT_LONG_PRESSED");
  18:Middlewares/lvgl/examples/event/lv_example_event_2.c ****         break;
  19:Middlewares/lvgl/examples/event/lv_example_event_2.c ****     case LV_EVENT_LONG_PRESSED_REPEAT:
  20:Middlewares/lvgl/examples/event/lv_example_event_2.c ****         lv_label_set_text(label, "The last button event:\nLV_EVENT_LONG_PRESSED_REPEAT");
  21:Middlewares/lvgl/examples/event/lv_example_event_2.c ****         break;
  22:Middlewares/lvgl/examples/event/lv_example_event_2.c ****     default:
  23:Middlewares/lvgl/examples/event/lv_example_event_2.c ****         break;
  24:Middlewares/lvgl/examples/event/lv_example_event_2.c ****     }
  25:Middlewares/lvgl/examples/event/lv_example_event_2.c **** }
  88              		.loc 1 25 1 is_stmt 0 view .LVU10
  89 0028 38BD     		pop	{r3, r4, r5, pc}
  90              	.LVL5:
  91              	.L3:
  14:Middlewares/lvgl/examples/event/lv_example_event_2.c ****         break;
  92              		.loc 1 14 9 is_stmt 1 view .LVU11
  93 002a 0749     		ldr	r1, .L9+4
  94 002c FFF7FEFF 		bl	lv_label_set_text
  95              	.LVL6:
  15:Middlewares/lvgl/examples/event/lv_example_event_2.c ****     case LV_EVENT_LONG_PRESSED:
  96              		.loc 1 15 9 view .LVU12
  97 0030 FAE7     		b	.L1
  98              	.LVL7:
  99              	.L6:
  17:Middlewares/lvgl/examples/event/lv_example_event_2.c ****         break;
 100              		.loc 1 17 9 view .LVU13
 101 0032 0649     		ldr	r1, .L9+8
 102 0034 FFF7FEFF 		bl	lv_label_set_text
 103              	.LVL8:
  18:Middlewares/lvgl/examples/event/lv_example_event_2.c ****     case LV_EVENT_LONG_PRESSED_REPEAT:
 104              		.loc 1 18 9 view .LVU14
 105 0038 F6E7     		b	.L1
 106              	.LVL9:
 107              	.L5:
  20:Middlewares/lvgl/examples/event/lv_example_event_2.c ****         break;
 108              		.loc 1 20 9 view .LVU15
 109 003a 0549     		ldr	r1, .L9+12
 110 003c FFF7FEFF 		bl	lv_label_set_text
 111              	.LVL10:
  21:Middlewares/lvgl/examples/event/lv_example_event_2.c ****     default:
 112              		.loc 1 21 9 view .LVU16
 113              		.loc 1 25 1 is_stmt 0 view .LVU17
 114 0040 F2E7     		b	.L1
 115              	.L10:
 116 0042 00BF     		.align	2
 117              	.L9:
 118 0044 00000000 		.word	.LC0
 119 0048 28000000 		.word	.LC1
 120 004c 50000000 		.word	.LC2
 121 0050 80000000 		.word	.LC3
 122              		.cfi_endproc
 123              	.LFE184:
 125              		.section	.rodata.lv_example_event_2.str1.4,"aMS",%progbits,1
 126              		.align	2
ARM GAS  /tmp/ccLy4IQS.s 			page 4


 127              	.LC4:
 128 0000 436C6963 		.ascii	"Click me!\000"
 128      6B206D65 
 128      2100
 129 000a 0000     		.align	2
 130              	.LC5:
 131 000c 54686520 		.ascii	"The last button event:\012None\000"
 131      6C617374 
 131      20627574 
 131      746F6E20 
 131      6576656E 
 132              		.section	.text.lv_example_event_2,"ax",%progbits
 133              		.align	1
 134              		.global	lv_example_event_2
 135              		.syntax unified
 136              		.thumb
 137              		.thumb_func
 138              		.fpu fpv5-d16
 140              	lv_example_event_2:
 141              	.LFB185:
  26:Middlewares/lvgl/examples/event/lv_example_event_2.c **** 
  27:Middlewares/lvgl/examples/event/lv_example_event_2.c **** /**
  28:Middlewares/lvgl/examples/event/lv_example_event_2.c ****  * Handle multiple events
  29:Middlewares/lvgl/examples/event/lv_example_event_2.c ****  */
  30:Middlewares/lvgl/examples/event/lv_example_event_2.c **** void lv_example_event_2(void)
  31:Middlewares/lvgl/examples/event/lv_example_event_2.c **** {
 142              		.loc 1 31 1 is_stmt 1 view -0
 143              		.cfi_startproc
 144              		@ args = 0, pretend = 0, frame = 0
 145              		@ frame_needed = 0, uses_anonymous_args = 0
 146 0000 38B5     		push	{r3, r4, r5, lr}
 147              	.LCFI1:
 148              		.cfi_def_cfa_offset 16
 149              		.cfi_offset 3, -16
 150              		.cfi_offset 4, -12
 151              		.cfi_offset 5, -8
 152              		.cfi_offset 14, -4
  32:Middlewares/lvgl/examples/event/lv_example_event_2.c ****     lv_obj_t * btn = lv_btn_create(lv_scr_act());
 153              		.loc 1 32 5 view .LVU19
 154              	.LBB14:
 155              	.LBI14:
 156              		.file 2 "Middlewares/lvgl/examples/event/../../src/core/lv_disp.h"
   1:Middlewares/lvgl/examples/event/../../src/core/lv_disp.h **** /**
   2:Middlewares/lvgl/examples/event/../../src/core/lv_disp.h ****  * @file lv_disp.h
   3:Middlewares/lvgl/examples/event/../../src/core/lv_disp.h ****  *
   4:Middlewares/lvgl/examples/event/../../src/core/lv_disp.h ****  */
   5:Middlewares/lvgl/examples/event/../../src/core/lv_disp.h **** 
   6:Middlewares/lvgl/examples/event/../../src/core/lv_disp.h **** #ifndef LV_DISP_H
   7:Middlewares/lvgl/examples/event/../../src/core/lv_disp.h **** #define LV_DISP_H
   8:Middlewares/lvgl/examples/event/../../src/core/lv_disp.h **** 
   9:Middlewares/lvgl/examples/event/../../src/core/lv_disp.h **** #ifdef __cplusplus
  10:Middlewares/lvgl/examples/event/../../src/core/lv_disp.h **** extern "C" {
  11:Middlewares/lvgl/examples/event/../../src/core/lv_disp.h **** #endif
  12:Middlewares/lvgl/examples/event/../../src/core/lv_disp.h **** 
  13:Middlewares/lvgl/examples/event/../../src/core/lv_disp.h **** /*********************
  14:Middlewares/lvgl/examples/event/../../src/core/lv_disp.h ****  *      INCLUDES
  15:Middlewares/lvgl/examples/event/../../src/core/lv_disp.h ****  *********************/
ARM GAS  /tmp/ccLy4IQS.s 			page 5


  16:Middlewares/lvgl/examples/event/../../src/core/lv_disp.h **** #include "../hal/lv_hal.h"
  17:Middlewares/lvgl/examples/event/../../src/core/lv_disp.h **** #include "lv_obj.h"
  18:Middlewares/lvgl/examples/event/../../src/core/lv_disp.h **** #include "lv_theme.h"
  19:Middlewares/lvgl/examples/event/../../src/core/lv_disp.h **** 
  20:Middlewares/lvgl/examples/event/../../src/core/lv_disp.h **** /*********************
  21:Middlewares/lvgl/examples/event/../../src/core/lv_disp.h ****  *      DEFINES
  22:Middlewares/lvgl/examples/event/../../src/core/lv_disp.h ****  *********************/
  23:Middlewares/lvgl/examples/event/../../src/core/lv_disp.h **** 
  24:Middlewares/lvgl/examples/event/../../src/core/lv_disp.h **** /**********************
  25:Middlewares/lvgl/examples/event/../../src/core/lv_disp.h ****  *      TYPEDEFS
  26:Middlewares/lvgl/examples/event/../../src/core/lv_disp.h ****  **********************/
  27:Middlewares/lvgl/examples/event/../../src/core/lv_disp.h **** 
  28:Middlewares/lvgl/examples/event/../../src/core/lv_disp.h **** typedef enum {
  29:Middlewares/lvgl/examples/event/../../src/core/lv_disp.h ****     LV_SCR_LOAD_ANIM_NONE,
  30:Middlewares/lvgl/examples/event/../../src/core/lv_disp.h ****     LV_SCR_LOAD_ANIM_OVER_LEFT,
  31:Middlewares/lvgl/examples/event/../../src/core/lv_disp.h ****     LV_SCR_LOAD_ANIM_OVER_RIGHT,
  32:Middlewares/lvgl/examples/event/../../src/core/lv_disp.h ****     LV_SCR_LOAD_ANIM_OVER_TOP,
  33:Middlewares/lvgl/examples/event/../../src/core/lv_disp.h ****     LV_SCR_LOAD_ANIM_OVER_BOTTOM,
  34:Middlewares/lvgl/examples/event/../../src/core/lv_disp.h ****     LV_SCR_LOAD_ANIM_MOVE_LEFT,
  35:Middlewares/lvgl/examples/event/../../src/core/lv_disp.h ****     LV_SCR_LOAD_ANIM_MOVE_RIGHT,
  36:Middlewares/lvgl/examples/event/../../src/core/lv_disp.h ****     LV_SCR_LOAD_ANIM_MOVE_TOP,
  37:Middlewares/lvgl/examples/event/../../src/core/lv_disp.h ****     LV_SCR_LOAD_ANIM_MOVE_BOTTOM,
  38:Middlewares/lvgl/examples/event/../../src/core/lv_disp.h ****     LV_SCR_LOAD_ANIM_FADE_ON,
  39:Middlewares/lvgl/examples/event/../../src/core/lv_disp.h **** } lv_scr_load_anim_t;
  40:Middlewares/lvgl/examples/event/../../src/core/lv_disp.h **** 
  41:Middlewares/lvgl/examples/event/../../src/core/lv_disp.h **** /**********************
  42:Middlewares/lvgl/examples/event/../../src/core/lv_disp.h ****  * GLOBAL PROTOTYPES
  43:Middlewares/lvgl/examples/event/../../src/core/lv_disp.h ****  **********************/
  44:Middlewares/lvgl/examples/event/../../src/core/lv_disp.h **** 
  45:Middlewares/lvgl/examples/event/../../src/core/lv_disp.h **** /**
  46:Middlewares/lvgl/examples/event/../../src/core/lv_disp.h ****  * Return with a pointer to the active screen
  47:Middlewares/lvgl/examples/event/../../src/core/lv_disp.h ****  * @param disp pointer to display which active screen should be get. (NULL to use the default
  48:Middlewares/lvgl/examples/event/../../src/core/lv_disp.h ****  * screen)
  49:Middlewares/lvgl/examples/event/../../src/core/lv_disp.h ****  * @return pointer to the active screen object (loaded by 'lv_scr_load()')
  50:Middlewares/lvgl/examples/event/../../src/core/lv_disp.h ****  */
  51:Middlewares/lvgl/examples/event/../../src/core/lv_disp.h **** lv_obj_t * lv_disp_get_scr_act(lv_disp_t * disp);
  52:Middlewares/lvgl/examples/event/../../src/core/lv_disp.h **** 
  53:Middlewares/lvgl/examples/event/../../src/core/lv_disp.h **** /**
  54:Middlewares/lvgl/examples/event/../../src/core/lv_disp.h ****  * Return with a pointer to the previous screen. Only used during screen transitions.
  55:Middlewares/lvgl/examples/event/../../src/core/lv_disp.h ****  * @param disp pointer to display which previous screen should be get. (NULL to use the default
  56:Middlewares/lvgl/examples/event/../../src/core/lv_disp.h ****  * screen)
  57:Middlewares/lvgl/examples/event/../../src/core/lv_disp.h ****  * @return pointer to the previous screen object or NULL if not used now
  58:Middlewares/lvgl/examples/event/../../src/core/lv_disp.h ****  */
  59:Middlewares/lvgl/examples/event/../../src/core/lv_disp.h **** lv_obj_t * lv_disp_get_scr_prev(lv_disp_t * disp);
  60:Middlewares/lvgl/examples/event/../../src/core/lv_disp.h **** 
  61:Middlewares/lvgl/examples/event/../../src/core/lv_disp.h **** /**
  62:Middlewares/lvgl/examples/event/../../src/core/lv_disp.h ****  * Make a screen active
  63:Middlewares/lvgl/examples/event/../../src/core/lv_disp.h ****  * @param scr pointer to a screen
  64:Middlewares/lvgl/examples/event/../../src/core/lv_disp.h ****  */
  65:Middlewares/lvgl/examples/event/../../src/core/lv_disp.h **** void lv_disp_load_scr(lv_obj_t * scr);
  66:Middlewares/lvgl/examples/event/../../src/core/lv_disp.h **** 
  67:Middlewares/lvgl/examples/event/../../src/core/lv_disp.h **** /**
  68:Middlewares/lvgl/examples/event/../../src/core/lv_disp.h ****  * Return with the top layer. (Same on every screen and it is above the normal screen layer)
  69:Middlewares/lvgl/examples/event/../../src/core/lv_disp.h ****  * @param disp pointer to display which top layer should be get. (NULL to use the default screen)
  70:Middlewares/lvgl/examples/event/../../src/core/lv_disp.h ****  * @return pointer to the top layer object  (transparent screen sized lv_obj)
  71:Middlewares/lvgl/examples/event/../../src/core/lv_disp.h ****  */
  72:Middlewares/lvgl/examples/event/../../src/core/lv_disp.h **** lv_obj_t * lv_disp_get_layer_top(lv_disp_t * disp);
ARM GAS  /tmp/ccLy4IQS.s 			page 6


  73:Middlewares/lvgl/examples/event/../../src/core/lv_disp.h **** 
  74:Middlewares/lvgl/examples/event/../../src/core/lv_disp.h **** /**
  75:Middlewares/lvgl/examples/event/../../src/core/lv_disp.h ****  * Return with the sys. layer. (Same on every screen and it is above the normal screen and the top
  76:Middlewares/lvgl/examples/event/../../src/core/lv_disp.h ****  * layer)
  77:Middlewares/lvgl/examples/event/../../src/core/lv_disp.h ****  * @param disp pointer to display which sys. layer  should be get. (NULL to use the default screen)
  78:Middlewares/lvgl/examples/event/../../src/core/lv_disp.h ****  * @return pointer to the sys layer object  (transparent screen sized lv_obj)
  79:Middlewares/lvgl/examples/event/../../src/core/lv_disp.h ****  */
  80:Middlewares/lvgl/examples/event/../../src/core/lv_disp.h **** lv_obj_t * lv_disp_get_layer_sys(lv_disp_t * disp);
  81:Middlewares/lvgl/examples/event/../../src/core/lv_disp.h **** 
  82:Middlewares/lvgl/examples/event/../../src/core/lv_disp.h **** /**
  83:Middlewares/lvgl/examples/event/../../src/core/lv_disp.h ****  * Get the theme of a display
  84:Middlewares/lvgl/examples/event/../../src/core/lv_disp.h ****  * @param disp pointer to a display
  85:Middlewares/lvgl/examples/event/../../src/core/lv_disp.h ****  * @return the display's theme (can be NULL)
  86:Middlewares/lvgl/examples/event/../../src/core/lv_disp.h ****  */
  87:Middlewares/lvgl/examples/event/../../src/core/lv_disp.h **** void lv_disp_set_theme(lv_disp_t * disp, lv_theme_t * th);
  88:Middlewares/lvgl/examples/event/../../src/core/lv_disp.h **** 
  89:Middlewares/lvgl/examples/event/../../src/core/lv_disp.h **** /**
  90:Middlewares/lvgl/examples/event/../../src/core/lv_disp.h ****  * Get the theme of a display
  91:Middlewares/lvgl/examples/event/../../src/core/lv_disp.h ****  * @param disp pointer to a display
  92:Middlewares/lvgl/examples/event/../../src/core/lv_disp.h ****  * @return the display's theme (can be NULL)
  93:Middlewares/lvgl/examples/event/../../src/core/lv_disp.h ****  */
  94:Middlewares/lvgl/examples/event/../../src/core/lv_disp.h **** lv_theme_t * lv_disp_get_theme(lv_disp_t * disp);
  95:Middlewares/lvgl/examples/event/../../src/core/lv_disp.h **** 
  96:Middlewares/lvgl/examples/event/../../src/core/lv_disp.h **** /**
  97:Middlewares/lvgl/examples/event/../../src/core/lv_disp.h ****  * Set the background color of a display
  98:Middlewares/lvgl/examples/event/../../src/core/lv_disp.h ****  * @param disp pointer to a display
  99:Middlewares/lvgl/examples/event/../../src/core/lv_disp.h ****  * @param color color of the background
 100:Middlewares/lvgl/examples/event/../../src/core/lv_disp.h ****  */
 101:Middlewares/lvgl/examples/event/../../src/core/lv_disp.h **** void lv_disp_set_bg_color(lv_disp_t * disp, lv_color_t color);
 102:Middlewares/lvgl/examples/event/../../src/core/lv_disp.h **** 
 103:Middlewares/lvgl/examples/event/../../src/core/lv_disp.h **** /**
 104:Middlewares/lvgl/examples/event/../../src/core/lv_disp.h ****  * Set the background image of a display
 105:Middlewares/lvgl/examples/event/../../src/core/lv_disp.h ****  * @param disp pointer to a display
 106:Middlewares/lvgl/examples/event/../../src/core/lv_disp.h ****  * @param img_src path to file or pointer to an `lv_img_dsc_t` variable
 107:Middlewares/lvgl/examples/event/../../src/core/lv_disp.h ****  */
 108:Middlewares/lvgl/examples/event/../../src/core/lv_disp.h **** void lv_disp_set_bg_image(lv_disp_t * disp, const void  * img_src);
 109:Middlewares/lvgl/examples/event/../../src/core/lv_disp.h **** 
 110:Middlewares/lvgl/examples/event/../../src/core/lv_disp.h **** /**
 111:Middlewares/lvgl/examples/event/../../src/core/lv_disp.h ****  * Opacity of the background
 112:Middlewares/lvgl/examples/event/../../src/core/lv_disp.h ****  * @param disp pointer to a display
 113:Middlewares/lvgl/examples/event/../../src/core/lv_disp.h ****  * @param opa opacity (0..255)
 114:Middlewares/lvgl/examples/event/../../src/core/lv_disp.h ****  */
 115:Middlewares/lvgl/examples/event/../../src/core/lv_disp.h **** void lv_disp_set_bg_opa(lv_disp_t * disp, lv_opa_t opa);
 116:Middlewares/lvgl/examples/event/../../src/core/lv_disp.h **** 
 117:Middlewares/lvgl/examples/event/../../src/core/lv_disp.h **** /**
 118:Middlewares/lvgl/examples/event/../../src/core/lv_disp.h ****  * Switch screen with animation
 119:Middlewares/lvgl/examples/event/../../src/core/lv_disp.h ****  * @param scr pointer to the new screen to load
 120:Middlewares/lvgl/examples/event/../../src/core/lv_disp.h ****  * @param anim_type type of the animation from `lv_scr_load_anim_t`. E.g.  `LV_SCR_LOAD_ANIM_MOVE_L
 121:Middlewares/lvgl/examples/event/../../src/core/lv_disp.h ****  * @param time time of the animation
 122:Middlewares/lvgl/examples/event/../../src/core/lv_disp.h ****  * @param delay delay before the transition
 123:Middlewares/lvgl/examples/event/../../src/core/lv_disp.h ****  * @param auto_del true: automatically delete the old screen
 124:Middlewares/lvgl/examples/event/../../src/core/lv_disp.h ****  */
 125:Middlewares/lvgl/examples/event/../../src/core/lv_disp.h **** void lv_scr_load_anim(lv_obj_t * scr, lv_scr_load_anim_t anim_type, uint32_t time, uint32_t delay, 
 126:Middlewares/lvgl/examples/event/../../src/core/lv_disp.h **** 
 127:Middlewares/lvgl/examples/event/../../src/core/lv_disp.h **** /**
 128:Middlewares/lvgl/examples/event/../../src/core/lv_disp.h ****  * Get elapsed time since last user activity on a display (e.g. click)
 129:Middlewares/lvgl/examples/event/../../src/core/lv_disp.h ****  * @param disp pointer to an display (NULL to get the overall smallest inactivity)
ARM GAS  /tmp/ccLy4IQS.s 			page 7


 130:Middlewares/lvgl/examples/event/../../src/core/lv_disp.h ****  * @return elapsed ticks (milliseconds) since the last activity
 131:Middlewares/lvgl/examples/event/../../src/core/lv_disp.h ****  */
 132:Middlewares/lvgl/examples/event/../../src/core/lv_disp.h **** uint32_t lv_disp_get_inactive_time(const lv_disp_t * disp);
 133:Middlewares/lvgl/examples/event/../../src/core/lv_disp.h **** 
 134:Middlewares/lvgl/examples/event/../../src/core/lv_disp.h **** /**
 135:Middlewares/lvgl/examples/event/../../src/core/lv_disp.h ****  * Manually trigger an activity on a display
 136:Middlewares/lvgl/examples/event/../../src/core/lv_disp.h ****  * @param disp pointer to an display (NULL to use the default display)
 137:Middlewares/lvgl/examples/event/../../src/core/lv_disp.h ****  */
 138:Middlewares/lvgl/examples/event/../../src/core/lv_disp.h **** void lv_disp_trig_activity(lv_disp_t * disp);
 139:Middlewares/lvgl/examples/event/../../src/core/lv_disp.h **** 
 140:Middlewares/lvgl/examples/event/../../src/core/lv_disp.h **** /**
 141:Middlewares/lvgl/examples/event/../../src/core/lv_disp.h ****  * Clean any CPU cache that is related to the display.
 142:Middlewares/lvgl/examples/event/../../src/core/lv_disp.h ****  * @param disp pointer to an display (NULL to use the default display)
 143:Middlewares/lvgl/examples/event/../../src/core/lv_disp.h ****  */
 144:Middlewares/lvgl/examples/event/../../src/core/lv_disp.h **** void lv_disp_clean_dcache(lv_disp_t * disp);
 145:Middlewares/lvgl/examples/event/../../src/core/lv_disp.h **** 
 146:Middlewares/lvgl/examples/event/../../src/core/lv_disp.h **** /**
 147:Middlewares/lvgl/examples/event/../../src/core/lv_disp.h ****  * Get a pointer to the screen refresher timer to
 148:Middlewares/lvgl/examples/event/../../src/core/lv_disp.h ****  * modify its parameters with `lv_timer_...` functions.
 149:Middlewares/lvgl/examples/event/../../src/core/lv_disp.h ****  * @param disp pointer to a display
 150:Middlewares/lvgl/examples/event/../../src/core/lv_disp.h ****  * @return pointer to the display refresher timer. (NULL on error)
 151:Middlewares/lvgl/examples/event/../../src/core/lv_disp.h ****  */
 152:Middlewares/lvgl/examples/event/../../src/core/lv_disp.h **** lv_timer_t * _lv_disp_get_refr_timer(lv_disp_t * disp);
 153:Middlewares/lvgl/examples/event/../../src/core/lv_disp.h **** 
 154:Middlewares/lvgl/examples/event/../../src/core/lv_disp.h **** /*------------------------------------------------
 155:Middlewares/lvgl/examples/event/../../src/core/lv_disp.h ****  * To improve backward compatibility
 156:Middlewares/lvgl/examples/event/../../src/core/lv_disp.h ****  * Recommended only if you have one display
 157:Middlewares/lvgl/examples/event/../../src/core/lv_disp.h ****  *------------------------------------------------*/
 158:Middlewares/lvgl/examples/event/../../src/core/lv_disp.h **** 
 159:Middlewares/lvgl/examples/event/../../src/core/lv_disp.h **** /**
 160:Middlewares/lvgl/examples/event/../../src/core/lv_disp.h ****  * Get the active screen of the default display
 161:Middlewares/lvgl/examples/event/../../src/core/lv_disp.h ****  * @return pointer to the active screen
 162:Middlewares/lvgl/examples/event/../../src/core/lv_disp.h ****  */
 163:Middlewares/lvgl/examples/event/../../src/core/lv_disp.h **** static inline lv_obj_t * lv_scr_act(void)
 157              		.loc 2 163 26 view .LVU20
 158              	.LBB15:
 164:Middlewares/lvgl/examples/event/../../src/core/lv_disp.h **** {
 165:Middlewares/lvgl/examples/event/../../src/core/lv_disp.h ****     return lv_disp_get_scr_act(lv_disp_get_default());
 159              		.loc 2 165 5 view .LVU21
 160              		.loc 2 165 12 is_stmt 0 view .LVU22
 161 0002 FFF7FEFF 		bl	lv_disp_get_default
 162              	.LVL11:
 163 0006 FFF7FEFF 		bl	lv_disp_get_scr_act
 164              	.LVL12:
 165              	.LBE15:
 166              	.LBE14:
 167              		.loc 1 32 22 view .LVU23
 168 000a FFF7FEFF 		bl	lv_btn_create
 169              	.LVL13:
 170 000e 0446     		mov	r4, r0
 171              	.LVL14:
  33:Middlewares/lvgl/examples/event/lv_example_event_2.c ****     lv_obj_set_size(btn, 100, 50);
 172              		.loc 1 33 5 is_stmt 1 view .LVU24
 173 0010 3222     		movs	r2, #50
 174 0012 6421     		movs	r1, #100
 175 0014 FFF7FEFF 		bl	lv_obj_set_size
 176              	.LVL15:
ARM GAS  /tmp/ccLy4IQS.s 			page 8


  34:Middlewares/lvgl/examples/event/lv_example_event_2.c ****     lv_obj_center(btn);
 177              		.loc 1 34 5 view .LVU25
 178              	.LBB16:
 179              	.LBI16:
 180              		.file 3 "Middlewares/lvgl/examples/event/../../src/core/lv_obj_pos.h"
   1:Middlewares/lvgl/examples/event/../../src/core/lv_obj_pos.h **** /**
   2:Middlewares/lvgl/examples/event/../../src/core/lv_obj_pos.h ****  * @file lv_obj_pos.h
   3:Middlewares/lvgl/examples/event/../../src/core/lv_obj_pos.h ****  *
   4:Middlewares/lvgl/examples/event/../../src/core/lv_obj_pos.h ****  */
   5:Middlewares/lvgl/examples/event/../../src/core/lv_obj_pos.h **** 
   6:Middlewares/lvgl/examples/event/../../src/core/lv_obj_pos.h **** #ifndef LV_OBJ_POS_H
   7:Middlewares/lvgl/examples/event/../../src/core/lv_obj_pos.h **** #define LV_OBJ_POS_H
   8:Middlewares/lvgl/examples/event/../../src/core/lv_obj_pos.h **** 
   9:Middlewares/lvgl/examples/event/../../src/core/lv_obj_pos.h **** #ifdef __cplusplus
  10:Middlewares/lvgl/examples/event/../../src/core/lv_obj_pos.h **** extern "C" {
  11:Middlewares/lvgl/examples/event/../../src/core/lv_obj_pos.h **** #endif
  12:Middlewares/lvgl/examples/event/../../src/core/lv_obj_pos.h **** 
  13:Middlewares/lvgl/examples/event/../../src/core/lv_obj_pos.h **** /*********************
  14:Middlewares/lvgl/examples/event/../../src/core/lv_obj_pos.h ****  *      INCLUDES
  15:Middlewares/lvgl/examples/event/../../src/core/lv_obj_pos.h ****  *********************/
  16:Middlewares/lvgl/examples/event/../../src/core/lv_obj_pos.h **** #include "../misc/lv_area.h"
  17:Middlewares/lvgl/examples/event/../../src/core/lv_obj_pos.h **** 
  18:Middlewares/lvgl/examples/event/../../src/core/lv_obj_pos.h **** /*********************
  19:Middlewares/lvgl/examples/event/../../src/core/lv_obj_pos.h ****  *      DEFINES
  20:Middlewares/lvgl/examples/event/../../src/core/lv_obj_pos.h ****  *********************/
  21:Middlewares/lvgl/examples/event/../../src/core/lv_obj_pos.h **** 
  22:Middlewares/lvgl/examples/event/../../src/core/lv_obj_pos.h **** /**********************
  23:Middlewares/lvgl/examples/event/../../src/core/lv_obj_pos.h ****  *      TYPEDEFS
  24:Middlewares/lvgl/examples/event/../../src/core/lv_obj_pos.h ****  **********************/
  25:Middlewares/lvgl/examples/event/../../src/core/lv_obj_pos.h **** struct _lv_obj_t;
  26:Middlewares/lvgl/examples/event/../../src/core/lv_obj_pos.h **** 
  27:Middlewares/lvgl/examples/event/../../src/core/lv_obj_pos.h **** typedef void (*lv_layout_update_cb_t)(struct _lv_obj_t *, void * user_data);
  28:Middlewares/lvgl/examples/event/../../src/core/lv_obj_pos.h **** typedef struct {
  29:Middlewares/lvgl/examples/event/../../src/core/lv_obj_pos.h ****     lv_layout_update_cb_t cb;
  30:Middlewares/lvgl/examples/event/../../src/core/lv_obj_pos.h ****     void * user_data;
  31:Middlewares/lvgl/examples/event/../../src/core/lv_obj_pos.h **** }lv_layout_dsc_t;
  32:Middlewares/lvgl/examples/event/../../src/core/lv_obj_pos.h **** 
  33:Middlewares/lvgl/examples/event/../../src/core/lv_obj_pos.h **** /**********************
  34:Middlewares/lvgl/examples/event/../../src/core/lv_obj_pos.h ****  * GLOBAL PROTOTYPES
  35:Middlewares/lvgl/examples/event/../../src/core/lv_obj_pos.h ****  **********************/
  36:Middlewares/lvgl/examples/event/../../src/core/lv_obj_pos.h **** 
  37:Middlewares/lvgl/examples/event/../../src/core/lv_obj_pos.h **** /**
  38:Middlewares/lvgl/examples/event/../../src/core/lv_obj_pos.h ****  * Set the relative the position of an object (relative to the parent's top left corner)
  39:Middlewares/lvgl/examples/event/../../src/core/lv_obj_pos.h ****  * @param obj       pointer to an object
  40:Middlewares/lvgl/examples/event/../../src/core/lv_obj_pos.h ****  * @param x         new distance from the left side of the parent plus the parent's left padding
  41:Middlewares/lvgl/examples/event/../../src/core/lv_obj_pos.h ****  * @param y         new distance from the top side of the parent  plus the parent's right padding
  42:Middlewares/lvgl/examples/event/../../src/core/lv_obj_pos.h ****  */
  43:Middlewares/lvgl/examples/event/../../src/core/lv_obj_pos.h **** void lv_obj_set_pos(struct _lv_obj_t * obj, lv_coord_t x, lv_coord_t y);
  44:Middlewares/lvgl/examples/event/../../src/core/lv_obj_pos.h **** 
  45:Middlewares/lvgl/examples/event/../../src/core/lv_obj_pos.h **** /**
  46:Middlewares/lvgl/examples/event/../../src/core/lv_obj_pos.h ****  * Set the x coordinate of a object
  47:Middlewares/lvgl/examples/event/../../src/core/lv_obj_pos.h ****  * @param obj       pointer to an object
  48:Middlewares/lvgl/examples/event/../../src/core/lv_obj_pos.h ****  * @param x         new distance from the left side from the parent plus the parent's left padding
  49:Middlewares/lvgl/examples/event/../../src/core/lv_obj_pos.h ****  */
  50:Middlewares/lvgl/examples/event/../../src/core/lv_obj_pos.h **** void lv_obj_set_x(struct _lv_obj_t * obj, lv_coord_t x);
  51:Middlewares/lvgl/examples/event/../../src/core/lv_obj_pos.h **** 
  52:Middlewares/lvgl/examples/event/../../src/core/lv_obj_pos.h **** /**
ARM GAS  /tmp/ccLy4IQS.s 			page 9


  53:Middlewares/lvgl/examples/event/../../src/core/lv_obj_pos.h ****  * Set the y coordinate of a object
  54:Middlewares/lvgl/examples/event/../../src/core/lv_obj_pos.h ****  * @param obj       pointer to an object
  55:Middlewares/lvgl/examples/event/../../src/core/lv_obj_pos.h ****  * @param y         new distance from the top of the parent  plus the parent's top padding
  56:Middlewares/lvgl/examples/event/../../src/core/lv_obj_pos.h ****  */
  57:Middlewares/lvgl/examples/event/../../src/core/lv_obj_pos.h **** void lv_obj_set_y(struct _lv_obj_t * obj, lv_coord_t y);
  58:Middlewares/lvgl/examples/event/../../src/core/lv_obj_pos.h **** 
  59:Middlewares/lvgl/examples/event/../../src/core/lv_obj_pos.h **** /**
  60:Middlewares/lvgl/examples/event/../../src/core/lv_obj_pos.h ****  * Set the size of an object.
  61:Middlewares/lvgl/examples/event/../../src/core/lv_obj_pos.h ****  * @param obj       pointer to an object
  62:Middlewares/lvgl/examples/event/../../src/core/lv_obj_pos.h ****  * @param w         the new width
  63:Middlewares/lvgl/examples/event/../../src/core/lv_obj_pos.h ****  * @param h         the new height
  64:Middlewares/lvgl/examples/event/../../src/core/lv_obj_pos.h ****  * @note            possible values are:
  65:Middlewares/lvgl/examples/event/../../src/core/lv_obj_pos.h ****  *                  pixel               simple set the size accordingly
  66:Middlewares/lvgl/examples/event/../../src/core/lv_obj_pos.h ****  *                  LV_SIZE_CONTENT     set the size to involve all children in the given direction
  67:Middlewares/lvgl/examples/event/../../src/core/lv_obj_pos.h ****  *                  LV_SIZE_PCT(x)     to set size in percentage of the parent's content area size 
  68:Middlewares/lvgl/examples/event/../../src/core/lv_obj_pos.h ****  *                                      x should be in [0..1000]% range
  69:Middlewares/lvgl/examples/event/../../src/core/lv_obj_pos.h ****  */
  70:Middlewares/lvgl/examples/event/../../src/core/lv_obj_pos.h **** void lv_obj_set_size(struct _lv_obj_t * obj, lv_coord_t w, lv_coord_t h);
  71:Middlewares/lvgl/examples/event/../../src/core/lv_obj_pos.h **** 
  72:Middlewares/lvgl/examples/event/../../src/core/lv_obj_pos.h **** /**
  73:Middlewares/lvgl/examples/event/../../src/core/lv_obj_pos.h ****  * Recalculate the size of the object
  74:Middlewares/lvgl/examples/event/../../src/core/lv_obj_pos.h ****  * @param obj       pointer to an object
  75:Middlewares/lvgl/examples/event/../../src/core/lv_obj_pos.h ****  * @return          true: the size has been changed
  76:Middlewares/lvgl/examples/event/../../src/core/lv_obj_pos.h ****  */
  77:Middlewares/lvgl/examples/event/../../src/core/lv_obj_pos.h **** bool lv_obj_refr_size(struct _lv_obj_t * obj);
  78:Middlewares/lvgl/examples/event/../../src/core/lv_obj_pos.h **** 
  79:Middlewares/lvgl/examples/event/../../src/core/lv_obj_pos.h **** /**
  80:Middlewares/lvgl/examples/event/../../src/core/lv_obj_pos.h ****  * Set the width of an object
  81:Middlewares/lvgl/examples/event/../../src/core/lv_obj_pos.h ****  * @param obj       pointer to an object
  82:Middlewares/lvgl/examples/event/../../src/core/lv_obj_pos.h ****  * @param w         the new width
  83:Middlewares/lvgl/examples/event/../../src/core/lv_obj_pos.h ****  * @note            possible values are:
  84:Middlewares/lvgl/examples/event/../../src/core/lv_obj_pos.h ****  *                  pixel               simple set the size accordingly
  85:Middlewares/lvgl/examples/event/../../src/core/lv_obj_pos.h ****  *                  LV_SIZE_CONTENT     set the size to involve all children in the given direction
  86:Middlewares/lvgl/examples/event/../../src/core/lv_obj_pos.h ****  *                  lv_pct(x)           to set size in percentage of the parent's content area size
  87:Middlewares/lvgl/examples/event/../../src/core/lv_obj_pos.h ****  *                                      x should be in [0..1000]% range
  88:Middlewares/lvgl/examples/event/../../src/core/lv_obj_pos.h ****  */
  89:Middlewares/lvgl/examples/event/../../src/core/lv_obj_pos.h **** void lv_obj_set_width(struct _lv_obj_t * obj, lv_coord_t w);
  90:Middlewares/lvgl/examples/event/../../src/core/lv_obj_pos.h **** 
  91:Middlewares/lvgl/examples/event/../../src/core/lv_obj_pos.h **** /**
  92:Middlewares/lvgl/examples/event/../../src/core/lv_obj_pos.h ****  * Set the height of an object
  93:Middlewares/lvgl/examples/event/../../src/core/lv_obj_pos.h ****  * @param obj       pointer to an object
  94:Middlewares/lvgl/examples/event/../../src/core/lv_obj_pos.h ****  * @param h         the new height
  95:Middlewares/lvgl/examples/event/../../src/core/lv_obj_pos.h ****  * @note            possible values are:
  96:Middlewares/lvgl/examples/event/../../src/core/lv_obj_pos.h ****  *                  pixel               simple set the size accordingly
  97:Middlewares/lvgl/examples/event/../../src/core/lv_obj_pos.h ****  *                  LV_SIZE_CONTENT     set the size to involve all children in the given direction
  98:Middlewares/lvgl/examples/event/../../src/core/lv_obj_pos.h ****  *                  lv_pct(x)           to set size in percentage of the parent's content area size
  99:Middlewares/lvgl/examples/event/../../src/core/lv_obj_pos.h ****  *                                      x should be in [0..1000]% range
 100:Middlewares/lvgl/examples/event/../../src/core/lv_obj_pos.h ****  */
 101:Middlewares/lvgl/examples/event/../../src/core/lv_obj_pos.h **** void lv_obj_set_height(struct _lv_obj_t * obj, lv_coord_t h);
 102:Middlewares/lvgl/examples/event/../../src/core/lv_obj_pos.h **** 
 103:Middlewares/lvgl/examples/event/../../src/core/lv_obj_pos.h **** /**
 104:Middlewares/lvgl/examples/event/../../src/core/lv_obj_pos.h ****  * Set the width reduced by the left and right padding and the border width.
 105:Middlewares/lvgl/examples/event/../../src/core/lv_obj_pos.h ****  * @param obj       pointer to an object
 106:Middlewares/lvgl/examples/event/../../src/core/lv_obj_pos.h ****  * @param w         the width without paddings in pixels
 107:Middlewares/lvgl/examples/event/../../src/core/lv_obj_pos.h ****  */
 108:Middlewares/lvgl/examples/event/../../src/core/lv_obj_pos.h **** void lv_obj_set_content_width(struct _lv_obj_t * obj, lv_coord_t w);
 109:Middlewares/lvgl/examples/event/../../src/core/lv_obj_pos.h **** 
ARM GAS  /tmp/ccLy4IQS.s 			page 10


 110:Middlewares/lvgl/examples/event/../../src/core/lv_obj_pos.h **** /**
 111:Middlewares/lvgl/examples/event/../../src/core/lv_obj_pos.h ****  * Set the height reduced by the top and bottom padding and the border width.
 112:Middlewares/lvgl/examples/event/../../src/core/lv_obj_pos.h ****  * @param obj       pointer to an object
 113:Middlewares/lvgl/examples/event/../../src/core/lv_obj_pos.h ****  * @param h         the height without paddings in pixels
 114:Middlewares/lvgl/examples/event/../../src/core/lv_obj_pos.h ****  */
 115:Middlewares/lvgl/examples/event/../../src/core/lv_obj_pos.h **** void lv_obj_set_content_height(struct _lv_obj_t * obj, lv_coord_t h);
 116:Middlewares/lvgl/examples/event/../../src/core/lv_obj_pos.h **** 
 117:Middlewares/lvgl/examples/event/../../src/core/lv_obj_pos.h **** /**
 118:Middlewares/lvgl/examples/event/../../src/core/lv_obj_pos.h ****  * Set a layout for an object
 119:Middlewares/lvgl/examples/event/../../src/core/lv_obj_pos.h ****  * @param obj       pointer to an object
 120:Middlewares/lvgl/examples/event/../../src/core/lv_obj_pos.h ****  * @param layout    pointer to a layout descriptor to set
 121:Middlewares/lvgl/examples/event/../../src/core/lv_obj_pos.h ****  */
 122:Middlewares/lvgl/examples/event/../../src/core/lv_obj_pos.h **** void lv_obj_set_layout(struct _lv_obj_t * obj, uint32_t layout);
 123:Middlewares/lvgl/examples/event/../../src/core/lv_obj_pos.h **** 
 124:Middlewares/lvgl/examples/event/../../src/core/lv_obj_pos.h **** /**
 125:Middlewares/lvgl/examples/event/../../src/core/lv_obj_pos.h ****  * Test whether the and object is positioned by a layout or not
 126:Middlewares/lvgl/examples/event/../../src/core/lv_obj_pos.h ****  * @param obj       pointer to an object to test
 127:Middlewares/lvgl/examples/event/../../src/core/lv_obj_pos.h ****  * @return true:    positioned by a layout; false: not positioned by a layout
 128:Middlewares/lvgl/examples/event/../../src/core/lv_obj_pos.h ****  */
 129:Middlewares/lvgl/examples/event/../../src/core/lv_obj_pos.h **** bool lv_obj_is_layout_positioned(const struct _lv_obj_t * obj);
 130:Middlewares/lvgl/examples/event/../../src/core/lv_obj_pos.h **** 
 131:Middlewares/lvgl/examples/event/../../src/core/lv_obj_pos.h **** /**
 132:Middlewares/lvgl/examples/event/../../src/core/lv_obj_pos.h ****  * Mark the object for layout update.
 133:Middlewares/lvgl/examples/event/../../src/core/lv_obj_pos.h ****  * @param obj      pointer to an object whose children needs to be updated
 134:Middlewares/lvgl/examples/event/../../src/core/lv_obj_pos.h ****  */
 135:Middlewares/lvgl/examples/event/../../src/core/lv_obj_pos.h **** void lv_obj_mark_layout_as_dirty(struct _lv_obj_t * obj);
 136:Middlewares/lvgl/examples/event/../../src/core/lv_obj_pos.h **** 
 137:Middlewares/lvgl/examples/event/../../src/core/lv_obj_pos.h **** /**
 138:Middlewares/lvgl/examples/event/../../src/core/lv_obj_pos.h ****  * Update the layout of an object.
 139:Middlewares/lvgl/examples/event/../../src/core/lv_obj_pos.h ****  * @param obj      pointer to an object whose children needs to be updated
 140:Middlewares/lvgl/examples/event/../../src/core/lv_obj_pos.h ****  */
 141:Middlewares/lvgl/examples/event/../../src/core/lv_obj_pos.h **** void lv_obj_update_layout(const struct _lv_obj_t * obj);
 142:Middlewares/lvgl/examples/event/../../src/core/lv_obj_pos.h **** 
 143:Middlewares/lvgl/examples/event/../../src/core/lv_obj_pos.h **** /**
 144:Middlewares/lvgl/examples/event/../../src/core/lv_obj_pos.h ****  * Regsiter a new layout
 145:Middlewares/lvgl/examples/event/../../src/core/lv_obj_pos.h ****  * @param cb        the layout update callback
 146:Middlewares/lvgl/examples/event/../../src/core/lv_obj_pos.h ****  * @param user_data custom data that will be passed to `cb`
 147:Middlewares/lvgl/examples/event/../../src/core/lv_obj_pos.h ****  * @return          the ID of the new layout
 148:Middlewares/lvgl/examples/event/../../src/core/lv_obj_pos.h ****  */
 149:Middlewares/lvgl/examples/event/../../src/core/lv_obj_pos.h **** uint32_t lv_layout_register(lv_layout_update_cb_t cb, void * user_data);
 150:Middlewares/lvgl/examples/event/../../src/core/lv_obj_pos.h **** 
 151:Middlewares/lvgl/examples/event/../../src/core/lv_obj_pos.h **** /**
 152:Middlewares/lvgl/examples/event/../../src/core/lv_obj_pos.h ****  * Change the alignment of an object.
 153:Middlewares/lvgl/examples/event/../../src/core/lv_obj_pos.h ****  * @param obj       pointer to an object to align
 154:Middlewares/lvgl/examples/event/../../src/core/lv_obj_pos.h ****  * @param align     type of alignment (see 'lv_align_t' enum) `LV_ALIGN_OUT_...` can't be used.
 155:Middlewares/lvgl/examples/event/../../src/core/lv_obj_pos.h ****  */
 156:Middlewares/lvgl/examples/event/../../src/core/lv_obj_pos.h **** void lv_obj_set_align(struct _lv_obj_t * obj, lv_align_t align);
 157:Middlewares/lvgl/examples/event/../../src/core/lv_obj_pos.h **** 
 158:Middlewares/lvgl/examples/event/../../src/core/lv_obj_pos.h **** /**
 159:Middlewares/lvgl/examples/event/../../src/core/lv_obj_pos.h ****  * Change the alignment of an object and set new coordinates.
 160:Middlewares/lvgl/examples/event/../../src/core/lv_obj_pos.h ****  * Equivalent to:
 161:Middlewares/lvgl/examples/event/../../src/core/lv_obj_pos.h ****  * lv_obj_set_align(obj, align);
 162:Middlewares/lvgl/examples/event/../../src/core/lv_obj_pos.h ****  * lv_obj_set_pos(obj, x_ofs, y_ofs);
 163:Middlewares/lvgl/examples/event/../../src/core/lv_obj_pos.h ****  * @param obj       pointer to an object to align
 164:Middlewares/lvgl/examples/event/../../src/core/lv_obj_pos.h ****  * @param align     type of alignment (see 'lv_align_t' enum) `LV_ALIGN_OUT_...` can't be used.
 165:Middlewares/lvgl/examples/event/../../src/core/lv_obj_pos.h ****  * @param x_ofs     x coordinate offset after alignment
 166:Middlewares/lvgl/examples/event/../../src/core/lv_obj_pos.h ****  * @param y_ofs     y coordinate offset after alignment
ARM GAS  /tmp/ccLy4IQS.s 			page 11


 167:Middlewares/lvgl/examples/event/../../src/core/lv_obj_pos.h ****  */
 168:Middlewares/lvgl/examples/event/../../src/core/lv_obj_pos.h **** void lv_obj_align(struct _lv_obj_t * obj, lv_align_t align, lv_coord_t x_ofs, lv_coord_t y_ofs);
 169:Middlewares/lvgl/examples/event/../../src/core/lv_obj_pos.h **** 
 170:Middlewares/lvgl/examples/event/../../src/core/lv_obj_pos.h **** /**
 171:Middlewares/lvgl/examples/event/../../src/core/lv_obj_pos.h ****  * Align an object to an other object.
 172:Middlewares/lvgl/examples/event/../../src/core/lv_obj_pos.h ****  * @param obj       pointer to an object to align
 173:Middlewares/lvgl/examples/event/../../src/core/lv_obj_pos.h ****  * @param base      pointer to an other object (if NULL `obj`s parent is used). 'obj' will be align
 174:Middlewares/lvgl/examples/event/../../src/core/lv_obj_pos.h ****  * @param align     type of alignment (see 'lv_align_t' enum)
 175:Middlewares/lvgl/examples/event/../../src/core/lv_obj_pos.h ****  * @param x_ofs     x coordinate offset after alignment
 176:Middlewares/lvgl/examples/event/../../src/core/lv_obj_pos.h ****  * @param y_ofs     y coordinate offset after alignment
 177:Middlewares/lvgl/examples/event/../../src/core/lv_obj_pos.h ****  * @note            if the position or size of `base` changes `obj` needs to be aligned manually ag
 178:Middlewares/lvgl/examples/event/../../src/core/lv_obj_pos.h ****  */
 179:Middlewares/lvgl/examples/event/../../src/core/lv_obj_pos.h **** void lv_obj_align_to(struct _lv_obj_t * obj, const struct _lv_obj_t * base, lv_align_t align, lv_co
 180:Middlewares/lvgl/examples/event/../../src/core/lv_obj_pos.h **** 
 181:Middlewares/lvgl/examples/event/../../src/core/lv_obj_pos.h **** /**
 182:Middlewares/lvgl/examples/event/../../src/core/lv_obj_pos.h ****  * Align an object to the center on its parent.
 183:Middlewares/lvgl/examples/event/../../src/core/lv_obj_pos.h ****  * @param obj       pointer to an object to align
 184:Middlewares/lvgl/examples/event/../../src/core/lv_obj_pos.h ****  * @note            if the parent size changes `obj` needs to be aligned manually again
 185:Middlewares/lvgl/examples/event/../../src/core/lv_obj_pos.h ****  */
 186:Middlewares/lvgl/examples/event/../../src/core/lv_obj_pos.h **** static inline void lv_obj_center(struct _lv_obj_t * obj)
 181              		.loc 3 186 20 view .LVU26
 182              	.LBB17:
 187:Middlewares/lvgl/examples/event/../../src/core/lv_obj_pos.h **** {
 188:Middlewares/lvgl/examples/event/../../src/core/lv_obj_pos.h ****     lv_obj_align(obj, LV_ALIGN_CENTER, 0, 0);
 183              		.loc 3 188 5 view .LVU27
 184 0018 0023     		movs	r3, #0
 185 001a 1A46     		mov	r2, r3
 186 001c 0921     		movs	r1, #9
 187 001e 2046     		mov	r0, r4
 188 0020 FFF7FEFF 		bl	lv_obj_align
 189              	.LVL16:
 190              		.loc 3 188 5 is_stmt 0 view .LVU28
 191              	.LBE17:
 192              	.LBE16:
  35:Middlewares/lvgl/examples/event/lv_example_event_2.c **** 
  36:Middlewares/lvgl/examples/event/lv_example_event_2.c ****     lv_obj_t * btn_label = lv_label_create(btn);
 193              		.loc 1 36 5 is_stmt 1 view .LVU29
 194              		.loc 1 36 28 is_stmt 0 view .LVU30
 195 0024 2046     		mov	r0, r4
 196 0026 FFF7FEFF 		bl	lv_label_create
 197              	.LVL17:
 198 002a 0546     		mov	r5, r0
 199              	.LVL18:
  37:Middlewares/lvgl/examples/event/lv_example_event_2.c ****     lv_label_set_text(btn_label, "Click me!");
 200              		.loc 1 37 5 is_stmt 1 view .LVU31
 201 002c 0C49     		ldr	r1, .L13
 202 002e FFF7FEFF 		bl	lv_label_set_text
 203              	.LVL19:
  38:Middlewares/lvgl/examples/event/lv_example_event_2.c ****     lv_obj_center(btn_label);
 204              		.loc 1 38 5 view .LVU32
 205              	.LBB18:
 206              	.LBI18:
 186:Middlewares/lvgl/examples/event/../../src/core/lv_obj_pos.h **** {
 207              		.loc 3 186 20 view .LVU33
 208              	.LBB19:
 209              		.loc 3 188 5 view .LVU34
 210 0032 0023     		movs	r3, #0
ARM GAS  /tmp/ccLy4IQS.s 			page 12


 211 0034 1A46     		mov	r2, r3
 212 0036 0921     		movs	r1, #9
 213 0038 2846     		mov	r0, r5
 214 003a FFF7FEFF 		bl	lv_obj_align
 215              	.LVL20:
 216              		.loc 3 188 5 is_stmt 0 view .LVU35
 217              	.LBE19:
 218              	.LBE18:
  39:Middlewares/lvgl/examples/event/lv_example_event_2.c **** 
  40:Middlewares/lvgl/examples/event/lv_example_event_2.c ****     lv_obj_t * info_label = lv_label_create(lv_scr_act());
 219              		.loc 1 40 5 is_stmt 1 view .LVU36
 220              	.LBB20:
 221              	.LBI20:
 163:Middlewares/lvgl/examples/event/../../src/core/lv_disp.h **** {
 222              		.loc 2 163 26 view .LVU37
 223              	.LBB21:
 224              		.loc 2 165 5 view .LVU38
 225              		.loc 2 165 12 is_stmt 0 view .LVU39
 226 003e FFF7FEFF 		bl	lv_disp_get_default
 227              	.LVL21:
 228 0042 FFF7FEFF 		bl	lv_disp_get_scr_act
 229              	.LVL22:
 230              	.LBE21:
 231              	.LBE20:
 232              		.loc 1 40 29 view .LVU40
 233 0046 FFF7FEFF 		bl	lv_label_create
 234              	.LVL23:
 235 004a 0546     		mov	r5, r0
 236              	.LVL24:
  41:Middlewares/lvgl/examples/event/lv_example_event_2.c ****     lv_label_set_text(info_label, "The last button event:\nNone");
 237              		.loc 1 41 5 is_stmt 1 view .LVU41
 238 004c 0549     		ldr	r1, .L13+4
 239 004e FFF7FEFF 		bl	lv_label_set_text
 240              	.LVL25:
  42:Middlewares/lvgl/examples/event/lv_example_event_2.c **** 
  43:Middlewares/lvgl/examples/event/lv_example_event_2.c ****     lv_obj_add_event_cb(btn, event_cb, LV_EVENT_ALL, info_label);
 241              		.loc 1 43 5 view .LVU42
 242 0052 2B46     		mov	r3, r5
 243 0054 0022     		movs	r2, #0
 244 0056 0449     		ldr	r1, .L13+8
 245 0058 2046     		mov	r0, r4
 246 005a FFF7FEFF 		bl	lv_obj_add_event_cb
 247              	.LVL26:
  44:Middlewares/lvgl/examples/event/lv_example_event_2.c **** }
 248              		.loc 1 44 1 is_stmt 0 view .LVU43
 249 005e 38BD     		pop	{r3, r4, r5, pc}
 250              	.LVL27:
 251              	.L14:
 252              		.loc 1 44 1 view .LVU44
 253              		.align	2
 254              	.L13:
 255 0060 00000000 		.word	.LC4
 256 0064 0C000000 		.word	.LC5
 257 0068 00000000 		.word	event_cb
 258              		.cfi_endproc
 259              	.LFE185:
 261              		.text
ARM GAS  /tmp/ccLy4IQS.s 			page 13


 262              	.Letext0:
 263              		.file 4 "/home/akinya/gcc-arm-none-eabi/arm-none-eabi/include/machine/_default_types.h"
 264              		.file 5 "/home/akinya/gcc-arm-none-eabi/arm-none-eabi/include/sys/_stdint.h"
 265              		.file 6 "Middlewares/lvgl/examples/event/../../src/misc/lv_ll.h"
 266              		.file 7 "Middlewares/lvgl/examples/event/../../src/hal/../misc/lv_color.h"
 267              		.file 8 "Middlewares/lvgl/examples/event/../../src/hal/../misc/lv_area.h"
 268              		.file 9 "Middlewares/lvgl/examples/event/../../src/core/lv_obj.h"
 269              		.file 10 "Middlewares/lvgl/examples/event/../../src/core/lv_group.h"
 270              		.file 11 "Middlewares/lvgl/examples/event/../../src/core/../misc/lv_style.h"
 271              		.file 12 "Middlewares/lvgl/examples/event/../../src/core/lv_obj_scroll.h"
 272              		.file 13 "Middlewares/lvgl/examples/event/../../src/core/lv_obj_style.h"
 273              		.file 14 "Middlewares/lvgl/examples/event/../../src/core/lv_obj_class.h"
 274              		.file 15 "Middlewares/lvgl/examples/event/../../src/core/lv_event.h"
 275              		.file 16 "Middlewares/lvgl/examples/event/../../src/hal/lv_hal_disp.h"
 276              		.file 17 "Middlewares/lvgl/examples/event/../../src/widgets/lv_btn.h"
 277              		.file 18 "Middlewares/lvgl/examples/event/../../src/widgets/lv_label.h"
ARM GAS  /tmp/ccLy4IQS.s 			page 14


DEFINED SYMBOLS
                            *ABS*:0000000000000000 lv_example_event_2.c
     /tmp/ccLy4IQS.s:17     .rodata.event_cb.str1.4:0000000000000000 $d
     /tmp/ccLy4IQS.s:31     .text.event_cb:0000000000000000 $t
     /tmp/ccLy4IQS.s:38     .text.event_cb:0000000000000000 event_cb
     /tmp/ccLy4IQS.s:73     .text.event_cb:000000000000001a $d
     /tmp/ccLy4IQS.s:118    .text.event_cb:0000000000000044 $d
     /tmp/ccLy4IQS.s:126    .rodata.lv_example_event_2.str1.4:0000000000000000 $d
     /tmp/ccLy4IQS.s:133    .text.lv_example_event_2:0000000000000000 $t
     /tmp/ccLy4IQS.s:140    .text.lv_example_event_2:0000000000000000 lv_example_event_2
     /tmp/ccLy4IQS.s:255    .text.lv_example_event_2:0000000000000060 $d
     /tmp/ccLy4IQS.s:80     .text.event_cb:0000000000000021 $d
     /tmp/ccLy4IQS.s:80     .text.event_cb:0000000000000022 $t

UNDEFINED SYMBOLS
lv_event_get_code
lv_event_get_user_data
lv_label_set_text
lv_disp_get_default
lv_disp_get_scr_act
lv_btn_create
lv_obj_set_size
lv_obj_align
lv_label_create
lv_obj_add_event_cb
