ARM GAS  /tmp/cc6ebtHb.s 			page 1


   1              		.cpu cortex-m7
   2              		.eabi_attribute 28, 1
   3              		.eabi_attribute 20, 1
   4              		.eabi_attribute 21, 1
   5              		.eabi_attribute 23, 3
   6              		.eabi_attribute 24, 1
   7              		.eabi_attribute 25, 1
   8              		.eabi_attribute 26, 1
   9              		.eabi_attribute 30, 1
  10              		.eabi_attribute 34, 1
  11              		.eabi_attribute 18, 4
  12              		.file	"lv_example_textarea_1.c"
  13              		.text
  14              	.Ltext0:
  15              		.cfi_sections	.debug_frame
  16              		.section	.text.textarea_event_handler,"ax",%progbits
  17              		.align	1
  18              		.arch armv7e-m
  19              		.syntax unified
  20              		.thumb
  21              		.thumb_func
  22              		.fpu fpv5-d16
  24              	textarea_event_handler:
  25              	.LVL0:
  26              	.LFB184:
  27              		.file 1 "Middlewares/lvgl/examples/widgets/textarea/lv_example_textarea_1.c"
   1:Middlewares/lvgl/examples/widgets/textarea/lv_example_textarea_1.c **** #include "../../lv_examples.h"
   2:Middlewares/lvgl/examples/widgets/textarea/lv_example_textarea_1.c **** #if LV_USE_TEXTAREA && LV_BUILD_EXAMPLES
   3:Middlewares/lvgl/examples/widgets/textarea/lv_example_textarea_1.c **** 
   4:Middlewares/lvgl/examples/widgets/textarea/lv_example_textarea_1.c **** static void textarea_event_handler(lv_event_t * e)
   5:Middlewares/lvgl/examples/widgets/textarea/lv_example_textarea_1.c **** {
  28              		.loc 1 5 1 view -0
  29              		.cfi_startproc
  30              		@ args = 0, pretend = 0, frame = 0
  31              		@ frame_needed = 0, uses_anonymous_args = 0
  32              		.loc 1 5 1 is_stmt 0 view .LVU1
  33 0000 08B5     		push	{r3, lr}
  34              	.LCFI0:
  35              		.cfi_def_cfa_offset 8
  36              		.cfi_offset 3, -8
  37              		.cfi_offset 14, -4
   6:Middlewares/lvgl/examples/widgets/textarea/lv_example_textarea_1.c ****     lv_obj_t * ta = lv_event_get_target(e);
  38              		.loc 1 6 5 is_stmt 1 view .LVU2
  39              		.loc 1 6 21 is_stmt 0 view .LVU3
  40 0002 FFF7FEFF 		bl	lv_event_get_target
  41              	.LVL1:
   7:Middlewares/lvgl/examples/widgets/textarea/lv_example_textarea_1.c ****     LV_LOG_USER("Enter was pressed. The current text is: %s", lv_textarea_get_text(ta));
  42              		.loc 1 7 88 is_stmt 1 view .LVU4
   8:Middlewares/lvgl/examples/widgets/textarea/lv_example_textarea_1.c **** }
  43              		.loc 1 8 1 is_stmt 0 view .LVU5
  44 0006 08BD     		pop	{r3, pc}
  45              		.cfi_endproc
  46              	.LFE184:
  48              		.section	.rodata.btnm_event_handler.str1.4,"aMS",%progbits,1
  49              		.align	2
  50              	.LC0:
  51 0000 EF959A00 		.ascii	"\357\225\232\000"
ARM GAS  /tmp/cc6ebtHb.s 			page 2


  52              		.align	2
  53              	.LC1:
  54 0004 EFA2A200 		.ascii	"\357\242\242\000"
  55              		.section	.text.btnm_event_handler,"ax",%progbits
  56              		.align	1
  57              		.syntax unified
  58              		.thumb
  59              		.thumb_func
  60              		.fpu fpv5-d16
  62              	btnm_event_handler:
  63              	.LVL2:
  64              	.LFB185:
   9:Middlewares/lvgl/examples/widgets/textarea/lv_example_textarea_1.c **** 
  10:Middlewares/lvgl/examples/widgets/textarea/lv_example_textarea_1.c **** static void btnm_event_handler(lv_event_t * e)
  11:Middlewares/lvgl/examples/widgets/textarea/lv_example_textarea_1.c **** {
  65              		.loc 1 11 1 is_stmt 1 view -0
  66              		.cfi_startproc
  67              		@ args = 0, pretend = 0, frame = 0
  68              		@ frame_needed = 0, uses_anonymous_args = 0
  69              		.loc 1 11 1 is_stmt 0 view .LVU7
  70 0000 38B5     		push	{r3, r4, r5, lr}
  71              	.LCFI1:
  72              		.cfi_def_cfa_offset 16
  73              		.cfi_offset 3, -16
  74              		.cfi_offset 4, -12
  75              		.cfi_offset 5, -8
  76              		.cfi_offset 14, -4
  77 0002 0546     		mov	r5, r0
  12:Middlewares/lvgl/examples/widgets/textarea/lv_example_textarea_1.c ****     lv_obj_t * obj = lv_event_get_target(e);
  78              		.loc 1 12 5 is_stmt 1 view .LVU8
  79              		.loc 1 12 22 is_stmt 0 view .LVU9
  80 0004 FFF7FEFF 		bl	lv_event_get_target
  81              	.LVL3:
  82              		.loc 1 12 22 view .LVU10
  83 0008 0446     		mov	r4, r0
  84              	.LVL4:
  13:Middlewares/lvgl/examples/widgets/textarea/lv_example_textarea_1.c ****     lv_obj_t * ta = lv_event_get_user_data(e);
  85              		.loc 1 13 5 is_stmt 1 view .LVU11
  86              		.loc 1 13 21 is_stmt 0 view .LVU12
  87 000a 2846     		mov	r0, r5
  88              	.LVL5:
  89              		.loc 1 13 21 view .LVU13
  90 000c FFF7FEFF 		bl	lv_event_get_user_data
  91              	.LVL6:
  92 0010 0546     		mov	r5, r0
  93              	.LVL7:
  14:Middlewares/lvgl/examples/widgets/textarea/lv_example_textarea_1.c ****     const char * txt = lv_btnmatrix_get_btn_text(obj, lv_btnmatrix_get_selected_btn(obj));
  94              		.loc 1 14 5 is_stmt 1 view .LVU14
  95              		.loc 1 14 24 is_stmt 0 view .LVU15
  96 0012 2046     		mov	r0, r4
  97              	.LVL8:
  98              		.loc 1 14 24 view .LVU16
  99 0014 FFF7FEFF 		bl	lv_btnmatrix_get_selected_btn
 100              	.LVL9:
 101 0018 0146     		mov	r1, r0
 102 001a 2046     		mov	r0, r4
 103 001c FFF7FEFF 		bl	lv_btnmatrix_get_btn_text
ARM GAS  /tmp/cc6ebtHb.s 			page 3


 104              	.LVL10:
 105 0020 0446     		mov	r4, r0
 106              	.LVL11:
  15:Middlewares/lvgl/examples/widgets/textarea/lv_example_textarea_1.c **** 
  16:Middlewares/lvgl/examples/widgets/textarea/lv_example_textarea_1.c ****     if(strcmp(txt, LV_SYMBOL_BACKSPACE) == 0) lv_textarea_del_char(ta);
 107              		.loc 1 16 5 is_stmt 1 view .LVU17
 108              		.loc 1 16 8 is_stmt 0 view .LVU18
 109 0022 0C49     		ldr	r1, .L9
 110 0024 FFF7FEFF 		bl	strcmp
 111              	.LVL12:
 112              		.loc 1 16 7 view .LVU19
 113 0028 50B1     		cbz	r0, .L8
  17:Middlewares/lvgl/examples/widgets/textarea/lv_example_textarea_1.c ****     else if(strcmp(txt, LV_SYMBOL_NEW_LINE) == 0) lv_event_send(ta, LV_EVENT_READY, NULL);
 114              		.loc 1 17 10 is_stmt 1 view .LVU20
 115              		.loc 1 17 13 is_stmt 0 view .LVU21
 116 002a 0B49     		ldr	r1, .L9+4
 117 002c 2046     		mov	r0, r4
 118 002e FFF7FEFF 		bl	strcmp
 119              	.LVL13:
 120              		.loc 1 17 12 view .LVU22
 121 0032 48B9     		cbnz	r0, .L6
 122              		.loc 1 17 51 is_stmt 1 discriminator 1 view .LVU23
 123 0034 0022     		movs	r2, #0
 124 0036 1F21     		movs	r1, #31
 125 0038 2846     		mov	r0, r5
 126 003a FFF7FEFF 		bl	lv_event_send
 127              	.LVL14:
 128              	.L3:
  18:Middlewares/lvgl/examples/widgets/textarea/lv_example_textarea_1.c ****     else lv_textarea_add_text(ta, txt);
  19:Middlewares/lvgl/examples/widgets/textarea/lv_example_textarea_1.c **** 
  20:Middlewares/lvgl/examples/widgets/textarea/lv_example_textarea_1.c **** }
 129              		.loc 1 20 1 is_stmt 0 view .LVU24
 130 003e 38BD     		pop	{r3, r4, r5, pc}
 131              	.LVL15:
 132              	.L8:
  16:Middlewares/lvgl/examples/widgets/textarea/lv_example_textarea_1.c ****     else if(strcmp(txt, LV_SYMBOL_NEW_LINE) == 0) lv_event_send(ta, LV_EVENT_READY, NULL);
 133              		.loc 1 16 47 is_stmt 1 discriminator 1 view .LVU25
 134 0040 2846     		mov	r0, r5
 135 0042 FFF7FEFF 		bl	lv_textarea_del_char
 136              	.LVL16:
 137 0046 FAE7     		b	.L3
 138              	.L6:
  18:Middlewares/lvgl/examples/widgets/textarea/lv_example_textarea_1.c ****     else lv_textarea_add_text(ta, txt);
 139              		.loc 1 18 10 view .LVU26
 140 0048 2146     		mov	r1, r4
 141 004a 2846     		mov	r0, r5
 142 004c FFF7FEFF 		bl	lv_textarea_add_text
 143              	.LVL17:
 144              		.loc 1 20 1 is_stmt 0 view .LVU27
 145 0050 F5E7     		b	.L3
 146              	.L10:
 147 0052 00BF     		.align	2
 148              	.L9:
 149 0054 00000000 		.word	.LC0
 150 0058 04000000 		.word	.LC1
 151              		.cfi_endproc
 152              	.LFE185:
ARM GAS  /tmp/cc6ebtHb.s 			page 4


 154              		.section	.text.lv_example_textarea_1,"ax",%progbits
 155              		.align	1
 156              		.global	lv_example_textarea_1
 157              		.syntax unified
 158              		.thumb
 159              		.thumb_func
 160              		.fpu fpv5-d16
 162              	lv_example_textarea_1:
 163              	.LFB186:
  21:Middlewares/lvgl/examples/widgets/textarea/lv_example_textarea_1.c **** 
  22:Middlewares/lvgl/examples/widgets/textarea/lv_example_textarea_1.c **** void lv_example_textarea_1(void)
  23:Middlewares/lvgl/examples/widgets/textarea/lv_example_textarea_1.c **** {
 164              		.loc 1 23 1 is_stmt 1 view -0
 165              		.cfi_startproc
 166              		@ args = 0, pretend = 0, frame = 0
 167              		@ frame_needed = 0, uses_anonymous_args = 0
 168 0000 38B5     		push	{r3, r4, r5, lr}
 169              	.LCFI2:
 170              		.cfi_def_cfa_offset 16
 171              		.cfi_offset 3, -16
 172              		.cfi_offset 4, -12
 173              		.cfi_offset 5, -8
 174              		.cfi_offset 14, -4
  24:Middlewares/lvgl/examples/widgets/textarea/lv_example_textarea_1.c ****     lv_obj_t * ta = lv_textarea_create(lv_scr_act());
 175              		.loc 1 24 5 view .LVU29
 176              	.LBB6:
 177              	.LBI6:
 178              		.file 2 "Middlewares/lvgl/examples/widgets/textarea/../../../src/core/lv_disp.h"
   1:Middlewares/lvgl/examples/widgets/textarea/../../../src/core/lv_disp.h **** /**
   2:Middlewares/lvgl/examples/widgets/textarea/../../../src/core/lv_disp.h ****  * @file lv_disp.h
   3:Middlewares/lvgl/examples/widgets/textarea/../../../src/core/lv_disp.h ****  *
   4:Middlewares/lvgl/examples/widgets/textarea/../../../src/core/lv_disp.h ****  */
   5:Middlewares/lvgl/examples/widgets/textarea/../../../src/core/lv_disp.h **** 
   6:Middlewares/lvgl/examples/widgets/textarea/../../../src/core/lv_disp.h **** #ifndef LV_DISP_H
   7:Middlewares/lvgl/examples/widgets/textarea/../../../src/core/lv_disp.h **** #define LV_DISP_H
   8:Middlewares/lvgl/examples/widgets/textarea/../../../src/core/lv_disp.h **** 
   9:Middlewares/lvgl/examples/widgets/textarea/../../../src/core/lv_disp.h **** #ifdef __cplusplus
  10:Middlewares/lvgl/examples/widgets/textarea/../../../src/core/lv_disp.h **** extern "C" {
  11:Middlewares/lvgl/examples/widgets/textarea/../../../src/core/lv_disp.h **** #endif
  12:Middlewares/lvgl/examples/widgets/textarea/../../../src/core/lv_disp.h **** 
  13:Middlewares/lvgl/examples/widgets/textarea/../../../src/core/lv_disp.h **** /*********************
  14:Middlewares/lvgl/examples/widgets/textarea/../../../src/core/lv_disp.h ****  *      INCLUDES
  15:Middlewares/lvgl/examples/widgets/textarea/../../../src/core/lv_disp.h ****  *********************/
  16:Middlewares/lvgl/examples/widgets/textarea/../../../src/core/lv_disp.h **** #include "../hal/lv_hal.h"
  17:Middlewares/lvgl/examples/widgets/textarea/../../../src/core/lv_disp.h **** #include "lv_obj.h"
  18:Middlewares/lvgl/examples/widgets/textarea/../../../src/core/lv_disp.h **** #include "lv_theme.h"
  19:Middlewares/lvgl/examples/widgets/textarea/../../../src/core/lv_disp.h **** 
  20:Middlewares/lvgl/examples/widgets/textarea/../../../src/core/lv_disp.h **** /*********************
  21:Middlewares/lvgl/examples/widgets/textarea/../../../src/core/lv_disp.h ****  *      DEFINES
  22:Middlewares/lvgl/examples/widgets/textarea/../../../src/core/lv_disp.h ****  *********************/
  23:Middlewares/lvgl/examples/widgets/textarea/../../../src/core/lv_disp.h **** 
  24:Middlewares/lvgl/examples/widgets/textarea/../../../src/core/lv_disp.h **** /**********************
  25:Middlewares/lvgl/examples/widgets/textarea/../../../src/core/lv_disp.h ****  *      TYPEDEFS
  26:Middlewares/lvgl/examples/widgets/textarea/../../../src/core/lv_disp.h ****  **********************/
  27:Middlewares/lvgl/examples/widgets/textarea/../../../src/core/lv_disp.h **** 
  28:Middlewares/lvgl/examples/widgets/textarea/../../../src/core/lv_disp.h **** typedef enum {
  29:Middlewares/lvgl/examples/widgets/textarea/../../../src/core/lv_disp.h ****     LV_SCR_LOAD_ANIM_NONE,
ARM GAS  /tmp/cc6ebtHb.s 			page 5


  30:Middlewares/lvgl/examples/widgets/textarea/../../../src/core/lv_disp.h ****     LV_SCR_LOAD_ANIM_OVER_LEFT,
  31:Middlewares/lvgl/examples/widgets/textarea/../../../src/core/lv_disp.h ****     LV_SCR_LOAD_ANIM_OVER_RIGHT,
  32:Middlewares/lvgl/examples/widgets/textarea/../../../src/core/lv_disp.h ****     LV_SCR_LOAD_ANIM_OVER_TOP,
  33:Middlewares/lvgl/examples/widgets/textarea/../../../src/core/lv_disp.h ****     LV_SCR_LOAD_ANIM_OVER_BOTTOM,
  34:Middlewares/lvgl/examples/widgets/textarea/../../../src/core/lv_disp.h ****     LV_SCR_LOAD_ANIM_MOVE_LEFT,
  35:Middlewares/lvgl/examples/widgets/textarea/../../../src/core/lv_disp.h ****     LV_SCR_LOAD_ANIM_MOVE_RIGHT,
  36:Middlewares/lvgl/examples/widgets/textarea/../../../src/core/lv_disp.h ****     LV_SCR_LOAD_ANIM_MOVE_TOP,
  37:Middlewares/lvgl/examples/widgets/textarea/../../../src/core/lv_disp.h ****     LV_SCR_LOAD_ANIM_MOVE_BOTTOM,
  38:Middlewares/lvgl/examples/widgets/textarea/../../../src/core/lv_disp.h ****     LV_SCR_LOAD_ANIM_FADE_ON,
  39:Middlewares/lvgl/examples/widgets/textarea/../../../src/core/lv_disp.h **** } lv_scr_load_anim_t;
  40:Middlewares/lvgl/examples/widgets/textarea/../../../src/core/lv_disp.h **** 
  41:Middlewares/lvgl/examples/widgets/textarea/../../../src/core/lv_disp.h **** /**********************
  42:Middlewares/lvgl/examples/widgets/textarea/../../../src/core/lv_disp.h ****  * GLOBAL PROTOTYPES
  43:Middlewares/lvgl/examples/widgets/textarea/../../../src/core/lv_disp.h ****  **********************/
  44:Middlewares/lvgl/examples/widgets/textarea/../../../src/core/lv_disp.h **** 
  45:Middlewares/lvgl/examples/widgets/textarea/../../../src/core/lv_disp.h **** /**
  46:Middlewares/lvgl/examples/widgets/textarea/../../../src/core/lv_disp.h ****  * Return with a pointer to the active screen
  47:Middlewares/lvgl/examples/widgets/textarea/../../../src/core/lv_disp.h ****  * @param disp pointer to display which active screen should be get. (NULL to use the default
  48:Middlewares/lvgl/examples/widgets/textarea/../../../src/core/lv_disp.h ****  * screen)
  49:Middlewares/lvgl/examples/widgets/textarea/../../../src/core/lv_disp.h ****  * @return pointer to the active screen object (loaded by 'lv_scr_load()')
  50:Middlewares/lvgl/examples/widgets/textarea/../../../src/core/lv_disp.h ****  */
  51:Middlewares/lvgl/examples/widgets/textarea/../../../src/core/lv_disp.h **** lv_obj_t * lv_disp_get_scr_act(lv_disp_t * disp);
  52:Middlewares/lvgl/examples/widgets/textarea/../../../src/core/lv_disp.h **** 
  53:Middlewares/lvgl/examples/widgets/textarea/../../../src/core/lv_disp.h **** /**
  54:Middlewares/lvgl/examples/widgets/textarea/../../../src/core/lv_disp.h ****  * Return with a pointer to the previous screen. Only used during screen transitions.
  55:Middlewares/lvgl/examples/widgets/textarea/../../../src/core/lv_disp.h ****  * @param disp pointer to display which previous screen should be get. (NULL to use the default
  56:Middlewares/lvgl/examples/widgets/textarea/../../../src/core/lv_disp.h ****  * screen)
  57:Middlewares/lvgl/examples/widgets/textarea/../../../src/core/lv_disp.h ****  * @return pointer to the previous screen object or NULL if not used now
  58:Middlewares/lvgl/examples/widgets/textarea/../../../src/core/lv_disp.h ****  */
  59:Middlewares/lvgl/examples/widgets/textarea/../../../src/core/lv_disp.h **** lv_obj_t * lv_disp_get_scr_prev(lv_disp_t * disp);
  60:Middlewares/lvgl/examples/widgets/textarea/../../../src/core/lv_disp.h **** 
  61:Middlewares/lvgl/examples/widgets/textarea/../../../src/core/lv_disp.h **** /**
  62:Middlewares/lvgl/examples/widgets/textarea/../../../src/core/lv_disp.h ****  * Make a screen active
  63:Middlewares/lvgl/examples/widgets/textarea/../../../src/core/lv_disp.h ****  * @param scr pointer to a screen
  64:Middlewares/lvgl/examples/widgets/textarea/../../../src/core/lv_disp.h ****  */
  65:Middlewares/lvgl/examples/widgets/textarea/../../../src/core/lv_disp.h **** void lv_disp_load_scr(lv_obj_t * scr);
  66:Middlewares/lvgl/examples/widgets/textarea/../../../src/core/lv_disp.h **** 
  67:Middlewares/lvgl/examples/widgets/textarea/../../../src/core/lv_disp.h **** /**
  68:Middlewares/lvgl/examples/widgets/textarea/../../../src/core/lv_disp.h ****  * Return with the top layer. (Same on every screen and it is above the normal screen layer)
  69:Middlewares/lvgl/examples/widgets/textarea/../../../src/core/lv_disp.h ****  * @param disp pointer to display which top layer should be get. (NULL to use the default screen)
  70:Middlewares/lvgl/examples/widgets/textarea/../../../src/core/lv_disp.h ****  * @return pointer to the top layer object  (transparent screen sized lv_obj)
  71:Middlewares/lvgl/examples/widgets/textarea/../../../src/core/lv_disp.h ****  */
  72:Middlewares/lvgl/examples/widgets/textarea/../../../src/core/lv_disp.h **** lv_obj_t * lv_disp_get_layer_top(lv_disp_t * disp);
  73:Middlewares/lvgl/examples/widgets/textarea/../../../src/core/lv_disp.h **** 
  74:Middlewares/lvgl/examples/widgets/textarea/../../../src/core/lv_disp.h **** /**
  75:Middlewares/lvgl/examples/widgets/textarea/../../../src/core/lv_disp.h ****  * Return with the sys. layer. (Same on every screen and it is above the normal screen and the top
  76:Middlewares/lvgl/examples/widgets/textarea/../../../src/core/lv_disp.h ****  * layer)
  77:Middlewares/lvgl/examples/widgets/textarea/../../../src/core/lv_disp.h ****  * @param disp pointer to display which sys. layer  should be get. (NULL to use the default screen)
  78:Middlewares/lvgl/examples/widgets/textarea/../../../src/core/lv_disp.h ****  * @return pointer to the sys layer object  (transparent screen sized lv_obj)
  79:Middlewares/lvgl/examples/widgets/textarea/../../../src/core/lv_disp.h ****  */
  80:Middlewares/lvgl/examples/widgets/textarea/../../../src/core/lv_disp.h **** lv_obj_t * lv_disp_get_layer_sys(lv_disp_t * disp);
  81:Middlewares/lvgl/examples/widgets/textarea/../../../src/core/lv_disp.h **** 
  82:Middlewares/lvgl/examples/widgets/textarea/../../../src/core/lv_disp.h **** /**
  83:Middlewares/lvgl/examples/widgets/textarea/../../../src/core/lv_disp.h ****  * Get the theme of a display
  84:Middlewares/lvgl/examples/widgets/textarea/../../../src/core/lv_disp.h ****  * @param disp pointer to a display
  85:Middlewares/lvgl/examples/widgets/textarea/../../../src/core/lv_disp.h ****  * @return the display's theme (can be NULL)
  86:Middlewares/lvgl/examples/widgets/textarea/../../../src/core/lv_disp.h ****  */
ARM GAS  /tmp/cc6ebtHb.s 			page 6


  87:Middlewares/lvgl/examples/widgets/textarea/../../../src/core/lv_disp.h **** void lv_disp_set_theme(lv_disp_t * disp, lv_theme_t * th);
  88:Middlewares/lvgl/examples/widgets/textarea/../../../src/core/lv_disp.h **** 
  89:Middlewares/lvgl/examples/widgets/textarea/../../../src/core/lv_disp.h **** /**
  90:Middlewares/lvgl/examples/widgets/textarea/../../../src/core/lv_disp.h ****  * Get the theme of a display
  91:Middlewares/lvgl/examples/widgets/textarea/../../../src/core/lv_disp.h ****  * @param disp pointer to a display
  92:Middlewares/lvgl/examples/widgets/textarea/../../../src/core/lv_disp.h ****  * @return the display's theme (can be NULL)
  93:Middlewares/lvgl/examples/widgets/textarea/../../../src/core/lv_disp.h ****  */
  94:Middlewares/lvgl/examples/widgets/textarea/../../../src/core/lv_disp.h **** lv_theme_t * lv_disp_get_theme(lv_disp_t * disp);
  95:Middlewares/lvgl/examples/widgets/textarea/../../../src/core/lv_disp.h **** 
  96:Middlewares/lvgl/examples/widgets/textarea/../../../src/core/lv_disp.h **** /**
  97:Middlewares/lvgl/examples/widgets/textarea/../../../src/core/lv_disp.h ****  * Set the background color of a display
  98:Middlewares/lvgl/examples/widgets/textarea/../../../src/core/lv_disp.h ****  * @param disp pointer to a display
  99:Middlewares/lvgl/examples/widgets/textarea/../../../src/core/lv_disp.h ****  * @param color color of the background
 100:Middlewares/lvgl/examples/widgets/textarea/../../../src/core/lv_disp.h ****  */
 101:Middlewares/lvgl/examples/widgets/textarea/../../../src/core/lv_disp.h **** void lv_disp_set_bg_color(lv_disp_t * disp, lv_color_t color);
 102:Middlewares/lvgl/examples/widgets/textarea/../../../src/core/lv_disp.h **** 
 103:Middlewares/lvgl/examples/widgets/textarea/../../../src/core/lv_disp.h **** /**
 104:Middlewares/lvgl/examples/widgets/textarea/../../../src/core/lv_disp.h ****  * Set the background image of a display
 105:Middlewares/lvgl/examples/widgets/textarea/../../../src/core/lv_disp.h ****  * @param disp pointer to a display
 106:Middlewares/lvgl/examples/widgets/textarea/../../../src/core/lv_disp.h ****  * @param img_src path to file or pointer to an `lv_img_dsc_t` variable
 107:Middlewares/lvgl/examples/widgets/textarea/../../../src/core/lv_disp.h ****  */
 108:Middlewares/lvgl/examples/widgets/textarea/../../../src/core/lv_disp.h **** void lv_disp_set_bg_image(lv_disp_t * disp, const void  * img_src);
 109:Middlewares/lvgl/examples/widgets/textarea/../../../src/core/lv_disp.h **** 
 110:Middlewares/lvgl/examples/widgets/textarea/../../../src/core/lv_disp.h **** /**
 111:Middlewares/lvgl/examples/widgets/textarea/../../../src/core/lv_disp.h ****  * Opacity of the background
 112:Middlewares/lvgl/examples/widgets/textarea/../../../src/core/lv_disp.h ****  * @param disp pointer to a display
 113:Middlewares/lvgl/examples/widgets/textarea/../../../src/core/lv_disp.h ****  * @param opa opacity (0..255)
 114:Middlewares/lvgl/examples/widgets/textarea/../../../src/core/lv_disp.h ****  */
 115:Middlewares/lvgl/examples/widgets/textarea/../../../src/core/lv_disp.h **** void lv_disp_set_bg_opa(lv_disp_t * disp, lv_opa_t opa);
 116:Middlewares/lvgl/examples/widgets/textarea/../../../src/core/lv_disp.h **** 
 117:Middlewares/lvgl/examples/widgets/textarea/../../../src/core/lv_disp.h **** /**
 118:Middlewares/lvgl/examples/widgets/textarea/../../../src/core/lv_disp.h ****  * Switch screen with animation
 119:Middlewares/lvgl/examples/widgets/textarea/../../../src/core/lv_disp.h ****  * @param scr pointer to the new screen to load
 120:Middlewares/lvgl/examples/widgets/textarea/../../../src/core/lv_disp.h ****  * @param anim_type type of the animation from `lv_scr_load_anim_t`. E.g.  `LV_SCR_LOAD_ANIM_MOVE_L
 121:Middlewares/lvgl/examples/widgets/textarea/../../../src/core/lv_disp.h ****  * @param time time of the animation
 122:Middlewares/lvgl/examples/widgets/textarea/../../../src/core/lv_disp.h ****  * @param delay delay before the transition
 123:Middlewares/lvgl/examples/widgets/textarea/../../../src/core/lv_disp.h ****  * @param auto_del true: automatically delete the old screen
 124:Middlewares/lvgl/examples/widgets/textarea/../../../src/core/lv_disp.h ****  */
 125:Middlewares/lvgl/examples/widgets/textarea/../../../src/core/lv_disp.h **** void lv_scr_load_anim(lv_obj_t * scr, lv_scr_load_anim_t anim_type, uint32_t time, uint32_t delay, 
 126:Middlewares/lvgl/examples/widgets/textarea/../../../src/core/lv_disp.h **** 
 127:Middlewares/lvgl/examples/widgets/textarea/../../../src/core/lv_disp.h **** /**
 128:Middlewares/lvgl/examples/widgets/textarea/../../../src/core/lv_disp.h ****  * Get elapsed time since last user activity on a display (e.g. click)
 129:Middlewares/lvgl/examples/widgets/textarea/../../../src/core/lv_disp.h ****  * @param disp pointer to an display (NULL to get the overall smallest inactivity)
 130:Middlewares/lvgl/examples/widgets/textarea/../../../src/core/lv_disp.h ****  * @return elapsed ticks (milliseconds) since the last activity
 131:Middlewares/lvgl/examples/widgets/textarea/../../../src/core/lv_disp.h ****  */
 132:Middlewares/lvgl/examples/widgets/textarea/../../../src/core/lv_disp.h **** uint32_t lv_disp_get_inactive_time(const lv_disp_t * disp);
 133:Middlewares/lvgl/examples/widgets/textarea/../../../src/core/lv_disp.h **** 
 134:Middlewares/lvgl/examples/widgets/textarea/../../../src/core/lv_disp.h **** /**
 135:Middlewares/lvgl/examples/widgets/textarea/../../../src/core/lv_disp.h ****  * Manually trigger an activity on a display
 136:Middlewares/lvgl/examples/widgets/textarea/../../../src/core/lv_disp.h ****  * @param disp pointer to an display (NULL to use the default display)
 137:Middlewares/lvgl/examples/widgets/textarea/../../../src/core/lv_disp.h ****  */
 138:Middlewares/lvgl/examples/widgets/textarea/../../../src/core/lv_disp.h **** void lv_disp_trig_activity(lv_disp_t * disp);
 139:Middlewares/lvgl/examples/widgets/textarea/../../../src/core/lv_disp.h **** 
 140:Middlewares/lvgl/examples/widgets/textarea/../../../src/core/lv_disp.h **** /**
 141:Middlewares/lvgl/examples/widgets/textarea/../../../src/core/lv_disp.h ****  * Clean any CPU cache that is related to the display.
 142:Middlewares/lvgl/examples/widgets/textarea/../../../src/core/lv_disp.h ****  * @param disp pointer to an display (NULL to use the default display)
 143:Middlewares/lvgl/examples/widgets/textarea/../../../src/core/lv_disp.h ****  */
ARM GAS  /tmp/cc6ebtHb.s 			page 7


 144:Middlewares/lvgl/examples/widgets/textarea/../../../src/core/lv_disp.h **** void lv_disp_clean_dcache(lv_disp_t * disp);
 145:Middlewares/lvgl/examples/widgets/textarea/../../../src/core/lv_disp.h **** 
 146:Middlewares/lvgl/examples/widgets/textarea/../../../src/core/lv_disp.h **** /**
 147:Middlewares/lvgl/examples/widgets/textarea/../../../src/core/lv_disp.h ****  * Get a pointer to the screen refresher timer to
 148:Middlewares/lvgl/examples/widgets/textarea/../../../src/core/lv_disp.h ****  * modify its parameters with `lv_timer_...` functions.
 149:Middlewares/lvgl/examples/widgets/textarea/../../../src/core/lv_disp.h ****  * @param disp pointer to a display
 150:Middlewares/lvgl/examples/widgets/textarea/../../../src/core/lv_disp.h ****  * @return pointer to the display refresher timer. (NULL on error)
 151:Middlewares/lvgl/examples/widgets/textarea/../../../src/core/lv_disp.h ****  */
 152:Middlewares/lvgl/examples/widgets/textarea/../../../src/core/lv_disp.h **** lv_timer_t * _lv_disp_get_refr_timer(lv_disp_t * disp);
 153:Middlewares/lvgl/examples/widgets/textarea/../../../src/core/lv_disp.h **** 
 154:Middlewares/lvgl/examples/widgets/textarea/../../../src/core/lv_disp.h **** /*------------------------------------------------
 155:Middlewares/lvgl/examples/widgets/textarea/../../../src/core/lv_disp.h ****  * To improve backward compatibility
 156:Middlewares/lvgl/examples/widgets/textarea/../../../src/core/lv_disp.h ****  * Recommended only if you have one display
 157:Middlewares/lvgl/examples/widgets/textarea/../../../src/core/lv_disp.h ****  *------------------------------------------------*/
 158:Middlewares/lvgl/examples/widgets/textarea/../../../src/core/lv_disp.h **** 
 159:Middlewares/lvgl/examples/widgets/textarea/../../../src/core/lv_disp.h **** /**
 160:Middlewares/lvgl/examples/widgets/textarea/../../../src/core/lv_disp.h ****  * Get the active screen of the default display
 161:Middlewares/lvgl/examples/widgets/textarea/../../../src/core/lv_disp.h ****  * @return pointer to the active screen
 162:Middlewares/lvgl/examples/widgets/textarea/../../../src/core/lv_disp.h ****  */
 163:Middlewares/lvgl/examples/widgets/textarea/../../../src/core/lv_disp.h **** static inline lv_obj_t * lv_scr_act(void)
 179              		.loc 2 163 26 view .LVU30
 180              	.LBB7:
 164:Middlewares/lvgl/examples/widgets/textarea/../../../src/core/lv_disp.h **** {
 165:Middlewares/lvgl/examples/widgets/textarea/../../../src/core/lv_disp.h ****     return lv_disp_get_scr_act(lv_disp_get_default());
 181              		.loc 2 165 5 view .LVU31
 182              		.loc 2 165 12 is_stmt 0 view .LVU32
 183 0002 FFF7FEFF 		bl	lv_disp_get_default
 184              	.LVL18:
 185 0006 FFF7FEFF 		bl	lv_disp_get_scr_act
 186              	.LVL19:
 187              	.LBE7:
 188              	.LBE6:
 189              		.loc 1 24 21 view .LVU33
 190 000a FFF7FEFF 		bl	lv_textarea_create
 191              	.LVL20:
 192 000e 0446     		mov	r4, r0
 193              	.LVL21:
  25:Middlewares/lvgl/examples/widgets/textarea/lv_example_textarea_1.c ****     lv_textarea_set_one_line(ta, true);
 194              		.loc 1 25 5 is_stmt 1 view .LVU34
 195 0010 0121     		movs	r1, #1
 196 0012 FFF7FEFF 		bl	lv_textarea_set_one_line
 197              	.LVL22:
  26:Middlewares/lvgl/examples/widgets/textarea/lv_example_textarea_1.c ****     lv_obj_align(ta, LV_ALIGN_TOP_MID, 0, 10);
 198              		.loc 1 26 5 view .LVU35
 199 0016 0A23     		movs	r3, #10
 200 0018 0022     		movs	r2, #0
 201 001a 0221     		movs	r1, #2
 202 001c 2046     		mov	r0, r4
 203 001e FFF7FEFF 		bl	lv_obj_align
 204              	.LVL23:
  27:Middlewares/lvgl/examples/widgets/textarea/lv_example_textarea_1.c ****     lv_obj_add_event_cb(ta, textarea_event_handler, LV_EVENT_READY, ta);
 205              		.loc 1 27 5 view .LVU36
 206 0022 2346     		mov	r3, r4
 207 0024 1F22     		movs	r2, #31
 208 0026 1449     		ldr	r1, .L13
 209 0028 2046     		mov	r0, r4
 210 002a FFF7FEFF 		bl	lv_obj_add_event_cb
ARM GAS  /tmp/cc6ebtHb.s 			page 8


 211              	.LVL24:
  28:Middlewares/lvgl/examples/widgets/textarea/lv_example_textarea_1.c ****     lv_obj_add_state(ta, LV_STATE_FOCUSED); /*To be sure the cursor is visible*/
 212              		.loc 1 28 5 view .LVU37
 213 002e 0221     		movs	r1, #2
 214 0030 2046     		mov	r0, r4
 215 0032 FFF7FEFF 		bl	lv_obj_add_state
 216              	.LVL25:
  29:Middlewares/lvgl/examples/widgets/textarea/lv_example_textarea_1.c **** 
  30:Middlewares/lvgl/examples/widgets/textarea/lv_example_textarea_1.c ****     static const char * btnm_map[] = {"1", "2", "3", "\n",
 217              		.loc 1 30 5 view .LVU38
  31:Middlewares/lvgl/examples/widgets/textarea/lv_example_textarea_1.c ****                                "4", "5", "6", "\n",
  32:Middlewares/lvgl/examples/widgets/textarea/lv_example_textarea_1.c ****                                "7", "8", "9", "\n",
  33:Middlewares/lvgl/examples/widgets/textarea/lv_example_textarea_1.c ****                                LV_SYMBOL_BACKSPACE, "0", LV_SYMBOL_NEW_LINE, ""};
  34:Middlewares/lvgl/examples/widgets/textarea/lv_example_textarea_1.c **** 
  35:Middlewares/lvgl/examples/widgets/textarea/lv_example_textarea_1.c ****     lv_obj_t * btnm = lv_btnmatrix_create(lv_scr_act());
 218              		.loc 1 35 5 view .LVU39
 219              	.LBB8:
 220              	.LBI8:
 163:Middlewares/lvgl/examples/widgets/textarea/../../../src/core/lv_disp.h **** {
 221              		.loc 2 163 26 view .LVU40
 222              	.LBB9:
 223              		.loc 2 165 5 view .LVU41
 224              		.loc 2 165 12 is_stmt 0 view .LVU42
 225 0036 FFF7FEFF 		bl	lv_disp_get_default
 226              	.LVL26:
 227 003a FFF7FEFF 		bl	lv_disp_get_scr_act
 228              	.LVL27:
 229              	.LBE9:
 230              	.LBE8:
 231              		.loc 1 35 23 view .LVU43
 232 003e FFF7FEFF 		bl	lv_btnmatrix_create
 233              	.LVL28:
 234 0042 0546     		mov	r5, r0
 235              	.LVL29:
  36:Middlewares/lvgl/examples/widgets/textarea/lv_example_textarea_1.c ****     lv_obj_set_size(btnm, 200, 150);
 236              		.loc 1 36 5 is_stmt 1 view .LVU44
 237 0044 9622     		movs	r2, #150
 238 0046 C821     		movs	r1, #200
 239 0048 FFF7FEFF 		bl	lv_obj_set_size
 240              	.LVL30:
  37:Middlewares/lvgl/examples/widgets/textarea/lv_example_textarea_1.c ****     lv_obj_align(btnm, LV_ALIGN_BOTTOM_MID, 0, -10);
 241              		.loc 1 37 5 view .LVU45
 242 004c 6FF00903 		mvn	r3, #9
 243 0050 0022     		movs	r2, #0
 244 0052 0521     		movs	r1, #5
 245 0054 2846     		mov	r0, r5
 246 0056 FFF7FEFF 		bl	lv_obj_align
 247              	.LVL31:
  38:Middlewares/lvgl/examples/widgets/textarea/lv_example_textarea_1.c ****     lv_obj_add_event_cb(btnm, btnm_event_handler, LV_EVENT_VALUE_CHANGED, ta);
 248              		.loc 1 38 5 view .LVU46
 249 005a 2346     		mov	r3, r4
 250 005c 1C22     		movs	r2, #28
 251 005e 0749     		ldr	r1, .L13+4
 252 0060 2846     		mov	r0, r5
 253 0062 FFF7FEFF 		bl	lv_obj_add_event_cb
 254              	.LVL32:
  39:Middlewares/lvgl/examples/widgets/textarea/lv_example_textarea_1.c ****     lv_obj_clear_flag(btnm, LV_OBJ_FLAG_CLICK_FOCUSABLE); /*To keep the text area focused on button
ARM GAS  /tmp/cc6ebtHb.s 			page 9


 255              		.loc 1 39 5 view .LVU47
 256 0066 0421     		movs	r1, #4
 257 0068 2846     		mov	r0, r5
 258 006a FFF7FEFF 		bl	lv_obj_clear_flag
 259              	.LVL33:
  40:Middlewares/lvgl/examples/widgets/textarea/lv_example_textarea_1.c ****     lv_btnmatrix_set_map(btnm, btnm_map);
 260              		.loc 1 40 5 view .LVU48
 261 006e 0449     		ldr	r1, .L13+8
 262 0070 2846     		mov	r0, r5
 263 0072 FFF7FEFF 		bl	lv_btnmatrix_set_map
 264              	.LVL34:
  41:Middlewares/lvgl/examples/widgets/textarea/lv_example_textarea_1.c **** }
 265              		.loc 1 41 1 is_stmt 0 view .LVU49
 266 0076 38BD     		pop	{r3, r4, r5, pc}
 267              	.LVL35:
 268              	.L14:
 269              		.loc 1 41 1 view .LVU50
 270              		.align	2
 271              	.L13:
 272 0078 00000000 		.word	textarea_event_handler
 273 007c 00000000 		.word	btnm_event_handler
 274 0080 00000000 		.word	.LANCHOR0
 275              		.cfi_endproc
 276              	.LFE186:
 278              		.section	.rodata.str1.4,"aMS",%progbits,1
 279              		.align	2
 280              	.LC2:
 281 0000 3100     		.ascii	"1\000"
 282 0002 0000     		.align	2
 283              	.LC3:
 284 0004 3200     		.ascii	"2\000"
 285 0006 0000     		.align	2
 286              	.LC4:
 287 0008 3300     		.ascii	"3\000"
 288 000a 0000     		.align	2
 289              	.LC5:
 290 000c 0A00     		.ascii	"\012\000"
 291 000e 0000     		.align	2
 292              	.LC6:
 293 0010 3400     		.ascii	"4\000"
 294 0012 0000     		.align	2
 295              	.LC7:
 296 0014 3500     		.ascii	"5\000"
 297 0016 0000     		.align	2
 298              	.LC8:
 299 0018 3600     		.ascii	"6\000"
 300 001a 0000     		.align	2
 301              	.LC9:
 302 001c 3700     		.ascii	"7\000"
 303 001e 0000     		.align	2
 304              	.LC10:
 305 0020 3800     		.ascii	"8\000"
 306 0022 0000     		.align	2
 307              	.LC11:
 308 0024 3900     		.ascii	"9\000"
 309 0026 0000     		.align	2
 310              	.LC12:
ARM GAS  /tmp/cc6ebtHb.s 			page 10


 311 0028 3000     		.ascii	"0\000"
 312 002a 0000     		.align	2
 313              	.LC13:
 314 002c 00       		.ascii	"\000"
 315              		.section	.data.btnm_map.0,"aw"
 316              		.align	2
 317              		.set	.LANCHOR0,. + 0
 320              	btnm_map.0:
 321 0000 00000000 		.word	.LC2
 322 0004 04000000 		.word	.LC3
 323 0008 08000000 		.word	.LC4
 324 000c 0C000000 		.word	.LC5
 325 0010 10000000 		.word	.LC6
 326 0014 14000000 		.word	.LC7
 327 0018 18000000 		.word	.LC8
 328 001c 0C000000 		.word	.LC5
 329 0020 1C000000 		.word	.LC9
 330 0024 20000000 		.word	.LC10
 331 0028 24000000 		.word	.LC11
 332 002c 0C000000 		.word	.LC5
 333 0030 00000000 		.word	.LC0
 334 0034 28000000 		.word	.LC12
 335 0038 04000000 		.word	.LC1
 336 003c 2C000000 		.word	.LC13
 337              		.text
 338              	.Letext0:
 339              		.file 3 "/home/akinya/gcc-arm-none-eabi/arm-none-eabi/include/machine/_default_types.h"
 340              		.file 4 "/home/akinya/gcc-arm-none-eabi/arm-none-eabi/include/sys/_stdint.h"
 341              		.file 5 "Middlewares/lvgl/examples/widgets/textarea/../../../src/misc/lv_ll.h"
 342              		.file 6 "Middlewares/lvgl/examples/widgets/textarea/../../../src/hal/../misc/lv_color.h"
 343              		.file 7 "Middlewares/lvgl/examples/widgets/textarea/../../../src/hal/../misc/lv_area.h"
 344              		.file 8 "Middlewares/lvgl/examples/widgets/textarea/../../../src/core/lv_obj.h"
 345              		.file 9 "Middlewares/lvgl/examples/widgets/textarea/../../../src/core/lv_group.h"
 346              		.file 10 "Middlewares/lvgl/examples/widgets/textarea/../../../src/core/../misc/lv_style.h"
 347              		.file 11 "Middlewares/lvgl/examples/widgets/textarea/../../../src/core/lv_obj_scroll.h"
 348              		.file 12 "Middlewares/lvgl/examples/widgets/textarea/../../../src/core/lv_obj_style.h"
 349              		.file 13 "Middlewares/lvgl/examples/widgets/textarea/../../../src/core/lv_obj_class.h"
 350              		.file 14 "Middlewares/lvgl/examples/widgets/textarea/../../../src/core/lv_event.h"
 351              		.file 15 "Middlewares/lvgl/examples/widgets/textarea/../../../src/hal/lv_hal_disp.h"
 352              		.file 16 "Middlewares/lvgl/examples/widgets/textarea/../../../src/widgets/lv_textarea.h"
 353              		.file 17 "Middlewares/lvgl/examples/widgets/textarea/../../../src/core/lv_obj_pos.h"
 354              		.file 18 "Middlewares/lvgl/examples/widgets/textarea/../../../src/widgets/lv_btnmatrix.h"
 355              		.file 19 "/home/akinya/gcc-arm-none-eabi/arm-none-eabi/include/string.h"
ARM GAS  /tmp/cc6ebtHb.s 			page 11


DEFINED SYMBOLS
                            *ABS*:0000000000000000 lv_example_textarea_1.c
     /tmp/cc6ebtHb.s:17     .text.textarea_event_handler:0000000000000000 $t
     /tmp/cc6ebtHb.s:24     .text.textarea_event_handler:0000000000000000 textarea_event_handler
     /tmp/cc6ebtHb.s:49     .rodata.btnm_event_handler.str1.4:0000000000000000 $d
     /tmp/cc6ebtHb.s:56     .text.btnm_event_handler:0000000000000000 $t
     /tmp/cc6ebtHb.s:62     .text.btnm_event_handler:0000000000000000 btnm_event_handler
     /tmp/cc6ebtHb.s:149    .text.btnm_event_handler:0000000000000054 $d
     /tmp/cc6ebtHb.s:155    .text.lv_example_textarea_1:0000000000000000 $t
     /tmp/cc6ebtHb.s:162    .text.lv_example_textarea_1:0000000000000000 lv_example_textarea_1
     /tmp/cc6ebtHb.s:272    .text.lv_example_textarea_1:0000000000000078 $d
     /tmp/cc6ebtHb.s:279    .rodata.str1.4:0000000000000000 $d
     /tmp/cc6ebtHb.s:316    .data.btnm_map.0:0000000000000000 $d
     /tmp/cc6ebtHb.s:320    .data.btnm_map.0:0000000000000000 btnm_map.0

UNDEFINED SYMBOLS
lv_event_get_target
lv_event_get_user_data
lv_btnmatrix_get_selected_btn
lv_btnmatrix_get_btn_text
strcmp
lv_event_send
lv_textarea_del_char
lv_textarea_add_text
lv_disp_get_default
lv_disp_get_scr_act
lv_textarea_create
lv_textarea_set_one_line
lv_obj_align
lv_obj_add_event_cb
lv_obj_add_state
lv_btnmatrix_create
lv_obj_set_size
lv_obj_clear_flag
lv_btnmatrix_set_map
