ARM GAS  /tmp/ccRoYv6k.s 			page 1


   1              		.cpu cortex-m7
   2              		.arch armv7e-m
   3              		.fpu fpv5-d16
   4              		.eabi_attribute 28, 1
   5              		.eabi_attribute 20, 1
   6              		.eabi_attribute 21, 1
   7              		.eabi_attribute 23, 3
   8              		.eabi_attribute 24, 1
   9              		.eabi_attribute 25, 1
  10              		.eabi_attribute 26, 1
  11              		.eabi_attribute 30, 1
  12              		.eabi_attribute 34, 1
  13              		.eabi_attribute 18, 4
  14              		.file	"lv_example_bar_4.c"
  15              		.text
  16              	.Ltext0:
  17              		.cfi_sections	.debug_frame
  18              		.section	.text.lv_example_bar_4,"ax",%progbits
  19              		.align	1
  20              		.global	lv_example_bar_4
  21              		.syntax unified
  22              		.thumb
  23              		.thumb_func
  25              	lv_example_bar_4:
  26              	.LFB184:
  27              		.file 1 "Middlewares/lvgl/examples/widgets/bar/lv_example_bar_4.c"
   1:Middlewares/lvgl/examples/widgets/bar/lv_example_bar_4.c **** #include "../../lv_examples.h"
   2:Middlewares/lvgl/examples/widgets/bar/lv_example_bar_4.c **** #if LV_USE_BAR && LV_BUILD_EXAMPLES
   3:Middlewares/lvgl/examples/widgets/bar/lv_example_bar_4.c **** 
   4:Middlewares/lvgl/examples/widgets/bar/lv_example_bar_4.c **** /**
   5:Middlewares/lvgl/examples/widgets/bar/lv_example_bar_4.c ****  * Bar with stripe pattern and ranged value
   6:Middlewares/lvgl/examples/widgets/bar/lv_example_bar_4.c ****  */
   7:Middlewares/lvgl/examples/widgets/bar/lv_example_bar_4.c **** void lv_example_bar_4(void)
   8:Middlewares/lvgl/examples/widgets/bar/lv_example_bar_4.c **** {
  28              		.loc 1 8 1 view -0
  29              		.cfi_startproc
  30              		@ args = 0, pretend = 0, frame = 0
  31              		@ frame_needed = 0, uses_anonymous_args = 0
  32 0000 38B5     		push	{r3, r4, r5, lr}
  33              	.LCFI0:
  34              		.cfi_def_cfa_offset 16
  35              		.cfi_offset 3, -16
  36              		.cfi_offset 4, -12
  37              		.cfi_offset 5, -8
  38              		.cfi_offset 14, -4
   9:Middlewares/lvgl/examples/widgets/bar/lv_example_bar_4.c ****     LV_IMG_DECLARE(img_skew_strip);
  39              		.loc 1 9 5 view .LVU1
  40              		.loc 1 9 35 view .LVU2
  10:Middlewares/lvgl/examples/widgets/bar/lv_example_bar_4.c ****     static lv_style_t style_indic;
  41              		.loc 1 10 5 view .LVU3
  11:Middlewares/lvgl/examples/widgets/bar/lv_example_bar_4.c **** 
  12:Middlewares/lvgl/examples/widgets/bar/lv_example_bar_4.c ****     lv_style_init(&style_indic);
  42              		.loc 1 12 5 view .LVU4
  43 0002 1B4D     		ldr	r5, .L3
  44 0004 2846     		mov	r0, r5
  45 0006 FFF7FEFF 		bl	lv_style_init
  46              	.LVL0:
ARM GAS  /tmp/ccRoYv6k.s 			page 2


  13:Middlewares/lvgl/examples/widgets/bar/lv_example_bar_4.c ****     lv_style_set_bg_img_src(&style_indic, &img_skew_strip);
  47              		.loc 1 13 5 view .LVU5
  48 000a 1A49     		ldr	r1, .L3+4
  49 000c 2846     		mov	r0, r5
  50 000e FFF7FEFF 		bl	lv_style_set_bg_img_src
  51              	.LVL1:
  14:Middlewares/lvgl/examples/widgets/bar/lv_example_bar_4.c ****     lv_style_set_bg_img_tiled(&style_indic, true);
  52              		.loc 1 14 5 view .LVU6
  53 0012 0121     		movs	r1, #1
  54 0014 2846     		mov	r0, r5
  55 0016 FFF7FEFF 		bl	lv_style_set_bg_img_tiled
  56              	.LVL2:
  15:Middlewares/lvgl/examples/widgets/bar/lv_example_bar_4.c ****     lv_style_set_bg_img_opa(&style_indic, LV_OPA_30);
  57              		.loc 1 15 5 view .LVU7
  58 001a 4C21     		movs	r1, #76
  59 001c 2846     		mov	r0, r5
  60 001e FFF7FEFF 		bl	lv_style_set_bg_img_opa
  61              	.LVL3:
  16:Middlewares/lvgl/examples/widgets/bar/lv_example_bar_4.c **** 
  17:Middlewares/lvgl/examples/widgets/bar/lv_example_bar_4.c ****     lv_obj_t * bar = lv_bar_create(lv_scr_act());
  62              		.loc 1 17 5 view .LVU8
  63              	.LBB8:
  64              	.LBI8:
  65              		.file 2 "Middlewares/lvgl/examples/widgets/bar/../../../src/core/lv_disp.h"
   1:Middlewares/lvgl/examples/widgets/bar/../../../src/core/lv_disp.h **** /**
   2:Middlewares/lvgl/examples/widgets/bar/../../../src/core/lv_disp.h ****  * @file lv_disp.h
   3:Middlewares/lvgl/examples/widgets/bar/../../../src/core/lv_disp.h ****  *
   4:Middlewares/lvgl/examples/widgets/bar/../../../src/core/lv_disp.h ****  */
   5:Middlewares/lvgl/examples/widgets/bar/../../../src/core/lv_disp.h **** 
   6:Middlewares/lvgl/examples/widgets/bar/../../../src/core/lv_disp.h **** #ifndef LV_DISP_H
   7:Middlewares/lvgl/examples/widgets/bar/../../../src/core/lv_disp.h **** #define LV_DISP_H
   8:Middlewares/lvgl/examples/widgets/bar/../../../src/core/lv_disp.h **** 
   9:Middlewares/lvgl/examples/widgets/bar/../../../src/core/lv_disp.h **** #ifdef __cplusplus
  10:Middlewares/lvgl/examples/widgets/bar/../../../src/core/lv_disp.h **** extern "C" {
  11:Middlewares/lvgl/examples/widgets/bar/../../../src/core/lv_disp.h **** #endif
  12:Middlewares/lvgl/examples/widgets/bar/../../../src/core/lv_disp.h **** 
  13:Middlewares/lvgl/examples/widgets/bar/../../../src/core/lv_disp.h **** /*********************
  14:Middlewares/lvgl/examples/widgets/bar/../../../src/core/lv_disp.h ****  *      INCLUDES
  15:Middlewares/lvgl/examples/widgets/bar/../../../src/core/lv_disp.h ****  *********************/
  16:Middlewares/lvgl/examples/widgets/bar/../../../src/core/lv_disp.h **** #include "../hal/lv_hal.h"
  17:Middlewares/lvgl/examples/widgets/bar/../../../src/core/lv_disp.h **** #include "lv_obj.h"
  18:Middlewares/lvgl/examples/widgets/bar/../../../src/core/lv_disp.h **** #include "lv_theme.h"
  19:Middlewares/lvgl/examples/widgets/bar/../../../src/core/lv_disp.h **** 
  20:Middlewares/lvgl/examples/widgets/bar/../../../src/core/lv_disp.h **** /*********************
  21:Middlewares/lvgl/examples/widgets/bar/../../../src/core/lv_disp.h ****  *      DEFINES
  22:Middlewares/lvgl/examples/widgets/bar/../../../src/core/lv_disp.h ****  *********************/
  23:Middlewares/lvgl/examples/widgets/bar/../../../src/core/lv_disp.h **** 
  24:Middlewares/lvgl/examples/widgets/bar/../../../src/core/lv_disp.h **** /**********************
  25:Middlewares/lvgl/examples/widgets/bar/../../../src/core/lv_disp.h ****  *      TYPEDEFS
  26:Middlewares/lvgl/examples/widgets/bar/../../../src/core/lv_disp.h ****  **********************/
  27:Middlewares/lvgl/examples/widgets/bar/../../../src/core/lv_disp.h **** 
  28:Middlewares/lvgl/examples/widgets/bar/../../../src/core/lv_disp.h **** typedef enum {
  29:Middlewares/lvgl/examples/widgets/bar/../../../src/core/lv_disp.h ****     LV_SCR_LOAD_ANIM_NONE,
  30:Middlewares/lvgl/examples/widgets/bar/../../../src/core/lv_disp.h ****     LV_SCR_LOAD_ANIM_OVER_LEFT,
  31:Middlewares/lvgl/examples/widgets/bar/../../../src/core/lv_disp.h ****     LV_SCR_LOAD_ANIM_OVER_RIGHT,
  32:Middlewares/lvgl/examples/widgets/bar/../../../src/core/lv_disp.h ****     LV_SCR_LOAD_ANIM_OVER_TOP,
  33:Middlewares/lvgl/examples/widgets/bar/../../../src/core/lv_disp.h ****     LV_SCR_LOAD_ANIM_OVER_BOTTOM,
ARM GAS  /tmp/ccRoYv6k.s 			page 3


  34:Middlewares/lvgl/examples/widgets/bar/../../../src/core/lv_disp.h ****     LV_SCR_LOAD_ANIM_MOVE_LEFT,
  35:Middlewares/lvgl/examples/widgets/bar/../../../src/core/lv_disp.h ****     LV_SCR_LOAD_ANIM_MOVE_RIGHT,
  36:Middlewares/lvgl/examples/widgets/bar/../../../src/core/lv_disp.h ****     LV_SCR_LOAD_ANIM_MOVE_TOP,
  37:Middlewares/lvgl/examples/widgets/bar/../../../src/core/lv_disp.h ****     LV_SCR_LOAD_ANIM_MOVE_BOTTOM,
  38:Middlewares/lvgl/examples/widgets/bar/../../../src/core/lv_disp.h ****     LV_SCR_LOAD_ANIM_FADE_ON,
  39:Middlewares/lvgl/examples/widgets/bar/../../../src/core/lv_disp.h **** } lv_scr_load_anim_t;
  40:Middlewares/lvgl/examples/widgets/bar/../../../src/core/lv_disp.h **** 
  41:Middlewares/lvgl/examples/widgets/bar/../../../src/core/lv_disp.h **** /**********************
  42:Middlewares/lvgl/examples/widgets/bar/../../../src/core/lv_disp.h ****  * GLOBAL PROTOTYPES
  43:Middlewares/lvgl/examples/widgets/bar/../../../src/core/lv_disp.h ****  **********************/
  44:Middlewares/lvgl/examples/widgets/bar/../../../src/core/lv_disp.h **** 
  45:Middlewares/lvgl/examples/widgets/bar/../../../src/core/lv_disp.h **** /**
  46:Middlewares/lvgl/examples/widgets/bar/../../../src/core/lv_disp.h ****  * Return with a pointer to the active screen
  47:Middlewares/lvgl/examples/widgets/bar/../../../src/core/lv_disp.h ****  * @param disp pointer to display which active screen should be get. (NULL to use the default
  48:Middlewares/lvgl/examples/widgets/bar/../../../src/core/lv_disp.h ****  * screen)
  49:Middlewares/lvgl/examples/widgets/bar/../../../src/core/lv_disp.h ****  * @return pointer to the active screen object (loaded by 'lv_scr_load()')
  50:Middlewares/lvgl/examples/widgets/bar/../../../src/core/lv_disp.h ****  */
  51:Middlewares/lvgl/examples/widgets/bar/../../../src/core/lv_disp.h **** lv_obj_t * lv_disp_get_scr_act(lv_disp_t * disp);
  52:Middlewares/lvgl/examples/widgets/bar/../../../src/core/lv_disp.h **** 
  53:Middlewares/lvgl/examples/widgets/bar/../../../src/core/lv_disp.h **** /**
  54:Middlewares/lvgl/examples/widgets/bar/../../../src/core/lv_disp.h ****  * Return with a pointer to the previous screen. Only used during screen transitions.
  55:Middlewares/lvgl/examples/widgets/bar/../../../src/core/lv_disp.h ****  * @param disp pointer to display which previous screen should be get. (NULL to use the default
  56:Middlewares/lvgl/examples/widgets/bar/../../../src/core/lv_disp.h ****  * screen)
  57:Middlewares/lvgl/examples/widgets/bar/../../../src/core/lv_disp.h ****  * @return pointer to the previous screen object or NULL if not used now
  58:Middlewares/lvgl/examples/widgets/bar/../../../src/core/lv_disp.h ****  */
  59:Middlewares/lvgl/examples/widgets/bar/../../../src/core/lv_disp.h **** lv_obj_t * lv_disp_get_scr_prev(lv_disp_t * disp);
  60:Middlewares/lvgl/examples/widgets/bar/../../../src/core/lv_disp.h **** 
  61:Middlewares/lvgl/examples/widgets/bar/../../../src/core/lv_disp.h **** /**
  62:Middlewares/lvgl/examples/widgets/bar/../../../src/core/lv_disp.h ****  * Make a screen active
  63:Middlewares/lvgl/examples/widgets/bar/../../../src/core/lv_disp.h ****  * @param scr pointer to a screen
  64:Middlewares/lvgl/examples/widgets/bar/../../../src/core/lv_disp.h ****  */
  65:Middlewares/lvgl/examples/widgets/bar/../../../src/core/lv_disp.h **** void lv_disp_load_scr(lv_obj_t * scr);
  66:Middlewares/lvgl/examples/widgets/bar/../../../src/core/lv_disp.h **** 
  67:Middlewares/lvgl/examples/widgets/bar/../../../src/core/lv_disp.h **** /**
  68:Middlewares/lvgl/examples/widgets/bar/../../../src/core/lv_disp.h ****  * Return with the top layer. (Same on every screen and it is above the normal screen layer)
  69:Middlewares/lvgl/examples/widgets/bar/../../../src/core/lv_disp.h ****  * @param disp pointer to display which top layer should be get. (NULL to use the default screen)
  70:Middlewares/lvgl/examples/widgets/bar/../../../src/core/lv_disp.h ****  * @return pointer to the top layer object  (transparent screen sized lv_obj)
  71:Middlewares/lvgl/examples/widgets/bar/../../../src/core/lv_disp.h ****  */
  72:Middlewares/lvgl/examples/widgets/bar/../../../src/core/lv_disp.h **** lv_obj_t * lv_disp_get_layer_top(lv_disp_t * disp);
  73:Middlewares/lvgl/examples/widgets/bar/../../../src/core/lv_disp.h **** 
  74:Middlewares/lvgl/examples/widgets/bar/../../../src/core/lv_disp.h **** /**
  75:Middlewares/lvgl/examples/widgets/bar/../../../src/core/lv_disp.h ****  * Return with the sys. layer. (Same on every screen and it is above the normal screen and the top
  76:Middlewares/lvgl/examples/widgets/bar/../../../src/core/lv_disp.h ****  * layer)
  77:Middlewares/lvgl/examples/widgets/bar/../../../src/core/lv_disp.h ****  * @param disp pointer to display which sys. layer  should be get. (NULL to use the default screen)
  78:Middlewares/lvgl/examples/widgets/bar/../../../src/core/lv_disp.h ****  * @return pointer to the sys layer object  (transparent screen sized lv_obj)
  79:Middlewares/lvgl/examples/widgets/bar/../../../src/core/lv_disp.h ****  */
  80:Middlewares/lvgl/examples/widgets/bar/../../../src/core/lv_disp.h **** lv_obj_t * lv_disp_get_layer_sys(lv_disp_t * disp);
  81:Middlewares/lvgl/examples/widgets/bar/../../../src/core/lv_disp.h **** 
  82:Middlewares/lvgl/examples/widgets/bar/../../../src/core/lv_disp.h **** /**
  83:Middlewares/lvgl/examples/widgets/bar/../../../src/core/lv_disp.h ****  * Get the theme of a display
  84:Middlewares/lvgl/examples/widgets/bar/../../../src/core/lv_disp.h ****  * @param disp pointer to a display
  85:Middlewares/lvgl/examples/widgets/bar/../../../src/core/lv_disp.h ****  * @return the display's theme (can be NULL)
  86:Middlewares/lvgl/examples/widgets/bar/../../../src/core/lv_disp.h ****  */
  87:Middlewares/lvgl/examples/widgets/bar/../../../src/core/lv_disp.h **** void lv_disp_set_theme(lv_disp_t * disp, lv_theme_t * th);
  88:Middlewares/lvgl/examples/widgets/bar/../../../src/core/lv_disp.h **** 
  89:Middlewares/lvgl/examples/widgets/bar/../../../src/core/lv_disp.h **** /**
  90:Middlewares/lvgl/examples/widgets/bar/../../../src/core/lv_disp.h ****  * Get the theme of a display
ARM GAS  /tmp/ccRoYv6k.s 			page 4


  91:Middlewares/lvgl/examples/widgets/bar/../../../src/core/lv_disp.h ****  * @param disp pointer to a display
  92:Middlewares/lvgl/examples/widgets/bar/../../../src/core/lv_disp.h ****  * @return the display's theme (can be NULL)
  93:Middlewares/lvgl/examples/widgets/bar/../../../src/core/lv_disp.h ****  */
  94:Middlewares/lvgl/examples/widgets/bar/../../../src/core/lv_disp.h **** lv_theme_t * lv_disp_get_theme(lv_disp_t * disp);
  95:Middlewares/lvgl/examples/widgets/bar/../../../src/core/lv_disp.h **** 
  96:Middlewares/lvgl/examples/widgets/bar/../../../src/core/lv_disp.h **** /**
  97:Middlewares/lvgl/examples/widgets/bar/../../../src/core/lv_disp.h ****  * Set the background color of a display
  98:Middlewares/lvgl/examples/widgets/bar/../../../src/core/lv_disp.h ****  * @param disp pointer to a display
  99:Middlewares/lvgl/examples/widgets/bar/../../../src/core/lv_disp.h ****  * @param color color of the background
 100:Middlewares/lvgl/examples/widgets/bar/../../../src/core/lv_disp.h ****  */
 101:Middlewares/lvgl/examples/widgets/bar/../../../src/core/lv_disp.h **** void lv_disp_set_bg_color(lv_disp_t * disp, lv_color_t color);
 102:Middlewares/lvgl/examples/widgets/bar/../../../src/core/lv_disp.h **** 
 103:Middlewares/lvgl/examples/widgets/bar/../../../src/core/lv_disp.h **** /**
 104:Middlewares/lvgl/examples/widgets/bar/../../../src/core/lv_disp.h ****  * Set the background image of a display
 105:Middlewares/lvgl/examples/widgets/bar/../../../src/core/lv_disp.h ****  * @param disp pointer to a display
 106:Middlewares/lvgl/examples/widgets/bar/../../../src/core/lv_disp.h ****  * @param img_src path to file or pointer to an `lv_img_dsc_t` variable
 107:Middlewares/lvgl/examples/widgets/bar/../../../src/core/lv_disp.h ****  */
 108:Middlewares/lvgl/examples/widgets/bar/../../../src/core/lv_disp.h **** void lv_disp_set_bg_image(lv_disp_t * disp, const void  * img_src);
 109:Middlewares/lvgl/examples/widgets/bar/../../../src/core/lv_disp.h **** 
 110:Middlewares/lvgl/examples/widgets/bar/../../../src/core/lv_disp.h **** /**
 111:Middlewares/lvgl/examples/widgets/bar/../../../src/core/lv_disp.h ****  * Opacity of the background
 112:Middlewares/lvgl/examples/widgets/bar/../../../src/core/lv_disp.h ****  * @param disp pointer to a display
 113:Middlewares/lvgl/examples/widgets/bar/../../../src/core/lv_disp.h ****  * @param opa opacity (0..255)
 114:Middlewares/lvgl/examples/widgets/bar/../../../src/core/lv_disp.h ****  */
 115:Middlewares/lvgl/examples/widgets/bar/../../../src/core/lv_disp.h **** void lv_disp_set_bg_opa(lv_disp_t * disp, lv_opa_t opa);
 116:Middlewares/lvgl/examples/widgets/bar/../../../src/core/lv_disp.h **** 
 117:Middlewares/lvgl/examples/widgets/bar/../../../src/core/lv_disp.h **** /**
 118:Middlewares/lvgl/examples/widgets/bar/../../../src/core/lv_disp.h ****  * Switch screen with animation
 119:Middlewares/lvgl/examples/widgets/bar/../../../src/core/lv_disp.h ****  * @param scr pointer to the new screen to load
 120:Middlewares/lvgl/examples/widgets/bar/../../../src/core/lv_disp.h ****  * @param anim_type type of the animation from `lv_scr_load_anim_t`. E.g.  `LV_SCR_LOAD_ANIM_MOVE_L
 121:Middlewares/lvgl/examples/widgets/bar/../../../src/core/lv_disp.h ****  * @param time time of the animation
 122:Middlewares/lvgl/examples/widgets/bar/../../../src/core/lv_disp.h ****  * @param delay delay before the transition
 123:Middlewares/lvgl/examples/widgets/bar/../../../src/core/lv_disp.h ****  * @param auto_del true: automatically delete the old screen
 124:Middlewares/lvgl/examples/widgets/bar/../../../src/core/lv_disp.h ****  */
 125:Middlewares/lvgl/examples/widgets/bar/../../../src/core/lv_disp.h **** void lv_scr_load_anim(lv_obj_t * scr, lv_scr_load_anim_t anim_type, uint32_t time, uint32_t delay, 
 126:Middlewares/lvgl/examples/widgets/bar/../../../src/core/lv_disp.h **** 
 127:Middlewares/lvgl/examples/widgets/bar/../../../src/core/lv_disp.h **** /**
 128:Middlewares/lvgl/examples/widgets/bar/../../../src/core/lv_disp.h ****  * Get elapsed time since last user activity on a display (e.g. click)
 129:Middlewares/lvgl/examples/widgets/bar/../../../src/core/lv_disp.h ****  * @param disp pointer to an display (NULL to get the overall smallest inactivity)
 130:Middlewares/lvgl/examples/widgets/bar/../../../src/core/lv_disp.h ****  * @return elapsed ticks (milliseconds) since the last activity
 131:Middlewares/lvgl/examples/widgets/bar/../../../src/core/lv_disp.h ****  */
 132:Middlewares/lvgl/examples/widgets/bar/../../../src/core/lv_disp.h **** uint32_t lv_disp_get_inactive_time(const lv_disp_t * disp);
 133:Middlewares/lvgl/examples/widgets/bar/../../../src/core/lv_disp.h **** 
 134:Middlewares/lvgl/examples/widgets/bar/../../../src/core/lv_disp.h **** /**
 135:Middlewares/lvgl/examples/widgets/bar/../../../src/core/lv_disp.h ****  * Manually trigger an activity on a display
 136:Middlewares/lvgl/examples/widgets/bar/../../../src/core/lv_disp.h ****  * @param disp pointer to an display (NULL to use the default display)
 137:Middlewares/lvgl/examples/widgets/bar/../../../src/core/lv_disp.h ****  */
 138:Middlewares/lvgl/examples/widgets/bar/../../../src/core/lv_disp.h **** void lv_disp_trig_activity(lv_disp_t * disp);
 139:Middlewares/lvgl/examples/widgets/bar/../../../src/core/lv_disp.h **** 
 140:Middlewares/lvgl/examples/widgets/bar/../../../src/core/lv_disp.h **** /**
 141:Middlewares/lvgl/examples/widgets/bar/../../../src/core/lv_disp.h ****  * Clean any CPU cache that is related to the display.
 142:Middlewares/lvgl/examples/widgets/bar/../../../src/core/lv_disp.h ****  * @param disp pointer to an display (NULL to use the default display)
 143:Middlewares/lvgl/examples/widgets/bar/../../../src/core/lv_disp.h ****  */
 144:Middlewares/lvgl/examples/widgets/bar/../../../src/core/lv_disp.h **** void lv_disp_clean_dcache(lv_disp_t * disp);
 145:Middlewares/lvgl/examples/widgets/bar/../../../src/core/lv_disp.h **** 
 146:Middlewares/lvgl/examples/widgets/bar/../../../src/core/lv_disp.h **** /**
 147:Middlewares/lvgl/examples/widgets/bar/../../../src/core/lv_disp.h ****  * Get a pointer to the screen refresher timer to
ARM GAS  /tmp/ccRoYv6k.s 			page 5


 148:Middlewares/lvgl/examples/widgets/bar/../../../src/core/lv_disp.h ****  * modify its parameters with `lv_timer_...` functions.
 149:Middlewares/lvgl/examples/widgets/bar/../../../src/core/lv_disp.h ****  * @param disp pointer to a display
 150:Middlewares/lvgl/examples/widgets/bar/../../../src/core/lv_disp.h ****  * @return pointer to the display refresher timer. (NULL on error)
 151:Middlewares/lvgl/examples/widgets/bar/../../../src/core/lv_disp.h ****  */
 152:Middlewares/lvgl/examples/widgets/bar/../../../src/core/lv_disp.h **** lv_timer_t * _lv_disp_get_refr_timer(lv_disp_t * disp);
 153:Middlewares/lvgl/examples/widgets/bar/../../../src/core/lv_disp.h **** 
 154:Middlewares/lvgl/examples/widgets/bar/../../../src/core/lv_disp.h **** /*------------------------------------------------
 155:Middlewares/lvgl/examples/widgets/bar/../../../src/core/lv_disp.h ****  * To improve backward compatibility
 156:Middlewares/lvgl/examples/widgets/bar/../../../src/core/lv_disp.h ****  * Recommended only if you have one display
 157:Middlewares/lvgl/examples/widgets/bar/../../../src/core/lv_disp.h ****  *------------------------------------------------*/
 158:Middlewares/lvgl/examples/widgets/bar/../../../src/core/lv_disp.h **** 
 159:Middlewares/lvgl/examples/widgets/bar/../../../src/core/lv_disp.h **** /**
 160:Middlewares/lvgl/examples/widgets/bar/../../../src/core/lv_disp.h ****  * Get the active screen of the default display
 161:Middlewares/lvgl/examples/widgets/bar/../../../src/core/lv_disp.h ****  * @return pointer to the active screen
 162:Middlewares/lvgl/examples/widgets/bar/../../../src/core/lv_disp.h ****  */
 163:Middlewares/lvgl/examples/widgets/bar/../../../src/core/lv_disp.h **** static inline lv_obj_t * lv_scr_act(void)
  66              		.loc 2 163 26 view .LVU9
  67              	.LBB9:
 164:Middlewares/lvgl/examples/widgets/bar/../../../src/core/lv_disp.h **** {
 165:Middlewares/lvgl/examples/widgets/bar/../../../src/core/lv_disp.h ****     return lv_disp_get_scr_act(lv_disp_get_default());
  68              		.loc 2 165 5 view .LVU10
  69              		.loc 2 165 12 is_stmt 0 view .LVU11
  70 0022 FFF7FEFF 		bl	lv_disp_get_default
  71              	.LVL4:
  72 0026 FFF7FEFF 		bl	lv_disp_get_scr_act
  73              	.LVL5:
  74              	.LBE9:
  75              	.LBE8:
  76              		.loc 1 17 22 view .LVU12
  77 002a FFF7FEFF 		bl	lv_bar_create
  78              	.LVL6:
  79 002e 0446     		mov	r4, r0
  80              	.LVL7:
  18:Middlewares/lvgl/examples/widgets/bar/lv_example_bar_4.c ****     lv_obj_add_style(bar, &style_indic, LV_PART_INDICATOR);
  81              		.loc 1 18 5 is_stmt 1 view .LVU13
  82 0030 4FF40032 		mov	r2, #131072
  83 0034 2946     		mov	r1, r5
  84 0036 FFF7FEFF 		bl	lv_obj_add_style
  85              	.LVL8:
  19:Middlewares/lvgl/examples/widgets/bar/lv_example_bar_4.c **** 
  20:Middlewares/lvgl/examples/widgets/bar/lv_example_bar_4.c ****     lv_obj_set_size(bar, 260, 20);
  86              		.loc 1 20 5 view .LVU14
  87 003a 1422     		movs	r2, #20
  88 003c 4FF48271 		mov	r1, #260
  89 0040 2046     		mov	r0, r4
  90 0042 FFF7FEFF 		bl	lv_obj_set_size
  91              	.LVL9:
  21:Middlewares/lvgl/examples/widgets/bar/lv_example_bar_4.c ****     lv_obj_center(bar);
  92              		.loc 1 21 5 view .LVU15
  93              	.LBB10:
  94              	.LBI10:
  95              		.file 3 "Middlewares/lvgl/examples/widgets/bar/../../../src/core/lv_obj_pos.h"
   1:Middlewares/lvgl/examples/widgets/bar/../../../src/core/lv_obj_pos.h **** /**
   2:Middlewares/lvgl/examples/widgets/bar/../../../src/core/lv_obj_pos.h ****  * @file lv_obj_pos.h
   3:Middlewares/lvgl/examples/widgets/bar/../../../src/core/lv_obj_pos.h ****  *
   4:Middlewares/lvgl/examples/widgets/bar/../../../src/core/lv_obj_pos.h ****  */
   5:Middlewares/lvgl/examples/widgets/bar/../../../src/core/lv_obj_pos.h **** 
ARM GAS  /tmp/ccRoYv6k.s 			page 6


   6:Middlewares/lvgl/examples/widgets/bar/../../../src/core/lv_obj_pos.h **** #ifndef LV_OBJ_POS_H
   7:Middlewares/lvgl/examples/widgets/bar/../../../src/core/lv_obj_pos.h **** #define LV_OBJ_POS_H
   8:Middlewares/lvgl/examples/widgets/bar/../../../src/core/lv_obj_pos.h **** 
   9:Middlewares/lvgl/examples/widgets/bar/../../../src/core/lv_obj_pos.h **** #ifdef __cplusplus
  10:Middlewares/lvgl/examples/widgets/bar/../../../src/core/lv_obj_pos.h **** extern "C" {
  11:Middlewares/lvgl/examples/widgets/bar/../../../src/core/lv_obj_pos.h **** #endif
  12:Middlewares/lvgl/examples/widgets/bar/../../../src/core/lv_obj_pos.h **** 
  13:Middlewares/lvgl/examples/widgets/bar/../../../src/core/lv_obj_pos.h **** /*********************
  14:Middlewares/lvgl/examples/widgets/bar/../../../src/core/lv_obj_pos.h ****  *      INCLUDES
  15:Middlewares/lvgl/examples/widgets/bar/../../../src/core/lv_obj_pos.h ****  *********************/
  16:Middlewares/lvgl/examples/widgets/bar/../../../src/core/lv_obj_pos.h **** #include "../misc/lv_area.h"
  17:Middlewares/lvgl/examples/widgets/bar/../../../src/core/lv_obj_pos.h **** 
  18:Middlewares/lvgl/examples/widgets/bar/../../../src/core/lv_obj_pos.h **** /*********************
  19:Middlewares/lvgl/examples/widgets/bar/../../../src/core/lv_obj_pos.h ****  *      DEFINES
  20:Middlewares/lvgl/examples/widgets/bar/../../../src/core/lv_obj_pos.h ****  *********************/
  21:Middlewares/lvgl/examples/widgets/bar/../../../src/core/lv_obj_pos.h **** 
  22:Middlewares/lvgl/examples/widgets/bar/../../../src/core/lv_obj_pos.h **** /**********************
  23:Middlewares/lvgl/examples/widgets/bar/../../../src/core/lv_obj_pos.h ****  *      TYPEDEFS
  24:Middlewares/lvgl/examples/widgets/bar/../../../src/core/lv_obj_pos.h ****  **********************/
  25:Middlewares/lvgl/examples/widgets/bar/../../../src/core/lv_obj_pos.h **** struct _lv_obj_t;
  26:Middlewares/lvgl/examples/widgets/bar/../../../src/core/lv_obj_pos.h **** 
  27:Middlewares/lvgl/examples/widgets/bar/../../../src/core/lv_obj_pos.h **** typedef void (*lv_layout_update_cb_t)(struct _lv_obj_t *, void * user_data);
  28:Middlewares/lvgl/examples/widgets/bar/../../../src/core/lv_obj_pos.h **** typedef struct {
  29:Middlewares/lvgl/examples/widgets/bar/../../../src/core/lv_obj_pos.h ****     lv_layout_update_cb_t cb;
  30:Middlewares/lvgl/examples/widgets/bar/../../../src/core/lv_obj_pos.h ****     void * user_data;
  31:Middlewares/lvgl/examples/widgets/bar/../../../src/core/lv_obj_pos.h **** }lv_layout_dsc_t;
  32:Middlewares/lvgl/examples/widgets/bar/../../../src/core/lv_obj_pos.h **** 
  33:Middlewares/lvgl/examples/widgets/bar/../../../src/core/lv_obj_pos.h **** /**********************
  34:Middlewares/lvgl/examples/widgets/bar/../../../src/core/lv_obj_pos.h ****  * GLOBAL PROTOTYPES
  35:Middlewares/lvgl/examples/widgets/bar/../../../src/core/lv_obj_pos.h ****  **********************/
  36:Middlewares/lvgl/examples/widgets/bar/../../../src/core/lv_obj_pos.h **** 
  37:Middlewares/lvgl/examples/widgets/bar/../../../src/core/lv_obj_pos.h **** /**
  38:Middlewares/lvgl/examples/widgets/bar/../../../src/core/lv_obj_pos.h ****  * Set the relative the position of an object (relative to the parent's top left corner)
  39:Middlewares/lvgl/examples/widgets/bar/../../../src/core/lv_obj_pos.h ****  * @param obj       pointer to an object
  40:Middlewares/lvgl/examples/widgets/bar/../../../src/core/lv_obj_pos.h ****  * @param x         new distance from the left side of the parent plus the parent's left padding
  41:Middlewares/lvgl/examples/widgets/bar/../../../src/core/lv_obj_pos.h ****  * @param y         new distance from the top side of the parent  plus the parent's right padding
  42:Middlewares/lvgl/examples/widgets/bar/../../../src/core/lv_obj_pos.h ****  */
  43:Middlewares/lvgl/examples/widgets/bar/../../../src/core/lv_obj_pos.h **** void lv_obj_set_pos(struct _lv_obj_t * obj, lv_coord_t x, lv_coord_t y);
  44:Middlewares/lvgl/examples/widgets/bar/../../../src/core/lv_obj_pos.h **** 
  45:Middlewares/lvgl/examples/widgets/bar/../../../src/core/lv_obj_pos.h **** /**
  46:Middlewares/lvgl/examples/widgets/bar/../../../src/core/lv_obj_pos.h ****  * Set the x coordinate of a object
  47:Middlewares/lvgl/examples/widgets/bar/../../../src/core/lv_obj_pos.h ****  * @param obj       pointer to an object
  48:Middlewares/lvgl/examples/widgets/bar/../../../src/core/lv_obj_pos.h ****  * @param x         new distance from the left side from the parent plus the parent's left padding
  49:Middlewares/lvgl/examples/widgets/bar/../../../src/core/lv_obj_pos.h ****  */
  50:Middlewares/lvgl/examples/widgets/bar/../../../src/core/lv_obj_pos.h **** void lv_obj_set_x(struct _lv_obj_t * obj, lv_coord_t x);
  51:Middlewares/lvgl/examples/widgets/bar/../../../src/core/lv_obj_pos.h **** 
  52:Middlewares/lvgl/examples/widgets/bar/../../../src/core/lv_obj_pos.h **** /**
  53:Middlewares/lvgl/examples/widgets/bar/../../../src/core/lv_obj_pos.h ****  * Set the y coordinate of a object
  54:Middlewares/lvgl/examples/widgets/bar/../../../src/core/lv_obj_pos.h ****  * @param obj       pointer to an object
  55:Middlewares/lvgl/examples/widgets/bar/../../../src/core/lv_obj_pos.h ****  * @param y         new distance from the top of the parent  plus the parent's top padding
  56:Middlewares/lvgl/examples/widgets/bar/../../../src/core/lv_obj_pos.h ****  */
  57:Middlewares/lvgl/examples/widgets/bar/../../../src/core/lv_obj_pos.h **** void lv_obj_set_y(struct _lv_obj_t * obj, lv_coord_t y);
  58:Middlewares/lvgl/examples/widgets/bar/../../../src/core/lv_obj_pos.h **** 
  59:Middlewares/lvgl/examples/widgets/bar/../../../src/core/lv_obj_pos.h **** /**
  60:Middlewares/lvgl/examples/widgets/bar/../../../src/core/lv_obj_pos.h ****  * Set the size of an object.
  61:Middlewares/lvgl/examples/widgets/bar/../../../src/core/lv_obj_pos.h ****  * @param obj       pointer to an object
  62:Middlewares/lvgl/examples/widgets/bar/../../../src/core/lv_obj_pos.h ****  * @param w         the new width
ARM GAS  /tmp/ccRoYv6k.s 			page 7


  63:Middlewares/lvgl/examples/widgets/bar/../../../src/core/lv_obj_pos.h ****  * @param h         the new height
  64:Middlewares/lvgl/examples/widgets/bar/../../../src/core/lv_obj_pos.h ****  * @note            possible values are:
  65:Middlewares/lvgl/examples/widgets/bar/../../../src/core/lv_obj_pos.h ****  *                  pixel               simple set the size accordingly
  66:Middlewares/lvgl/examples/widgets/bar/../../../src/core/lv_obj_pos.h ****  *                  LV_SIZE_CONTENT     set the size to involve all children in the given direction
  67:Middlewares/lvgl/examples/widgets/bar/../../../src/core/lv_obj_pos.h ****  *                  LV_SIZE_PCT(x)     to set size in percentage of the parent's content area size 
  68:Middlewares/lvgl/examples/widgets/bar/../../../src/core/lv_obj_pos.h ****  *                                      x should be in [0..1000]% range
  69:Middlewares/lvgl/examples/widgets/bar/../../../src/core/lv_obj_pos.h ****  */
  70:Middlewares/lvgl/examples/widgets/bar/../../../src/core/lv_obj_pos.h **** void lv_obj_set_size(struct _lv_obj_t * obj, lv_coord_t w, lv_coord_t h);
  71:Middlewares/lvgl/examples/widgets/bar/../../../src/core/lv_obj_pos.h **** 
  72:Middlewares/lvgl/examples/widgets/bar/../../../src/core/lv_obj_pos.h **** /**
  73:Middlewares/lvgl/examples/widgets/bar/../../../src/core/lv_obj_pos.h ****  * Recalculate the size of the object
  74:Middlewares/lvgl/examples/widgets/bar/../../../src/core/lv_obj_pos.h ****  * @param obj       pointer to an object
  75:Middlewares/lvgl/examples/widgets/bar/../../../src/core/lv_obj_pos.h ****  * @return          true: the size has been changed
  76:Middlewares/lvgl/examples/widgets/bar/../../../src/core/lv_obj_pos.h ****  */
  77:Middlewares/lvgl/examples/widgets/bar/../../../src/core/lv_obj_pos.h **** bool lv_obj_refr_size(struct _lv_obj_t * obj);
  78:Middlewares/lvgl/examples/widgets/bar/../../../src/core/lv_obj_pos.h **** 
  79:Middlewares/lvgl/examples/widgets/bar/../../../src/core/lv_obj_pos.h **** /**
  80:Middlewares/lvgl/examples/widgets/bar/../../../src/core/lv_obj_pos.h ****  * Set the width of an object
  81:Middlewares/lvgl/examples/widgets/bar/../../../src/core/lv_obj_pos.h ****  * @param obj       pointer to an object
  82:Middlewares/lvgl/examples/widgets/bar/../../../src/core/lv_obj_pos.h ****  * @param w         the new width
  83:Middlewares/lvgl/examples/widgets/bar/../../../src/core/lv_obj_pos.h ****  * @note            possible values are:
  84:Middlewares/lvgl/examples/widgets/bar/../../../src/core/lv_obj_pos.h ****  *                  pixel               simple set the size accordingly
  85:Middlewares/lvgl/examples/widgets/bar/../../../src/core/lv_obj_pos.h ****  *                  LV_SIZE_CONTENT     set the size to involve all children in the given direction
  86:Middlewares/lvgl/examples/widgets/bar/../../../src/core/lv_obj_pos.h ****  *                  lv_pct(x)           to set size in percentage of the parent's content area size
  87:Middlewares/lvgl/examples/widgets/bar/../../../src/core/lv_obj_pos.h ****  *                                      x should be in [0..1000]% range
  88:Middlewares/lvgl/examples/widgets/bar/../../../src/core/lv_obj_pos.h ****  */
  89:Middlewares/lvgl/examples/widgets/bar/../../../src/core/lv_obj_pos.h **** void lv_obj_set_width(struct _lv_obj_t * obj, lv_coord_t w);
  90:Middlewares/lvgl/examples/widgets/bar/../../../src/core/lv_obj_pos.h **** 
  91:Middlewares/lvgl/examples/widgets/bar/../../../src/core/lv_obj_pos.h **** /**
  92:Middlewares/lvgl/examples/widgets/bar/../../../src/core/lv_obj_pos.h ****  * Set the height of an object
  93:Middlewares/lvgl/examples/widgets/bar/../../../src/core/lv_obj_pos.h ****  * @param obj       pointer to an object
  94:Middlewares/lvgl/examples/widgets/bar/../../../src/core/lv_obj_pos.h ****  * @param h         the new height
  95:Middlewares/lvgl/examples/widgets/bar/../../../src/core/lv_obj_pos.h ****  * @note            possible values are:
  96:Middlewares/lvgl/examples/widgets/bar/../../../src/core/lv_obj_pos.h ****  *                  pixel               simple set the size accordingly
  97:Middlewares/lvgl/examples/widgets/bar/../../../src/core/lv_obj_pos.h ****  *                  LV_SIZE_CONTENT     set the size to involve all children in the given direction
  98:Middlewares/lvgl/examples/widgets/bar/../../../src/core/lv_obj_pos.h ****  *                  lv_pct(x)           to set size in percentage of the parent's content area size
  99:Middlewares/lvgl/examples/widgets/bar/../../../src/core/lv_obj_pos.h ****  *                                      x should be in [0..1000]% range
 100:Middlewares/lvgl/examples/widgets/bar/../../../src/core/lv_obj_pos.h ****  */
 101:Middlewares/lvgl/examples/widgets/bar/../../../src/core/lv_obj_pos.h **** void lv_obj_set_height(struct _lv_obj_t * obj, lv_coord_t h);
 102:Middlewares/lvgl/examples/widgets/bar/../../../src/core/lv_obj_pos.h **** 
 103:Middlewares/lvgl/examples/widgets/bar/../../../src/core/lv_obj_pos.h **** /**
 104:Middlewares/lvgl/examples/widgets/bar/../../../src/core/lv_obj_pos.h ****  * Set the width reduced by the left and right padding and the border width.
 105:Middlewares/lvgl/examples/widgets/bar/../../../src/core/lv_obj_pos.h ****  * @param obj       pointer to an object
 106:Middlewares/lvgl/examples/widgets/bar/../../../src/core/lv_obj_pos.h ****  * @param w         the width without paddings in pixels
 107:Middlewares/lvgl/examples/widgets/bar/../../../src/core/lv_obj_pos.h ****  */
 108:Middlewares/lvgl/examples/widgets/bar/../../../src/core/lv_obj_pos.h **** void lv_obj_set_content_width(struct _lv_obj_t * obj, lv_coord_t w);
 109:Middlewares/lvgl/examples/widgets/bar/../../../src/core/lv_obj_pos.h **** 
 110:Middlewares/lvgl/examples/widgets/bar/../../../src/core/lv_obj_pos.h **** /**
 111:Middlewares/lvgl/examples/widgets/bar/../../../src/core/lv_obj_pos.h ****  * Set the height reduced by the top and bottom padding and the border width.
 112:Middlewares/lvgl/examples/widgets/bar/../../../src/core/lv_obj_pos.h ****  * @param obj       pointer to an object
 113:Middlewares/lvgl/examples/widgets/bar/../../../src/core/lv_obj_pos.h ****  * @param h         the height without paddings in pixels
 114:Middlewares/lvgl/examples/widgets/bar/../../../src/core/lv_obj_pos.h ****  */
 115:Middlewares/lvgl/examples/widgets/bar/../../../src/core/lv_obj_pos.h **** void lv_obj_set_content_height(struct _lv_obj_t * obj, lv_coord_t h);
 116:Middlewares/lvgl/examples/widgets/bar/../../../src/core/lv_obj_pos.h **** 
 117:Middlewares/lvgl/examples/widgets/bar/../../../src/core/lv_obj_pos.h **** /**
 118:Middlewares/lvgl/examples/widgets/bar/../../../src/core/lv_obj_pos.h ****  * Set a layout for an object
 119:Middlewares/lvgl/examples/widgets/bar/../../../src/core/lv_obj_pos.h ****  * @param obj       pointer to an object
ARM GAS  /tmp/ccRoYv6k.s 			page 8


 120:Middlewares/lvgl/examples/widgets/bar/../../../src/core/lv_obj_pos.h ****  * @param layout    pointer to a layout descriptor to set
 121:Middlewares/lvgl/examples/widgets/bar/../../../src/core/lv_obj_pos.h ****  */
 122:Middlewares/lvgl/examples/widgets/bar/../../../src/core/lv_obj_pos.h **** void lv_obj_set_layout(struct _lv_obj_t * obj, uint32_t layout);
 123:Middlewares/lvgl/examples/widgets/bar/../../../src/core/lv_obj_pos.h **** 
 124:Middlewares/lvgl/examples/widgets/bar/../../../src/core/lv_obj_pos.h **** /**
 125:Middlewares/lvgl/examples/widgets/bar/../../../src/core/lv_obj_pos.h ****  * Test whether the and object is positioned by a layout or not
 126:Middlewares/lvgl/examples/widgets/bar/../../../src/core/lv_obj_pos.h ****  * @param obj       pointer to an object to test
 127:Middlewares/lvgl/examples/widgets/bar/../../../src/core/lv_obj_pos.h ****  * @return true:    positioned by a layout; false: not positioned by a layout
 128:Middlewares/lvgl/examples/widgets/bar/../../../src/core/lv_obj_pos.h ****  */
 129:Middlewares/lvgl/examples/widgets/bar/../../../src/core/lv_obj_pos.h **** bool lv_obj_is_layout_positioned(const struct _lv_obj_t * obj);
 130:Middlewares/lvgl/examples/widgets/bar/../../../src/core/lv_obj_pos.h **** 
 131:Middlewares/lvgl/examples/widgets/bar/../../../src/core/lv_obj_pos.h **** /**
 132:Middlewares/lvgl/examples/widgets/bar/../../../src/core/lv_obj_pos.h ****  * Mark the object for layout update.
 133:Middlewares/lvgl/examples/widgets/bar/../../../src/core/lv_obj_pos.h ****  * @param obj      pointer to an object whose children needs to be updated
 134:Middlewares/lvgl/examples/widgets/bar/../../../src/core/lv_obj_pos.h ****  */
 135:Middlewares/lvgl/examples/widgets/bar/../../../src/core/lv_obj_pos.h **** void lv_obj_mark_layout_as_dirty(struct _lv_obj_t * obj);
 136:Middlewares/lvgl/examples/widgets/bar/../../../src/core/lv_obj_pos.h **** 
 137:Middlewares/lvgl/examples/widgets/bar/../../../src/core/lv_obj_pos.h **** /**
 138:Middlewares/lvgl/examples/widgets/bar/../../../src/core/lv_obj_pos.h ****  * Update the layout of an object.
 139:Middlewares/lvgl/examples/widgets/bar/../../../src/core/lv_obj_pos.h ****  * @param obj      pointer to an object whose children needs to be updated
 140:Middlewares/lvgl/examples/widgets/bar/../../../src/core/lv_obj_pos.h ****  */
 141:Middlewares/lvgl/examples/widgets/bar/../../../src/core/lv_obj_pos.h **** void lv_obj_update_layout(const struct _lv_obj_t * obj);
 142:Middlewares/lvgl/examples/widgets/bar/../../../src/core/lv_obj_pos.h **** 
 143:Middlewares/lvgl/examples/widgets/bar/../../../src/core/lv_obj_pos.h **** /**
 144:Middlewares/lvgl/examples/widgets/bar/../../../src/core/lv_obj_pos.h ****  * Regsiter a new layout
 145:Middlewares/lvgl/examples/widgets/bar/../../../src/core/lv_obj_pos.h ****  * @param cb        the layout update callback
 146:Middlewares/lvgl/examples/widgets/bar/../../../src/core/lv_obj_pos.h ****  * @param user_data custom data that will be passed to `cb`
 147:Middlewares/lvgl/examples/widgets/bar/../../../src/core/lv_obj_pos.h ****  * @return          the ID of the new layout
 148:Middlewares/lvgl/examples/widgets/bar/../../../src/core/lv_obj_pos.h ****  */
 149:Middlewares/lvgl/examples/widgets/bar/../../../src/core/lv_obj_pos.h **** uint32_t lv_layout_register(lv_layout_update_cb_t cb, void * user_data);
 150:Middlewares/lvgl/examples/widgets/bar/../../../src/core/lv_obj_pos.h **** 
 151:Middlewares/lvgl/examples/widgets/bar/../../../src/core/lv_obj_pos.h **** /**
 152:Middlewares/lvgl/examples/widgets/bar/../../../src/core/lv_obj_pos.h ****  * Change the alignment of an object.
 153:Middlewares/lvgl/examples/widgets/bar/../../../src/core/lv_obj_pos.h ****  * @param obj       pointer to an object to align
 154:Middlewares/lvgl/examples/widgets/bar/../../../src/core/lv_obj_pos.h ****  * @param align     type of alignment (see 'lv_align_t' enum) `LV_ALIGN_OUT_...` can't be used.
 155:Middlewares/lvgl/examples/widgets/bar/../../../src/core/lv_obj_pos.h ****  */
 156:Middlewares/lvgl/examples/widgets/bar/../../../src/core/lv_obj_pos.h **** void lv_obj_set_align(struct _lv_obj_t * obj, lv_align_t align);
 157:Middlewares/lvgl/examples/widgets/bar/../../../src/core/lv_obj_pos.h **** 
 158:Middlewares/lvgl/examples/widgets/bar/../../../src/core/lv_obj_pos.h **** /**
 159:Middlewares/lvgl/examples/widgets/bar/../../../src/core/lv_obj_pos.h ****  * Change the alignment of an object and set new coordinates.
 160:Middlewares/lvgl/examples/widgets/bar/../../../src/core/lv_obj_pos.h ****  * Equivalent to:
 161:Middlewares/lvgl/examples/widgets/bar/../../../src/core/lv_obj_pos.h ****  * lv_obj_set_align(obj, align);
 162:Middlewares/lvgl/examples/widgets/bar/../../../src/core/lv_obj_pos.h ****  * lv_obj_set_pos(obj, x_ofs, y_ofs);
 163:Middlewares/lvgl/examples/widgets/bar/../../../src/core/lv_obj_pos.h ****  * @param obj       pointer to an object to align
 164:Middlewares/lvgl/examples/widgets/bar/../../../src/core/lv_obj_pos.h ****  * @param align     type of alignment (see 'lv_align_t' enum) `LV_ALIGN_OUT_...` can't be used.
 165:Middlewares/lvgl/examples/widgets/bar/../../../src/core/lv_obj_pos.h ****  * @param x_ofs     x coordinate offset after alignment
 166:Middlewares/lvgl/examples/widgets/bar/../../../src/core/lv_obj_pos.h ****  * @param y_ofs     y coordinate offset after alignment
 167:Middlewares/lvgl/examples/widgets/bar/../../../src/core/lv_obj_pos.h ****  */
 168:Middlewares/lvgl/examples/widgets/bar/../../../src/core/lv_obj_pos.h **** void lv_obj_align(struct _lv_obj_t * obj, lv_align_t align, lv_coord_t x_ofs, lv_coord_t y_ofs);
 169:Middlewares/lvgl/examples/widgets/bar/../../../src/core/lv_obj_pos.h **** 
 170:Middlewares/lvgl/examples/widgets/bar/../../../src/core/lv_obj_pos.h **** /**
 171:Middlewares/lvgl/examples/widgets/bar/../../../src/core/lv_obj_pos.h ****  * Align an object to an other object.
 172:Middlewares/lvgl/examples/widgets/bar/../../../src/core/lv_obj_pos.h ****  * @param obj       pointer to an object to align
 173:Middlewares/lvgl/examples/widgets/bar/../../../src/core/lv_obj_pos.h ****  * @param base      pointer to an other object (if NULL `obj`s parent is used). 'obj' will be align
 174:Middlewares/lvgl/examples/widgets/bar/../../../src/core/lv_obj_pos.h ****  * @param align     type of alignment (see 'lv_align_t' enum)
 175:Middlewares/lvgl/examples/widgets/bar/../../../src/core/lv_obj_pos.h ****  * @param x_ofs     x coordinate offset after alignment
 176:Middlewares/lvgl/examples/widgets/bar/../../../src/core/lv_obj_pos.h ****  * @param y_ofs     y coordinate offset after alignment
ARM GAS  /tmp/ccRoYv6k.s 			page 9


 177:Middlewares/lvgl/examples/widgets/bar/../../../src/core/lv_obj_pos.h ****  * @note            if the position or size of `base` changes `obj` needs to be aligned manually ag
 178:Middlewares/lvgl/examples/widgets/bar/../../../src/core/lv_obj_pos.h ****  */
 179:Middlewares/lvgl/examples/widgets/bar/../../../src/core/lv_obj_pos.h **** void lv_obj_align_to(struct _lv_obj_t * obj, const struct _lv_obj_t * base, lv_align_t align, lv_co
 180:Middlewares/lvgl/examples/widgets/bar/../../../src/core/lv_obj_pos.h **** 
 181:Middlewares/lvgl/examples/widgets/bar/../../../src/core/lv_obj_pos.h **** /**
 182:Middlewares/lvgl/examples/widgets/bar/../../../src/core/lv_obj_pos.h ****  * Align an object to the center on its parent.
 183:Middlewares/lvgl/examples/widgets/bar/../../../src/core/lv_obj_pos.h ****  * @param obj       pointer to an object to align
 184:Middlewares/lvgl/examples/widgets/bar/../../../src/core/lv_obj_pos.h ****  * @note            if the parent size changes `obj` needs to be aligned manually again
 185:Middlewares/lvgl/examples/widgets/bar/../../../src/core/lv_obj_pos.h ****  */
 186:Middlewares/lvgl/examples/widgets/bar/../../../src/core/lv_obj_pos.h **** static inline void lv_obj_center(struct _lv_obj_t * obj)
  96              		.loc 3 186 20 view .LVU16
  97              	.LBB11:
 187:Middlewares/lvgl/examples/widgets/bar/../../../src/core/lv_obj_pos.h **** {
 188:Middlewares/lvgl/examples/widgets/bar/../../../src/core/lv_obj_pos.h ****     lv_obj_align(obj, LV_ALIGN_CENTER, 0, 0);
  98              		.loc 3 188 5 view .LVU17
  99 0046 0023     		movs	r3, #0
 100 0048 1A46     		mov	r2, r3
 101 004a 0921     		movs	r1, #9
 102 004c 2046     		mov	r0, r4
 103 004e FFF7FEFF 		bl	lv_obj_align
 104              	.LVL10:
 105              		.loc 3 188 5 is_stmt 0 view .LVU18
 106              	.LBE11:
 107              	.LBE10:
  22:Middlewares/lvgl/examples/widgets/bar/lv_example_bar_4.c ****     lv_bar_set_mode(bar, LV_BAR_MODE_RANGE);
 108              		.loc 1 22 5 is_stmt 1 view .LVU19
 109 0052 0221     		movs	r1, #2
 110 0054 2046     		mov	r0, r4
 111 0056 FFF7FEFF 		bl	lv_bar_set_mode
 112              	.LVL11:
  23:Middlewares/lvgl/examples/widgets/bar/lv_example_bar_4.c ****     lv_bar_set_value(bar, 90, LV_ANIM_OFF);
 113              		.loc 1 23 5 view .LVU20
 114 005a 0022     		movs	r2, #0
 115 005c 5A21     		movs	r1, #90
 116 005e 2046     		mov	r0, r4
 117 0060 FFF7FEFF 		bl	lv_bar_set_value
 118              	.LVL12:
  24:Middlewares/lvgl/examples/widgets/bar/lv_example_bar_4.c ****     lv_bar_set_start_value(bar, 20, LV_ANIM_OFF);
 119              		.loc 1 24 5 view .LVU21
 120 0064 0022     		movs	r2, #0
 121 0066 1421     		movs	r1, #20
 122 0068 2046     		mov	r0, r4
 123 006a FFF7FEFF 		bl	lv_bar_set_start_value
 124              	.LVL13:
  25:Middlewares/lvgl/examples/widgets/bar/lv_example_bar_4.c **** }
 125              		.loc 1 25 1 is_stmt 0 view .LVU22
 126 006e 38BD     		pop	{r3, r4, r5, pc}
 127              	.LVL14:
 128              	.L4:
 129              		.loc 1 25 1 view .LVU23
 130              		.align	2
 131              	.L3:
 132 0070 00000000 		.word	.LANCHOR0
 133 0074 00000000 		.word	img_skew_strip
 134              		.cfi_endproc
 135              	.LFE184:
 137              		.section	.bss.style_indic.0,"aw",%nobits
ARM GAS  /tmp/ccRoYv6k.s 			page 10


 138              		.align	2
 139              		.set	.LANCHOR0,. + 0
 142              	style_indic.0:
 143 0000 00000000 		.space	8
 143      00000000 
 144              		.text
 145              	.Letext0:
 146              		.file 4 "/home/akinya/gcc-arm-none-eabi/arm-none-eabi/include/machine/_default_types.h"
 147              		.file 5 "/home/akinya/gcc-arm-none-eabi/arm-none-eabi/include/sys/_stdint.h"
 148              		.file 6 "Middlewares/lvgl/examples/widgets/bar/../../../src/misc/lv_ll.h"
 149              		.file 7 "Middlewares/lvgl/examples/widgets/bar/../../../src/hal/../misc/lv_color.h"
 150              		.file 8 "Middlewares/lvgl/examples/widgets/bar/../../../src/hal/../misc/lv_area.h"
 151              		.file 9 "Middlewares/lvgl/examples/widgets/bar/../../../src/core/lv_obj.h"
 152              		.file 10 "Middlewares/lvgl/examples/widgets/bar/../../../src/core/lv_group.h"
 153              		.file 11 "Middlewares/lvgl/examples/widgets/bar/../../../src/core/../misc/lv_anim.h"
 154              		.file 12 "Middlewares/lvgl/examples/widgets/bar/../../../src/core/../misc/lv_style.h"
 155              		.file 13 "Middlewares/lvgl/examples/widgets/bar/../../../src/core/lv_obj_scroll.h"
 156              		.file 14 "Middlewares/lvgl/examples/widgets/bar/../../../src/core/lv_obj_style.h"
 157              		.file 15 "Middlewares/lvgl/examples/widgets/bar/../../../src/core/../draw/lv_img_buf.h"
 158              		.file 16 "Middlewares/lvgl/examples/widgets/bar/../../../src/core/lv_obj_class.h"
 159              		.file 17 "Middlewares/lvgl/examples/widgets/bar/../../../src/core/lv_event.h"
 160              		.file 18 "Middlewares/lvgl/examples/widgets/bar/../../../src/widgets/lv_bar.h"
 161              		.file 19 "Middlewares/lvgl/examples/widgets/bar/../../../src/hal/lv_hal_disp.h"
 162              		.file 20 "Middlewares/lvgl/examples/widgets/bar/../../../src/core/../misc/lv_style_gen.h"
ARM GAS  /tmp/ccRoYv6k.s 			page 11


DEFINED SYMBOLS
                            *ABS*:0000000000000000 lv_example_bar_4.c
     /tmp/ccRoYv6k.s:19     .text.lv_example_bar_4:0000000000000000 $t
     /tmp/ccRoYv6k.s:25     .text.lv_example_bar_4:0000000000000000 lv_example_bar_4
     /tmp/ccRoYv6k.s:132    .text.lv_example_bar_4:0000000000000070 $d
     /tmp/ccRoYv6k.s:138    .bss.style_indic.0:0000000000000000 $d
     /tmp/ccRoYv6k.s:142    .bss.style_indic.0:0000000000000000 style_indic.0

UNDEFINED SYMBOLS
lv_style_init
lv_style_set_bg_img_src
lv_style_set_bg_img_tiled
lv_style_set_bg_img_opa
lv_disp_get_default
lv_disp_get_scr_act
lv_bar_create
lv_obj_add_style
lv_obj_set_size
lv_obj_align
lv_bar_set_mode
lv_bar_set_value
lv_bar_set_start_value
img_skew_strip
