ARM GAS  /tmp/cchBFmST.s 			page 1


   1              		.cpu cortex-m7
   2              		.eabi_attribute 28, 1
   3              		.eabi_attribute 20, 1
   4              		.eabi_attribute 21, 1
   5              		.eabi_attribute 23, 3
   6              		.eabi_attribute 24, 1
   7              		.eabi_attribute 25, 1
   8              		.eabi_attribute 26, 1
   9              		.eabi_attribute 30, 1
  10              		.eabi_attribute 34, 1
  11              		.eabi_attribute 18, 4
  12              		.file	"lv_example_grid_2.c"
  13              		.text
  14              	.Ltext0:
  15              		.cfi_sections	.debug_frame
  16              		.section	.rodata.lv_example_grid_2.str1.4,"aMS",%progbits,1
  17              		.align	2
  18              	.LC0:
  19 0000 63302C20 		.ascii	"c0, r0\000"
  19      723000
  20 0007 00       		.align	2
  21              	.LC1:
  22 0008 63312C20 		.ascii	"c1, r0\000"
  22      723000
  23 000f 00       		.align	2
  24              	.LC2:
  25 0010 63322C20 		.ascii	"c2, r0\000"
  25      723000
  26 0017 00       		.align	2
  27              	.LC3:
  28 0018 63312D32 		.ascii	"c1-2, r1\000"
  28      2C207231 
  28      00
  29 0021 000000   		.align	2
  30              	.LC4:
  31 0024 63300A72 		.ascii	"c0\012r1-2\000"
  31      312D3200 
  32              		.section	.text.lv_example_grid_2,"ax",%progbits
  33              		.align	1
  34              		.global	lv_example_grid_2
  35              		.arch armv7e-m
  36              		.syntax unified
  37              		.thumb
  38              		.thumb_func
  39              		.fpu fpv5-d16
  41              	lv_example_grid_2:
  42              	.LFB184:
  43              		.file 1 "Middlewares/lvgl/examples/layouts/grid/lv_example_grid_2.c"
   1:Middlewares/lvgl/examples/layouts/grid/lv_example_grid_2.c **** #include "../../lv_examples.h"
   2:Middlewares/lvgl/examples/layouts/grid/lv_example_grid_2.c **** #if LV_USE_GRID && LV_BUILD_EXAMPLES
   3:Middlewares/lvgl/examples/layouts/grid/lv_example_grid_2.c **** 
   4:Middlewares/lvgl/examples/layouts/grid/lv_example_grid_2.c **** 
   5:Middlewares/lvgl/examples/layouts/grid/lv_example_grid_2.c **** /**
   6:Middlewares/lvgl/examples/layouts/grid/lv_example_grid_2.c ****  * Demonstrate cell placement and span
   7:Middlewares/lvgl/examples/layouts/grid/lv_example_grid_2.c ****  */
   8:Middlewares/lvgl/examples/layouts/grid/lv_example_grid_2.c **** void lv_example_grid_2(void)
   9:Middlewares/lvgl/examples/layouts/grid/lv_example_grid_2.c **** {
ARM GAS  /tmp/cchBFmST.s 			page 2


  44              		.loc 1 9 1 view -0
  45              		.cfi_startproc
  46              		@ args = 0, pretend = 0, frame = 0
  47              		@ frame_needed = 0, uses_anonymous_args = 0
  48 0000 2DE9F043 		push	{r4, r5, r6, r7, r8, r9, lr}
  49              	.LCFI0:
  50              		.cfi_def_cfa_offset 28
  51              		.cfi_offset 4, -28
  52              		.cfi_offset 5, -24
  53              		.cfi_offset 6, -20
  54              		.cfi_offset 7, -16
  55              		.cfi_offset 8, -12
  56              		.cfi_offset 9, -8
  57              		.cfi_offset 14, -4
  58 0004 85B0     		sub	sp, sp, #20
  59              	.LCFI1:
  60              		.cfi_def_cfa_offset 48
  10:Middlewares/lvgl/examples/layouts/grid/lv_example_grid_2.c ****     static lv_coord_t col_dsc[] = {70, 70, 70, LV_GRID_TEMPLATE_LAST};
  61              		.loc 1 10 5 view .LVU1
  11:Middlewares/lvgl/examples/layouts/grid/lv_example_grid_2.c ****     static lv_coord_t row_dsc[] = {50, 50, 50, LV_GRID_TEMPLATE_LAST};
  62              		.loc 1 11 5 view .LVU2
  12:Middlewares/lvgl/examples/layouts/grid/lv_example_grid_2.c **** 
  13:Middlewares/lvgl/examples/layouts/grid/lv_example_grid_2.c ****     /*Create a container with grid*/
  14:Middlewares/lvgl/examples/layouts/grid/lv_example_grid_2.c ****     lv_obj_t * cont = lv_obj_create(lv_scr_act());
  63              		.loc 1 14 5 view .LVU3
  64              	.LBB8:
  65              	.LBI8:
  66              		.file 2 "Middlewares/lvgl/examples/layouts/grid/../../../src/core/lv_disp.h"
   1:Middlewares/lvgl/examples/layouts/grid/../../../src/core/lv_disp.h **** /**
   2:Middlewares/lvgl/examples/layouts/grid/../../../src/core/lv_disp.h ****  * @file lv_disp.h
   3:Middlewares/lvgl/examples/layouts/grid/../../../src/core/lv_disp.h ****  *
   4:Middlewares/lvgl/examples/layouts/grid/../../../src/core/lv_disp.h ****  */
   5:Middlewares/lvgl/examples/layouts/grid/../../../src/core/lv_disp.h **** 
   6:Middlewares/lvgl/examples/layouts/grid/../../../src/core/lv_disp.h **** #ifndef LV_DISP_H
   7:Middlewares/lvgl/examples/layouts/grid/../../../src/core/lv_disp.h **** #define LV_DISP_H
   8:Middlewares/lvgl/examples/layouts/grid/../../../src/core/lv_disp.h **** 
   9:Middlewares/lvgl/examples/layouts/grid/../../../src/core/lv_disp.h **** #ifdef __cplusplus
  10:Middlewares/lvgl/examples/layouts/grid/../../../src/core/lv_disp.h **** extern "C" {
  11:Middlewares/lvgl/examples/layouts/grid/../../../src/core/lv_disp.h **** #endif
  12:Middlewares/lvgl/examples/layouts/grid/../../../src/core/lv_disp.h **** 
  13:Middlewares/lvgl/examples/layouts/grid/../../../src/core/lv_disp.h **** /*********************
  14:Middlewares/lvgl/examples/layouts/grid/../../../src/core/lv_disp.h ****  *      INCLUDES
  15:Middlewares/lvgl/examples/layouts/grid/../../../src/core/lv_disp.h ****  *********************/
  16:Middlewares/lvgl/examples/layouts/grid/../../../src/core/lv_disp.h **** #include "../hal/lv_hal.h"
  17:Middlewares/lvgl/examples/layouts/grid/../../../src/core/lv_disp.h **** #include "lv_obj.h"
  18:Middlewares/lvgl/examples/layouts/grid/../../../src/core/lv_disp.h **** #include "lv_theme.h"
  19:Middlewares/lvgl/examples/layouts/grid/../../../src/core/lv_disp.h **** 
  20:Middlewares/lvgl/examples/layouts/grid/../../../src/core/lv_disp.h **** /*********************
  21:Middlewares/lvgl/examples/layouts/grid/../../../src/core/lv_disp.h ****  *      DEFINES
  22:Middlewares/lvgl/examples/layouts/grid/../../../src/core/lv_disp.h ****  *********************/
  23:Middlewares/lvgl/examples/layouts/grid/../../../src/core/lv_disp.h **** 
  24:Middlewares/lvgl/examples/layouts/grid/../../../src/core/lv_disp.h **** /**********************
  25:Middlewares/lvgl/examples/layouts/grid/../../../src/core/lv_disp.h ****  *      TYPEDEFS
  26:Middlewares/lvgl/examples/layouts/grid/../../../src/core/lv_disp.h ****  **********************/
  27:Middlewares/lvgl/examples/layouts/grid/../../../src/core/lv_disp.h **** 
  28:Middlewares/lvgl/examples/layouts/grid/../../../src/core/lv_disp.h **** typedef enum {
  29:Middlewares/lvgl/examples/layouts/grid/../../../src/core/lv_disp.h ****     LV_SCR_LOAD_ANIM_NONE,
ARM GAS  /tmp/cchBFmST.s 			page 3


  30:Middlewares/lvgl/examples/layouts/grid/../../../src/core/lv_disp.h ****     LV_SCR_LOAD_ANIM_OVER_LEFT,
  31:Middlewares/lvgl/examples/layouts/grid/../../../src/core/lv_disp.h ****     LV_SCR_LOAD_ANIM_OVER_RIGHT,
  32:Middlewares/lvgl/examples/layouts/grid/../../../src/core/lv_disp.h ****     LV_SCR_LOAD_ANIM_OVER_TOP,
  33:Middlewares/lvgl/examples/layouts/grid/../../../src/core/lv_disp.h ****     LV_SCR_LOAD_ANIM_OVER_BOTTOM,
  34:Middlewares/lvgl/examples/layouts/grid/../../../src/core/lv_disp.h ****     LV_SCR_LOAD_ANIM_MOVE_LEFT,
  35:Middlewares/lvgl/examples/layouts/grid/../../../src/core/lv_disp.h ****     LV_SCR_LOAD_ANIM_MOVE_RIGHT,
  36:Middlewares/lvgl/examples/layouts/grid/../../../src/core/lv_disp.h ****     LV_SCR_LOAD_ANIM_MOVE_TOP,
  37:Middlewares/lvgl/examples/layouts/grid/../../../src/core/lv_disp.h ****     LV_SCR_LOAD_ANIM_MOVE_BOTTOM,
  38:Middlewares/lvgl/examples/layouts/grid/../../../src/core/lv_disp.h ****     LV_SCR_LOAD_ANIM_FADE_ON,
  39:Middlewares/lvgl/examples/layouts/grid/../../../src/core/lv_disp.h **** } lv_scr_load_anim_t;
  40:Middlewares/lvgl/examples/layouts/grid/../../../src/core/lv_disp.h **** 
  41:Middlewares/lvgl/examples/layouts/grid/../../../src/core/lv_disp.h **** /**********************
  42:Middlewares/lvgl/examples/layouts/grid/../../../src/core/lv_disp.h ****  * GLOBAL PROTOTYPES
  43:Middlewares/lvgl/examples/layouts/grid/../../../src/core/lv_disp.h ****  **********************/
  44:Middlewares/lvgl/examples/layouts/grid/../../../src/core/lv_disp.h **** 
  45:Middlewares/lvgl/examples/layouts/grid/../../../src/core/lv_disp.h **** /**
  46:Middlewares/lvgl/examples/layouts/grid/../../../src/core/lv_disp.h ****  * Return with a pointer to the active screen
  47:Middlewares/lvgl/examples/layouts/grid/../../../src/core/lv_disp.h ****  * @param disp pointer to display which active screen should be get. (NULL to use the default
  48:Middlewares/lvgl/examples/layouts/grid/../../../src/core/lv_disp.h ****  * screen)
  49:Middlewares/lvgl/examples/layouts/grid/../../../src/core/lv_disp.h ****  * @return pointer to the active screen object (loaded by 'lv_scr_load()')
  50:Middlewares/lvgl/examples/layouts/grid/../../../src/core/lv_disp.h ****  */
  51:Middlewares/lvgl/examples/layouts/grid/../../../src/core/lv_disp.h **** lv_obj_t * lv_disp_get_scr_act(lv_disp_t * disp);
  52:Middlewares/lvgl/examples/layouts/grid/../../../src/core/lv_disp.h **** 
  53:Middlewares/lvgl/examples/layouts/grid/../../../src/core/lv_disp.h **** /**
  54:Middlewares/lvgl/examples/layouts/grid/../../../src/core/lv_disp.h ****  * Return with a pointer to the previous screen. Only used during screen transitions.
  55:Middlewares/lvgl/examples/layouts/grid/../../../src/core/lv_disp.h ****  * @param disp pointer to display which previous screen should be get. (NULL to use the default
  56:Middlewares/lvgl/examples/layouts/grid/../../../src/core/lv_disp.h ****  * screen)
  57:Middlewares/lvgl/examples/layouts/grid/../../../src/core/lv_disp.h ****  * @return pointer to the previous screen object or NULL if not used now
  58:Middlewares/lvgl/examples/layouts/grid/../../../src/core/lv_disp.h ****  */
  59:Middlewares/lvgl/examples/layouts/grid/../../../src/core/lv_disp.h **** lv_obj_t * lv_disp_get_scr_prev(lv_disp_t * disp);
  60:Middlewares/lvgl/examples/layouts/grid/../../../src/core/lv_disp.h **** 
  61:Middlewares/lvgl/examples/layouts/grid/../../../src/core/lv_disp.h **** /**
  62:Middlewares/lvgl/examples/layouts/grid/../../../src/core/lv_disp.h ****  * Make a screen active
  63:Middlewares/lvgl/examples/layouts/grid/../../../src/core/lv_disp.h ****  * @param scr pointer to a screen
  64:Middlewares/lvgl/examples/layouts/grid/../../../src/core/lv_disp.h ****  */
  65:Middlewares/lvgl/examples/layouts/grid/../../../src/core/lv_disp.h **** void lv_disp_load_scr(lv_obj_t * scr);
  66:Middlewares/lvgl/examples/layouts/grid/../../../src/core/lv_disp.h **** 
  67:Middlewares/lvgl/examples/layouts/grid/../../../src/core/lv_disp.h **** /**
  68:Middlewares/lvgl/examples/layouts/grid/../../../src/core/lv_disp.h ****  * Return with the top layer. (Same on every screen and it is above the normal screen layer)
  69:Middlewares/lvgl/examples/layouts/grid/../../../src/core/lv_disp.h ****  * @param disp pointer to display which top layer should be get. (NULL to use the default screen)
  70:Middlewares/lvgl/examples/layouts/grid/../../../src/core/lv_disp.h ****  * @return pointer to the top layer object  (transparent screen sized lv_obj)
  71:Middlewares/lvgl/examples/layouts/grid/../../../src/core/lv_disp.h ****  */
  72:Middlewares/lvgl/examples/layouts/grid/../../../src/core/lv_disp.h **** lv_obj_t * lv_disp_get_layer_top(lv_disp_t * disp);
  73:Middlewares/lvgl/examples/layouts/grid/../../../src/core/lv_disp.h **** 
  74:Middlewares/lvgl/examples/layouts/grid/../../../src/core/lv_disp.h **** /**
  75:Middlewares/lvgl/examples/layouts/grid/../../../src/core/lv_disp.h ****  * Return with the sys. layer. (Same on every screen and it is above the normal screen and the top
  76:Middlewares/lvgl/examples/layouts/grid/../../../src/core/lv_disp.h ****  * layer)
  77:Middlewares/lvgl/examples/layouts/grid/../../../src/core/lv_disp.h ****  * @param disp pointer to display which sys. layer  should be get. (NULL to use the default screen)
  78:Middlewares/lvgl/examples/layouts/grid/../../../src/core/lv_disp.h ****  * @return pointer to the sys layer object  (transparent screen sized lv_obj)
  79:Middlewares/lvgl/examples/layouts/grid/../../../src/core/lv_disp.h ****  */
  80:Middlewares/lvgl/examples/layouts/grid/../../../src/core/lv_disp.h **** lv_obj_t * lv_disp_get_layer_sys(lv_disp_t * disp);
  81:Middlewares/lvgl/examples/layouts/grid/../../../src/core/lv_disp.h **** 
  82:Middlewares/lvgl/examples/layouts/grid/../../../src/core/lv_disp.h **** /**
  83:Middlewares/lvgl/examples/layouts/grid/../../../src/core/lv_disp.h ****  * Get the theme of a display
  84:Middlewares/lvgl/examples/layouts/grid/../../../src/core/lv_disp.h ****  * @param disp pointer to a display
  85:Middlewares/lvgl/examples/layouts/grid/../../../src/core/lv_disp.h ****  * @return the display's theme (can be NULL)
  86:Middlewares/lvgl/examples/layouts/grid/../../../src/core/lv_disp.h ****  */
ARM GAS  /tmp/cchBFmST.s 			page 4


  87:Middlewares/lvgl/examples/layouts/grid/../../../src/core/lv_disp.h **** void lv_disp_set_theme(lv_disp_t * disp, lv_theme_t * th);
  88:Middlewares/lvgl/examples/layouts/grid/../../../src/core/lv_disp.h **** 
  89:Middlewares/lvgl/examples/layouts/grid/../../../src/core/lv_disp.h **** /**
  90:Middlewares/lvgl/examples/layouts/grid/../../../src/core/lv_disp.h ****  * Get the theme of a display
  91:Middlewares/lvgl/examples/layouts/grid/../../../src/core/lv_disp.h ****  * @param disp pointer to a display
  92:Middlewares/lvgl/examples/layouts/grid/../../../src/core/lv_disp.h ****  * @return the display's theme (can be NULL)
  93:Middlewares/lvgl/examples/layouts/grid/../../../src/core/lv_disp.h ****  */
  94:Middlewares/lvgl/examples/layouts/grid/../../../src/core/lv_disp.h **** lv_theme_t * lv_disp_get_theme(lv_disp_t * disp);
  95:Middlewares/lvgl/examples/layouts/grid/../../../src/core/lv_disp.h **** 
  96:Middlewares/lvgl/examples/layouts/grid/../../../src/core/lv_disp.h **** /**
  97:Middlewares/lvgl/examples/layouts/grid/../../../src/core/lv_disp.h ****  * Set the background color of a display
  98:Middlewares/lvgl/examples/layouts/grid/../../../src/core/lv_disp.h ****  * @param disp pointer to a display
  99:Middlewares/lvgl/examples/layouts/grid/../../../src/core/lv_disp.h ****  * @param color color of the background
 100:Middlewares/lvgl/examples/layouts/grid/../../../src/core/lv_disp.h ****  */
 101:Middlewares/lvgl/examples/layouts/grid/../../../src/core/lv_disp.h **** void lv_disp_set_bg_color(lv_disp_t * disp, lv_color_t color);
 102:Middlewares/lvgl/examples/layouts/grid/../../../src/core/lv_disp.h **** 
 103:Middlewares/lvgl/examples/layouts/grid/../../../src/core/lv_disp.h **** /**
 104:Middlewares/lvgl/examples/layouts/grid/../../../src/core/lv_disp.h ****  * Set the background image of a display
 105:Middlewares/lvgl/examples/layouts/grid/../../../src/core/lv_disp.h ****  * @param disp pointer to a display
 106:Middlewares/lvgl/examples/layouts/grid/../../../src/core/lv_disp.h ****  * @param img_src path to file or pointer to an `lv_img_dsc_t` variable
 107:Middlewares/lvgl/examples/layouts/grid/../../../src/core/lv_disp.h ****  */
 108:Middlewares/lvgl/examples/layouts/grid/../../../src/core/lv_disp.h **** void lv_disp_set_bg_image(lv_disp_t * disp, const void  * img_src);
 109:Middlewares/lvgl/examples/layouts/grid/../../../src/core/lv_disp.h **** 
 110:Middlewares/lvgl/examples/layouts/grid/../../../src/core/lv_disp.h **** /**
 111:Middlewares/lvgl/examples/layouts/grid/../../../src/core/lv_disp.h ****  * Opacity of the background
 112:Middlewares/lvgl/examples/layouts/grid/../../../src/core/lv_disp.h ****  * @param disp pointer to a display
 113:Middlewares/lvgl/examples/layouts/grid/../../../src/core/lv_disp.h ****  * @param opa opacity (0..255)
 114:Middlewares/lvgl/examples/layouts/grid/../../../src/core/lv_disp.h ****  */
 115:Middlewares/lvgl/examples/layouts/grid/../../../src/core/lv_disp.h **** void lv_disp_set_bg_opa(lv_disp_t * disp, lv_opa_t opa);
 116:Middlewares/lvgl/examples/layouts/grid/../../../src/core/lv_disp.h **** 
 117:Middlewares/lvgl/examples/layouts/grid/../../../src/core/lv_disp.h **** /**
 118:Middlewares/lvgl/examples/layouts/grid/../../../src/core/lv_disp.h ****  * Switch screen with animation
 119:Middlewares/lvgl/examples/layouts/grid/../../../src/core/lv_disp.h ****  * @param scr pointer to the new screen to load
 120:Middlewares/lvgl/examples/layouts/grid/../../../src/core/lv_disp.h ****  * @param anim_type type of the animation from `lv_scr_load_anim_t`. E.g.  `LV_SCR_LOAD_ANIM_MOVE_L
 121:Middlewares/lvgl/examples/layouts/grid/../../../src/core/lv_disp.h ****  * @param time time of the animation
 122:Middlewares/lvgl/examples/layouts/grid/../../../src/core/lv_disp.h ****  * @param delay delay before the transition
 123:Middlewares/lvgl/examples/layouts/grid/../../../src/core/lv_disp.h ****  * @param auto_del true: automatically delete the old screen
 124:Middlewares/lvgl/examples/layouts/grid/../../../src/core/lv_disp.h ****  */
 125:Middlewares/lvgl/examples/layouts/grid/../../../src/core/lv_disp.h **** void lv_scr_load_anim(lv_obj_t * scr, lv_scr_load_anim_t anim_type, uint32_t time, uint32_t delay, 
 126:Middlewares/lvgl/examples/layouts/grid/../../../src/core/lv_disp.h **** 
 127:Middlewares/lvgl/examples/layouts/grid/../../../src/core/lv_disp.h **** /**
 128:Middlewares/lvgl/examples/layouts/grid/../../../src/core/lv_disp.h ****  * Get elapsed time since last user activity on a display (e.g. click)
 129:Middlewares/lvgl/examples/layouts/grid/../../../src/core/lv_disp.h ****  * @param disp pointer to an display (NULL to get the overall smallest inactivity)
 130:Middlewares/lvgl/examples/layouts/grid/../../../src/core/lv_disp.h ****  * @return elapsed ticks (milliseconds) since the last activity
 131:Middlewares/lvgl/examples/layouts/grid/../../../src/core/lv_disp.h ****  */
 132:Middlewares/lvgl/examples/layouts/grid/../../../src/core/lv_disp.h **** uint32_t lv_disp_get_inactive_time(const lv_disp_t * disp);
 133:Middlewares/lvgl/examples/layouts/grid/../../../src/core/lv_disp.h **** 
 134:Middlewares/lvgl/examples/layouts/grid/../../../src/core/lv_disp.h **** /**
 135:Middlewares/lvgl/examples/layouts/grid/../../../src/core/lv_disp.h ****  * Manually trigger an activity on a display
 136:Middlewares/lvgl/examples/layouts/grid/../../../src/core/lv_disp.h ****  * @param disp pointer to an display (NULL to use the default display)
 137:Middlewares/lvgl/examples/layouts/grid/../../../src/core/lv_disp.h ****  */
 138:Middlewares/lvgl/examples/layouts/grid/../../../src/core/lv_disp.h **** void lv_disp_trig_activity(lv_disp_t * disp);
 139:Middlewares/lvgl/examples/layouts/grid/../../../src/core/lv_disp.h **** 
 140:Middlewares/lvgl/examples/layouts/grid/../../../src/core/lv_disp.h **** /**
 141:Middlewares/lvgl/examples/layouts/grid/../../../src/core/lv_disp.h ****  * Clean any CPU cache that is related to the display.
 142:Middlewares/lvgl/examples/layouts/grid/../../../src/core/lv_disp.h ****  * @param disp pointer to an display (NULL to use the default display)
 143:Middlewares/lvgl/examples/layouts/grid/../../../src/core/lv_disp.h ****  */
ARM GAS  /tmp/cchBFmST.s 			page 5


 144:Middlewares/lvgl/examples/layouts/grid/../../../src/core/lv_disp.h **** void lv_disp_clean_dcache(lv_disp_t * disp);
 145:Middlewares/lvgl/examples/layouts/grid/../../../src/core/lv_disp.h **** 
 146:Middlewares/lvgl/examples/layouts/grid/../../../src/core/lv_disp.h **** /**
 147:Middlewares/lvgl/examples/layouts/grid/../../../src/core/lv_disp.h ****  * Get a pointer to the screen refresher timer to
 148:Middlewares/lvgl/examples/layouts/grid/../../../src/core/lv_disp.h ****  * modify its parameters with `lv_timer_...` functions.
 149:Middlewares/lvgl/examples/layouts/grid/../../../src/core/lv_disp.h ****  * @param disp pointer to a display
 150:Middlewares/lvgl/examples/layouts/grid/../../../src/core/lv_disp.h ****  * @return pointer to the display refresher timer. (NULL on error)
 151:Middlewares/lvgl/examples/layouts/grid/../../../src/core/lv_disp.h ****  */
 152:Middlewares/lvgl/examples/layouts/grid/../../../src/core/lv_disp.h **** lv_timer_t * _lv_disp_get_refr_timer(lv_disp_t * disp);
 153:Middlewares/lvgl/examples/layouts/grid/../../../src/core/lv_disp.h **** 
 154:Middlewares/lvgl/examples/layouts/grid/../../../src/core/lv_disp.h **** /*------------------------------------------------
 155:Middlewares/lvgl/examples/layouts/grid/../../../src/core/lv_disp.h ****  * To improve backward compatibility
 156:Middlewares/lvgl/examples/layouts/grid/../../../src/core/lv_disp.h ****  * Recommended only if you have one display
 157:Middlewares/lvgl/examples/layouts/grid/../../../src/core/lv_disp.h ****  *------------------------------------------------*/
 158:Middlewares/lvgl/examples/layouts/grid/../../../src/core/lv_disp.h **** 
 159:Middlewares/lvgl/examples/layouts/grid/../../../src/core/lv_disp.h **** /**
 160:Middlewares/lvgl/examples/layouts/grid/../../../src/core/lv_disp.h ****  * Get the active screen of the default display
 161:Middlewares/lvgl/examples/layouts/grid/../../../src/core/lv_disp.h ****  * @return pointer to the active screen
 162:Middlewares/lvgl/examples/layouts/grid/../../../src/core/lv_disp.h ****  */
 163:Middlewares/lvgl/examples/layouts/grid/../../../src/core/lv_disp.h **** static inline lv_obj_t * lv_scr_act(void)
  67              		.loc 2 163 26 view .LVU4
  68              	.LBB9:
 164:Middlewares/lvgl/examples/layouts/grid/../../../src/core/lv_disp.h **** {
 165:Middlewares/lvgl/examples/layouts/grid/../../../src/core/lv_disp.h ****     return lv_disp_get_scr_act(lv_disp_get_default());
  69              		.loc 2 165 5 view .LVU5
  70              		.loc 2 165 12 is_stmt 0 view .LVU6
  71 0006 FFF7FEFF 		bl	lv_disp_get_default
  72              	.LVL0:
  73 000a FFF7FEFF 		bl	lv_disp_get_scr_act
  74              	.LVL1:
  75              	.LBE9:
  76              	.LBE8:
  77              		.loc 1 14 23 view .LVU7
  78 000e FFF7FEFF 		bl	lv_obj_create
  79              	.LVL2:
  80 0012 0646     		mov	r6, r0
  81              	.LVL3:
  15:Middlewares/lvgl/examples/layouts/grid/lv_example_grid_2.c ****     lv_obj_set_grid_dsc_array(cont, col_dsc, row_dsc);
  82              		.loc 1 15 5 is_stmt 1 view .LVU8
  83 0014 484A     		ldr	r2, .L3
  84 0016 4949     		ldr	r1, .L3+4
  85 0018 FFF7FEFF 		bl	lv_obj_set_grid_dsc_array
  86              	.LVL4:
  16:Middlewares/lvgl/examples/layouts/grid/lv_example_grid_2.c ****     lv_obj_set_size(cont, 300, 220);
  87              		.loc 1 16 5 view .LVU9
  88 001c DC22     		movs	r2, #220
  89 001e 4FF49671 		mov	r1, #300
  90 0022 3046     		mov	r0, r6
  91 0024 FFF7FEFF 		bl	lv_obj_set_size
  92              	.LVL5:
  17:Middlewares/lvgl/examples/layouts/grid/lv_example_grid_2.c ****     lv_obj_center(cont);
  93              		.loc 1 17 5 view .LVU10
  94              	.LBB10:
  95              	.LBI10:
  96              		.file 3 "Middlewares/lvgl/examples/layouts/grid/../../../src/core/lv_obj_pos.h"
   1:Middlewares/lvgl/examples/layouts/grid/../../../src/core/lv_obj_pos.h **** /**
   2:Middlewares/lvgl/examples/layouts/grid/../../../src/core/lv_obj_pos.h ****  * @file lv_obj_pos.h
ARM GAS  /tmp/cchBFmST.s 			page 6


   3:Middlewares/lvgl/examples/layouts/grid/../../../src/core/lv_obj_pos.h ****  *
   4:Middlewares/lvgl/examples/layouts/grid/../../../src/core/lv_obj_pos.h ****  */
   5:Middlewares/lvgl/examples/layouts/grid/../../../src/core/lv_obj_pos.h **** 
   6:Middlewares/lvgl/examples/layouts/grid/../../../src/core/lv_obj_pos.h **** #ifndef LV_OBJ_POS_H
   7:Middlewares/lvgl/examples/layouts/grid/../../../src/core/lv_obj_pos.h **** #define LV_OBJ_POS_H
   8:Middlewares/lvgl/examples/layouts/grid/../../../src/core/lv_obj_pos.h **** 
   9:Middlewares/lvgl/examples/layouts/grid/../../../src/core/lv_obj_pos.h **** #ifdef __cplusplus
  10:Middlewares/lvgl/examples/layouts/grid/../../../src/core/lv_obj_pos.h **** extern "C" {
  11:Middlewares/lvgl/examples/layouts/grid/../../../src/core/lv_obj_pos.h **** #endif
  12:Middlewares/lvgl/examples/layouts/grid/../../../src/core/lv_obj_pos.h **** 
  13:Middlewares/lvgl/examples/layouts/grid/../../../src/core/lv_obj_pos.h **** /*********************
  14:Middlewares/lvgl/examples/layouts/grid/../../../src/core/lv_obj_pos.h ****  *      INCLUDES
  15:Middlewares/lvgl/examples/layouts/grid/../../../src/core/lv_obj_pos.h ****  *********************/
  16:Middlewares/lvgl/examples/layouts/grid/../../../src/core/lv_obj_pos.h **** #include "../misc/lv_area.h"
  17:Middlewares/lvgl/examples/layouts/grid/../../../src/core/lv_obj_pos.h **** 
  18:Middlewares/lvgl/examples/layouts/grid/../../../src/core/lv_obj_pos.h **** /*********************
  19:Middlewares/lvgl/examples/layouts/grid/../../../src/core/lv_obj_pos.h ****  *      DEFINES
  20:Middlewares/lvgl/examples/layouts/grid/../../../src/core/lv_obj_pos.h ****  *********************/
  21:Middlewares/lvgl/examples/layouts/grid/../../../src/core/lv_obj_pos.h **** 
  22:Middlewares/lvgl/examples/layouts/grid/../../../src/core/lv_obj_pos.h **** /**********************
  23:Middlewares/lvgl/examples/layouts/grid/../../../src/core/lv_obj_pos.h ****  *      TYPEDEFS
  24:Middlewares/lvgl/examples/layouts/grid/../../../src/core/lv_obj_pos.h ****  **********************/
  25:Middlewares/lvgl/examples/layouts/grid/../../../src/core/lv_obj_pos.h **** struct _lv_obj_t;
  26:Middlewares/lvgl/examples/layouts/grid/../../../src/core/lv_obj_pos.h **** 
  27:Middlewares/lvgl/examples/layouts/grid/../../../src/core/lv_obj_pos.h **** typedef void (*lv_layout_update_cb_t)(struct _lv_obj_t *, void * user_data);
  28:Middlewares/lvgl/examples/layouts/grid/../../../src/core/lv_obj_pos.h **** typedef struct {
  29:Middlewares/lvgl/examples/layouts/grid/../../../src/core/lv_obj_pos.h ****     lv_layout_update_cb_t cb;
  30:Middlewares/lvgl/examples/layouts/grid/../../../src/core/lv_obj_pos.h ****     void * user_data;
  31:Middlewares/lvgl/examples/layouts/grid/../../../src/core/lv_obj_pos.h **** }lv_layout_dsc_t;
  32:Middlewares/lvgl/examples/layouts/grid/../../../src/core/lv_obj_pos.h **** 
  33:Middlewares/lvgl/examples/layouts/grid/../../../src/core/lv_obj_pos.h **** /**********************
  34:Middlewares/lvgl/examples/layouts/grid/../../../src/core/lv_obj_pos.h ****  * GLOBAL PROTOTYPES
  35:Middlewares/lvgl/examples/layouts/grid/../../../src/core/lv_obj_pos.h ****  **********************/
  36:Middlewares/lvgl/examples/layouts/grid/../../../src/core/lv_obj_pos.h **** 
  37:Middlewares/lvgl/examples/layouts/grid/../../../src/core/lv_obj_pos.h **** /**
  38:Middlewares/lvgl/examples/layouts/grid/../../../src/core/lv_obj_pos.h ****  * Set the relative the position of an object (relative to the parent's top left corner)
  39:Middlewares/lvgl/examples/layouts/grid/../../../src/core/lv_obj_pos.h ****  * @param obj       pointer to an object
  40:Middlewares/lvgl/examples/layouts/grid/../../../src/core/lv_obj_pos.h ****  * @param x         new distance from the left side of the parent plus the parent's left padding
  41:Middlewares/lvgl/examples/layouts/grid/../../../src/core/lv_obj_pos.h ****  * @param y         new distance from the top side of the parent  plus the parent's right padding
  42:Middlewares/lvgl/examples/layouts/grid/../../../src/core/lv_obj_pos.h ****  */
  43:Middlewares/lvgl/examples/layouts/grid/../../../src/core/lv_obj_pos.h **** void lv_obj_set_pos(struct _lv_obj_t * obj, lv_coord_t x, lv_coord_t y);
  44:Middlewares/lvgl/examples/layouts/grid/../../../src/core/lv_obj_pos.h **** 
  45:Middlewares/lvgl/examples/layouts/grid/../../../src/core/lv_obj_pos.h **** /**
  46:Middlewares/lvgl/examples/layouts/grid/../../../src/core/lv_obj_pos.h ****  * Set the x coordinate of a object
  47:Middlewares/lvgl/examples/layouts/grid/../../../src/core/lv_obj_pos.h ****  * @param obj       pointer to an object
  48:Middlewares/lvgl/examples/layouts/grid/../../../src/core/lv_obj_pos.h ****  * @param x         new distance from the left side from the parent plus the parent's left padding
  49:Middlewares/lvgl/examples/layouts/grid/../../../src/core/lv_obj_pos.h ****  */
  50:Middlewares/lvgl/examples/layouts/grid/../../../src/core/lv_obj_pos.h **** void lv_obj_set_x(struct _lv_obj_t * obj, lv_coord_t x);
  51:Middlewares/lvgl/examples/layouts/grid/../../../src/core/lv_obj_pos.h **** 
  52:Middlewares/lvgl/examples/layouts/grid/../../../src/core/lv_obj_pos.h **** /**
  53:Middlewares/lvgl/examples/layouts/grid/../../../src/core/lv_obj_pos.h ****  * Set the y coordinate of a object
  54:Middlewares/lvgl/examples/layouts/grid/../../../src/core/lv_obj_pos.h ****  * @param obj       pointer to an object
  55:Middlewares/lvgl/examples/layouts/grid/../../../src/core/lv_obj_pos.h ****  * @param y         new distance from the top of the parent  plus the parent's top padding
  56:Middlewares/lvgl/examples/layouts/grid/../../../src/core/lv_obj_pos.h ****  */
  57:Middlewares/lvgl/examples/layouts/grid/../../../src/core/lv_obj_pos.h **** void lv_obj_set_y(struct _lv_obj_t * obj, lv_coord_t y);
  58:Middlewares/lvgl/examples/layouts/grid/../../../src/core/lv_obj_pos.h **** 
  59:Middlewares/lvgl/examples/layouts/grid/../../../src/core/lv_obj_pos.h **** /**
ARM GAS  /tmp/cchBFmST.s 			page 7


  60:Middlewares/lvgl/examples/layouts/grid/../../../src/core/lv_obj_pos.h ****  * Set the size of an object.
  61:Middlewares/lvgl/examples/layouts/grid/../../../src/core/lv_obj_pos.h ****  * @param obj       pointer to an object
  62:Middlewares/lvgl/examples/layouts/grid/../../../src/core/lv_obj_pos.h ****  * @param w         the new width
  63:Middlewares/lvgl/examples/layouts/grid/../../../src/core/lv_obj_pos.h ****  * @param h         the new height
  64:Middlewares/lvgl/examples/layouts/grid/../../../src/core/lv_obj_pos.h ****  * @note            possible values are:
  65:Middlewares/lvgl/examples/layouts/grid/../../../src/core/lv_obj_pos.h ****  *                  pixel               simple set the size accordingly
  66:Middlewares/lvgl/examples/layouts/grid/../../../src/core/lv_obj_pos.h ****  *                  LV_SIZE_CONTENT     set the size to involve all children in the given direction
  67:Middlewares/lvgl/examples/layouts/grid/../../../src/core/lv_obj_pos.h ****  *                  LV_SIZE_PCT(x)     to set size in percentage of the parent's content area size 
  68:Middlewares/lvgl/examples/layouts/grid/../../../src/core/lv_obj_pos.h ****  *                                      x should be in [0..1000]% range
  69:Middlewares/lvgl/examples/layouts/grid/../../../src/core/lv_obj_pos.h ****  */
  70:Middlewares/lvgl/examples/layouts/grid/../../../src/core/lv_obj_pos.h **** void lv_obj_set_size(struct _lv_obj_t * obj, lv_coord_t w, lv_coord_t h);
  71:Middlewares/lvgl/examples/layouts/grid/../../../src/core/lv_obj_pos.h **** 
  72:Middlewares/lvgl/examples/layouts/grid/../../../src/core/lv_obj_pos.h **** /**
  73:Middlewares/lvgl/examples/layouts/grid/../../../src/core/lv_obj_pos.h ****  * Recalculate the size of the object
  74:Middlewares/lvgl/examples/layouts/grid/../../../src/core/lv_obj_pos.h ****  * @param obj       pointer to an object
  75:Middlewares/lvgl/examples/layouts/grid/../../../src/core/lv_obj_pos.h ****  * @return          true: the size has been changed
  76:Middlewares/lvgl/examples/layouts/grid/../../../src/core/lv_obj_pos.h ****  */
  77:Middlewares/lvgl/examples/layouts/grid/../../../src/core/lv_obj_pos.h **** bool lv_obj_refr_size(struct _lv_obj_t * obj);
  78:Middlewares/lvgl/examples/layouts/grid/../../../src/core/lv_obj_pos.h **** 
  79:Middlewares/lvgl/examples/layouts/grid/../../../src/core/lv_obj_pos.h **** /**
  80:Middlewares/lvgl/examples/layouts/grid/../../../src/core/lv_obj_pos.h ****  * Set the width of an object
  81:Middlewares/lvgl/examples/layouts/grid/../../../src/core/lv_obj_pos.h ****  * @param obj       pointer to an object
  82:Middlewares/lvgl/examples/layouts/grid/../../../src/core/lv_obj_pos.h ****  * @param w         the new width
  83:Middlewares/lvgl/examples/layouts/grid/../../../src/core/lv_obj_pos.h ****  * @note            possible values are:
  84:Middlewares/lvgl/examples/layouts/grid/../../../src/core/lv_obj_pos.h ****  *                  pixel               simple set the size accordingly
  85:Middlewares/lvgl/examples/layouts/grid/../../../src/core/lv_obj_pos.h ****  *                  LV_SIZE_CONTENT     set the size to involve all children in the given direction
  86:Middlewares/lvgl/examples/layouts/grid/../../../src/core/lv_obj_pos.h ****  *                  lv_pct(x)           to set size in percentage of the parent's content area size
  87:Middlewares/lvgl/examples/layouts/grid/../../../src/core/lv_obj_pos.h ****  *                                      x should be in [0..1000]% range
  88:Middlewares/lvgl/examples/layouts/grid/../../../src/core/lv_obj_pos.h ****  */
  89:Middlewares/lvgl/examples/layouts/grid/../../../src/core/lv_obj_pos.h **** void lv_obj_set_width(struct _lv_obj_t * obj, lv_coord_t w);
  90:Middlewares/lvgl/examples/layouts/grid/../../../src/core/lv_obj_pos.h **** 
  91:Middlewares/lvgl/examples/layouts/grid/../../../src/core/lv_obj_pos.h **** /**
  92:Middlewares/lvgl/examples/layouts/grid/../../../src/core/lv_obj_pos.h ****  * Set the height of an object
  93:Middlewares/lvgl/examples/layouts/grid/../../../src/core/lv_obj_pos.h ****  * @param obj       pointer to an object
  94:Middlewares/lvgl/examples/layouts/grid/../../../src/core/lv_obj_pos.h ****  * @param h         the new height
  95:Middlewares/lvgl/examples/layouts/grid/../../../src/core/lv_obj_pos.h ****  * @note            possible values are:
  96:Middlewares/lvgl/examples/layouts/grid/../../../src/core/lv_obj_pos.h ****  *                  pixel               simple set the size accordingly
  97:Middlewares/lvgl/examples/layouts/grid/../../../src/core/lv_obj_pos.h ****  *                  LV_SIZE_CONTENT     set the size to involve all children in the given direction
  98:Middlewares/lvgl/examples/layouts/grid/../../../src/core/lv_obj_pos.h ****  *                  lv_pct(x)           to set size in percentage of the parent's content area size
  99:Middlewares/lvgl/examples/layouts/grid/../../../src/core/lv_obj_pos.h ****  *                                      x should be in [0..1000]% range
 100:Middlewares/lvgl/examples/layouts/grid/../../../src/core/lv_obj_pos.h ****  */
 101:Middlewares/lvgl/examples/layouts/grid/../../../src/core/lv_obj_pos.h **** void lv_obj_set_height(struct _lv_obj_t * obj, lv_coord_t h);
 102:Middlewares/lvgl/examples/layouts/grid/../../../src/core/lv_obj_pos.h **** 
 103:Middlewares/lvgl/examples/layouts/grid/../../../src/core/lv_obj_pos.h **** /**
 104:Middlewares/lvgl/examples/layouts/grid/../../../src/core/lv_obj_pos.h ****  * Set the width reduced by the left and right padding and the border width.
 105:Middlewares/lvgl/examples/layouts/grid/../../../src/core/lv_obj_pos.h ****  * @param obj       pointer to an object
 106:Middlewares/lvgl/examples/layouts/grid/../../../src/core/lv_obj_pos.h ****  * @param w         the width without paddings in pixels
 107:Middlewares/lvgl/examples/layouts/grid/../../../src/core/lv_obj_pos.h ****  */
 108:Middlewares/lvgl/examples/layouts/grid/../../../src/core/lv_obj_pos.h **** void lv_obj_set_content_width(struct _lv_obj_t * obj, lv_coord_t w);
 109:Middlewares/lvgl/examples/layouts/grid/../../../src/core/lv_obj_pos.h **** 
 110:Middlewares/lvgl/examples/layouts/grid/../../../src/core/lv_obj_pos.h **** /**
 111:Middlewares/lvgl/examples/layouts/grid/../../../src/core/lv_obj_pos.h ****  * Set the height reduced by the top and bottom padding and the border width.
 112:Middlewares/lvgl/examples/layouts/grid/../../../src/core/lv_obj_pos.h ****  * @param obj       pointer to an object
 113:Middlewares/lvgl/examples/layouts/grid/../../../src/core/lv_obj_pos.h ****  * @param h         the height without paddings in pixels
 114:Middlewares/lvgl/examples/layouts/grid/../../../src/core/lv_obj_pos.h ****  */
 115:Middlewares/lvgl/examples/layouts/grid/../../../src/core/lv_obj_pos.h **** void lv_obj_set_content_height(struct _lv_obj_t * obj, lv_coord_t h);
 116:Middlewares/lvgl/examples/layouts/grid/../../../src/core/lv_obj_pos.h **** 
ARM GAS  /tmp/cchBFmST.s 			page 8


 117:Middlewares/lvgl/examples/layouts/grid/../../../src/core/lv_obj_pos.h **** /**
 118:Middlewares/lvgl/examples/layouts/grid/../../../src/core/lv_obj_pos.h ****  * Set a layout for an object
 119:Middlewares/lvgl/examples/layouts/grid/../../../src/core/lv_obj_pos.h ****  * @param obj       pointer to an object
 120:Middlewares/lvgl/examples/layouts/grid/../../../src/core/lv_obj_pos.h ****  * @param layout    pointer to a layout descriptor to set
 121:Middlewares/lvgl/examples/layouts/grid/../../../src/core/lv_obj_pos.h ****  */
 122:Middlewares/lvgl/examples/layouts/grid/../../../src/core/lv_obj_pos.h **** void lv_obj_set_layout(struct _lv_obj_t * obj, uint32_t layout);
 123:Middlewares/lvgl/examples/layouts/grid/../../../src/core/lv_obj_pos.h **** 
 124:Middlewares/lvgl/examples/layouts/grid/../../../src/core/lv_obj_pos.h **** /**
 125:Middlewares/lvgl/examples/layouts/grid/../../../src/core/lv_obj_pos.h ****  * Test whether the and object is positioned by a layout or not
 126:Middlewares/lvgl/examples/layouts/grid/../../../src/core/lv_obj_pos.h ****  * @param obj       pointer to an object to test
 127:Middlewares/lvgl/examples/layouts/grid/../../../src/core/lv_obj_pos.h ****  * @return true:    positioned by a layout; false: not positioned by a layout
 128:Middlewares/lvgl/examples/layouts/grid/../../../src/core/lv_obj_pos.h ****  */
 129:Middlewares/lvgl/examples/layouts/grid/../../../src/core/lv_obj_pos.h **** bool lv_obj_is_layout_positioned(const struct _lv_obj_t * obj);
 130:Middlewares/lvgl/examples/layouts/grid/../../../src/core/lv_obj_pos.h **** 
 131:Middlewares/lvgl/examples/layouts/grid/../../../src/core/lv_obj_pos.h **** /**
 132:Middlewares/lvgl/examples/layouts/grid/../../../src/core/lv_obj_pos.h ****  * Mark the object for layout update.
 133:Middlewares/lvgl/examples/layouts/grid/../../../src/core/lv_obj_pos.h ****  * @param obj      pointer to an object whose children needs to be updated
 134:Middlewares/lvgl/examples/layouts/grid/../../../src/core/lv_obj_pos.h ****  */
 135:Middlewares/lvgl/examples/layouts/grid/../../../src/core/lv_obj_pos.h **** void lv_obj_mark_layout_as_dirty(struct _lv_obj_t * obj);
 136:Middlewares/lvgl/examples/layouts/grid/../../../src/core/lv_obj_pos.h **** 
 137:Middlewares/lvgl/examples/layouts/grid/../../../src/core/lv_obj_pos.h **** /**
 138:Middlewares/lvgl/examples/layouts/grid/../../../src/core/lv_obj_pos.h ****  * Update the layout of an object.
 139:Middlewares/lvgl/examples/layouts/grid/../../../src/core/lv_obj_pos.h ****  * @param obj      pointer to an object whose children needs to be updated
 140:Middlewares/lvgl/examples/layouts/grid/../../../src/core/lv_obj_pos.h ****  */
 141:Middlewares/lvgl/examples/layouts/grid/../../../src/core/lv_obj_pos.h **** void lv_obj_update_layout(const struct _lv_obj_t * obj);
 142:Middlewares/lvgl/examples/layouts/grid/../../../src/core/lv_obj_pos.h **** 
 143:Middlewares/lvgl/examples/layouts/grid/../../../src/core/lv_obj_pos.h **** /**
 144:Middlewares/lvgl/examples/layouts/grid/../../../src/core/lv_obj_pos.h ****  * Regsiter a new layout
 145:Middlewares/lvgl/examples/layouts/grid/../../../src/core/lv_obj_pos.h ****  * @param cb        the layout update callback
 146:Middlewares/lvgl/examples/layouts/grid/../../../src/core/lv_obj_pos.h ****  * @param user_data custom data that will be passed to `cb`
 147:Middlewares/lvgl/examples/layouts/grid/../../../src/core/lv_obj_pos.h ****  * @return          the ID of the new layout
 148:Middlewares/lvgl/examples/layouts/grid/../../../src/core/lv_obj_pos.h ****  */
 149:Middlewares/lvgl/examples/layouts/grid/../../../src/core/lv_obj_pos.h **** uint32_t lv_layout_register(lv_layout_update_cb_t cb, void * user_data);
 150:Middlewares/lvgl/examples/layouts/grid/../../../src/core/lv_obj_pos.h **** 
 151:Middlewares/lvgl/examples/layouts/grid/../../../src/core/lv_obj_pos.h **** /**
 152:Middlewares/lvgl/examples/layouts/grid/../../../src/core/lv_obj_pos.h ****  * Change the alignment of an object.
 153:Middlewares/lvgl/examples/layouts/grid/../../../src/core/lv_obj_pos.h ****  * @param obj       pointer to an object to align
 154:Middlewares/lvgl/examples/layouts/grid/../../../src/core/lv_obj_pos.h ****  * @param align     type of alignment (see 'lv_align_t' enum) `LV_ALIGN_OUT_...` can't be used.
 155:Middlewares/lvgl/examples/layouts/grid/../../../src/core/lv_obj_pos.h ****  */
 156:Middlewares/lvgl/examples/layouts/grid/../../../src/core/lv_obj_pos.h **** void lv_obj_set_align(struct _lv_obj_t * obj, lv_align_t align);
 157:Middlewares/lvgl/examples/layouts/grid/../../../src/core/lv_obj_pos.h **** 
 158:Middlewares/lvgl/examples/layouts/grid/../../../src/core/lv_obj_pos.h **** /**
 159:Middlewares/lvgl/examples/layouts/grid/../../../src/core/lv_obj_pos.h ****  * Change the alignment of an object and set new coordinates.
 160:Middlewares/lvgl/examples/layouts/grid/../../../src/core/lv_obj_pos.h ****  * Equivalent to:
 161:Middlewares/lvgl/examples/layouts/grid/../../../src/core/lv_obj_pos.h ****  * lv_obj_set_align(obj, align);
 162:Middlewares/lvgl/examples/layouts/grid/../../../src/core/lv_obj_pos.h ****  * lv_obj_set_pos(obj, x_ofs, y_ofs);
 163:Middlewares/lvgl/examples/layouts/grid/../../../src/core/lv_obj_pos.h ****  * @param obj       pointer to an object to align
 164:Middlewares/lvgl/examples/layouts/grid/../../../src/core/lv_obj_pos.h ****  * @param align     type of alignment (see 'lv_align_t' enum) `LV_ALIGN_OUT_...` can't be used.
 165:Middlewares/lvgl/examples/layouts/grid/../../../src/core/lv_obj_pos.h ****  * @param x_ofs     x coordinate offset after alignment
 166:Middlewares/lvgl/examples/layouts/grid/../../../src/core/lv_obj_pos.h ****  * @param y_ofs     y coordinate offset after alignment
 167:Middlewares/lvgl/examples/layouts/grid/../../../src/core/lv_obj_pos.h ****  */
 168:Middlewares/lvgl/examples/layouts/grid/../../../src/core/lv_obj_pos.h **** void lv_obj_align(struct _lv_obj_t * obj, lv_align_t align, lv_coord_t x_ofs, lv_coord_t y_ofs);
 169:Middlewares/lvgl/examples/layouts/grid/../../../src/core/lv_obj_pos.h **** 
 170:Middlewares/lvgl/examples/layouts/grid/../../../src/core/lv_obj_pos.h **** /**
 171:Middlewares/lvgl/examples/layouts/grid/../../../src/core/lv_obj_pos.h ****  * Align an object to an other object.
 172:Middlewares/lvgl/examples/layouts/grid/../../../src/core/lv_obj_pos.h ****  * @param obj       pointer to an object to align
 173:Middlewares/lvgl/examples/layouts/grid/../../../src/core/lv_obj_pos.h ****  * @param base      pointer to an other object (if NULL `obj`s parent is used). 'obj' will be align
ARM GAS  /tmp/cchBFmST.s 			page 9


 174:Middlewares/lvgl/examples/layouts/grid/../../../src/core/lv_obj_pos.h ****  * @param align     type of alignment (see 'lv_align_t' enum)
 175:Middlewares/lvgl/examples/layouts/grid/../../../src/core/lv_obj_pos.h ****  * @param x_ofs     x coordinate offset after alignment
 176:Middlewares/lvgl/examples/layouts/grid/../../../src/core/lv_obj_pos.h ****  * @param y_ofs     y coordinate offset after alignment
 177:Middlewares/lvgl/examples/layouts/grid/../../../src/core/lv_obj_pos.h ****  * @note            if the position or size of `base` changes `obj` needs to be aligned manually ag
 178:Middlewares/lvgl/examples/layouts/grid/../../../src/core/lv_obj_pos.h ****  */
 179:Middlewares/lvgl/examples/layouts/grid/../../../src/core/lv_obj_pos.h **** void lv_obj_align_to(struct _lv_obj_t * obj, const struct _lv_obj_t * base, lv_align_t align, lv_co
 180:Middlewares/lvgl/examples/layouts/grid/../../../src/core/lv_obj_pos.h **** 
 181:Middlewares/lvgl/examples/layouts/grid/../../../src/core/lv_obj_pos.h **** /**
 182:Middlewares/lvgl/examples/layouts/grid/../../../src/core/lv_obj_pos.h ****  * Align an object to the center on its parent.
 183:Middlewares/lvgl/examples/layouts/grid/../../../src/core/lv_obj_pos.h ****  * @param obj       pointer to an object to align
 184:Middlewares/lvgl/examples/layouts/grid/../../../src/core/lv_obj_pos.h ****  * @note            if the parent size changes `obj` needs to be aligned manually again
 185:Middlewares/lvgl/examples/layouts/grid/../../../src/core/lv_obj_pos.h ****  */
 186:Middlewares/lvgl/examples/layouts/grid/../../../src/core/lv_obj_pos.h **** static inline void lv_obj_center(struct _lv_obj_t * obj)
  97              		.loc 3 186 20 view .LVU11
  98              	.LBB11:
 187:Middlewares/lvgl/examples/layouts/grid/../../../src/core/lv_obj_pos.h **** {
 188:Middlewares/lvgl/examples/layouts/grid/../../../src/core/lv_obj_pos.h ****     lv_obj_align(obj, LV_ALIGN_CENTER, 0, 0);
  99              		.loc 3 188 5 view .LVU12
 100 0028 0023     		movs	r3, #0
 101 002a 1A46     		mov	r2, r3
 102 002c 0921     		movs	r1, #9
 103 002e 3046     		mov	r0, r6
 104 0030 FFF7FEFF 		bl	lv_obj_align
 105              	.LVL6:
 106              		.loc 3 188 5 is_stmt 0 view .LVU13
 107              	.LBE11:
 108              	.LBE10:
  18:Middlewares/lvgl/examples/layouts/grid/lv_example_grid_2.c **** 
  19:Middlewares/lvgl/examples/layouts/grid/lv_example_grid_2.c ****     lv_obj_t * label;
 109              		.loc 1 19 5 is_stmt 1 view .LVU14
  20:Middlewares/lvgl/examples/layouts/grid/lv_example_grid_2.c ****     lv_obj_t * obj;
 110              		.loc 1 20 5 view .LVU15
  21:Middlewares/lvgl/examples/layouts/grid/lv_example_grid_2.c **** 
  22:Middlewares/lvgl/examples/layouts/grid/lv_example_grid_2.c ****     /*Cell to 0;0 and align to to the start (left/top) horizontally and vertically too*/
  23:Middlewares/lvgl/examples/layouts/grid/lv_example_grid_2.c ****     obj = lv_obj_create(cont);
 111              		.loc 1 23 5 view .LVU16
 112              		.loc 1 23 11 is_stmt 0 view .LVU17
 113 0034 3046     		mov	r0, r6
 114 0036 FFF7FEFF 		bl	lv_obj_create
 115              	.LVL7:
 116 003a 0746     		mov	r7, r0
 117              	.LVL8:
  24:Middlewares/lvgl/examples/layouts/grid/lv_example_grid_2.c ****     lv_obj_set_size(obj, LV_SIZE_CONTENT, LV_SIZE_CONTENT);
 118              		.loc 1 24 5 is_stmt 1 view .LVU18
 119 003c 42F2D172 		movw	r2, #10193
 120 0040 1146     		mov	r1, r2
 121 0042 FFF7FEFF 		bl	lv_obj_set_size
 122              	.LVL9:
  25:Middlewares/lvgl/examples/layouts/grid/lv_example_grid_2.c ****     lv_obj_set_grid_cell(obj, LV_GRID_ALIGN_START, 0, 1,
 123              		.loc 1 25 5 view .LVU19
 124 0046 0124     		movs	r4, #1
 125 0048 0294     		str	r4, [sp, #8]
 126 004a 0025     		movs	r5, #0
 127 004c 0195     		str	r5, [sp, #4]
 128 004e 0095     		str	r5, [sp]
 129 0050 2346     		mov	r3, r4
 130 0052 2A46     		mov	r2, r5
ARM GAS  /tmp/cchBFmST.s 			page 10


 131 0054 2946     		mov	r1, r5
 132 0056 3846     		mov	r0, r7
 133 0058 FFF7FEFF 		bl	lv_obj_set_grid_cell
 134              	.LVL10:
  26:Middlewares/lvgl/examples/layouts/grid/lv_example_grid_2.c ****                               LV_GRID_ALIGN_START, 0, 1);
  27:Middlewares/lvgl/examples/layouts/grid/lv_example_grid_2.c ****     label = lv_label_create(obj);
 135              		.loc 1 27 5 view .LVU20
 136              		.loc 1 27 13 is_stmt 0 view .LVU21
 137 005c 3846     		mov	r0, r7
 138 005e FFF7FEFF 		bl	lv_label_create
 139              	.LVL11:
  28:Middlewares/lvgl/examples/layouts/grid/lv_example_grid_2.c ****     lv_label_set_text(label, "c0, r0");
 140              		.loc 1 28 5 is_stmt 1 view .LVU22
 141 0062 3749     		ldr	r1, .L3+8
 142 0064 FFF7FEFF 		bl	lv_label_set_text
 143              	.LVL12:
  29:Middlewares/lvgl/examples/layouts/grid/lv_example_grid_2.c **** 
  30:Middlewares/lvgl/examples/layouts/grid/lv_example_grid_2.c ****     /*Cell to 1;0 and align to to the start (left) horizontally and center vertically too*/
  31:Middlewares/lvgl/examples/layouts/grid/lv_example_grid_2.c ****     obj = lv_obj_create(cont);
 144              		.loc 1 31 5 view .LVU23
 145              		.loc 1 31 11 is_stmt 0 view .LVU24
 146 0068 3046     		mov	r0, r6
 147 006a FFF7FEFF 		bl	lv_obj_create
 148              	.LVL13:
 149 006e 0746     		mov	r7, r0
 150              	.LVL14:
  32:Middlewares/lvgl/examples/layouts/grid/lv_example_grid_2.c ****     lv_obj_set_size(obj, LV_SIZE_CONTENT, LV_SIZE_CONTENT);
 151              		.loc 1 32 5 is_stmt 1 view .LVU25
 152 0070 42F2D172 		movw	r2, #10193
 153 0074 1146     		mov	r1, r2
 154 0076 FFF7FEFF 		bl	lv_obj_set_size
 155              	.LVL15:
  33:Middlewares/lvgl/examples/layouts/grid/lv_example_grid_2.c ****     lv_obj_set_grid_cell(obj, LV_GRID_ALIGN_START, 1, 1,
 156              		.loc 1 33 5 view .LVU26
 157 007a 0294     		str	r4, [sp, #8]
 158 007c 0195     		str	r5, [sp, #4]
 159 007e 0094     		str	r4, [sp]
 160 0080 2346     		mov	r3, r4
 161 0082 2246     		mov	r2, r4
 162 0084 2946     		mov	r1, r5
 163 0086 3846     		mov	r0, r7
 164 0088 FFF7FEFF 		bl	lv_obj_set_grid_cell
 165              	.LVL16:
  34:Middlewares/lvgl/examples/layouts/grid/lv_example_grid_2.c ****                               LV_GRID_ALIGN_CENTER, 0, 1);
  35:Middlewares/lvgl/examples/layouts/grid/lv_example_grid_2.c ****     label = lv_label_create(obj);
 166              		.loc 1 35 5 view .LVU27
 167              		.loc 1 35 13 is_stmt 0 view .LVU28
 168 008c 3846     		mov	r0, r7
 169 008e FFF7FEFF 		bl	lv_label_create
 170              	.LVL17:
  36:Middlewares/lvgl/examples/layouts/grid/lv_example_grid_2.c ****     lv_label_set_text(label, "c1, r0");
 171              		.loc 1 36 5 is_stmt 1 view .LVU29
 172 0092 2C49     		ldr	r1, .L3+12
 173 0094 FFF7FEFF 		bl	lv_label_set_text
 174              	.LVL18:
  37:Middlewares/lvgl/examples/layouts/grid/lv_example_grid_2.c **** 
  38:Middlewares/lvgl/examples/layouts/grid/lv_example_grid_2.c ****     /*Cell to 2;0 and align to to the start (left) horizontally and end (bottom) vertically too*/
ARM GAS  /tmp/cchBFmST.s 			page 11


  39:Middlewares/lvgl/examples/layouts/grid/lv_example_grid_2.c ****     obj = lv_obj_create(cont);
 175              		.loc 1 39 5 view .LVU30
 176              		.loc 1 39 11 is_stmt 0 view .LVU31
 177 0098 3046     		mov	r0, r6
 178 009a FFF7FEFF 		bl	lv_obj_create
 179              	.LVL19:
 180 009e 0746     		mov	r7, r0
 181              	.LVL20:
  40:Middlewares/lvgl/examples/layouts/grid/lv_example_grid_2.c ****     lv_obj_set_size(obj, LV_SIZE_CONTENT, LV_SIZE_CONTENT);
 182              		.loc 1 40 5 is_stmt 1 view .LVU32
 183 00a0 42F2D172 		movw	r2, #10193
 184 00a4 1146     		mov	r1, r2
 185 00a6 FFF7FEFF 		bl	lv_obj_set_size
 186              	.LVL21:
  41:Middlewares/lvgl/examples/layouts/grid/lv_example_grid_2.c ****     lv_obj_set_grid_cell(obj, LV_GRID_ALIGN_START, 2, 1,
 187              		.loc 1 41 5 view .LVU33
 188 00aa 0294     		str	r4, [sp, #8]
 189 00ac 0195     		str	r5, [sp, #4]
 190 00ae 4FF00208 		mov	r8, #2
 191 00b2 CDF80080 		str	r8, [sp]
 192 00b6 2346     		mov	r3, r4
 193 00b8 4246     		mov	r2, r8
 194 00ba 2946     		mov	r1, r5
 195 00bc 3846     		mov	r0, r7
 196 00be FFF7FEFF 		bl	lv_obj_set_grid_cell
 197              	.LVL22:
  42:Middlewares/lvgl/examples/layouts/grid/lv_example_grid_2.c ****                               LV_GRID_ALIGN_END, 0, 1);
  43:Middlewares/lvgl/examples/layouts/grid/lv_example_grid_2.c ****     label = lv_label_create(obj);
 198              		.loc 1 43 5 view .LVU34
 199              		.loc 1 43 13 is_stmt 0 view .LVU35
 200 00c2 3846     		mov	r0, r7
 201 00c4 FFF7FEFF 		bl	lv_label_create
 202              	.LVL23:
  44:Middlewares/lvgl/examples/layouts/grid/lv_example_grid_2.c ****     lv_label_set_text(label, "c2, r0");
 203              		.loc 1 44 5 is_stmt 1 view .LVU36
 204 00c8 1F49     		ldr	r1, .L3+16
 205 00ca FFF7FEFF 		bl	lv_label_set_text
 206              	.LVL24:
  45:Middlewares/lvgl/examples/layouts/grid/lv_example_grid_2.c **** 
  46:Middlewares/lvgl/examples/layouts/grid/lv_example_grid_2.c ****     /*Cell to 1;1 but 2 column wide (span = 2).Set width and height to stretched.*/
  47:Middlewares/lvgl/examples/layouts/grid/lv_example_grid_2.c ****     obj = lv_obj_create(cont);
 207              		.loc 1 47 5 view .LVU37
 208              		.loc 1 47 11 is_stmt 0 view .LVU38
 209 00ce 3046     		mov	r0, r6
 210 00d0 FFF7FEFF 		bl	lv_obj_create
 211              	.LVL25:
 212 00d4 8146     		mov	r9, r0
 213              	.LVL26:
  48:Middlewares/lvgl/examples/layouts/grid/lv_example_grid_2.c ****     lv_obj_set_size(obj, LV_SIZE_CONTENT, LV_SIZE_CONTENT);
 214              		.loc 1 48 5 is_stmt 1 view .LVU39
 215 00d6 42F2D172 		movw	r2, #10193
 216 00da 1146     		mov	r1, r2
 217 00dc FFF7FEFF 		bl	lv_obj_set_size
 218              	.LVL27:
  49:Middlewares/lvgl/examples/layouts/grid/lv_example_grid_2.c ****     lv_obj_set_grid_cell(obj, LV_GRID_ALIGN_STRETCH, 1, 2,
 219              		.loc 1 49 5 view .LVU40
 220 00e0 0294     		str	r4, [sp, #8]
ARM GAS  /tmp/cchBFmST.s 			page 12


 221 00e2 0194     		str	r4, [sp, #4]
 222 00e4 0327     		movs	r7, #3
 223 00e6 0097     		str	r7, [sp]
 224 00e8 4346     		mov	r3, r8
 225 00ea 2246     		mov	r2, r4
 226 00ec 3946     		mov	r1, r7
 227 00ee 4846     		mov	r0, r9
 228 00f0 FFF7FEFF 		bl	lv_obj_set_grid_cell
 229              	.LVL28:
  50:Middlewares/lvgl/examples/layouts/grid/lv_example_grid_2.c ****                               LV_GRID_ALIGN_STRETCH, 1, 1);
  51:Middlewares/lvgl/examples/layouts/grid/lv_example_grid_2.c ****     label = lv_label_create(obj);
 230              		.loc 1 51 5 view .LVU41
 231              		.loc 1 51 13 is_stmt 0 view .LVU42
 232 00f4 4846     		mov	r0, r9
 233 00f6 FFF7FEFF 		bl	lv_label_create
 234              	.LVL29:
  52:Middlewares/lvgl/examples/layouts/grid/lv_example_grid_2.c ****     lv_label_set_text(label, "c1-2, r1");
 235              		.loc 1 52 5 is_stmt 1 view .LVU43
 236 00fa 1449     		ldr	r1, .L3+20
 237 00fc FFF7FEFF 		bl	lv_label_set_text
 238              	.LVL30:
  53:Middlewares/lvgl/examples/layouts/grid/lv_example_grid_2.c **** 
  54:Middlewares/lvgl/examples/layouts/grid/lv_example_grid_2.c ****     /*Cell to 0;1 but 2 rows tall (span = 2).Set width and height to stretched.*/
  55:Middlewares/lvgl/examples/layouts/grid/lv_example_grid_2.c ****     obj = lv_obj_create(cont);
 239              		.loc 1 55 5 view .LVU44
 240              		.loc 1 55 11 is_stmt 0 view .LVU45
 241 0100 3046     		mov	r0, r6
 242 0102 FFF7FEFF 		bl	lv_obj_create
 243              	.LVL31:
 244 0106 0646     		mov	r6, r0
 245              	.LVL32:
  56:Middlewares/lvgl/examples/layouts/grid/lv_example_grid_2.c ****     lv_obj_set_size(obj, LV_SIZE_CONTENT, LV_SIZE_CONTENT);
 246              		.loc 1 56 5 is_stmt 1 view .LVU46
 247 0108 42F2D172 		movw	r2, #10193
 248 010c 1146     		mov	r1, r2
 249 010e FFF7FEFF 		bl	lv_obj_set_size
 250              	.LVL33:
  57:Middlewares/lvgl/examples/layouts/grid/lv_example_grid_2.c ****     lv_obj_set_grid_cell(obj, LV_GRID_ALIGN_STRETCH, 0, 1,
 251              		.loc 1 57 5 view .LVU47
 252 0112 CDF80880 		str	r8, [sp, #8]
 253 0116 0194     		str	r4, [sp, #4]
 254 0118 0097     		str	r7, [sp]
 255 011a 2346     		mov	r3, r4
 256 011c 2A46     		mov	r2, r5
 257 011e 3946     		mov	r1, r7
 258 0120 3046     		mov	r0, r6
 259 0122 FFF7FEFF 		bl	lv_obj_set_grid_cell
 260              	.LVL34:
  58:Middlewares/lvgl/examples/layouts/grid/lv_example_grid_2.c ****                               LV_GRID_ALIGN_STRETCH, 1, 2);
  59:Middlewares/lvgl/examples/layouts/grid/lv_example_grid_2.c ****     label = lv_label_create(obj);
 261              		.loc 1 59 5 view .LVU48
 262              		.loc 1 59 13 is_stmt 0 view .LVU49
 263 0126 3046     		mov	r0, r6
 264 0128 FFF7FEFF 		bl	lv_label_create
 265              	.LVL35:
  60:Middlewares/lvgl/examples/layouts/grid/lv_example_grid_2.c ****     lv_label_set_text(label, "c0\nr1-2");
 266              		.loc 1 60 5 is_stmt 1 view .LVU50
ARM GAS  /tmp/cchBFmST.s 			page 13


 267 012c 0849     		ldr	r1, .L3+24
 268 012e FFF7FEFF 		bl	lv_label_set_text
 269              	.LVL36:
  61:Middlewares/lvgl/examples/layouts/grid/lv_example_grid_2.c **** }
 270              		.loc 1 61 1 is_stmt 0 view .LVU51
 271 0132 05B0     		add	sp, sp, #20
 272              	.LCFI2:
 273              		.cfi_def_cfa_offset 28
 274              		@ sp needed
 275 0134 BDE8F083 		pop	{r4, r5, r6, r7, r8, r9, pc}
 276              	.LVL37:
 277              	.L4:
 278              		.loc 1 61 1 view .LVU52
 279              		.align	2
 280              	.L3:
 281 0138 00000000 		.word	.LANCHOR0
 282 013c 00000000 		.word	.LANCHOR1
 283 0140 00000000 		.word	.LC0
 284 0144 08000000 		.word	.LC1
 285 0148 10000000 		.word	.LC2
 286 014c 18000000 		.word	.LC3
 287 0150 24000000 		.word	.LC4
 288              		.cfi_endproc
 289              	.LFE184:
 291              		.section	.data.col_dsc.1,"aw"
 292              		.align	2
 293              		.set	.LANCHOR1,. + 0
 296              	col_dsc.1:
 297 0000 4600     		.short	70
 298 0002 4600     		.short	70
 299 0004 4600     		.short	70
 300 0006 0060     		.short	24576
 301              		.section	.data.row_dsc.0,"aw"
 302              		.align	2
 303              		.set	.LANCHOR0,. + 0
 306              	row_dsc.0:
 307 0000 3200     		.short	50
 308 0002 3200     		.short	50
 309 0004 3200     		.short	50
 310 0006 0060     		.short	24576
 311              		.text
 312              	.Letext0:
 313              		.file 4 "/home/akinya/gcc-arm-none-eabi/arm-none-eabi/include/machine/_default_types.h"
 314              		.file 5 "/home/akinya/gcc-arm-none-eabi/arm-none-eabi/include/sys/_stdint.h"
 315              		.file 6 "Middlewares/lvgl/examples/layouts/grid/../../../src/misc/lv_ll.h"
 316              		.file 7 "Middlewares/lvgl/examples/layouts/grid/../../../src/hal/../misc/lv_color.h"
 317              		.file 8 "Middlewares/lvgl/examples/layouts/grid/../../../src/hal/../misc/lv_area.h"
 318              		.file 9 "Middlewares/lvgl/examples/layouts/grid/../../../src/core/lv_obj.h"
 319              		.file 10 "Middlewares/lvgl/examples/layouts/grid/../../../src/core/lv_group.h"
 320              		.file 11 "Middlewares/lvgl/examples/layouts/grid/../../../src/core/../misc/lv_style.h"
 321              		.file 12 "Middlewares/lvgl/examples/layouts/grid/../../../src/core/lv_obj_scroll.h"
 322              		.file 13 "Middlewares/lvgl/examples/layouts/grid/../../../src/core/lv_obj_style.h"
 323              		.file 14 "Middlewares/lvgl/examples/layouts/grid/../../../src/core/lv_obj_class.h"
 324              		.file 15 "Middlewares/lvgl/examples/layouts/grid/../../../src/core/lv_event.h"
 325              		.file 16 "Middlewares/lvgl/examples/layouts/grid/../../../src/extra/layouts/grid/lv_grid.h"
 326              		.file 17 "Middlewares/lvgl/examples/layouts/grid/../../../src/hal/lv_hal_disp.h"
 327              		.file 18 "Middlewares/lvgl/examples/layouts/grid/../../../src/widgets/lv_label.h"
ARM GAS  /tmp/cchBFmST.s 			page 14


ARM GAS  /tmp/cchBFmST.s 			page 15


DEFINED SYMBOLS
                            *ABS*:0000000000000000 lv_example_grid_2.c
     /tmp/cchBFmST.s:17     .rodata.lv_example_grid_2.str1.4:0000000000000000 $d
     /tmp/cchBFmST.s:33     .text.lv_example_grid_2:0000000000000000 $t
     /tmp/cchBFmST.s:41     .text.lv_example_grid_2:0000000000000000 lv_example_grid_2
     /tmp/cchBFmST.s:281    .text.lv_example_grid_2:0000000000000138 $d
     /tmp/cchBFmST.s:292    .data.col_dsc.1:0000000000000000 $d
     /tmp/cchBFmST.s:296    .data.col_dsc.1:0000000000000000 col_dsc.1
     /tmp/cchBFmST.s:302    .data.row_dsc.0:0000000000000000 $d
     /tmp/cchBFmST.s:306    .data.row_dsc.0:0000000000000000 row_dsc.0

UNDEFINED SYMBOLS
lv_disp_get_default
lv_disp_get_scr_act
lv_obj_create
lv_obj_set_grid_dsc_array
lv_obj_set_size
lv_obj_align
lv_obj_set_grid_cell
lv_label_create
lv_label_set_text
