ARM GAS  /tmp/ccTmYJY7.s 			page 1


   1              		.cpu cortex-m7
   2              		.arch armv7e-m
   3              		.fpu fpv5-d16
   4              		.eabi_attribute 28, 1
   5              		.eabi_attribute 20, 1
   6              		.eabi_attribute 21, 1
   7              		.eabi_attribute 23, 3
   8              		.eabi_attribute 24, 1
   9              		.eabi_attribute 25, 1
  10              		.eabi_attribute 26, 1
  11              		.eabi_attribute 30, 1
  12              		.eabi_attribute 34, 1
  13              		.eabi_attribute 18, 4
  14              		.file	"lv_example_tileview_1.c"
  15              		.text
  16              	.Ltext0:
  17              		.cfi_sections	.debug_frame
  18              		.section	.rodata.lv_example_tileview_1.str1.4,"aMS",%progbits,1
  19              		.align	2
  20              	.LC0:
  21 0000 5363726F 		.ascii	"Scroll down\000"
  21      6C6C2064 
  21      6F776E00 
  22              		.align	2
  23              	.LC1:
  24 000c 5363726F 		.ascii	"Scroll up or right\000"
  24      6C6C2075 
  24      70206F72 
  24      20726967 
  24      687400
  25 001f 00       		.align	2
  26              	.LC2:
  27 0020 4F6E6500 		.ascii	"One\000"
  28              		.align	2
  29              	.LC3:
  30 0024 54776F00 		.ascii	"Two\000"
  31              		.align	2
  32              	.LC4:
  33 0028 54687265 		.ascii	"Three\000"
  33      6500
  34 002e 0000     		.align	2
  35              	.LC5:
  36 0030 466F7572 		.ascii	"Four\000"
  36      00
  37 0035 000000   		.align	2
  38              	.LC6:
  39 0038 46697665 		.ascii	"Five\000"
  39      00
  40 003d 000000   		.align	2
  41              	.LC7:
  42 0040 53697800 		.ascii	"Six\000"
  43              		.align	2
  44              	.LC8:
  45 0044 53657665 		.ascii	"Seven\000"
  45      6E00
  46 004a 0000     		.align	2
  47              	.LC9:
ARM GAS  /tmp/ccTmYJY7.s 			page 2


  48 004c 45696768 		.ascii	"Eight\000"
  48      7400
  49 0052 0000     		.align	2
  50              	.LC10:
  51 0054 4E696E65 		.ascii	"Nine\000"
  51      00
  52 0059 000000   		.align	2
  53              	.LC11:
  54 005c 54656E00 		.ascii	"Ten\000"
  55              		.section	.text.lv_example_tileview_1,"ax",%progbits
  56              		.align	1
  57              		.global	lv_example_tileview_1
  58              		.syntax unified
  59              		.thumb
  60              		.thumb_func
  62              	lv_example_tileview_1:
  63              	.LFB184:
  64              		.file 1 "Middlewares/lvgl/examples/widgets/tileview/lv_example_tileview_1.c"
   1:Middlewares/lvgl/examples/widgets/tileview/lv_example_tileview_1.c **** #include "../../lv_examples.h"
   2:Middlewares/lvgl/examples/widgets/tileview/lv_example_tileview_1.c **** #if LV_USE_TILEVIEW && LV_BUILD_EXAMPLES
   3:Middlewares/lvgl/examples/widgets/tileview/lv_example_tileview_1.c **** 
   4:Middlewares/lvgl/examples/widgets/tileview/lv_example_tileview_1.c **** /**
   5:Middlewares/lvgl/examples/widgets/tileview/lv_example_tileview_1.c ****  * Create a 2x2 tile view and allow scrolling only in an "L" shape.
   6:Middlewares/lvgl/examples/widgets/tileview/lv_example_tileview_1.c ****  * Demonstrate scroll chaining with a long list that
   7:Middlewares/lvgl/examples/widgets/tileview/lv_example_tileview_1.c ****  * scrolls the tile view when it cant't be scrolled further.
   8:Middlewares/lvgl/examples/widgets/tileview/lv_example_tileview_1.c ****  */
   9:Middlewares/lvgl/examples/widgets/tileview/lv_example_tileview_1.c **** void lv_example_tileview_1(void)
  10:Middlewares/lvgl/examples/widgets/tileview/lv_example_tileview_1.c **** {
  65              		.loc 1 10 1 view -0
  66              		.cfi_startproc
  67              		@ args = 0, pretend = 0, frame = 0
  68              		@ frame_needed = 0, uses_anonymous_args = 0
  69 0000 38B5     		push	{r3, r4, r5, lr}
  70              	.LCFI0:
  71              		.cfi_def_cfa_offset 16
  72              		.cfi_offset 3, -16
  73              		.cfi_offset 4, -12
  74              		.cfi_offset 5, -8
  75              		.cfi_offset 14, -4
  11:Middlewares/lvgl/examples/widgets/tileview/lv_example_tileview_1.c ****     lv_obj_t *tv = lv_tileview_create(lv_scr_act());
  76              		.loc 1 11 5 view .LVU1
  77              	.LBB12:
  78              	.LBI12:
  79              		.file 2 "Middlewares/lvgl/examples/widgets/tileview/../../../src/core/lv_disp.h"
   1:Middlewares/lvgl/examples/widgets/tileview/../../../src/core/lv_disp.h **** /**
   2:Middlewares/lvgl/examples/widgets/tileview/../../../src/core/lv_disp.h ****  * @file lv_disp.h
   3:Middlewares/lvgl/examples/widgets/tileview/../../../src/core/lv_disp.h ****  *
   4:Middlewares/lvgl/examples/widgets/tileview/../../../src/core/lv_disp.h ****  */
   5:Middlewares/lvgl/examples/widgets/tileview/../../../src/core/lv_disp.h **** 
   6:Middlewares/lvgl/examples/widgets/tileview/../../../src/core/lv_disp.h **** #ifndef LV_DISP_H
   7:Middlewares/lvgl/examples/widgets/tileview/../../../src/core/lv_disp.h **** #define LV_DISP_H
   8:Middlewares/lvgl/examples/widgets/tileview/../../../src/core/lv_disp.h **** 
   9:Middlewares/lvgl/examples/widgets/tileview/../../../src/core/lv_disp.h **** #ifdef __cplusplus
  10:Middlewares/lvgl/examples/widgets/tileview/../../../src/core/lv_disp.h **** extern "C" {
  11:Middlewares/lvgl/examples/widgets/tileview/../../../src/core/lv_disp.h **** #endif
  12:Middlewares/lvgl/examples/widgets/tileview/../../../src/core/lv_disp.h **** 
  13:Middlewares/lvgl/examples/widgets/tileview/../../../src/core/lv_disp.h **** /*********************
ARM GAS  /tmp/ccTmYJY7.s 			page 3


  14:Middlewares/lvgl/examples/widgets/tileview/../../../src/core/lv_disp.h ****  *      INCLUDES
  15:Middlewares/lvgl/examples/widgets/tileview/../../../src/core/lv_disp.h ****  *********************/
  16:Middlewares/lvgl/examples/widgets/tileview/../../../src/core/lv_disp.h **** #include "../hal/lv_hal.h"
  17:Middlewares/lvgl/examples/widgets/tileview/../../../src/core/lv_disp.h **** #include "lv_obj.h"
  18:Middlewares/lvgl/examples/widgets/tileview/../../../src/core/lv_disp.h **** #include "lv_theme.h"
  19:Middlewares/lvgl/examples/widgets/tileview/../../../src/core/lv_disp.h **** 
  20:Middlewares/lvgl/examples/widgets/tileview/../../../src/core/lv_disp.h **** /*********************
  21:Middlewares/lvgl/examples/widgets/tileview/../../../src/core/lv_disp.h ****  *      DEFINES
  22:Middlewares/lvgl/examples/widgets/tileview/../../../src/core/lv_disp.h ****  *********************/
  23:Middlewares/lvgl/examples/widgets/tileview/../../../src/core/lv_disp.h **** 
  24:Middlewares/lvgl/examples/widgets/tileview/../../../src/core/lv_disp.h **** /**********************
  25:Middlewares/lvgl/examples/widgets/tileview/../../../src/core/lv_disp.h ****  *      TYPEDEFS
  26:Middlewares/lvgl/examples/widgets/tileview/../../../src/core/lv_disp.h ****  **********************/
  27:Middlewares/lvgl/examples/widgets/tileview/../../../src/core/lv_disp.h **** 
  28:Middlewares/lvgl/examples/widgets/tileview/../../../src/core/lv_disp.h **** typedef enum {
  29:Middlewares/lvgl/examples/widgets/tileview/../../../src/core/lv_disp.h ****     LV_SCR_LOAD_ANIM_NONE,
  30:Middlewares/lvgl/examples/widgets/tileview/../../../src/core/lv_disp.h ****     LV_SCR_LOAD_ANIM_OVER_LEFT,
  31:Middlewares/lvgl/examples/widgets/tileview/../../../src/core/lv_disp.h ****     LV_SCR_LOAD_ANIM_OVER_RIGHT,
  32:Middlewares/lvgl/examples/widgets/tileview/../../../src/core/lv_disp.h ****     LV_SCR_LOAD_ANIM_OVER_TOP,
  33:Middlewares/lvgl/examples/widgets/tileview/../../../src/core/lv_disp.h ****     LV_SCR_LOAD_ANIM_OVER_BOTTOM,
  34:Middlewares/lvgl/examples/widgets/tileview/../../../src/core/lv_disp.h ****     LV_SCR_LOAD_ANIM_MOVE_LEFT,
  35:Middlewares/lvgl/examples/widgets/tileview/../../../src/core/lv_disp.h ****     LV_SCR_LOAD_ANIM_MOVE_RIGHT,
  36:Middlewares/lvgl/examples/widgets/tileview/../../../src/core/lv_disp.h ****     LV_SCR_LOAD_ANIM_MOVE_TOP,
  37:Middlewares/lvgl/examples/widgets/tileview/../../../src/core/lv_disp.h ****     LV_SCR_LOAD_ANIM_MOVE_BOTTOM,
  38:Middlewares/lvgl/examples/widgets/tileview/../../../src/core/lv_disp.h ****     LV_SCR_LOAD_ANIM_FADE_ON,
  39:Middlewares/lvgl/examples/widgets/tileview/../../../src/core/lv_disp.h **** } lv_scr_load_anim_t;
  40:Middlewares/lvgl/examples/widgets/tileview/../../../src/core/lv_disp.h **** 
  41:Middlewares/lvgl/examples/widgets/tileview/../../../src/core/lv_disp.h **** /**********************
  42:Middlewares/lvgl/examples/widgets/tileview/../../../src/core/lv_disp.h ****  * GLOBAL PROTOTYPES
  43:Middlewares/lvgl/examples/widgets/tileview/../../../src/core/lv_disp.h ****  **********************/
  44:Middlewares/lvgl/examples/widgets/tileview/../../../src/core/lv_disp.h **** 
  45:Middlewares/lvgl/examples/widgets/tileview/../../../src/core/lv_disp.h **** /**
  46:Middlewares/lvgl/examples/widgets/tileview/../../../src/core/lv_disp.h ****  * Return with a pointer to the active screen
  47:Middlewares/lvgl/examples/widgets/tileview/../../../src/core/lv_disp.h ****  * @param disp pointer to display which active screen should be get. (NULL to use the default
  48:Middlewares/lvgl/examples/widgets/tileview/../../../src/core/lv_disp.h ****  * screen)
  49:Middlewares/lvgl/examples/widgets/tileview/../../../src/core/lv_disp.h ****  * @return pointer to the active screen object (loaded by 'lv_scr_load()')
  50:Middlewares/lvgl/examples/widgets/tileview/../../../src/core/lv_disp.h ****  */
  51:Middlewares/lvgl/examples/widgets/tileview/../../../src/core/lv_disp.h **** lv_obj_t * lv_disp_get_scr_act(lv_disp_t * disp);
  52:Middlewares/lvgl/examples/widgets/tileview/../../../src/core/lv_disp.h **** 
  53:Middlewares/lvgl/examples/widgets/tileview/../../../src/core/lv_disp.h **** /**
  54:Middlewares/lvgl/examples/widgets/tileview/../../../src/core/lv_disp.h ****  * Return with a pointer to the previous screen. Only used during screen transitions.
  55:Middlewares/lvgl/examples/widgets/tileview/../../../src/core/lv_disp.h ****  * @param disp pointer to display which previous screen should be get. (NULL to use the default
  56:Middlewares/lvgl/examples/widgets/tileview/../../../src/core/lv_disp.h ****  * screen)
  57:Middlewares/lvgl/examples/widgets/tileview/../../../src/core/lv_disp.h ****  * @return pointer to the previous screen object or NULL if not used now
  58:Middlewares/lvgl/examples/widgets/tileview/../../../src/core/lv_disp.h ****  */
  59:Middlewares/lvgl/examples/widgets/tileview/../../../src/core/lv_disp.h **** lv_obj_t * lv_disp_get_scr_prev(lv_disp_t * disp);
  60:Middlewares/lvgl/examples/widgets/tileview/../../../src/core/lv_disp.h **** 
  61:Middlewares/lvgl/examples/widgets/tileview/../../../src/core/lv_disp.h **** /**
  62:Middlewares/lvgl/examples/widgets/tileview/../../../src/core/lv_disp.h ****  * Make a screen active
  63:Middlewares/lvgl/examples/widgets/tileview/../../../src/core/lv_disp.h ****  * @param scr pointer to a screen
  64:Middlewares/lvgl/examples/widgets/tileview/../../../src/core/lv_disp.h ****  */
  65:Middlewares/lvgl/examples/widgets/tileview/../../../src/core/lv_disp.h **** void lv_disp_load_scr(lv_obj_t * scr);
  66:Middlewares/lvgl/examples/widgets/tileview/../../../src/core/lv_disp.h **** 
  67:Middlewares/lvgl/examples/widgets/tileview/../../../src/core/lv_disp.h **** /**
  68:Middlewares/lvgl/examples/widgets/tileview/../../../src/core/lv_disp.h ****  * Return with the top layer. (Same on every screen and it is above the normal screen layer)
  69:Middlewares/lvgl/examples/widgets/tileview/../../../src/core/lv_disp.h ****  * @param disp pointer to display which top layer should be get. (NULL to use the default screen)
  70:Middlewares/lvgl/examples/widgets/tileview/../../../src/core/lv_disp.h ****  * @return pointer to the top layer object  (transparent screen sized lv_obj)
ARM GAS  /tmp/ccTmYJY7.s 			page 4


  71:Middlewares/lvgl/examples/widgets/tileview/../../../src/core/lv_disp.h ****  */
  72:Middlewares/lvgl/examples/widgets/tileview/../../../src/core/lv_disp.h **** lv_obj_t * lv_disp_get_layer_top(lv_disp_t * disp);
  73:Middlewares/lvgl/examples/widgets/tileview/../../../src/core/lv_disp.h **** 
  74:Middlewares/lvgl/examples/widgets/tileview/../../../src/core/lv_disp.h **** /**
  75:Middlewares/lvgl/examples/widgets/tileview/../../../src/core/lv_disp.h ****  * Return with the sys. layer. (Same on every screen and it is above the normal screen and the top
  76:Middlewares/lvgl/examples/widgets/tileview/../../../src/core/lv_disp.h ****  * layer)
  77:Middlewares/lvgl/examples/widgets/tileview/../../../src/core/lv_disp.h ****  * @param disp pointer to display which sys. layer  should be get. (NULL to use the default screen)
  78:Middlewares/lvgl/examples/widgets/tileview/../../../src/core/lv_disp.h ****  * @return pointer to the sys layer object  (transparent screen sized lv_obj)
  79:Middlewares/lvgl/examples/widgets/tileview/../../../src/core/lv_disp.h ****  */
  80:Middlewares/lvgl/examples/widgets/tileview/../../../src/core/lv_disp.h **** lv_obj_t * lv_disp_get_layer_sys(lv_disp_t * disp);
  81:Middlewares/lvgl/examples/widgets/tileview/../../../src/core/lv_disp.h **** 
  82:Middlewares/lvgl/examples/widgets/tileview/../../../src/core/lv_disp.h **** /**
  83:Middlewares/lvgl/examples/widgets/tileview/../../../src/core/lv_disp.h ****  * Get the theme of a display
  84:Middlewares/lvgl/examples/widgets/tileview/../../../src/core/lv_disp.h ****  * @param disp pointer to a display
  85:Middlewares/lvgl/examples/widgets/tileview/../../../src/core/lv_disp.h ****  * @return the display's theme (can be NULL)
  86:Middlewares/lvgl/examples/widgets/tileview/../../../src/core/lv_disp.h ****  */
  87:Middlewares/lvgl/examples/widgets/tileview/../../../src/core/lv_disp.h **** void lv_disp_set_theme(lv_disp_t * disp, lv_theme_t * th);
  88:Middlewares/lvgl/examples/widgets/tileview/../../../src/core/lv_disp.h **** 
  89:Middlewares/lvgl/examples/widgets/tileview/../../../src/core/lv_disp.h **** /**
  90:Middlewares/lvgl/examples/widgets/tileview/../../../src/core/lv_disp.h ****  * Get the theme of a display
  91:Middlewares/lvgl/examples/widgets/tileview/../../../src/core/lv_disp.h ****  * @param disp pointer to a display
  92:Middlewares/lvgl/examples/widgets/tileview/../../../src/core/lv_disp.h ****  * @return the display's theme (can be NULL)
  93:Middlewares/lvgl/examples/widgets/tileview/../../../src/core/lv_disp.h ****  */
  94:Middlewares/lvgl/examples/widgets/tileview/../../../src/core/lv_disp.h **** lv_theme_t * lv_disp_get_theme(lv_disp_t * disp);
  95:Middlewares/lvgl/examples/widgets/tileview/../../../src/core/lv_disp.h **** 
  96:Middlewares/lvgl/examples/widgets/tileview/../../../src/core/lv_disp.h **** /**
  97:Middlewares/lvgl/examples/widgets/tileview/../../../src/core/lv_disp.h ****  * Set the background color of a display
  98:Middlewares/lvgl/examples/widgets/tileview/../../../src/core/lv_disp.h ****  * @param disp pointer to a display
  99:Middlewares/lvgl/examples/widgets/tileview/../../../src/core/lv_disp.h ****  * @param color color of the background
 100:Middlewares/lvgl/examples/widgets/tileview/../../../src/core/lv_disp.h ****  */
 101:Middlewares/lvgl/examples/widgets/tileview/../../../src/core/lv_disp.h **** void lv_disp_set_bg_color(lv_disp_t * disp, lv_color_t color);
 102:Middlewares/lvgl/examples/widgets/tileview/../../../src/core/lv_disp.h **** 
 103:Middlewares/lvgl/examples/widgets/tileview/../../../src/core/lv_disp.h **** /**
 104:Middlewares/lvgl/examples/widgets/tileview/../../../src/core/lv_disp.h ****  * Set the background image of a display
 105:Middlewares/lvgl/examples/widgets/tileview/../../../src/core/lv_disp.h ****  * @param disp pointer to a display
 106:Middlewares/lvgl/examples/widgets/tileview/../../../src/core/lv_disp.h ****  * @param img_src path to file or pointer to an `lv_img_dsc_t` variable
 107:Middlewares/lvgl/examples/widgets/tileview/../../../src/core/lv_disp.h ****  */
 108:Middlewares/lvgl/examples/widgets/tileview/../../../src/core/lv_disp.h **** void lv_disp_set_bg_image(lv_disp_t * disp, const void  * img_src);
 109:Middlewares/lvgl/examples/widgets/tileview/../../../src/core/lv_disp.h **** 
 110:Middlewares/lvgl/examples/widgets/tileview/../../../src/core/lv_disp.h **** /**
 111:Middlewares/lvgl/examples/widgets/tileview/../../../src/core/lv_disp.h ****  * Opacity of the background
 112:Middlewares/lvgl/examples/widgets/tileview/../../../src/core/lv_disp.h ****  * @param disp pointer to a display
 113:Middlewares/lvgl/examples/widgets/tileview/../../../src/core/lv_disp.h ****  * @param opa opacity (0..255)
 114:Middlewares/lvgl/examples/widgets/tileview/../../../src/core/lv_disp.h ****  */
 115:Middlewares/lvgl/examples/widgets/tileview/../../../src/core/lv_disp.h **** void lv_disp_set_bg_opa(lv_disp_t * disp, lv_opa_t opa);
 116:Middlewares/lvgl/examples/widgets/tileview/../../../src/core/lv_disp.h **** 
 117:Middlewares/lvgl/examples/widgets/tileview/../../../src/core/lv_disp.h **** /**
 118:Middlewares/lvgl/examples/widgets/tileview/../../../src/core/lv_disp.h ****  * Switch screen with animation
 119:Middlewares/lvgl/examples/widgets/tileview/../../../src/core/lv_disp.h ****  * @param scr pointer to the new screen to load
 120:Middlewares/lvgl/examples/widgets/tileview/../../../src/core/lv_disp.h ****  * @param anim_type type of the animation from `lv_scr_load_anim_t`. E.g.  `LV_SCR_LOAD_ANIM_MOVE_L
 121:Middlewares/lvgl/examples/widgets/tileview/../../../src/core/lv_disp.h ****  * @param time time of the animation
 122:Middlewares/lvgl/examples/widgets/tileview/../../../src/core/lv_disp.h ****  * @param delay delay before the transition
 123:Middlewares/lvgl/examples/widgets/tileview/../../../src/core/lv_disp.h ****  * @param auto_del true: automatically delete the old screen
 124:Middlewares/lvgl/examples/widgets/tileview/../../../src/core/lv_disp.h ****  */
 125:Middlewares/lvgl/examples/widgets/tileview/../../../src/core/lv_disp.h **** void lv_scr_load_anim(lv_obj_t * scr, lv_scr_load_anim_t anim_type, uint32_t time, uint32_t delay, 
 126:Middlewares/lvgl/examples/widgets/tileview/../../../src/core/lv_disp.h **** 
 127:Middlewares/lvgl/examples/widgets/tileview/../../../src/core/lv_disp.h **** /**
ARM GAS  /tmp/ccTmYJY7.s 			page 5


 128:Middlewares/lvgl/examples/widgets/tileview/../../../src/core/lv_disp.h ****  * Get elapsed time since last user activity on a display (e.g. click)
 129:Middlewares/lvgl/examples/widgets/tileview/../../../src/core/lv_disp.h ****  * @param disp pointer to an display (NULL to get the overall smallest inactivity)
 130:Middlewares/lvgl/examples/widgets/tileview/../../../src/core/lv_disp.h ****  * @return elapsed ticks (milliseconds) since the last activity
 131:Middlewares/lvgl/examples/widgets/tileview/../../../src/core/lv_disp.h ****  */
 132:Middlewares/lvgl/examples/widgets/tileview/../../../src/core/lv_disp.h **** uint32_t lv_disp_get_inactive_time(const lv_disp_t * disp);
 133:Middlewares/lvgl/examples/widgets/tileview/../../../src/core/lv_disp.h **** 
 134:Middlewares/lvgl/examples/widgets/tileview/../../../src/core/lv_disp.h **** /**
 135:Middlewares/lvgl/examples/widgets/tileview/../../../src/core/lv_disp.h ****  * Manually trigger an activity on a display
 136:Middlewares/lvgl/examples/widgets/tileview/../../../src/core/lv_disp.h ****  * @param disp pointer to an display (NULL to use the default display)
 137:Middlewares/lvgl/examples/widgets/tileview/../../../src/core/lv_disp.h ****  */
 138:Middlewares/lvgl/examples/widgets/tileview/../../../src/core/lv_disp.h **** void lv_disp_trig_activity(lv_disp_t * disp);
 139:Middlewares/lvgl/examples/widgets/tileview/../../../src/core/lv_disp.h **** 
 140:Middlewares/lvgl/examples/widgets/tileview/../../../src/core/lv_disp.h **** /**
 141:Middlewares/lvgl/examples/widgets/tileview/../../../src/core/lv_disp.h ****  * Clean any CPU cache that is related to the display.
 142:Middlewares/lvgl/examples/widgets/tileview/../../../src/core/lv_disp.h ****  * @param disp pointer to an display (NULL to use the default display)
 143:Middlewares/lvgl/examples/widgets/tileview/../../../src/core/lv_disp.h ****  */
 144:Middlewares/lvgl/examples/widgets/tileview/../../../src/core/lv_disp.h **** void lv_disp_clean_dcache(lv_disp_t * disp);
 145:Middlewares/lvgl/examples/widgets/tileview/../../../src/core/lv_disp.h **** 
 146:Middlewares/lvgl/examples/widgets/tileview/../../../src/core/lv_disp.h **** /**
 147:Middlewares/lvgl/examples/widgets/tileview/../../../src/core/lv_disp.h ****  * Get a pointer to the screen refresher timer to
 148:Middlewares/lvgl/examples/widgets/tileview/../../../src/core/lv_disp.h ****  * modify its parameters with `lv_timer_...` functions.
 149:Middlewares/lvgl/examples/widgets/tileview/../../../src/core/lv_disp.h ****  * @param disp pointer to a display
 150:Middlewares/lvgl/examples/widgets/tileview/../../../src/core/lv_disp.h ****  * @return pointer to the display refresher timer. (NULL on error)
 151:Middlewares/lvgl/examples/widgets/tileview/../../../src/core/lv_disp.h ****  */
 152:Middlewares/lvgl/examples/widgets/tileview/../../../src/core/lv_disp.h **** lv_timer_t * _lv_disp_get_refr_timer(lv_disp_t * disp);
 153:Middlewares/lvgl/examples/widgets/tileview/../../../src/core/lv_disp.h **** 
 154:Middlewares/lvgl/examples/widgets/tileview/../../../src/core/lv_disp.h **** /*------------------------------------------------
 155:Middlewares/lvgl/examples/widgets/tileview/../../../src/core/lv_disp.h ****  * To improve backward compatibility
 156:Middlewares/lvgl/examples/widgets/tileview/../../../src/core/lv_disp.h ****  * Recommended only if you have one display
 157:Middlewares/lvgl/examples/widgets/tileview/../../../src/core/lv_disp.h ****  *------------------------------------------------*/
 158:Middlewares/lvgl/examples/widgets/tileview/../../../src/core/lv_disp.h **** 
 159:Middlewares/lvgl/examples/widgets/tileview/../../../src/core/lv_disp.h **** /**
 160:Middlewares/lvgl/examples/widgets/tileview/../../../src/core/lv_disp.h ****  * Get the active screen of the default display
 161:Middlewares/lvgl/examples/widgets/tileview/../../../src/core/lv_disp.h ****  * @return pointer to the active screen
 162:Middlewares/lvgl/examples/widgets/tileview/../../../src/core/lv_disp.h ****  */
 163:Middlewares/lvgl/examples/widgets/tileview/../../../src/core/lv_disp.h **** static inline lv_obj_t * lv_scr_act(void)
  80              		.loc 2 163 26 view .LVU2
  81              	.LBB13:
 164:Middlewares/lvgl/examples/widgets/tileview/../../../src/core/lv_disp.h **** {
 165:Middlewares/lvgl/examples/widgets/tileview/../../../src/core/lv_disp.h ****     return lv_disp_get_scr_act(lv_disp_get_default());
  82              		.loc 2 165 5 view .LVU3
  83              		.loc 2 165 12 is_stmt 0 view .LVU4
  84 0002 FFF7FEFF 		bl	lv_disp_get_default
  85              	.LVL0:
  86 0006 FFF7FEFF 		bl	lv_disp_get_scr_act
  87              	.LVL1:
  88              	.LBE13:
  89              	.LBE12:
  90              		.loc 1 11 20 view .LVU5
  91 000a FFF7FEFF 		bl	lv_tileview_create
  92              	.LVL2:
  93 000e 0446     		mov	r4, r0
  94              	.LVL3:
  12:Middlewares/lvgl/examples/widgets/tileview/lv_example_tileview_1.c **** 
  13:Middlewares/lvgl/examples/widgets/tileview/lv_example_tileview_1.c ****     /*Tile1: just a label*/
  14:Middlewares/lvgl/examples/widgets/tileview/lv_example_tileview_1.c ****     lv_obj_t * tile1 = lv_tileview_add_tile(tv, 0, 0, LV_DIR_BOTTOM);
  95              		.loc 1 14 5 is_stmt 1 view .LVU6
ARM GAS  /tmp/ccTmYJY7.s 			page 6


  96              		.loc 1 14 24 is_stmt 0 view .LVU7
  97 0010 0823     		movs	r3, #8
  98 0012 0022     		movs	r2, #0
  99 0014 1146     		mov	r1, r2
 100 0016 FFF7FEFF 		bl	lv_tileview_add_tile
 101              	.LVL4:
  15:Middlewares/lvgl/examples/widgets/tileview/lv_example_tileview_1.c ****     lv_obj_t * label = lv_label_create(tile1);
 102              		.loc 1 15 5 is_stmt 1 view .LVU8
 103              		.loc 1 15 24 is_stmt 0 view .LVU9
 104 001a FFF7FEFF 		bl	lv_label_create
 105              	.LVL5:
 106              		.loc 1 15 24 view .LVU10
 107 001e 0546     		mov	r5, r0
 108              	.LVL6:
  16:Middlewares/lvgl/examples/widgets/tileview/lv_example_tileview_1.c ****     lv_label_set_text(label, "Scroll down");
 109              		.loc 1 16 5 is_stmt 1 view .LVU11
 110 0020 3149     		ldr	r1, .L3
 111 0022 FFF7FEFF 		bl	lv_label_set_text
 112              	.LVL7:
  17:Middlewares/lvgl/examples/widgets/tileview/lv_example_tileview_1.c ****     lv_obj_center(label);
 113              		.loc 1 17 5 view .LVU12
 114              	.LBB14:
 115              	.LBI14:
 116              		.file 3 "Middlewares/lvgl/examples/widgets/tileview/../../../src/core/lv_obj_pos.h"
   1:Middlewares/lvgl/examples/widgets/tileview/../../../src/core/lv_obj_pos.h **** /**
   2:Middlewares/lvgl/examples/widgets/tileview/../../../src/core/lv_obj_pos.h ****  * @file lv_obj_pos.h
   3:Middlewares/lvgl/examples/widgets/tileview/../../../src/core/lv_obj_pos.h ****  *
   4:Middlewares/lvgl/examples/widgets/tileview/../../../src/core/lv_obj_pos.h ****  */
   5:Middlewares/lvgl/examples/widgets/tileview/../../../src/core/lv_obj_pos.h **** 
   6:Middlewares/lvgl/examples/widgets/tileview/../../../src/core/lv_obj_pos.h **** #ifndef LV_OBJ_POS_H
   7:Middlewares/lvgl/examples/widgets/tileview/../../../src/core/lv_obj_pos.h **** #define LV_OBJ_POS_H
   8:Middlewares/lvgl/examples/widgets/tileview/../../../src/core/lv_obj_pos.h **** 
   9:Middlewares/lvgl/examples/widgets/tileview/../../../src/core/lv_obj_pos.h **** #ifdef __cplusplus
  10:Middlewares/lvgl/examples/widgets/tileview/../../../src/core/lv_obj_pos.h **** extern "C" {
  11:Middlewares/lvgl/examples/widgets/tileview/../../../src/core/lv_obj_pos.h **** #endif
  12:Middlewares/lvgl/examples/widgets/tileview/../../../src/core/lv_obj_pos.h **** 
  13:Middlewares/lvgl/examples/widgets/tileview/../../../src/core/lv_obj_pos.h **** /*********************
  14:Middlewares/lvgl/examples/widgets/tileview/../../../src/core/lv_obj_pos.h ****  *      INCLUDES
  15:Middlewares/lvgl/examples/widgets/tileview/../../../src/core/lv_obj_pos.h ****  *********************/
  16:Middlewares/lvgl/examples/widgets/tileview/../../../src/core/lv_obj_pos.h **** #include "../misc/lv_area.h"
  17:Middlewares/lvgl/examples/widgets/tileview/../../../src/core/lv_obj_pos.h **** 
  18:Middlewares/lvgl/examples/widgets/tileview/../../../src/core/lv_obj_pos.h **** /*********************
  19:Middlewares/lvgl/examples/widgets/tileview/../../../src/core/lv_obj_pos.h ****  *      DEFINES
  20:Middlewares/lvgl/examples/widgets/tileview/../../../src/core/lv_obj_pos.h ****  *********************/
  21:Middlewares/lvgl/examples/widgets/tileview/../../../src/core/lv_obj_pos.h **** 
  22:Middlewares/lvgl/examples/widgets/tileview/../../../src/core/lv_obj_pos.h **** /**********************
  23:Middlewares/lvgl/examples/widgets/tileview/../../../src/core/lv_obj_pos.h ****  *      TYPEDEFS
  24:Middlewares/lvgl/examples/widgets/tileview/../../../src/core/lv_obj_pos.h ****  **********************/
  25:Middlewares/lvgl/examples/widgets/tileview/../../../src/core/lv_obj_pos.h **** struct _lv_obj_t;
  26:Middlewares/lvgl/examples/widgets/tileview/../../../src/core/lv_obj_pos.h **** 
  27:Middlewares/lvgl/examples/widgets/tileview/../../../src/core/lv_obj_pos.h **** typedef void (*lv_layout_update_cb_t)(struct _lv_obj_t *, void * user_data);
  28:Middlewares/lvgl/examples/widgets/tileview/../../../src/core/lv_obj_pos.h **** typedef struct {
  29:Middlewares/lvgl/examples/widgets/tileview/../../../src/core/lv_obj_pos.h ****     lv_layout_update_cb_t cb;
  30:Middlewares/lvgl/examples/widgets/tileview/../../../src/core/lv_obj_pos.h ****     void * user_data;
  31:Middlewares/lvgl/examples/widgets/tileview/../../../src/core/lv_obj_pos.h **** }lv_layout_dsc_t;
  32:Middlewares/lvgl/examples/widgets/tileview/../../../src/core/lv_obj_pos.h **** 
  33:Middlewares/lvgl/examples/widgets/tileview/../../../src/core/lv_obj_pos.h **** /**********************
ARM GAS  /tmp/ccTmYJY7.s 			page 7


  34:Middlewares/lvgl/examples/widgets/tileview/../../../src/core/lv_obj_pos.h ****  * GLOBAL PROTOTYPES
  35:Middlewares/lvgl/examples/widgets/tileview/../../../src/core/lv_obj_pos.h ****  **********************/
  36:Middlewares/lvgl/examples/widgets/tileview/../../../src/core/lv_obj_pos.h **** 
  37:Middlewares/lvgl/examples/widgets/tileview/../../../src/core/lv_obj_pos.h **** /**
  38:Middlewares/lvgl/examples/widgets/tileview/../../../src/core/lv_obj_pos.h ****  * Set the relative the position of an object (relative to the parent's top left corner)
  39:Middlewares/lvgl/examples/widgets/tileview/../../../src/core/lv_obj_pos.h ****  * @param obj       pointer to an object
  40:Middlewares/lvgl/examples/widgets/tileview/../../../src/core/lv_obj_pos.h ****  * @param x         new distance from the left side of the parent plus the parent's left padding
  41:Middlewares/lvgl/examples/widgets/tileview/../../../src/core/lv_obj_pos.h ****  * @param y         new distance from the top side of the parent  plus the parent's right padding
  42:Middlewares/lvgl/examples/widgets/tileview/../../../src/core/lv_obj_pos.h ****  */
  43:Middlewares/lvgl/examples/widgets/tileview/../../../src/core/lv_obj_pos.h **** void lv_obj_set_pos(struct _lv_obj_t * obj, lv_coord_t x, lv_coord_t y);
  44:Middlewares/lvgl/examples/widgets/tileview/../../../src/core/lv_obj_pos.h **** 
  45:Middlewares/lvgl/examples/widgets/tileview/../../../src/core/lv_obj_pos.h **** /**
  46:Middlewares/lvgl/examples/widgets/tileview/../../../src/core/lv_obj_pos.h ****  * Set the x coordinate of a object
  47:Middlewares/lvgl/examples/widgets/tileview/../../../src/core/lv_obj_pos.h ****  * @param obj       pointer to an object
  48:Middlewares/lvgl/examples/widgets/tileview/../../../src/core/lv_obj_pos.h ****  * @param x         new distance from the left side from the parent plus the parent's left padding
  49:Middlewares/lvgl/examples/widgets/tileview/../../../src/core/lv_obj_pos.h ****  */
  50:Middlewares/lvgl/examples/widgets/tileview/../../../src/core/lv_obj_pos.h **** void lv_obj_set_x(struct _lv_obj_t * obj, lv_coord_t x);
  51:Middlewares/lvgl/examples/widgets/tileview/../../../src/core/lv_obj_pos.h **** 
  52:Middlewares/lvgl/examples/widgets/tileview/../../../src/core/lv_obj_pos.h **** /**
  53:Middlewares/lvgl/examples/widgets/tileview/../../../src/core/lv_obj_pos.h ****  * Set the y coordinate of a object
  54:Middlewares/lvgl/examples/widgets/tileview/../../../src/core/lv_obj_pos.h ****  * @param obj       pointer to an object
  55:Middlewares/lvgl/examples/widgets/tileview/../../../src/core/lv_obj_pos.h ****  * @param y         new distance from the top of the parent  plus the parent's top padding
  56:Middlewares/lvgl/examples/widgets/tileview/../../../src/core/lv_obj_pos.h ****  */
  57:Middlewares/lvgl/examples/widgets/tileview/../../../src/core/lv_obj_pos.h **** void lv_obj_set_y(struct _lv_obj_t * obj, lv_coord_t y);
  58:Middlewares/lvgl/examples/widgets/tileview/../../../src/core/lv_obj_pos.h **** 
  59:Middlewares/lvgl/examples/widgets/tileview/../../../src/core/lv_obj_pos.h **** /**
  60:Middlewares/lvgl/examples/widgets/tileview/../../../src/core/lv_obj_pos.h ****  * Set the size of an object.
  61:Middlewares/lvgl/examples/widgets/tileview/../../../src/core/lv_obj_pos.h ****  * @param obj       pointer to an object
  62:Middlewares/lvgl/examples/widgets/tileview/../../../src/core/lv_obj_pos.h ****  * @param w         the new width
  63:Middlewares/lvgl/examples/widgets/tileview/../../../src/core/lv_obj_pos.h ****  * @param h         the new height
  64:Middlewares/lvgl/examples/widgets/tileview/../../../src/core/lv_obj_pos.h ****  * @note            possible values are:
  65:Middlewares/lvgl/examples/widgets/tileview/../../../src/core/lv_obj_pos.h ****  *                  pixel               simple set the size accordingly
  66:Middlewares/lvgl/examples/widgets/tileview/../../../src/core/lv_obj_pos.h ****  *                  LV_SIZE_CONTENT     set the size to involve all children in the given direction
  67:Middlewares/lvgl/examples/widgets/tileview/../../../src/core/lv_obj_pos.h ****  *                  LV_SIZE_PCT(x)     to set size in percentage of the parent's content area size 
  68:Middlewares/lvgl/examples/widgets/tileview/../../../src/core/lv_obj_pos.h ****  *                                      x should be in [0..1000]% range
  69:Middlewares/lvgl/examples/widgets/tileview/../../../src/core/lv_obj_pos.h ****  */
  70:Middlewares/lvgl/examples/widgets/tileview/../../../src/core/lv_obj_pos.h **** void lv_obj_set_size(struct _lv_obj_t * obj, lv_coord_t w, lv_coord_t h);
  71:Middlewares/lvgl/examples/widgets/tileview/../../../src/core/lv_obj_pos.h **** 
  72:Middlewares/lvgl/examples/widgets/tileview/../../../src/core/lv_obj_pos.h **** /**
  73:Middlewares/lvgl/examples/widgets/tileview/../../../src/core/lv_obj_pos.h ****  * Recalculate the size of the object
  74:Middlewares/lvgl/examples/widgets/tileview/../../../src/core/lv_obj_pos.h ****  * @param obj       pointer to an object
  75:Middlewares/lvgl/examples/widgets/tileview/../../../src/core/lv_obj_pos.h ****  * @return          true: the size has been changed
  76:Middlewares/lvgl/examples/widgets/tileview/../../../src/core/lv_obj_pos.h ****  */
  77:Middlewares/lvgl/examples/widgets/tileview/../../../src/core/lv_obj_pos.h **** bool lv_obj_refr_size(struct _lv_obj_t * obj);
  78:Middlewares/lvgl/examples/widgets/tileview/../../../src/core/lv_obj_pos.h **** 
  79:Middlewares/lvgl/examples/widgets/tileview/../../../src/core/lv_obj_pos.h **** /**
  80:Middlewares/lvgl/examples/widgets/tileview/../../../src/core/lv_obj_pos.h ****  * Set the width of an object
  81:Middlewares/lvgl/examples/widgets/tileview/../../../src/core/lv_obj_pos.h ****  * @param obj       pointer to an object
  82:Middlewares/lvgl/examples/widgets/tileview/../../../src/core/lv_obj_pos.h ****  * @param w         the new width
  83:Middlewares/lvgl/examples/widgets/tileview/../../../src/core/lv_obj_pos.h ****  * @note            possible values are:
  84:Middlewares/lvgl/examples/widgets/tileview/../../../src/core/lv_obj_pos.h ****  *                  pixel               simple set the size accordingly
  85:Middlewares/lvgl/examples/widgets/tileview/../../../src/core/lv_obj_pos.h ****  *                  LV_SIZE_CONTENT     set the size to involve all children in the given direction
  86:Middlewares/lvgl/examples/widgets/tileview/../../../src/core/lv_obj_pos.h ****  *                  lv_pct(x)           to set size in percentage of the parent's content area size
  87:Middlewares/lvgl/examples/widgets/tileview/../../../src/core/lv_obj_pos.h ****  *                                      x should be in [0..1000]% range
  88:Middlewares/lvgl/examples/widgets/tileview/../../../src/core/lv_obj_pos.h ****  */
  89:Middlewares/lvgl/examples/widgets/tileview/../../../src/core/lv_obj_pos.h **** void lv_obj_set_width(struct _lv_obj_t * obj, lv_coord_t w);
  90:Middlewares/lvgl/examples/widgets/tileview/../../../src/core/lv_obj_pos.h **** 
ARM GAS  /tmp/ccTmYJY7.s 			page 8


  91:Middlewares/lvgl/examples/widgets/tileview/../../../src/core/lv_obj_pos.h **** /**
  92:Middlewares/lvgl/examples/widgets/tileview/../../../src/core/lv_obj_pos.h ****  * Set the height of an object
  93:Middlewares/lvgl/examples/widgets/tileview/../../../src/core/lv_obj_pos.h ****  * @param obj       pointer to an object
  94:Middlewares/lvgl/examples/widgets/tileview/../../../src/core/lv_obj_pos.h ****  * @param h         the new height
  95:Middlewares/lvgl/examples/widgets/tileview/../../../src/core/lv_obj_pos.h ****  * @note            possible values are:
  96:Middlewares/lvgl/examples/widgets/tileview/../../../src/core/lv_obj_pos.h ****  *                  pixel               simple set the size accordingly
  97:Middlewares/lvgl/examples/widgets/tileview/../../../src/core/lv_obj_pos.h ****  *                  LV_SIZE_CONTENT     set the size to involve all children in the given direction
  98:Middlewares/lvgl/examples/widgets/tileview/../../../src/core/lv_obj_pos.h ****  *                  lv_pct(x)           to set size in percentage of the parent's content area size
  99:Middlewares/lvgl/examples/widgets/tileview/../../../src/core/lv_obj_pos.h ****  *                                      x should be in [0..1000]% range
 100:Middlewares/lvgl/examples/widgets/tileview/../../../src/core/lv_obj_pos.h ****  */
 101:Middlewares/lvgl/examples/widgets/tileview/../../../src/core/lv_obj_pos.h **** void lv_obj_set_height(struct _lv_obj_t * obj, lv_coord_t h);
 102:Middlewares/lvgl/examples/widgets/tileview/../../../src/core/lv_obj_pos.h **** 
 103:Middlewares/lvgl/examples/widgets/tileview/../../../src/core/lv_obj_pos.h **** /**
 104:Middlewares/lvgl/examples/widgets/tileview/../../../src/core/lv_obj_pos.h ****  * Set the width reduced by the left and right padding and the border width.
 105:Middlewares/lvgl/examples/widgets/tileview/../../../src/core/lv_obj_pos.h ****  * @param obj       pointer to an object
 106:Middlewares/lvgl/examples/widgets/tileview/../../../src/core/lv_obj_pos.h ****  * @param w         the width without paddings in pixels
 107:Middlewares/lvgl/examples/widgets/tileview/../../../src/core/lv_obj_pos.h ****  */
 108:Middlewares/lvgl/examples/widgets/tileview/../../../src/core/lv_obj_pos.h **** void lv_obj_set_content_width(struct _lv_obj_t * obj, lv_coord_t w);
 109:Middlewares/lvgl/examples/widgets/tileview/../../../src/core/lv_obj_pos.h **** 
 110:Middlewares/lvgl/examples/widgets/tileview/../../../src/core/lv_obj_pos.h **** /**
 111:Middlewares/lvgl/examples/widgets/tileview/../../../src/core/lv_obj_pos.h ****  * Set the height reduced by the top and bottom padding and the border width.
 112:Middlewares/lvgl/examples/widgets/tileview/../../../src/core/lv_obj_pos.h ****  * @param obj       pointer to an object
 113:Middlewares/lvgl/examples/widgets/tileview/../../../src/core/lv_obj_pos.h ****  * @param h         the height without paddings in pixels
 114:Middlewares/lvgl/examples/widgets/tileview/../../../src/core/lv_obj_pos.h ****  */
 115:Middlewares/lvgl/examples/widgets/tileview/../../../src/core/lv_obj_pos.h **** void lv_obj_set_content_height(struct _lv_obj_t * obj, lv_coord_t h);
 116:Middlewares/lvgl/examples/widgets/tileview/../../../src/core/lv_obj_pos.h **** 
 117:Middlewares/lvgl/examples/widgets/tileview/../../../src/core/lv_obj_pos.h **** /**
 118:Middlewares/lvgl/examples/widgets/tileview/../../../src/core/lv_obj_pos.h ****  * Set a layout for an object
 119:Middlewares/lvgl/examples/widgets/tileview/../../../src/core/lv_obj_pos.h ****  * @param obj       pointer to an object
 120:Middlewares/lvgl/examples/widgets/tileview/../../../src/core/lv_obj_pos.h ****  * @param layout    pointer to a layout descriptor to set
 121:Middlewares/lvgl/examples/widgets/tileview/../../../src/core/lv_obj_pos.h ****  */
 122:Middlewares/lvgl/examples/widgets/tileview/../../../src/core/lv_obj_pos.h **** void lv_obj_set_layout(struct _lv_obj_t * obj, uint32_t layout);
 123:Middlewares/lvgl/examples/widgets/tileview/../../../src/core/lv_obj_pos.h **** 
 124:Middlewares/lvgl/examples/widgets/tileview/../../../src/core/lv_obj_pos.h **** /**
 125:Middlewares/lvgl/examples/widgets/tileview/../../../src/core/lv_obj_pos.h ****  * Test whether the and object is positioned by a layout or not
 126:Middlewares/lvgl/examples/widgets/tileview/../../../src/core/lv_obj_pos.h ****  * @param obj       pointer to an object to test
 127:Middlewares/lvgl/examples/widgets/tileview/../../../src/core/lv_obj_pos.h ****  * @return true:    positioned by a layout; false: not positioned by a layout
 128:Middlewares/lvgl/examples/widgets/tileview/../../../src/core/lv_obj_pos.h ****  */
 129:Middlewares/lvgl/examples/widgets/tileview/../../../src/core/lv_obj_pos.h **** bool lv_obj_is_layout_positioned(const struct _lv_obj_t * obj);
 130:Middlewares/lvgl/examples/widgets/tileview/../../../src/core/lv_obj_pos.h **** 
 131:Middlewares/lvgl/examples/widgets/tileview/../../../src/core/lv_obj_pos.h **** /**
 132:Middlewares/lvgl/examples/widgets/tileview/../../../src/core/lv_obj_pos.h ****  * Mark the object for layout update.
 133:Middlewares/lvgl/examples/widgets/tileview/../../../src/core/lv_obj_pos.h ****  * @param obj      pointer to an object whose children needs to be updated
 134:Middlewares/lvgl/examples/widgets/tileview/../../../src/core/lv_obj_pos.h ****  */
 135:Middlewares/lvgl/examples/widgets/tileview/../../../src/core/lv_obj_pos.h **** void lv_obj_mark_layout_as_dirty(struct _lv_obj_t * obj);
 136:Middlewares/lvgl/examples/widgets/tileview/../../../src/core/lv_obj_pos.h **** 
 137:Middlewares/lvgl/examples/widgets/tileview/../../../src/core/lv_obj_pos.h **** /**
 138:Middlewares/lvgl/examples/widgets/tileview/../../../src/core/lv_obj_pos.h ****  * Update the layout of an object.
 139:Middlewares/lvgl/examples/widgets/tileview/../../../src/core/lv_obj_pos.h ****  * @param obj      pointer to an object whose children needs to be updated
 140:Middlewares/lvgl/examples/widgets/tileview/../../../src/core/lv_obj_pos.h ****  */
 141:Middlewares/lvgl/examples/widgets/tileview/../../../src/core/lv_obj_pos.h **** void lv_obj_update_layout(const struct _lv_obj_t * obj);
 142:Middlewares/lvgl/examples/widgets/tileview/../../../src/core/lv_obj_pos.h **** 
 143:Middlewares/lvgl/examples/widgets/tileview/../../../src/core/lv_obj_pos.h **** /**
 144:Middlewares/lvgl/examples/widgets/tileview/../../../src/core/lv_obj_pos.h ****  * Regsiter a new layout
 145:Middlewares/lvgl/examples/widgets/tileview/../../../src/core/lv_obj_pos.h ****  * @param cb        the layout update callback
 146:Middlewares/lvgl/examples/widgets/tileview/../../../src/core/lv_obj_pos.h ****  * @param user_data custom data that will be passed to `cb`
 147:Middlewares/lvgl/examples/widgets/tileview/../../../src/core/lv_obj_pos.h ****  * @return          the ID of the new layout
ARM GAS  /tmp/ccTmYJY7.s 			page 9


 148:Middlewares/lvgl/examples/widgets/tileview/../../../src/core/lv_obj_pos.h ****  */
 149:Middlewares/lvgl/examples/widgets/tileview/../../../src/core/lv_obj_pos.h **** uint32_t lv_layout_register(lv_layout_update_cb_t cb, void * user_data);
 150:Middlewares/lvgl/examples/widgets/tileview/../../../src/core/lv_obj_pos.h **** 
 151:Middlewares/lvgl/examples/widgets/tileview/../../../src/core/lv_obj_pos.h **** /**
 152:Middlewares/lvgl/examples/widgets/tileview/../../../src/core/lv_obj_pos.h ****  * Change the alignment of an object.
 153:Middlewares/lvgl/examples/widgets/tileview/../../../src/core/lv_obj_pos.h ****  * @param obj       pointer to an object to align
 154:Middlewares/lvgl/examples/widgets/tileview/../../../src/core/lv_obj_pos.h ****  * @param align     type of alignment (see 'lv_align_t' enum) `LV_ALIGN_OUT_...` can't be used.
 155:Middlewares/lvgl/examples/widgets/tileview/../../../src/core/lv_obj_pos.h ****  */
 156:Middlewares/lvgl/examples/widgets/tileview/../../../src/core/lv_obj_pos.h **** void lv_obj_set_align(struct _lv_obj_t * obj, lv_align_t align);
 157:Middlewares/lvgl/examples/widgets/tileview/../../../src/core/lv_obj_pos.h **** 
 158:Middlewares/lvgl/examples/widgets/tileview/../../../src/core/lv_obj_pos.h **** /**
 159:Middlewares/lvgl/examples/widgets/tileview/../../../src/core/lv_obj_pos.h ****  * Change the alignment of an object and set new coordinates.
 160:Middlewares/lvgl/examples/widgets/tileview/../../../src/core/lv_obj_pos.h ****  * Equivalent to:
 161:Middlewares/lvgl/examples/widgets/tileview/../../../src/core/lv_obj_pos.h ****  * lv_obj_set_align(obj, align);
 162:Middlewares/lvgl/examples/widgets/tileview/../../../src/core/lv_obj_pos.h ****  * lv_obj_set_pos(obj, x_ofs, y_ofs);
 163:Middlewares/lvgl/examples/widgets/tileview/../../../src/core/lv_obj_pos.h ****  * @param obj       pointer to an object to align
 164:Middlewares/lvgl/examples/widgets/tileview/../../../src/core/lv_obj_pos.h ****  * @param align     type of alignment (see 'lv_align_t' enum) `LV_ALIGN_OUT_...` can't be used.
 165:Middlewares/lvgl/examples/widgets/tileview/../../../src/core/lv_obj_pos.h ****  * @param x_ofs     x coordinate offset after alignment
 166:Middlewares/lvgl/examples/widgets/tileview/../../../src/core/lv_obj_pos.h ****  * @param y_ofs     y coordinate offset after alignment
 167:Middlewares/lvgl/examples/widgets/tileview/../../../src/core/lv_obj_pos.h ****  */
 168:Middlewares/lvgl/examples/widgets/tileview/../../../src/core/lv_obj_pos.h **** void lv_obj_align(struct _lv_obj_t * obj, lv_align_t align, lv_coord_t x_ofs, lv_coord_t y_ofs);
 169:Middlewares/lvgl/examples/widgets/tileview/../../../src/core/lv_obj_pos.h **** 
 170:Middlewares/lvgl/examples/widgets/tileview/../../../src/core/lv_obj_pos.h **** /**
 171:Middlewares/lvgl/examples/widgets/tileview/../../../src/core/lv_obj_pos.h ****  * Align an object to an other object.
 172:Middlewares/lvgl/examples/widgets/tileview/../../../src/core/lv_obj_pos.h ****  * @param obj       pointer to an object to align
 173:Middlewares/lvgl/examples/widgets/tileview/../../../src/core/lv_obj_pos.h ****  * @param base      pointer to an other object (if NULL `obj`s parent is used). 'obj' will be align
 174:Middlewares/lvgl/examples/widgets/tileview/../../../src/core/lv_obj_pos.h ****  * @param align     type of alignment (see 'lv_align_t' enum)
 175:Middlewares/lvgl/examples/widgets/tileview/../../../src/core/lv_obj_pos.h ****  * @param x_ofs     x coordinate offset after alignment
 176:Middlewares/lvgl/examples/widgets/tileview/../../../src/core/lv_obj_pos.h ****  * @param y_ofs     y coordinate offset after alignment
 177:Middlewares/lvgl/examples/widgets/tileview/../../../src/core/lv_obj_pos.h ****  * @note            if the position or size of `base` changes `obj` needs to be aligned manually ag
 178:Middlewares/lvgl/examples/widgets/tileview/../../../src/core/lv_obj_pos.h ****  */
 179:Middlewares/lvgl/examples/widgets/tileview/../../../src/core/lv_obj_pos.h **** void lv_obj_align_to(struct _lv_obj_t * obj, const struct _lv_obj_t * base, lv_align_t align, lv_co
 180:Middlewares/lvgl/examples/widgets/tileview/../../../src/core/lv_obj_pos.h **** 
 181:Middlewares/lvgl/examples/widgets/tileview/../../../src/core/lv_obj_pos.h **** /**
 182:Middlewares/lvgl/examples/widgets/tileview/../../../src/core/lv_obj_pos.h ****  * Align an object to the center on its parent.
 183:Middlewares/lvgl/examples/widgets/tileview/../../../src/core/lv_obj_pos.h ****  * @param obj       pointer to an object to align
 184:Middlewares/lvgl/examples/widgets/tileview/../../../src/core/lv_obj_pos.h ****  * @note            if the parent size changes `obj` needs to be aligned manually again
 185:Middlewares/lvgl/examples/widgets/tileview/../../../src/core/lv_obj_pos.h ****  */
 186:Middlewares/lvgl/examples/widgets/tileview/../../../src/core/lv_obj_pos.h **** static inline void lv_obj_center(struct _lv_obj_t * obj)
 117              		.loc 3 186 20 view .LVU13
 118              	.LBB15:
 187:Middlewares/lvgl/examples/widgets/tileview/../../../src/core/lv_obj_pos.h **** {
 188:Middlewares/lvgl/examples/widgets/tileview/../../../src/core/lv_obj_pos.h ****     lv_obj_align(obj, LV_ALIGN_CENTER, 0, 0);
 119              		.loc 3 188 5 view .LVU14
 120 0026 0023     		movs	r3, #0
 121 0028 1A46     		mov	r2, r3
 122 002a 0921     		movs	r1, #9
 123 002c 2846     		mov	r0, r5
 124 002e FFF7FEFF 		bl	lv_obj_align
 125              	.LVL8:
 126              		.loc 3 188 5 is_stmt 0 view .LVU15
 127              	.LBE15:
 128              	.LBE14:
  18:Middlewares/lvgl/examples/widgets/tileview/lv_example_tileview_1.c **** 
  19:Middlewares/lvgl/examples/widgets/tileview/lv_example_tileview_1.c **** 
  20:Middlewares/lvgl/examples/widgets/tileview/lv_example_tileview_1.c ****     /*Tile2: a button*/
  21:Middlewares/lvgl/examples/widgets/tileview/lv_example_tileview_1.c ****     lv_obj_t * tile2 = lv_tileview_add_tile(tv, 0, 1, LV_DIR_TOP | LV_DIR_RIGHT);
ARM GAS  /tmp/ccTmYJY7.s 			page 10


 129              		.loc 1 21 5 is_stmt 1 view .LVU16
 130              		.loc 1 21 24 is_stmt 0 view .LVU17
 131 0032 0623     		movs	r3, #6
 132 0034 0122     		movs	r2, #1
 133 0036 0021     		movs	r1, #0
 134 0038 2046     		mov	r0, r4
 135 003a FFF7FEFF 		bl	lv_tileview_add_tile
 136              	.LVL9:
  22:Middlewares/lvgl/examples/widgets/tileview/lv_example_tileview_1.c **** 
  23:Middlewares/lvgl/examples/widgets/tileview/lv_example_tileview_1.c ****     lv_obj_t * btn = lv_btn_create(tile2);
 137              		.loc 1 23 5 is_stmt 1 view .LVU18
 138              		.loc 1 23 22 is_stmt 0 view .LVU19
 139 003e FFF7FEFF 		bl	lv_btn_create
 140              	.LVL10:
 141              		.loc 1 23 22 view .LVU20
 142 0042 0546     		mov	r5, r0
 143              	.LVL11:
  24:Middlewares/lvgl/examples/widgets/tileview/lv_example_tileview_1.c **** 
  25:Middlewares/lvgl/examples/widgets/tileview/lv_example_tileview_1.c ****     label = lv_label_create(btn);
 144              		.loc 1 25 5 is_stmt 1 view .LVU21
 145              		.loc 1 25 13 is_stmt 0 view .LVU22
 146 0044 FFF7FEFF 		bl	lv_label_create
 147              	.LVL12:
  26:Middlewares/lvgl/examples/widgets/tileview/lv_example_tileview_1.c ****     lv_label_set_text(label, "Scroll up or right");
 148              		.loc 1 26 5 is_stmt 1 view .LVU23
 149 0048 2849     		ldr	r1, .L3+4
 150 004a FFF7FEFF 		bl	lv_label_set_text
 151              	.LVL13:
  27:Middlewares/lvgl/examples/widgets/tileview/lv_example_tileview_1.c **** 
  28:Middlewares/lvgl/examples/widgets/tileview/lv_example_tileview_1.c ****     lv_obj_set_size(btn, LV_SIZE_CONTENT, LV_SIZE_CONTENT);
 152              		.loc 1 28 5 view .LVU24
 153 004e 42F2D172 		movw	r2, #10193
 154 0052 1146     		mov	r1, r2
 155 0054 2846     		mov	r0, r5
 156 0056 FFF7FEFF 		bl	lv_obj_set_size
 157              	.LVL14:
  29:Middlewares/lvgl/examples/widgets/tileview/lv_example_tileview_1.c ****     lv_obj_center(btn);
 158              		.loc 1 29 5 view .LVU25
 159              	.LBB16:
 160              	.LBI16:
 186:Middlewares/lvgl/examples/widgets/tileview/../../../src/core/lv_obj_pos.h **** {
 161              		.loc 3 186 20 view .LVU26
 162              	.LBB17:
 163              		.loc 3 188 5 view .LVU27
 164 005a 0023     		movs	r3, #0
 165 005c 1A46     		mov	r2, r3
 166 005e 0921     		movs	r1, #9
 167 0060 2846     		mov	r0, r5
 168 0062 FFF7FEFF 		bl	lv_obj_align
 169              	.LVL15:
 170              		.loc 3 188 5 is_stmt 0 view .LVU28
 171              	.LBE17:
 172              	.LBE16:
  30:Middlewares/lvgl/examples/widgets/tileview/lv_example_tileview_1.c **** 
  31:Middlewares/lvgl/examples/widgets/tileview/lv_example_tileview_1.c ****     /*Tile3: a list*/
  32:Middlewares/lvgl/examples/widgets/tileview/lv_example_tileview_1.c ****     lv_obj_t * tile3 =  lv_tileview_add_tile(tv, 1, 1, LV_DIR_LEFT);
 173              		.loc 1 32 5 is_stmt 1 view .LVU29
ARM GAS  /tmp/ccTmYJY7.s 			page 11


 174              		.loc 1 32 25 is_stmt 0 view .LVU30
 175 0066 0123     		movs	r3, #1
 176 0068 1A46     		mov	r2, r3
 177 006a 1946     		mov	r1, r3
 178 006c 2046     		mov	r0, r4
 179 006e FFF7FEFF 		bl	lv_tileview_add_tile
 180              	.LVL16:
  33:Middlewares/lvgl/examples/widgets/tileview/lv_example_tileview_1.c ****     lv_obj_t * list = lv_list_create(tile3);
 181              		.loc 1 33 5 is_stmt 1 view .LVU31
 182              		.loc 1 33 23 is_stmt 0 view .LVU32
 183 0072 FFF7FEFF 		bl	lv_list_create
 184              	.LVL17:
 185              		.loc 1 33 23 view .LVU33
 186 0076 0446     		mov	r4, r0
 187              	.LVL18:
  34:Middlewares/lvgl/examples/widgets/tileview/lv_example_tileview_1.c ****     lv_obj_set_size(list, LV_PCT(100), LV_PCT(100));
 188              		.loc 1 34 5 is_stmt 1 view .LVU34
 189 0078 42F26402 		movw	r2, #8292
 190 007c 1146     		mov	r1, r2
 191 007e FFF7FEFF 		bl	lv_obj_set_size
 192              	.LVL19:
  35:Middlewares/lvgl/examples/widgets/tileview/lv_example_tileview_1.c **** 
  36:Middlewares/lvgl/examples/widgets/tileview/lv_example_tileview_1.c ****     lv_list_add_btn(list, NULL, "One");
 193              		.loc 1 36 5 view .LVU35
 194 0082 1B4A     		ldr	r2, .L3+8
 195 0084 0021     		movs	r1, #0
 196 0086 2046     		mov	r0, r4
 197 0088 FFF7FEFF 		bl	lv_list_add_btn
 198              	.LVL20:
  37:Middlewares/lvgl/examples/widgets/tileview/lv_example_tileview_1.c ****     lv_list_add_btn(list, NULL, "Two");
 199              		.loc 1 37 5 view .LVU36
 200 008c 194A     		ldr	r2, .L3+12
 201 008e 0021     		movs	r1, #0
 202 0090 2046     		mov	r0, r4
 203 0092 FFF7FEFF 		bl	lv_list_add_btn
 204              	.LVL21:
  38:Middlewares/lvgl/examples/widgets/tileview/lv_example_tileview_1.c ****     lv_list_add_btn(list, NULL, "Three");
 205              		.loc 1 38 5 view .LVU37
 206 0096 184A     		ldr	r2, .L3+16
 207 0098 0021     		movs	r1, #0
 208 009a 2046     		mov	r0, r4
 209 009c FFF7FEFF 		bl	lv_list_add_btn
 210              	.LVL22:
  39:Middlewares/lvgl/examples/widgets/tileview/lv_example_tileview_1.c ****     lv_list_add_btn(list, NULL, "Four");
 211              		.loc 1 39 5 view .LVU38
 212 00a0 164A     		ldr	r2, .L3+20
 213 00a2 0021     		movs	r1, #0
 214 00a4 2046     		mov	r0, r4
 215 00a6 FFF7FEFF 		bl	lv_list_add_btn
 216              	.LVL23:
  40:Middlewares/lvgl/examples/widgets/tileview/lv_example_tileview_1.c ****     lv_list_add_btn(list, NULL, "Five");
 217              		.loc 1 40 5 view .LVU39
 218 00aa 154A     		ldr	r2, .L3+24
 219 00ac 0021     		movs	r1, #0
 220 00ae 2046     		mov	r0, r4
 221 00b0 FFF7FEFF 		bl	lv_list_add_btn
 222              	.LVL24:
ARM GAS  /tmp/ccTmYJY7.s 			page 12


  41:Middlewares/lvgl/examples/widgets/tileview/lv_example_tileview_1.c ****     lv_list_add_btn(list, NULL, "Six");
 223              		.loc 1 41 5 view .LVU40
 224 00b4 134A     		ldr	r2, .L3+28
 225 00b6 0021     		movs	r1, #0
 226 00b8 2046     		mov	r0, r4
 227 00ba FFF7FEFF 		bl	lv_list_add_btn
 228              	.LVL25:
  42:Middlewares/lvgl/examples/widgets/tileview/lv_example_tileview_1.c ****     lv_list_add_btn(list, NULL, "Seven");
 229              		.loc 1 42 5 view .LVU41
 230 00be 124A     		ldr	r2, .L3+32
 231 00c0 0021     		movs	r1, #0
 232 00c2 2046     		mov	r0, r4
 233 00c4 FFF7FEFF 		bl	lv_list_add_btn
 234              	.LVL26:
  43:Middlewares/lvgl/examples/widgets/tileview/lv_example_tileview_1.c ****     lv_list_add_btn(list, NULL, "Eight");
 235              		.loc 1 43 5 view .LVU42
 236 00c8 104A     		ldr	r2, .L3+36
 237 00ca 0021     		movs	r1, #0
 238 00cc 2046     		mov	r0, r4
 239 00ce FFF7FEFF 		bl	lv_list_add_btn
 240              	.LVL27:
  44:Middlewares/lvgl/examples/widgets/tileview/lv_example_tileview_1.c ****     lv_list_add_btn(list, NULL, "Nine");
 241              		.loc 1 44 5 view .LVU43
 242 00d2 0F4A     		ldr	r2, .L3+40
 243 00d4 0021     		movs	r1, #0
 244 00d6 2046     		mov	r0, r4
 245 00d8 FFF7FEFF 		bl	lv_list_add_btn
 246              	.LVL28:
  45:Middlewares/lvgl/examples/widgets/tileview/lv_example_tileview_1.c ****     lv_list_add_btn(list, NULL, "Ten");
 247              		.loc 1 45 5 view .LVU44
 248 00dc 0D4A     		ldr	r2, .L3+44
 249 00de 0021     		movs	r1, #0
 250 00e0 2046     		mov	r0, r4
 251 00e2 FFF7FEFF 		bl	lv_list_add_btn
 252              	.LVL29:
  46:Middlewares/lvgl/examples/widgets/tileview/lv_example_tileview_1.c **** 
  47:Middlewares/lvgl/examples/widgets/tileview/lv_example_tileview_1.c **** }
 253              		.loc 1 47 1 is_stmt 0 view .LVU45
 254 00e6 38BD     		pop	{r3, r4, r5, pc}
 255              	.LVL30:
 256              	.L4:
 257              		.loc 1 47 1 view .LVU46
 258              		.align	2
 259              	.L3:
 260 00e8 00000000 		.word	.LC0
 261 00ec 0C000000 		.word	.LC1
 262 00f0 20000000 		.word	.LC2
 263 00f4 24000000 		.word	.LC3
 264 00f8 28000000 		.word	.LC4
 265 00fc 30000000 		.word	.LC5
 266 0100 38000000 		.word	.LC6
 267 0104 40000000 		.word	.LC7
 268 0108 44000000 		.word	.LC8
 269 010c 4C000000 		.word	.LC9
 270 0110 54000000 		.word	.LC10
 271 0114 5C000000 		.word	.LC11
 272              		.cfi_endproc
ARM GAS  /tmp/ccTmYJY7.s 			page 13


 273              	.LFE184:
 275              		.text
 276              	.Letext0:
 277              		.file 4 "/home/akinya/gcc-arm-none-eabi/arm-none-eabi/include/machine/_default_types.h"
 278              		.file 5 "/home/akinya/gcc-arm-none-eabi/arm-none-eabi/include/sys/_stdint.h"
 279              		.file 6 "Middlewares/lvgl/examples/widgets/tileview/../../../src/misc/lv_ll.h"
 280              		.file 7 "Middlewares/lvgl/examples/widgets/tileview/../../../src/hal/../misc/lv_color.h"
 281              		.file 8 "Middlewares/lvgl/examples/widgets/tileview/../../../src/hal/../misc/lv_area.h"
 282              		.file 9 "Middlewares/lvgl/examples/widgets/tileview/../../../src/core/lv_obj.h"
 283              		.file 10 "Middlewares/lvgl/examples/widgets/tileview/../../../src/core/lv_group.h"
 284              		.file 11 "Middlewares/lvgl/examples/widgets/tileview/../../../src/core/../misc/lv_style.h"
 285              		.file 12 "Middlewares/lvgl/examples/widgets/tileview/../../../src/core/lv_obj_scroll.h"
 286              		.file 13 "Middlewares/lvgl/examples/widgets/tileview/../../../src/core/lv_obj_style.h"
 287              		.file 14 "Middlewares/lvgl/examples/widgets/tileview/../../../src/core/lv_obj_class.h"
 288              		.file 15 "Middlewares/lvgl/examples/widgets/tileview/../../../src/core/lv_event.h"
 289              		.file 16 "Middlewares/lvgl/examples/widgets/tileview/../../../src/hal/lv_hal_disp.h"
 290              		.file 17 "Middlewares/lvgl/examples/widgets/tileview/../../../src/extra/widgets/tileview/lv_tilevi
 291              		.file 18 "Middlewares/lvgl/examples/widgets/tileview/../../../src/widgets/lv_label.h"
 292              		.file 19 "Middlewares/lvgl/examples/widgets/tileview/../../../src/widgets/lv_btn.h"
 293              		.file 20 "Middlewares/lvgl/examples/widgets/tileview/../../../src/extra/widgets/list/lv_list.h"
ARM GAS  /tmp/ccTmYJY7.s 			page 14


DEFINED SYMBOLS
                            *ABS*:0000000000000000 lv_example_tileview_1.c
     /tmp/ccTmYJY7.s:19     .rodata.lv_example_tileview_1.str1.4:0000000000000000 $d
     /tmp/ccTmYJY7.s:56     .text.lv_example_tileview_1:0000000000000000 $t
     /tmp/ccTmYJY7.s:62     .text.lv_example_tileview_1:0000000000000000 lv_example_tileview_1
     /tmp/ccTmYJY7.s:260    .text.lv_example_tileview_1:00000000000000e8 $d

UNDEFINED SYMBOLS
lv_disp_get_default
lv_disp_get_scr_act
lv_tileview_create
lv_tileview_add_tile
lv_label_create
lv_label_set_text
lv_obj_align
lv_btn_create
lv_obj_set_size
lv_list_create
lv_list_add_btn
