ARM GAS  /tmp/ccSRSXtv.s 			page 1


   1              		.cpu cortex-m7
   2              		.eabi_attribute 28, 1
   3              		.eabi_attribute 20, 1
   4              		.eabi_attribute 21, 1
   5              		.eabi_attribute 23, 3
   6              		.eabi_attribute 24, 1
   7              		.eabi_attribute 25, 1
   8              		.eabi_attribute 26, 1
   9              		.eabi_attribute 30, 1
  10              		.eabi_attribute 34, 1
  11              		.eabi_attribute 18, 4
  12              		.file	"lv_example_keyboard_1.c"
  13              		.text
  14              	.Ltext0:
  15              		.cfi_sections	.debug_frame
  16              		.section	.text.ta_event_cb,"ax",%progbits
  17              		.align	1
  18              		.arch armv7e-m
  19              		.syntax unified
  20              		.thumb
  21              		.thumb_func
  22              		.fpu fpv5-d16
  24              	ta_event_cb:
  25              	.LVL0:
  26              	.LFB184:
  27              		.file 1 "Middlewares/lvgl/examples/widgets/keyboard/lv_example_keyboard_1.c"
   1:Middlewares/lvgl/examples/widgets/keyboard/lv_example_keyboard_1.c **** #include "../../lv_examples.h"
   2:Middlewares/lvgl/examples/widgets/keyboard/lv_example_keyboard_1.c **** #if LV_USE_KEYBOARD && LV_BUILD_EXAMPLES
   3:Middlewares/lvgl/examples/widgets/keyboard/lv_example_keyboard_1.c **** 
   4:Middlewares/lvgl/examples/widgets/keyboard/lv_example_keyboard_1.c **** static void ta_event_cb(lv_event_t * e)
   5:Middlewares/lvgl/examples/widgets/keyboard/lv_example_keyboard_1.c **** {
  28              		.loc 1 5 1 view -0
  29              		.cfi_startproc
  30              		@ args = 0, pretend = 0, frame = 0
  31              		@ frame_needed = 0, uses_anonymous_args = 0
  32              		.loc 1 5 1 is_stmt 0 view .LVU1
  33 0000 70B5     		push	{r4, r5, r6, lr}
  34              	.LCFI0:
  35              		.cfi_def_cfa_offset 16
  36              		.cfi_offset 4, -16
  37              		.cfi_offset 5, -12
  38              		.cfi_offset 6, -8
  39              		.cfi_offset 14, -4
  40 0002 0546     		mov	r5, r0
   6:Middlewares/lvgl/examples/widgets/keyboard/lv_example_keyboard_1.c ****     lv_event_code_t code = lv_event_get_code(e);
  41              		.loc 1 6 5 is_stmt 1 view .LVU2
  42              		.loc 1 6 28 is_stmt 0 view .LVU3
  43 0004 FFF7FEFF 		bl	lv_event_get_code
  44              	.LVL1:
  45              		.loc 1 6 28 view .LVU4
  46 0008 0446     		mov	r4, r0
  47              	.LVL2:
   7:Middlewares/lvgl/examples/widgets/keyboard/lv_example_keyboard_1.c ****     lv_obj_t * ta = lv_event_get_target(e);
  48              		.loc 1 7 5 is_stmt 1 view .LVU5
  49              		.loc 1 7 21 is_stmt 0 view .LVU6
  50 000a 2846     		mov	r0, r5
  51 000c FFF7FEFF 		bl	lv_event_get_target
ARM GAS  /tmp/ccSRSXtv.s 			page 2


  52              	.LVL3:
  53 0010 0646     		mov	r6, r0
  54              	.LVL4:
   8:Middlewares/lvgl/examples/widgets/keyboard/lv_example_keyboard_1.c ****     lv_obj_t * kb = lv_event_get_user_data(e);
  55              		.loc 1 8 5 is_stmt 1 view .LVU7
  56              		.loc 1 8 21 is_stmt 0 view .LVU8
  57 0012 2846     		mov	r0, r5
  58              	.LVL5:
  59              		.loc 1 8 21 view .LVU9
  60 0014 FFF7FEFF 		bl	lv_event_get_user_data
  61              	.LVL6:
  62 0018 0546     		mov	r5, r0
  63              	.LVL7:
   9:Middlewares/lvgl/examples/widgets/keyboard/lv_example_keyboard_1.c ****     if(code == LV_EVENT_FOCUSED) {
  64              		.loc 1 9 5 is_stmt 1 view .LVU10
  65              		.loc 1 9 7 is_stmt 0 view .LVU11
  66 001a 0E2C     		cmp	r4, #14
  67 001c 02D0     		beq	.L5
  68              	.LVL8:
  69              	.L2:
  10:Middlewares/lvgl/examples/widgets/keyboard/lv_example_keyboard_1.c ****         lv_keyboard_set_textarea(kb, ta);
  11:Middlewares/lvgl/examples/widgets/keyboard/lv_example_keyboard_1.c ****         lv_obj_clear_flag(kb, LV_OBJ_FLAG_HIDDEN);
  12:Middlewares/lvgl/examples/widgets/keyboard/lv_example_keyboard_1.c ****     }
  13:Middlewares/lvgl/examples/widgets/keyboard/lv_example_keyboard_1.c **** 
  14:Middlewares/lvgl/examples/widgets/keyboard/lv_example_keyboard_1.c ****     if(code == LV_EVENT_DEFOCUSED) {
  70              		.loc 1 14 5 is_stmt 1 view .LVU12
  71              		.loc 1 14 7 is_stmt 0 view .LVU13
  72 001e 0F2C     		cmp	r4, #15
  73 0020 08D0     		beq	.L6
  74              	.L1:
  15:Middlewares/lvgl/examples/widgets/keyboard/lv_example_keyboard_1.c ****         lv_keyboard_set_textarea(kb, NULL);
  16:Middlewares/lvgl/examples/widgets/keyboard/lv_example_keyboard_1.c ****         lv_obj_add_flag(kb, LV_OBJ_FLAG_HIDDEN);
  17:Middlewares/lvgl/examples/widgets/keyboard/lv_example_keyboard_1.c ****     }
  18:Middlewares/lvgl/examples/widgets/keyboard/lv_example_keyboard_1.c **** }
  75              		.loc 1 18 1 view .LVU14
  76 0022 70BD     		pop	{r4, r5, r6, pc}
  77              	.LVL9:
  78              	.L5:
  10:Middlewares/lvgl/examples/widgets/keyboard/lv_example_keyboard_1.c ****         lv_keyboard_set_textarea(kb, ta);
  79              		.loc 1 10 9 is_stmt 1 view .LVU15
  80 0024 3146     		mov	r1, r6
  81 0026 FFF7FEFF 		bl	lv_keyboard_set_textarea
  82              	.LVL10:
  11:Middlewares/lvgl/examples/widgets/keyboard/lv_example_keyboard_1.c ****     }
  83              		.loc 1 11 9 view .LVU16
  84 002a 0121     		movs	r1, #1
  85 002c 2846     		mov	r0, r5
  86 002e FFF7FEFF 		bl	lv_obj_clear_flag
  87              	.LVL11:
  88 0032 F4E7     		b	.L2
  89              	.L6:
  15:Middlewares/lvgl/examples/widgets/keyboard/lv_example_keyboard_1.c ****         lv_keyboard_set_textarea(kb, NULL);
  90              		.loc 1 15 9 view .LVU17
  91 0034 0021     		movs	r1, #0
  92 0036 2846     		mov	r0, r5
  93 0038 FFF7FEFF 		bl	lv_keyboard_set_textarea
  94              	.LVL12:
ARM GAS  /tmp/ccSRSXtv.s 			page 3


  16:Middlewares/lvgl/examples/widgets/keyboard/lv_example_keyboard_1.c ****     }
  95              		.loc 1 16 9 view .LVU18
  96 003c 0121     		movs	r1, #1
  97 003e 2846     		mov	r0, r5
  98 0040 FFF7FEFF 		bl	lv_obj_add_flag
  99              	.LVL13:
 100              		.loc 1 18 1 is_stmt 0 view .LVU19
 101 0044 EDE7     		b	.L1
 102              		.cfi_endproc
 103              	.LFE184:
 105              		.section	.rodata.lv_example_keyboard_1.str1.4,"aMS",%progbits,1
 106              		.align	2
 107              	.LC0:
 108 0000 48656C6C 		.ascii	"Hello\000"
 108      6F00
 109              		.section	.text.lv_example_keyboard_1,"ax",%progbits
 110              		.align	1
 111              		.global	lv_example_keyboard_1
 112              		.syntax unified
 113              		.thumb
 114              		.thumb_func
 115              		.fpu fpv5-d16
 117              	lv_example_keyboard_1:
 118              	.LFB185:
  19:Middlewares/lvgl/examples/widgets/keyboard/lv_example_keyboard_1.c **** 
  20:Middlewares/lvgl/examples/widgets/keyboard/lv_example_keyboard_1.c **** void lv_example_keyboard_1(void)
  21:Middlewares/lvgl/examples/widgets/keyboard/lv_example_keyboard_1.c **** {
 119              		.loc 1 21 1 is_stmt 1 view -0
 120              		.cfi_startproc
 121              		@ args = 0, pretend = 0, frame = 0
 122              		@ frame_needed = 0, uses_anonymous_args = 0
 123 0000 70B5     		push	{r4, r5, r6, lr}
 124              	.LCFI1:
 125              		.cfi_def_cfa_offset 16
 126              		.cfi_offset 4, -16
 127              		.cfi_offset 5, -12
 128              		.cfi_offset 6, -8
 129              		.cfi_offset 14, -4
  22:Middlewares/lvgl/examples/widgets/keyboard/lv_example_keyboard_1.c ****     /*Create a keyboard to use it with an of the text areas*/
  23:Middlewares/lvgl/examples/widgets/keyboard/lv_example_keyboard_1.c ****     lv_obj_t *kb = lv_keyboard_create(lv_scr_act());
 130              		.loc 1 23 5 view .LVU21
 131              	.LBB8:
 132              	.LBI8:
 133              		.file 2 "Middlewares/lvgl/examples/widgets/keyboard/../../../src/core/lv_disp.h"
   1:Middlewares/lvgl/examples/widgets/keyboard/../../../src/core/lv_disp.h **** /**
   2:Middlewares/lvgl/examples/widgets/keyboard/../../../src/core/lv_disp.h ****  * @file lv_disp.h
   3:Middlewares/lvgl/examples/widgets/keyboard/../../../src/core/lv_disp.h ****  *
   4:Middlewares/lvgl/examples/widgets/keyboard/../../../src/core/lv_disp.h ****  */
   5:Middlewares/lvgl/examples/widgets/keyboard/../../../src/core/lv_disp.h **** 
   6:Middlewares/lvgl/examples/widgets/keyboard/../../../src/core/lv_disp.h **** #ifndef LV_DISP_H
   7:Middlewares/lvgl/examples/widgets/keyboard/../../../src/core/lv_disp.h **** #define LV_DISP_H
   8:Middlewares/lvgl/examples/widgets/keyboard/../../../src/core/lv_disp.h **** 
   9:Middlewares/lvgl/examples/widgets/keyboard/../../../src/core/lv_disp.h **** #ifdef __cplusplus
  10:Middlewares/lvgl/examples/widgets/keyboard/../../../src/core/lv_disp.h **** extern "C" {
  11:Middlewares/lvgl/examples/widgets/keyboard/../../../src/core/lv_disp.h **** #endif
  12:Middlewares/lvgl/examples/widgets/keyboard/../../../src/core/lv_disp.h **** 
  13:Middlewares/lvgl/examples/widgets/keyboard/../../../src/core/lv_disp.h **** /*********************
ARM GAS  /tmp/ccSRSXtv.s 			page 4


  14:Middlewares/lvgl/examples/widgets/keyboard/../../../src/core/lv_disp.h ****  *      INCLUDES
  15:Middlewares/lvgl/examples/widgets/keyboard/../../../src/core/lv_disp.h ****  *********************/
  16:Middlewares/lvgl/examples/widgets/keyboard/../../../src/core/lv_disp.h **** #include "../hal/lv_hal.h"
  17:Middlewares/lvgl/examples/widgets/keyboard/../../../src/core/lv_disp.h **** #include "lv_obj.h"
  18:Middlewares/lvgl/examples/widgets/keyboard/../../../src/core/lv_disp.h **** #include "lv_theme.h"
  19:Middlewares/lvgl/examples/widgets/keyboard/../../../src/core/lv_disp.h **** 
  20:Middlewares/lvgl/examples/widgets/keyboard/../../../src/core/lv_disp.h **** /*********************
  21:Middlewares/lvgl/examples/widgets/keyboard/../../../src/core/lv_disp.h ****  *      DEFINES
  22:Middlewares/lvgl/examples/widgets/keyboard/../../../src/core/lv_disp.h ****  *********************/
  23:Middlewares/lvgl/examples/widgets/keyboard/../../../src/core/lv_disp.h **** 
  24:Middlewares/lvgl/examples/widgets/keyboard/../../../src/core/lv_disp.h **** /**********************
  25:Middlewares/lvgl/examples/widgets/keyboard/../../../src/core/lv_disp.h ****  *      TYPEDEFS
  26:Middlewares/lvgl/examples/widgets/keyboard/../../../src/core/lv_disp.h ****  **********************/
  27:Middlewares/lvgl/examples/widgets/keyboard/../../../src/core/lv_disp.h **** 
  28:Middlewares/lvgl/examples/widgets/keyboard/../../../src/core/lv_disp.h **** typedef enum {
  29:Middlewares/lvgl/examples/widgets/keyboard/../../../src/core/lv_disp.h ****     LV_SCR_LOAD_ANIM_NONE,
  30:Middlewares/lvgl/examples/widgets/keyboard/../../../src/core/lv_disp.h ****     LV_SCR_LOAD_ANIM_OVER_LEFT,
  31:Middlewares/lvgl/examples/widgets/keyboard/../../../src/core/lv_disp.h ****     LV_SCR_LOAD_ANIM_OVER_RIGHT,
  32:Middlewares/lvgl/examples/widgets/keyboard/../../../src/core/lv_disp.h ****     LV_SCR_LOAD_ANIM_OVER_TOP,
  33:Middlewares/lvgl/examples/widgets/keyboard/../../../src/core/lv_disp.h ****     LV_SCR_LOAD_ANIM_OVER_BOTTOM,
  34:Middlewares/lvgl/examples/widgets/keyboard/../../../src/core/lv_disp.h ****     LV_SCR_LOAD_ANIM_MOVE_LEFT,
  35:Middlewares/lvgl/examples/widgets/keyboard/../../../src/core/lv_disp.h ****     LV_SCR_LOAD_ANIM_MOVE_RIGHT,
  36:Middlewares/lvgl/examples/widgets/keyboard/../../../src/core/lv_disp.h ****     LV_SCR_LOAD_ANIM_MOVE_TOP,
  37:Middlewares/lvgl/examples/widgets/keyboard/../../../src/core/lv_disp.h ****     LV_SCR_LOAD_ANIM_MOVE_BOTTOM,
  38:Middlewares/lvgl/examples/widgets/keyboard/../../../src/core/lv_disp.h ****     LV_SCR_LOAD_ANIM_FADE_ON,
  39:Middlewares/lvgl/examples/widgets/keyboard/../../../src/core/lv_disp.h **** } lv_scr_load_anim_t;
  40:Middlewares/lvgl/examples/widgets/keyboard/../../../src/core/lv_disp.h **** 
  41:Middlewares/lvgl/examples/widgets/keyboard/../../../src/core/lv_disp.h **** /**********************
  42:Middlewares/lvgl/examples/widgets/keyboard/../../../src/core/lv_disp.h ****  * GLOBAL PROTOTYPES
  43:Middlewares/lvgl/examples/widgets/keyboard/../../../src/core/lv_disp.h ****  **********************/
  44:Middlewares/lvgl/examples/widgets/keyboard/../../../src/core/lv_disp.h **** 
  45:Middlewares/lvgl/examples/widgets/keyboard/../../../src/core/lv_disp.h **** /**
  46:Middlewares/lvgl/examples/widgets/keyboard/../../../src/core/lv_disp.h ****  * Return with a pointer to the active screen
  47:Middlewares/lvgl/examples/widgets/keyboard/../../../src/core/lv_disp.h ****  * @param disp pointer to display which active screen should be get. (NULL to use the default
  48:Middlewares/lvgl/examples/widgets/keyboard/../../../src/core/lv_disp.h ****  * screen)
  49:Middlewares/lvgl/examples/widgets/keyboard/../../../src/core/lv_disp.h ****  * @return pointer to the active screen object (loaded by 'lv_scr_load()')
  50:Middlewares/lvgl/examples/widgets/keyboard/../../../src/core/lv_disp.h ****  */
  51:Middlewares/lvgl/examples/widgets/keyboard/../../../src/core/lv_disp.h **** lv_obj_t * lv_disp_get_scr_act(lv_disp_t * disp);
  52:Middlewares/lvgl/examples/widgets/keyboard/../../../src/core/lv_disp.h **** 
  53:Middlewares/lvgl/examples/widgets/keyboard/../../../src/core/lv_disp.h **** /**
  54:Middlewares/lvgl/examples/widgets/keyboard/../../../src/core/lv_disp.h ****  * Return with a pointer to the previous screen. Only used during screen transitions.
  55:Middlewares/lvgl/examples/widgets/keyboard/../../../src/core/lv_disp.h ****  * @param disp pointer to display which previous screen should be get. (NULL to use the default
  56:Middlewares/lvgl/examples/widgets/keyboard/../../../src/core/lv_disp.h ****  * screen)
  57:Middlewares/lvgl/examples/widgets/keyboard/../../../src/core/lv_disp.h ****  * @return pointer to the previous screen object or NULL if not used now
  58:Middlewares/lvgl/examples/widgets/keyboard/../../../src/core/lv_disp.h ****  */
  59:Middlewares/lvgl/examples/widgets/keyboard/../../../src/core/lv_disp.h **** lv_obj_t * lv_disp_get_scr_prev(lv_disp_t * disp);
  60:Middlewares/lvgl/examples/widgets/keyboard/../../../src/core/lv_disp.h **** 
  61:Middlewares/lvgl/examples/widgets/keyboard/../../../src/core/lv_disp.h **** /**
  62:Middlewares/lvgl/examples/widgets/keyboard/../../../src/core/lv_disp.h ****  * Make a screen active
  63:Middlewares/lvgl/examples/widgets/keyboard/../../../src/core/lv_disp.h ****  * @param scr pointer to a screen
  64:Middlewares/lvgl/examples/widgets/keyboard/../../../src/core/lv_disp.h ****  */
  65:Middlewares/lvgl/examples/widgets/keyboard/../../../src/core/lv_disp.h **** void lv_disp_load_scr(lv_obj_t * scr);
  66:Middlewares/lvgl/examples/widgets/keyboard/../../../src/core/lv_disp.h **** 
  67:Middlewares/lvgl/examples/widgets/keyboard/../../../src/core/lv_disp.h **** /**
  68:Middlewares/lvgl/examples/widgets/keyboard/../../../src/core/lv_disp.h ****  * Return with the top layer. (Same on every screen and it is above the normal screen layer)
  69:Middlewares/lvgl/examples/widgets/keyboard/../../../src/core/lv_disp.h ****  * @param disp pointer to display which top layer should be get. (NULL to use the default screen)
  70:Middlewares/lvgl/examples/widgets/keyboard/../../../src/core/lv_disp.h ****  * @return pointer to the top layer object  (transparent screen sized lv_obj)
ARM GAS  /tmp/ccSRSXtv.s 			page 5


  71:Middlewares/lvgl/examples/widgets/keyboard/../../../src/core/lv_disp.h ****  */
  72:Middlewares/lvgl/examples/widgets/keyboard/../../../src/core/lv_disp.h **** lv_obj_t * lv_disp_get_layer_top(lv_disp_t * disp);
  73:Middlewares/lvgl/examples/widgets/keyboard/../../../src/core/lv_disp.h **** 
  74:Middlewares/lvgl/examples/widgets/keyboard/../../../src/core/lv_disp.h **** /**
  75:Middlewares/lvgl/examples/widgets/keyboard/../../../src/core/lv_disp.h ****  * Return with the sys. layer. (Same on every screen and it is above the normal screen and the top
  76:Middlewares/lvgl/examples/widgets/keyboard/../../../src/core/lv_disp.h ****  * layer)
  77:Middlewares/lvgl/examples/widgets/keyboard/../../../src/core/lv_disp.h ****  * @param disp pointer to display which sys. layer  should be get. (NULL to use the default screen)
  78:Middlewares/lvgl/examples/widgets/keyboard/../../../src/core/lv_disp.h ****  * @return pointer to the sys layer object  (transparent screen sized lv_obj)
  79:Middlewares/lvgl/examples/widgets/keyboard/../../../src/core/lv_disp.h ****  */
  80:Middlewares/lvgl/examples/widgets/keyboard/../../../src/core/lv_disp.h **** lv_obj_t * lv_disp_get_layer_sys(lv_disp_t * disp);
  81:Middlewares/lvgl/examples/widgets/keyboard/../../../src/core/lv_disp.h **** 
  82:Middlewares/lvgl/examples/widgets/keyboard/../../../src/core/lv_disp.h **** /**
  83:Middlewares/lvgl/examples/widgets/keyboard/../../../src/core/lv_disp.h ****  * Get the theme of a display
  84:Middlewares/lvgl/examples/widgets/keyboard/../../../src/core/lv_disp.h ****  * @param disp pointer to a display
  85:Middlewares/lvgl/examples/widgets/keyboard/../../../src/core/lv_disp.h ****  * @return the display's theme (can be NULL)
  86:Middlewares/lvgl/examples/widgets/keyboard/../../../src/core/lv_disp.h ****  */
  87:Middlewares/lvgl/examples/widgets/keyboard/../../../src/core/lv_disp.h **** void lv_disp_set_theme(lv_disp_t * disp, lv_theme_t * th);
  88:Middlewares/lvgl/examples/widgets/keyboard/../../../src/core/lv_disp.h **** 
  89:Middlewares/lvgl/examples/widgets/keyboard/../../../src/core/lv_disp.h **** /**
  90:Middlewares/lvgl/examples/widgets/keyboard/../../../src/core/lv_disp.h ****  * Get the theme of a display
  91:Middlewares/lvgl/examples/widgets/keyboard/../../../src/core/lv_disp.h ****  * @param disp pointer to a display
  92:Middlewares/lvgl/examples/widgets/keyboard/../../../src/core/lv_disp.h ****  * @return the display's theme (can be NULL)
  93:Middlewares/lvgl/examples/widgets/keyboard/../../../src/core/lv_disp.h ****  */
  94:Middlewares/lvgl/examples/widgets/keyboard/../../../src/core/lv_disp.h **** lv_theme_t * lv_disp_get_theme(lv_disp_t * disp);
  95:Middlewares/lvgl/examples/widgets/keyboard/../../../src/core/lv_disp.h **** 
  96:Middlewares/lvgl/examples/widgets/keyboard/../../../src/core/lv_disp.h **** /**
  97:Middlewares/lvgl/examples/widgets/keyboard/../../../src/core/lv_disp.h ****  * Set the background color of a display
  98:Middlewares/lvgl/examples/widgets/keyboard/../../../src/core/lv_disp.h ****  * @param disp pointer to a display
  99:Middlewares/lvgl/examples/widgets/keyboard/../../../src/core/lv_disp.h ****  * @param color color of the background
 100:Middlewares/lvgl/examples/widgets/keyboard/../../../src/core/lv_disp.h ****  */
 101:Middlewares/lvgl/examples/widgets/keyboard/../../../src/core/lv_disp.h **** void lv_disp_set_bg_color(lv_disp_t * disp, lv_color_t color);
 102:Middlewares/lvgl/examples/widgets/keyboard/../../../src/core/lv_disp.h **** 
 103:Middlewares/lvgl/examples/widgets/keyboard/../../../src/core/lv_disp.h **** /**
 104:Middlewares/lvgl/examples/widgets/keyboard/../../../src/core/lv_disp.h ****  * Set the background image of a display
 105:Middlewares/lvgl/examples/widgets/keyboard/../../../src/core/lv_disp.h ****  * @param disp pointer to a display
 106:Middlewares/lvgl/examples/widgets/keyboard/../../../src/core/lv_disp.h ****  * @param img_src path to file or pointer to an `lv_img_dsc_t` variable
 107:Middlewares/lvgl/examples/widgets/keyboard/../../../src/core/lv_disp.h ****  */
 108:Middlewares/lvgl/examples/widgets/keyboard/../../../src/core/lv_disp.h **** void lv_disp_set_bg_image(lv_disp_t * disp, const void  * img_src);
 109:Middlewares/lvgl/examples/widgets/keyboard/../../../src/core/lv_disp.h **** 
 110:Middlewares/lvgl/examples/widgets/keyboard/../../../src/core/lv_disp.h **** /**
 111:Middlewares/lvgl/examples/widgets/keyboard/../../../src/core/lv_disp.h ****  * Opacity of the background
 112:Middlewares/lvgl/examples/widgets/keyboard/../../../src/core/lv_disp.h ****  * @param disp pointer to a display
 113:Middlewares/lvgl/examples/widgets/keyboard/../../../src/core/lv_disp.h ****  * @param opa opacity (0..255)
 114:Middlewares/lvgl/examples/widgets/keyboard/../../../src/core/lv_disp.h ****  */
 115:Middlewares/lvgl/examples/widgets/keyboard/../../../src/core/lv_disp.h **** void lv_disp_set_bg_opa(lv_disp_t * disp, lv_opa_t opa);
 116:Middlewares/lvgl/examples/widgets/keyboard/../../../src/core/lv_disp.h **** 
 117:Middlewares/lvgl/examples/widgets/keyboard/../../../src/core/lv_disp.h **** /**
 118:Middlewares/lvgl/examples/widgets/keyboard/../../../src/core/lv_disp.h ****  * Switch screen with animation
 119:Middlewares/lvgl/examples/widgets/keyboard/../../../src/core/lv_disp.h ****  * @param scr pointer to the new screen to load
 120:Middlewares/lvgl/examples/widgets/keyboard/../../../src/core/lv_disp.h ****  * @param anim_type type of the animation from `lv_scr_load_anim_t`. E.g.  `LV_SCR_LOAD_ANIM_MOVE_L
 121:Middlewares/lvgl/examples/widgets/keyboard/../../../src/core/lv_disp.h ****  * @param time time of the animation
 122:Middlewares/lvgl/examples/widgets/keyboard/../../../src/core/lv_disp.h ****  * @param delay delay before the transition
 123:Middlewares/lvgl/examples/widgets/keyboard/../../../src/core/lv_disp.h ****  * @param auto_del true: automatically delete the old screen
 124:Middlewares/lvgl/examples/widgets/keyboard/../../../src/core/lv_disp.h ****  */
 125:Middlewares/lvgl/examples/widgets/keyboard/../../../src/core/lv_disp.h **** void lv_scr_load_anim(lv_obj_t * scr, lv_scr_load_anim_t anim_type, uint32_t time, uint32_t delay, 
 126:Middlewares/lvgl/examples/widgets/keyboard/../../../src/core/lv_disp.h **** 
 127:Middlewares/lvgl/examples/widgets/keyboard/../../../src/core/lv_disp.h **** /**
ARM GAS  /tmp/ccSRSXtv.s 			page 6


 128:Middlewares/lvgl/examples/widgets/keyboard/../../../src/core/lv_disp.h ****  * Get elapsed time since last user activity on a display (e.g. click)
 129:Middlewares/lvgl/examples/widgets/keyboard/../../../src/core/lv_disp.h ****  * @param disp pointer to an display (NULL to get the overall smallest inactivity)
 130:Middlewares/lvgl/examples/widgets/keyboard/../../../src/core/lv_disp.h ****  * @return elapsed ticks (milliseconds) since the last activity
 131:Middlewares/lvgl/examples/widgets/keyboard/../../../src/core/lv_disp.h ****  */
 132:Middlewares/lvgl/examples/widgets/keyboard/../../../src/core/lv_disp.h **** uint32_t lv_disp_get_inactive_time(const lv_disp_t * disp);
 133:Middlewares/lvgl/examples/widgets/keyboard/../../../src/core/lv_disp.h **** 
 134:Middlewares/lvgl/examples/widgets/keyboard/../../../src/core/lv_disp.h **** /**
 135:Middlewares/lvgl/examples/widgets/keyboard/../../../src/core/lv_disp.h ****  * Manually trigger an activity on a display
 136:Middlewares/lvgl/examples/widgets/keyboard/../../../src/core/lv_disp.h ****  * @param disp pointer to an display (NULL to use the default display)
 137:Middlewares/lvgl/examples/widgets/keyboard/../../../src/core/lv_disp.h ****  */
 138:Middlewares/lvgl/examples/widgets/keyboard/../../../src/core/lv_disp.h **** void lv_disp_trig_activity(lv_disp_t * disp);
 139:Middlewares/lvgl/examples/widgets/keyboard/../../../src/core/lv_disp.h **** 
 140:Middlewares/lvgl/examples/widgets/keyboard/../../../src/core/lv_disp.h **** /**
 141:Middlewares/lvgl/examples/widgets/keyboard/../../../src/core/lv_disp.h ****  * Clean any CPU cache that is related to the display.
 142:Middlewares/lvgl/examples/widgets/keyboard/../../../src/core/lv_disp.h ****  * @param disp pointer to an display (NULL to use the default display)
 143:Middlewares/lvgl/examples/widgets/keyboard/../../../src/core/lv_disp.h ****  */
 144:Middlewares/lvgl/examples/widgets/keyboard/../../../src/core/lv_disp.h **** void lv_disp_clean_dcache(lv_disp_t * disp);
 145:Middlewares/lvgl/examples/widgets/keyboard/../../../src/core/lv_disp.h **** 
 146:Middlewares/lvgl/examples/widgets/keyboard/../../../src/core/lv_disp.h **** /**
 147:Middlewares/lvgl/examples/widgets/keyboard/../../../src/core/lv_disp.h ****  * Get a pointer to the screen refresher timer to
 148:Middlewares/lvgl/examples/widgets/keyboard/../../../src/core/lv_disp.h ****  * modify its parameters with `lv_timer_...` functions.
 149:Middlewares/lvgl/examples/widgets/keyboard/../../../src/core/lv_disp.h ****  * @param disp pointer to a display
 150:Middlewares/lvgl/examples/widgets/keyboard/../../../src/core/lv_disp.h ****  * @return pointer to the display refresher timer. (NULL on error)
 151:Middlewares/lvgl/examples/widgets/keyboard/../../../src/core/lv_disp.h ****  */
 152:Middlewares/lvgl/examples/widgets/keyboard/../../../src/core/lv_disp.h **** lv_timer_t * _lv_disp_get_refr_timer(lv_disp_t * disp);
 153:Middlewares/lvgl/examples/widgets/keyboard/../../../src/core/lv_disp.h **** 
 154:Middlewares/lvgl/examples/widgets/keyboard/../../../src/core/lv_disp.h **** /*------------------------------------------------
 155:Middlewares/lvgl/examples/widgets/keyboard/../../../src/core/lv_disp.h ****  * To improve backward compatibility
 156:Middlewares/lvgl/examples/widgets/keyboard/../../../src/core/lv_disp.h ****  * Recommended only if you have one display
 157:Middlewares/lvgl/examples/widgets/keyboard/../../../src/core/lv_disp.h ****  *------------------------------------------------*/
 158:Middlewares/lvgl/examples/widgets/keyboard/../../../src/core/lv_disp.h **** 
 159:Middlewares/lvgl/examples/widgets/keyboard/../../../src/core/lv_disp.h **** /**
 160:Middlewares/lvgl/examples/widgets/keyboard/../../../src/core/lv_disp.h ****  * Get the active screen of the default display
 161:Middlewares/lvgl/examples/widgets/keyboard/../../../src/core/lv_disp.h ****  * @return pointer to the active screen
 162:Middlewares/lvgl/examples/widgets/keyboard/../../../src/core/lv_disp.h ****  */
 163:Middlewares/lvgl/examples/widgets/keyboard/../../../src/core/lv_disp.h **** static inline lv_obj_t * lv_scr_act(void)
 134              		.loc 2 163 26 view .LVU22
 135              	.LBB9:
 164:Middlewares/lvgl/examples/widgets/keyboard/../../../src/core/lv_disp.h **** {
 165:Middlewares/lvgl/examples/widgets/keyboard/../../../src/core/lv_disp.h ****     return lv_disp_get_scr_act(lv_disp_get_default());
 136              		.loc 2 165 5 view .LVU23
 137              		.loc 2 165 12 is_stmt 0 view .LVU24
 138 0002 FFF7FEFF 		bl	lv_disp_get_default
 139              	.LVL14:
 140 0006 FFF7FEFF 		bl	lv_disp_get_scr_act
 141              	.LVL15:
 142              	.LBE9:
 143              	.LBE8:
 144              		.loc 1 23 20 view .LVU25
 145 000a FFF7FEFF 		bl	lv_keyboard_create
 146              	.LVL16:
 147 000e 0446     		mov	r4, r0
 148              	.LVL17:
  24:Middlewares/lvgl/examples/widgets/keyboard/lv_example_keyboard_1.c **** 
  25:Middlewares/lvgl/examples/widgets/keyboard/lv_example_keyboard_1.c ****     /*Create a text area. The keyboard will write here*/
  26:Middlewares/lvgl/examples/widgets/keyboard/lv_example_keyboard_1.c ****     lv_obj_t * ta;
 149              		.loc 1 26 5 is_stmt 1 view .LVU26
ARM GAS  /tmp/ccSRSXtv.s 			page 7


  27:Middlewares/lvgl/examples/widgets/keyboard/lv_example_keyboard_1.c ****     ta = lv_textarea_create(lv_scr_act());
 150              		.loc 1 27 5 view .LVU27
 151              	.LBB10:
 152              	.LBI10:
 163:Middlewares/lvgl/examples/widgets/keyboard/../../../src/core/lv_disp.h **** {
 153              		.loc 2 163 26 view .LVU28
 154              	.LBB11:
 155              		.loc 2 165 5 view .LVU29
 156              		.loc 2 165 12 is_stmt 0 view .LVU30
 157 0010 FFF7FEFF 		bl	lv_disp_get_default
 158              	.LVL18:
 159              		.loc 2 165 12 view .LVU31
 160 0014 FFF7FEFF 		bl	lv_disp_get_scr_act
 161              	.LVL19:
 162              	.LBE11:
 163              	.LBE10:
 164              		.loc 1 27 10 view .LVU32
 165 0018 FFF7FEFF 		bl	lv_textarea_create
 166              	.LVL20:
 167 001c 0546     		mov	r5, r0
 168              	.LVL21:
  28:Middlewares/lvgl/examples/widgets/keyboard/lv_example_keyboard_1.c ****     lv_obj_align(ta, LV_ALIGN_TOP_LEFT, 10, 10);
 169              		.loc 1 28 5 is_stmt 1 view .LVU33
 170 001e 0A23     		movs	r3, #10
 171 0020 1A46     		mov	r2, r3
 172 0022 0121     		movs	r1, #1
 173 0024 FFF7FEFF 		bl	lv_obj_align
 174              	.LVL22:
  29:Middlewares/lvgl/examples/widgets/keyboard/lv_example_keyboard_1.c ****     lv_obj_add_event_cb(ta, ta_event_cb, LV_EVENT_ALL, kb);
 175              		.loc 1 29 5 view .LVU34
 176 0028 164E     		ldr	r6, .L9
 177 002a 2346     		mov	r3, r4
 178 002c 0022     		movs	r2, #0
 179 002e 3146     		mov	r1, r6
 180 0030 2846     		mov	r0, r5
 181 0032 FFF7FEFF 		bl	lv_obj_add_event_cb
 182              	.LVL23:
  30:Middlewares/lvgl/examples/widgets/keyboard/lv_example_keyboard_1.c ****     lv_textarea_set_placeholder_text(ta, "Hello");
 183              		.loc 1 30 5 view .LVU35
 184 0036 1449     		ldr	r1, .L9+4
 185 0038 2846     		mov	r0, r5
 186 003a FFF7FEFF 		bl	lv_textarea_set_placeholder_text
 187              	.LVL24:
  31:Middlewares/lvgl/examples/widgets/keyboard/lv_example_keyboard_1.c ****     lv_obj_set_size(ta, 140, 80);
 188              		.loc 1 31 5 view .LVU36
 189 003e 5022     		movs	r2, #80
 190 0040 8C21     		movs	r1, #140
 191 0042 2846     		mov	r0, r5
 192 0044 FFF7FEFF 		bl	lv_obj_set_size
 193              	.LVL25:
  32:Middlewares/lvgl/examples/widgets/keyboard/lv_example_keyboard_1.c **** 
  33:Middlewares/lvgl/examples/widgets/keyboard/lv_example_keyboard_1.c ****     ta = lv_textarea_create(lv_scr_act());
 194              		.loc 1 33 5 view .LVU37
 195              	.LBB12:
 196              	.LBI12:
 163:Middlewares/lvgl/examples/widgets/keyboard/../../../src/core/lv_disp.h **** {
 197              		.loc 2 163 26 view .LVU38
ARM GAS  /tmp/ccSRSXtv.s 			page 8


 198              	.LBB13:
 199              		.loc 2 165 5 view .LVU39
 200              		.loc 2 165 12 is_stmt 0 view .LVU40
 201 0048 FFF7FEFF 		bl	lv_disp_get_default
 202              	.LVL26:
 203 004c FFF7FEFF 		bl	lv_disp_get_scr_act
 204              	.LVL27:
 205              	.LBE13:
 206              	.LBE12:
 207              		.loc 1 33 10 view .LVU41
 208 0050 FFF7FEFF 		bl	lv_textarea_create
 209              	.LVL28:
 210 0054 0546     		mov	r5, r0
 211              	.LVL29:
  34:Middlewares/lvgl/examples/widgets/keyboard/lv_example_keyboard_1.c ****     lv_obj_align(ta, LV_ALIGN_TOP_RIGHT, -10, 10);
 212              		.loc 1 34 5 is_stmt 1 view .LVU42
 213 0056 0A23     		movs	r3, #10
 214 0058 6FF00902 		mvn	r2, #9
 215 005c 0321     		movs	r1, #3
 216 005e FFF7FEFF 		bl	lv_obj_align
 217              	.LVL30:
  35:Middlewares/lvgl/examples/widgets/keyboard/lv_example_keyboard_1.c ****     lv_obj_add_event_cb(ta, ta_event_cb, LV_EVENT_ALL, kb);
 218              		.loc 1 35 5 view .LVU43
 219 0062 2346     		mov	r3, r4
 220 0064 0022     		movs	r2, #0
 221 0066 3146     		mov	r1, r6
 222 0068 2846     		mov	r0, r5
 223 006a FFF7FEFF 		bl	lv_obj_add_event_cb
 224              	.LVL31:
  36:Middlewares/lvgl/examples/widgets/keyboard/lv_example_keyboard_1.c ****     lv_obj_set_size(ta, 140, 80);
 225              		.loc 1 36 5 view .LVU44
 226 006e 5022     		movs	r2, #80
 227 0070 8C21     		movs	r1, #140
 228 0072 2846     		mov	r0, r5
 229 0074 FFF7FEFF 		bl	lv_obj_set_size
 230              	.LVL32:
  37:Middlewares/lvgl/examples/widgets/keyboard/lv_example_keyboard_1.c **** 
  38:Middlewares/lvgl/examples/widgets/keyboard/lv_example_keyboard_1.c ****     lv_keyboard_set_textarea(kb, ta);
 231              		.loc 1 38 5 view .LVU45
 232 0078 2946     		mov	r1, r5
 233 007a 2046     		mov	r0, r4
 234 007c FFF7FEFF 		bl	lv_keyboard_set_textarea
 235              	.LVL33:
  39:Middlewares/lvgl/examples/widgets/keyboard/lv_example_keyboard_1.c **** }
 236              		.loc 1 39 1 is_stmt 0 view .LVU46
 237 0080 70BD     		pop	{r4, r5, r6, pc}
 238              	.LVL34:
 239              	.L10:
 240              		.loc 1 39 1 view .LVU47
 241 0082 00BF     		.align	2
 242              	.L9:
 243 0084 00000000 		.word	ta_event_cb
 244 0088 00000000 		.word	.LC0
 245              		.cfi_endproc
 246              	.LFE185:
 248              		.text
 249              	.Letext0:
ARM GAS  /tmp/ccSRSXtv.s 			page 9


 250              		.file 3 "/home/akinya/gcc-arm-none-eabi/arm-none-eabi/include/machine/_default_types.h"
 251              		.file 4 "/home/akinya/gcc-arm-none-eabi/arm-none-eabi/include/sys/_stdint.h"
 252              		.file 5 "Middlewares/lvgl/examples/widgets/keyboard/../../../src/misc/lv_ll.h"
 253              		.file 6 "Middlewares/lvgl/examples/widgets/keyboard/../../../src/hal/../misc/lv_color.h"
 254              		.file 7 "Middlewares/lvgl/examples/widgets/keyboard/../../../src/hal/../misc/lv_area.h"
 255              		.file 8 "Middlewares/lvgl/examples/widgets/keyboard/../../../src/core/lv_obj.h"
 256              		.file 9 "Middlewares/lvgl/examples/widgets/keyboard/../../../src/core/lv_group.h"
 257              		.file 10 "Middlewares/lvgl/examples/widgets/keyboard/../../../src/core/../misc/lv_style.h"
 258              		.file 11 "Middlewares/lvgl/examples/widgets/keyboard/../../../src/core/lv_obj_scroll.h"
 259              		.file 12 "Middlewares/lvgl/examples/widgets/keyboard/../../../src/core/lv_obj_style.h"
 260              		.file 13 "Middlewares/lvgl/examples/widgets/keyboard/../../../src/core/lv_obj_class.h"
 261              		.file 14 "Middlewares/lvgl/examples/widgets/keyboard/../../../src/core/lv_event.h"
 262              		.file 15 "Middlewares/lvgl/examples/widgets/keyboard/../../../src/hal/lv_hal_disp.h"
 263              		.file 16 "Middlewares/lvgl/examples/widgets/keyboard/../../../src/extra/widgets/keyboard/lv_keyboa
 264              		.file 17 "Middlewares/lvgl/examples/widgets/keyboard/../../../src/widgets/lv_textarea.h"
 265              		.file 18 "Middlewares/lvgl/examples/widgets/keyboard/../../../src/core/lv_obj_pos.h"
ARM GAS  /tmp/ccSRSXtv.s 			page 10


DEFINED SYMBOLS
                            *ABS*:0000000000000000 lv_example_keyboard_1.c
     /tmp/ccSRSXtv.s:17     .text.ta_event_cb:0000000000000000 $t
     /tmp/ccSRSXtv.s:24     .text.ta_event_cb:0000000000000000 ta_event_cb
     /tmp/ccSRSXtv.s:106    .rodata.lv_example_keyboard_1.str1.4:0000000000000000 $d
     /tmp/ccSRSXtv.s:110    .text.lv_example_keyboard_1:0000000000000000 $t
     /tmp/ccSRSXtv.s:117    .text.lv_example_keyboard_1:0000000000000000 lv_example_keyboard_1
     /tmp/ccSRSXtv.s:243    .text.lv_example_keyboard_1:0000000000000084 $d

UNDEFINED SYMBOLS
lv_event_get_code
lv_event_get_target
lv_event_get_user_data
lv_keyboard_set_textarea
lv_obj_clear_flag
lv_obj_add_flag
lv_disp_get_default
lv_disp_get_scr_act
lv_keyboard_create
lv_textarea_create
lv_obj_align
lv_obj_add_event_cb
lv_textarea_set_placeholder_text
lv_obj_set_size
