ARM GAS  /tmp/cc942tXR.s 			page 1


   1              		.cpu cortex-m7
   2              		.eabi_attribute 28, 1
   3              		.eabi_attribute 20, 1
   4              		.eabi_attribute 21, 1
   5              		.eabi_attribute 23, 3
   6              		.eabi_attribute 24, 1
   7              		.eabi_attribute 25, 1
   8              		.eabi_attribute 26, 1
   9              		.eabi_attribute 30, 1
  10              		.eabi_attribute 34, 1
  11              		.eabi_attribute 18, 4
  12              		.file	"lv_example_scroll_6.c"
  13              		.text
  14              	.Ltext0:
  15              		.cfi_sections	.debug_frame
  16              		.section	.text.scroll_event_cb,"ax",%progbits
  17              		.align	1
  18              		.arch armv7e-m
  19              		.syntax unified
  20              		.thumb
  21              		.thumb_func
  22              		.fpu fpv5-d16
  24              	scroll_event_cb:
  25              	.LVL0:
  26              	.LFB184:
  27              		.file 1 "Middlewares/lvgl/examples/scroll/lv_example_scroll_6.c"
   1:Middlewares/lvgl/examples/scroll/lv_example_scroll_6.c **** #include "../lv_examples.h"
   2:Middlewares/lvgl/examples/scroll/lv_example_scroll_6.c **** #if LV_BUILD_EXAMPLES
   3:Middlewares/lvgl/examples/scroll/lv_example_scroll_6.c **** 
   4:Middlewares/lvgl/examples/scroll/lv_example_scroll_6.c **** static void scroll_event_cb(lv_event_t * e)
   5:Middlewares/lvgl/examples/scroll/lv_example_scroll_6.c **** {
  28              		.loc 1 5 1 view -0
  29              		.cfi_startproc
  30              		@ args = 0, pretend = 0, frame = 24
  31              		@ frame_needed = 0, uses_anonymous_args = 0
  32              		.loc 1 5 1 is_stmt 0 view .LVU1
  33 0000 2DE9F04F 		push	{r4, r5, r6, r7, r8, r9, r10, fp, lr}
  34              	.LCFI0:
  35              		.cfi_def_cfa_offset 36
  36              		.cfi_offset 4, -36
  37              		.cfi_offset 5, -32
  38              		.cfi_offset 6, -28
  39              		.cfi_offset 7, -24
  40              		.cfi_offset 8, -20
  41              		.cfi_offset 9, -16
  42              		.cfi_offset 10, -12
  43              		.cfi_offset 11, -8
  44              		.cfi_offset 14, -4
  45 0004 89B0     		sub	sp, sp, #36
  46              	.LCFI1:
  47              		.cfi_def_cfa_offset 72
   6:Middlewares/lvgl/examples/scroll/lv_example_scroll_6.c ****     lv_obj_t * cont = lv_event_get_target(e);
  48              		.loc 1 6 5 is_stmt 1 view .LVU2
  49              		.loc 1 6 23 is_stmt 0 view .LVU3
  50 0006 FFF7FEFF 		bl	lv_event_get_target
  51              	.LVL1:
  52              		.loc 1 6 23 view .LVU4
ARM GAS  /tmp/cc942tXR.s 			page 2


  53 000a 8146     		mov	r9, r0
  54              	.LVL2:
   7:Middlewares/lvgl/examples/scroll/lv_example_scroll_6.c **** 
   8:Middlewares/lvgl/examples/scroll/lv_example_scroll_6.c ****     lv_area_t cont_a;
  55              		.loc 1 8 5 is_stmt 1 view .LVU5
   9:Middlewares/lvgl/examples/scroll/lv_example_scroll_6.c ****     lv_obj_get_coords(cont, &cont_a);
  56              		.loc 1 9 5 view .LVU6
  57 000c 06A9     		add	r1, sp, #24
  58 000e FFF7FEFF 		bl	lv_obj_get_coords
  59              	.LVL3:
  10:Middlewares/lvgl/examples/scroll/lv_example_scroll_6.c ****     lv_coord_t cont_y_center = cont_a.y1 + lv_area_get_height(&cont_a) / 2;
  60              		.loc 1 10 5 view .LVU7
  61              		.loc 1 10 38 is_stmt 0 view .LVU8
  62 0012 BDF81A80 		ldrh	r8, [sp, #26]
  63              	.LVL4:
  64              	.LBB13:
  65              	.LBI13:
  66              		.file 2 "Middlewares/lvgl/examples/scroll/../../src/hal/../misc/lv_area.h"
   1:Middlewares/lvgl/examples/scroll/../../src/hal/../misc/lv_area.h **** /**
   2:Middlewares/lvgl/examples/scroll/../../src/hal/../misc/lv_area.h ****  * @file lv_area.h
   3:Middlewares/lvgl/examples/scroll/../../src/hal/../misc/lv_area.h ****  *
   4:Middlewares/lvgl/examples/scroll/../../src/hal/../misc/lv_area.h ****  */
   5:Middlewares/lvgl/examples/scroll/../../src/hal/../misc/lv_area.h **** 
   6:Middlewares/lvgl/examples/scroll/../../src/hal/../misc/lv_area.h **** #ifndef LV_AREA_H
   7:Middlewares/lvgl/examples/scroll/../../src/hal/../misc/lv_area.h **** #define LV_AREA_H
   8:Middlewares/lvgl/examples/scroll/../../src/hal/../misc/lv_area.h **** 
   9:Middlewares/lvgl/examples/scroll/../../src/hal/../misc/lv_area.h **** #ifdef __cplusplus
  10:Middlewares/lvgl/examples/scroll/../../src/hal/../misc/lv_area.h **** extern "C" {
  11:Middlewares/lvgl/examples/scroll/../../src/hal/../misc/lv_area.h **** #endif
  12:Middlewares/lvgl/examples/scroll/../../src/hal/../misc/lv_area.h **** 
  13:Middlewares/lvgl/examples/scroll/../../src/hal/../misc/lv_area.h **** /*********************
  14:Middlewares/lvgl/examples/scroll/../../src/hal/../misc/lv_area.h ****  *      INCLUDES
  15:Middlewares/lvgl/examples/scroll/../../src/hal/../misc/lv_area.h ****  *********************/
  16:Middlewares/lvgl/examples/scroll/../../src/hal/../misc/lv_area.h **** #include "../lv_conf_internal.h"
  17:Middlewares/lvgl/examples/scroll/../../src/hal/../misc/lv_area.h **** #include <string.h>
  18:Middlewares/lvgl/examples/scroll/../../src/hal/../misc/lv_area.h **** #include <stdbool.h>
  19:Middlewares/lvgl/examples/scroll/../../src/hal/../misc/lv_area.h **** #include <stdint.h>
  20:Middlewares/lvgl/examples/scroll/../../src/hal/../misc/lv_area.h **** 
  21:Middlewares/lvgl/examples/scroll/../../src/hal/../misc/lv_area.h **** /*********************
  22:Middlewares/lvgl/examples/scroll/../../src/hal/../misc/lv_area.h ****  *      DEFINES
  23:Middlewares/lvgl/examples/scroll/../../src/hal/../misc/lv_area.h ****  *********************/
  24:Middlewares/lvgl/examples/scroll/../../src/hal/../misc/lv_area.h **** 
  25:Middlewares/lvgl/examples/scroll/../../src/hal/../misc/lv_area.h **** #define _LV_COORD_MAX_REDUCE    8192
  26:Middlewares/lvgl/examples/scroll/../../src/hal/../misc/lv_area.h **** 
  27:Middlewares/lvgl/examples/scroll/../../src/hal/../misc/lv_area.h **** #if LV_USE_LARGE_COORD
  28:Middlewares/lvgl/examples/scroll/../../src/hal/../misc/lv_area.h **** typedef int32_t lv_coord_t;
  29:Middlewares/lvgl/examples/scroll/../../src/hal/../misc/lv_area.h **** #else
  30:Middlewares/lvgl/examples/scroll/../../src/hal/../misc/lv_area.h **** typedef int16_t lv_coord_t;
  31:Middlewares/lvgl/examples/scroll/../../src/hal/../misc/lv_area.h **** #endif
  32:Middlewares/lvgl/examples/scroll/../../src/hal/../misc/lv_area.h **** 
  33:Middlewares/lvgl/examples/scroll/../../src/hal/../misc/lv_area.h **** /*To allow some special values in the end reduce the max value*/
  34:Middlewares/lvgl/examples/scroll/../../src/hal/../misc/lv_area.h **** #define LV_COORD_MAX ((lv_coord_t)((uint32_t)((uint32_t)1 << (8 * sizeof(lv_coord_t) - 1)) - _LV_CO
  35:Middlewares/lvgl/examples/scroll/../../src/hal/../misc/lv_area.h **** #define LV_COORD_MIN (-LV_COORD_MAX)
  36:Middlewares/lvgl/examples/scroll/../../src/hal/../misc/lv_area.h **** 
  37:Middlewares/lvgl/examples/scroll/../../src/hal/../misc/lv_area.h **** LV_EXPORT_CONST_INT(LV_COORD_MAX);
  38:Middlewares/lvgl/examples/scroll/../../src/hal/../misc/lv_area.h **** LV_EXPORT_CONST_INT(LV_COORD_MIN);
  39:Middlewares/lvgl/examples/scroll/../../src/hal/../misc/lv_area.h **** 
ARM GAS  /tmp/cc942tXR.s 			page 3


  40:Middlewares/lvgl/examples/scroll/../../src/hal/../misc/lv_area.h **** /**********************
  41:Middlewares/lvgl/examples/scroll/../../src/hal/../misc/lv_area.h ****  *      TYPEDEFS
  42:Middlewares/lvgl/examples/scroll/../../src/hal/../misc/lv_area.h ****  **********************/
  43:Middlewares/lvgl/examples/scroll/../../src/hal/../misc/lv_area.h **** 
  44:Middlewares/lvgl/examples/scroll/../../src/hal/../misc/lv_area.h **** /**
  45:Middlewares/lvgl/examples/scroll/../../src/hal/../misc/lv_area.h ****  * Represents a point on the screen.
  46:Middlewares/lvgl/examples/scroll/../../src/hal/../misc/lv_area.h ****  */
  47:Middlewares/lvgl/examples/scroll/../../src/hal/../misc/lv_area.h **** typedef struct {
  48:Middlewares/lvgl/examples/scroll/../../src/hal/../misc/lv_area.h ****     lv_coord_t x;
  49:Middlewares/lvgl/examples/scroll/../../src/hal/../misc/lv_area.h ****     lv_coord_t y;
  50:Middlewares/lvgl/examples/scroll/../../src/hal/../misc/lv_area.h **** } lv_point_t;
  51:Middlewares/lvgl/examples/scroll/../../src/hal/../misc/lv_area.h **** 
  52:Middlewares/lvgl/examples/scroll/../../src/hal/../misc/lv_area.h **** /** Represents an area of the screen.*/
  53:Middlewares/lvgl/examples/scroll/../../src/hal/../misc/lv_area.h **** typedef struct {
  54:Middlewares/lvgl/examples/scroll/../../src/hal/../misc/lv_area.h ****     lv_coord_t x1;
  55:Middlewares/lvgl/examples/scroll/../../src/hal/../misc/lv_area.h ****     lv_coord_t y1;
  56:Middlewares/lvgl/examples/scroll/../../src/hal/../misc/lv_area.h ****     lv_coord_t x2;
  57:Middlewares/lvgl/examples/scroll/../../src/hal/../misc/lv_area.h ****     lv_coord_t y2;
  58:Middlewares/lvgl/examples/scroll/../../src/hal/../misc/lv_area.h **** } lv_area_t;
  59:Middlewares/lvgl/examples/scroll/../../src/hal/../misc/lv_area.h **** 
  60:Middlewares/lvgl/examples/scroll/../../src/hal/../misc/lv_area.h **** /** Alignments*/
  61:Middlewares/lvgl/examples/scroll/../../src/hal/../misc/lv_area.h **** enum {
  62:Middlewares/lvgl/examples/scroll/../../src/hal/../misc/lv_area.h ****     LV_ALIGN_DEFAULT = 0,
  63:Middlewares/lvgl/examples/scroll/../../src/hal/../misc/lv_area.h ****     LV_ALIGN_TOP_LEFT,
  64:Middlewares/lvgl/examples/scroll/../../src/hal/../misc/lv_area.h ****     LV_ALIGN_TOP_MID,
  65:Middlewares/lvgl/examples/scroll/../../src/hal/../misc/lv_area.h ****     LV_ALIGN_TOP_RIGHT,
  66:Middlewares/lvgl/examples/scroll/../../src/hal/../misc/lv_area.h ****     LV_ALIGN_BOTTOM_LEFT,
  67:Middlewares/lvgl/examples/scroll/../../src/hal/../misc/lv_area.h ****     LV_ALIGN_BOTTOM_MID,
  68:Middlewares/lvgl/examples/scroll/../../src/hal/../misc/lv_area.h ****     LV_ALIGN_BOTTOM_RIGHT,
  69:Middlewares/lvgl/examples/scroll/../../src/hal/../misc/lv_area.h ****     LV_ALIGN_LEFT_MID,
  70:Middlewares/lvgl/examples/scroll/../../src/hal/../misc/lv_area.h ****     LV_ALIGN_RIGHT_MID,
  71:Middlewares/lvgl/examples/scroll/../../src/hal/../misc/lv_area.h ****     LV_ALIGN_CENTER,
  72:Middlewares/lvgl/examples/scroll/../../src/hal/../misc/lv_area.h **** 
  73:Middlewares/lvgl/examples/scroll/../../src/hal/../misc/lv_area.h ****     LV_ALIGN_OUT_TOP_LEFT,
  74:Middlewares/lvgl/examples/scroll/../../src/hal/../misc/lv_area.h ****     LV_ALIGN_OUT_TOP_MID,
  75:Middlewares/lvgl/examples/scroll/../../src/hal/../misc/lv_area.h ****     LV_ALIGN_OUT_TOP_RIGHT,
  76:Middlewares/lvgl/examples/scroll/../../src/hal/../misc/lv_area.h ****     LV_ALIGN_OUT_BOTTOM_LEFT,
  77:Middlewares/lvgl/examples/scroll/../../src/hal/../misc/lv_area.h ****     LV_ALIGN_OUT_BOTTOM_MID,
  78:Middlewares/lvgl/examples/scroll/../../src/hal/../misc/lv_area.h ****     LV_ALIGN_OUT_BOTTOM_RIGHT,
  79:Middlewares/lvgl/examples/scroll/../../src/hal/../misc/lv_area.h ****     LV_ALIGN_OUT_LEFT_TOP,
  80:Middlewares/lvgl/examples/scroll/../../src/hal/../misc/lv_area.h ****     LV_ALIGN_OUT_LEFT_MID,
  81:Middlewares/lvgl/examples/scroll/../../src/hal/../misc/lv_area.h ****     LV_ALIGN_OUT_LEFT_BOTTOM,
  82:Middlewares/lvgl/examples/scroll/../../src/hal/../misc/lv_area.h ****     LV_ALIGN_OUT_RIGHT_TOP,
  83:Middlewares/lvgl/examples/scroll/../../src/hal/../misc/lv_area.h ****     LV_ALIGN_OUT_RIGHT_MID,
  84:Middlewares/lvgl/examples/scroll/../../src/hal/../misc/lv_area.h ****     LV_ALIGN_OUT_RIGHT_BOTTOM,
  85:Middlewares/lvgl/examples/scroll/../../src/hal/../misc/lv_area.h **** };
  86:Middlewares/lvgl/examples/scroll/../../src/hal/../misc/lv_area.h **** typedef uint8_t lv_align_t;
  87:Middlewares/lvgl/examples/scroll/../../src/hal/../misc/lv_area.h **** 
  88:Middlewares/lvgl/examples/scroll/../../src/hal/../misc/lv_area.h **** enum {
  89:Middlewares/lvgl/examples/scroll/../../src/hal/../misc/lv_area.h ****     LV_DIR_NONE     = 0x00,
  90:Middlewares/lvgl/examples/scroll/../../src/hal/../misc/lv_area.h ****     LV_DIR_LEFT     = (1 << 0),
  91:Middlewares/lvgl/examples/scroll/../../src/hal/../misc/lv_area.h ****     LV_DIR_RIGHT    = (1 << 1),
  92:Middlewares/lvgl/examples/scroll/../../src/hal/../misc/lv_area.h ****     LV_DIR_TOP      = (1 << 2),
  93:Middlewares/lvgl/examples/scroll/../../src/hal/../misc/lv_area.h ****     LV_DIR_BOTTOM   = (1 << 3),
  94:Middlewares/lvgl/examples/scroll/../../src/hal/../misc/lv_area.h ****     LV_DIR_HOR      = LV_DIR_LEFT | LV_DIR_RIGHT,
  95:Middlewares/lvgl/examples/scroll/../../src/hal/../misc/lv_area.h ****     LV_DIR_VER      = LV_DIR_TOP | LV_DIR_BOTTOM,
  96:Middlewares/lvgl/examples/scroll/../../src/hal/../misc/lv_area.h ****     LV_DIR_ALL      = LV_DIR_HOR | LV_DIR_VER,
ARM GAS  /tmp/cc942tXR.s 			page 4


  97:Middlewares/lvgl/examples/scroll/../../src/hal/../misc/lv_area.h **** };
  98:Middlewares/lvgl/examples/scroll/../../src/hal/../misc/lv_area.h **** 
  99:Middlewares/lvgl/examples/scroll/../../src/hal/../misc/lv_area.h **** typedef uint8_t lv_dir_t;
 100:Middlewares/lvgl/examples/scroll/../../src/hal/../misc/lv_area.h **** 
 101:Middlewares/lvgl/examples/scroll/../../src/hal/../misc/lv_area.h **** /**********************
 102:Middlewares/lvgl/examples/scroll/../../src/hal/../misc/lv_area.h ****  * GLOBAL PROTOTYPES
 103:Middlewares/lvgl/examples/scroll/../../src/hal/../misc/lv_area.h ****  **********************/
 104:Middlewares/lvgl/examples/scroll/../../src/hal/../misc/lv_area.h **** 
 105:Middlewares/lvgl/examples/scroll/../../src/hal/../misc/lv_area.h **** /**
 106:Middlewares/lvgl/examples/scroll/../../src/hal/../misc/lv_area.h ****  * Initialize an area
 107:Middlewares/lvgl/examples/scroll/../../src/hal/../misc/lv_area.h ****  * @param area_p pointer to an area
 108:Middlewares/lvgl/examples/scroll/../../src/hal/../misc/lv_area.h ****  * @param x1 left coordinate of the area
 109:Middlewares/lvgl/examples/scroll/../../src/hal/../misc/lv_area.h ****  * @param y1 top coordinate of the area
 110:Middlewares/lvgl/examples/scroll/../../src/hal/../misc/lv_area.h ****  * @param x2 right coordinate of the area
 111:Middlewares/lvgl/examples/scroll/../../src/hal/../misc/lv_area.h ****  * @param y2 bottom coordinate of the area
 112:Middlewares/lvgl/examples/scroll/../../src/hal/../misc/lv_area.h ****  */
 113:Middlewares/lvgl/examples/scroll/../../src/hal/../misc/lv_area.h **** void lv_area_set(lv_area_t * area_p, lv_coord_t x1, lv_coord_t y1, lv_coord_t x2, lv_coord_t y2);
 114:Middlewares/lvgl/examples/scroll/../../src/hal/../misc/lv_area.h **** 
 115:Middlewares/lvgl/examples/scroll/../../src/hal/../misc/lv_area.h **** /**
 116:Middlewares/lvgl/examples/scroll/../../src/hal/../misc/lv_area.h ****  * Copy an area
 117:Middlewares/lvgl/examples/scroll/../../src/hal/../misc/lv_area.h ****  * @param dest pointer to the destination area
 118:Middlewares/lvgl/examples/scroll/../../src/hal/../misc/lv_area.h ****  * @param src pointer to the source area
 119:Middlewares/lvgl/examples/scroll/../../src/hal/../misc/lv_area.h ****  */
 120:Middlewares/lvgl/examples/scroll/../../src/hal/../misc/lv_area.h **** inline static void lv_area_copy(lv_area_t * dest, const lv_area_t * src)
 121:Middlewares/lvgl/examples/scroll/../../src/hal/../misc/lv_area.h **** {
 122:Middlewares/lvgl/examples/scroll/../../src/hal/../misc/lv_area.h ****     dest->x1 = src->x1;
 123:Middlewares/lvgl/examples/scroll/../../src/hal/../misc/lv_area.h ****     dest->y1 = src->y1;
 124:Middlewares/lvgl/examples/scroll/../../src/hal/../misc/lv_area.h ****     dest->x2 = src->x2;
 125:Middlewares/lvgl/examples/scroll/../../src/hal/../misc/lv_area.h ****     dest->y2 = src->y2;
 126:Middlewares/lvgl/examples/scroll/../../src/hal/../misc/lv_area.h **** }
 127:Middlewares/lvgl/examples/scroll/../../src/hal/../misc/lv_area.h **** 
 128:Middlewares/lvgl/examples/scroll/../../src/hal/../misc/lv_area.h **** /**
 129:Middlewares/lvgl/examples/scroll/../../src/hal/../misc/lv_area.h ****  * Get the width of an area
 130:Middlewares/lvgl/examples/scroll/../../src/hal/../misc/lv_area.h ****  * @param area_p pointer to an area
 131:Middlewares/lvgl/examples/scroll/../../src/hal/../misc/lv_area.h ****  * @return the width of the area (if x1 == x2 -> width = 1)
 132:Middlewares/lvgl/examples/scroll/../../src/hal/../misc/lv_area.h ****  */
 133:Middlewares/lvgl/examples/scroll/../../src/hal/../misc/lv_area.h **** static inline lv_coord_t lv_area_get_width(const lv_area_t * area_p)
 134:Middlewares/lvgl/examples/scroll/../../src/hal/../misc/lv_area.h **** {
 135:Middlewares/lvgl/examples/scroll/../../src/hal/../misc/lv_area.h ****     return (lv_coord_t)(area_p->x2 - area_p->x1 + 1);
 136:Middlewares/lvgl/examples/scroll/../../src/hal/../misc/lv_area.h **** }
 137:Middlewares/lvgl/examples/scroll/../../src/hal/../misc/lv_area.h **** 
 138:Middlewares/lvgl/examples/scroll/../../src/hal/../misc/lv_area.h **** /**
 139:Middlewares/lvgl/examples/scroll/../../src/hal/../misc/lv_area.h ****  * Get the height of an area
 140:Middlewares/lvgl/examples/scroll/../../src/hal/../misc/lv_area.h ****  * @param area_p pointer to an area
 141:Middlewares/lvgl/examples/scroll/../../src/hal/../misc/lv_area.h ****  * @return the height of the area (if y1 == y2 -> height = 1)
 142:Middlewares/lvgl/examples/scroll/../../src/hal/../misc/lv_area.h ****  */
 143:Middlewares/lvgl/examples/scroll/../../src/hal/../misc/lv_area.h **** static inline lv_coord_t lv_area_get_height(const lv_area_t * area_p)
  67              		.loc 2 143 26 is_stmt 1 view .LVU9
  68              	.LBB14:
 144:Middlewares/lvgl/examples/scroll/../../src/hal/../misc/lv_area.h **** {
 145:Middlewares/lvgl/examples/scroll/../../src/hal/../misc/lv_area.h ****     return (lv_coord_t)(area_p->y2 - area_p->y1 + 1);
  69              		.loc 2 145 5 view .LVU10
  70              		.loc 2 145 31 is_stmt 0 view .LVU11
  71 0016 BDF81E30 		ldrh	r3, [sp, #30]
  72              		.loc 2 145 36 view .LVU12
  73 001a A3EB0803 		sub	r3, r3, r8
  74 001e 9BB2     		uxth	r3, r3
ARM GAS  /tmp/cc942tXR.s 			page 5


  75              		.loc 2 145 49 view .LVU13
  76 0020 0133     		adds	r3, r3, #1
  77              		.loc 2 145 12 view .LVU14
  78 0022 1BB2     		sxth	r3, r3
  79              	.LVL5:
  80              		.loc 2 145 12 view .LVU15
  81              	.LBE14:
  82              	.LBE13:
  83              		.loc 1 10 42 view .LVU16
  84 0024 002B     		cmp	r3, #0
  85 0026 15DB     		blt	.L9
  86              	.L2:
  87 0028 08EB6308 		add	r8, r8, r3, asr #1
  88 002c 1FFA88F8 		uxth	r8, r8
  89              	.LVL6:
  11:Middlewares/lvgl/examples/scroll/lv_example_scroll_6.c **** 
  12:Middlewares/lvgl/examples/scroll/lv_example_scroll_6.c ****     lv_coord_t r = lv_obj_get_height(cont) * 7 / 10;
  90              		.loc 1 12 5 is_stmt 1 view .LVU17
  91              		.loc 1 12 20 is_stmt 0 view .LVU18
  92 0030 4846     		mov	r0, r9
  93 0032 FFF7FEFF 		bl	lv_obj_get_height
  94              	.LVL7:
  95              		.loc 1 12 44 view .LVU19
  96 0036 C0EBC000 		rsb	r0, r0, r0, lsl #3
  97              		.loc 1 12 48 view .LVU20
  98 003a 304F     		ldr	r7, .L12
  99 003c 87FB0037 		smull	r3, r7, r7, r0
 100 0040 C017     		asrs	r0, r0, #31
 101 0042 C0EBA707 		rsb	r7, r0, r7, asr #2
 102              		.loc 1 12 16 view .LVU21
 103 0046 3EB2     		sxth	r6, r7
 104              	.LVL8:
  13:Middlewares/lvgl/examples/scroll/lv_example_scroll_6.c ****     uint32_t i;
 105              		.loc 1 13 5 is_stmt 1 view .LVU22
  14:Middlewares/lvgl/examples/scroll/lv_example_scroll_6.c ****     uint32_t child_cnt = lv_obj_get_child_cnt(cont);
 106              		.loc 1 14 5 view .LVU23
 107              		.loc 1 14 26 is_stmt 0 view .LVU24
 108 0048 4846     		mov	r0, r9
 109 004a FFF7FEFF 		bl	lv_obj_get_child_cnt
 110              	.LVL9:
 111 004e 8246     		mov	r10, r0
 112              	.LVL10:
  15:Middlewares/lvgl/examples/scroll/lv_example_scroll_6.c ****     for(i = 0; i < child_cnt; i++) {
 113              		.loc 1 15 5 is_stmt 1 view .LVU25
 114              		.loc 1 15 11 is_stmt 0 view .LVU26
 115 0050 0025     		movs	r5, #0
 116              		.loc 1 15 5 view .LVU27
 117 0052 24E0     		b	.L3
 118              	.LVL11:
 119              	.L9:
  10:Middlewares/lvgl/examples/scroll/lv_example_scroll_6.c **** 
 120              		.loc 1 10 42 view .LVU28
 121 0054 0133     		adds	r3, r3, #1
 122 0056 E7E7     		b	.L2
 123              	.LVL12:
 124              	.L4:
 125              	.LBB15:
ARM GAS  /tmp/cc942tXR.s 			page 6


  16:Middlewares/lvgl/examples/scroll/lv_example_scroll_6.c ****         lv_obj_t * child = lv_obj_get_child(cont, i);
  17:Middlewares/lvgl/examples/scroll/lv_example_scroll_6.c ****         lv_area_t child_a;
  18:Middlewares/lvgl/examples/scroll/lv_example_scroll_6.c ****         lv_obj_get_coords(child, &child_a);
  19:Middlewares/lvgl/examples/scroll/lv_example_scroll_6.c **** 
  20:Middlewares/lvgl/examples/scroll/lv_example_scroll_6.c ****         lv_coord_t child_y_center = child_a.y1 + lv_area_get_height(&child_a) / 2;
 126              		.loc 1 20 48 view .LVU29
 127 0058 03EB6203 		add	r3, r3, r2, asr #1
 128 005c 9BB2     		uxth	r3, r3
 129              	.LVL13:
  21:Middlewares/lvgl/examples/scroll/lv_example_scroll_6.c **** 
  22:Middlewares/lvgl/examples/scroll/lv_example_scroll_6.c ****         lv_coord_t diff_y = child_y_center - cont_y_center;
 130              		.loc 1 22 9 is_stmt 1 view .LVU30
 131              		.loc 1 22 44 is_stmt 0 view .LVU31
 132 005e A3EB0803 		sub	r3, r3, r8
 133              	.LVL14:
 134              		.loc 1 22 44 view .LVU32
 135 0062 98B2     		uxth	r0, r3
 136              		.loc 1 22 20 view .LVU33
 137 0064 1BB2     		sxth	r3, r3
 138              	.LVL15:
  23:Middlewares/lvgl/examples/scroll/lv_example_scroll_6.c ****         diff_y = LV_ABS(diff_y);
 139              		.loc 1 23 9 is_stmt 1 view .LVU34
 140              		.loc 1 23 18 is_stmt 0 view .LVU35
 141 0066 002B     		cmp	r3, #0
 142 0068 B8BF     		it	lt
 143 006a 5B42     		rsblt	r3, r3, #0
 144              	.LVL16:
 145              		.loc 1 23 16 view .LVU36
 146 006c 1BB2     		sxth	r3, r3
 147              	.LVL17:
  24:Middlewares/lvgl/examples/scroll/lv_example_scroll_6.c **** 
  25:Middlewares/lvgl/examples/scroll/lv_example_scroll_6.c ****         /*Get the x of diff_y on a circle.*/
  26:Middlewares/lvgl/examples/scroll/lv_example_scroll_6.c ****         lv_coord_t x;
 148              		.loc 1 26 9 is_stmt 1 view .LVU37
  27:Middlewares/lvgl/examples/scroll/lv_example_scroll_6.c ****         /*If diff_y is out of the circle use the last point of the circle (the radius)*/
  28:Middlewares/lvgl/examples/scroll/lv_example_scroll_6.c ****         if(diff_y >= r) {
 149              		.loc 1 28 9 view .LVU38
 150              		.loc 1 28 11 is_stmt 0 view .LVU39
 151 006e 9E42     		cmp	r6, r3
 152 0070 2BDC     		bgt	.L10
  29:Middlewares/lvgl/examples/scroll/lv_example_scroll_6.c ****             x = r;
 153              		.loc 1 29 15 view .LVU40
 154 0072 B346     		mov	fp, r6
 155              	.LVL18:
 156              	.L5:
  30:Middlewares/lvgl/examples/scroll/lv_example_scroll_6.c ****         } else {
  31:Middlewares/lvgl/examples/scroll/lv_example_scroll_6.c ****             /*Use Pythagoras theorem to get x from radius and y*/
  32:Middlewares/lvgl/examples/scroll/lv_example_scroll_6.c ****             lv_coord_t x_sqr = r * r - diff_y * diff_y;
  33:Middlewares/lvgl/examples/scroll/lv_example_scroll_6.c ****             lv_sqrt_res_t res;
  34:Middlewares/lvgl/examples/scroll/lv_example_scroll_6.c ****             lv_sqrt(x_sqr, &res, 0x8000);   /*Use lvgl's built in sqrt root function*/
  35:Middlewares/lvgl/examples/scroll/lv_example_scroll_6.c ****             x = r - res.i;
  36:Middlewares/lvgl/examples/scroll/lv_example_scroll_6.c ****         }
  37:Middlewares/lvgl/examples/scroll/lv_example_scroll_6.c **** 
  38:Middlewares/lvgl/examples/scroll/lv_example_scroll_6.c ****         /*Translate the item by the calculated X coordinate*/
  39:Middlewares/lvgl/examples/scroll/lv_example_scroll_6.c ****         lv_obj_set_style_translate_x(child, x, 0);
 157              		.loc 1 39 9 is_stmt 1 discriminator 2 view .LVU41
 158 0074 0022     		movs	r2, #0
ARM GAS  /tmp/cc942tXR.s 			page 7


 159 0076 5946     		mov	r1, fp
 160 0078 2046     		mov	r0, r4
 161 007a FFF7FEFF 		bl	lv_obj_set_style_translate_x
 162              	.LVL19:
  40:Middlewares/lvgl/examples/scroll/lv_example_scroll_6.c **** 
  41:Middlewares/lvgl/examples/scroll/lv_example_scroll_6.c ****         /*Use some opacity with larger translations*/
  42:Middlewares/lvgl/examples/scroll/lv_example_scroll_6.c ****         lv_opa_t opa = lv_map(x, 0, r, LV_OPA_TRANSP, LV_OPA_COVER);
 163              		.loc 1 42 9 discriminator 2 view .LVU42
 164              		.loc 1 42 24 is_stmt 0 discriminator 2 view .LVU43
 165 007e FF23     		movs	r3, #255
 166 0080 0093     		str	r3, [sp]
 167 0082 0023     		movs	r3, #0
 168 0084 3246     		mov	r2, r6
 169 0086 1946     		mov	r1, r3
 170 0088 5846     		mov	r0, fp
 171 008a FFF7FEFF 		bl	lv_map
 172              	.LVL20:
 173              		.loc 1 42 18 discriminator 2 view .LVU44
 174 008e C1B2     		uxtb	r1, r0
 175              	.LVL21:
  43:Middlewares/lvgl/examples/scroll/lv_example_scroll_6.c ****         lv_obj_set_style_opa(child, LV_OPA_COVER - opa, 0);
 176              		.loc 1 43 9 is_stmt 1 discriminator 2 view .LVU45
 177 0090 C943     		mvns	r1, r1
 178              	.LVL22:
 179              		.loc 1 43 9 is_stmt 0 discriminator 2 view .LVU46
 180 0092 0022     		movs	r2, #0
 181 0094 C9B2     		uxtb	r1, r1
 182              	.LVL23:
 183              		.loc 1 43 9 discriminator 2 view .LVU47
 184 0096 2046     		mov	r0, r4
 185              	.LVL24:
 186              		.loc 1 43 9 discriminator 2 view .LVU48
 187 0098 FFF7FEFF 		bl	lv_obj_set_style_opa
 188              	.LVL25:
 189              	.LBE15:
  15:Middlewares/lvgl/examples/scroll/lv_example_scroll_6.c ****         lv_obj_t * child = lv_obj_get_child(cont, i);
 190              		.loc 1 15 31 is_stmt 1 discriminator 2 view .LVU49
  15:Middlewares/lvgl/examples/scroll/lv_example_scroll_6.c ****         lv_obj_t * child = lv_obj_get_child(cont, i);
 191              		.loc 1 15 32 is_stmt 0 discriminator 2 view .LVU50
 192 009c 0135     		adds	r5, r5, #1
 193              	.LVL26:
 194              	.L3:
  15:Middlewares/lvgl/examples/scroll/lv_example_scroll_6.c ****         lv_obj_t * child = lv_obj_get_child(cont, i);
 195              		.loc 1 15 16 is_stmt 1 discriminator 1 view .LVU51
  15:Middlewares/lvgl/examples/scroll/lv_example_scroll_6.c ****         lv_obj_t * child = lv_obj_get_child(cont, i);
 196              		.loc 1 15 5 is_stmt 0 discriminator 1 view .LVU52
 197 009e 5545     		cmp	r5, r10
 198 00a0 29D2     		bcs	.L11
 199              	.LBB19:
  16:Middlewares/lvgl/examples/scroll/lv_example_scroll_6.c ****         lv_area_t child_a;
 200              		.loc 1 16 9 is_stmt 1 view .LVU53
  16:Middlewares/lvgl/examples/scroll/lv_example_scroll_6.c ****         lv_area_t child_a;
 201              		.loc 1 16 28 is_stmt 0 view .LVU54
 202 00a2 2946     		mov	r1, r5
 203 00a4 4846     		mov	r0, r9
 204 00a6 FFF7FEFF 		bl	lv_obj_get_child
 205              	.LVL27:
ARM GAS  /tmp/cc942tXR.s 			page 8


 206 00aa 0446     		mov	r4, r0
 207              	.LVL28:
  17:Middlewares/lvgl/examples/scroll/lv_example_scroll_6.c ****         lv_obj_get_coords(child, &child_a);
 208              		.loc 1 17 9 is_stmt 1 view .LVU55
  18:Middlewares/lvgl/examples/scroll/lv_example_scroll_6.c **** 
 209              		.loc 1 18 9 view .LVU56
 210 00ac 04A9     		add	r1, sp, #16
 211 00ae FFF7FEFF 		bl	lv_obj_get_coords
 212              	.LVL29:
  20:Middlewares/lvgl/examples/scroll/lv_example_scroll_6.c **** 
 213              		.loc 1 20 9 view .LVU57
  20:Middlewares/lvgl/examples/scroll/lv_example_scroll_6.c **** 
 214              		.loc 1 20 44 is_stmt 0 view .LVU58
 215 00b2 BDF81230 		ldrh	r3, [sp, #18]
 216              	.LVL30:
 217              	.LBB16:
 218              	.LBI16:
 143:Middlewares/lvgl/examples/scroll/../../src/hal/../misc/lv_area.h **** {
 219              		.loc 2 143 26 is_stmt 1 view .LVU59
 220              	.LBB17:
 221              		.loc 2 145 5 view .LVU60
 222              		.loc 2 145 31 is_stmt 0 view .LVU61
 223 00b6 BDF81620 		ldrh	r2, [sp, #22]
 224              		.loc 2 145 36 view .LVU62
 225 00ba D21A     		subs	r2, r2, r3
 226 00bc 92B2     		uxth	r2, r2
 227              		.loc 2 145 49 view .LVU63
 228 00be 0132     		adds	r2, r2, #1
 229              		.loc 2 145 12 view .LVU64
 230 00c0 12B2     		sxth	r2, r2
 231              	.LVL31:
 232              		.loc 2 145 12 view .LVU65
 233              	.LBE17:
 234              	.LBE16:
  20:Middlewares/lvgl/examples/scroll/lv_example_scroll_6.c **** 
 235              		.loc 1 20 48 view .LVU66
 236 00c2 002A     		cmp	r2, #0
 237 00c4 C8DA     		bge	.L4
 238 00c6 0132     		adds	r2, r2, #1
 239 00c8 C6E7     		b	.L4
 240              	.LVL32:
 241              	.L10:
 242              	.LBB18:
  32:Middlewares/lvgl/examples/scroll/lv_example_scroll_6.c ****             lv_sqrt_res_t res;
 243              		.loc 1 32 13 is_stmt 1 view .LVU67
  32:Middlewares/lvgl/examples/scroll/lv_example_scroll_6.c ****             lv_sqrt_res_t res;
 244              		.loc 1 32 34 is_stmt 0 view .LVU68
 245 00ca 1FFA87FB 		uxth	fp, r7
 246 00ce 17FB07F3 		smulbb	r3, r7, r7
 247              	.LVL33:
  32:Middlewares/lvgl/examples/scroll/lv_example_scroll_6.c ****             lv_sqrt_res_t res;
 248              		.loc 1 32 34 view .LVU69
 249 00d2 9BB2     		uxth	r3, r3
  32:Middlewares/lvgl/examples/scroll/lv_example_scroll_6.c ****             lv_sqrt_res_t res;
 250              		.loc 1 32 47 view .LVU70
 251 00d4 10FB00F0 		smulbb	r0, r0, r0
 252              	.LVL34:
ARM GAS  /tmp/cc942tXR.s 			page 9


  32:Middlewares/lvgl/examples/scroll/lv_example_scroll_6.c ****             lv_sqrt_res_t res;
 253              		.loc 1 32 47 view .LVU71
 254 00d8 80B2     		uxth	r0, r0
  32:Middlewares/lvgl/examples/scroll/lv_example_scroll_6.c ****             lv_sqrt_res_t res;
 255              		.loc 1 32 38 view .LVU72
 256 00da 181A     		subs	r0, r3, r0
 257              	.LVL35:
  33:Middlewares/lvgl/examples/scroll/lv_example_scroll_6.c ****             lv_sqrt(x_sqr, &res, 0x8000);   /*Use lvgl's built in sqrt root function*/
 258              		.loc 1 33 13 is_stmt 1 view .LVU73
  34:Middlewares/lvgl/examples/scroll/lv_example_scroll_6.c ****             x = r - res.i;
 259              		.loc 1 34 13 view .LVU74
 260 00dc 4FF40042 		mov	r2, #32768
 261              	.LVL36:
  34:Middlewares/lvgl/examples/scroll/lv_example_scroll_6.c ****             x = r - res.i;
 262              		.loc 1 34 13 is_stmt 0 view .LVU75
 263 00e0 03A9     		add	r1, sp, #12
 264 00e2 00B2     		sxth	r0, r0
  34:Middlewares/lvgl/examples/scroll/lv_example_scroll_6.c ****             x = r - res.i;
 265              		.loc 1 34 13 view .LVU76
 266 00e4 FFF7FEFF 		bl	lv_sqrt
 267              	.LVL37:
  35:Middlewares/lvgl/examples/scroll/lv_example_scroll_6.c ****         }
 268              		.loc 1 35 13 is_stmt 1 view .LVU77
  35:Middlewares/lvgl/examples/scroll/lv_example_scroll_6.c ****         }
 269              		.loc 1 35 24 is_stmt 0 view .LVU78
 270 00e8 BDF80C30 		ldrh	r3, [sp, #12]
  35:Middlewares/lvgl/examples/scroll/lv_example_scroll_6.c ****         }
 271              		.loc 1 35 19 view .LVU79
 272 00ec ABEB030B 		sub	fp, fp, r3
  35:Middlewares/lvgl/examples/scroll/lv_example_scroll_6.c ****         }
 273              		.loc 1 35 15 view .LVU80
 274 00f0 0FFA8BFB 		sxth	fp, fp
 275              	.LVL38:
  35:Middlewares/lvgl/examples/scroll/lv_example_scroll_6.c ****         }
 276              		.loc 1 35 15 view .LVU81
 277 00f4 BEE7     		b	.L5
 278              	.LVL39:
 279              	.L11:
  35:Middlewares/lvgl/examples/scroll/lv_example_scroll_6.c ****         }
 280              		.loc 1 35 15 view .LVU82
 281              	.LBE18:
 282              	.LBE19:
  44:Middlewares/lvgl/examples/scroll/lv_example_scroll_6.c ****     }
  45:Middlewares/lvgl/examples/scroll/lv_example_scroll_6.c **** }
 283              		.loc 1 45 1 view .LVU83
 284 00f6 09B0     		add	sp, sp, #36
 285              	.LCFI2:
 286              		.cfi_def_cfa_offset 36
 287              		@ sp needed
 288 00f8 BDE8F08F 		pop	{r4, r5, r6, r7, r8, r9, r10, fp, pc}
 289              	.LVL40:
 290              	.L13:
 291              		.loc 1 45 1 view .LVU84
 292              		.align	2
 293              	.L12:
 294 00fc 67666666 		.word	1717986919
 295              		.cfi_endproc
ARM GAS  /tmp/cc942tXR.s 			page 10


 296              	.LFE184:
 298              		.section	.rodata.lv_example_scroll_6.str1.4,"aMS",%progbits,1
 299              		.align	2
 300              	.LC0:
 301 0000 42757474 		.ascii	"Button %d\000"
 301      6F6E2025 
 301      6400
 302              		.section	.text.lv_example_scroll_6,"ax",%progbits
 303              		.align	1
 304              		.global	lv_example_scroll_6
 305              		.syntax unified
 306              		.thumb
 307              		.thumb_func
 308              		.fpu fpv5-d16
 310              	lv_example_scroll_6:
 311              	.LFB185:
  46:Middlewares/lvgl/examples/scroll/lv_example_scroll_6.c **** 
  47:Middlewares/lvgl/examples/scroll/lv_example_scroll_6.c **** /**
  48:Middlewares/lvgl/examples/scroll/lv_example_scroll_6.c ****  * Translate the object as they scroll
  49:Middlewares/lvgl/examples/scroll/lv_example_scroll_6.c ****  */
  50:Middlewares/lvgl/examples/scroll/lv_example_scroll_6.c **** void lv_example_scroll_6(void)
  51:Middlewares/lvgl/examples/scroll/lv_example_scroll_6.c **** {
 312              		.loc 1 51 1 is_stmt 1 view -0
 313              		.cfi_startproc
 314              		@ args = 0, pretend = 0, frame = 0
 315              		@ frame_needed = 0, uses_anonymous_args = 0
 316 0000 70B5     		push	{r4, r5, r6, lr}
 317              	.LCFI3:
 318              		.cfi_def_cfa_offset 16
 319              		.cfi_offset 4, -16
 320              		.cfi_offset 5, -12
 321              		.cfi_offset 6, -8
 322              		.cfi_offset 14, -4
  52:Middlewares/lvgl/examples/scroll/lv_example_scroll_6.c ****     lv_obj_t * cont = lv_obj_create(lv_scr_act());
 323              		.loc 1 52 5 view .LVU86
 324              	.LBB25:
 325              	.LBI25:
 326              		.file 3 "Middlewares/lvgl/examples/scroll/../../src/core/lv_disp.h"
   1:Middlewares/lvgl/examples/scroll/../../src/core/lv_disp.h **** /**
   2:Middlewares/lvgl/examples/scroll/../../src/core/lv_disp.h ****  * @file lv_disp.h
   3:Middlewares/lvgl/examples/scroll/../../src/core/lv_disp.h ****  *
   4:Middlewares/lvgl/examples/scroll/../../src/core/lv_disp.h ****  */
   5:Middlewares/lvgl/examples/scroll/../../src/core/lv_disp.h **** 
   6:Middlewares/lvgl/examples/scroll/../../src/core/lv_disp.h **** #ifndef LV_DISP_H
   7:Middlewares/lvgl/examples/scroll/../../src/core/lv_disp.h **** #define LV_DISP_H
   8:Middlewares/lvgl/examples/scroll/../../src/core/lv_disp.h **** 
   9:Middlewares/lvgl/examples/scroll/../../src/core/lv_disp.h **** #ifdef __cplusplus
  10:Middlewares/lvgl/examples/scroll/../../src/core/lv_disp.h **** extern "C" {
  11:Middlewares/lvgl/examples/scroll/../../src/core/lv_disp.h **** #endif
  12:Middlewares/lvgl/examples/scroll/../../src/core/lv_disp.h **** 
  13:Middlewares/lvgl/examples/scroll/../../src/core/lv_disp.h **** /*********************
  14:Middlewares/lvgl/examples/scroll/../../src/core/lv_disp.h ****  *      INCLUDES
  15:Middlewares/lvgl/examples/scroll/../../src/core/lv_disp.h ****  *********************/
  16:Middlewares/lvgl/examples/scroll/../../src/core/lv_disp.h **** #include "../hal/lv_hal.h"
  17:Middlewares/lvgl/examples/scroll/../../src/core/lv_disp.h **** #include "lv_obj.h"
  18:Middlewares/lvgl/examples/scroll/../../src/core/lv_disp.h **** #include "lv_theme.h"
  19:Middlewares/lvgl/examples/scroll/../../src/core/lv_disp.h **** 
ARM GAS  /tmp/cc942tXR.s 			page 11


  20:Middlewares/lvgl/examples/scroll/../../src/core/lv_disp.h **** /*********************
  21:Middlewares/lvgl/examples/scroll/../../src/core/lv_disp.h ****  *      DEFINES
  22:Middlewares/lvgl/examples/scroll/../../src/core/lv_disp.h ****  *********************/
  23:Middlewares/lvgl/examples/scroll/../../src/core/lv_disp.h **** 
  24:Middlewares/lvgl/examples/scroll/../../src/core/lv_disp.h **** /**********************
  25:Middlewares/lvgl/examples/scroll/../../src/core/lv_disp.h ****  *      TYPEDEFS
  26:Middlewares/lvgl/examples/scroll/../../src/core/lv_disp.h ****  **********************/
  27:Middlewares/lvgl/examples/scroll/../../src/core/lv_disp.h **** 
  28:Middlewares/lvgl/examples/scroll/../../src/core/lv_disp.h **** typedef enum {
  29:Middlewares/lvgl/examples/scroll/../../src/core/lv_disp.h ****     LV_SCR_LOAD_ANIM_NONE,
  30:Middlewares/lvgl/examples/scroll/../../src/core/lv_disp.h ****     LV_SCR_LOAD_ANIM_OVER_LEFT,
  31:Middlewares/lvgl/examples/scroll/../../src/core/lv_disp.h ****     LV_SCR_LOAD_ANIM_OVER_RIGHT,
  32:Middlewares/lvgl/examples/scroll/../../src/core/lv_disp.h ****     LV_SCR_LOAD_ANIM_OVER_TOP,
  33:Middlewares/lvgl/examples/scroll/../../src/core/lv_disp.h ****     LV_SCR_LOAD_ANIM_OVER_BOTTOM,
  34:Middlewares/lvgl/examples/scroll/../../src/core/lv_disp.h ****     LV_SCR_LOAD_ANIM_MOVE_LEFT,
  35:Middlewares/lvgl/examples/scroll/../../src/core/lv_disp.h ****     LV_SCR_LOAD_ANIM_MOVE_RIGHT,
  36:Middlewares/lvgl/examples/scroll/../../src/core/lv_disp.h ****     LV_SCR_LOAD_ANIM_MOVE_TOP,
  37:Middlewares/lvgl/examples/scroll/../../src/core/lv_disp.h ****     LV_SCR_LOAD_ANIM_MOVE_BOTTOM,
  38:Middlewares/lvgl/examples/scroll/../../src/core/lv_disp.h ****     LV_SCR_LOAD_ANIM_FADE_ON,
  39:Middlewares/lvgl/examples/scroll/../../src/core/lv_disp.h **** } lv_scr_load_anim_t;
  40:Middlewares/lvgl/examples/scroll/../../src/core/lv_disp.h **** 
  41:Middlewares/lvgl/examples/scroll/../../src/core/lv_disp.h **** /**********************
  42:Middlewares/lvgl/examples/scroll/../../src/core/lv_disp.h ****  * GLOBAL PROTOTYPES
  43:Middlewares/lvgl/examples/scroll/../../src/core/lv_disp.h ****  **********************/
  44:Middlewares/lvgl/examples/scroll/../../src/core/lv_disp.h **** 
  45:Middlewares/lvgl/examples/scroll/../../src/core/lv_disp.h **** /**
  46:Middlewares/lvgl/examples/scroll/../../src/core/lv_disp.h ****  * Return with a pointer to the active screen
  47:Middlewares/lvgl/examples/scroll/../../src/core/lv_disp.h ****  * @param disp pointer to display which active screen should be get. (NULL to use the default
  48:Middlewares/lvgl/examples/scroll/../../src/core/lv_disp.h ****  * screen)
  49:Middlewares/lvgl/examples/scroll/../../src/core/lv_disp.h ****  * @return pointer to the active screen object (loaded by 'lv_scr_load()')
  50:Middlewares/lvgl/examples/scroll/../../src/core/lv_disp.h ****  */
  51:Middlewares/lvgl/examples/scroll/../../src/core/lv_disp.h **** lv_obj_t * lv_disp_get_scr_act(lv_disp_t * disp);
  52:Middlewares/lvgl/examples/scroll/../../src/core/lv_disp.h **** 
  53:Middlewares/lvgl/examples/scroll/../../src/core/lv_disp.h **** /**
  54:Middlewares/lvgl/examples/scroll/../../src/core/lv_disp.h ****  * Return with a pointer to the previous screen. Only used during screen transitions.
  55:Middlewares/lvgl/examples/scroll/../../src/core/lv_disp.h ****  * @param disp pointer to display which previous screen should be get. (NULL to use the default
  56:Middlewares/lvgl/examples/scroll/../../src/core/lv_disp.h ****  * screen)
  57:Middlewares/lvgl/examples/scroll/../../src/core/lv_disp.h ****  * @return pointer to the previous screen object or NULL if not used now
  58:Middlewares/lvgl/examples/scroll/../../src/core/lv_disp.h ****  */
  59:Middlewares/lvgl/examples/scroll/../../src/core/lv_disp.h **** lv_obj_t * lv_disp_get_scr_prev(lv_disp_t * disp);
  60:Middlewares/lvgl/examples/scroll/../../src/core/lv_disp.h **** 
  61:Middlewares/lvgl/examples/scroll/../../src/core/lv_disp.h **** /**
  62:Middlewares/lvgl/examples/scroll/../../src/core/lv_disp.h ****  * Make a screen active
  63:Middlewares/lvgl/examples/scroll/../../src/core/lv_disp.h ****  * @param scr pointer to a screen
  64:Middlewares/lvgl/examples/scroll/../../src/core/lv_disp.h ****  */
  65:Middlewares/lvgl/examples/scroll/../../src/core/lv_disp.h **** void lv_disp_load_scr(lv_obj_t * scr);
  66:Middlewares/lvgl/examples/scroll/../../src/core/lv_disp.h **** 
  67:Middlewares/lvgl/examples/scroll/../../src/core/lv_disp.h **** /**
  68:Middlewares/lvgl/examples/scroll/../../src/core/lv_disp.h ****  * Return with the top layer. (Same on every screen and it is above the normal screen layer)
  69:Middlewares/lvgl/examples/scroll/../../src/core/lv_disp.h ****  * @param disp pointer to display which top layer should be get. (NULL to use the default screen)
  70:Middlewares/lvgl/examples/scroll/../../src/core/lv_disp.h ****  * @return pointer to the top layer object  (transparent screen sized lv_obj)
  71:Middlewares/lvgl/examples/scroll/../../src/core/lv_disp.h ****  */
  72:Middlewares/lvgl/examples/scroll/../../src/core/lv_disp.h **** lv_obj_t * lv_disp_get_layer_top(lv_disp_t * disp);
  73:Middlewares/lvgl/examples/scroll/../../src/core/lv_disp.h **** 
  74:Middlewares/lvgl/examples/scroll/../../src/core/lv_disp.h **** /**
  75:Middlewares/lvgl/examples/scroll/../../src/core/lv_disp.h ****  * Return with the sys. layer. (Same on every screen and it is above the normal screen and the top
  76:Middlewares/lvgl/examples/scroll/../../src/core/lv_disp.h ****  * layer)
ARM GAS  /tmp/cc942tXR.s 			page 12


  77:Middlewares/lvgl/examples/scroll/../../src/core/lv_disp.h ****  * @param disp pointer to display which sys. layer  should be get. (NULL to use the default screen)
  78:Middlewares/lvgl/examples/scroll/../../src/core/lv_disp.h ****  * @return pointer to the sys layer object  (transparent screen sized lv_obj)
  79:Middlewares/lvgl/examples/scroll/../../src/core/lv_disp.h ****  */
  80:Middlewares/lvgl/examples/scroll/../../src/core/lv_disp.h **** lv_obj_t * lv_disp_get_layer_sys(lv_disp_t * disp);
  81:Middlewares/lvgl/examples/scroll/../../src/core/lv_disp.h **** 
  82:Middlewares/lvgl/examples/scroll/../../src/core/lv_disp.h **** /**
  83:Middlewares/lvgl/examples/scroll/../../src/core/lv_disp.h ****  * Get the theme of a display
  84:Middlewares/lvgl/examples/scroll/../../src/core/lv_disp.h ****  * @param disp pointer to a display
  85:Middlewares/lvgl/examples/scroll/../../src/core/lv_disp.h ****  * @return the display's theme (can be NULL)
  86:Middlewares/lvgl/examples/scroll/../../src/core/lv_disp.h ****  */
  87:Middlewares/lvgl/examples/scroll/../../src/core/lv_disp.h **** void lv_disp_set_theme(lv_disp_t * disp, lv_theme_t * th);
  88:Middlewares/lvgl/examples/scroll/../../src/core/lv_disp.h **** 
  89:Middlewares/lvgl/examples/scroll/../../src/core/lv_disp.h **** /**
  90:Middlewares/lvgl/examples/scroll/../../src/core/lv_disp.h ****  * Get the theme of a display
  91:Middlewares/lvgl/examples/scroll/../../src/core/lv_disp.h ****  * @param disp pointer to a display
  92:Middlewares/lvgl/examples/scroll/../../src/core/lv_disp.h ****  * @return the display's theme (can be NULL)
  93:Middlewares/lvgl/examples/scroll/../../src/core/lv_disp.h ****  */
  94:Middlewares/lvgl/examples/scroll/../../src/core/lv_disp.h **** lv_theme_t * lv_disp_get_theme(lv_disp_t * disp);
  95:Middlewares/lvgl/examples/scroll/../../src/core/lv_disp.h **** 
  96:Middlewares/lvgl/examples/scroll/../../src/core/lv_disp.h **** /**
  97:Middlewares/lvgl/examples/scroll/../../src/core/lv_disp.h ****  * Set the background color of a display
  98:Middlewares/lvgl/examples/scroll/../../src/core/lv_disp.h ****  * @param disp pointer to a display
  99:Middlewares/lvgl/examples/scroll/../../src/core/lv_disp.h ****  * @param color color of the background
 100:Middlewares/lvgl/examples/scroll/../../src/core/lv_disp.h ****  */
 101:Middlewares/lvgl/examples/scroll/../../src/core/lv_disp.h **** void lv_disp_set_bg_color(lv_disp_t * disp, lv_color_t color);
 102:Middlewares/lvgl/examples/scroll/../../src/core/lv_disp.h **** 
 103:Middlewares/lvgl/examples/scroll/../../src/core/lv_disp.h **** /**
 104:Middlewares/lvgl/examples/scroll/../../src/core/lv_disp.h ****  * Set the background image of a display
 105:Middlewares/lvgl/examples/scroll/../../src/core/lv_disp.h ****  * @param disp pointer to a display
 106:Middlewares/lvgl/examples/scroll/../../src/core/lv_disp.h ****  * @param img_src path to file or pointer to an `lv_img_dsc_t` variable
 107:Middlewares/lvgl/examples/scroll/../../src/core/lv_disp.h ****  */
 108:Middlewares/lvgl/examples/scroll/../../src/core/lv_disp.h **** void lv_disp_set_bg_image(lv_disp_t * disp, const void  * img_src);
 109:Middlewares/lvgl/examples/scroll/../../src/core/lv_disp.h **** 
 110:Middlewares/lvgl/examples/scroll/../../src/core/lv_disp.h **** /**
 111:Middlewares/lvgl/examples/scroll/../../src/core/lv_disp.h ****  * Opacity of the background
 112:Middlewares/lvgl/examples/scroll/../../src/core/lv_disp.h ****  * @param disp pointer to a display
 113:Middlewares/lvgl/examples/scroll/../../src/core/lv_disp.h ****  * @param opa opacity (0..255)
 114:Middlewares/lvgl/examples/scroll/../../src/core/lv_disp.h ****  */
 115:Middlewares/lvgl/examples/scroll/../../src/core/lv_disp.h **** void lv_disp_set_bg_opa(lv_disp_t * disp, lv_opa_t opa);
 116:Middlewares/lvgl/examples/scroll/../../src/core/lv_disp.h **** 
 117:Middlewares/lvgl/examples/scroll/../../src/core/lv_disp.h **** /**
 118:Middlewares/lvgl/examples/scroll/../../src/core/lv_disp.h ****  * Switch screen with animation
 119:Middlewares/lvgl/examples/scroll/../../src/core/lv_disp.h ****  * @param scr pointer to the new screen to load
 120:Middlewares/lvgl/examples/scroll/../../src/core/lv_disp.h ****  * @param anim_type type of the animation from `lv_scr_load_anim_t`. E.g.  `LV_SCR_LOAD_ANIM_MOVE_L
 121:Middlewares/lvgl/examples/scroll/../../src/core/lv_disp.h ****  * @param time time of the animation
 122:Middlewares/lvgl/examples/scroll/../../src/core/lv_disp.h ****  * @param delay delay before the transition
 123:Middlewares/lvgl/examples/scroll/../../src/core/lv_disp.h ****  * @param auto_del true: automatically delete the old screen
 124:Middlewares/lvgl/examples/scroll/../../src/core/lv_disp.h ****  */
 125:Middlewares/lvgl/examples/scroll/../../src/core/lv_disp.h **** void lv_scr_load_anim(lv_obj_t * scr, lv_scr_load_anim_t anim_type, uint32_t time, uint32_t delay, 
 126:Middlewares/lvgl/examples/scroll/../../src/core/lv_disp.h **** 
 127:Middlewares/lvgl/examples/scroll/../../src/core/lv_disp.h **** /**
 128:Middlewares/lvgl/examples/scroll/../../src/core/lv_disp.h ****  * Get elapsed time since last user activity on a display (e.g. click)
 129:Middlewares/lvgl/examples/scroll/../../src/core/lv_disp.h ****  * @param disp pointer to an display (NULL to get the overall smallest inactivity)
 130:Middlewares/lvgl/examples/scroll/../../src/core/lv_disp.h ****  * @return elapsed ticks (milliseconds) since the last activity
 131:Middlewares/lvgl/examples/scroll/../../src/core/lv_disp.h ****  */
 132:Middlewares/lvgl/examples/scroll/../../src/core/lv_disp.h **** uint32_t lv_disp_get_inactive_time(const lv_disp_t * disp);
 133:Middlewares/lvgl/examples/scroll/../../src/core/lv_disp.h **** 
ARM GAS  /tmp/cc942tXR.s 			page 13


 134:Middlewares/lvgl/examples/scroll/../../src/core/lv_disp.h **** /**
 135:Middlewares/lvgl/examples/scroll/../../src/core/lv_disp.h ****  * Manually trigger an activity on a display
 136:Middlewares/lvgl/examples/scroll/../../src/core/lv_disp.h ****  * @param disp pointer to an display (NULL to use the default display)
 137:Middlewares/lvgl/examples/scroll/../../src/core/lv_disp.h ****  */
 138:Middlewares/lvgl/examples/scroll/../../src/core/lv_disp.h **** void lv_disp_trig_activity(lv_disp_t * disp);
 139:Middlewares/lvgl/examples/scroll/../../src/core/lv_disp.h **** 
 140:Middlewares/lvgl/examples/scroll/../../src/core/lv_disp.h **** /**
 141:Middlewares/lvgl/examples/scroll/../../src/core/lv_disp.h ****  * Clean any CPU cache that is related to the display.
 142:Middlewares/lvgl/examples/scroll/../../src/core/lv_disp.h ****  * @param disp pointer to an display (NULL to use the default display)
 143:Middlewares/lvgl/examples/scroll/../../src/core/lv_disp.h ****  */
 144:Middlewares/lvgl/examples/scroll/../../src/core/lv_disp.h **** void lv_disp_clean_dcache(lv_disp_t * disp);
 145:Middlewares/lvgl/examples/scroll/../../src/core/lv_disp.h **** 
 146:Middlewares/lvgl/examples/scroll/../../src/core/lv_disp.h **** /**
 147:Middlewares/lvgl/examples/scroll/../../src/core/lv_disp.h ****  * Get a pointer to the screen refresher timer to
 148:Middlewares/lvgl/examples/scroll/../../src/core/lv_disp.h ****  * modify its parameters with `lv_timer_...` functions.
 149:Middlewares/lvgl/examples/scroll/../../src/core/lv_disp.h ****  * @param disp pointer to a display
 150:Middlewares/lvgl/examples/scroll/../../src/core/lv_disp.h ****  * @return pointer to the display refresher timer. (NULL on error)
 151:Middlewares/lvgl/examples/scroll/../../src/core/lv_disp.h ****  */
 152:Middlewares/lvgl/examples/scroll/../../src/core/lv_disp.h **** lv_timer_t * _lv_disp_get_refr_timer(lv_disp_t * disp);
 153:Middlewares/lvgl/examples/scroll/../../src/core/lv_disp.h **** 
 154:Middlewares/lvgl/examples/scroll/../../src/core/lv_disp.h **** /*------------------------------------------------
 155:Middlewares/lvgl/examples/scroll/../../src/core/lv_disp.h ****  * To improve backward compatibility
 156:Middlewares/lvgl/examples/scroll/../../src/core/lv_disp.h ****  * Recommended only if you have one display
 157:Middlewares/lvgl/examples/scroll/../../src/core/lv_disp.h ****  *------------------------------------------------*/
 158:Middlewares/lvgl/examples/scroll/../../src/core/lv_disp.h **** 
 159:Middlewares/lvgl/examples/scroll/../../src/core/lv_disp.h **** /**
 160:Middlewares/lvgl/examples/scroll/../../src/core/lv_disp.h ****  * Get the active screen of the default display
 161:Middlewares/lvgl/examples/scroll/../../src/core/lv_disp.h ****  * @return pointer to the active screen
 162:Middlewares/lvgl/examples/scroll/../../src/core/lv_disp.h ****  */
 163:Middlewares/lvgl/examples/scroll/../../src/core/lv_disp.h **** static inline lv_obj_t * lv_scr_act(void)
 327              		.loc 3 163 26 view .LVU87
 328              	.LBB26:
 164:Middlewares/lvgl/examples/scroll/../../src/core/lv_disp.h **** {
 165:Middlewares/lvgl/examples/scroll/../../src/core/lv_disp.h ****     return lv_disp_get_scr_act(lv_disp_get_default());
 329              		.loc 3 165 5 view .LVU88
 330              		.loc 3 165 12 is_stmt 0 view .LVU89
 331 0002 FFF7FEFF 		bl	lv_disp_get_default
 332              	.LVL41:
 333 0006 FFF7FEFF 		bl	lv_disp_get_scr_act
 334              	.LVL42:
 335              	.LBE26:
 336              	.LBE25:
 337              		.loc 1 52 23 view .LVU90
 338 000a FFF7FEFF 		bl	lv_obj_create
 339              	.LVL43:
 340 000e 0646     		mov	r6, r0
 341              	.LVL44:
  53:Middlewares/lvgl/examples/scroll/lv_example_scroll_6.c ****     lv_obj_set_size(cont, 200, 200);
 342              		.loc 1 53 5 is_stmt 1 view .LVU91
 343 0010 C822     		movs	r2, #200
 344 0012 1146     		mov	r1, r2
 345 0014 FFF7FEFF 		bl	lv_obj_set_size
 346              	.LVL45:
  54:Middlewares/lvgl/examples/scroll/lv_example_scroll_6.c ****     lv_obj_center(cont);
 347              		.loc 1 54 5 view .LVU92
 348              	.LBB27:
 349              	.LBI27:
ARM GAS  /tmp/cc942tXR.s 			page 14


 350              		.file 4 "Middlewares/lvgl/examples/scroll/../../src/core/lv_obj_pos.h"
   1:Middlewares/lvgl/examples/scroll/../../src/core/lv_obj_pos.h **** /**
   2:Middlewares/lvgl/examples/scroll/../../src/core/lv_obj_pos.h ****  * @file lv_obj_pos.h
   3:Middlewares/lvgl/examples/scroll/../../src/core/lv_obj_pos.h ****  *
   4:Middlewares/lvgl/examples/scroll/../../src/core/lv_obj_pos.h ****  */
   5:Middlewares/lvgl/examples/scroll/../../src/core/lv_obj_pos.h **** 
   6:Middlewares/lvgl/examples/scroll/../../src/core/lv_obj_pos.h **** #ifndef LV_OBJ_POS_H
   7:Middlewares/lvgl/examples/scroll/../../src/core/lv_obj_pos.h **** #define LV_OBJ_POS_H
   8:Middlewares/lvgl/examples/scroll/../../src/core/lv_obj_pos.h **** 
   9:Middlewares/lvgl/examples/scroll/../../src/core/lv_obj_pos.h **** #ifdef __cplusplus
  10:Middlewares/lvgl/examples/scroll/../../src/core/lv_obj_pos.h **** extern "C" {
  11:Middlewares/lvgl/examples/scroll/../../src/core/lv_obj_pos.h **** #endif
  12:Middlewares/lvgl/examples/scroll/../../src/core/lv_obj_pos.h **** 
  13:Middlewares/lvgl/examples/scroll/../../src/core/lv_obj_pos.h **** /*********************
  14:Middlewares/lvgl/examples/scroll/../../src/core/lv_obj_pos.h ****  *      INCLUDES
  15:Middlewares/lvgl/examples/scroll/../../src/core/lv_obj_pos.h ****  *********************/
  16:Middlewares/lvgl/examples/scroll/../../src/core/lv_obj_pos.h **** #include "../misc/lv_area.h"
  17:Middlewares/lvgl/examples/scroll/../../src/core/lv_obj_pos.h **** 
  18:Middlewares/lvgl/examples/scroll/../../src/core/lv_obj_pos.h **** /*********************
  19:Middlewares/lvgl/examples/scroll/../../src/core/lv_obj_pos.h ****  *      DEFINES
  20:Middlewares/lvgl/examples/scroll/../../src/core/lv_obj_pos.h ****  *********************/
  21:Middlewares/lvgl/examples/scroll/../../src/core/lv_obj_pos.h **** 
  22:Middlewares/lvgl/examples/scroll/../../src/core/lv_obj_pos.h **** /**********************
  23:Middlewares/lvgl/examples/scroll/../../src/core/lv_obj_pos.h ****  *      TYPEDEFS
  24:Middlewares/lvgl/examples/scroll/../../src/core/lv_obj_pos.h ****  **********************/
  25:Middlewares/lvgl/examples/scroll/../../src/core/lv_obj_pos.h **** struct _lv_obj_t;
  26:Middlewares/lvgl/examples/scroll/../../src/core/lv_obj_pos.h **** 
  27:Middlewares/lvgl/examples/scroll/../../src/core/lv_obj_pos.h **** typedef void (*lv_layout_update_cb_t)(struct _lv_obj_t *, void * user_data);
  28:Middlewares/lvgl/examples/scroll/../../src/core/lv_obj_pos.h **** typedef struct {
  29:Middlewares/lvgl/examples/scroll/../../src/core/lv_obj_pos.h ****     lv_layout_update_cb_t cb;
  30:Middlewares/lvgl/examples/scroll/../../src/core/lv_obj_pos.h ****     void * user_data;
  31:Middlewares/lvgl/examples/scroll/../../src/core/lv_obj_pos.h **** }lv_layout_dsc_t;
  32:Middlewares/lvgl/examples/scroll/../../src/core/lv_obj_pos.h **** 
  33:Middlewares/lvgl/examples/scroll/../../src/core/lv_obj_pos.h **** /**********************
  34:Middlewares/lvgl/examples/scroll/../../src/core/lv_obj_pos.h ****  * GLOBAL PROTOTYPES
  35:Middlewares/lvgl/examples/scroll/../../src/core/lv_obj_pos.h ****  **********************/
  36:Middlewares/lvgl/examples/scroll/../../src/core/lv_obj_pos.h **** 
  37:Middlewares/lvgl/examples/scroll/../../src/core/lv_obj_pos.h **** /**
  38:Middlewares/lvgl/examples/scroll/../../src/core/lv_obj_pos.h ****  * Set the relative the position of an object (relative to the parent's top left corner)
  39:Middlewares/lvgl/examples/scroll/../../src/core/lv_obj_pos.h ****  * @param obj       pointer to an object
  40:Middlewares/lvgl/examples/scroll/../../src/core/lv_obj_pos.h ****  * @param x         new distance from the left side of the parent plus the parent's left padding
  41:Middlewares/lvgl/examples/scroll/../../src/core/lv_obj_pos.h ****  * @param y         new distance from the top side of the parent  plus the parent's right padding
  42:Middlewares/lvgl/examples/scroll/../../src/core/lv_obj_pos.h ****  */
  43:Middlewares/lvgl/examples/scroll/../../src/core/lv_obj_pos.h **** void lv_obj_set_pos(struct _lv_obj_t * obj, lv_coord_t x, lv_coord_t y);
  44:Middlewares/lvgl/examples/scroll/../../src/core/lv_obj_pos.h **** 
  45:Middlewares/lvgl/examples/scroll/../../src/core/lv_obj_pos.h **** /**
  46:Middlewares/lvgl/examples/scroll/../../src/core/lv_obj_pos.h ****  * Set the x coordinate of a object
  47:Middlewares/lvgl/examples/scroll/../../src/core/lv_obj_pos.h ****  * @param obj       pointer to an object
  48:Middlewares/lvgl/examples/scroll/../../src/core/lv_obj_pos.h ****  * @param x         new distance from the left side from the parent plus the parent's left padding
  49:Middlewares/lvgl/examples/scroll/../../src/core/lv_obj_pos.h ****  */
  50:Middlewares/lvgl/examples/scroll/../../src/core/lv_obj_pos.h **** void lv_obj_set_x(struct _lv_obj_t * obj, lv_coord_t x);
  51:Middlewares/lvgl/examples/scroll/../../src/core/lv_obj_pos.h **** 
  52:Middlewares/lvgl/examples/scroll/../../src/core/lv_obj_pos.h **** /**
  53:Middlewares/lvgl/examples/scroll/../../src/core/lv_obj_pos.h ****  * Set the y coordinate of a object
  54:Middlewares/lvgl/examples/scroll/../../src/core/lv_obj_pos.h ****  * @param obj       pointer to an object
  55:Middlewares/lvgl/examples/scroll/../../src/core/lv_obj_pos.h ****  * @param y         new distance from the top of the parent  plus the parent's top padding
  56:Middlewares/lvgl/examples/scroll/../../src/core/lv_obj_pos.h ****  */
ARM GAS  /tmp/cc942tXR.s 			page 15


  57:Middlewares/lvgl/examples/scroll/../../src/core/lv_obj_pos.h **** void lv_obj_set_y(struct _lv_obj_t * obj, lv_coord_t y);
  58:Middlewares/lvgl/examples/scroll/../../src/core/lv_obj_pos.h **** 
  59:Middlewares/lvgl/examples/scroll/../../src/core/lv_obj_pos.h **** /**
  60:Middlewares/lvgl/examples/scroll/../../src/core/lv_obj_pos.h ****  * Set the size of an object.
  61:Middlewares/lvgl/examples/scroll/../../src/core/lv_obj_pos.h ****  * @param obj       pointer to an object
  62:Middlewares/lvgl/examples/scroll/../../src/core/lv_obj_pos.h ****  * @param w         the new width
  63:Middlewares/lvgl/examples/scroll/../../src/core/lv_obj_pos.h ****  * @param h         the new height
  64:Middlewares/lvgl/examples/scroll/../../src/core/lv_obj_pos.h ****  * @note            possible values are:
  65:Middlewares/lvgl/examples/scroll/../../src/core/lv_obj_pos.h ****  *                  pixel               simple set the size accordingly
  66:Middlewares/lvgl/examples/scroll/../../src/core/lv_obj_pos.h ****  *                  LV_SIZE_CONTENT     set the size to involve all children in the given direction
  67:Middlewares/lvgl/examples/scroll/../../src/core/lv_obj_pos.h ****  *                  LV_SIZE_PCT(x)     to set size in percentage of the parent's content area size 
  68:Middlewares/lvgl/examples/scroll/../../src/core/lv_obj_pos.h ****  *                                      x should be in [0..1000]% range
  69:Middlewares/lvgl/examples/scroll/../../src/core/lv_obj_pos.h ****  */
  70:Middlewares/lvgl/examples/scroll/../../src/core/lv_obj_pos.h **** void lv_obj_set_size(struct _lv_obj_t * obj, lv_coord_t w, lv_coord_t h);
  71:Middlewares/lvgl/examples/scroll/../../src/core/lv_obj_pos.h **** 
  72:Middlewares/lvgl/examples/scroll/../../src/core/lv_obj_pos.h **** /**
  73:Middlewares/lvgl/examples/scroll/../../src/core/lv_obj_pos.h ****  * Recalculate the size of the object
  74:Middlewares/lvgl/examples/scroll/../../src/core/lv_obj_pos.h ****  * @param obj       pointer to an object
  75:Middlewares/lvgl/examples/scroll/../../src/core/lv_obj_pos.h ****  * @return          true: the size has been changed
  76:Middlewares/lvgl/examples/scroll/../../src/core/lv_obj_pos.h ****  */
  77:Middlewares/lvgl/examples/scroll/../../src/core/lv_obj_pos.h **** bool lv_obj_refr_size(struct _lv_obj_t * obj);
  78:Middlewares/lvgl/examples/scroll/../../src/core/lv_obj_pos.h **** 
  79:Middlewares/lvgl/examples/scroll/../../src/core/lv_obj_pos.h **** /**
  80:Middlewares/lvgl/examples/scroll/../../src/core/lv_obj_pos.h ****  * Set the width of an object
  81:Middlewares/lvgl/examples/scroll/../../src/core/lv_obj_pos.h ****  * @param obj       pointer to an object
  82:Middlewares/lvgl/examples/scroll/../../src/core/lv_obj_pos.h ****  * @param w         the new width
  83:Middlewares/lvgl/examples/scroll/../../src/core/lv_obj_pos.h ****  * @note            possible values are:
  84:Middlewares/lvgl/examples/scroll/../../src/core/lv_obj_pos.h ****  *                  pixel               simple set the size accordingly
  85:Middlewares/lvgl/examples/scroll/../../src/core/lv_obj_pos.h ****  *                  LV_SIZE_CONTENT     set the size to involve all children in the given direction
  86:Middlewares/lvgl/examples/scroll/../../src/core/lv_obj_pos.h ****  *                  lv_pct(x)           to set size in percentage of the parent's content area size
  87:Middlewares/lvgl/examples/scroll/../../src/core/lv_obj_pos.h ****  *                                      x should be in [0..1000]% range
  88:Middlewares/lvgl/examples/scroll/../../src/core/lv_obj_pos.h ****  */
  89:Middlewares/lvgl/examples/scroll/../../src/core/lv_obj_pos.h **** void lv_obj_set_width(struct _lv_obj_t * obj, lv_coord_t w);
  90:Middlewares/lvgl/examples/scroll/../../src/core/lv_obj_pos.h **** 
  91:Middlewares/lvgl/examples/scroll/../../src/core/lv_obj_pos.h **** /**
  92:Middlewares/lvgl/examples/scroll/../../src/core/lv_obj_pos.h ****  * Set the height of an object
  93:Middlewares/lvgl/examples/scroll/../../src/core/lv_obj_pos.h ****  * @param obj       pointer to an object
  94:Middlewares/lvgl/examples/scroll/../../src/core/lv_obj_pos.h ****  * @param h         the new height
  95:Middlewares/lvgl/examples/scroll/../../src/core/lv_obj_pos.h ****  * @note            possible values are:
  96:Middlewares/lvgl/examples/scroll/../../src/core/lv_obj_pos.h ****  *                  pixel               simple set the size accordingly
  97:Middlewares/lvgl/examples/scroll/../../src/core/lv_obj_pos.h ****  *                  LV_SIZE_CONTENT     set the size to involve all children in the given direction
  98:Middlewares/lvgl/examples/scroll/../../src/core/lv_obj_pos.h ****  *                  lv_pct(x)           to set size in percentage of the parent's content area size
  99:Middlewares/lvgl/examples/scroll/../../src/core/lv_obj_pos.h ****  *                                      x should be in [0..1000]% range
 100:Middlewares/lvgl/examples/scroll/../../src/core/lv_obj_pos.h ****  */
 101:Middlewares/lvgl/examples/scroll/../../src/core/lv_obj_pos.h **** void lv_obj_set_height(struct _lv_obj_t * obj, lv_coord_t h);
 102:Middlewares/lvgl/examples/scroll/../../src/core/lv_obj_pos.h **** 
 103:Middlewares/lvgl/examples/scroll/../../src/core/lv_obj_pos.h **** /**
 104:Middlewares/lvgl/examples/scroll/../../src/core/lv_obj_pos.h ****  * Set the width reduced by the left and right padding and the border width.
 105:Middlewares/lvgl/examples/scroll/../../src/core/lv_obj_pos.h ****  * @param obj       pointer to an object
 106:Middlewares/lvgl/examples/scroll/../../src/core/lv_obj_pos.h ****  * @param w         the width without paddings in pixels
 107:Middlewares/lvgl/examples/scroll/../../src/core/lv_obj_pos.h ****  */
 108:Middlewares/lvgl/examples/scroll/../../src/core/lv_obj_pos.h **** void lv_obj_set_content_width(struct _lv_obj_t * obj, lv_coord_t w);
 109:Middlewares/lvgl/examples/scroll/../../src/core/lv_obj_pos.h **** 
 110:Middlewares/lvgl/examples/scroll/../../src/core/lv_obj_pos.h **** /**
 111:Middlewares/lvgl/examples/scroll/../../src/core/lv_obj_pos.h ****  * Set the height reduced by the top and bottom padding and the border width.
 112:Middlewares/lvgl/examples/scroll/../../src/core/lv_obj_pos.h ****  * @param obj       pointer to an object
 113:Middlewares/lvgl/examples/scroll/../../src/core/lv_obj_pos.h ****  * @param h         the height without paddings in pixels
ARM GAS  /tmp/cc942tXR.s 			page 16


 114:Middlewares/lvgl/examples/scroll/../../src/core/lv_obj_pos.h ****  */
 115:Middlewares/lvgl/examples/scroll/../../src/core/lv_obj_pos.h **** void lv_obj_set_content_height(struct _lv_obj_t * obj, lv_coord_t h);
 116:Middlewares/lvgl/examples/scroll/../../src/core/lv_obj_pos.h **** 
 117:Middlewares/lvgl/examples/scroll/../../src/core/lv_obj_pos.h **** /**
 118:Middlewares/lvgl/examples/scroll/../../src/core/lv_obj_pos.h ****  * Set a layout for an object
 119:Middlewares/lvgl/examples/scroll/../../src/core/lv_obj_pos.h ****  * @param obj       pointer to an object
 120:Middlewares/lvgl/examples/scroll/../../src/core/lv_obj_pos.h ****  * @param layout    pointer to a layout descriptor to set
 121:Middlewares/lvgl/examples/scroll/../../src/core/lv_obj_pos.h ****  */
 122:Middlewares/lvgl/examples/scroll/../../src/core/lv_obj_pos.h **** void lv_obj_set_layout(struct _lv_obj_t * obj, uint32_t layout);
 123:Middlewares/lvgl/examples/scroll/../../src/core/lv_obj_pos.h **** 
 124:Middlewares/lvgl/examples/scroll/../../src/core/lv_obj_pos.h **** /**
 125:Middlewares/lvgl/examples/scroll/../../src/core/lv_obj_pos.h ****  * Test whether the and object is positioned by a layout or not
 126:Middlewares/lvgl/examples/scroll/../../src/core/lv_obj_pos.h ****  * @param obj       pointer to an object to test
 127:Middlewares/lvgl/examples/scroll/../../src/core/lv_obj_pos.h ****  * @return true:    positioned by a layout; false: not positioned by a layout
 128:Middlewares/lvgl/examples/scroll/../../src/core/lv_obj_pos.h ****  */
 129:Middlewares/lvgl/examples/scroll/../../src/core/lv_obj_pos.h **** bool lv_obj_is_layout_positioned(const struct _lv_obj_t * obj);
 130:Middlewares/lvgl/examples/scroll/../../src/core/lv_obj_pos.h **** 
 131:Middlewares/lvgl/examples/scroll/../../src/core/lv_obj_pos.h **** /**
 132:Middlewares/lvgl/examples/scroll/../../src/core/lv_obj_pos.h ****  * Mark the object for layout update.
 133:Middlewares/lvgl/examples/scroll/../../src/core/lv_obj_pos.h ****  * @param obj      pointer to an object whose children needs to be updated
 134:Middlewares/lvgl/examples/scroll/../../src/core/lv_obj_pos.h ****  */
 135:Middlewares/lvgl/examples/scroll/../../src/core/lv_obj_pos.h **** void lv_obj_mark_layout_as_dirty(struct _lv_obj_t * obj);
 136:Middlewares/lvgl/examples/scroll/../../src/core/lv_obj_pos.h **** 
 137:Middlewares/lvgl/examples/scroll/../../src/core/lv_obj_pos.h **** /**
 138:Middlewares/lvgl/examples/scroll/../../src/core/lv_obj_pos.h ****  * Update the layout of an object.
 139:Middlewares/lvgl/examples/scroll/../../src/core/lv_obj_pos.h ****  * @param obj      pointer to an object whose children needs to be updated
 140:Middlewares/lvgl/examples/scroll/../../src/core/lv_obj_pos.h ****  */
 141:Middlewares/lvgl/examples/scroll/../../src/core/lv_obj_pos.h **** void lv_obj_update_layout(const struct _lv_obj_t * obj);
 142:Middlewares/lvgl/examples/scroll/../../src/core/lv_obj_pos.h **** 
 143:Middlewares/lvgl/examples/scroll/../../src/core/lv_obj_pos.h **** /**
 144:Middlewares/lvgl/examples/scroll/../../src/core/lv_obj_pos.h ****  * Regsiter a new layout
 145:Middlewares/lvgl/examples/scroll/../../src/core/lv_obj_pos.h ****  * @param cb        the layout update callback
 146:Middlewares/lvgl/examples/scroll/../../src/core/lv_obj_pos.h ****  * @param user_data custom data that will be passed to `cb`
 147:Middlewares/lvgl/examples/scroll/../../src/core/lv_obj_pos.h ****  * @return          the ID of the new layout
 148:Middlewares/lvgl/examples/scroll/../../src/core/lv_obj_pos.h ****  */
 149:Middlewares/lvgl/examples/scroll/../../src/core/lv_obj_pos.h **** uint32_t lv_layout_register(lv_layout_update_cb_t cb, void * user_data);
 150:Middlewares/lvgl/examples/scroll/../../src/core/lv_obj_pos.h **** 
 151:Middlewares/lvgl/examples/scroll/../../src/core/lv_obj_pos.h **** /**
 152:Middlewares/lvgl/examples/scroll/../../src/core/lv_obj_pos.h ****  * Change the alignment of an object.
 153:Middlewares/lvgl/examples/scroll/../../src/core/lv_obj_pos.h ****  * @param obj       pointer to an object to align
 154:Middlewares/lvgl/examples/scroll/../../src/core/lv_obj_pos.h ****  * @param align     type of alignment (see 'lv_align_t' enum) `LV_ALIGN_OUT_...` can't be used.
 155:Middlewares/lvgl/examples/scroll/../../src/core/lv_obj_pos.h ****  */
 156:Middlewares/lvgl/examples/scroll/../../src/core/lv_obj_pos.h **** void lv_obj_set_align(struct _lv_obj_t * obj, lv_align_t align);
 157:Middlewares/lvgl/examples/scroll/../../src/core/lv_obj_pos.h **** 
 158:Middlewares/lvgl/examples/scroll/../../src/core/lv_obj_pos.h **** /**
 159:Middlewares/lvgl/examples/scroll/../../src/core/lv_obj_pos.h ****  * Change the alignment of an object and set new coordinates.
 160:Middlewares/lvgl/examples/scroll/../../src/core/lv_obj_pos.h ****  * Equivalent to:
 161:Middlewares/lvgl/examples/scroll/../../src/core/lv_obj_pos.h ****  * lv_obj_set_align(obj, align);
 162:Middlewares/lvgl/examples/scroll/../../src/core/lv_obj_pos.h ****  * lv_obj_set_pos(obj, x_ofs, y_ofs);
 163:Middlewares/lvgl/examples/scroll/../../src/core/lv_obj_pos.h ****  * @param obj       pointer to an object to align
 164:Middlewares/lvgl/examples/scroll/../../src/core/lv_obj_pos.h ****  * @param align     type of alignment (see 'lv_align_t' enum) `LV_ALIGN_OUT_...` can't be used.
 165:Middlewares/lvgl/examples/scroll/../../src/core/lv_obj_pos.h ****  * @param x_ofs     x coordinate offset after alignment
 166:Middlewares/lvgl/examples/scroll/../../src/core/lv_obj_pos.h ****  * @param y_ofs     y coordinate offset after alignment
 167:Middlewares/lvgl/examples/scroll/../../src/core/lv_obj_pos.h ****  */
 168:Middlewares/lvgl/examples/scroll/../../src/core/lv_obj_pos.h **** void lv_obj_align(struct _lv_obj_t * obj, lv_align_t align, lv_coord_t x_ofs, lv_coord_t y_ofs);
 169:Middlewares/lvgl/examples/scroll/../../src/core/lv_obj_pos.h **** 
 170:Middlewares/lvgl/examples/scroll/../../src/core/lv_obj_pos.h **** /**
ARM GAS  /tmp/cc942tXR.s 			page 17


 171:Middlewares/lvgl/examples/scroll/../../src/core/lv_obj_pos.h ****  * Align an object to an other object.
 172:Middlewares/lvgl/examples/scroll/../../src/core/lv_obj_pos.h ****  * @param obj       pointer to an object to align
 173:Middlewares/lvgl/examples/scroll/../../src/core/lv_obj_pos.h ****  * @param base      pointer to an other object (if NULL `obj`s parent is used). 'obj' will be align
 174:Middlewares/lvgl/examples/scroll/../../src/core/lv_obj_pos.h ****  * @param align     type of alignment (see 'lv_align_t' enum)
 175:Middlewares/lvgl/examples/scroll/../../src/core/lv_obj_pos.h ****  * @param x_ofs     x coordinate offset after alignment
 176:Middlewares/lvgl/examples/scroll/../../src/core/lv_obj_pos.h ****  * @param y_ofs     y coordinate offset after alignment
 177:Middlewares/lvgl/examples/scroll/../../src/core/lv_obj_pos.h ****  * @note            if the position or size of `base` changes `obj` needs to be aligned manually ag
 178:Middlewares/lvgl/examples/scroll/../../src/core/lv_obj_pos.h ****  */
 179:Middlewares/lvgl/examples/scroll/../../src/core/lv_obj_pos.h **** void lv_obj_align_to(struct _lv_obj_t * obj, const struct _lv_obj_t * base, lv_align_t align, lv_co
 180:Middlewares/lvgl/examples/scroll/../../src/core/lv_obj_pos.h **** 
 181:Middlewares/lvgl/examples/scroll/../../src/core/lv_obj_pos.h **** /**
 182:Middlewares/lvgl/examples/scroll/../../src/core/lv_obj_pos.h ****  * Align an object to the center on its parent.
 183:Middlewares/lvgl/examples/scroll/../../src/core/lv_obj_pos.h ****  * @param obj       pointer to an object to align
 184:Middlewares/lvgl/examples/scroll/../../src/core/lv_obj_pos.h ****  * @note            if the parent size changes `obj` needs to be aligned manually again
 185:Middlewares/lvgl/examples/scroll/../../src/core/lv_obj_pos.h ****  */
 186:Middlewares/lvgl/examples/scroll/../../src/core/lv_obj_pos.h **** static inline void lv_obj_center(struct _lv_obj_t * obj)
 351              		.loc 4 186 20 view .LVU93
 352              	.LBB28:
 187:Middlewares/lvgl/examples/scroll/../../src/core/lv_obj_pos.h **** {
 188:Middlewares/lvgl/examples/scroll/../../src/core/lv_obj_pos.h ****     lv_obj_align(obj, LV_ALIGN_CENTER, 0, 0);
 353              		.loc 4 188 5 view .LVU94
 354 0018 0023     		movs	r3, #0
 355 001a 1A46     		mov	r2, r3
 356 001c 0921     		movs	r1, #9
 357 001e 3046     		mov	r0, r6
 358 0020 FFF7FEFF 		bl	lv_obj_align
 359              	.LVL46:
 360              		.loc 4 188 5 is_stmt 0 view .LVU95
 361              	.LBE28:
 362              	.LBE27:
  55:Middlewares/lvgl/examples/scroll/lv_example_scroll_6.c ****     lv_obj_set_flex_flow(cont, LV_FLEX_FLOW_COLUMN);
 363              		.loc 1 55 5 is_stmt 1 view .LVU96
 364 0024 0121     		movs	r1, #1
 365 0026 3046     		mov	r0, r6
 366 0028 FFF7FEFF 		bl	lv_obj_set_flex_flow
 367              	.LVL47:
  56:Middlewares/lvgl/examples/scroll/lv_example_scroll_6.c ****     lv_obj_add_event_cb(cont, scroll_event_cb, LV_EVENT_SCROLL, NULL);
 368              		.loc 1 56 5 view .LVU97
 369 002c 0023     		movs	r3, #0
 370 002e 0B22     		movs	r2, #11
 371 0030 1D49     		ldr	r1, .L18
 372 0032 3046     		mov	r0, r6
 373 0034 FFF7FEFF 		bl	lv_obj_add_event_cb
 374              	.LVL48:
  57:Middlewares/lvgl/examples/scroll/lv_example_scroll_6.c ****     lv_obj_set_style_radius(cont, LV_RADIUS_CIRCLE, 0);
 375              		.loc 1 57 5 view .LVU98
 376 0038 0022     		movs	r2, #0
 377 003a 47F6FF71 		movw	r1, #32767
 378 003e 3046     		mov	r0, r6
 379 0040 FFF7FEFF 		bl	lv_obj_set_style_radius
 380              	.LVL49:
  58:Middlewares/lvgl/examples/scroll/lv_example_scroll_6.c ****     lv_obj_set_style_clip_corner(cont, true, 0);
 381              		.loc 1 58 5 view .LVU99
 382 0044 0022     		movs	r2, #0
 383 0046 0121     		movs	r1, #1
 384 0048 3046     		mov	r0, r6
 385 004a FFF7FEFF 		bl	lv_obj_set_style_clip_corner
ARM GAS  /tmp/cc942tXR.s 			page 18


 386              	.LVL50:
  59:Middlewares/lvgl/examples/scroll/lv_example_scroll_6.c ****     lv_obj_set_scroll_dir(cont, LV_DIR_VER);
 387              		.loc 1 59 5 view .LVU100
 388 004e 0C21     		movs	r1, #12
 389 0050 3046     		mov	r0, r6
 390 0052 FFF7FEFF 		bl	lv_obj_set_scroll_dir
 391              	.LVL51:
  60:Middlewares/lvgl/examples/scroll/lv_example_scroll_6.c ****     lv_obj_set_scroll_snap_y(cont, LV_SCROLL_SNAP_CENTER);
 392              		.loc 1 60 5 view .LVU101
 393 0056 0321     		movs	r1, #3
 394 0058 3046     		mov	r0, r6
 395 005a FFF7FEFF 		bl	lv_obj_set_scroll_snap_y
 396              	.LVL52:
  61:Middlewares/lvgl/examples/scroll/lv_example_scroll_6.c ****     lv_obj_set_scrollbar_mode(cont, LV_SCROLLBAR_MODE_OFF);
 397              		.loc 1 61 5 view .LVU102
 398 005e 0021     		movs	r1, #0
 399 0060 3046     		mov	r0, r6
 400 0062 FFF7FEFF 		bl	lv_obj_set_scrollbar_mode
 401              	.LVL53:
  62:Middlewares/lvgl/examples/scroll/lv_example_scroll_6.c **** 
  63:Middlewares/lvgl/examples/scroll/lv_example_scroll_6.c ****     uint32_t i;
 402              		.loc 1 63 5 view .LVU103
  64:Middlewares/lvgl/examples/scroll/lv_example_scroll_6.c ****     for(i = 0; i < 20; i++) {
 403              		.loc 1 64 5 view .LVU104
 404              		.loc 1 64 11 is_stmt 0 view .LVU105
 405 0066 0024     		movs	r4, #0
 406              		.loc 1 64 5 view .LVU106
 407 0068 0FE0     		b	.L15
 408              	.LVL54:
 409              	.L16:
 410              	.LBB29:
  65:Middlewares/lvgl/examples/scroll/lv_example_scroll_6.c ****         lv_obj_t * btn = lv_btn_create(cont);
 411              		.loc 1 65 9 is_stmt 1 discriminator 3 view .LVU107
 412              		.loc 1 65 26 is_stmt 0 discriminator 3 view .LVU108
 413 006a 3046     		mov	r0, r6
 414 006c FFF7FEFF 		bl	lv_btn_create
 415              	.LVL55:
 416 0070 0546     		mov	r5, r0
 417              	.LVL56:
  66:Middlewares/lvgl/examples/scroll/lv_example_scroll_6.c ****         lv_obj_set_width(btn, lv_pct(100));
 418              		.loc 1 66 9 is_stmt 1 discriminator 3 view .LVU109
 419              		.loc 1 66 9 is_stmt 0 discriminator 3 view .LVU110
 420              	.LBE29:
 146:Middlewares/lvgl/examples/scroll/../../src/hal/../misc/lv_area.h **** }
 147:Middlewares/lvgl/examples/scroll/../../src/hal/../misc/lv_area.h **** 
 148:Middlewares/lvgl/examples/scroll/../../src/hal/../misc/lv_area.h **** /**
 149:Middlewares/lvgl/examples/scroll/../../src/hal/../misc/lv_area.h ****  * Set the width of an area
 150:Middlewares/lvgl/examples/scroll/../../src/hal/../misc/lv_area.h ****  * @param area_p pointer to an area
 151:Middlewares/lvgl/examples/scroll/../../src/hal/../misc/lv_area.h ****  * @param w the new width of the area (w == 1 makes x1 == x2)
 152:Middlewares/lvgl/examples/scroll/../../src/hal/../misc/lv_area.h ****  */
 153:Middlewares/lvgl/examples/scroll/../../src/hal/../misc/lv_area.h **** void lv_area_set_width(lv_area_t * area_p, lv_coord_t w);
 154:Middlewares/lvgl/examples/scroll/../../src/hal/../misc/lv_area.h **** 
 155:Middlewares/lvgl/examples/scroll/../../src/hal/../misc/lv_area.h **** /**
 156:Middlewares/lvgl/examples/scroll/../../src/hal/../misc/lv_area.h ****  * Set the height of an area
 157:Middlewares/lvgl/examples/scroll/../../src/hal/../misc/lv_area.h ****  * @param area_p pointer to an area
 158:Middlewares/lvgl/examples/scroll/../../src/hal/../misc/lv_area.h ****  * @param h the new height of the area (h == 1 makes y1 == y2)
 159:Middlewares/lvgl/examples/scroll/../../src/hal/../misc/lv_area.h ****  */
ARM GAS  /tmp/cc942tXR.s 			page 19


 160:Middlewares/lvgl/examples/scroll/../../src/hal/../misc/lv_area.h **** void lv_area_set_height(lv_area_t * area_p, lv_coord_t h);
 161:Middlewares/lvgl/examples/scroll/../../src/hal/../misc/lv_area.h **** 
 162:Middlewares/lvgl/examples/scroll/../../src/hal/../misc/lv_area.h **** /**
 163:Middlewares/lvgl/examples/scroll/../../src/hal/../misc/lv_area.h ****  * Set the position of an area (width and height will be kept)
 164:Middlewares/lvgl/examples/scroll/../../src/hal/../misc/lv_area.h ****  * @param area_p pointer to an area
 165:Middlewares/lvgl/examples/scroll/../../src/hal/../misc/lv_area.h ****  * @param x the new x coordinate of the area
 166:Middlewares/lvgl/examples/scroll/../../src/hal/../misc/lv_area.h ****  * @param y the new y coordinate of the area
 167:Middlewares/lvgl/examples/scroll/../../src/hal/../misc/lv_area.h ****  */
 168:Middlewares/lvgl/examples/scroll/../../src/hal/../misc/lv_area.h **** void _lv_area_set_pos(lv_area_t * area_p, lv_coord_t x, lv_coord_t y);
 169:Middlewares/lvgl/examples/scroll/../../src/hal/../misc/lv_area.h **** 
 170:Middlewares/lvgl/examples/scroll/../../src/hal/../misc/lv_area.h **** /**
 171:Middlewares/lvgl/examples/scroll/../../src/hal/../misc/lv_area.h ****  * Return with area of an area (x * y)
 172:Middlewares/lvgl/examples/scroll/../../src/hal/../misc/lv_area.h ****  * @param area_p pointer to an area
 173:Middlewares/lvgl/examples/scroll/../../src/hal/../misc/lv_area.h ****  * @return size of area
 174:Middlewares/lvgl/examples/scroll/../../src/hal/../misc/lv_area.h ****  */
 175:Middlewares/lvgl/examples/scroll/../../src/hal/../misc/lv_area.h **** uint32_t lv_area_get_size(const lv_area_t * area_p);
 176:Middlewares/lvgl/examples/scroll/../../src/hal/../misc/lv_area.h **** 
 177:Middlewares/lvgl/examples/scroll/../../src/hal/../misc/lv_area.h **** void lv_area_increase(lv_area_t * area, lv_coord_t w_extra, lv_coord_t h_extra);
 178:Middlewares/lvgl/examples/scroll/../../src/hal/../misc/lv_area.h **** 
 179:Middlewares/lvgl/examples/scroll/../../src/hal/../misc/lv_area.h **** void lv_area_move(lv_area_t * area, lv_coord_t x_ofs, lv_coord_t y_ofs);
 180:Middlewares/lvgl/examples/scroll/../../src/hal/../misc/lv_area.h **** 
 181:Middlewares/lvgl/examples/scroll/../../src/hal/../misc/lv_area.h **** /**
 182:Middlewares/lvgl/examples/scroll/../../src/hal/../misc/lv_area.h ****  * Get the common parts of two areas
 183:Middlewares/lvgl/examples/scroll/../../src/hal/../misc/lv_area.h ****  * @param res_p pointer to an area, the result will be stored her
 184:Middlewares/lvgl/examples/scroll/../../src/hal/../misc/lv_area.h ****  * @param a1_p pointer to the first area
 185:Middlewares/lvgl/examples/scroll/../../src/hal/../misc/lv_area.h ****  * @param a2_p pointer to the second area
 186:Middlewares/lvgl/examples/scroll/../../src/hal/../misc/lv_area.h ****  * @return false: the two area has NO common parts, res_p is invalid
 187:Middlewares/lvgl/examples/scroll/../../src/hal/../misc/lv_area.h ****  */
 188:Middlewares/lvgl/examples/scroll/../../src/hal/../misc/lv_area.h **** bool _lv_area_intersect(lv_area_t * res_p, const lv_area_t * a1_p, const lv_area_t * a2_p);
 189:Middlewares/lvgl/examples/scroll/../../src/hal/../misc/lv_area.h **** 
 190:Middlewares/lvgl/examples/scroll/../../src/hal/../misc/lv_area.h **** /**
 191:Middlewares/lvgl/examples/scroll/../../src/hal/../misc/lv_area.h ****  * Join two areas into a third which involves the other two
 192:Middlewares/lvgl/examples/scroll/../../src/hal/../misc/lv_area.h ****  * @param res_p pointer to an area, the result will be stored here
 193:Middlewares/lvgl/examples/scroll/../../src/hal/../misc/lv_area.h ****  * @param a1_p pointer to the first area
 194:Middlewares/lvgl/examples/scroll/../../src/hal/../misc/lv_area.h ****  * @param a2_p pointer to the second area
 195:Middlewares/lvgl/examples/scroll/../../src/hal/../misc/lv_area.h ****  */
 196:Middlewares/lvgl/examples/scroll/../../src/hal/../misc/lv_area.h **** void _lv_area_join(lv_area_t * a_res_p, const lv_area_t * a1_p, const lv_area_t * a2_p);
 197:Middlewares/lvgl/examples/scroll/../../src/hal/../misc/lv_area.h **** 
 198:Middlewares/lvgl/examples/scroll/../../src/hal/../misc/lv_area.h **** /**
 199:Middlewares/lvgl/examples/scroll/../../src/hal/../misc/lv_area.h ****  * Check if a point is on an area
 200:Middlewares/lvgl/examples/scroll/../../src/hal/../misc/lv_area.h ****  * @param a_p pointer to an area
 201:Middlewares/lvgl/examples/scroll/../../src/hal/../misc/lv_area.h ****  * @param p_p pointer to a point
 202:Middlewares/lvgl/examples/scroll/../../src/hal/../misc/lv_area.h ****  * @param radius radius of area (e.g. for rounded rectangle)
 203:Middlewares/lvgl/examples/scroll/../../src/hal/../misc/lv_area.h ****  * @return false:the point is out of the area
 204:Middlewares/lvgl/examples/scroll/../../src/hal/../misc/lv_area.h ****  */
 205:Middlewares/lvgl/examples/scroll/../../src/hal/../misc/lv_area.h **** bool _lv_area_is_point_on(const lv_area_t * a_p, const lv_point_t * p_p, lv_coord_t radius);
 206:Middlewares/lvgl/examples/scroll/../../src/hal/../misc/lv_area.h **** 
 207:Middlewares/lvgl/examples/scroll/../../src/hal/../misc/lv_area.h **** /**
 208:Middlewares/lvgl/examples/scroll/../../src/hal/../misc/lv_area.h ****  * Check if two area has common parts
 209:Middlewares/lvgl/examples/scroll/../../src/hal/../misc/lv_area.h ****  * @param a1_p pointer to an area.
 210:Middlewares/lvgl/examples/scroll/../../src/hal/../misc/lv_area.h ****  * @param a2_p pointer to an other area
 211:Middlewares/lvgl/examples/scroll/../../src/hal/../misc/lv_area.h ****  * @return false: a1_p and a2_p has no common parts
 212:Middlewares/lvgl/examples/scroll/../../src/hal/../misc/lv_area.h ****  */
 213:Middlewares/lvgl/examples/scroll/../../src/hal/../misc/lv_area.h **** bool _lv_area_is_on(const lv_area_t * a1_p, const lv_area_t * a2_p);
 214:Middlewares/lvgl/examples/scroll/../../src/hal/../misc/lv_area.h **** 
 215:Middlewares/lvgl/examples/scroll/../../src/hal/../misc/lv_area.h **** /**
 216:Middlewares/lvgl/examples/scroll/../../src/hal/../misc/lv_area.h ****  * Check if an area is fully on an other
ARM GAS  /tmp/cc942tXR.s 			page 20


 217:Middlewares/lvgl/examples/scroll/../../src/hal/../misc/lv_area.h ****  * @param ain_p pointer to an area which could be in 'aholder_p'
 218:Middlewares/lvgl/examples/scroll/../../src/hal/../misc/lv_area.h ****  * @param aholder_p pointer to an area which could involve 'ain_p'
 219:Middlewares/lvgl/examples/scroll/../../src/hal/../misc/lv_area.h ****  * @param radius radius of `aholder_p` (e.g. for rounded rectangle)
 220:Middlewares/lvgl/examples/scroll/../../src/hal/../misc/lv_area.h ****  * @return true: `ain_p` is fully inside `aholder_p`
 221:Middlewares/lvgl/examples/scroll/../../src/hal/../misc/lv_area.h ****  */
 222:Middlewares/lvgl/examples/scroll/../../src/hal/../misc/lv_area.h **** bool _lv_area_is_in(const lv_area_t * ain_p, const lv_area_t * aholder_p, lv_coord_t radius);
 223:Middlewares/lvgl/examples/scroll/../../src/hal/../misc/lv_area.h **** 
 224:Middlewares/lvgl/examples/scroll/../../src/hal/../misc/lv_area.h **** /**
 225:Middlewares/lvgl/examples/scroll/../../src/hal/../misc/lv_area.h ****  * Align an area to an other
 226:Middlewares/lvgl/examples/scroll/../../src/hal/../misc/lv_area.h ****  * @param base an are where the other will be aligned
 227:Middlewares/lvgl/examples/scroll/../../src/hal/../misc/lv_area.h ****  * @param to_align the area to align
 228:Middlewares/lvgl/examples/scroll/../../src/hal/../misc/lv_area.h ****  * @param align `LV_ALIGN_...`
 229:Middlewares/lvgl/examples/scroll/../../src/hal/../misc/lv_area.h ****  */
 230:Middlewares/lvgl/examples/scroll/../../src/hal/../misc/lv_area.h **** void lv_area_align(const lv_area_t * base, lv_area_t * to_align, lv_align_t align, lv_coord_t ofs_x
 231:Middlewares/lvgl/examples/scroll/../../src/hal/../misc/lv_area.h **** 
 232:Middlewares/lvgl/examples/scroll/../../src/hal/../misc/lv_area.h **** /**********************
 233:Middlewares/lvgl/examples/scroll/../../src/hal/../misc/lv_area.h ****  *      MACROS
 234:Middlewares/lvgl/examples/scroll/../../src/hal/../misc/lv_area.h ****  **********************/
 235:Middlewares/lvgl/examples/scroll/../../src/hal/../misc/lv_area.h **** 
 236:Middlewares/lvgl/examples/scroll/../../src/hal/../misc/lv_area.h **** #if LV_USE_LARGE_COORD
 237:Middlewares/lvgl/examples/scroll/../../src/hal/../misc/lv_area.h **** #define _LV_COORD_TYPE_SHIFT    (29)
 238:Middlewares/lvgl/examples/scroll/../../src/hal/../misc/lv_area.h **** #else
 239:Middlewares/lvgl/examples/scroll/../../src/hal/../misc/lv_area.h **** #define _LV_COORD_TYPE_SHIFT    (13)
 240:Middlewares/lvgl/examples/scroll/../../src/hal/../misc/lv_area.h **** #endif
 241:Middlewares/lvgl/examples/scroll/../../src/hal/../misc/lv_area.h **** 
 242:Middlewares/lvgl/examples/scroll/../../src/hal/../misc/lv_area.h **** #define _LV_COORD_TYPE_MASK     (3 << _LV_COORD_TYPE_SHIFT)
 243:Middlewares/lvgl/examples/scroll/../../src/hal/../misc/lv_area.h **** #define _LV_COORD_PLAIN(x)      ((x) & (~_LV_COORD_TYPE_MASK))  /*Remove type specifiers*/
 244:Middlewares/lvgl/examples/scroll/../../src/hal/../misc/lv_area.h **** 
 245:Middlewares/lvgl/examples/scroll/../../src/hal/../misc/lv_area.h **** #define _LV_COORD_TYPE_PX       (0 << _LV_COORD_TYPE_SHIFT)
 246:Middlewares/lvgl/examples/scroll/../../src/hal/../misc/lv_area.h **** #define _LV_COORD_TYPE_SPEC     (1 << _LV_COORD_TYPE_SHIFT)
 247:Middlewares/lvgl/examples/scroll/../../src/hal/../misc/lv_area.h **** #define _LV_COORD_TYPE_RESERVED (3 << _LV_COORD_TYPE_SHIFT)
 248:Middlewares/lvgl/examples/scroll/../../src/hal/../misc/lv_area.h **** 
 249:Middlewares/lvgl/examples/scroll/../../src/hal/../misc/lv_area.h **** #define LV_COORD_IS_PX(x)     ((((x) & _LV_COORD_TYPE_MASK) == _LV_COORD_TYPE_PX) ? true : false)
 250:Middlewares/lvgl/examples/scroll/../../src/hal/../misc/lv_area.h **** #define LV_COORD_IS_SPEC(x)   ((((x) & _LV_COORD_TYPE_MASK) == _LV_COORD_TYPE_SPEC) ? true : false)
 251:Middlewares/lvgl/examples/scroll/../../src/hal/../misc/lv_area.h **** 
 252:Middlewares/lvgl/examples/scroll/../../src/hal/../misc/lv_area.h **** #define LV_COORD_SET_SPEC(x)   ((x) | _LV_COORD_TYPE_SPEC)
 253:Middlewares/lvgl/examples/scroll/../../src/hal/../misc/lv_area.h **** 
 254:Middlewares/lvgl/examples/scroll/../../src/hal/../misc/lv_area.h **** /*Special coordinates*/
 255:Middlewares/lvgl/examples/scroll/../../src/hal/../misc/lv_area.h **** #define LV_PCT(x)               (x < 0 ? LV_COORD_SET_SPEC(1000 - (x)) : LV_COORD_SET_SPEC(x))
 256:Middlewares/lvgl/examples/scroll/../../src/hal/../misc/lv_area.h **** #define LV_COORD_IS_PCT(x)      ((LV_COORD_IS_SPEC(x) && _LV_COORD_PLAIN(x) <= 2000) ? true : false
 257:Middlewares/lvgl/examples/scroll/../../src/hal/../misc/lv_area.h **** #define LV_COORD_GET_PCT(x)     (_LV_COORD_PLAIN(x) > 1000 ? 1000 - _LV_COORD_PLAIN(x) : _LV_COORD_
 258:Middlewares/lvgl/examples/scroll/../../src/hal/../misc/lv_area.h **** #define LV_SIZE_CONTENT         LV_COORD_SET_SPEC(2001)
 259:Middlewares/lvgl/examples/scroll/../../src/hal/../misc/lv_area.h **** 
 260:Middlewares/lvgl/examples/scroll/../../src/hal/../misc/lv_area.h **** LV_EXPORT_CONST_INT(LV_SIZE_CONTENT);
 261:Middlewares/lvgl/examples/scroll/../../src/hal/../misc/lv_area.h **** 
 262:Middlewares/lvgl/examples/scroll/../../src/hal/../misc/lv_area.h **** /**
 263:Middlewares/lvgl/examples/scroll/../../src/hal/../misc/lv_area.h ****  * Convert a percentage value to `lv_coord_t`.
 264:Middlewares/lvgl/examples/scroll/../../src/hal/../misc/lv_area.h ****  * Percentage values are stored in special range
 265:Middlewares/lvgl/examples/scroll/../../src/hal/../misc/lv_area.h ****  * @param x the percentage (0..1000)
 266:Middlewares/lvgl/examples/scroll/../../src/hal/../misc/lv_area.h ****  * @return a coordinate that stores the percentage
 267:Middlewares/lvgl/examples/scroll/../../src/hal/../misc/lv_area.h ****  */
 268:Middlewares/lvgl/examples/scroll/../../src/hal/../misc/lv_area.h **** static inline lv_coord_t lv_pct(lv_coord_t x)
 269:Middlewares/lvgl/examples/scroll/../../src/hal/../misc/lv_area.h **** {
 270:Middlewares/lvgl/examples/scroll/../../src/hal/../misc/lv_area.h ****     return LV_PCT(x);
 421              		.loc 2 270 5 is_stmt 1 discriminator 3 view .LVU111
 422              	.LBB30:
 423              		.loc 1 66 9 is_stmt 0 discriminator 3 view .LVU112
ARM GAS  /tmp/cc942tXR.s 			page 21


 424 0072 42F26401 		movw	r1, #8292
 425 0076 FFF7FEFF 		bl	lv_obj_set_width
 426              	.LVL57:
  67:Middlewares/lvgl/examples/scroll/lv_example_scroll_6.c **** 
  68:Middlewares/lvgl/examples/scroll/lv_example_scroll_6.c ****         lv_obj_t * label = lv_label_create(btn);
 427              		.loc 1 68 9 is_stmt 1 discriminator 3 view .LVU113
 428              		.loc 1 68 28 is_stmt 0 discriminator 3 view .LVU114
 429 007a 2846     		mov	r0, r5
 430 007c FFF7FEFF 		bl	lv_label_create
 431              	.LVL58:
  69:Middlewares/lvgl/examples/scroll/lv_example_scroll_6.c ****         lv_label_set_text_fmt(label, "Button %d", i);
 432              		.loc 1 69 9 is_stmt 1 discriminator 3 view .LVU115
 433 0080 2246     		mov	r2, r4
 434 0082 0A49     		ldr	r1, .L18+4
 435 0084 FFF7FEFF 		bl	lv_label_set_text_fmt
 436              	.LVL59:
 437              		.loc 1 69 9 is_stmt 0 discriminator 3 view .LVU116
 438              	.LBE30:
  64:Middlewares/lvgl/examples/scroll/lv_example_scroll_6.c ****         lv_obj_t * btn = lv_btn_create(cont);
 439              		.loc 1 64 24 is_stmt 1 discriminator 3 view .LVU117
  64:Middlewares/lvgl/examples/scroll/lv_example_scroll_6.c ****         lv_obj_t * btn = lv_btn_create(cont);
 440              		.loc 1 64 25 is_stmt 0 discriminator 3 view .LVU118
 441 0088 0134     		adds	r4, r4, #1
 442              	.LVL60:
 443              	.L15:
  64:Middlewares/lvgl/examples/scroll/lv_example_scroll_6.c ****         lv_obj_t * btn = lv_btn_create(cont);
 444              		.loc 1 64 16 is_stmt 1 discriminator 1 view .LVU119
  64:Middlewares/lvgl/examples/scroll/lv_example_scroll_6.c ****         lv_obj_t * btn = lv_btn_create(cont);
 445              		.loc 1 64 5 is_stmt 0 discriminator 1 view .LVU120
 446 008a 132C     		cmp	r4, #19
 447 008c EDD9     		bls	.L16
  70:Middlewares/lvgl/examples/scroll/lv_example_scroll_6.c ****     }
  71:Middlewares/lvgl/examples/scroll/lv_example_scroll_6.c **** 
  72:Middlewares/lvgl/examples/scroll/lv_example_scroll_6.c ****     /*Update the buttons position manually for first*/
  73:Middlewares/lvgl/examples/scroll/lv_example_scroll_6.c ****     lv_event_send(cont, LV_EVENT_SCROLL, NULL);
 448              		.loc 1 73 5 is_stmt 1 view .LVU121
 449 008e 0022     		movs	r2, #0
 450 0090 0B21     		movs	r1, #11
 451 0092 3046     		mov	r0, r6
 452 0094 FFF7FEFF 		bl	lv_event_send
 453              	.LVL61:
  74:Middlewares/lvgl/examples/scroll/lv_example_scroll_6.c **** 
  75:Middlewares/lvgl/examples/scroll/lv_example_scroll_6.c ****     /*Be sure the fist button is in the middle*/
  76:Middlewares/lvgl/examples/scroll/lv_example_scroll_6.c ****     lv_obj_scroll_to_view(lv_obj_get_child(cont, 0), LV_ANIM_OFF);
 454              		.loc 1 76 5 view .LVU122
 455 0098 0021     		movs	r1, #0
 456 009a 3046     		mov	r0, r6
 457 009c FFF7FEFF 		bl	lv_obj_get_child
 458              	.LVL62:
 459 00a0 0021     		movs	r1, #0
 460 00a2 FFF7FEFF 		bl	lv_obj_scroll_to_view
 461              	.LVL63:
  77:Middlewares/lvgl/examples/scroll/lv_example_scroll_6.c **** }
 462              		.loc 1 77 1 is_stmt 0 view .LVU123
 463 00a6 70BD     		pop	{r4, r5, r6, pc}
 464              	.LVL64:
 465              	.L19:
ARM GAS  /tmp/cc942tXR.s 			page 22


 466              		.loc 1 77 1 view .LVU124
 467              		.align	2
 468              	.L18:
 469 00a8 00000000 		.word	scroll_event_cb
 470 00ac 00000000 		.word	.LC0
 471              		.cfi_endproc
 472              	.LFE185:
 474              		.text
 475              	.Letext0:
 476              		.file 5 "/home/akinya/gcc-arm-none-eabi/arm-none-eabi/include/machine/_default_types.h"
 477              		.file 6 "/home/akinya/gcc-arm-none-eabi/arm-none-eabi/include/sys/_stdint.h"
 478              		.file 7 "Middlewares/lvgl/examples/scroll/../../src/misc/lv_ll.h"
 479              		.file 8 "Middlewares/lvgl/examples/scroll/../../src/misc/lv_math.h"
 480              		.file 9 "Middlewares/lvgl/examples/scroll/../../src/hal/../misc/lv_color.h"
 481              		.file 10 "Middlewares/lvgl/examples/scroll/../../src/core/lv_obj.h"
 482              		.file 11 "Middlewares/lvgl/examples/scroll/../../src/core/lv_group.h"
 483              		.file 12 "Middlewares/lvgl/examples/scroll/../../src/core/../misc/lv_anim.h"
 484              		.file 13 "Middlewares/lvgl/examples/scroll/../../src/core/../misc/lv_style.h"
 485              		.file 14 "Middlewares/lvgl/examples/scroll/../../src/core/lv_obj_scroll.h"
 486              		.file 15 "Middlewares/lvgl/examples/scroll/../../src/core/lv_obj_style.h"
 487              		.file 16 "Middlewares/lvgl/examples/scroll/../../src/core/lv_obj_class.h"
 488              		.file 17 "Middlewares/lvgl/examples/scroll/../../src/core/lv_event.h"
 489              		.file 18 "Middlewares/lvgl/examples/scroll/../../src/extra/widgets/list/../../layouts/flex/lv_flex
 490              		.file 19 "Middlewares/lvgl/examples/scroll/../../src/widgets/lv_btn.h"
 491              		.file 20 "Middlewares/lvgl/examples/scroll/../../src/widgets/lv_label.h"
 492              		.file 21 "Middlewares/lvgl/examples/scroll/../../src/hal/lv_hal_disp.h"
 493              		.file 22 "Middlewares/lvgl/examples/scroll/../../src/core/lv_obj_style_gen.h"
 494              		.file 23 "Middlewares/lvgl/examples/scroll/../../src/core/lv_obj_tree.h"
ARM GAS  /tmp/cc942tXR.s 			page 23


DEFINED SYMBOLS
                            *ABS*:0000000000000000 lv_example_scroll_6.c
     /tmp/cc942tXR.s:17     .text.scroll_event_cb:0000000000000000 $t
     /tmp/cc942tXR.s:24     .text.scroll_event_cb:0000000000000000 scroll_event_cb
     /tmp/cc942tXR.s:294    .text.scroll_event_cb:00000000000000fc $d
     /tmp/cc942tXR.s:299    .rodata.lv_example_scroll_6.str1.4:0000000000000000 $d
     /tmp/cc942tXR.s:303    .text.lv_example_scroll_6:0000000000000000 $t
     /tmp/cc942tXR.s:310    .text.lv_example_scroll_6:0000000000000000 lv_example_scroll_6
     /tmp/cc942tXR.s:469    .text.lv_example_scroll_6:00000000000000a8 $d

UNDEFINED SYMBOLS
lv_event_get_target
lv_obj_get_coords
lv_obj_get_height
lv_obj_get_child_cnt
lv_obj_set_style_translate_x
lv_map
lv_obj_set_style_opa
lv_obj_get_child
lv_sqrt
lv_disp_get_default
lv_disp_get_scr_act
lv_obj_create
lv_obj_set_size
lv_obj_align
lv_obj_set_flex_flow
lv_obj_add_event_cb
lv_obj_set_style_radius
lv_obj_set_style_clip_corner
lv_obj_set_scroll_dir
lv_obj_set_scroll_snap_y
lv_obj_set_scrollbar_mode
lv_btn_create
lv_obj_set_width
lv_label_create
lv_label_set_text_fmt
lv_event_send
lv_obj_scroll_to_view
