ARM GAS  /tmp/ccHPrjO4.s 			page 1


   1              		.cpu cortex-m7
   2              		.arch armv7e-m
   3              		.fpu fpv5-d16
   4              		.eabi_attribute 28, 1
   5              		.eabi_attribute 20, 1
   6              		.eabi_attribute 21, 1
   7              		.eabi_attribute 23, 3
   8              		.eabi_attribute 24, 1
   9              		.eabi_attribute 25, 1
  10              		.eabi_attribute 26, 1
  11              		.eabi_attribute 30, 1
  12              		.eabi_attribute 34, 1
  13              		.eabi_attribute 18, 4
  14              		.file	"lv_font.c"
  15              		.text
  16              	.Ltext0:
  17              		.cfi_sections	.debug_frame
  18              		.section	.text.lv_font_get_glyph_bitmap,"ax",%progbits
  19              		.align	1
  20              		.global	lv_font_get_glyph_bitmap
  21              		.syntax unified
  22              		.thumb
  23              		.thumb_func
  25              	lv_font_get_glyph_bitmap:
  26              	.LVL0:
  27              	.LFB6:
  28              		.file 1 "Middlewares/lvgl/src/font/lv_font.c"
   1:Middlewares/lvgl/src/font/lv_font.c **** /**
   2:Middlewares/lvgl/src/font/lv_font.c ****  * @file lv_font.c
   3:Middlewares/lvgl/src/font/lv_font.c ****  *
   4:Middlewares/lvgl/src/font/lv_font.c ****  */
   5:Middlewares/lvgl/src/font/lv_font.c **** 
   6:Middlewares/lvgl/src/font/lv_font.c **** /*********************
   7:Middlewares/lvgl/src/font/lv_font.c ****  *      INCLUDES
   8:Middlewares/lvgl/src/font/lv_font.c ****  *********************/
   9:Middlewares/lvgl/src/font/lv_font.c **** 
  10:Middlewares/lvgl/src/font/lv_font.c **** #include "lv_font.h"
  11:Middlewares/lvgl/src/font/lv_font.c **** #include "../misc/lv_utils.h"
  12:Middlewares/lvgl/src/font/lv_font.c **** #include "../misc/lv_log.h"
  13:Middlewares/lvgl/src/font/lv_font.c **** 
  14:Middlewares/lvgl/src/font/lv_font.c **** /*********************
  15:Middlewares/lvgl/src/font/lv_font.c ****  *      DEFINES
  16:Middlewares/lvgl/src/font/lv_font.c ****  *********************/
  17:Middlewares/lvgl/src/font/lv_font.c **** 
  18:Middlewares/lvgl/src/font/lv_font.c **** /**********************
  19:Middlewares/lvgl/src/font/lv_font.c ****  *      TYPEDEFS
  20:Middlewares/lvgl/src/font/lv_font.c ****  **********************/
  21:Middlewares/lvgl/src/font/lv_font.c **** 
  22:Middlewares/lvgl/src/font/lv_font.c **** /**********************
  23:Middlewares/lvgl/src/font/lv_font.c ****  *  STATIC PROTOTYPES
  24:Middlewares/lvgl/src/font/lv_font.c ****  **********************/
  25:Middlewares/lvgl/src/font/lv_font.c **** 
  26:Middlewares/lvgl/src/font/lv_font.c **** /**********************
  27:Middlewares/lvgl/src/font/lv_font.c ****  *  STATIC VARIABLES
  28:Middlewares/lvgl/src/font/lv_font.c ****  **********************/
  29:Middlewares/lvgl/src/font/lv_font.c **** 
  30:Middlewares/lvgl/src/font/lv_font.c **** /**********************
ARM GAS  /tmp/ccHPrjO4.s 			page 2


  31:Middlewares/lvgl/src/font/lv_font.c ****  * GLOBAL PROTOTYPES
  32:Middlewares/lvgl/src/font/lv_font.c ****  **********************/
  33:Middlewares/lvgl/src/font/lv_font.c **** 
  34:Middlewares/lvgl/src/font/lv_font.c **** /**********************
  35:Middlewares/lvgl/src/font/lv_font.c ****  *      MACROS
  36:Middlewares/lvgl/src/font/lv_font.c ****  **********************/
  37:Middlewares/lvgl/src/font/lv_font.c **** 
  38:Middlewares/lvgl/src/font/lv_font.c **** /**********************
  39:Middlewares/lvgl/src/font/lv_font.c ****  *   GLOBAL FUNCTIONS
  40:Middlewares/lvgl/src/font/lv_font.c ****  **********************/
  41:Middlewares/lvgl/src/font/lv_font.c **** 
  42:Middlewares/lvgl/src/font/lv_font.c **** /**
  43:Middlewares/lvgl/src/font/lv_font.c ****  * Return with the bitmap of a font.
  44:Middlewares/lvgl/src/font/lv_font.c ****  * @param font_p pointer to a font
  45:Middlewares/lvgl/src/font/lv_font.c ****  * @param letter an UNICODE character code
  46:Middlewares/lvgl/src/font/lv_font.c ****  * @return pointer to the bitmap of the letter
  47:Middlewares/lvgl/src/font/lv_font.c ****  */
  48:Middlewares/lvgl/src/font/lv_font.c **** const uint8_t * lv_font_get_glyph_bitmap(const lv_font_t * font_p, uint32_t letter)
  49:Middlewares/lvgl/src/font/lv_font.c **** {
  29              		.loc 1 49 1 view -0
  30              		.cfi_startproc
  31              		@ args = 0, pretend = 0, frame = 0
  32              		@ frame_needed = 0, uses_anonymous_args = 0
  33              		.loc 1 49 1 is_stmt 0 view .LVU1
  34 0000 08B5     		push	{r3, lr}
  35              	.LCFI0:
  36              		.cfi_def_cfa_offset 8
  37              		.cfi_offset 3, -8
  38              		.cfi_offset 14, -4
  50:Middlewares/lvgl/src/font/lv_font.c ****     return font_p->get_glyph_bitmap(font_p, letter);
  39              		.loc 1 50 5 is_stmt 1 view .LVU2
  40              		.loc 1 50 18 is_stmt 0 view .LVU3
  41 0002 4368     		ldr	r3, [r0, #4]
  42              		.loc 1 50 12 view .LVU4
  43 0004 9847     		blx	r3
  44              	.LVL1:
  51:Middlewares/lvgl/src/font/lv_font.c **** }
  45              		.loc 1 51 1 view .LVU5
  46 0006 08BD     		pop	{r3, pc}
  47              		.cfi_endproc
  48              	.LFE6:
  50              		.section	.text.lv_font_get_glyph_dsc,"ax",%progbits
  51              		.align	1
  52              		.global	lv_font_get_glyph_dsc
  53              		.syntax unified
  54              		.thumb
  55              		.thumb_func
  57              	lv_font_get_glyph_dsc:
  58              	.LVL2:
  59              	.LFB7:
  52:Middlewares/lvgl/src/font/lv_font.c **** 
  53:Middlewares/lvgl/src/font/lv_font.c **** /**
  54:Middlewares/lvgl/src/font/lv_font.c ****  * Get the descriptor of a glyph
  55:Middlewares/lvgl/src/font/lv_font.c ****  * @param font_p pointer to font
  56:Middlewares/lvgl/src/font/lv_font.c ****  * @param dsc_out store the result descriptor here
  57:Middlewares/lvgl/src/font/lv_font.c ****  * @param letter an UNICODE letter code
  58:Middlewares/lvgl/src/font/lv_font.c ****  * @return true: descriptor is successfully loaded into `dsc_out`.
ARM GAS  /tmp/ccHPrjO4.s 			page 3


  59:Middlewares/lvgl/src/font/lv_font.c ****  *         false: the letter was not found, no data is loaded to `dsc_out`
  60:Middlewares/lvgl/src/font/lv_font.c ****  */
  61:Middlewares/lvgl/src/font/lv_font.c **** bool lv_font_get_glyph_dsc(const lv_font_t * font_p, lv_font_glyph_dsc_t * dsc_out, uint32_t letter
  62:Middlewares/lvgl/src/font/lv_font.c ****                            uint32_t letter_next)
  63:Middlewares/lvgl/src/font/lv_font.c **** {
  60              		.loc 1 63 1 is_stmt 1 view -0
  61              		.cfi_startproc
  62              		@ args = 0, pretend = 0, frame = 0
  63              		@ frame_needed = 0, uses_anonymous_args = 0
  64              		.loc 1 63 1 is_stmt 0 view .LVU7
  65 0000 10B5     		push	{r4, lr}
  66              	.LCFI1:
  67              		.cfi_def_cfa_offset 8
  68              		.cfi_offset 4, -8
  69              		.cfi_offset 14, -4
  64:Middlewares/lvgl/src/font/lv_font.c ****     return font_p->get_glyph_dsc(font_p, dsc_out, letter, letter_next);
  70              		.loc 1 64 5 is_stmt 1 view .LVU8
  71              		.loc 1 64 18 is_stmt 0 view .LVU9
  72 0002 0468     		ldr	r4, [r0]
  73              		.loc 1 64 12 view .LVU10
  74 0004 A047     		blx	r4
  75              	.LVL3:
  65:Middlewares/lvgl/src/font/lv_font.c **** }
  76              		.loc 1 65 1 view .LVU11
  77 0006 10BD     		pop	{r4, pc}
  78              		.cfi_endproc
  79              	.LFE7:
  81              		.section	.text.lv_font_get_glyph_width,"ax",%progbits
  82              		.align	1
  83              		.global	lv_font_get_glyph_width
  84              		.syntax unified
  85              		.thumb
  86              		.thumb_func
  88              	lv_font_get_glyph_width:
  89              	.LVL4:
  90              	.LFB8:
  66:Middlewares/lvgl/src/font/lv_font.c **** 
  67:Middlewares/lvgl/src/font/lv_font.c **** /**
  68:Middlewares/lvgl/src/font/lv_font.c ****  * Get the width of a glyph with kerning
  69:Middlewares/lvgl/src/font/lv_font.c ****  * @param font pointer to a font
  70:Middlewares/lvgl/src/font/lv_font.c ****  * @param letter an UNICODE letter
  71:Middlewares/lvgl/src/font/lv_font.c ****  * @param letter_next the next letter after `letter`. Used for kerning
  72:Middlewares/lvgl/src/font/lv_font.c ****  * @return the width of the glyph
  73:Middlewares/lvgl/src/font/lv_font.c ****  */
  74:Middlewares/lvgl/src/font/lv_font.c **** uint16_t lv_font_get_glyph_width(const lv_font_t * font, uint32_t letter, uint32_t letter_next)
  75:Middlewares/lvgl/src/font/lv_font.c **** {
  91              		.loc 1 75 1 is_stmt 1 view -0
  92              		.cfi_startproc
  93              		@ args = 0, pretend = 0, frame = 16
  94              		@ frame_needed = 0, uses_anonymous_args = 0
  95              		.loc 1 75 1 is_stmt 0 view .LVU13
  96 0000 00B5     		push	{lr}
  97              	.LCFI2:
  98              		.cfi_def_cfa_offset 4
  99              		.cfi_offset 14, -4
 100 0002 85B0     		sub	sp, sp, #20
 101              	.LCFI3:
ARM GAS  /tmp/ccHPrjO4.s 			page 4


 102              		.cfi_def_cfa_offset 24
 103 0004 1346     		mov	r3, r2
  76:Middlewares/lvgl/src/font/lv_font.c ****     lv_font_glyph_dsc_t g;
 104              		.loc 1 76 5 is_stmt 1 view .LVU14
  77:Middlewares/lvgl/src/font/lv_font.c ****     bool ret;
 105              		.loc 1 77 5 view .LVU15
  78:Middlewares/lvgl/src/font/lv_font.c ****     ret = lv_font_get_glyph_dsc(font, &g, letter, letter_next);
 106              		.loc 1 78 5 view .LVU16
 107              		.loc 1 78 11 is_stmt 0 view .LVU17
 108 0006 0A46     		mov	r2, r1
 109              	.LVL5:
 110              		.loc 1 78 11 view .LVU18
 111 0008 01A9     		add	r1, sp, #4
 112              	.LVL6:
 113              		.loc 1 78 11 view .LVU19
 114 000a FFF7FEFF 		bl	lv_font_get_glyph_dsc
 115              	.LVL7:
  79:Middlewares/lvgl/src/font/lv_font.c ****     if(ret) return g.adv_w;
 116              		.loc 1 79 5 is_stmt 1 view .LVU20
 117              		.loc 1 79 7 is_stmt 0 view .LVU21
 118 000e 20B1     		cbz	r0, .L7
 119              		.loc 1 79 13 is_stmt 1 discriminator 1 view .LVU22
 120              		.loc 1 79 21 is_stmt 0 discriminator 1 view .LVU23
 121 0010 BDF80400 		ldrh	r0, [sp, #4]
 122              	.LVL8:
 123              	.L6:
  80:Middlewares/lvgl/src/font/lv_font.c ****     else return 0;
  81:Middlewares/lvgl/src/font/lv_font.c **** }
 124              		.loc 1 81 1 view .LVU24
 125 0014 05B0     		add	sp, sp, #20
 126              	.LCFI4:
 127              		.cfi_remember_state
 128              		.cfi_def_cfa_offset 4
 129              		@ sp needed
 130 0016 5DF804FB 		ldr	pc, [sp], #4
 131              	.LVL9:
 132              	.L7:
 133              	.LCFI5:
 134              		.cfi_restore_state
  80:Middlewares/lvgl/src/font/lv_font.c ****     else return 0;
 135              		.loc 1 80 17 view .LVU25
 136 001a 0020     		movs	r0, #0
 137              	.LVL10:
  80:Middlewares/lvgl/src/font/lv_font.c ****     else return 0;
 138              		.loc 1 80 17 view .LVU26
 139 001c FAE7     		b	.L6
 140              		.cfi_endproc
 141              	.LFE8:
 143              		.text
 144              	.Letext0:
 145              		.file 2 "/home/akinya/gcc-arm-none-eabi/arm-none-eabi/include/machine/_default_types.h"
 146              		.file 3 "/home/akinya/gcc-arm-none-eabi/arm-none-eabi/include/sys/_stdint.h"
 147              		.file 4 "Middlewares/lvgl/src/font/../misc/lv_area.h"
 148              		.file 5 "Middlewares/lvgl/src/font/lv_font.h"
ARM GAS  /tmp/ccHPrjO4.s 			page 5


DEFINED SYMBOLS
                            *ABS*:0000000000000000 lv_font.c
     /tmp/ccHPrjO4.s:19     .text.lv_font_get_glyph_bitmap:0000000000000000 $t
     /tmp/ccHPrjO4.s:25     .text.lv_font_get_glyph_bitmap:0000000000000000 lv_font_get_glyph_bitmap
     /tmp/ccHPrjO4.s:51     .text.lv_font_get_glyph_dsc:0000000000000000 $t
     /tmp/ccHPrjO4.s:57     .text.lv_font_get_glyph_dsc:0000000000000000 lv_font_get_glyph_dsc
     /tmp/ccHPrjO4.s:82     .text.lv_font_get_glyph_width:0000000000000000 $t
     /tmp/ccHPrjO4.s:88     .text.lv_font_get_glyph_width:0000000000000000 lv_font_get_glyph_width

NO UNDEFINED SYMBOLS
