ARM GAS  /tmp/ccRkdNir.s 			page 1


   1              		.cpu cortex-m7
   2              		.eabi_attribute 28, 1
   3              		.eabi_attribute 20, 1
   4              		.eabi_attribute 21, 1
   5              		.eabi_attribute 23, 3
   6              		.eabi_attribute 24, 1
   7              		.eabi_attribute 25, 1
   8              		.eabi_attribute 26, 1
   9              		.eabi_attribute 30, 1
  10              		.eabi_attribute 34, 1
  11              		.eabi_attribute 18, 4
  12              		.file	"lv_math.c"
  13              		.text
  14              	.Ltext0:
  15              		.cfi_sections	.debug_frame
  16              		.section	.text.lv_trigo_sin,"ax",%progbits
  17              		.align	1
  18              		.global	lv_trigo_sin
  19              		.arch armv7e-m
  20              		.syntax unified
  21              		.thumb
  22              		.thumb_func
  23              		.fpu fpv5-d16
  25              	lv_trigo_sin:
  26              	.LVL0:
  27              	.LFB1:
  28              		.file 1 "Middlewares/lvgl/src/misc/lv_math.c"
   1:Middlewares/lvgl/src/misc/lv_math.c **** /**
   2:Middlewares/lvgl/src/misc/lv_math.c ****  * @file lv_math.c
   3:Middlewares/lvgl/src/misc/lv_math.c ****  *
   4:Middlewares/lvgl/src/misc/lv_math.c ****  */
   5:Middlewares/lvgl/src/misc/lv_math.c **** 
   6:Middlewares/lvgl/src/misc/lv_math.c **** /*********************
   7:Middlewares/lvgl/src/misc/lv_math.c ****  *      INCLUDES
   8:Middlewares/lvgl/src/misc/lv_math.c ****  *********************/
   9:Middlewares/lvgl/src/misc/lv_math.c **** #include "lv_math.h"
  10:Middlewares/lvgl/src/misc/lv_math.c **** #include <stdbool.h>
  11:Middlewares/lvgl/src/misc/lv_math.c **** 
  12:Middlewares/lvgl/src/misc/lv_math.c **** /*********************
  13:Middlewares/lvgl/src/misc/lv_math.c ****  *      DEFINES
  14:Middlewares/lvgl/src/misc/lv_math.c ****  *********************/
  15:Middlewares/lvgl/src/misc/lv_math.c **** 
  16:Middlewares/lvgl/src/misc/lv_math.c **** /**********************
  17:Middlewares/lvgl/src/misc/lv_math.c ****  *      TYPEDEFS
  18:Middlewares/lvgl/src/misc/lv_math.c ****  **********************/
  19:Middlewares/lvgl/src/misc/lv_math.c **** 
  20:Middlewares/lvgl/src/misc/lv_math.c **** /**********************
  21:Middlewares/lvgl/src/misc/lv_math.c ****  *  STATIC PROTOTYPES
  22:Middlewares/lvgl/src/misc/lv_math.c ****  **********************/
  23:Middlewares/lvgl/src/misc/lv_math.c **** 
  24:Middlewares/lvgl/src/misc/lv_math.c **** /**********************
  25:Middlewares/lvgl/src/misc/lv_math.c ****  *  STATIC VARIABLES
  26:Middlewares/lvgl/src/misc/lv_math.c ****  **********************/
  27:Middlewares/lvgl/src/misc/lv_math.c **** static const int16_t sin0_90_table[] = {
  28:Middlewares/lvgl/src/misc/lv_math.c ****     0,     572,   1144,  1715,  2286,  2856,  3425,  3993,  4560,  5126,  5690,  6252,  6813,  7371
  29:Middlewares/lvgl/src/misc/lv_math.c ****     9032,  9580,  10126, 10668, 11207, 11743, 12275, 12803, 13328, 13848, 14364, 14876, 15383, 1588
  30:Middlewares/lvgl/src/misc/lv_math.c ****     17364, 17846, 18323, 18794, 19260, 19720, 20173, 20621, 21062, 21497, 21925, 22347, 22762, 2317
ARM GAS  /tmp/ccRkdNir.s 			page 2


  31:Middlewares/lvgl/src/misc/lv_math.c ****     24351, 24730, 25101, 25465, 25821, 26169, 26509, 26841, 27165, 27481, 27788, 28087, 28377, 2865
  32:Middlewares/lvgl/src/misc/lv_math.c ****     29451, 29697, 29934, 30162, 30381, 30591, 30791, 30982, 31163, 31335, 31498, 31650, 31794, 3192
  33:Middlewares/lvgl/src/misc/lv_math.c ****     32269, 32364, 32448, 32523, 32587, 32642, 32687, 32722, 32747, 32762, 32767
  34:Middlewares/lvgl/src/misc/lv_math.c **** };
  35:Middlewares/lvgl/src/misc/lv_math.c **** 
  36:Middlewares/lvgl/src/misc/lv_math.c **** /**********************
  37:Middlewares/lvgl/src/misc/lv_math.c ****  *      MACROS
  38:Middlewares/lvgl/src/misc/lv_math.c ****  **********************/
  39:Middlewares/lvgl/src/misc/lv_math.c **** 
  40:Middlewares/lvgl/src/misc/lv_math.c **** /**********************
  41:Middlewares/lvgl/src/misc/lv_math.c ****  *   GLOBAL FUNCTIONS
  42:Middlewares/lvgl/src/misc/lv_math.c ****  **********************/
  43:Middlewares/lvgl/src/misc/lv_math.c **** 
  44:Middlewares/lvgl/src/misc/lv_math.c **** /**
  45:Middlewares/lvgl/src/misc/lv_math.c ****  * Return with sinus of an angle
  46:Middlewares/lvgl/src/misc/lv_math.c ****  * @param angle
  47:Middlewares/lvgl/src/misc/lv_math.c ****  * @return sinus of 'angle'. sin(-90) = -32767, sin(90) = 32767
  48:Middlewares/lvgl/src/misc/lv_math.c ****  */
  49:Middlewares/lvgl/src/misc/lv_math.c **** LV_ATTRIBUTE_FAST_MEM int16_t lv_trigo_sin(int16_t angle)
  50:Middlewares/lvgl/src/misc/lv_math.c **** {
  29              		.loc 1 50 1 view -0
  30              		.cfi_startproc
  31              		@ args = 0, pretend = 0, frame = 0
  32              		@ frame_needed = 0, uses_anonymous_args = 0
  33              		@ link register save eliminated.
  51:Middlewares/lvgl/src/misc/lv_math.c ****     int16_t ret = 0;
  34              		.loc 1 51 5 view .LVU1
  52:Middlewares/lvgl/src/misc/lv_math.c ****     angle       = angle % 360;
  35              		.loc 1 52 5 view .LVU2
  36              		.loc 1 52 17 is_stmt 0 view .LVU3
  37 0000 1C4B     		ldr	r3, .L8
  38 0002 83FB0023 		smull	r2, r3, r3, r0
  39 0006 0344     		add	r3, r3, r0
  40 0008 C217     		asrs	r2, r0, #31
  41 000a C2EB2323 		rsb	r3, r2, r3, asr #8
  42 000e 4FF4B472 		mov	r2, #360
  43 0012 02FB1300 		mls	r0, r2, r3, r0
  44              	.LVL1:
  45              		.loc 1 52 17 view .LVU4
  46 0016 00B2     		sxth	r0, r0
  47              	.LVL2:
  53:Middlewares/lvgl/src/misc/lv_math.c **** 
  54:Middlewares/lvgl/src/misc/lv_math.c ****     if(angle < 0) angle = 360 + angle;
  48              		.loc 1 54 5 is_stmt 1 view .LVU5
  49              		.loc 1 54 7 is_stmt 0 view .LVU6
  50 0018 0028     		cmp	r0, #0
  51 001a 05DB     		blt	.L7
  52              	.L2:
  55:Middlewares/lvgl/src/misc/lv_math.c **** 
  56:Middlewares/lvgl/src/misc/lv_math.c ****     if(angle < 90) {
  53              		.loc 1 56 5 is_stmt 1 view .LVU7
  54              		.loc 1 56 7 is_stmt 0 view .LVU8
  55 001c 5928     		cmp	r0, #89
  56 001e 06DC     		bgt	.L3
  57:Middlewares/lvgl/src/misc/lv_math.c ****         ret = sin0_90_table[angle];
  57              		.loc 1 57 9 is_stmt 1 view .LVU9
  58              		.loc 1 57 13 is_stmt 0 view .LVU10
ARM GAS  /tmp/ccRkdNir.s 			page 3


  59 0020 154B     		ldr	r3, .L8+4
  60 0022 33F91000 		ldrsh	r0, [r3, r0, lsl #1]
  61              	.LVL3:
  62              		.loc 1 57 13 view .LVU11
  63 0026 7047     		bx	lr
  64              	.LVL4:
  65              	.L7:
  54:Middlewares/lvgl/src/misc/lv_math.c **** 
  66              		.loc 1 54 19 is_stmt 1 discriminator 1 view .LVU12
  54:Middlewares/lvgl/src/misc/lv_math.c **** 
  67              		.loc 1 54 31 is_stmt 0 discriminator 1 view .LVU13
  68 0028 1044     		add	r0, r0, r2
  69              	.LVL5:
  54:Middlewares/lvgl/src/misc/lv_math.c **** 
  70              		.loc 1 54 25 discriminator 1 view .LVU14
  71 002a 00B2     		sxth	r0, r0
  72              	.LVL6:
  54:Middlewares/lvgl/src/misc/lv_math.c **** 
  73              		.loc 1 54 25 discriminator 1 view .LVU15
  74 002c F6E7     		b	.L2
  75              	.L3:
  58:Middlewares/lvgl/src/misc/lv_math.c ****     }
  59:Middlewares/lvgl/src/misc/lv_math.c ****     else if(angle >= 90 && angle < 180) {
  76              		.loc 1 59 10 is_stmt 1 view .LVU16
  77              		.loc 1 59 25 is_stmt 0 view .LVU17
  78 002e 80B2     		uxth	r0, r0
  79              		.loc 1 59 25 view .LVU18
  80 0030 A0F15A03 		sub	r3, r0, #90
  81 0034 9BB2     		uxth	r3, r3
  82              		.loc 1 59 12 view .LVU19
  83 0036 592B     		cmp	r3, #89
  84 0038 06D8     		bhi	.L5
  60:Middlewares/lvgl/src/misc/lv_math.c ****         angle = 180 - angle;
  85              		.loc 1 60 9 is_stmt 1 view .LVU20
  86              		.loc 1 60 21 is_stmt 0 view .LVU21
  87 003a C0F1B400 		rsb	r0, r0, #180
  88              	.LVL7:
  89              		.loc 1 60 15 view .LVU22
  90 003e 00B2     		sxth	r0, r0
  91              	.LVL8:
  61:Middlewares/lvgl/src/misc/lv_math.c ****         ret   = sin0_90_table[angle];
  92              		.loc 1 61 9 is_stmt 1 view .LVU23
  93              		.loc 1 61 15 is_stmt 0 view .LVU24
  94 0040 0D4B     		ldr	r3, .L8+4
  95 0042 33F91000 		ldrsh	r0, [r3, r0, lsl #1]
  96              	.LVL9:
  97              		.loc 1 61 15 view .LVU25
  98 0046 7047     		bx	lr
  99              	.LVL10:
 100              	.L5:
  62:Middlewares/lvgl/src/misc/lv_math.c ****     }
  63:Middlewares/lvgl/src/misc/lv_math.c ****     else if(angle >= 180 && angle < 270) {
 101              		.loc 1 63 10 is_stmt 1 view .LVU26
 102              		.loc 1 63 26 is_stmt 0 view .LVU27
 103 0048 A0F1B403 		sub	r3, r0, #180
 104 004c 9BB2     		uxth	r3, r3
 105              		.loc 1 63 12 view .LVU28
ARM GAS  /tmp/ccRkdNir.s 			page 4


 106 004e 592B     		cmp	r3, #89
 107 0050 06D8     		bhi	.L6
  64:Middlewares/lvgl/src/misc/lv_math.c ****         angle = angle - 180;
 108              		.loc 1 64 9 is_stmt 1 view .LVU29
 109              		.loc 1 64 15 is_stmt 0 view .LVU30
 110 0052 1BB2     		sxth	r3, r3
 111              	.LVL11:
  65:Middlewares/lvgl/src/misc/lv_math.c ****         ret   = -sin0_90_table[angle];
 112              		.loc 1 65 9 is_stmt 1 view .LVU31
 113              		.loc 1 65 31 is_stmt 0 view .LVU32
 114 0054 084A     		ldr	r2, .L8+4
 115 0056 32F81300 		ldrh	r0, [r2, r3, lsl #1]
 116              		.loc 1 65 15 view .LVU33
 117 005a 4042     		rsbs	r0, r0, #0
 118 005c 00B2     		sxth	r0, r0
 119              	.LVL12:
 120              		.loc 1 65 15 view .LVU34
 121 005e 7047     		bx	lr
 122              	.LVL13:
 123              	.L6:
  66:Middlewares/lvgl/src/misc/lv_math.c ****     }
  67:Middlewares/lvgl/src/misc/lv_math.c ****     else {   /*angle >=270*/
  68:Middlewares/lvgl/src/misc/lv_math.c ****         angle = 360 - angle;
 124              		.loc 1 68 9 is_stmt 1 view .LVU35
 125              		.loc 1 68 21 is_stmt 0 view .LVU36
 126 0060 C0F5B470 		rsb	r0, r0, #360
 127              	.LVL14:
 128              		.loc 1 68 15 view .LVU37
 129 0064 00B2     		sxth	r0, r0
 130              	.LVL15:
  69:Middlewares/lvgl/src/misc/lv_math.c ****         ret   = -sin0_90_table[angle];
 131              		.loc 1 69 9 is_stmt 1 view .LVU38
 132              		.loc 1 69 31 is_stmt 0 view .LVU39
 133 0066 044B     		ldr	r3, .L8+4
 134 0068 33F81000 		ldrh	r0, [r3, r0, lsl #1]
 135              	.LVL16:
 136              		.loc 1 69 15 view .LVU40
 137 006c 4042     		rsbs	r0, r0, #0
 138 006e 00B2     		sxth	r0, r0
 139              	.LVL17:
  70:Middlewares/lvgl/src/misc/lv_math.c ****     }
  71:Middlewares/lvgl/src/misc/lv_math.c **** 
  72:Middlewares/lvgl/src/misc/lv_math.c ****     return ret;
 140              		.loc 1 72 5 is_stmt 1 view .LVU41
  73:Middlewares/lvgl/src/misc/lv_math.c **** }
 141              		.loc 1 73 1 is_stmt 0 view .LVU42
 142 0070 7047     		bx	lr
 143              	.L9:
 144 0072 00BF     		.align	2
 145              	.L8:
 146 0074 B7600BB6 		.word	-1240768329
 147 0078 00000000 		.word	.LANCHOR0
 148              		.cfi_endproc
 149              	.LFE1:
 151              		.section	.text.lv_bezier3,"ax",%progbits
 152              		.align	1
 153              		.global	lv_bezier3
ARM GAS  /tmp/ccRkdNir.s 			page 5


 154              		.syntax unified
 155              		.thumb
 156              		.thumb_func
 157              		.fpu fpv5-d16
 159              	lv_bezier3:
 160              	.LVL18:
 161              	.LFB2:
  74:Middlewares/lvgl/src/misc/lv_math.c **** 
  75:Middlewares/lvgl/src/misc/lv_math.c **** /**
  76:Middlewares/lvgl/src/misc/lv_math.c ****  * Calculate a value of a Cubic Bezier function.
  77:Middlewares/lvgl/src/misc/lv_math.c ****  * @param t time in range of [0..LV_BEZIER_VAL_MAX]
  78:Middlewares/lvgl/src/misc/lv_math.c ****  * @param u0 start values in range of [0..LV_BEZIER_VAL_MAX]
  79:Middlewares/lvgl/src/misc/lv_math.c ****  * @param u1 control value 1 values in range of [0..LV_BEZIER_VAL_MAX]
  80:Middlewares/lvgl/src/misc/lv_math.c ****  * @param u2 control value 2 in range of [0..LV_BEZIER_VAL_MAX]
  81:Middlewares/lvgl/src/misc/lv_math.c ****  * @param u3 end values in range of [0..LV_BEZIER_VAL_MAX]
  82:Middlewares/lvgl/src/misc/lv_math.c ****  * @return the value calculated from the given parameters in range of [0..LV_BEZIER_VAL_MAX]
  83:Middlewares/lvgl/src/misc/lv_math.c ****  */
  84:Middlewares/lvgl/src/misc/lv_math.c **** uint32_t lv_bezier3(uint32_t t, uint32_t u0, uint32_t u1, uint32_t u2, uint32_t u3)
  85:Middlewares/lvgl/src/misc/lv_math.c **** {
 162              		.loc 1 85 1 is_stmt 1 view -0
 163              		.cfi_startproc
 164              		@ args = 4, pretend = 0, frame = 0
 165              		@ frame_needed = 0, uses_anonymous_args = 0
 166              		.loc 1 85 1 is_stmt 0 view .LVU44
 167 0000 70B5     		push	{r4, r5, r6, lr}
 168              	.LCFI0:
 169              		.cfi_def_cfa_offset 16
 170              		.cfi_offset 4, -16
 171              		.cfi_offset 5, -12
 172              		.cfi_offset 6, -8
 173              		.cfi_offset 14, -4
  86:Middlewares/lvgl/src/misc/lv_math.c ****     uint32_t t_rem  = 1024 - t;
 174              		.loc 1 86 5 is_stmt 1 view .LVU45
 175              		.loc 1 86 14 is_stmt 0 view .LVU46
 176 0002 C0F5806C 		rsb	ip, r0, #1024
 177              	.LVL19:
  87:Middlewares/lvgl/src/misc/lv_math.c ****     uint32_t t_rem2 = (t_rem * t_rem) >> 10;
 178              		.loc 1 87 5 is_stmt 1 view .LVU47
 179              		.loc 1 87 30 is_stmt 0 view .LVU48
 180 0006 0CFB0CF4 		mul	r4, ip, ip
 181              		.loc 1 87 14 view .LVU49
 182 000a A40A     		lsrs	r4, r4, #10
 183              	.LVL20:
  88:Middlewares/lvgl/src/misc/lv_math.c ****     uint32_t t_rem3 = (t_rem2 * t_rem) >> 10;
 184              		.loc 1 88 5 is_stmt 1 view .LVU50
 185              		.loc 1 88 31 is_stmt 0 view .LVU51
 186 000c 04FB0CF6 		mul	r6, r4, ip
 187              		.loc 1 88 14 view .LVU52
 188 0010 B60A     		lsrs	r6, r6, #10
 189              	.LVL21:
  89:Middlewares/lvgl/src/misc/lv_math.c ****     uint32_t t2     = (t * t) >> 10;
 190              		.loc 1 89 5 is_stmt 1 view .LVU53
 191              		.loc 1 89 26 is_stmt 0 view .LVU54
 192 0012 00FB00FE 		mul	lr, r0, r0
 193              		.loc 1 89 14 view .LVU55
 194 0016 4FEA9E2E 		lsr	lr, lr, #10
 195              	.LVL22:
ARM GAS  /tmp/ccRkdNir.s 			page 6


  90:Middlewares/lvgl/src/misc/lv_math.c ****     uint32_t t3     = (t2 * t) >> 10;
 196              		.loc 1 90 5 is_stmt 1 view .LVU56
 197              		.loc 1 90 27 is_stmt 0 view .LVU57
 198 001a 0EFB00F5 		mul	r5, lr, r0
 199              		.loc 1 90 14 view .LVU58
 200 001e AD0A     		lsrs	r5, r5, #10
 201              	.LVL23:
  91:Middlewares/lvgl/src/misc/lv_math.c **** 
  92:Middlewares/lvgl/src/misc/lv_math.c ****     uint32_t v1 = (t_rem3 * u0) >> 10;
 202              		.loc 1 92 5 is_stmt 1 view .LVU59
 203              		.loc 1 92 27 is_stmt 0 view .LVU60
 204 0020 01FB06F6 		mul	r6, r1, r6
 205              	.LVL24:
  93:Middlewares/lvgl/src/misc/lv_math.c ****     uint32_t v2 = (3 * t_rem2 * t * u1) >> 20;
 206              		.loc 1 93 5 is_stmt 1 view .LVU61
 207              		.loc 1 93 31 is_stmt 0 view .LVU62
 208 0024 04FB00F0 		mul	r0, r4, r0
 209              	.LVL25:
 210              		.loc 1 93 35 view .LVU63
 211 0028 00FB02F2 		mul	r2, r0, r2
 212              	.LVL26:
 213              		.loc 1 93 35 view .LVU64
 214 002c 02EB4202 		add	r2, r2, r2, lsl #1
 215              		.loc 1 93 14 view .LVU65
 216 0030 120D     		lsrs	r2, r2, #20
 217              	.LVL27:
  94:Middlewares/lvgl/src/misc/lv_math.c ****     uint32_t v3 = (3 * t_rem * t2 * u2) >> 20;
 218              		.loc 1 94 5 is_stmt 1 view .LVU66
 219              		.loc 1 94 30 is_stmt 0 view .LVU67
 220 0032 0EFB0CFC 		mul	ip, lr, ip
 221              	.LVL28:
 222              		.loc 1 94 35 view .LVU68
 223 0036 03FB0CF3 		mul	r3, r3, ip
 224              	.LVL29:
 225              		.loc 1 94 35 view .LVU69
 226 003a 03EB4303 		add	r3, r3, r3, lsl #1
 227              	.LVL30:
  95:Middlewares/lvgl/src/misc/lv_math.c ****     uint32_t v4 = (t3 * u3) >> 10;
 228              		.loc 1 95 5 is_stmt 1 view .LVU70
 229              		.loc 1 95 23 is_stmt 0 view .LVU71
 230 003e 0498     		ldr	r0, [sp, #16]
 231 0040 05FB00F0 		mul	r0, r5, r0
 232              	.LVL31:
  96:Middlewares/lvgl/src/misc/lv_math.c **** 
  97:Middlewares/lvgl/src/misc/lv_math.c ****     return v1 + v2 + v3 + v4;
 233              		.loc 1 97 5 is_stmt 1 view .LVU72
 234              		.loc 1 97 15 is_stmt 0 view .LVU73
 235 0044 02EB9622 		add	r2, r2, r6, lsr #10
 236              	.LVL32:
 237              		.loc 1 97 20 view .LVU74
 238 0048 02EB1352 		add	r2, r2, r3, lsr #20
  98:Middlewares/lvgl/src/misc/lv_math.c **** }
 239              		.loc 1 98 1 view .LVU75
 240 004c 02EB9020 		add	r0, r2, r0, lsr #10
 241              	.LVL33:
 242              		.loc 1 98 1 view .LVU76
 243 0050 70BD     		pop	{r4, r5, r6, pc}
ARM GAS  /tmp/ccRkdNir.s 			page 7


 244              		.loc 1 98 1 view .LVU77
 245              		.cfi_endproc
 246              	.LFE2:
 248              		.section	.text.lv_sqrt,"ax",%progbits
 249              		.align	1
 250              		.global	lv_sqrt
 251              		.syntax unified
 252              		.thumb
 253              		.thumb_func
 254              		.fpu fpv5-d16
 256              	lv_sqrt:
 257              	.LVL34:
 258              	.LFB3:
  99:Middlewares/lvgl/src/misc/lv_math.c **** 
 100:Middlewares/lvgl/src/misc/lv_math.c **** /**
 101:Middlewares/lvgl/src/misc/lv_math.c ****  * Get the square root of a number
 102:Middlewares/lvgl/src/misc/lv_math.c ****  * @param x integer which square root should be calculated
 103:Middlewares/lvgl/src/misc/lv_math.c ****  * @param q store the result here. q->i: integer part, q->f: fractional part in 1/256 unit
 104:Middlewares/lvgl/src/misc/lv_math.c ****  * @param mask optional to skip some iterations if the magnitude of the root is known.
 105:Middlewares/lvgl/src/misc/lv_math.c ****  * Set to 0x8000 by default.
 106:Middlewares/lvgl/src/misc/lv_math.c ****  * If root < 16: mask = 0x80
 107:Middlewares/lvgl/src/misc/lv_math.c ****  * If root < 256: mask = 0x800
 108:Middlewares/lvgl/src/misc/lv_math.c ****  * Else: mask = 0x8000
 109:Middlewares/lvgl/src/misc/lv_math.c ****  */
 110:Middlewares/lvgl/src/misc/lv_math.c **** LV_ATTRIBUTE_FAST_MEM void lv_sqrt(uint32_t x, lv_sqrt_res_t * q, uint32_t mask)
 111:Middlewares/lvgl/src/misc/lv_math.c **** {
 259              		.loc 1 111 1 is_stmt 1 view -0
 260              		.cfi_startproc
 261              		@ args = 0, pretend = 0, frame = 0
 262              		@ frame_needed = 0, uses_anonymous_args = 0
 263              		.loc 1 111 1 is_stmt 0 view .LVU79
 264 0000 00B5     		push	{lr}
 265              	.LCFI1:
 266              		.cfi_def_cfa_offset 4
 267              		.cfi_offset 14, -4
 112:Middlewares/lvgl/src/misc/lv_math.c ****     x = x << 8; /*To get 4 bit precision. (sqrt(256) = 16 = 4 bit)*/
 268              		.loc 1 112 5 is_stmt 1 view .LVU80
 269              		.loc 1 112 7 is_stmt 0 view .LVU81
 270 0002 0002     		lsls	r0, r0, #8
 271              	.LVL35:
 113:Middlewares/lvgl/src/misc/lv_math.c **** 
 114:Middlewares/lvgl/src/misc/lv_math.c ****     uint32_t root = 0;
 272              		.loc 1 114 5 is_stmt 1 view .LVU82
 273              		.loc 1 114 14 is_stmt 0 view .LVU83
 274 0004 4FF0000C 		mov	ip, #0
 275 0008 01E0     		b	.L14
 276              	.LVL36:
 277              	.L13:
 115:Middlewares/lvgl/src/misc/lv_math.c ****     uint32_t trial;
 116:Middlewares/lvgl/src/misc/lv_math.c ****     // http://ww1.microchip.com/...en/AppNotes/91040a.pdf
 117:Middlewares/lvgl/src/misc/lv_math.c ****     do {
 118:Middlewares/lvgl/src/misc/lv_math.c ****         trial = root + mask;
 119:Middlewares/lvgl/src/misc/lv_math.c ****         if(trial * trial <= x) root = trial;
 120:Middlewares/lvgl/src/misc/lv_math.c ****         mask = mask >> 1;
 278              		.loc 1 120 9 is_stmt 1 view .LVU84
 121:Middlewares/lvgl/src/misc/lv_math.c ****     } while(mask);
 279              		.loc 1 121 12 view .LVU85
ARM GAS  /tmp/ccRkdNir.s 			page 8


 280              		.loc 1 121 5 is_stmt 0 view .LVU86
 281 000a 5208     		lsrs	r2, r2, #1
 282              	.LVL37:
 283              		.loc 1 121 5 view .LVU87
 284 000c 07D0     		beq	.L17
 285              	.LVL38:
 286              	.L14:
 115:Middlewares/lvgl/src/misc/lv_math.c ****     uint32_t trial;
 287              		.loc 1 115 5 is_stmt 1 view .LVU88
 117:Middlewares/lvgl/src/misc/lv_math.c ****         trial = root + mask;
 288              		.loc 1 117 5 view .LVU89
 118:Middlewares/lvgl/src/misc/lv_math.c ****         if(trial * trial <= x) root = trial;
 289              		.loc 1 118 9 view .LVU90
 118:Middlewares/lvgl/src/misc/lv_math.c ****         if(trial * trial <= x) root = trial;
 290              		.loc 1 118 15 is_stmt 0 view .LVU91
 291 000e 02EB0C03 		add	r3, r2, ip
 292              	.LVL39:
 119:Middlewares/lvgl/src/misc/lv_math.c ****         mask = mask >> 1;
 293              		.loc 1 119 9 is_stmt 1 view .LVU92
 119:Middlewares/lvgl/src/misc/lv_math.c ****         mask = mask >> 1;
 294              		.loc 1 119 18 is_stmt 0 view .LVU93
 295 0012 03FB03FE 		mul	lr, r3, r3
 119:Middlewares/lvgl/src/misc/lv_math.c ****         mask = mask >> 1;
 296              		.loc 1 119 11 view .LVU94
 297 0016 8645     		cmp	lr, r0
 298 0018 F7D8     		bhi	.L13
 119:Middlewares/lvgl/src/misc/lv_math.c ****         mask = mask >> 1;
 299              		.loc 1 119 37 view .LVU95
 300 001a 9C46     		mov	ip, r3
 301              	.LVL40:
 119:Middlewares/lvgl/src/misc/lv_math.c ****         mask = mask >> 1;
 302              		.loc 1 119 37 view .LVU96
 303 001c F5E7     		b	.L13
 304              	.LVL41:
 305              	.L17:
 122:Middlewares/lvgl/src/misc/lv_math.c **** 
 123:Middlewares/lvgl/src/misc/lv_math.c ****     q->i = root >> 4;
 306              		.loc 1 123 5 is_stmt 1 view .LVU97
 307              		.loc 1 123 17 is_stmt 0 view .LVU98
 308 001e 4FEA1C13 		lsr	r3, ip, #4
 309              	.LVL42:
 310              		.loc 1 123 10 view .LVU99
 311 0022 0B80     		strh	r3, [r1]	@ movhi
 124:Middlewares/lvgl/src/misc/lv_math.c ****     q->f = (root & 0xf) << 4;
 312              		.loc 1 124 5 is_stmt 1 view .LVU100
 313              		.loc 1 124 25 is_stmt 0 view .LVU101
 314 0024 4FEA0C1C 		lsl	ip, ip, #4
 315              	.LVL43:
 316              		.loc 1 124 25 view .LVU102
 317 0028 0CF0F00C 		and	ip, ip, #240
 318              		.loc 1 124 10 view .LVU103
 319 002c A1F802C0 		strh	ip, [r1, #2]	@ movhi
 125:Middlewares/lvgl/src/misc/lv_math.c **** }
 320              		.loc 1 125 1 view .LVU104
 321 0030 5DF804FB 		ldr	pc, [sp], #4
 322              		.cfi_endproc
 323              	.LFE3:
ARM GAS  /tmp/ccRkdNir.s 			page 9


 325              		.section	.text.lv_atan2,"ax",%progbits
 326              		.align	1
 327              		.global	lv_atan2
 328              		.syntax unified
 329              		.thumb
 330              		.thumb_func
 331              		.fpu fpv5-d16
 333              	lv_atan2:
 334              	.LVL44:
 335              	.LFB4:
 126:Middlewares/lvgl/src/misc/lv_math.c **** 
 127:Middlewares/lvgl/src/misc/lv_math.c **** /**
 128:Middlewares/lvgl/src/misc/lv_math.c ****  * Calculate the atan2 of a vector.
 129:Middlewares/lvgl/src/misc/lv_math.c ****  * @param x
 130:Middlewares/lvgl/src/misc/lv_math.c ****  * @param y
 131:Middlewares/lvgl/src/misc/lv_math.c ****  * @return the angle in degree calculated from the given parameters in range of [0..360]
 132:Middlewares/lvgl/src/misc/lv_math.c ****  */
 133:Middlewares/lvgl/src/misc/lv_math.c **** uint16_t lv_atan2(int x, int y)
 134:Middlewares/lvgl/src/misc/lv_math.c **** {
 336              		.loc 1 134 1 is_stmt 1 view -0
 337              		.cfi_startproc
 338              		@ args = 0, pretend = 0, frame = 0
 339              		@ frame_needed = 0, uses_anonymous_args = 0
 340              		@ link register save eliminated.
 135:Middlewares/lvgl/src/misc/lv_math.c ****     // Fast XY vector to integer degree algorithm - Jan 2011 www.RomanBlack.com
 136:Middlewares/lvgl/src/misc/lv_math.c ****     // Converts any XY values including 0 to a degree value that should be
 137:Middlewares/lvgl/src/misc/lv_math.c ****     // within +/- 1 degree of the accurate value without needing
 138:Middlewares/lvgl/src/misc/lv_math.c ****     // large slow trig functions like ArcTan() or ArcCos().
 139:Middlewares/lvgl/src/misc/lv_math.c ****     // NOTE! at least one of the X or Y values must be non-zero!
 140:Middlewares/lvgl/src/misc/lv_math.c ****     // This is the full version, for all 4 quadrants and will generate
 141:Middlewares/lvgl/src/misc/lv_math.c ****     // the angle in integer degrees from 0-360.
 142:Middlewares/lvgl/src/misc/lv_math.c ****     // Any values of X and Y are usable including negative values provided
 143:Middlewares/lvgl/src/misc/lv_math.c ****     // they are between -1456 and 1456 so the 16bit multiply does not overflow.
 144:Middlewares/lvgl/src/misc/lv_math.c **** 
 145:Middlewares/lvgl/src/misc/lv_math.c ****     unsigned char negflag;
 341              		.loc 1 145 5 view .LVU106
 146:Middlewares/lvgl/src/misc/lv_math.c ****     unsigned char tempdegree;
 342              		.loc 1 146 5 view .LVU107
 147:Middlewares/lvgl/src/misc/lv_math.c ****     unsigned char comp;
 343              		.loc 1 147 5 view .LVU108
 148:Middlewares/lvgl/src/misc/lv_math.c ****     unsigned int degree;     // this will hold the result
 344              		.loc 1 148 5 view .LVU109
 149:Middlewares/lvgl/src/misc/lv_math.c ****     unsigned int ux;
 345              		.loc 1 149 5 view .LVU110
 150:Middlewares/lvgl/src/misc/lv_math.c ****     unsigned int uy;
 346              		.loc 1 150 5 view .LVU111
 151:Middlewares/lvgl/src/misc/lv_math.c **** 
 152:Middlewares/lvgl/src/misc/lv_math.c ****     // Save the sign flags then remove signs and get XY as unsigned ints
 153:Middlewares/lvgl/src/misc/lv_math.c ****     negflag = 0;
 347              		.loc 1 153 5 view .LVU112
 154:Middlewares/lvgl/src/misc/lv_math.c ****     if(x < 0) {
 348              		.loc 1 154 5 view .LVU113
 349              		.loc 1 154 7 is_stmt 0 view .LVU114
 350 0000 0028     		cmp	r0, #0
 351              		.loc 1 154 7 view .LVU115
 352 0002 2DDB     		blt	.L38
 153:Middlewares/lvgl/src/misc/lv_math.c ****     if(x < 0) {
ARM GAS  /tmp/ccRkdNir.s 			page 10


 353              		.loc 1 153 13 view .LVU116
 354 0004 0022     		movs	r2, #0
 355              	.LVL45:
 356              	.L19:
 155:Middlewares/lvgl/src/misc/lv_math.c ****         negflag += 0x01;    // x flag bit
 156:Middlewares/lvgl/src/misc/lv_math.c ****         x = (0 - x);        // is now +
 157:Middlewares/lvgl/src/misc/lv_math.c ****     }
 158:Middlewares/lvgl/src/misc/lv_math.c ****     ux = x;                // copy to unsigned var before multiply
 357              		.loc 1 158 5 is_stmt 1 view .LVU117
 159:Middlewares/lvgl/src/misc/lv_math.c ****     if(y < 0) {
 358              		.loc 1 159 5 view .LVU118
 359              		.loc 1 159 7 is_stmt 0 view .LVU119
 360 0006 0029     		cmp	r1, #0
 361 0008 2DDB     		blt	.L39
 362              	.L20:
 160:Middlewares/lvgl/src/misc/lv_math.c ****         negflag += 0x02;    // y flag bit
 161:Middlewares/lvgl/src/misc/lv_math.c ****         y = (0 - y);        // is now +
 162:Middlewares/lvgl/src/misc/lv_math.c ****     }
 163:Middlewares/lvgl/src/misc/lv_math.c ****     uy = y;                // copy to unsigned var before multiply
 363              		.loc 1 163 5 is_stmt 1 view .LVU120
 364              	.LVL46:
 164:Middlewares/lvgl/src/misc/lv_math.c **** 
 165:Middlewares/lvgl/src/misc/lv_math.c ****     // 1. Calc the scaled "degrees"
 166:Middlewares/lvgl/src/misc/lv_math.c ****     if(ux > uy) {
 365              		.loc 1 166 5 view .LVU121
 366              		.loc 1 166 7 is_stmt 0 view .LVU122
 367 000a 8842     		cmp	r0, r1
 368 000c 2FD9     		bls	.L21
 167:Middlewares/lvgl/src/misc/lv_math.c ****         degree = (uy * 45) / ux;   // degree result will be 0-45 range
 369              		.loc 1 167 9 is_stmt 1 view .LVU123
 370              		.loc 1 167 22 is_stmt 0 view .LVU124
 371 000e 01EB4101 		add	r1, r1, r1, lsl #1
 372              	.LVL47:
 373              		.loc 1 167 22 view .LVU125
 374 0012 C1EB0111 		rsb	r1, r1, r1, lsl #4
 375              		.loc 1 167 16 view .LVU126
 376 0016 B1FBF0F0 		udiv	r0, r1, r0
 377              	.LVL48:
 168:Middlewares/lvgl/src/misc/lv_math.c ****         negflag += 0x10;    // octant flag bit
 378              		.loc 1 168 9 is_stmt 1 view .LVU127
 379              		.loc 1 168 17 is_stmt 0 view .LVU128
 380 001a 1032     		adds	r2, r2, #16
 381              	.LVL49:
 382              		.loc 1 168 17 view .LVU129
 383 001c D2B2     		uxtb	r2, r2
 384              	.LVL50:
 385              	.L22:
 169:Middlewares/lvgl/src/misc/lv_math.c ****     }
 170:Middlewares/lvgl/src/misc/lv_math.c ****     else {
 171:Middlewares/lvgl/src/misc/lv_math.c ****         degree = (ux * 45) / uy;   // degree result will be 0-45 range
 172:Middlewares/lvgl/src/misc/lv_math.c ****     }
 173:Middlewares/lvgl/src/misc/lv_math.c **** 
 174:Middlewares/lvgl/src/misc/lv_math.c ****     // 2. Compensate for the 4 degree error curve
 175:Middlewares/lvgl/src/misc/lv_math.c ****     comp = 0;
 386              		.loc 1 175 5 is_stmt 1 view .LVU130
 176:Middlewares/lvgl/src/misc/lv_math.c ****     tempdegree = degree;    // use an unsigned char for speed!
 387              		.loc 1 176 5 view .LVU131
ARM GAS  /tmp/ccRkdNir.s 			page 11


 388              		.loc 1 176 16 is_stmt 0 view .LVU132
 389 001e C1B2     		uxtb	r1, r0
 390              	.LVL51:
 177:Middlewares/lvgl/src/misc/lv_math.c ****     if(tempdegree > 22) {    // if top half of range
 391              		.loc 1 177 5 is_stmt 1 view .LVU133
 392              		.loc 1 177 7 is_stmt 0 view .LVU134
 393 0020 1629     		cmp	r1, #22
 394 0022 2DD9     		bls	.L23
 178:Middlewares/lvgl/src/misc/lv_math.c ****         if(tempdegree <= 44) comp++;
 395              		.loc 1 178 9 is_stmt 1 view .LVU135
 396              		.loc 1 178 11 is_stmt 0 view .LVU136
 397 0024 2C29     		cmp	r1, #44
 398 0026 29D9     		bls	.L36
 175:Middlewares/lvgl/src/misc/lv_math.c ****     tempdegree = degree;    // use an unsigned char for speed!
 399              		.loc 1 175 10 view .LVU137
 400 0028 0023     		movs	r3, #0
 401              	.L24:
 402              	.LVL52:
 179:Middlewares/lvgl/src/misc/lv_math.c ****         if(tempdegree <= 41) comp++;
 403              		.loc 1 179 9 is_stmt 1 view .LVU138
 404              		.loc 1 179 11 is_stmt 0 view .LVU139
 405 002a 2929     		cmp	r1, #41
 406 002c 01D8     		bhi	.L25
 407              		.loc 1 179 30 is_stmt 1 discriminator 1 view .LVU140
 408              		.loc 1 179 34 is_stmt 0 discriminator 1 view .LVU141
 409 002e 0133     		adds	r3, r3, #1
 410              	.LVL53:
 411              		.loc 1 179 34 discriminator 1 view .LVU142
 412 0030 DBB2     		uxtb	r3, r3
 413              	.LVL54:
 414              	.L25:
 180:Middlewares/lvgl/src/misc/lv_math.c ****         if(tempdegree <= 37) comp++;
 415              		.loc 1 180 9 is_stmt 1 view .LVU143
 416              		.loc 1 180 11 is_stmt 0 view .LVU144
 417 0032 2529     		cmp	r1, #37
 418 0034 01D8     		bhi	.L26
 419              		.loc 1 180 30 is_stmt 1 discriminator 1 view .LVU145
 420              		.loc 1 180 34 is_stmt 0 discriminator 1 view .LVU146
 421 0036 0133     		adds	r3, r3, #1
 422              	.LVL55:
 423              		.loc 1 180 34 discriminator 1 view .LVU147
 424 0038 DBB2     		uxtb	r3, r3
 425              	.LVL56:
 426              	.L26:
 181:Middlewares/lvgl/src/misc/lv_math.c ****         if(tempdegree <= 32) comp++;  // max is 4 degrees compensated
 427              		.loc 1 181 9 is_stmt 1 view .LVU148
 428              		.loc 1 181 11 is_stmt 0 view .LVU149
 429 003a 2029     		cmp	r1, #32
 430 003c 01D8     		bhi	.L27
 431              		.loc 1 181 30 is_stmt 1 discriminator 1 view .LVU150
 432              		.loc 1 181 34 is_stmt 0 discriminator 1 view .LVU151
 433 003e 0133     		adds	r3, r3, #1
 434              	.LVL57:
 435              		.loc 1 181 34 discriminator 1 view .LVU152
 436 0040 DBB2     		uxtb	r3, r3
 437              	.LVL58:
 438              	.L27:
ARM GAS  /tmp/ccRkdNir.s 			page 12


 182:Middlewares/lvgl/src/misc/lv_math.c ****     }
 183:Middlewares/lvgl/src/misc/lv_math.c ****     else {   // else is lower half of range
 184:Middlewares/lvgl/src/misc/lv_math.c ****         if(tempdegree >= 2) comp++;
 185:Middlewares/lvgl/src/misc/lv_math.c ****         if(tempdegree >= 6) comp++;
 186:Middlewares/lvgl/src/misc/lv_math.c ****         if(tempdegree >= 10) comp++;
 187:Middlewares/lvgl/src/misc/lv_math.c ****         if(tempdegree >= 15) comp++;  // max is 4 degrees compensated
 188:Middlewares/lvgl/src/misc/lv_math.c ****     }
 189:Middlewares/lvgl/src/misc/lv_math.c ****     degree += comp;   // degree is now accurate to +/- 1 degree!
 439              		.loc 1 189 5 is_stmt 1 view .LVU153
 440              		.loc 1 189 12 is_stmt 0 view .LVU154
 441 0042 1844     		add	r0, r0, r3
 442              	.LVL59:
 190:Middlewares/lvgl/src/misc/lv_math.c **** 
 191:Middlewares/lvgl/src/misc/lv_math.c ****     // Invert degree if it was X>Y octant, makes 0-45 into 90-45
 192:Middlewares/lvgl/src/misc/lv_math.c ****     if(negflag & 0x10) degree = (90 - degree);
 443              		.loc 1 192 5 is_stmt 1 view .LVU155
 444              		.loc 1 192 7 is_stmt 0 view .LVU156
 445 0044 12F0100F 		tst	r2, #16
 446 0048 01D0     		beq	.L31
 447              		.loc 1 192 24 is_stmt 1 discriminator 1 view .LVU157
 448              		.loc 1 192 31 is_stmt 0 discriminator 1 view .LVU158
 449 004a C0F15A00 		rsb	r0, r0, #90
 450              	.LVL60:
 451              	.L31:
 193:Middlewares/lvgl/src/misc/lv_math.c **** 
 194:Middlewares/lvgl/src/misc/lv_math.c ****     // 3. Degree is now 0-90 range for this quadrant,
 195:Middlewares/lvgl/src/misc/lv_math.c ****     // need to invert it for whichever quadrant it was in
 196:Middlewares/lvgl/src/misc/lv_math.c ****     if(negflag & 0x02) { // if -Y
 452              		.loc 1 196 5 is_stmt 1 view .LVU159
 453              		.loc 1 196 7 is_stmt 0 view .LVU160
 454 004e 12F0020F 		tst	r2, #2
 455 0052 2AD0     		beq	.L32
 197:Middlewares/lvgl/src/misc/lv_math.c ****         if(negflag & 0x01)   // if -Y -X
 456              		.loc 1 197 9 is_stmt 1 view .LVU161
 457              		.loc 1 197 11 is_stmt 0 view .LVU162
 458 0054 12F0010F 		tst	r2, #1
 459 0058 24D0     		beq	.L33
 198:Middlewares/lvgl/src/misc/lv_math.c ****             degree = (180 + degree);
 460              		.loc 1 198 13 is_stmt 1 view .LVU163
 461              		.loc 1 198 20 is_stmt 0 view .LVU164
 462 005a B430     		adds	r0, r0, #180
 463              	.LVL61:
 464              	.L34:
 199:Middlewares/lvgl/src/misc/lv_math.c ****         else        // else is -Y +X
 200:Middlewares/lvgl/src/misc/lv_math.c ****             degree = (180 - degree);
 201:Middlewares/lvgl/src/misc/lv_math.c ****     }
 202:Middlewares/lvgl/src/misc/lv_math.c ****     else {   // else is +Y
 203:Middlewares/lvgl/src/misc/lv_math.c ****         if(negflag & 0x01)   // if +Y -X
 204:Middlewares/lvgl/src/misc/lv_math.c ****             degree = (360 - degree);
 205:Middlewares/lvgl/src/misc/lv_math.c ****     }
 206:Middlewares/lvgl/src/misc/lv_math.c ****     return degree;
 465              		.loc 1 206 5 is_stmt 1 view .LVU165
 207:Middlewares/lvgl/src/misc/lv_math.c **** }
 466              		.loc 1 207 1 is_stmt 0 view .LVU166
 467 005c 80B2     		uxth	r0, r0
 468              	.LVL62:
 469              		.loc 1 207 1 view .LVU167
ARM GAS  /tmp/ccRkdNir.s 			page 13


 470 005e 7047     		bx	lr
 471              	.LVL63:
 472              	.L38:
 155:Middlewares/lvgl/src/misc/lv_math.c ****         x = (0 - x);        // is now +
 473              		.loc 1 155 9 is_stmt 1 view .LVU168
 156:Middlewares/lvgl/src/misc/lv_math.c ****     }
 474              		.loc 1 156 9 view .LVU169
 156:Middlewares/lvgl/src/misc/lv_math.c ****     }
 475              		.loc 1 156 11 is_stmt 0 view .LVU170
 476 0060 4042     		rsbs	r0, r0, #0
 477              	.LVL64:
 155:Middlewares/lvgl/src/misc/lv_math.c ****         x = (0 - x);        // is now +
 478              		.loc 1 155 17 view .LVU171
 479 0062 0122     		movs	r2, #1
 480 0064 CFE7     		b	.L19
 481              	.LVL65:
 482              	.L39:
 160:Middlewares/lvgl/src/misc/lv_math.c ****         y = (0 - y);        // is now +
 483              		.loc 1 160 9 is_stmt 1 view .LVU172
 160:Middlewares/lvgl/src/misc/lv_math.c ****         y = (0 - y);        // is now +
 484              		.loc 1 160 17 is_stmt 0 view .LVU173
 485 0066 0232     		adds	r2, r2, #2
 486              	.LVL66:
 160:Middlewares/lvgl/src/misc/lv_math.c ****         y = (0 - y);        // is now +
 487              		.loc 1 160 17 view .LVU174
 488 0068 D2B2     		uxtb	r2, r2
 489              	.LVL67:
 161:Middlewares/lvgl/src/misc/lv_math.c ****     }
 490              		.loc 1 161 9 is_stmt 1 view .LVU175
 161:Middlewares/lvgl/src/misc/lv_math.c ****     }
 491              		.loc 1 161 11 is_stmt 0 view .LVU176
 492 006a 4942     		rsbs	r1, r1, #0
 493              	.LVL68:
 161:Middlewares/lvgl/src/misc/lv_math.c ****     }
 494              		.loc 1 161 11 view .LVU177
 495 006c CDE7     		b	.L20
 496              	.LVL69:
 497              	.L21:
 171:Middlewares/lvgl/src/misc/lv_math.c ****     }
 498              		.loc 1 171 9 is_stmt 1 view .LVU178
 171:Middlewares/lvgl/src/misc/lv_math.c ****     }
 499              		.loc 1 171 22 is_stmt 0 view .LVU179
 500 006e 00EB4000 		add	r0, r0, r0, lsl #1
 501              	.LVL70:
 171:Middlewares/lvgl/src/misc/lv_math.c ****     }
 502              		.loc 1 171 22 view .LVU180
 503 0072 C0EB0010 		rsb	r0, r0, r0, lsl #4
 171:Middlewares/lvgl/src/misc/lv_math.c ****     }
 504              		.loc 1 171 16 view .LVU181
 505 0076 B0FBF1F0 		udiv	r0, r0, r1
 506              	.LVL71:
 171:Middlewares/lvgl/src/misc/lv_math.c ****     }
 507              		.loc 1 171 16 view .LVU182
 508 007a D0E7     		b	.L22
 509              	.LVL72:
 510              	.L36:
 178:Middlewares/lvgl/src/misc/lv_math.c ****         if(tempdegree <= 41) comp++;
ARM GAS  /tmp/ccRkdNir.s 			page 14


 511              		.loc 1 178 34 view .LVU183
 512 007c 0123     		movs	r3, #1
 513 007e D4E7     		b	.L24
 514              	.L23:
 184:Middlewares/lvgl/src/misc/lv_math.c ****         if(tempdegree >= 6) comp++;
 515              		.loc 1 184 9 is_stmt 1 view .LVU184
 184:Middlewares/lvgl/src/misc/lv_math.c ****         if(tempdegree >= 6) comp++;
 516              		.loc 1 184 11 is_stmt 0 view .LVU185
 517 0080 0129     		cmp	r1, #1
 518 0082 0DD9     		bls	.L40
 184:Middlewares/lvgl/src/misc/lv_math.c ****         if(tempdegree >= 6) comp++;
 519              		.loc 1 184 33 view .LVU186
 520 0084 0123     		movs	r3, #1
 521              	.L28:
 522              	.LVL73:
 185:Middlewares/lvgl/src/misc/lv_math.c ****         if(tempdegree >= 10) comp++;
 523              		.loc 1 185 9 is_stmt 1 view .LVU187
 185:Middlewares/lvgl/src/misc/lv_math.c ****         if(tempdegree >= 10) comp++;
 524              		.loc 1 185 11 is_stmt 0 view .LVU188
 525 0086 0529     		cmp	r1, #5
 526 0088 01D9     		bls	.L29
 185:Middlewares/lvgl/src/misc/lv_math.c ****         if(tempdegree >= 10) comp++;
 527              		.loc 1 185 29 is_stmt 1 discriminator 1 view .LVU189
 185:Middlewares/lvgl/src/misc/lv_math.c ****         if(tempdegree >= 10) comp++;
 528              		.loc 1 185 33 is_stmt 0 discriminator 1 view .LVU190
 529 008a 0133     		adds	r3, r3, #1
 530              	.LVL74:
 185:Middlewares/lvgl/src/misc/lv_math.c ****         if(tempdegree >= 10) comp++;
 531              		.loc 1 185 33 discriminator 1 view .LVU191
 532 008c DBB2     		uxtb	r3, r3
 533              	.LVL75:
 534              	.L29:
 186:Middlewares/lvgl/src/misc/lv_math.c ****         if(tempdegree >= 15) comp++;  // max is 4 degrees compensated
 535              		.loc 1 186 9 is_stmt 1 view .LVU192
 186:Middlewares/lvgl/src/misc/lv_math.c ****         if(tempdegree >= 15) comp++;  // max is 4 degrees compensated
 536              		.loc 1 186 11 is_stmt 0 view .LVU193
 537 008e 0929     		cmp	r1, #9
 538 0090 01D9     		bls	.L30
 186:Middlewares/lvgl/src/misc/lv_math.c ****         if(tempdegree >= 15) comp++;  // max is 4 degrees compensated
 539              		.loc 1 186 30 is_stmt 1 discriminator 1 view .LVU194
 186:Middlewares/lvgl/src/misc/lv_math.c ****         if(tempdegree >= 15) comp++;  // max is 4 degrees compensated
 540              		.loc 1 186 34 is_stmt 0 discriminator 1 view .LVU195
 541 0092 0133     		adds	r3, r3, #1
 542              	.LVL76:
 186:Middlewares/lvgl/src/misc/lv_math.c ****         if(tempdegree >= 15) comp++;  // max is 4 degrees compensated
 543              		.loc 1 186 34 discriminator 1 view .LVU196
 544 0094 DBB2     		uxtb	r3, r3
 545              	.LVL77:
 546              	.L30:
 187:Middlewares/lvgl/src/misc/lv_math.c ****     }
 547              		.loc 1 187 9 is_stmt 1 view .LVU197
 187:Middlewares/lvgl/src/misc/lv_math.c ****     }
 548              		.loc 1 187 11 is_stmt 0 view .LVU198
 549 0096 0E29     		cmp	r1, #14
 550 0098 D3D9     		bls	.L27
 187:Middlewares/lvgl/src/misc/lv_math.c ****     }
 551              		.loc 1 187 30 is_stmt 1 discriminator 1 view .LVU199
ARM GAS  /tmp/ccRkdNir.s 			page 15


 187:Middlewares/lvgl/src/misc/lv_math.c ****     }
 552              		.loc 1 187 34 is_stmt 0 discriminator 1 view .LVU200
 553 009a 0133     		adds	r3, r3, #1
 554              	.LVL78:
 187:Middlewares/lvgl/src/misc/lv_math.c ****     }
 555              		.loc 1 187 34 discriminator 1 view .LVU201
 556 009c DBB2     		uxtb	r3, r3
 557              	.LVL79:
 187:Middlewares/lvgl/src/misc/lv_math.c ****     }
 558              		.loc 1 187 34 discriminator 1 view .LVU202
 559 009e D0E7     		b	.L27
 560              	.LVL80:
 561              	.L40:
 175:Middlewares/lvgl/src/misc/lv_math.c ****     tempdegree = degree;    // use an unsigned char for speed!
 562              		.loc 1 175 10 view .LVU203
 563 00a0 0023     		movs	r3, #0
 564 00a2 F0E7     		b	.L28
 565              	.LVL81:
 566              	.L33:
 200:Middlewares/lvgl/src/misc/lv_math.c ****     }
 567              		.loc 1 200 13 is_stmt 1 view .LVU204
 200:Middlewares/lvgl/src/misc/lv_math.c ****     }
 568              		.loc 1 200 20 is_stmt 0 view .LVU205
 569 00a4 C0F1B400 		rsb	r0, r0, #180
 570              	.LVL82:
 200:Middlewares/lvgl/src/misc/lv_math.c ****     }
 571              		.loc 1 200 20 view .LVU206
 572 00a8 D8E7     		b	.L34
 573              	.L32:
 203:Middlewares/lvgl/src/misc/lv_math.c ****             degree = (360 - degree);
 574              		.loc 1 203 9 is_stmt 1 view .LVU207
 203:Middlewares/lvgl/src/misc/lv_math.c ****             degree = (360 - degree);
 575              		.loc 1 203 11 is_stmt 0 view .LVU208
 576 00aa 12F0010F 		tst	r2, #1
 577 00ae D5D0     		beq	.L34
 204:Middlewares/lvgl/src/misc/lv_math.c ****     }
 578              		.loc 1 204 13 is_stmt 1 view .LVU209
 204:Middlewares/lvgl/src/misc/lv_math.c ****     }
 579              		.loc 1 204 20 is_stmt 0 view .LVU210
 580 00b0 C0F5B470 		rsb	r0, r0, #360
 581              	.LVL83:
 204:Middlewares/lvgl/src/misc/lv_math.c ****     }
 582              		.loc 1 204 20 view .LVU211
 583 00b4 D2E7     		b	.L34
 584              		.cfi_endproc
 585              	.LFE4:
 587              		.section	.text.lv_pow,"ax",%progbits
 588              		.align	1
 589              		.global	lv_pow
 590              		.syntax unified
 591              		.thumb
 592              		.thumb_func
 593              		.fpu fpv5-d16
 595              	lv_pow:
 596              	.LVL84:
 597              	.LFB5:
 208:Middlewares/lvgl/src/misc/lv_math.c **** 
ARM GAS  /tmp/ccRkdNir.s 			page 16


 209:Middlewares/lvgl/src/misc/lv_math.c **** /**
 210:Middlewares/lvgl/src/misc/lv_math.c ****  * Calculate the integer exponents.
 211:Middlewares/lvgl/src/misc/lv_math.c ****  * @param base
 212:Middlewares/lvgl/src/misc/lv_math.c ****  * @param power
 213:Middlewares/lvgl/src/misc/lv_math.c ****  * @return base raised to the power exponent
 214:Middlewares/lvgl/src/misc/lv_math.c ****  */
 215:Middlewares/lvgl/src/misc/lv_math.c **** int64_t lv_pow(int64_t base, int8_t exp)
 216:Middlewares/lvgl/src/misc/lv_math.c **** {
 598              		.loc 1 216 1 is_stmt 1 view -0
 599              		.cfi_startproc
 600              		@ args = 0, pretend = 0, frame = 0
 601              		@ frame_needed = 0, uses_anonymous_args = 0
 602              		.loc 1 216 1 is_stmt 0 view .LVU213
 603 0000 0346     		mov	r3, r0
 604 0002 8C46     		mov	ip, r1
 217:Middlewares/lvgl/src/misc/lv_math.c ****     int64_t result = 1;
 605              		.loc 1 217 5 is_stmt 1 view .LVU214
 606              	.LVL85:
 218:Middlewares/lvgl/src/misc/lv_math.c ****     while(exp) {
 607              		.loc 1 218 5 view .LVU215
 217:Middlewares/lvgl/src/misc/lv_math.c ****     int64_t result = 1;
 608              		.loc 1 217 13 is_stmt 0 view .LVU216
 609 0004 0120     		movs	r0, #1
 610              	.LVL86:
 217:Middlewares/lvgl/src/misc/lv_math.c ****     int64_t result = 1;
 611              		.loc 1 217 13 view .LVU217
 612 0006 0021     		movs	r1, #0
 613              	.LVL87:
 614              		.loc 1 218 10 is_stmt 1 view .LVU218
 615 0008 B2B1     		cbz	r2, .L49
 216:Middlewares/lvgl/src/misc/lv_math.c ****     int64_t result = 1;
 616              		.loc 1 216 1 is_stmt 0 view .LVU219
 617 000a 00B5     		push	{lr}
 618              	.LCFI2:
 619              		.cfi_def_cfa_offset 4
 620              		.cfi_offset 14, -4
 621 000c 07E0     		b	.L44
 622              	.LVL88:
 623              	.L43:
 219:Middlewares/lvgl/src/misc/lv_math.c ****         if(exp & 1)
 220:Middlewares/lvgl/src/misc/lv_math.c ****             result *= base;
 221:Middlewares/lvgl/src/misc/lv_math.c ****         exp >>= 1;
 624              		.loc 1 221 9 is_stmt 1 view .LVU220
 625              		.loc 1 221 13 is_stmt 0 view .LVU221
 626 000e 5210     		asrs	r2, r2, #1
 627              	.LVL89:
 222:Middlewares/lvgl/src/misc/lv_math.c ****         base *= base;
 628              		.loc 1 222 9 is_stmt 1 view .LVU222
 629              		.loc 1 222 14 is_stmt 0 view .LVU223
 630 0010 03FB0CFE 		mul	lr, r3, ip
 631 0014 A3FB033C 		umull	r3, ip, r3, r3
 632 0018 0CEB4E0C 		add	ip, ip, lr, lsl #1
 633              	.LVL90:
 218:Middlewares/lvgl/src/misc/lv_math.c ****         if(exp & 1)
 634              		.loc 1 218 10 is_stmt 1 view .LVU224
 635 001c 52B1     		cbz	r2, .L50
 636              	.LVL91:
ARM GAS  /tmp/ccRkdNir.s 			page 17


 637              	.L44:
 219:Middlewares/lvgl/src/misc/lv_math.c ****         if(exp & 1)
 638              		.loc 1 219 9 view .LVU225
 219:Middlewares/lvgl/src/misc/lv_math.c ****         if(exp & 1)
 639              		.loc 1 219 11 is_stmt 0 view .LVU226
 640 001e 12F0010F 		tst	r2, #1
 641 0022 F4D0     		beq	.L43
 220:Middlewares/lvgl/src/misc/lv_math.c ****         exp >>= 1;
 642              		.loc 1 220 13 is_stmt 1 view .LVU227
 220:Middlewares/lvgl/src/misc/lv_math.c ****         exp >>= 1;
 643              		.loc 1 220 20 is_stmt 0 view .LVU228
 644 0024 00FB0CFE 		mul	lr, r0, ip
 645 0028 03FB01EE 		mla	lr, r3, r1, lr
 646 002c A0FB0301 		umull	r0, r1, r0, r3
 647 0030 7144     		add	r1, r1, lr
 648              	.LVL92:
 220:Middlewares/lvgl/src/misc/lv_math.c ****         exp >>= 1;
 649              		.loc 1 220 20 view .LVU229
 650 0032 ECE7     		b	.L43
 651              	.LVL93:
 652              	.L50:
 223:Middlewares/lvgl/src/misc/lv_math.c ****     }
 224:Middlewares/lvgl/src/misc/lv_math.c **** 
 225:Middlewares/lvgl/src/misc/lv_math.c ****     return result;
 653              		.loc 1 225 5 is_stmt 1 view .LVU230
 226:Middlewares/lvgl/src/misc/lv_math.c **** }
 654              		.loc 1 226 1 is_stmt 0 view .LVU231
 655 0034 5DF804FB 		ldr	pc, [sp], #4
 656              	.L49:
 657              	.LCFI3:
 658              		.cfi_def_cfa_offset 0
 659              		.cfi_restore 14
 660              		.loc 1 226 1 view .LVU232
 661 0038 7047     		bx	lr
 662              		.cfi_endproc
 663              	.LFE5:
 665              		.section	.text.lv_map,"ax",%progbits
 666              		.align	1
 667              		.global	lv_map
 668              		.syntax unified
 669              		.thumb
 670              		.thumb_func
 671              		.fpu fpv5-d16
 673              	lv_map:
 674              	.LVL94:
 675              	.LFB6:
 227:Middlewares/lvgl/src/misc/lv_math.c **** 
 228:Middlewares/lvgl/src/misc/lv_math.c **** /**
 229:Middlewares/lvgl/src/misc/lv_math.c ****  * Get the mapped of a number given an input and output range
 230:Middlewares/lvgl/src/misc/lv_math.c ****  * @param x integer which mapped value should be calculated
 231:Middlewares/lvgl/src/misc/lv_math.c ****  * @param min_in min input range
 232:Middlewares/lvgl/src/misc/lv_math.c ****  * @param max_in max input range
 233:Middlewares/lvgl/src/misc/lv_math.c ****  * @param min_out max output range
 234:Middlewares/lvgl/src/misc/lv_math.c ****  * @param max_out max output range
 235:Middlewares/lvgl/src/misc/lv_math.c ****  * @return the mapped number
 236:Middlewares/lvgl/src/misc/lv_math.c ****  */
 237:Middlewares/lvgl/src/misc/lv_math.c **** int32_t lv_map(int32_t x, int32_t min_in, int32_t max_in, int32_t min_out, int32_t max_out)
ARM GAS  /tmp/ccRkdNir.s 			page 18


 238:Middlewares/lvgl/src/misc/lv_math.c **** {
 676              		.loc 1 238 1 is_stmt 1 view -0
 677              		.cfi_startproc
 678              		@ args = 4, pretend = 0, frame = 0
 679              		@ frame_needed = 0, uses_anonymous_args = 0
 680              		.loc 1 238 1 is_stmt 0 view .LVU234
 681 0000 00B5     		push	{lr}
 682              	.LCFI4:
 683              		.cfi_def_cfa_offset 4
 684              		.cfi_offset 14, -4
 239:Middlewares/lvgl/src/misc/lv_math.c ****     if(x >= max_in) return max_out;
 685              		.loc 1 239 5 is_stmt 1 view .LVU235
 686              		.loc 1 239 7 is_stmt 0 view .LVU236
 687 0002 9042     		cmp	r0, r2
 688 0004 0EDA     		bge	.L53
 240:Middlewares/lvgl/src/misc/lv_math.c ****     if(x <= min_in) return min_out;
 689              		.loc 1 240 5 is_stmt 1 view .LVU237
 690              		.loc 1 240 7 is_stmt 0 view .LVU238
 691 0006 8842     		cmp	r0, r1
 692 0008 0EDD     		ble	.L54
 241:Middlewares/lvgl/src/misc/lv_math.c **** 
 242:Middlewares/lvgl/src/misc/lv_math.c ****     /**
 243:Middlewares/lvgl/src/misc/lv_math.c ****      * The equation should be:
 244:Middlewares/lvgl/src/misc/lv_math.c ****      *   ((x - min_in) * delta_out) / delta in) + min_out
 245:Middlewares/lvgl/src/misc/lv_math.c ****      * To avoid rounding error reorder the operations:
 246:Middlewares/lvgl/src/misc/lv_math.c ****      *   (x - min_in) * (delta_out / delta_min) + min_out
 247:Middlewares/lvgl/src/misc/lv_math.c ****      */
 248:Middlewares/lvgl/src/misc/lv_math.c **** 
 249:Middlewares/lvgl/src/misc/lv_math.c ****     int32_t delta_in = max_in - min_in;
 693              		.loc 1 249 5 is_stmt 1 view .LVU239
 694              		.loc 1 249 13 is_stmt 0 view .LVU240
 695 000a A2EB010C 		sub	ip, r2, r1
 696              	.LVL95:
 250:Middlewares/lvgl/src/misc/lv_math.c ****     int32_t delta_out = max_out - min_out;
 697              		.loc 1 250 5 is_stmt 1 view .LVU241
 698              		.loc 1 250 13 is_stmt 0 view .LVU242
 699 000e 019A     		ldr	r2, [sp, #4]
 700              	.LVL96:
 701              		.loc 1 250 13 view .LVU243
 702 0010 A2EB030E 		sub	lr, r2, r3
 703              	.LVL97:
 251:Middlewares/lvgl/src/misc/lv_math.c **** 
 252:Middlewares/lvgl/src/misc/lv_math.c ****     return ((x - min_in) * delta_out) / delta_in + min_out;
 704              		.loc 1 252 5 is_stmt 1 view .LVU244
 705              		.loc 1 252 16 is_stmt 0 view .LVU245
 706 0014 421A     		subs	r2, r0, r1
 707              		.loc 1 252 26 view .LVU246
 708 0016 0EFB02F2 		mul	r2, lr, r2
 709              		.loc 1 252 39 view .LVU247
 710 001a 92FBFCF2 		sdiv	r2, r2, ip
 711              		.loc 1 252 50 view .LVU248
 712 001e D018     		adds	r0, r2, r3
 713              	.LVL98:
 714              	.L51:
 253:Middlewares/lvgl/src/misc/lv_math.c **** }
 715              		.loc 1 253 1 view .LVU249
 716 0020 5DF804FB 		ldr	pc, [sp], #4
ARM GAS  /tmp/ccRkdNir.s 			page 19


 717              	.LVL99:
 718              	.L53:
 239:Middlewares/lvgl/src/misc/lv_math.c ****     if(x <= min_in) return min_out;
 719              		.loc 1 239 28 view .LVU250
 720 0024 0198     		ldr	r0, [sp, #4]
 721              	.LVL100:
 239:Middlewares/lvgl/src/misc/lv_math.c ****     if(x <= min_in) return min_out;
 722              		.loc 1 239 28 view .LVU251
 723 0026 FBE7     		b	.L51
 724              	.LVL101:
 725              	.L54:
 240:Middlewares/lvgl/src/misc/lv_math.c **** 
 726              		.loc 1 240 28 view .LVU252
 727 0028 1846     		mov	r0, r3
 728              	.LVL102:
 240:Middlewares/lvgl/src/misc/lv_math.c **** 
 729              		.loc 1 240 28 view .LVU253
 730 002a F9E7     		b	.L51
 731              		.cfi_endproc
 732              	.LFE6:
 734              		.section	.text.lv_rand,"ax",%progbits
 735              		.align	1
 736              		.global	lv_rand
 737              		.syntax unified
 738              		.thumb
 739              		.thumb_func
 740              		.fpu fpv5-d16
 742              	lv_rand:
 743              	.LVL103:
 744              	.LFB7:
 254:Middlewares/lvgl/src/misc/lv_math.c **** 
 255:Middlewares/lvgl/src/misc/lv_math.c **** uint32_t lv_rand(uint32_t min, uint32_t max)
 256:Middlewares/lvgl/src/misc/lv_math.c **** {
 745              		.loc 1 256 1 is_stmt 1 view -0
 746              		.cfi_startproc
 747              		@ args = 0, pretend = 0, frame = 0
 748              		@ frame_needed = 0, uses_anonymous_args = 0
 749              		@ link register save eliminated.
 257:Middlewares/lvgl/src/misc/lv_math.c ****     static uint32_t a = 0x1234ABCD; /*Seed*/
 750              		.loc 1 257 5 view .LVU255
 258:Middlewares/lvgl/src/misc/lv_math.c **** 
 259:Middlewares/lvgl/src/misc/lv_math.c ****     /*Algorithm "xor" from p. 4 of Marsaglia, "Xorshift RNGs"*/
 260:Middlewares/lvgl/src/misc/lv_math.c ****     uint32_t x = a;
 751              		.loc 1 260 5 view .LVU256
 752              		.loc 1 260 14 is_stmt 0 view .LVU257
 753 0000 084A     		ldr	r2, .L57
 754 0002 1368     		ldr	r3, [r2]
 755              	.LVL104:
 261:Middlewares/lvgl/src/misc/lv_math.c ****     x ^= x << 13;
 756              		.loc 1 261 5 is_stmt 1 view .LVU258
 757              		.loc 1 261 7 is_stmt 0 view .LVU259
 758 0004 83EA4333 		eor	r3, r3, r3, lsl #13
 759              	.LVL105:
 262:Middlewares/lvgl/src/misc/lv_math.c ****     x ^= x >> 17;
 760              		.loc 1 262 5 is_stmt 1 view .LVU260
 761              		.loc 1 262 7 is_stmt 0 view .LVU261
 762 0008 83EA5343 		eor	r3, r3, r3, lsr #17
ARM GAS  /tmp/ccRkdNir.s 			page 20


 763              	.LVL106:
 263:Middlewares/lvgl/src/misc/lv_math.c ****     x ^= x << 5;
 764              		.loc 1 263 5 is_stmt 1 view .LVU262
 765              		.loc 1 263 7 is_stmt 0 view .LVU263
 766 000c 83EA4313 		eor	r3, r3, r3, lsl #5
 767              	.LVL107:
 264:Middlewares/lvgl/src/misc/lv_math.c ****     a = x;
 768              		.loc 1 264 5 is_stmt 1 view .LVU264
 769              		.loc 1 264 7 is_stmt 0 view .LVU265
 770 0010 1360     		str	r3, [r2]
 265:Middlewares/lvgl/src/misc/lv_math.c **** 
 266:Middlewares/lvgl/src/misc/lv_math.c ****     return (a % (max - min + 1)) + min;
 771              		.loc 1 266 5 is_stmt 1 view .LVU266
 772              		.loc 1 266 22 is_stmt 0 view .LVU267
 773 0012 091A     		subs	r1, r1, r0
 774              	.LVL108:
 775              		.loc 1 266 28 view .LVU268
 776 0014 0131     		adds	r1, r1, #1
 777              		.loc 1 266 15 view .LVU269
 778 0016 B3FBF1F2 		udiv	r2, r3, r1
 779 001a 01FB1233 		mls	r3, r1, r2, r3
 780              	.LVL109:
 267:Middlewares/lvgl/src/misc/lv_math.c **** }
 781              		.loc 1 267 1 view .LVU270
 782 001e 1844     		add	r0, r0, r3
 783              	.LVL110:
 784              		.loc 1 267 1 view .LVU271
 785 0020 7047     		bx	lr
 786              	.L58:
 787 0022 00BF     		.align	2
 788              	.L57:
 789 0024 00000000 		.word	.LANCHOR1
 790              		.cfi_endproc
 791              	.LFE7:
 793              		.section	.data.a.0,"aw"
 794              		.align	2
 795              		.set	.LANCHOR1,. + 0
 798              	a.0:
 799 0000 CDAB3412 		.word	305441741
 800              		.section	.rodata.sin0_90_table,"a"
 801              		.align	2
 802              		.set	.LANCHOR0,. + 0
 805              	sin0_90_table:
 806 0000 0000     		.short	0
 807 0002 3C02     		.short	572
 808 0004 7804     		.short	1144
 809 0006 B306     		.short	1715
 810 0008 EE08     		.short	2286
 811 000a 280B     		.short	2856
 812 000c 610D     		.short	3425
 813 000e 990F     		.short	3993
 814 0010 D011     		.short	4560
 815 0012 0614     		.short	5126
 816 0014 3A16     		.short	5690
 817 0016 6C18     		.short	6252
 818 0018 9D1A     		.short	6813
 819 001a CB1C     		.short	7371
ARM GAS  /tmp/ccRkdNir.s 			page 21


 820 001c F71E     		.short	7927
 821 001e 2121     		.short	8481
 822 0020 4823     		.short	9032
 823 0022 6C25     		.short	9580
 824 0024 8E27     		.short	10126
 825 0026 AC29     		.short	10668
 826 0028 C72B     		.short	11207
 827 002a DF2D     		.short	11743
 828 002c F32F     		.short	12275
 829 002e 0332     		.short	12803
 830 0030 1034     		.short	13328
 831 0032 1836     		.short	13848
 832 0034 1C38     		.short	14364
 833 0036 1C3A     		.short	14876
 834 0038 173C     		.short	15383
 835 003a 0E3E     		.short	15886
 836 003c FF3F     		.short	16383
 837 003e EC41     		.short	16876
 838 0040 D443     		.short	17364
 839 0042 B645     		.short	17846
 840 0044 9347     		.short	18323
 841 0046 6A49     		.short	18794
 842 0048 3C4B     		.short	19260
 843 004a 084D     		.short	19720
 844 004c CD4E     		.short	20173
 845 004e 8D50     		.short	20621
 846 0050 4652     		.short	21062
 847 0052 F953     		.short	21497
 848 0054 A555     		.short	21925
 849 0056 4B57     		.short	22347
 850 0058 EA58     		.short	22762
 851 005a 825A     		.short	23170
 852 005c 135C     		.short	23571
 853 005e 9C5D     		.short	23964
 854 0060 1F5F     		.short	24351
 855 0062 9A60     		.short	24730
 856 0064 0D62     		.short	25101
 857 0066 7963     		.short	25465
 858 0068 DD64     		.short	25821
 859 006a 3966     		.short	26169
 860 006c 8D67     		.short	26509
 861 006e D968     		.short	26841
 862 0070 1D6A     		.short	27165
 863 0072 596B     		.short	27481
 864 0074 8C6C     		.short	27788
 865 0076 B76D     		.short	28087
 866 0078 D96E     		.short	28377
 867 007a F36F     		.short	28659
 868 007c 0471     		.short	28932
 869 007e 0C72     		.short	29196
 870 0080 0B73     		.short	29451
 871 0082 0174     		.short	29697
 872 0084 EE74     		.short	29934
 873 0086 D275     		.short	30162
 874 0088 AD76     		.short	30381
 875 008a 7F77     		.short	30591
 876 008c 4778     		.short	30791
ARM GAS  /tmp/ccRkdNir.s 			page 22


 877 008e 0679     		.short	30982
 878 0090 BB79     		.short	31163
 879 0092 677A     		.short	31335
 880 0094 0A7B     		.short	31498
 881 0096 A27B     		.short	31650
 882 0098 327C     		.short	31794
 883 009a B77C     		.short	31927
 884 009c 337D     		.short	32051
 885 009e A57D     		.short	32165
 886 00a0 0D7E     		.short	32269
 887 00a2 6C7E     		.short	32364
 888 00a4 C07E     		.short	32448
 889 00a6 0B7F     		.short	32523
 890 00a8 4B7F     		.short	32587
 891 00aa 827F     		.short	32642
 892 00ac AF7F     		.short	32687
 893 00ae D27F     		.short	32722
 894 00b0 EB7F     		.short	32747
 895 00b2 FA7F     		.short	32762
 896 00b4 FF7F     		.short	32767
 897              		.text
 898              	.Letext0:
 899              		.file 2 "/home/akinya/gcc-arm-none-eabi/arm-none-eabi/include/machine/_default_types.h"
 900              		.file 3 "/home/akinya/gcc-arm-none-eabi/arm-none-eabi/include/sys/_stdint.h"
 901              		.file 4 "Middlewares/lvgl/src/misc/lv_math.h"
ARM GAS  /tmp/ccRkdNir.s 			page 23


DEFINED SYMBOLS
                            *ABS*:0000000000000000 lv_math.c
     /tmp/ccRkdNir.s:17     .text.lv_trigo_sin:0000000000000000 $t
     /tmp/ccRkdNir.s:25     .text.lv_trigo_sin:0000000000000000 lv_trigo_sin
     /tmp/ccRkdNir.s:146    .text.lv_trigo_sin:0000000000000074 $d
     /tmp/ccRkdNir.s:152    .text.lv_bezier3:0000000000000000 $t
     /tmp/ccRkdNir.s:159    .text.lv_bezier3:0000000000000000 lv_bezier3
     /tmp/ccRkdNir.s:249    .text.lv_sqrt:0000000000000000 $t
     /tmp/ccRkdNir.s:256    .text.lv_sqrt:0000000000000000 lv_sqrt
     /tmp/ccRkdNir.s:326    .text.lv_atan2:0000000000000000 $t
     /tmp/ccRkdNir.s:333    .text.lv_atan2:0000000000000000 lv_atan2
     /tmp/ccRkdNir.s:588    .text.lv_pow:0000000000000000 $t
     /tmp/ccRkdNir.s:595    .text.lv_pow:0000000000000000 lv_pow
     /tmp/ccRkdNir.s:666    .text.lv_map:0000000000000000 $t
     /tmp/ccRkdNir.s:673    .text.lv_map:0000000000000000 lv_map
     /tmp/ccRkdNir.s:735    .text.lv_rand:0000000000000000 $t
     /tmp/ccRkdNir.s:742    .text.lv_rand:0000000000000000 lv_rand
     /tmp/ccRkdNir.s:789    .text.lv_rand:0000000000000024 $d
     /tmp/ccRkdNir.s:794    .data.a.0:0000000000000000 $d
     /tmp/ccRkdNir.s:798    .data.a.0:0000000000000000 a.0
     /tmp/ccRkdNir.s:801    .rodata.sin0_90_table:0000000000000000 $d
     /tmp/ccRkdNir.s:805    .rodata.sin0_90_table:0000000000000000 sin0_90_table

NO UNDEFINED SYMBOLS
