ARM GAS  /tmp/ccnwSrq6.s 			page 1


   1              		.cpu cortex-m7
   2              		.eabi_attribute 28, 1
   3              		.eabi_attribute 20, 1
   4              		.eabi_attribute 21, 1
   5              		.eabi_attribute 23, 3
   6              		.eabi_attribute 24, 1
   7              		.eabi_attribute 25, 1
   8              		.eabi_attribute 26, 1
   9              		.eabi_attribute 30, 1
  10              		.eabi_attribute 34, 1
  11              		.eabi_attribute 18, 4
  12              		.file	"lv_utils.c"
  13              		.text
  14              	.Ltext0:
  15              		.cfi_sections	.debug_frame
  16              		.section	.text._lv_utils_bsearch,"ax",%progbits
  17              		.align	1
  18              		.global	_lv_utils_bsearch
  19              		.arch armv7e-m
  20              		.syntax unified
  21              		.thumb
  22              		.thumb_func
  23              		.fpu fpv5-d16
  25              	_lv_utils_bsearch:
  26              	.LVL0:
  27              	.LFB8:
  28              		.file 1 "Middlewares/lvgl/src/misc/lv_utils.c"
   1:Middlewares/lvgl/src/misc/lv_utils.c **** /**
   2:Middlewares/lvgl/src/misc/lv_utils.c ****  * @file lv_utils.c
   3:Middlewares/lvgl/src/misc/lv_utils.c ****  *
   4:Middlewares/lvgl/src/misc/lv_utils.c ****  */
   5:Middlewares/lvgl/src/misc/lv_utils.c **** 
   6:Middlewares/lvgl/src/misc/lv_utils.c **** /*********************
   7:Middlewares/lvgl/src/misc/lv_utils.c ****  *      INCLUDES
   8:Middlewares/lvgl/src/misc/lv_utils.c ****  *********************/
   9:Middlewares/lvgl/src/misc/lv_utils.c **** #include <stdbool.h>
  10:Middlewares/lvgl/src/misc/lv_utils.c **** 
  11:Middlewares/lvgl/src/misc/lv_utils.c **** #include "lv_utils.h"
  12:Middlewares/lvgl/src/misc/lv_utils.c **** #include "lv_math.h"
  13:Middlewares/lvgl/src/misc/lv_utils.c **** #include "lv_printf.h"
  14:Middlewares/lvgl/src/misc/lv_utils.c **** #include "lv_txt.h"
  15:Middlewares/lvgl/src/misc/lv_utils.c **** 
  16:Middlewares/lvgl/src/misc/lv_utils.c **** /*********************
  17:Middlewares/lvgl/src/misc/lv_utils.c ****  *      DEFINES
  18:Middlewares/lvgl/src/misc/lv_utils.c ****  *********************/
  19:Middlewares/lvgl/src/misc/lv_utils.c **** 
  20:Middlewares/lvgl/src/misc/lv_utils.c **** /**********************
  21:Middlewares/lvgl/src/misc/lv_utils.c ****  *      TYPEDEFS
  22:Middlewares/lvgl/src/misc/lv_utils.c ****  **********************/
  23:Middlewares/lvgl/src/misc/lv_utils.c **** 
  24:Middlewares/lvgl/src/misc/lv_utils.c **** /**********************
  25:Middlewares/lvgl/src/misc/lv_utils.c ****  *  STATIC PROTOTYPES
  26:Middlewares/lvgl/src/misc/lv_utils.c ****  **********************/
  27:Middlewares/lvgl/src/misc/lv_utils.c **** 
  28:Middlewares/lvgl/src/misc/lv_utils.c **** /**********************
  29:Middlewares/lvgl/src/misc/lv_utils.c ****  *  STATIC VARIABLES
  30:Middlewares/lvgl/src/misc/lv_utils.c ****  **********************/
ARM GAS  /tmp/ccnwSrq6.s 			page 2


  31:Middlewares/lvgl/src/misc/lv_utils.c **** 
  32:Middlewares/lvgl/src/misc/lv_utils.c **** /**********************
  33:Middlewares/lvgl/src/misc/lv_utils.c ****  *      MACROS
  34:Middlewares/lvgl/src/misc/lv_utils.c ****  **********************/
  35:Middlewares/lvgl/src/misc/lv_utils.c **** 
  36:Middlewares/lvgl/src/misc/lv_utils.c **** /**********************
  37:Middlewares/lvgl/src/misc/lv_utils.c ****  *   GLOBAL FUNCTIONS
  38:Middlewares/lvgl/src/misc/lv_utils.c ****  **********************/
  39:Middlewares/lvgl/src/misc/lv_utils.c **** 
  40:Middlewares/lvgl/src/misc/lv_utils.c **** /** Searches base[0] to base[n - 1] for an item that matches *key.
  41:Middlewares/lvgl/src/misc/lv_utils.c ****  *
  42:Middlewares/lvgl/src/misc/lv_utils.c ****  * @note The function cmp must return negative if its first
  43:Middlewares/lvgl/src/misc/lv_utils.c ****  *  argument (the search key) is less that its second (a table entry),
  44:Middlewares/lvgl/src/misc/lv_utils.c ****  *  zero if equal, and positive if greater.
  45:Middlewares/lvgl/src/misc/lv_utils.c ****  *
  46:Middlewares/lvgl/src/misc/lv_utils.c ****  *  @note Items in the array must be in ascending order.
  47:Middlewares/lvgl/src/misc/lv_utils.c ****  *
  48:Middlewares/lvgl/src/misc/lv_utils.c ****  * @param key    Pointer to item being searched for
  49:Middlewares/lvgl/src/misc/lv_utils.c ****  * @param base   Pointer to first element to search
  50:Middlewares/lvgl/src/misc/lv_utils.c ****  * @param n      Number of elements
  51:Middlewares/lvgl/src/misc/lv_utils.c ****  * @param size   Size of each element
  52:Middlewares/lvgl/src/misc/lv_utils.c ****  * @param cmp    Pointer to comparison function (see #lv_font_codeCompare as a comparison function
  53:Middlewares/lvgl/src/misc/lv_utils.c ****  * example)
  54:Middlewares/lvgl/src/misc/lv_utils.c ****  *
  55:Middlewares/lvgl/src/misc/lv_utils.c ****  * @return a pointer to a matching item, or NULL if none exists.
  56:Middlewares/lvgl/src/misc/lv_utils.c ****  */
  57:Middlewares/lvgl/src/misc/lv_utils.c **** void * _lv_utils_bsearch(const void * key, const void * base, uint32_t n, uint32_t size,
  58:Middlewares/lvgl/src/misc/lv_utils.c ****                          int32_t (*cmp)(const void * pRef, const void * pElement))
  59:Middlewares/lvgl/src/misc/lv_utils.c **** {
  29              		.loc 1 59 1 view -0
  30              		.cfi_startproc
  31              		@ args = 4, pretend = 0, frame = 0
  32              		@ frame_needed = 0, uses_anonymous_args = 0
  33              		.loc 1 59 1 is_stmt 0 view .LVU1
  34 0000 2DE9F047 		push	{r4, r5, r6, r7, r8, r9, r10, lr}
  35              	.LCFI0:
  36              		.cfi_def_cfa_offset 32
  37              		.cfi_offset 4, -32
  38              		.cfi_offset 5, -28
  39              		.cfi_offset 6, -24
  40              		.cfi_offset 7, -20
  41              		.cfi_offset 8, -16
  42              		.cfi_offset 9, -12
  43              		.cfi_offset 10, -8
  44              		.cfi_offset 14, -4
  45 0004 8146     		mov	r9, r0
  46 0006 8846     		mov	r8, r1
  47 0008 1446     		mov	r4, r2
  48 000a 1F46     		mov	r7, r3
  49 000c DDF820A0 		ldr	r10, [sp, #32]
  60:Middlewares/lvgl/src/misc/lv_utils.c ****     const char * middle;
  50              		.loc 1 60 5 is_stmt 1 view .LVU2
  61:Middlewares/lvgl/src/misc/lv_utils.c ****     int32_t c;
  51              		.loc 1 61 5 view .LVU3
  62:Middlewares/lvgl/src/misc/lv_utils.c **** 
  63:Middlewares/lvgl/src/misc/lv_utils.c ****     for(middle = base; n != 0;) {
  52              		.loc 1 63 5 view .LVU4
ARM GAS  /tmp/ccnwSrq6.s 			page 3


  53              	.LVL1:
  54              		.loc 1 63 5 is_stmt 0 view .LVU5
  55 0010 07E0     		b	.L2
  56              	.LVL2:
  57              	.L9:
  64:Middlewares/lvgl/src/misc/lv_utils.c ****         middle += (n / 2) * size;
  65:Middlewares/lvgl/src/misc/lv_utils.c ****         if((c = (*cmp)(key, middle)) > 0) {
  66:Middlewares/lvgl/src/misc/lv_utils.c ****             n    = (n / 2) - ((n & 1) == 0);
  58              		.loc 1 66 13 is_stmt 1 view .LVU6
  59              		.loc 1 66 39 is_stmt 0 view .LVU7
  60 0012 14F0010F 		tst	r4, #1
  61 0016 0CBF     		ite	eq
  62 0018 0124     		moveq	r4, #1
  63              	.LVL3:
  64              		.loc 1 66 39 view .LVU8
  65 001a 0024     		movne	r4, #0
  66              		.loc 1 66 18 view .LVU9
  67 001c 2C1B     		subs	r4, r5, r4
  68              	.LVL4:
  67:Middlewares/lvgl/src/misc/lv_utils.c ****             base = (middle += size);
  69              		.loc 1 67 13 is_stmt 1 view .LVU10
  70              		.loc 1 67 28 is_stmt 0 view .LVU11
  71 001e 06EB0708 		add	r8, r6, r7
  72              	.LVL5:
  73              	.L2:
  63:Middlewares/lvgl/src/misc/lv_utils.c ****         middle += (n / 2) * size;
  74              		.loc 1 63 24 is_stmt 1 discriminator 1 view .LVU12
  63:Middlewares/lvgl/src/misc/lv_utils.c ****         middle += (n / 2) * size;
  75              		.loc 1 63 5 is_stmt 0 discriminator 1 view .LVU13
  76 0022 5CB1     		cbz	r4, .L8
  64:Middlewares/lvgl/src/misc/lv_utils.c ****         middle += (n / 2) * size;
  77              		.loc 1 64 9 is_stmt 1 view .LVU14
  64:Middlewares/lvgl/src/misc/lv_utils.c ****         middle += (n / 2) * size;
  78              		.loc 1 64 22 is_stmt 0 view .LVU15
  79 0024 6508     		lsrs	r5, r4, #1
  64:Middlewares/lvgl/src/misc/lv_utils.c ****         middle += (n / 2) * size;
  80              		.loc 1 64 16 view .LVU16
  81 0026 07FB0586 		mla	r6, r7, r5, r8
  82              	.LVL6:
  65:Middlewares/lvgl/src/misc/lv_utils.c ****             n    = (n / 2) - ((n & 1) == 0);
  83              		.loc 1 65 9 is_stmt 1 view .LVU17
  65:Middlewares/lvgl/src/misc/lv_utils.c ****             n    = (n / 2) - ((n & 1) == 0);
  84              		.loc 1 65 18 is_stmt 0 view .LVU18
  85 002a 3146     		mov	r1, r6
  86 002c 4846     		mov	r0, r9
  87 002e D047     		blx	r10
  88              	.LVL7:
  65:Middlewares/lvgl/src/misc/lv_utils.c ****             n    = (n / 2) - ((n & 1) == 0);
  89              		.loc 1 65 11 view .LVU19
  90 0030 0028     		cmp	r0, #0
  65:Middlewares/lvgl/src/misc/lv_utils.c ****             n    = (n / 2) - ((n & 1) == 0);
  91              		.loc 1 65 11 view .LVU20
  92 0032 EEDC     		bgt	.L9
  68:Middlewares/lvgl/src/misc/lv_utils.c ****         }
  69:Middlewares/lvgl/src/misc/lv_utils.c ****         else if(c < 0) {
  93              		.loc 1 69 14 is_stmt 1 view .LVU21
  94              		.loc 1 69 16 is_stmt 0 view .LVU22
ARM GAS  /tmp/ccnwSrq6.s 			page 4


  95 0034 0028     		cmp	r0, #0
  96 0036 02DA     		bge	.L1
  70:Middlewares/lvgl/src/misc/lv_utils.c ****             n /= 2;
  97              		.loc 1 70 15 view .LVU23
  98 0038 2C46     		mov	r4, r5
  99              	.LVL8:
 100              		.loc 1 70 15 view .LVU24
 101 003a F2E7     		b	.L2
 102              	.LVL9:
 103              	.L8:
  71:Middlewares/lvgl/src/misc/lv_utils.c ****             middle = base;
  72:Middlewares/lvgl/src/misc/lv_utils.c ****         }
  73:Middlewares/lvgl/src/misc/lv_utils.c ****         else {
  74:Middlewares/lvgl/src/misc/lv_utils.c ****             return (char *)middle;
  75:Middlewares/lvgl/src/misc/lv_utils.c ****         }
  76:Middlewares/lvgl/src/misc/lv_utils.c ****     }
  77:Middlewares/lvgl/src/misc/lv_utils.c ****     return NULL;
 104              		.loc 1 77 12 view .LVU25
 105 003c 0026     		movs	r6, #0
 106              	.LVL10:
 107              	.L1:
  78:Middlewares/lvgl/src/misc/lv_utils.c **** }
 108              		.loc 1 78 1 view .LVU26
 109 003e 3046     		mov	r0, r6
 110 0040 BDE8F087 		pop	{r4, r5, r6, r7, r8, r9, r10, pc}
 111              		.loc 1 78 1 view .LVU27
 112              		.cfi_endproc
 113              	.LFE8:
 115              		.text
 116              	.Letext0:
 117              		.file 2 "/home/akinya/gcc-arm-none-eabi/arm-none-eabi/include/machine/_default_types.h"
 118              		.file 3 "/home/akinya/gcc-arm-none-eabi/arm-none-eabi/include/sys/_stdint.h"
ARM GAS  /tmp/ccnwSrq6.s 			page 5


DEFINED SYMBOLS
                            *ABS*:0000000000000000 lv_utils.c
     /tmp/ccnwSrq6.s:17     .text._lv_utils_bsearch:0000000000000000 $t
     /tmp/ccnwSrq6.s:25     .text._lv_utils_bsearch:0000000000000000 _lv_utils_bsearch

NO UNDEFINED SYMBOLS
