ARM GAS  /tmp/ccLWaZdj.s 			page 1


   1              		.cpu cortex-m3
   2              		.eabi_attribute 20, 1
   3              		.eabi_attribute 21, 1
   4              		.eabi_attribute 23, 3
   5              		.eabi_attribute 24, 1
   6              		.eabi_attribute 25, 1
   7              		.eabi_attribute 26, 1
   8              		.eabi_attribute 30, 1
   9              		.eabi_attribute 34, 1
  10              		.eabi_attribute 18, 4
  11              		.file	"freertos.c"
  12              		.section	.rodata.str1.4,"aMS",%progbits,1
  13              		.align	2
  14              	.LC0:
  15 0000 64656661 		.ascii	"defaultTask\000"
  15      756C7454 
  15      61736B00 
  16              		.text
  17              	.Ltext0:
  18              		.cfi_sections	.debug_frame
  19              		.section	.text.StartDefaultTask,"ax",%progbits
  20              		.align	1
  21              		.global	StartDefaultTask
  22              		.arch armv7-m
  23              		.syntax unified
  24              		.thumb
  25              		.thumb_func
  26              		.fpu softvfp
  28              	StartDefaultTask:
  29              	.LFB72:
  30              		.file 1 "Core/Src/freertos.c"
   1:Core/Src/freertos.c **** /* USER CODE BEGIN Header */
   2:Core/Src/freertos.c **** /**
   3:Core/Src/freertos.c ****   ******************************************************************************
   4:Core/Src/freertos.c ****   * File Name          : freertos.c
   5:Core/Src/freertos.c ****   * Description        : Code for freertos applications
   6:Core/Src/freertos.c ****   ******************************************************************************
   7:Core/Src/freertos.c ****   * @attention
   8:Core/Src/freertos.c ****   *
   9:Core/Src/freertos.c ****   * <h2><center>&copy; Copyright (c) 2021 STMicroelectronics.
  10:Core/Src/freertos.c ****   * All rights reserved.</center></h2>
  11:Core/Src/freertos.c ****   *
  12:Core/Src/freertos.c ****   * This software component is licensed by ST under Ultimate Liberty license
  13:Core/Src/freertos.c ****   * SLA0044, the "License"; You may not use this file except in compliance with
  14:Core/Src/freertos.c ****   * the License. You may obtain a copy of the License at:
  15:Core/Src/freertos.c ****   *                             www.st.com/SLA0044
  16:Core/Src/freertos.c ****   *
  17:Core/Src/freertos.c ****   ******************************************************************************
  18:Core/Src/freertos.c ****   */
  19:Core/Src/freertos.c **** /* USER CODE END Header */
  20:Core/Src/freertos.c **** 
  21:Core/Src/freertos.c **** /* Includes ------------------------------------------------------------------*/
  22:Core/Src/freertos.c **** #include "FreeRTOS.h"
  23:Core/Src/freertos.c **** #include "task.h"
  24:Core/Src/freertos.c **** #include "main.h"
  25:Core/Src/freertos.c **** #include "cmsis_os.h"
  26:Core/Src/freertos.c **** 
ARM GAS  /tmp/ccLWaZdj.s 			page 2


  27:Core/Src/freertos.c **** /* Private includes ----------------------------------------------------------*/
  28:Core/Src/freertos.c **** /* USER CODE BEGIN Includes */
  29:Core/Src/freertos.c **** 
  30:Core/Src/freertos.c **** /* USER CODE END Includes */
  31:Core/Src/freertos.c **** 
  32:Core/Src/freertos.c **** /* Private typedef -----------------------------------------------------------*/
  33:Core/Src/freertos.c **** /* USER CODE BEGIN PTD */
  34:Core/Src/freertos.c **** 
  35:Core/Src/freertos.c **** /* USER CODE END PTD */
  36:Core/Src/freertos.c **** 
  37:Core/Src/freertos.c **** /* Private define ------------------------------------------------------------*/
  38:Core/Src/freertos.c **** /* USER CODE BEGIN PD */
  39:Core/Src/freertos.c **** 
  40:Core/Src/freertos.c **** /* USER CODE END PD */
  41:Core/Src/freertos.c **** 
  42:Core/Src/freertos.c **** /* Private macro -------------------------------------------------------------*/
  43:Core/Src/freertos.c **** /* USER CODE BEGIN PM */
  44:Core/Src/freertos.c **** 
  45:Core/Src/freertos.c **** /* USER CODE END PM */
  46:Core/Src/freertos.c **** 
  47:Core/Src/freertos.c **** /* Private variables ---------------------------------------------------------*/
  48:Core/Src/freertos.c **** /* USER CODE BEGIN Variables */
  49:Core/Src/freertos.c **** 
  50:Core/Src/freertos.c **** /* USER CODE END Variables */
  51:Core/Src/freertos.c **** osThreadId defaultTaskHandle;
  52:Core/Src/freertos.c **** 
  53:Core/Src/freertos.c **** /* Private function prototypes -----------------------------------------------*/
  54:Core/Src/freertos.c **** /* USER CODE BEGIN FunctionPrototypes */
  55:Core/Src/freertos.c **** 
  56:Core/Src/freertos.c **** /* USER CODE END FunctionPrototypes */
  57:Core/Src/freertos.c **** 
  58:Core/Src/freertos.c **** void StartDefaultTask(void const * argument);
  59:Core/Src/freertos.c **** 
  60:Core/Src/freertos.c **** void MX_FREERTOS_Init(void); /* (MISRA C 2004 rule 8.1) */
  61:Core/Src/freertos.c **** 
  62:Core/Src/freertos.c **** /* GetIdleTaskMemory prototype (linked to static allocation support) */
  63:Core/Src/freertos.c **** void vApplicationGetIdleTaskMemory( StaticTask_t **ppxIdleTaskTCBBuffer, StackType_t **ppxIdleTaskS
  64:Core/Src/freertos.c **** 
  65:Core/Src/freertos.c **** /* USER CODE BEGIN GET_IDLE_TASK_MEMORY */
  66:Core/Src/freertos.c **** static StaticTask_t xIdleTaskTCBBuffer;
  67:Core/Src/freertos.c **** static StackType_t xIdleStack[configMINIMAL_STACK_SIZE];
  68:Core/Src/freertos.c **** 
  69:Core/Src/freertos.c **** void vApplicationGetIdleTaskMemory( StaticTask_t **ppxIdleTaskTCBBuffer, StackType_t **ppxIdleTaskS
  70:Core/Src/freertos.c **** {
  71:Core/Src/freertos.c ****   *ppxIdleTaskTCBBuffer = &xIdleTaskTCBBuffer;
  72:Core/Src/freertos.c ****   *ppxIdleTaskStackBuffer = &xIdleStack[0];
  73:Core/Src/freertos.c ****   *pulIdleTaskStackSize = configMINIMAL_STACK_SIZE;
  74:Core/Src/freertos.c ****   /* place for user code */
  75:Core/Src/freertos.c **** }
  76:Core/Src/freertos.c **** /* USER CODE END GET_IDLE_TASK_MEMORY */
  77:Core/Src/freertos.c **** 
  78:Core/Src/freertos.c **** /**
  79:Core/Src/freertos.c ****   * @brief  FreeRTOS initialization
  80:Core/Src/freertos.c ****   * @param  None
  81:Core/Src/freertos.c ****   * @retval None
  82:Core/Src/freertos.c ****   */
  83:Core/Src/freertos.c **** void MX_FREERTOS_Init(void) {
ARM GAS  /tmp/ccLWaZdj.s 			page 3


  84:Core/Src/freertos.c ****   /* USER CODE BEGIN Init */
  85:Core/Src/freertos.c **** 
  86:Core/Src/freertos.c ****   /* USER CODE END Init */
  87:Core/Src/freertos.c **** 
  88:Core/Src/freertos.c ****   /* USER CODE BEGIN RTOS_MUTEX */
  89:Core/Src/freertos.c ****   /* add mutexes, ... */
  90:Core/Src/freertos.c ****   /* USER CODE END RTOS_MUTEX */
  91:Core/Src/freertos.c **** 
  92:Core/Src/freertos.c ****   /* USER CODE BEGIN RTOS_SEMAPHORES */
  93:Core/Src/freertos.c ****   /* add semaphores, ... */
  94:Core/Src/freertos.c ****   /* USER CODE END RTOS_SEMAPHORES */
  95:Core/Src/freertos.c **** 
  96:Core/Src/freertos.c ****   /* USER CODE BEGIN RTOS_TIMERS */
  97:Core/Src/freertos.c ****   /* start timers, add new ones, ... */
  98:Core/Src/freertos.c ****   /* USER CODE END RTOS_TIMERS */
  99:Core/Src/freertos.c **** 
 100:Core/Src/freertos.c ****   /* USER CODE BEGIN RTOS_QUEUES */
 101:Core/Src/freertos.c ****   /* add queues, ... */
 102:Core/Src/freertos.c ****   /* USER CODE END RTOS_QUEUES */
 103:Core/Src/freertos.c **** 
 104:Core/Src/freertos.c ****   /* Create the thread(s) */
 105:Core/Src/freertos.c ****   /* definition and creation of defaultTask */
 106:Core/Src/freertos.c ****   osThreadDef(defaultTask, StartDefaultTask, osPriorityNormal, 0, 128);
 107:Core/Src/freertos.c ****   defaultTaskHandle = osThreadCreate(osThread(defaultTask), NULL);
 108:Core/Src/freertos.c **** 
 109:Core/Src/freertos.c ****   /* USER CODE BEGIN RTOS_THREADS */
 110:Core/Src/freertos.c ****   /* add threads, ... */
 111:Core/Src/freertos.c ****   /* USER CODE END RTOS_THREADS */
 112:Core/Src/freertos.c **** 
 113:Core/Src/freertos.c **** }
 114:Core/Src/freertos.c **** 
 115:Core/Src/freertos.c **** /* USER CODE BEGIN Header_StartDefaultTask */
 116:Core/Src/freertos.c **** /**
 117:Core/Src/freertos.c ****   * @brief  Function implementing the defaultTask thread.
 118:Core/Src/freertos.c ****   * @param  argument: Not used
 119:Core/Src/freertos.c ****   * @retval None
 120:Core/Src/freertos.c ****   */
 121:Core/Src/freertos.c **** /* USER CODE END Header_StartDefaultTask */
 122:Core/Src/freertos.c **** void StartDefaultTask(void const * argument)
 123:Core/Src/freertos.c **** {
  31              		.loc 1 123 1 view -0
  32              		.cfi_startproc
  33              		@ Volatile: function does not return.
  34              		@ args = 0, pretend = 0, frame = 0
  35              		@ frame_needed = 0, uses_anonymous_args = 0
  36              	.LVL0:
  37              		.loc 1 123 1 is_stmt 0 view .LVU1
  38 0000 08B5     		push	{r3, lr}
  39              	.LCFI0:
  40              		.cfi_def_cfa_offset 8
  41              		.cfi_offset 3, -8
  42              		.cfi_offset 14, -4
  43              	.LVL1:
  44              	.L2:
 124:Core/Src/freertos.c ****   /* USER CODE BEGIN StartDefaultTask */
 125:Core/Src/freertos.c ****   /* Infinite loop */
 126:Core/Src/freertos.c ****   for(;;)
ARM GAS  /tmp/ccLWaZdj.s 			page 4


  45              		.loc 1 126 3 is_stmt 1 discriminator 1 view .LVU2
 127:Core/Src/freertos.c ****   {
 128:Core/Src/freertos.c ****     osDelay(1);
  46              		.loc 1 128 5 discriminator 1 view .LVU3
  47 0002 0120     		movs	r0, #1
  48 0004 FFF7FEFF 		bl	osDelay
  49              	.LVL2:
 126:Core/Src/freertos.c ****   {
  50              		.loc 1 126 8 discriminator 1 view .LVU4
  51 0008 FBE7     		b	.L2
  52              		.cfi_endproc
  53              	.LFE72:
  55              		.section	.text.vApplicationGetIdleTaskMemory,"ax",%progbits
  56              		.align	1
  57              		.global	vApplicationGetIdleTaskMemory
  58              		.syntax unified
  59              		.thumb
  60              		.thumb_func
  61              		.fpu softvfp
  63              	vApplicationGetIdleTaskMemory:
  64              	.LVL3:
  65              	.LFB70:
  70:Core/Src/freertos.c ****   *ppxIdleTaskTCBBuffer = &xIdleTaskTCBBuffer;
  66              		.loc 1 70 1 view -0
  67              		.cfi_startproc
  68              		@ args = 0, pretend = 0, frame = 0
  69              		@ frame_needed = 0, uses_anonymous_args = 0
  70              		@ link register save eliminated.
  71:Core/Src/freertos.c ****   *ppxIdleTaskStackBuffer = &xIdleStack[0];
  71              		.loc 1 71 3 view .LVU6
  71:Core/Src/freertos.c ****   *ppxIdleTaskStackBuffer = &xIdleStack[0];
  72              		.loc 1 71 25 is_stmt 0 view .LVU7
  73 0000 034B     		ldr	r3, .L5
  74 0002 0360     		str	r3, [r0]
  72:Core/Src/freertos.c ****   *pulIdleTaskStackSize = configMINIMAL_STACK_SIZE;
  75              		.loc 1 72 3 is_stmt 1 view .LVU8
  72:Core/Src/freertos.c ****   *pulIdleTaskStackSize = configMINIMAL_STACK_SIZE;
  76              		.loc 1 72 27 is_stmt 0 view .LVU9
  77 0004 034B     		ldr	r3, .L5+4
  78 0006 0B60     		str	r3, [r1]
  73:Core/Src/freertos.c ****   /* place for user code */
  79              		.loc 1 73 3 is_stmt 1 view .LVU10
  73:Core/Src/freertos.c ****   /* place for user code */
  80              		.loc 1 73 25 is_stmt 0 view .LVU11
  81 0008 8023     		movs	r3, #128
  82 000a 1360     		str	r3, [r2]
  75:Core/Src/freertos.c **** /* USER CODE END GET_IDLE_TASK_MEMORY */
  83              		.loc 1 75 1 view .LVU12
  84 000c 7047     		bx	lr
  85              	.L6:
  86 000e 00BF     		.align	2
  87              	.L5:
  88 0010 00000000 		.word	.LANCHOR0
  89 0014 00000000 		.word	.LANCHOR1
  90              		.cfi_endproc
  91              	.LFE70:
  93              		.section	.text.MX_FREERTOS_Init,"ax",%progbits
ARM GAS  /tmp/ccLWaZdj.s 			page 5


  94              		.align	1
  95              		.global	MX_FREERTOS_Init
  96              		.syntax unified
  97              		.thumb
  98              		.thumb_func
  99              		.fpu softvfp
 101              	MX_FREERTOS_Init:
 102              	.LFB71:
  83:Core/Src/freertos.c ****   /* USER CODE BEGIN Init */
 103              		.loc 1 83 29 is_stmt 1 view -0
 104              		.cfi_startproc
 105              		@ args = 0, pretend = 0, frame = 32
 106              		@ frame_needed = 0, uses_anonymous_args = 0
 107 0000 10B5     		push	{r4, lr}
 108              	.LCFI1:
 109              		.cfi_def_cfa_offset 8
 110              		.cfi_offset 4, -8
 111              		.cfi_offset 14, -4
 112 0002 88B0     		sub	sp, sp, #32
 113              	.LCFI2:
 114              		.cfi_def_cfa_offset 40
 106:Core/Src/freertos.c ****   defaultTaskHandle = osThreadCreate(osThread(defaultTask), NULL);
 115              		.loc 1 106 3 view .LVU14
 116 0004 0DF1040C 		add	ip, sp, #4
 117 0008 074C     		ldr	r4, .L9
 118 000a 0FCC     		ldmia	r4!, {r0, r1, r2, r3}
 119 000c ACE80F00 		stmia	ip!, {r0, r1, r2, r3}
 120 0010 94E80700 		ldm	r4, {r0, r1, r2}
 121 0014 8CE80700 		stm	ip, {r0, r1, r2}
 107:Core/Src/freertos.c **** 
 122              		.loc 1 107 3 view .LVU15
 107:Core/Src/freertos.c **** 
 123              		.loc 1 107 23 is_stmt 0 view .LVU16
 124 0018 0021     		movs	r1, #0
 125 001a 01A8     		add	r0, sp, #4
 126 001c FFF7FEFF 		bl	osThreadCreate
 127              	.LVL4:
 107:Core/Src/freertos.c **** 
 128              		.loc 1 107 21 view .LVU17
 129 0020 024B     		ldr	r3, .L9+4
 130 0022 1860     		str	r0, [r3]
 113:Core/Src/freertos.c **** 
 131              		.loc 1 113 1 view .LVU18
 132 0024 08B0     		add	sp, sp, #32
 133              	.LCFI3:
 134              		.cfi_def_cfa_offset 8
 135              		@ sp needed
 136 0026 10BD     		pop	{r4, pc}
 137              	.L10:
 138              		.align	2
 139              	.L9:
 140 0028 00000000 		.word	.LANCHOR2
 141 002c 00000000 		.word	.LANCHOR3
 142              		.cfi_endproc
 143              	.LFE71:
 145              		.global	defaultTaskHandle
 146              		.section	.rodata
ARM GAS  /tmp/ccLWaZdj.s 			page 6


 147              		.align	2
 148              		.set	.LANCHOR2,. + 0
 149              	.LC2:
 150 0000 00000000 		.word	.LC0
 151 0004 00000000 		.word	StartDefaultTask
 152 0008 0000     		.short	0
 153 000a 0000     		.space	2
 154 000c 00000000 		.word	0
 155 0010 80000000 		.word	128
 156 0014 00000000 		.word	0
 157 0018 00000000 		.word	0
 158              		.section	.bss.defaultTaskHandle,"aw",%nobits
 159              		.align	2
 160              		.set	.LANCHOR3,. + 0
 163              	defaultTaskHandle:
 164 0000 00000000 		.space	4
 165              		.section	.bss.xIdleStack,"aw",%nobits
 166              		.align	2
 167              		.set	.LANCHOR1,. + 0
 170              	xIdleStack:
 171 0000 00000000 		.space	512
 171      00000000 
 171      00000000 
 171      00000000 
 171      00000000 
 172              		.section	.bss.xIdleTaskTCBBuffer,"aw",%nobits
 173              		.align	2
 174              		.set	.LANCHOR0,. + 0
 177              	xIdleTaskTCBBuffer:
 178 0000 00000000 		.space	84
 178      00000000 
 178      00000000 
 178      00000000 
 178      00000000 
 179              		.text
 180              	.Letext0:
 181              		.file 2 "/home/akinya/gcc-arm-none-eabi/arm-none-eabi/include/machine/_default_types.h"
 182              		.file 3 "/home/akinya/gcc-arm-none-eabi/arm-none-eabi/include/sys/_stdint.h"
 183              		.file 4 "Middlewares/Third_Party/FreeRTOS/Source/portable/GCC/ARM_CM3/portmacro.h"
 184              		.file 5 "Middlewares/Third_Party/FreeRTOS/Source/include/FreeRTOS.h"
 185              		.file 6 "Middlewares/Third_Party/FreeRTOS/Source/include/task.h"
 186              		.file 7 "Middlewares/Third_Party/FreeRTOS/Source/CMSIS_RTOS/cmsis_os.h"
ARM GAS  /tmp/ccLWaZdj.s 			page 7


DEFINED SYMBOLS
                            *ABS*:0000000000000000 freertos.c
     /tmp/ccLWaZdj.s:13     .rodata.str1.4:0000000000000000 $d
     /tmp/ccLWaZdj.s:20     .text.StartDefaultTask:0000000000000000 $t
     /tmp/ccLWaZdj.s:28     .text.StartDefaultTask:0000000000000000 StartDefaultTask
     /tmp/ccLWaZdj.s:56     .text.vApplicationGetIdleTaskMemory:0000000000000000 $t
     /tmp/ccLWaZdj.s:63     .text.vApplicationGetIdleTaskMemory:0000000000000000 vApplicationGetIdleTaskMemory
     /tmp/ccLWaZdj.s:88     .text.vApplicationGetIdleTaskMemory:0000000000000010 $d
     /tmp/ccLWaZdj.s:94     .text.MX_FREERTOS_Init:0000000000000000 $t
     /tmp/ccLWaZdj.s:101    .text.MX_FREERTOS_Init:0000000000000000 MX_FREERTOS_Init
     /tmp/ccLWaZdj.s:140    .text.MX_FREERTOS_Init:0000000000000028 $d
     /tmp/ccLWaZdj.s:163    .bss.defaultTaskHandle:0000000000000000 defaultTaskHandle
     /tmp/ccLWaZdj.s:147    .rodata:0000000000000000 $d
     /tmp/ccLWaZdj.s:159    .bss.defaultTaskHandle:0000000000000000 $d
     /tmp/ccLWaZdj.s:166    .bss.xIdleStack:0000000000000000 $d
     /tmp/ccLWaZdj.s:170    .bss.xIdleStack:0000000000000000 xIdleStack
     /tmp/ccLWaZdj.s:173    .bss.xIdleTaskTCBBuffer:0000000000000000 $d
     /tmp/ccLWaZdj.s:177    .bss.xIdleTaskTCBBuffer:0000000000000000 xIdleTaskTCBBuffer

UNDEFINED SYMBOLS
osDelay
osThreadCreate
